2025-09-03 21:14:18,323 - src.process_pipeline - INFO - Logging initialized. Log file: logs/process\process_20250903_211418.log
2025-09-03 21:14:19,246 - src.process_pipeline - INFO - Loaded H2H data with 11835 team pairs
2025-09-03 21:14:19,249 - src.process_pipeline - INFO - Loaded standings data for 1964 teams
2025-09-03 21:14:19,264 - src.process_pipeline - INFO - Found 178 new fixtures in Europe/Champions League/2020
2025-09-03 21:14:19,264 - src.process_pipeline - INFO - New data check: True
2025-09-03 21:14:19,264 - src.process_pipeline - INFO - Already processed fixtures: 0
2025-09-03 21:14:19,270 - src.process_pipeline - INFO - Processing Europe - Champions League - 2020
2025-09-03 21:14:19,270 - src.process_pipeline - INFO - Processing Europe/Champions League/2020
2025-09-03 21:14:19,277 - src.process_pipeline - WARNING - Missing odds file: data\extracted\Europe\Champions League\2020\odds.csv
2025-09-03 21:14:19,287 - src.process_pipeline - INFO - Successfully merged 178 records with team statistics
2025-09-03 21:14:19,297 - src.process_pipeline - INFO - Saved merged data to data\processed\Europe\Champions League\2020\merged_2020.csv
2025-09-03 21:14:19,298 - src.process_pipeline - INFO - Successfully merged 178 records
2025-09-03 21:14:19,298 - src.process_pipeline - INFO -   Found 178 new matches
2025-09-03 21:14:19,298 - src.process_pipeline - INFO - Processing Europe - Champions League - 2021
2025-09-03 21:14:19,298 - src.process_pipeline - INFO - Processing Europe/Champions League/2021
2025-09-03 21:14:19,306 - src.process_pipeline - WARNING - Missing odds file: data\extracted\Europe\Champions League\2021\odds.csv
2025-09-03 21:14:19,315 - src.process_pipeline - INFO - Successfully merged 157 records with team statistics
2025-09-03 21:14:19,322 - src.process_pipeline - INFO - Saved merged data to data\processed\Europe\Champions League\2021\merged_2021.csv
2025-09-03 21:14:19,322 - src.process_pipeline - INFO - Successfully merged 157 records
2025-09-03 21:14:19,322 - src.process_pipeline - INFO -   Found 157 new matches
2025-09-03 21:14:19,324 - src.process_pipeline - INFO - Processing Europe - Champions League - 2022
2025-09-03 21:14:19,325 - src.process_pipeline - INFO - Processing Europe/Champions League/2022
2025-09-03 21:14:19,333 - src.process_pipeline - WARNING - Missing odds file: data\extracted\Europe\Champions League\2022\odds.csv
2025-09-03 21:14:19,341 - src.process_pipeline - INFO - Successfully merged 210 records with team statistics
2025-09-03 21:14:19,351 - src.process_pipeline - INFO - Saved merged data to data\processed\Europe\Champions League\2022\merged_2022.csv
2025-09-03 21:14:19,351 - src.process_pipeline - INFO - Successfully merged 210 records
2025-09-03 21:14:19,352 - src.process_pipeline - INFO -   Found 210 new matches
2025-09-03 21:14:19,354 - src.process_pipeline - INFO - Processing Europe - Champions League - 2023
2025-09-03 21:14:19,355 - src.process_pipeline - INFO - Processing Europe/Champions League/2023
2025-09-03 21:14:19,364 - src.process_pipeline - WARNING - Missing odds file: data\extracted\Europe\Champions League\2023\odds.csv
2025-09-03 21:14:19,374 - src.process_pipeline - INFO - Successfully merged 211 records with team statistics
2025-09-03 21:14:19,384 - src.process_pipeline - INFO - Saved merged data to data\processed\Europe\Champions League\2023\merged_2023.csv
2025-09-03 21:14:19,384 - src.process_pipeline - INFO - Successfully merged 211 records
2025-09-03 21:14:19,385 - src.process_pipeline - INFO -   Found 211 new matches
2025-09-03 21:14:19,387 - src.process_pipeline - INFO - Processing Europe - Champions League - 2024
2025-09-03 21:14:19,387 - src.process_pipeline - INFO - Processing Europe/Champions League/2024
2025-09-03 21:14:19,398 - src.process_pipeline - WARNING - Missing odds file: data\extracted\Europe\Champions League\2024\odds.csv
2025-09-03 21:14:19,408 - src.process_pipeline - INFO - Successfully merged 279 records with team statistics
2025-09-03 21:14:19,420 - src.process_pipeline - INFO - Saved merged data to data\processed\Europe\Champions League\2024\merged_2024.csv
2025-09-03 21:14:19,420 - src.process_pipeline - INFO - Successfully merged 279 records
2025-09-03 21:14:19,420 - src.process_pipeline - INFO -   Found 279 new matches
2025-09-03 21:14:19,423 - src.process_pipeline - INFO - Processing Europe - Champions League - 2025
2025-09-03 21:14:19,424 - src.process_pipeline - INFO - Processing Europe/Champions League/2025
2025-09-03 21:14:19,432 - src.process_pipeline - INFO - Odds data found for Europe/Champions League/2025
2025-09-03 21:14:19,467 - src.process_pipeline - INFO - Added odds data for 7 fixtures
2025-09-03 21:14:19,468 - src.process_pipeline - INFO - Successfully merged 34 records with team statistics
2025-09-03 21:14:19,471 - src.process_pipeline - INFO - Saved merged data to data\processed\Europe\Champions League\2025\merged_2025.csv
2025-09-03 21:14:19,472 - src.process_pipeline - INFO - Successfully merged 34 records
2025-09-03 21:14:19,472 - src.process_pipeline - INFO -   Found 34 new matches
2025-09-03 21:14:19,475 - src.process_pipeline - INFO - Processing Europe - Conference League - 2021
2025-09-03 21:14:19,475 - src.process_pipeline - INFO - Processing Europe/Conference League/2021
2025-09-03 21:14:19,489 - src.process_pipeline - WARNING - Missing odds file: data\extracted\Europe\Conference League\2021\odds.csv
2025-09-03 21:14:19,503 - src.process_pipeline - INFO - Successfully merged 423 records with team statistics
2025-09-03 21:14:19,526 - src.process_pipeline - INFO - Saved merged data to data\processed\Europe\Conference League\2021\merged_2021.csv
2025-09-03 21:14:19,526 - src.process_pipeline - INFO - Successfully merged 423 records
2025-09-03 21:14:19,527 - src.process_pipeline - INFO -   Found 423 new matches
2025-09-03 21:14:19,533 - src.process_pipeline - INFO - Processing Europe - Conference League - 2022
2025-09-03 21:14:19,534 - src.process_pipeline - INFO - Processing Europe/Conference League/2022
2025-09-03 21:14:19,550 - src.process_pipeline - WARNING - Missing odds file: data\extracted\Europe\Conference League\2022\odds.csv
2025-09-03 21:14:19,562 - src.process_pipeline - INFO - Successfully merged 414 records with team statistics
2025-09-03 21:14:19,581 - src.process_pipeline - INFO - Saved merged data to data\processed\Europe\Conference League\2022\merged_2022.csv
2025-09-03 21:14:19,582 - src.process_pipeline - INFO - Successfully merged 414 records
2025-09-03 21:14:19,582 - src.process_pipeline - INFO -   Found 414 new matches
2025-09-03 21:14:19,588 - src.process_pipeline - INFO - Processing Europe - Conference League - 2023
2025-09-03 21:14:19,589 - src.process_pipeline - INFO - Processing Europe/Conference League/2023
2025-09-03 21:14:19,609 - src.process_pipeline - WARNING - Missing odds file: data\extracted\Europe\Conference League\2023\odds.csv
2025-09-03 21:14:19,632 - src.process_pipeline - INFO - Successfully merged 417 records with team statistics
2025-09-03 21:14:19,666 - src.process_pipeline - INFO - Saved merged data to data\processed\Europe\Conference League\2023\merged_2023.csv
2025-09-03 21:14:19,666 - src.process_pipeline - INFO - Successfully merged 417 records
2025-09-03 21:14:19,667 - src.process_pipeline - INFO -   Found 417 new matches
2025-09-03 21:14:19,680 - src.process_pipeline - INFO - Processing Europe - Conference League - 2024
2025-09-03 21:14:19,681 - src.process_pipeline - INFO - Processing Europe/Conference League/2024
2025-09-03 21:14:19,683 - src.process_pipeline - WARNING - Missing team stats file: data\extracted\Europe\Conference League\2024\team_statistics.csv
2025-09-03 21:14:19,684 - src.process_pipeline - INFO -   No new matches found
2025-09-03 21:14:19,685 - src.process_pipeline - INFO - Processing Europe - Conference League - 2025
2025-09-03 21:14:19,686 - src.process_pipeline - INFO - Processing Europe/Conference League/2025
2025-09-03 21:14:19,699 - src.process_pipeline - INFO - Odds data found for Europe/Conference League/2025
2025-09-03 21:14:19,776 - src.process_pipeline - INFO - Added odds data for 24 fixtures
2025-09-03 21:14:19,776 - src.process_pipeline - INFO - Successfully merged 108 records with team statistics
2025-09-03 21:14:19,782 - src.process_pipeline - INFO - Saved merged data to data\processed\Europe\Conference League\2025\merged_2025.csv
2025-09-03 21:14:19,782 - src.process_pipeline - INFO - Successfully merged 108 records
2025-09-03 21:14:19,783 - src.process_pipeline - INFO -   Found 108 new matches
2025-09-03 21:14:19,787 - src.process_pipeline - INFO - Processing Europe - Europa League - 2020
2025-09-03 21:14:19,788 - src.process_pipeline - INFO - Processing Europe/Europa League/2020
2025-09-03 21:14:19,798 - src.process_pipeline - WARNING - Missing odds file: data\extracted\Europe\Europa League\2020\odds.csv
2025-09-03 21:14:19,807 - src.process_pipeline - INFO - Successfully merged 362 records with team statistics
2025-09-03 21:14:19,825 - src.process_pipeline - INFO - Saved merged data to data\processed\Europe\Europa League\2020\merged_2020.csv
2025-09-03 21:14:19,825 - src.process_pipeline - INFO - Successfully merged 362 records
2025-09-03 21:14:19,825 - src.process_pipeline - INFO -   Found 362 new matches
2025-09-03 21:14:19,832 - src.process_pipeline - INFO - Processing Europe - Europa League - 2021
2025-09-03 21:14:19,833 - src.process_pipeline - INFO - Processing Europe/Europa League/2021
2025-09-03 21:14:19,842 - src.process_pipeline - WARNING - Missing odds file: data\extracted\Europe\Europa League\2021\odds.csv
2025-09-03 21:14:19,855 - src.process_pipeline - INFO - Successfully merged 177 records with team statistics
2025-09-03 21:14:19,867 - src.process_pipeline - INFO - Saved merged data to data\processed\Europe\Europa League\2021\merged_2021.csv
2025-09-03 21:14:19,867 - src.process_pipeline - INFO - Successfully merged 177 records
2025-09-03 21:14:19,868 - src.process_pipeline - INFO -   Found 177 new matches
2025-09-03 21:14:19,872 - src.process_pipeline - INFO - Processing Europe - Europa League - 2022
2025-09-03 21:14:19,873 - src.process_pipeline - INFO - Processing Europe/Europa League/2022
2025-09-03 21:14:19,882 - src.process_pipeline - WARNING - Missing odds file: data\extracted\Europe\Europa League\2022\odds.csv
2025-09-03 21:14:19,892 - src.process_pipeline - INFO - Successfully merged 175 records with team statistics
2025-09-03 21:14:19,901 - src.process_pipeline - INFO - Saved merged data to data\processed\Europe\Europa League\2022\merged_2022.csv
2025-09-03 21:14:19,901 - src.process_pipeline - INFO - Successfully merged 175 records
2025-09-03 21:14:19,901 - src.process_pipeline - INFO -   Found 175 new matches
2025-09-03 21:14:19,905 - src.process_pipeline - INFO - Processing Europe - Europa League - 2023
2025-09-03 21:14:19,905 - src.process_pipeline - INFO - Processing Europe/Europa League/2023
2025-09-03 21:14:19,915 - src.process_pipeline - WARNING - Missing odds file: data\extracted\Europe\Europa League\2023\odds.csv
2025-09-03 21:14:19,924 - src.process_pipeline - INFO - Successfully merged 175 records with team statistics
2025-09-03 21:14:19,932 - src.process_pipeline - INFO - Saved merged data to data\processed\Europe\Europa League\2023\merged_2023.csv
2025-09-03 21:14:19,933 - src.process_pipeline - INFO - Successfully merged 175 records
2025-09-03 21:14:19,933 - src.process_pipeline - INFO -   Found 175 new matches
2025-09-03 21:14:19,937 - src.process_pipeline - INFO - Processing Europe - Europa League - 2024
2025-09-03 21:14:19,937 - src.process_pipeline - INFO - Processing Europe/Europa League/2024
2025-09-03 21:14:19,947 - src.process_pipeline - WARNING - Missing odds file: data\extracted\Europe\Europa League\2024\odds.csv
2025-09-03 21:14:19,956 - src.process_pipeline - INFO - Successfully merged 269 records with team statistics
2025-09-03 21:14:19,968 - src.process_pipeline - INFO - Saved merged data to data\processed\Europe\Europa League\2024\merged_2024.csv
2025-09-03 21:14:19,968 - src.process_pipeline - INFO - Successfully merged 269 records
2025-09-03 21:14:19,968 - src.process_pipeline - INFO -   Found 269 new matches
2025-09-03 21:14:19,972 - src.process_pipeline - INFO - Processing Europe - Europa League - 2025
2025-09-03 21:14:19,972 - src.process_pipeline - INFO - Processing Europe/Europa League/2025
2025-09-03 21:14:19,979 - src.process_pipeline - INFO - Odds data found for Europe/Europa League/2025
2025-09-03 21:14:20,016 - src.process_pipeline - INFO - Added odds data for 12 fixtures
2025-09-03 21:14:20,016 - src.process_pipeline - INFO - Successfully merged 50 records with team statistics
2025-09-03 21:14:20,019 - src.process_pipeline - INFO - Saved merged data to data\processed\Europe\Europa League\2025\merged_2025.csv
2025-09-03 21:14:20,020 - src.process_pipeline - INFO - Successfully merged 50 records
2025-09-03 21:14:20,020 - src.process_pipeline - INFO -   Found 50 new matches
2025-09-03 21:14:20,023 - src.process_pipeline - INFO - Processing Italy - Coppa Italia - 2020
2025-09-03 21:14:20,023 - src.process_pipeline - INFO - Processing Italy/Coppa Italia/2020
2025-09-03 21:14:20,030 - src.process_pipeline - WARNING - Missing odds file: data\extracted\Italy\Coppa Italia\2020\odds.csv
2025-09-03 21:14:20,038 - src.process_pipeline - INFO - Successfully merged 79 records with team statistics
2025-09-03 21:14:20,042 - src.process_pipeline - INFO - Saved merged data to data\processed\Italy\Coppa Italia\2020\merged_2020.csv
2025-09-03 21:14:20,042 - src.process_pipeline - INFO - Successfully merged 79 records
2025-09-03 21:14:20,043 - src.process_pipeline - INFO -   Found 79 new matches
2025-09-03 21:14:20,047 - src.process_pipeline - INFO - Processing Italy - Coppa Italia - 2021
2025-09-03 21:14:20,047 - src.process_pipeline - INFO - Processing Italy/Coppa Italia/2021
2025-09-03 21:14:20,054 - src.process_pipeline - WARNING - Missing odds file: data\extracted\Italy\Coppa Italia\2021\odds.csv
2025-09-03 21:14:20,062 - src.process_pipeline - INFO - Successfully merged 45 records with team statistics
2025-09-03 21:14:20,066 - src.process_pipeline - INFO - Saved merged data to data\processed\Italy\Coppa Italia\2021\merged_2021.csv
2025-09-03 21:14:20,066 - src.process_pipeline - INFO - Successfully merged 45 records
2025-09-03 21:14:20,066 - src.process_pipeline - INFO -   Found 45 new matches
2025-09-03 21:14:20,070 - src.process_pipeline - INFO - Processing Italy - Coppa Italia - 2022
2025-09-03 21:14:20,070 - src.process_pipeline - INFO - Processing Italy/Coppa Italia/2022
2025-09-03 21:14:20,076 - src.process_pipeline - WARNING - Missing odds file: data\extracted\Italy\Coppa Italia\2022\odds.csv
2025-09-03 21:14:20,085 - src.process_pipeline - INFO - Successfully merged 41 records with team statistics
2025-09-03 21:14:20,088 - src.process_pipeline - INFO - Saved merged data to data\processed\Italy\Coppa Italia\2022\merged_2022.csv
2025-09-03 21:14:20,088 - src.process_pipeline - INFO - Successfully merged 41 records
2025-09-03 21:14:20,088 - src.process_pipeline - INFO -   Found 41 new matches
2025-09-03 21:14:20,092 - src.process_pipeline - INFO - Processing Italy - Coppa Italia - 2023
2025-09-03 21:14:20,092 - src.process_pipeline - INFO - Processing Italy/Coppa Italia/2023
2025-09-03 21:14:20,098 - src.process_pipeline - WARNING - Missing odds file: data\extracted\Italy\Coppa Italia\2023\odds.csv
2025-09-03 21:14:20,106 - src.process_pipeline - INFO - Successfully merged 45 records with team statistics
2025-09-03 21:14:20,110 - src.process_pipeline - INFO - Saved merged data to data\processed\Italy\Coppa Italia\2023\merged_2023.csv
2025-09-03 21:14:20,110 - src.process_pipeline - INFO - Successfully merged 45 records
2025-09-03 21:14:20,110 - src.process_pipeline - INFO -   Found 45 new matches
2025-09-03 21:14:20,117 - src.process_pipeline - INFO - Processing Italy - Coppa Italia - 2024
2025-09-03 21:14:20,117 - src.process_pipeline - INFO - Processing Italy/Coppa Italia/2024
2025-09-03 21:14:20,123 - src.process_pipeline - WARNING - Missing odds file: data\extracted\Italy\Coppa Italia\2024\odds.csv
2025-09-03 21:14:20,133 - src.process_pipeline - INFO - Successfully merged 45 records with team statistics
2025-09-03 21:14:20,136 - src.process_pipeline - INFO - Saved merged data to data\processed\Italy\Coppa Italia\2024\merged_2024.csv
2025-09-03 21:14:20,136 - src.process_pipeline - INFO - Successfully merged 45 records
2025-09-03 21:14:20,137 - src.process_pipeline - INFO -   Found 45 new matches
2025-09-03 21:14:20,140 - src.process_pipeline - INFO - Processing Italy - Coppa Italia - 2025
2025-09-03 21:14:20,141 - src.process_pipeline - INFO - Processing Italy/Coppa Italia/2025
2025-09-03 21:14:20,141 - src.process_pipeline - WARNING - Missing fixtures file: data\extracted\Italy\Coppa Italia\2025\fixture_events.csv
2025-09-03 21:14:20,141 - src.process_pipeline - INFO -   No new matches found
2025-09-03 21:14:20,141 - src.process_pipeline - INFO - Processing Italy - Serie A - 2020
2025-09-03 21:14:20,141 - src.process_pipeline - INFO - Processing Italy/Serie A/2020
2025-09-03 21:14:20,153 - src.process_pipeline - WARNING - Missing odds file: data\extracted\Italy\Serie A\2020\odds.csv
2025-09-03 21:14:20,161 - src.process_pipeline - INFO - Successfully merged 380 records with team statistics
2025-09-03 21:14:20,177 - src.process_pipeline - INFO - Saved merged data to data\processed\Italy\Serie A\2020\merged_2020.csv
2025-09-03 21:14:20,177 - src.process_pipeline - INFO - Successfully merged 380 records
2025-09-03 21:14:20,177 - src.process_pipeline - INFO -   Found 380 new matches
2025-09-03 21:14:20,182 - src.process_pipeline - INFO - Processing Italy - Serie A - 2021
2025-09-03 21:14:20,182 - src.process_pipeline - INFO - Processing Italy/Serie A/2021
2025-09-03 21:14:20,194 - src.process_pipeline - WARNING - Missing odds file: data\extracted\Italy\Serie A\2021\odds.csv
2025-09-03 21:14:20,202 - src.process_pipeline - INFO - Successfully merged 380 records with team statistics
2025-09-03 21:14:20,214 - src.process_pipeline - INFO - Saved merged data to data\processed\Italy\Serie A\2021\merged_2021.csv
2025-09-03 21:14:20,214 - src.process_pipeline - INFO - Successfully merged 380 records
2025-09-03 21:14:20,214 - src.process_pipeline - INFO -   Found 380 new matches
2025-09-03 21:14:20,218 - src.process_pipeline - INFO - Processing Italy - Serie A - 2022
2025-09-03 21:14:20,219 - src.process_pipeline - INFO - Processing Italy/Serie A/2022
2025-09-03 21:14:20,229 - src.process_pipeline - WARNING - Missing odds file: data\extracted\Italy\Serie A\2022\odds.csv
2025-09-03 21:14:20,238 - src.process_pipeline - INFO - Successfully merged 370 records with team statistics
2025-09-03 21:14:20,251 - src.process_pipeline - INFO - Saved merged data to data\processed\Italy\Serie A\2022\merged_2022.csv
2025-09-03 21:14:20,251 - src.process_pipeline - INFO - Successfully merged 370 records
2025-09-03 21:14:20,251 - src.process_pipeline - INFO -   Found 370 new matches
2025-09-03 21:14:20,255 - src.process_pipeline - INFO - Processing Italy - Serie A - 2023
2025-09-03 21:14:20,256 - src.process_pipeline - INFO - Processing Italy/Serie A/2023
2025-09-03 21:14:20,266 - src.process_pipeline - WARNING - Missing odds file: data\extracted\Italy\Serie A\2023\odds.csv
2025-09-03 21:14:20,275 - src.process_pipeline - INFO - Successfully merged 379 records with team statistics
2025-09-03 21:14:20,286 - src.process_pipeline - INFO - Saved merged data to data\processed\Italy\Serie A\2023\merged_2023.csv
2025-09-03 21:14:20,287 - src.process_pipeline - INFO - Successfully merged 379 records
2025-09-03 21:14:20,287 - src.process_pipeline - INFO -   Found 379 new matches
2025-09-03 21:14:20,291 - src.process_pipeline - INFO - Processing Italy - Serie A - 2024
2025-09-03 21:14:20,291 - src.process_pipeline - INFO - Processing Italy/Serie A/2024
2025-09-03 21:14:20,302 - src.process_pipeline - WARNING - Missing odds file: data\extracted\Italy\Serie A\2024\odds.csv
2025-09-03 21:14:20,311 - src.process_pipeline - INFO - Successfully merged 380 records with team statistics
2025-09-03 21:14:20,325 - src.process_pipeline - INFO - Saved merged data to data\processed\Italy\Serie A\2024\merged_2024.csv
2025-09-03 21:14:20,325 - src.process_pipeline - INFO - Successfully merged 380 records
2025-09-03 21:14:20,326 - src.process_pipeline - INFO -   Found 380 new matches
2025-09-03 21:14:20,330 - src.process_pipeline - INFO - Processing Italy - Serie A - 2025
2025-09-03 21:14:20,331 - src.process_pipeline - INFO - Processing Italy/Serie A/2025
2025-09-03 21:14:20,337 - src.process_pipeline - INFO - Odds data found for Italy/Serie A/2025
2025-09-03 21:14:20,381 - src.process_pipeline - INFO - Added odds data for 18 fixtures
2025-09-03 21:14:20,381 - src.process_pipeline - INFO - Successfully merged 18 records with team statistics
2025-09-03 21:14:20,383 - src.process_pipeline - INFO - Saved merged data to data\processed\Italy\Serie A\2025\merged_2025.csv
2025-09-03 21:14:20,383 - src.process_pipeline - INFO - Successfully merged 18 records
2025-09-03 21:14:20,384 - src.process_pipeline - INFO -   Found 18 new matches
2025-09-03 21:14:20,389 - src.process_pipeline - INFO - Processing Italy - Serie B - 2020
2025-09-03 21:14:20,389 - src.process_pipeline - INFO - Processing Italy/Serie B/2020
2025-09-03 21:14:20,401 - src.process_pipeline - WARNING - Missing odds file: data\extracted\Italy\Serie B\2020\odds.csv
2025-09-03 21:14:20,409 - src.process_pipeline - INFO - Successfully merged 388 records with team statistics
2025-09-03 21:14:20,427 - src.process_pipeline - INFO - Saved merged data to data\processed\Italy\Serie B\2020\merged_2020.csv
2025-09-03 21:14:20,427 - src.process_pipeline - INFO - Successfully merged 388 records
2025-09-03 21:14:20,427 - src.process_pipeline - INFO -   Found 388 new matches
2025-09-03 21:14:20,433 - src.process_pipeline - INFO - Processing Italy - Serie B - 2021
2025-09-03 21:14:20,433 - src.process_pipeline - INFO - Processing Italy/Serie B/2021
2025-09-03 21:14:20,444 - src.process_pipeline - WARNING - Missing odds file: data\extracted\Italy\Serie B\2021\odds.csv
2025-09-03 21:14:20,452 - src.process_pipeline - INFO - Successfully merged 390 records with team statistics
2025-09-03 21:14:20,464 - src.process_pipeline - INFO - Saved merged data to data\processed\Italy\Serie B\2021\merged_2021.csv
2025-09-03 21:14:20,465 - src.process_pipeline - INFO - Successfully merged 390 records
2025-09-03 21:14:20,465 - src.process_pipeline - INFO -   Found 390 new matches
2025-09-03 21:14:20,469 - src.process_pipeline - INFO - Processing Italy - Serie B - 2022
2025-09-03 21:14:20,470 - src.process_pipeline - INFO - Processing Italy/Serie B/2022
2025-09-03 21:14:20,480 - src.process_pipeline - WARNING - Missing odds file: data\extracted\Italy\Serie B\2022\odds.csv
2025-09-03 21:14:20,488 - src.process_pipeline - INFO - Successfully merged 385 records with team statistics
2025-09-03 21:14:20,499 - src.process_pipeline - INFO - Saved merged data to data\processed\Italy\Serie B\2022\merged_2022.csv
2025-09-03 21:14:20,500 - src.process_pipeline - INFO - Successfully merged 385 records
2025-09-03 21:14:20,500 - src.process_pipeline - INFO -   Found 385 new matches
2025-09-03 21:14:20,504 - src.process_pipeline - INFO - Processing Italy - Serie B - 2023
2025-09-03 21:14:20,505 - src.process_pipeline - INFO - Processing Italy/Serie B/2023
2025-09-03 21:14:20,515 - src.process_pipeline - WARNING - Missing odds file: data\extracted\Italy\Serie B\2023\odds.csv
2025-09-03 21:14:20,523 - src.process_pipeline - INFO - Successfully merged 389 records with team statistics
2025-09-03 21:14:20,535 - src.process_pipeline - INFO - Saved merged data to data\processed\Italy\Serie B\2023\merged_2023.csv
2025-09-03 21:14:20,535 - src.process_pipeline - INFO - Successfully merged 389 records
2025-09-03 21:14:20,536 - src.process_pipeline - INFO -   Found 389 new matches
2025-09-03 21:14:20,541 - src.process_pipeline - INFO - Processing Italy - Serie B - 2024
2025-09-03 21:14:20,541 - src.process_pipeline - INFO - Processing Italy/Serie B/2024
2025-09-03 21:14:20,552 - src.process_pipeline - WARNING - Missing odds file: data\extracted\Italy\Serie B\2024\odds.csv
2025-09-03 21:14:20,561 - src.process_pipeline - INFO - Successfully merged 387 records with team statistics
2025-09-03 21:14:20,574 - src.process_pipeline - INFO - Saved merged data to data\processed\Italy\Serie B\2024\merged_2024.csv
2025-09-03 21:14:20,574 - src.process_pipeline - INFO - Successfully merged 387 records
2025-09-03 21:14:20,574 - src.process_pipeline - INFO -   Found 387 new matches
2025-09-03 21:14:20,581 - src.process_pipeline - INFO - Processing Italy - Serie B - 2025
2025-09-03 21:14:20,582 - src.process_pipeline - INFO - Processing Italy/Serie B/2025
2025-09-03 21:14:20,582 - src.process_pipeline - WARNING - Missing fixtures file: data\extracted\Italy\Serie B\2025\fixture_events.csv
2025-09-03 21:14:20,582 - src.process_pipeline - INFO -   No new matches found
2025-09-03 21:14:20,583 - src.process_pipeline - INFO - Total new matches to process: 7740
2025-09-03 21:14:20,583 - src.process_pipeline - INFO - Starting preprocessing and feature engineering
2025-09-03 21:14:20,583 - src.process_pipeline - INFO - Initial data shape: (7740, 72)
2025-09-03 21:14:20,583 - src.process_pipeline - INFO - Cleaning data
