2025-09-03 21:08:44,824 - src.process_pipeline - INFO - Logging initialized. Log file: logs/process\process_20250903_210844.log
2025-09-03 21:08:45,736 - src.process_pipeline - INFO - Loaded H2H data with 11835 team pairs
2025-09-03 21:08:45,739 - src.process_pipeline - INFO - Loaded standings data for 1964 teams
2025-09-03 21:08:45,739 - src.process_pipeline - INFO - Force processing: resetting standings data
2025-09-03 21:08:45,739 - src.process_pipeline - INFO - Already processed fixtures: 0
2025-09-03 21:08:45,745 - src.process_pipeline - INFO - Processing Europe - Champions League - 2020
2025-09-03 21:08:45,746 - src.process_pipeline - INFO - Processing Europe/Champions League/2020
2025-09-03 21:08:45,747 - src.process_pipeline - ERROR - Error processing Europe/Champions League/2020: 'odds'
2025-09-03 21:08:45,748 - src.process_pipeline - INFO -   No new matches found
2025-09-03 21:08:45,748 - src.process_pipeline - INFO - Processing Europe - Champions League - 2021
2025-09-03 21:08:45,749 - src.process_pipeline - INFO - Processing Europe/Champions League/2021
2025-09-03 21:08:45,749 - src.process_pipeline - ERROR - Error processing Europe/Champions League/2021: 'odds'
2025-09-03 21:08:45,749 - src.process_pipeline - INFO -   No new matches found
2025-09-03 21:08:45,749 - src.process_pipeline - INFO - Processing Europe - Champions League - 2022
2025-09-03 21:08:45,750 - src.process_pipeline - INFO - Processing Europe/Champions League/2022
2025-09-03 21:08:45,750 - src.process_pipeline - ERROR - Error processing Europe/Champions League/2022: 'odds'
2025-09-03 21:08:45,750 - src.process_pipeline - INFO -   No new matches found
2025-09-03 21:08:45,750 - src.process_pipeline - INFO - Processing Europe - Champions League - 2023
2025-09-03 21:08:45,750 - src.process_pipeline - INFO - Processing Europe/Champions League/2023
2025-09-03 21:08:45,751 - src.process_pipeline - ERROR - Error processing Europe/Champions League/2023: 'odds'
2025-09-03 21:08:45,751 - src.process_pipeline - INFO -   No new matches found
2025-09-03 21:08:45,751 - src.process_pipeline - INFO - Processing Europe - Champions League - 2024
2025-09-03 21:08:45,751 - src.process_pipeline - INFO - Processing Europe/Champions League/2024
2025-09-03 21:08:45,751 - src.process_pipeline - ERROR - Error processing Europe/Champions League/2024: 'odds'
2025-09-03 21:08:45,751 - src.process_pipeline - INFO -   No new matches found
2025-09-03 21:08:45,751 - src.process_pipeline - INFO - Processing Europe - Champions League - 2025
2025-09-03 21:08:45,752 - src.process_pipeline - INFO - Processing Europe/Champions League/2025
2025-09-03 21:08:45,752 - src.process_pipeline - ERROR - Error processing Europe/Champions League/2025: 'odds'
2025-09-03 21:08:45,753 - src.process_pipeline - INFO -   No new matches found
2025-09-03 21:08:45,753 - src.process_pipeline - INFO - Processing Europe - Conference League - 2021
2025-09-03 21:08:45,754 - src.process_pipeline - INFO - Processing Europe/Conference League/2021
2025-09-03 21:08:45,754 - src.process_pipeline - ERROR - Error processing Europe/Conference League/2021: 'odds'
2025-09-03 21:08:45,754 - src.process_pipeline - INFO -   No new matches found
2025-09-03 21:08:45,754 - src.process_pipeline - INFO - Processing Europe - Conference League - 2022
2025-09-03 21:08:45,754 - src.process_pipeline - INFO - Processing Europe/Conference League/2022
2025-09-03 21:08:45,755 - src.process_pipeline - ERROR - Error processing Europe/Conference League/2022: 'odds'
2025-09-03 21:08:45,755 - src.process_pipeline - INFO -   No new matches found
2025-09-03 21:08:45,755 - src.process_pipeline - INFO - Processing Europe - Conference League - 2023
2025-09-03 21:08:45,755 - src.process_pipeline - INFO - Processing Europe/Conference League/2023
2025-09-03 21:08:45,755 - src.process_pipeline - ERROR - Error processing Europe/Conference League/2023: 'odds'
2025-09-03 21:08:45,755 - src.process_pipeline - INFO -   No new matches found
2025-09-03 21:08:45,756 - src.process_pipeline - INFO - Processing Europe - Conference League - 2024
2025-09-03 21:08:45,756 - src.process_pipeline - INFO - Processing Europe/Conference League/2024
2025-09-03 21:08:45,756 - src.process_pipeline - ERROR - Error processing Europe/Conference League/2024: 'odds'
2025-09-03 21:08:45,756 - src.process_pipeline - INFO -   No new matches found
2025-09-03 21:08:45,756 - src.process_pipeline - INFO - Processing Europe - Conference League - 2025
2025-09-03 21:08:45,757 - src.process_pipeline - INFO - Processing Europe/Conference League/2025
2025-09-03 21:08:45,757 - src.process_pipeline - ERROR - Error processing Europe/Conference League/2025: 'odds'
2025-09-03 21:08:45,757 - src.process_pipeline - INFO -   No new matches found
2025-09-03 21:08:45,757 - src.process_pipeline - INFO - Processing Europe - Europa League - 2020
2025-09-03 21:08:45,758 - src.process_pipeline - INFO - Processing Europe/Europa League/2020
2025-09-03 21:08:45,758 - src.process_pipeline - ERROR - Error processing Europe/Europa League/2020: 'odds'
2025-09-03 21:08:45,758 - src.process_pipeline - INFO -   No new matches found
2025-09-03 21:08:45,758 - src.process_pipeline - INFO - Processing Europe - Europa League - 2021
2025-09-03 21:08:45,759 - src.process_pipeline - INFO - Processing Europe/Europa League/2021
2025-09-03 21:08:45,759 - src.process_pipeline - ERROR - Error processing Europe/Europa League/2021: 'odds'
2025-09-03 21:08:45,759 - src.process_pipeline - INFO -   No new matches found
2025-09-03 21:08:45,759 - src.process_pipeline - INFO - Processing Europe - Europa League - 2022
2025-09-03 21:08:45,759 - src.process_pipeline - INFO - Processing Europe/Europa League/2022
2025-09-03 21:08:45,759 - src.process_pipeline - ERROR - Error processing Europe/Europa League/2022: 'odds'
2025-09-03 21:08:45,760 - src.process_pipeline - INFO -   No new matches found
2025-09-03 21:08:45,760 - src.process_pipeline - INFO - Processing Europe - Europa League - 2023
2025-09-03 21:08:45,760 - src.process_pipeline - INFO - Processing Europe/Europa League/2023
2025-09-03 21:08:45,760 - src.process_pipeline - ERROR - Error processing Europe/Europa League/2023: 'odds'
2025-09-03 21:08:45,760 - src.process_pipeline - INFO -   No new matches found
2025-09-03 21:08:45,760 - src.process_pipeline - INFO - Processing Europe - Europa League - 2024
2025-09-03 21:08:45,761 - src.process_pipeline - INFO - Processing Europe/Europa League/2024
2025-09-03 21:08:45,761 - src.process_pipeline - ERROR - Error processing Europe/Europa League/2024: 'odds'
2025-09-03 21:08:45,761 - src.process_pipeline - INFO -   No new matches found
2025-09-03 21:08:45,761 - src.process_pipeline - INFO - Processing Europe - Europa League - 2025
2025-09-03 21:08:45,761 - src.process_pipeline - INFO - Processing Europe/Europa League/2025
2025-09-03 21:08:45,761 - src.process_pipeline - ERROR - Error processing Europe/Europa League/2025: 'odds'
2025-09-03 21:08:45,762 - src.process_pipeline - INFO -   No new matches found
2025-09-03 21:08:45,762 - src.process_pipeline - INFO - Processing Italy - Coppa Italia - 2020
2025-09-03 21:08:45,763 - src.process_pipeline - INFO - Processing Italy/Coppa Italia/2020
2025-09-03 21:08:45,763 - src.process_pipeline - ERROR - Error processing Italy/Coppa Italia/2020: 'odds'
2025-09-03 21:08:45,763 - src.process_pipeline - INFO -   No new matches found
2025-09-03 21:08:45,763 - src.process_pipeline - INFO - Processing Italy - Coppa Italia - 2021
2025-09-03 21:08:45,763 - src.process_pipeline - INFO - Processing Italy/Coppa Italia/2021
2025-09-03 21:08:45,764 - src.process_pipeline - ERROR - Error processing Italy/Coppa Italia/2021: 'odds'
2025-09-03 21:08:45,764 - src.process_pipeline - INFO -   No new matches found
2025-09-03 21:08:45,764 - src.process_pipeline - INFO - Processing Italy - Coppa Italia - 2022
2025-09-03 21:08:45,764 - src.process_pipeline - INFO - Processing Italy/Coppa Italia/2022
2025-09-03 21:08:45,764 - src.process_pipeline - ERROR - Error processing Italy/Coppa Italia/2022: 'odds'
2025-09-03 21:08:45,764 - src.process_pipeline - INFO -   No new matches found
2025-09-03 21:08:45,765 - src.process_pipeline - INFO - Processing Italy - Coppa Italia - 2023
2025-09-03 21:08:45,765 - src.process_pipeline - INFO - Processing Italy/Coppa Italia/2023
2025-09-03 21:08:45,765 - src.process_pipeline - ERROR - Error processing Italy/Coppa Italia/2023: 'odds'
2025-09-03 21:08:45,765 - src.process_pipeline - INFO -   No new matches found
2025-09-03 21:08:45,765 - src.process_pipeline - INFO - Processing Italy - Coppa Italia - 2024
2025-09-03 21:08:45,766 - src.process_pipeline - INFO - Processing Italy/Coppa Italia/2024
2025-09-03 21:08:45,766 - src.process_pipeline - ERROR - Error processing Italy/Coppa Italia/2024: 'odds'
2025-09-03 21:08:45,766 - src.process_pipeline - INFO -   No new matches found
2025-09-03 21:08:45,766 - src.process_pipeline - INFO - Processing Italy - Coppa Italia - 2025
2025-09-03 21:08:45,766 - src.process_pipeline - INFO - Processing Italy/Coppa Italia/2025
2025-09-03 21:08:45,766 - src.process_pipeline - ERROR - Error processing Italy/Coppa Italia/2025: 'odds'
2025-09-03 21:08:45,766 - src.process_pipeline - INFO -   No new matches found
2025-09-03 21:08:45,766 - src.process_pipeline - INFO - Processing Italy - Serie A - 2020
2025-09-03 21:08:45,767 - src.process_pipeline - INFO - Processing Italy/Serie A/2020
2025-09-03 21:08:45,767 - src.process_pipeline - ERROR - Error processing Italy/Serie A/2020: 'odds'
2025-09-03 21:08:45,767 - src.process_pipeline - INFO -   No new matches found
2025-09-03 21:08:45,767 - src.process_pipeline - INFO - Processing Italy - Serie A - 2021
2025-09-03 21:08:45,768 - src.process_pipeline - INFO - Processing Italy/Serie A/2021
2025-09-03 21:08:45,768 - src.process_pipeline - ERROR - Error processing Italy/Serie A/2021: 'odds'
2025-09-03 21:08:45,768 - src.process_pipeline - INFO -   No new matches found
2025-09-03 21:08:45,768 - src.process_pipeline - INFO - Processing Italy - Serie A - 2022
2025-09-03 21:08:45,768 - src.process_pipeline - INFO - Processing Italy/Serie A/2022
2025-09-03 21:08:45,769 - src.process_pipeline - ERROR - Error processing Italy/Serie A/2022: 'odds'
2025-09-03 21:08:45,769 - src.process_pipeline - INFO -   No new matches found
2025-09-03 21:08:45,769 - src.process_pipeline - INFO - Processing Italy - Serie A - 2023
2025-09-03 21:08:45,769 - src.process_pipeline - INFO - Processing Italy/Serie A/2023
2025-09-03 21:08:45,769 - src.process_pipeline - ERROR - Error processing Italy/Serie A/2023: 'odds'
2025-09-03 21:08:45,769 - src.process_pipeline - INFO -   No new matches found
2025-09-03 21:08:45,769 - src.process_pipeline - INFO - Processing Italy - Serie A - 2024
2025-09-03 21:08:45,770 - src.process_pipeline - INFO - Processing Italy/Serie A/2024
2025-09-03 21:08:45,770 - src.process_pipeline - ERROR - Error processing Italy/Serie A/2024: 'odds'
2025-09-03 21:08:45,770 - src.process_pipeline - INFO -   No new matches found
2025-09-03 21:08:45,770 - src.process_pipeline - INFO - Processing Italy - Serie A - 2025
2025-09-03 21:08:45,770 - src.process_pipeline - INFO - Processing Italy/Serie A/2025
2025-09-03 21:08:45,771 - src.process_pipeline - ERROR - Error processing Italy/Serie A/2025: 'odds'
2025-09-03 21:08:45,771 - src.process_pipeline - INFO -   No new matches found
2025-09-03 21:08:45,771 - src.process_pipeline - INFO - Processing Italy - Serie B - 2020
2025-09-03 21:08:45,771 - src.process_pipeline - INFO - Processing Italy/Serie B/2020
2025-09-03 21:08:45,771 - src.process_pipeline - ERROR - Error processing Italy/Serie B/2020: 'odds'
2025-09-03 21:08:45,772 - src.process_pipeline - INFO -   No new matches found
2025-09-03 21:08:45,772 - src.process_pipeline - INFO - Processing Italy - Serie B - 2021
2025-09-03 21:08:45,772 - src.process_pipeline - INFO - Processing Italy/Serie B/2021
2025-09-03 21:08:45,772 - src.process_pipeline - ERROR - Error processing Italy/Serie B/2021: 'odds'
2025-09-03 21:08:45,772 - src.process_pipeline - INFO -   No new matches found
2025-09-03 21:08:45,772 - src.process_pipeline - INFO - Processing Italy - Serie B - 2022
2025-09-03 21:08:45,773 - src.process_pipeline - INFO - Processing Italy/Serie B/2022
2025-09-03 21:08:45,773 - src.process_pipeline - ERROR - Error processing Italy/Serie B/2022: 'odds'
2025-09-03 21:08:45,773 - src.process_pipeline - INFO -   No new matches found
2025-09-03 21:08:45,773 - src.process_pipeline - INFO - Processing Italy - Serie B - 2023
2025-09-03 21:08:45,773 - src.process_pipeline - INFO - Processing Italy/Serie B/2023
2025-09-03 21:08:45,773 - src.process_pipeline - ERROR - Error processing Italy/Serie B/2023: 'odds'
2025-09-03 21:08:45,774 - src.process_pipeline - INFO -   No new matches found
2025-09-03 21:08:45,774 - src.process_pipeline - INFO - Processing Italy - Serie B - 2024
2025-09-03 21:08:45,774 - src.process_pipeline - INFO - Processing Italy/Serie B/2024
2025-09-03 21:08:45,774 - src.process_pipeline - ERROR - Error processing Italy/Serie B/2024: 'odds'
2025-09-03 21:08:45,774 - src.process_pipeline - INFO -   No new matches found
2025-09-03 21:08:45,774 - src.process_pipeline - INFO - Processing Italy - Serie B - 2025
2025-09-03 21:08:45,775 - src.process_pipeline - INFO - Processing Italy/Serie B/2025
2025-09-03 21:08:45,775 - src.process_pipeline - ERROR - Error processing Italy/Serie B/2025: 'odds'
2025-09-03 21:08:45,775 - src.process_pipeline - INFO -   No new matches found
2025-09-03 21:08:45,775 - src.process_pipeline - INFO - Total new matches to process: 0
2025-09-03 21:08:45,775 - src.process_pipeline - INFO - Starting preprocessing and feature engineering
2025-09-03 21:08:45,775 - src.process_pipeline - INFO - Initial data shape: (0, 0)
2025-09-03 21:08:45,775 - src.process_pipeline - INFO - Cleaning data
