2025-09-03 21:11:22,053 - src.process_pipeline - INFO - Logging initialized. Log file: logs/process\process_20250903_211122.log
2025-09-03 21:11:23,065 - src.process_pipeline - INFO - Loaded H2H data with 11835 team pairs
2025-09-03 21:11:23,068 - src.process_pipeline - INFO - Loaded standings data for 1964 teams
2025-09-03 21:11:23,084 - src.process_pipeline - INFO - Found 178 new fixtures in Europe/Champions League/2020
2025-09-03 21:11:23,084 - src.process_pipeline - INFO - New data check: True
2025-09-03 21:11:23,085 - src.process_pipeline - INFO - Already processed fixtures: 0
2025-09-03 21:11:23,090 - src.process_pipeline - INFO - Processing Europe - Champions League - 2020
2025-09-03 21:11:23,091 - src.process_pipeline - INFO - Processing Europe/Champions League/2020
2025-09-03 21:11:23,099 - src.process_pipeline - WARNING - Missing odds file: data\extracted\Europe\Champions League\2020\odds.csv
2025-09-03 21:11:23,115 - src.process_pipeline - INFO - Successfully merged 178 records with team statistics
2025-09-03 21:11:23,124 - src.process_pipeline - INFO - Saved merged data to data\processed\Europe\Champions League\2020\merged_2020.csv
2025-09-03 21:11:23,124 - src.process_pipeline - INFO - Successfully merged 178 records
2025-09-03 21:11:23,124 - src.process_pipeline - INFO -   Found 178 new matches
2025-09-03 21:11:23,125 - src.process_pipeline - INFO - Processing Europe - Champions League - 2021
2025-09-03 21:11:23,125 - src.process_pipeline - INFO - Processing Europe/Champions League/2021
2025-09-03 21:11:23,133 - src.process_pipeline - WARNING - Missing odds file: data\extracted\Europe\Champions League\2021\odds.csv
2025-09-03 21:11:23,140 - src.process_pipeline - INFO - Successfully merged 157 records with team statistics
2025-09-03 21:11:23,147 - src.process_pipeline - INFO - Saved merged data to data\processed\Europe\Champions League\2021\merged_2021.csv
2025-09-03 21:11:23,147 - src.process_pipeline - INFO - Successfully merged 157 records
2025-09-03 21:11:23,147 - src.process_pipeline - INFO -   Found 157 new matches
2025-09-03 21:11:23,150 - src.process_pipeline - INFO - Processing Europe - Champions League - 2022
2025-09-03 21:11:23,150 - src.process_pipeline - INFO - Processing Europe/Champions League/2022
2025-09-03 21:11:23,158 - src.process_pipeline - WARNING - Missing odds file: data\extracted\Europe\Champions League\2022\odds.csv
2025-09-03 21:11:23,167 - src.process_pipeline - INFO - Successfully merged 210 records with team statistics
2025-09-03 21:11:23,177 - src.process_pipeline - INFO - Saved merged data to data\processed\Europe\Champions League\2022\merged_2022.csv
2025-09-03 21:11:23,177 - src.process_pipeline - INFO - Successfully merged 210 records
2025-09-03 21:11:23,178 - src.process_pipeline - INFO -   Found 210 new matches
2025-09-03 21:11:23,181 - src.process_pipeline - INFO - Processing Europe - Champions League - 2023
2025-09-03 21:11:23,181 - src.process_pipeline - INFO - Processing Europe/Champions League/2023
2025-09-03 21:11:23,191 - src.process_pipeline - WARNING - Missing odds file: data\extracted\Europe\Champions League\2023\odds.csv
2025-09-03 21:11:23,201 - src.process_pipeline - INFO - Successfully merged 211 records with team statistics
2025-09-03 21:11:23,215 - src.process_pipeline - INFO - Saved merged data to data\processed\Europe\Champions League\2023\merged_2023.csv
2025-09-03 21:11:23,215 - src.process_pipeline - INFO - Successfully merged 211 records
2025-09-03 21:11:23,215 - src.process_pipeline - INFO -   Found 211 new matches
2025-09-03 21:11:23,218 - src.process_pipeline - INFO - Processing Europe - Champions League - 2024
2025-09-03 21:11:23,219 - src.process_pipeline - INFO - Processing Europe/Champions League/2024
2025-09-03 21:11:23,233 - src.process_pipeline - WARNING - Missing odds file: data\extracted\Europe\Champions League\2024\odds.csv
2025-09-03 21:11:23,247 - src.process_pipeline - INFO - Successfully merged 279 records with team statistics
2025-09-03 21:11:23,261 - src.process_pipeline - INFO - Saved merged data to data\processed\Europe\Champions League\2024\merged_2024.csv
2025-09-03 21:11:23,261 - src.process_pipeline - INFO - Successfully merged 279 records
2025-09-03 21:11:23,261 - src.process_pipeline - INFO -   Found 279 new matches
2025-09-03 21:11:23,264 - src.process_pipeline - INFO - Processing Europe - Champions League - 2025
2025-09-03 21:11:23,265 - src.process_pipeline - INFO - Processing Europe/Champions League/2025
2025-09-03 21:11:23,271 - src.process_pipeline - INFO - Odds data found for Europe/Champions League/2025
2025-09-03 21:11:23,297 - src.process_pipeline - INFO - Added odds data for 7 fixtures
2025-09-03 21:11:23,297 - src.process_pipeline - INFO - Successfully merged 34 records with team statistics
2025-09-03 21:11:23,300 - src.process_pipeline - INFO - Saved merged data to data\processed\Europe\Champions League\2025\merged_2025.csv
2025-09-03 21:11:23,301 - src.process_pipeline - INFO - Successfully merged 34 records
2025-09-03 21:11:23,301 - src.process_pipeline - INFO -   Found 34 new matches
2025-09-03 21:11:23,303 - src.process_pipeline - INFO - Processing Europe - Conference League - 2021
2025-09-03 21:11:23,304 - src.process_pipeline - INFO - Processing Europe/Conference League/2021
2025-09-03 21:11:23,324 - src.process_pipeline - WARNING - Missing odds file: data\extracted\Europe\Conference League\2021\odds.csv
2025-09-03 21:11:23,340 - src.process_pipeline - INFO - Successfully merged 423 records with team statistics
2025-09-03 21:11:23,371 - src.process_pipeline - INFO - Saved merged data to data\processed\Europe\Conference League\2021\merged_2021.csv
2025-09-03 21:11:23,372 - src.process_pipeline - INFO - Successfully merged 423 records
2025-09-03 21:11:23,372 - src.process_pipeline - INFO -   Found 423 new matches
2025-09-03 21:11:23,375 - src.process_pipeline - INFO - Processing Europe - Conference League - 2022
2025-09-03 21:11:23,376 - src.process_pipeline - INFO - Processing Europe/Conference League/2022
2025-09-03 21:11:23,391 - src.process_pipeline - WARNING - Missing odds file: data\extracted\Europe\Conference League\2022\odds.csv
2025-09-03 21:11:23,407 - src.process_pipeline - INFO - Successfully merged 414 records with team statistics
2025-09-03 21:11:23,428 - src.process_pipeline - INFO - Saved merged data to data\processed\Europe\Conference League\2022\merged_2022.csv
2025-09-03 21:11:23,429 - src.process_pipeline - INFO - Successfully merged 414 records
2025-09-03 21:11:23,429 - src.process_pipeline - INFO -   Found 414 new matches
2025-09-03 21:11:23,434 - src.process_pipeline - INFO - Processing Europe - Conference League - 2023
2025-09-03 21:11:23,435 - src.process_pipeline - INFO - Processing Europe/Conference League/2023
2025-09-03 21:11:23,451 - src.process_pipeline - WARNING - Missing odds file: data\extracted\Europe\Conference League\2023\odds.csv
2025-09-03 21:11:23,463 - src.process_pipeline - INFO - Successfully merged 417 records with team statistics
2025-09-03 21:11:23,488 - src.process_pipeline - INFO - Saved merged data to data\processed\Europe\Conference League\2023\merged_2023.csv
2025-09-03 21:11:23,488 - src.process_pipeline - INFO - Successfully merged 417 records
2025-09-03 21:11:23,489 - src.process_pipeline - INFO -   Found 417 new matches
2025-09-03 21:11:23,494 - src.process_pipeline - INFO - Processing Europe - Conference League - 2024
2025-09-03 21:11:23,499 - src.process_pipeline - INFO - Processing Europe/Conference League/2024
2025-09-03 21:11:23,500 - src.process_pipeline - WARNING - Missing team stats file: data\extracted\Europe\Conference League\2024\team_statistics.csv
2025-09-03 21:11:23,500 - src.process_pipeline - INFO -   No new matches found
2025-09-03 21:11:23,500 - src.process_pipeline - INFO - Processing Europe - Conference League - 2025
2025-09-03 21:11:23,501 - src.process_pipeline - INFO - Processing Europe/Conference League/2025
2025-09-03 21:11:23,516 - src.process_pipeline - INFO - Odds data found for Europe/Conference League/2025
2025-09-03 21:11:23,602 - src.process_pipeline - INFO - Added odds data for 24 fixtures
2025-09-03 21:11:23,603 - src.process_pipeline - INFO - Successfully merged 108 records with team statistics
2025-09-03 21:11:23,608 - src.process_pipeline - INFO - Saved merged data to data\processed\Europe\Conference League\2025\merged_2025.csv
2025-09-03 21:11:23,608 - src.process_pipeline - INFO - Successfully merged 108 records
2025-09-03 21:11:23,608 - src.process_pipeline - INFO -   Found 108 new matches
2025-09-03 21:11:23,612 - src.process_pipeline - INFO - Processing Europe - Europa League - 2020
2025-09-03 21:11:23,613 - src.process_pipeline - INFO - Processing Europe/Europa League/2020
2025-09-03 21:11:23,623 - src.process_pipeline - WARNING - Missing odds file: data\extracted\Europe\Europa League\2020\odds.csv
2025-09-03 21:11:23,632 - src.process_pipeline - INFO - Successfully merged 362 records with team statistics
2025-09-03 21:11:23,647 - src.process_pipeline - INFO - Saved merged data to data\processed\Europe\Europa League\2020\merged_2020.csv
2025-09-03 21:11:23,648 - src.process_pipeline - INFO - Successfully merged 362 records
2025-09-03 21:11:23,648 - src.process_pipeline - INFO -   Found 362 new matches
2025-09-03 21:11:23,652 - src.process_pipeline - INFO - Processing Europe - Europa League - 2021
2025-09-03 21:11:23,653 - src.process_pipeline - INFO - Processing Europe/Europa League/2021
2025-09-03 21:11:23,661 - src.process_pipeline - WARNING - Missing odds file: data\extracted\Europe\Europa League\2021\odds.csv
2025-09-03 21:11:23,669 - src.process_pipeline - INFO - Successfully merged 177 records with team statistics
2025-09-03 21:11:23,679 - src.process_pipeline - INFO - Saved merged data to data\processed\Europe\Europa League\2021\merged_2021.csv
2025-09-03 21:11:23,679 - src.process_pipeline - INFO - Successfully merged 177 records
2025-09-03 21:11:23,679 - src.process_pipeline - INFO -   Found 177 new matches
2025-09-03 21:11:23,683 - src.process_pipeline - INFO - Processing Europe - Europa League - 2022
2025-09-03 21:11:23,684 - src.process_pipeline - INFO - Processing Europe/Europa League/2022
2025-09-03 21:11:23,691 - src.process_pipeline - WARNING - Missing odds file: data\extracted\Europe\Europa League\2022\odds.csv
2025-09-03 21:11:23,702 - src.process_pipeline - INFO - Successfully merged 175 records with team statistics
2025-09-03 21:11:23,710 - src.process_pipeline - INFO - Saved merged data to data\processed\Europe\Europa League\2022\merged_2022.csv
2025-09-03 21:11:23,710 - src.process_pipeline - INFO - Successfully merged 175 records
2025-09-03 21:11:23,710 - src.process_pipeline - INFO -   Found 175 new matches
2025-09-03 21:11:23,714 - src.process_pipeline - INFO - Processing Europe - Europa League - 2023
2025-09-03 21:11:23,714 - src.process_pipeline - INFO - Processing Europe/Europa League/2023
2025-09-03 21:11:23,722 - src.process_pipeline - WARNING - Missing odds file: data\extracted\Europe\Europa League\2023\odds.csv
2025-09-03 21:11:23,730 - src.process_pipeline - INFO - Successfully merged 175 records with team statistics
2025-09-03 21:11:23,738 - src.process_pipeline - INFO - Saved merged data to data\processed\Europe\Europa League\2023\merged_2023.csv
2025-09-03 21:11:23,739 - src.process_pipeline - INFO - Successfully merged 175 records
2025-09-03 21:11:23,739 - src.process_pipeline - INFO -   Found 175 new matches
2025-09-03 21:11:23,742 - src.process_pipeline - INFO - Processing Europe - Europa League - 2024
2025-09-03 21:11:23,743 - src.process_pipeline - INFO - Processing Europe/Europa League/2024
2025-09-03 21:11:23,753 - src.process_pipeline - WARNING - Missing odds file: data\extracted\Europe\Europa League\2024\odds.csv
2025-09-03 21:11:23,761 - src.process_pipeline - INFO - Successfully merged 269 records with team statistics
2025-09-03 21:11:23,771 - src.process_pipeline - INFO - Saved merged data to data\processed\Europe\Europa League\2024\merged_2024.csv
2025-09-03 21:11:23,771 - src.process_pipeline - INFO - Successfully merged 269 records
2025-09-03 21:11:23,771 - src.process_pipeline - INFO -   Found 269 new matches
2025-09-03 21:11:23,774 - src.process_pipeline - INFO - Processing Europe - Europa League - 2025
2025-09-03 21:11:23,774 - src.process_pipeline - INFO - Processing Europe/Europa League/2025
2025-09-03 21:11:23,782 - src.process_pipeline - INFO - Odds data found for Europe/Europa League/2025
2025-09-03 21:11:23,816 - src.process_pipeline - INFO - Added odds data for 12 fixtures
2025-09-03 21:11:23,817 - src.process_pipeline - INFO - Successfully merged 50 records with team statistics
2025-09-03 21:11:23,820 - src.process_pipeline - INFO - Saved merged data to data\processed\Europe\Europa League\2025\merged_2025.csv
2025-09-03 21:11:23,820 - src.process_pipeline - INFO - Successfully merged 50 records
2025-09-03 21:11:23,820 - src.process_pipeline - INFO -   Found 50 new matches
2025-09-03 21:11:23,823 - src.process_pipeline - INFO - Processing Italy - Coppa Italia - 2020
2025-09-03 21:11:23,824 - src.process_pipeline - INFO - Processing Italy/Coppa Italia/2020
2025-09-03 21:11:23,830 - src.process_pipeline - WARNING - Missing odds file: data\extracted\Italy\Coppa Italia\2020\odds.csv
2025-09-03 21:11:23,838 - src.process_pipeline - INFO - Successfully merged 79 records with team statistics
2025-09-03 21:11:23,842 - src.process_pipeline - INFO - Saved merged data to data\processed\Italy\Coppa Italia\2020\merged_2020.csv
2025-09-03 21:11:23,842 - src.process_pipeline - INFO - Successfully merged 79 records
2025-09-03 21:11:23,842 - src.process_pipeline - INFO -   Found 79 new matches
2025-09-03 21:11:23,846 - src.process_pipeline - INFO - Processing Italy - Coppa Italia - 2021
2025-09-03 21:11:23,846 - src.process_pipeline - INFO - Processing Italy/Coppa Italia/2021
2025-09-03 21:11:23,851 - src.process_pipeline - WARNING - Missing odds file: data\extracted\Italy\Coppa Italia\2021\odds.csv
2025-09-03 21:11:23,859 - src.process_pipeline - INFO - Successfully merged 45 records with team statistics
2025-09-03 21:11:23,863 - src.process_pipeline - INFO - Saved merged data to data\processed\Italy\Coppa Italia\2021\merged_2021.csv
2025-09-03 21:11:23,863 - src.process_pipeline - INFO - Successfully merged 45 records
2025-09-03 21:11:23,863 - src.process_pipeline - INFO -   Found 45 new matches
2025-09-03 21:11:23,866 - src.process_pipeline - INFO - Processing Italy - Coppa Italia - 2022
2025-09-03 21:11:23,867 - src.process_pipeline - INFO - Processing Italy/Coppa Italia/2022
2025-09-03 21:11:23,872 - src.process_pipeline - WARNING - Missing odds file: data\extracted\Italy\Coppa Italia\2022\odds.csv
2025-09-03 21:11:23,880 - src.process_pipeline - INFO - Successfully merged 41 records with team statistics
2025-09-03 21:11:23,883 - src.process_pipeline - INFO - Saved merged data to data\processed\Italy\Coppa Italia\2022\merged_2022.csv
2025-09-03 21:11:23,883 - src.process_pipeline - INFO - Successfully merged 41 records
2025-09-03 21:11:23,883 - src.process_pipeline - INFO -   Found 41 new matches
2025-09-03 21:11:23,886 - src.process_pipeline - INFO - Processing Italy - Coppa Italia - 2023
2025-09-03 21:11:23,886 - src.process_pipeline - INFO - Processing Italy/Coppa Italia/2023
2025-09-03 21:11:23,893 - src.process_pipeline - WARNING - Missing odds file: data\extracted\Italy\Coppa Italia\2023\odds.csv
2025-09-03 21:11:23,902 - src.process_pipeline - INFO - Successfully merged 45 records with team statistics
2025-09-03 21:11:23,905 - src.process_pipeline - INFO - Saved merged data to data\processed\Italy\Coppa Italia\2023\merged_2023.csv
2025-09-03 21:11:23,905 - src.process_pipeline - INFO - Successfully merged 45 records
2025-09-03 21:11:23,905 - src.process_pipeline - INFO -   Found 45 new matches
2025-09-03 21:11:23,909 - src.process_pipeline - INFO - Processing Italy - Coppa Italia - 2024
2025-09-03 21:11:23,910 - src.process_pipeline - INFO - Processing Italy/Coppa Italia/2024
2025-09-03 21:11:23,916 - src.process_pipeline - WARNING - Missing odds file: data\extracted\Italy\Coppa Italia\2024\odds.csv
2025-09-03 21:11:23,924 - src.process_pipeline - INFO - Successfully merged 45 records with team statistics
2025-09-03 21:11:23,929 - src.process_pipeline - INFO - Saved merged data to data\processed\Italy\Coppa Italia\2024\merged_2024.csv
2025-09-03 21:11:23,929 - src.process_pipeline - INFO - Successfully merged 45 records
2025-09-03 21:11:23,929 - src.process_pipeline - INFO -   Found 45 new matches
2025-09-03 21:11:23,934 - src.process_pipeline - INFO - Processing Italy - Coppa Italia - 2025
2025-09-03 21:11:23,934 - src.process_pipeline - INFO - Processing Italy/Coppa Italia/2025
2025-09-03 21:11:23,935 - src.process_pipeline - WARNING - Missing fixtures file: data\extracted\Italy\Coppa Italia\2025\fixture_events.csv
2025-09-03 21:11:23,935 - src.process_pipeline - INFO -   No new matches found
2025-09-03 21:11:23,935 - src.process_pipeline - INFO - Processing Italy - Serie A - 2020
2025-09-03 21:11:23,935 - src.process_pipeline - INFO - Processing Italy/Serie A/2020
2025-09-03 21:11:23,946 - src.process_pipeline - WARNING - Missing odds file: data\extracted\Italy\Serie A\2020\odds.csv
2025-09-03 21:11:23,954 - src.process_pipeline - INFO - Successfully merged 380 records with team statistics
2025-09-03 21:11:23,966 - src.process_pipeline - INFO - Saved merged data to data\processed\Italy\Serie A\2020\merged_2020.csv
2025-09-03 21:11:23,966 - src.process_pipeline - INFO - Successfully merged 380 records
2025-09-03 21:11:23,967 - src.process_pipeline - INFO -   Found 380 new matches
2025-09-03 21:11:23,970 - src.process_pipeline - INFO - Processing Italy - Serie A - 2021
2025-09-03 21:11:23,971 - src.process_pipeline - INFO - Processing Italy/Serie A/2021
2025-09-03 21:11:23,982 - src.process_pipeline - WARNING - Missing odds file: data\extracted\Italy\Serie A\2021\odds.csv
2025-09-03 21:11:23,990 - src.process_pipeline - INFO - Successfully merged 380 records with team statistics
2025-09-03 21:11:24,002 - src.process_pipeline - INFO - Saved merged data to data\processed\Italy\Serie A\2021\merged_2021.csv
2025-09-03 21:11:24,002 - src.process_pipeline - INFO - Successfully merged 380 records
2025-09-03 21:11:24,002 - src.process_pipeline - INFO -   Found 380 new matches
2025-09-03 21:11:24,006 - src.process_pipeline - INFO - Processing Italy - Serie A - 2022
2025-09-03 21:11:24,007 - src.process_pipeline - INFO - Processing Italy/Serie A/2022
2025-09-03 21:11:24,017 - src.process_pipeline - WARNING - Missing odds file: data\extracted\Italy\Serie A\2022\odds.csv
2025-09-03 21:11:24,025 - src.process_pipeline - INFO - Successfully merged 370 records with team statistics
2025-09-03 21:11:24,037 - src.process_pipeline - INFO - Saved merged data to data\processed\Italy\Serie A\2022\merged_2022.csv
2025-09-03 21:11:24,037 - src.process_pipeline - INFO - Successfully merged 370 records
2025-09-03 21:11:24,037 - src.process_pipeline - INFO -   Found 370 new matches
2025-09-03 21:11:24,041 - src.process_pipeline - INFO - Processing Italy - Serie A - 2023
2025-09-03 21:11:24,042 - src.process_pipeline - INFO - Processing Italy/Serie A/2023
2025-09-03 21:11:24,055 - src.process_pipeline - WARNING - Missing odds file: data\extracted\Italy\Serie A\2023\odds.csv
2025-09-03 21:11:24,064 - src.process_pipeline - INFO - Successfully merged 379 records with team statistics
2025-09-03 21:11:24,075 - src.process_pipeline - INFO - Saved merged data to data\processed\Italy\Serie A\2023\merged_2023.csv
2025-09-03 21:11:24,076 - src.process_pipeline - INFO - Successfully merged 379 records
2025-09-03 21:11:24,076 - src.process_pipeline - INFO -   Found 379 new matches
2025-09-03 21:11:24,080 - src.process_pipeline - INFO - Processing Italy - Serie A - 2024
2025-09-03 21:11:24,081 - src.process_pipeline - INFO - Processing Italy/Serie A/2024
2025-09-03 21:11:24,091 - src.process_pipeline - WARNING - Missing odds file: data\extracted\Italy\Serie A\2024\odds.csv
2025-09-03 21:11:24,100 - src.process_pipeline - INFO - Successfully merged 380 records with team statistics
2025-09-03 21:11:24,116 - src.process_pipeline - INFO - Saved merged data to data\processed\Italy\Serie A\2024\merged_2024.csv
2025-09-03 21:11:24,116 - src.process_pipeline - INFO - Successfully merged 380 records
2025-09-03 21:11:24,116 - src.process_pipeline - INFO -   Found 380 new matches
2025-09-03 21:11:24,121 - src.process_pipeline - INFO - Processing Italy - Serie A - 2025
2025-09-03 21:11:24,121 - src.process_pipeline - INFO - Processing Italy/Serie A/2025
2025-09-03 21:11:24,129 - src.process_pipeline - INFO - Odds data found for Italy/Serie A/2025
2025-09-03 21:11:24,175 - src.process_pipeline - INFO - Added odds data for 18 fixtures
2025-09-03 21:11:24,175 - src.process_pipeline - INFO - Successfully merged 18 records with team statistics
2025-09-03 21:11:24,178 - src.process_pipeline - INFO - Saved merged data to data\processed\Italy\Serie A\2025\merged_2025.csv
2025-09-03 21:11:24,179 - src.process_pipeline - INFO - Successfully merged 18 records
2025-09-03 21:11:24,179 - src.process_pipeline - INFO -   Found 18 new matches
2025-09-03 21:11:24,184 - src.process_pipeline - INFO - Processing Italy - Serie B - 2020
2025-09-03 21:11:24,185 - src.process_pipeline - INFO - Processing Italy/Serie B/2020
2025-09-03 21:11:24,197 - src.process_pipeline - WARNING - Missing odds file: data\extracted\Italy\Serie B\2020\odds.csv
2025-09-03 21:11:24,206 - src.process_pipeline - INFO - Successfully merged 388 records with team statistics
2025-09-03 21:11:24,222 - src.process_pipeline - INFO - Saved merged data to data\processed\Italy\Serie B\2020\merged_2020.csv
2025-09-03 21:11:24,222 - src.process_pipeline - INFO - Successfully merged 388 records
2025-09-03 21:11:24,222 - src.process_pipeline - INFO -   Found 388 new matches
2025-09-03 21:11:24,226 - src.process_pipeline - INFO - Processing Italy - Serie B - 2021
2025-09-03 21:11:24,227 - src.process_pipeline - INFO - Processing Italy/Serie B/2021
2025-09-03 21:11:24,237 - src.process_pipeline - WARNING - Missing odds file: data\extracted\Italy\Serie B\2021\odds.csv
2025-09-03 21:11:24,245 - src.process_pipeline - INFO - Successfully merged 390 records with team statistics
2025-09-03 21:11:24,257 - src.process_pipeline - INFO - Saved merged data to data\processed\Italy\Serie B\2021\merged_2021.csv
2025-09-03 21:11:24,257 - src.process_pipeline - INFO - Successfully merged 390 records
2025-09-03 21:11:24,257 - src.process_pipeline - INFO -   Found 390 new matches
2025-09-03 21:11:24,262 - src.process_pipeline - INFO - Processing Italy - Serie B - 2022
2025-09-03 21:11:24,263 - src.process_pipeline - INFO - Processing Italy/Serie B/2022
2025-09-03 21:11:24,272 - src.process_pipeline - WARNING - Missing odds file: data\extracted\Italy\Serie B\2022\odds.csv
2025-09-03 21:11:24,281 - src.process_pipeline - INFO - Successfully merged 385 records with team statistics
2025-09-03 21:11:24,292 - src.process_pipeline - INFO - Saved merged data to data\processed\Italy\Serie B\2022\merged_2022.csv
2025-09-03 21:11:24,293 - src.process_pipeline - INFO - Successfully merged 385 records
2025-09-03 21:11:24,293 - src.process_pipeline - INFO -   Found 385 new matches
2025-09-03 21:11:24,298 - src.process_pipeline - INFO - Processing Italy - Serie B - 2023
2025-09-03 21:11:24,299 - src.process_pipeline - INFO - Processing Italy/Serie B/2023
2025-09-03 21:11:24,308 - src.process_pipeline - WARNING - Missing odds file: data\extracted\Italy\Serie B\2023\odds.csv
2025-09-03 21:11:24,316 - src.process_pipeline - INFO - Successfully merged 389 records with team statistics
2025-09-03 21:11:24,328 - src.process_pipeline - INFO - Saved merged data to data\processed\Italy\Serie B\2023\merged_2023.csv
2025-09-03 21:11:24,328 - src.process_pipeline - INFO - Successfully merged 389 records
2025-09-03 21:11:24,329 - src.process_pipeline - INFO -   Found 389 new matches
2025-09-03 21:11:24,333 - src.process_pipeline - INFO - Processing Italy - Serie B - 2024
2025-09-03 21:11:24,334 - src.process_pipeline - INFO - Processing Italy/Serie B/2024
2025-09-03 21:11:24,344 - src.process_pipeline - WARNING - Missing odds file: data\extracted\Italy\Serie B\2024\odds.csv
2025-09-03 21:11:24,352 - src.process_pipeline - INFO - Successfully merged 387 records with team statistics
2025-09-03 21:11:24,364 - src.process_pipeline - INFO - Saved merged data to data\processed\Italy\Serie B\2024\merged_2024.csv
2025-09-03 21:11:24,365 - src.process_pipeline - INFO - Successfully merged 387 records
2025-09-03 21:11:24,365 - src.process_pipeline - INFO -   Found 387 new matches
2025-09-03 21:11:24,370 - src.process_pipeline - INFO - Processing Italy - Serie B - 2025
2025-09-03 21:11:24,370 - src.process_pipeline - INFO - Processing Italy/Serie B/2025
2025-09-03 21:11:24,371 - src.process_pipeline - WARNING - Missing fixtures file: data\extracted\Italy\Serie B\2025\fixture_events.csv
2025-09-03 21:11:24,371 - src.process_pipeline - INFO -   No new matches found
2025-09-03 21:11:24,371 - src.process_pipeline - INFO - Total new matches to process: 7740
2025-09-03 21:11:24,371 - src.process_pipeline - INFO - Starting preprocessing and feature engineering
2025-09-03 21:11:24,371 - src.process_pipeline - INFO - Initial data shape: (7740, 72)
2025-09-03 21:11:24,371 - src.process_pipeline - INFO - Cleaning data
