2025-08-31 21:55:55,478 - src.process_pipeline - INFO - Logging initialized. Log file: logs/process\process_20250831_215555.log
2025-08-31 21:55:56,234 - src.process_pipeline - INFO - Loaded H2H data with 6740 team pairs
2025-08-31 21:55:56,240 - src.process_pipeline - INFO - Loaded standings data for 4512 teams
2025-08-31 21:55:56,894 - src.process_pipeline - INFO - Processing England/Championship/2017
2025-08-31 21:55:56,934 - src.process_pipeline - INFO - Successfully merged 557 records with team statistics
2025-08-31 21:55:56,959 - src.process_pipeline - INFO - Saved merged data to data\processed\England\Championship\2017\merged_2017.csv
2025-08-31 21:55:56,959 - src.process_pipeline - INFO - Successfully merged 557 records
2025-08-31 21:55:56,960 - src.process_pipeline - INFO - Processing England/Championship/2018
2025-08-31 21:55:56,984 - src.process_pipeline - INFO - Successfully merged 557 records with team statistics
2025-08-31 21:55:57,005 - src.process_pipeline - INFO - Saved merged data to data\processed\England\Championship\2018\merged_2018.csv
2025-08-31 21:55:57,005 - src.process_pipeline - INFO - Successfully merged 557 records
2025-08-31 21:55:57,008 - src.process_pipeline - INFO - Processing England/Championship/2019
2025-08-31 21:55:57,032 - src.process_pipeline - INFO - Successfully merged 444 records with team statistics
2025-08-31 21:55:57,048 - src.process_pipeline - INFO - Saved merged data to data\processed\England\Championship\2019\merged_2019.csv
2025-08-31 21:55:57,048 - src.process_pipeline - INFO - Successfully merged 444 records
2025-08-31 21:55:57,050 - src.process_pipeline - INFO - Processing England/Championship/2020
2025-08-31 21:55:57,072 - src.process_pipeline - INFO - Successfully merged 557 records with team statistics
2025-08-31 21:55:57,088 - src.process_pipeline - INFO - Saved merged data to data\processed\England\Championship\2020\merged_2020.csv
2025-08-31 21:55:57,089 - src.process_pipeline - INFO - Successfully merged 557 records
2025-08-31 21:55:57,093 - src.process_pipeline - INFO - Processing England/Championship/2021
2025-08-31 21:55:57,117 - src.process_pipeline - INFO - Successfully merged 557 records with team statistics
2025-08-31 21:55:57,134 - src.process_pipeline - INFO - Saved merged data to data\processed\England\Championship\2021\merged_2021.csv
2025-08-31 21:55:57,134 - src.process_pipeline - INFO - Successfully merged 557 records
2025-08-31 21:55:57,137 - src.process_pipeline - INFO - Processing England/Championship/2022
2025-08-31 21:55:57,162 - src.process_pipeline - INFO - Successfully merged 546 records with team statistics
2025-08-31 21:55:57,179 - src.process_pipeline - INFO - Saved merged data to data\processed\England\Championship\2022\merged_2022.csv
2025-08-31 21:55:57,179 - src.process_pipeline - INFO - Successfully merged 546 records
2025-08-31 21:55:57,182 - src.process_pipeline - INFO - Processing England/Championship/2023
2025-08-31 21:55:57,204 - src.process_pipeline - INFO - Successfully merged 557 records with team statistics
2025-08-31 21:55:57,225 - src.process_pipeline - INFO - Saved merged data to data\processed\England\Championship\2023\merged_2023.csv
2025-08-31 21:55:57,225 - src.process_pipeline - INFO - Successfully merged 557 records
2025-08-31 21:55:57,228 - src.process_pipeline - INFO - Processing England/Championship/2024
2025-08-31 21:55:57,253 - src.process_pipeline - INFO - Successfully merged 557 records with team statistics
2025-08-31 21:55:57,270 - src.process_pipeline - INFO - Saved merged data to data\processed\England\Championship\2024\merged_2024.csv
2025-08-31 21:55:57,270 - src.process_pipeline - INFO - Successfully merged 557 records
2025-08-31 21:55:57,273 - src.process_pipeline - INFO - Processing England/Championship/2025
2025-08-31 21:55:57,286 - src.process_pipeline - INFO - Successfully merged 24 records with team statistics
2025-08-31 21:55:57,288 - src.process_pipeline - INFO - Saved merged data to data\processed\England\Championship\2025\merged_2025.csv
2025-08-31 21:55:57,289 - src.process_pipeline - INFO - Successfully merged 24 records
2025-08-31 21:55:57,293 - src.process_pipeline - INFO - Processing England/EFL Trophy/2021
2025-08-31 21:55:57,311 - src.process_pipeline - INFO - Successfully merged 127 records with team statistics
2025-08-31 21:55:57,318 - src.process_pipeline - INFO - Saved merged data to data\processed\England\EFL Trophy\2021\merged_2021.csv
2025-08-31 21:55:57,319 - src.process_pipeline - INFO - Successfully merged 127 records
2025-08-31 21:55:57,324 - src.process_pipeline - INFO - Processing England/EFL Trophy/2022
2025-08-31 21:55:57,347 - src.process_pipeline - INFO - Successfully merged 127 records with team statistics
2025-08-31 21:55:57,357 - src.process_pipeline - INFO - Saved merged data to data\processed\England\EFL Trophy\2022\merged_2022.csv
2025-08-31 21:55:57,358 - src.process_pipeline - INFO - Successfully merged 127 records
2025-08-31 21:55:57,364 - src.process_pipeline - INFO - Processing England/EFL Trophy/2023
2025-08-31 21:55:57,381 - src.process_pipeline - INFO - Successfully merged 127 records with team statistics
2025-08-31 21:55:57,389 - src.process_pipeline - INFO - Saved merged data to data\processed\England\EFL Trophy\2023\merged_2023.csv
2025-08-31 21:55:57,389 - src.process_pipeline - INFO - Successfully merged 127 records
2025-08-31 21:55:57,396 - src.process_pipeline - INFO - Processing England/EFL Trophy/2024
2025-08-31 21:55:57,416 - src.process_pipeline - INFO - Successfully merged 127 records with team statistics
2025-08-31 21:55:57,424 - src.process_pipeline - INFO - Saved merged data to data\processed\England\EFL Trophy\2024\merged_2024.csv
2025-08-31 21:55:57,424 - src.process_pipeline - INFO - Successfully merged 127 records
2025-08-31 21:55:57,429 - src.process_pipeline - INFO - Processing England/FA Cup/2018
2025-08-31 21:55:57,446 - src.process_pipeline - INFO - Successfully merged 150 records with team statistics
2025-08-31 21:55:57,453 - src.process_pipeline - INFO - Saved merged data to data\processed\England\FA Cup\2018\merged_2018.csv
2025-08-31 21:55:57,453 - src.process_pipeline - INFO - Successfully merged 150 records
2025-08-31 21:55:57,458 - src.process_pipeline - INFO - Processing England/FA Cup/2019
2025-08-31 21:55:57,477 - src.process_pipeline - INFO - Successfully merged 149 records with team statistics
2025-08-31 21:55:57,484 - src.process_pipeline - INFO - Saved merged data to data\processed\England\FA Cup\2019\merged_2019.csv
2025-08-31 21:55:57,484 - src.process_pipeline - INFO - Successfully merged 149 records
2025-08-31 21:55:57,490 - src.process_pipeline - INFO - Processing England/FA Cup/2020
2025-08-31 21:55:57,505 - src.process_pipeline - INFO - Successfully merged 124 records with team statistics
2025-08-31 21:55:57,513 - src.process_pipeline - INFO - Saved merged data to data\processed\England\FA Cup\2020\merged_2020.csv
2025-08-31 21:55:57,513 - src.process_pipeline - INFO - Successfully merged 124 records
2025-08-31 21:55:57,518 - src.process_pipeline - INFO - Processing England/FA Cup/2021
2025-08-31 21:55:57,533 - src.process_pipeline - INFO - Successfully merged 136 records with team statistics
2025-08-31 21:55:57,539 - src.process_pipeline - INFO - Saved merged data to data\processed\England\FA Cup\2021\merged_2021.csv
2025-08-31 21:55:57,539 - src.process_pipeline - INFO - Successfully merged 136 records
2025-08-31 21:55:57,546 - src.process_pipeline - INFO - Processing England/FA Cup/2022
2025-08-31 21:55:57,564 - src.process_pipeline - INFO - Successfully merged 143 records with team statistics
2025-08-31 21:55:57,570 - src.process_pipeline - INFO - Saved merged data to data\processed\England\FA Cup\2022\merged_2022.csv
2025-08-31 21:55:57,570 - src.process_pipeline - INFO - Successfully merged 143 records
2025-08-31 21:55:57,576 - src.process_pipeline - INFO - Processing England/FA Cup/2023
2025-08-31 21:55:57,591 - src.process_pipeline - INFO - Successfully merged 149 records with team statistics
2025-08-31 21:55:57,597 - src.process_pipeline - INFO - Saved merged data to data\processed\England\FA Cup\2023\merged_2023.csv
2025-08-31 21:55:57,597 - src.process_pipeline - INFO - Successfully merged 149 records
2025-08-31 21:55:57,601 - src.process_pipeline - INFO - Processing England/FA Cup/2024
2025-08-31 21:55:57,615 - src.process_pipeline - INFO - Successfully merged 123 records with team statistics
2025-08-31 21:55:57,621 - src.process_pipeline - INFO - Saved merged data to data\processed\England\FA Cup\2024\merged_2024.csv
2025-08-31 21:55:57,621 - src.process_pipeline - INFO - Successfully merged 123 records
2025-08-31 21:55:57,627 - src.process_pipeline - INFO - Processing England/FA Trophy/2023
2025-08-31 21:55:57,628 - src.process_pipeline - WARNING - Missing team stats file: data\extracted\England\FA Trophy\2023\team_statistics.csv
2025-08-31 21:55:57,629 - src.process_pipeline - INFO - Processing England/FA Trophy/2024
2025-08-31 21:55:57,629 - src.process_pipeline - WARNING - Missing fixtures file: data\extracted\England\FA Trophy\2024\fixture_events.csv
2025-08-31 21:55:57,629 - src.process_pipeline - INFO - Processing England/Premier League/2018
2025-08-31 21:55:57,649 - src.process_pipeline - INFO - Successfully merged 380 records with team statistics
2025-08-31 21:55:57,662 - src.process_pipeline - INFO - Saved merged data to data\processed\England\Premier League\2018\merged_2018.csv
2025-08-31 21:55:57,662 - src.process_pipeline - INFO - Successfully merged 380 records
2025-08-31 21:55:57,667 - src.process_pipeline - INFO - Processing England/Premier League/2019
2025-08-31 21:55:57,685 - src.process_pipeline - INFO - Successfully merged 288 records with team statistics
2025-08-31 21:55:57,694 - src.process_pipeline - INFO - Saved merged data to data\processed\England\Premier League\2019\merged_2019.csv
2025-08-31 21:55:57,695 - src.process_pipeline - INFO - Successfully merged 288 records
2025-08-31 21:55:57,700 - src.process_pipeline - INFO - Processing England/Premier League/2020
2025-08-31 21:55:57,721 - src.process_pipeline - INFO - Successfully merged 380 records with team statistics
2025-08-31 21:55:57,733 - src.process_pipeline - INFO - Saved merged data to data\processed\England\Premier League\2020\merged_2020.csv
2025-08-31 21:55:57,733 - src.process_pipeline - INFO - Successfully merged 380 records
2025-08-31 21:55:57,737 - src.process_pipeline - INFO - Processing England/Premier League/2021
2025-08-31 21:55:57,754 - src.process_pipeline - INFO - Successfully merged 380 records with team statistics
2025-08-31 21:55:57,765 - src.process_pipeline - INFO - Saved merged data to data\processed\England\Premier League\2021\merged_2021.csv
2025-08-31 21:55:57,765 - src.process_pipeline - INFO - Successfully merged 380 records
2025-08-31 21:55:57,776 - src.process_pipeline - INFO - Processing England/Premier League/2022
2025-08-31 21:55:57,798 - src.process_pipeline - INFO - Successfully merged 380 records with team statistics
2025-08-31 21:55:57,812 - src.process_pipeline - INFO - Saved merged data to data\processed\England\Premier League\2022\merged_2022.csv
2025-08-31 21:55:57,812 - src.process_pipeline - INFO - Successfully merged 380 records
2025-08-31 21:55:57,818 - src.process_pipeline - INFO - Processing England/Premier League/2023
2025-08-31 21:55:57,841 - src.process_pipeline - INFO - Successfully merged 380 records with team statistics
2025-08-31 21:55:57,855 - src.process_pipeline - INFO - Saved merged data to data\processed\England\Premier League\2023\merged_2023.csv
2025-08-31 21:55:57,855 - src.process_pipeline - INFO - Successfully merged 380 records
2025-08-31 21:55:57,864 - src.process_pipeline - INFO - Processing England/Premier League/2024
2025-08-31 21:55:57,886 - src.process_pipeline - INFO - Successfully merged 380 records with team statistics
2025-08-31 21:55:57,902 - src.process_pipeline - INFO - Saved merged data to data\processed\England\Premier League\2024\merged_2024.csv
2025-08-31 21:55:57,902 - src.process_pipeline - INFO - Successfully merged 380 records
2025-08-31 21:55:57,908 - src.process_pipeline - INFO - Processing England/Premier League/2025
2025-08-31 21:55:57,922 - src.process_pipeline - INFO - Successfully merged 30 records with team statistics
2025-08-31 21:55:57,927 - src.process_pipeline - INFO - Saved merged data to data\processed\England\Premier League\2025\merged_2025.csv
2025-08-31 21:55:57,927 - src.process_pipeline - INFO - Successfully merged 30 records
2025-08-31 21:55:57,934 - src.process_pipeline - INFO - Processing Europe/Champions League/2018
2025-08-31 21:55:57,956 - src.process_pipeline - INFO - Successfully merged 166 records with team statistics
2025-08-31 21:55:57,972 - src.process_pipeline - INFO - Saved merged data to data\processed\Europe\Champions League\2018\merged_2018.csv
2025-08-31 21:55:57,972 - src.process_pipeline - INFO - Successfully merged 166 records
2025-08-31 21:55:57,986 - src.process_pipeline - INFO - Processing Europe/Champions League/2019
2025-08-31 21:55:58,023 - src.process_pipeline - INFO - Successfully merged 140 records with team statistics
2025-08-31 21:55:58,036 - src.process_pipeline - INFO - Saved merged data to data\processed\Europe\Champions League\2019\merged_2019.csv
2025-08-31 21:55:58,037 - src.process_pipeline - INFO - Successfully merged 140 records
2025-08-31 21:55:58,049 - src.process_pipeline - INFO - Processing Europe/Champions League/2020
2025-08-31 21:55:58,071 - src.process_pipeline - INFO - Successfully merged 178 records with team statistics
2025-08-31 21:55:58,085 - src.process_pipeline - INFO - Saved merged data to data\processed\Europe\Champions League\2020\merged_2020.csv
2025-08-31 21:55:58,085 - src.process_pipeline - INFO - Successfully merged 178 records
2025-08-31 21:55:58,099 - src.process_pipeline - INFO - Processing Europe/Champions League/2021
2025-08-31 21:55:58,117 - src.process_pipeline - INFO - Successfully merged 157 records with team statistics
2025-08-31 21:55:58,125 - src.process_pipeline - INFO - Saved merged data to data\processed\Europe\Champions League\2021\merged_2021.csv
2025-08-31 21:55:58,125 - src.process_pipeline - INFO - Successfully merged 157 records
2025-08-31 21:55:58,133 - src.process_pipeline - INFO - Processing Europe/Champions League/2022
2025-08-31 21:55:58,151 - src.process_pipeline - INFO - Successfully merged 210 records with team statistics
2025-08-31 21:55:58,160 - src.process_pipeline - INFO - Saved merged data to data\processed\Europe\Champions League\2022\merged_2022.csv
2025-08-31 21:55:58,160 - src.process_pipeline - INFO - Successfully merged 210 records
2025-08-31 21:55:58,169 - src.process_pipeline - INFO - Processing Europe/Champions League/2023
2025-08-31 21:55:58,186 - src.process_pipeline - INFO - Successfully merged 211 records with team statistics
2025-08-31 21:55:58,197 - src.process_pipeline - INFO - Saved merged data to data\processed\Europe\Champions League\2023\merged_2023.csv
2025-08-31 21:55:58,197 - src.process_pipeline - INFO - Successfully merged 211 records
2025-08-31 21:55:58,203 - src.process_pipeline - INFO - Processing Europe/Champions League/2024
2025-08-31 21:55:58,221 - src.process_pipeline - INFO - Successfully merged 279 records with team statistics
2025-08-31 21:55:58,233 - src.process_pipeline - INFO - Saved merged data to data\processed\Europe\Champions League\2024\merged_2024.csv
2025-08-31 21:55:58,233 - src.process_pipeline - INFO - Successfully merged 279 records
2025-08-31 21:55:58,239 - src.process_pipeline - INFO - Processing Europe/Champions League/2025
2025-08-31 21:55:58,253 - src.process_pipeline - INFO - Successfully merged 30 records with team statistics
2025-08-31 21:55:58,257 - src.process_pipeline - INFO - Saved merged data to data\processed\Europe\Champions League\2025\merged_2025.csv
2025-08-31 21:55:58,257 - src.process_pipeline - INFO - Successfully merged 30 records
2025-08-31 21:55:58,265 - src.process_pipeline - INFO - Processing Europe/Conference League/2021
2025-08-31 21:55:58,286 - src.process_pipeline - INFO - Successfully merged 423 records with team statistics
2025-08-31 21:55:58,301 - src.process_pipeline - INFO - Saved merged data to data\processed\Europe\Conference League\2021\merged_2021.csv
2025-08-31 21:55:58,302 - src.process_pipeline - INFO - Successfully merged 423 records
2025-08-31 21:55:58,310 - src.process_pipeline - INFO - Processing Europe/Conference League/2022
2025-08-31 21:55:58,331 - src.process_pipeline - INFO - Successfully merged 414 records with team statistics
2025-08-31 21:55:58,346 - src.process_pipeline - INFO - Saved merged data to data\processed\Europe\Conference League\2022\merged_2022.csv
2025-08-31 21:55:58,347 - src.process_pipeline - INFO - Successfully merged 414 records
2025-08-31 21:55:58,354 - src.process_pipeline - INFO - Processing Europe/Conference League/2023
2025-08-31 21:55:58,375 - src.process_pipeline - INFO - Successfully merged 417 records with team statistics
2025-08-31 21:55:58,392 - src.process_pipeline - INFO - Saved merged data to data\processed\Europe\Conference League\2023\merged_2023.csv
2025-08-31 21:55:58,393 - src.process_pipeline - INFO - Successfully merged 417 records
2025-08-31 21:55:58,403 - src.process_pipeline - INFO - Processing Europe/Conference League/2024
2025-08-31 21:55:58,403 - src.process_pipeline - WARNING - Missing team stats file: data\extracted\Europe\Conference League\2024\team_statistics.csv
2025-08-31 21:55:58,404 - src.process_pipeline - INFO - Processing Europe/Conference League/2025
2025-08-31 21:55:58,419 - src.process_pipeline - INFO - Successfully merged 84 records with team statistics
2025-08-31 21:55:58,424 - src.process_pipeline - INFO - Saved merged data to data\processed\Europe\Conference League\2025\merged_2025.csv
2025-08-31 21:55:58,424 - src.process_pipeline - INFO - Successfully merged 84 records
2025-08-31 21:55:58,433 - src.process_pipeline - INFO - Processing Europe/Europa League/2018
2025-08-31 21:55:58,464 - src.process_pipeline - INFO - Successfully merged 364 records with team statistics
2025-08-31 21:55:58,478 - src.process_pipeline - INFO - Saved merged data to data\processed\Europe\Europa League\2018\merged_2018.csv
2025-08-31 21:55:58,478 - src.process_pipeline - INFO - Successfully merged 364 records
2025-08-31 21:55:58,488 - src.process_pipeline - INFO - Processing Europe/Europa League/2019
2025-08-31 21:55:58,510 - src.process_pipeline - INFO - Successfully merged 337 records with team statistics
2025-08-31 21:55:58,534 - src.process_pipeline - INFO - Saved merged data to data\processed\Europe\Europa League\2019\merged_2019.csv
2025-08-31 21:55:58,535 - src.process_pipeline - INFO - Successfully merged 337 records
2025-08-31 21:55:58,554 - src.process_pipeline - INFO - Processing Europe/Europa League/2020
2025-08-31 21:55:58,584 - src.process_pipeline - INFO - Successfully merged 362 records with team statistics
2025-08-31 21:55:58,608 - src.process_pipeline - INFO - Saved merged data to data\processed\Europe\Europa League\2020\merged_2020.csv
2025-08-31 21:55:58,608 - src.process_pipeline - INFO - Successfully merged 362 records
2025-08-31 21:55:58,625 - src.process_pipeline - INFO - Processing Europe/Europa League/2021
2025-08-31 21:55:58,647 - src.process_pipeline - INFO - Successfully merged 177 records with team statistics
2025-08-31 21:55:58,655 - src.process_pipeline - INFO - Saved merged data to data\processed\Europe\Europa League\2021\merged_2021.csv
2025-08-31 21:55:58,655 - src.process_pipeline - INFO - Successfully merged 177 records
2025-08-31 21:55:58,665 - src.process_pipeline - INFO - Processing Europe/Europa League/2022
2025-08-31 21:55:58,681 - src.process_pipeline - INFO - Successfully merged 175 records with team statistics
2025-08-31 21:55:58,688 - src.process_pipeline - INFO - Saved merged data to data\processed\Europe\Europa League\2022\merged_2022.csv
2025-08-31 21:55:58,689 - src.process_pipeline - INFO - Successfully merged 175 records
2025-08-31 21:55:58,699 - src.process_pipeline - INFO - Processing Europe/Europa League/2023
2025-08-31 21:55:58,715 - src.process_pipeline - INFO - Successfully merged 175 records with team statistics
2025-08-31 21:55:58,723 - src.process_pipeline - INFO - Saved merged data to data\processed\Europe\Europa League\2023\merged_2023.csv
2025-08-31 21:55:58,723 - src.process_pipeline - INFO - Successfully merged 175 records
2025-08-31 21:55:58,733 - src.process_pipeline - INFO - Processing Europe/Europa League/2024
2025-08-31 21:55:58,754 - src.process_pipeline - INFO - Successfully merged 269 records with team statistics
2025-08-31 21:55:58,767 - src.process_pipeline - INFO - Saved merged data to data\processed\Europe\Europa League\2024\merged_2024.csv
2025-08-31 21:55:58,767 - src.process_pipeline - INFO - Successfully merged 269 records
2025-08-31 21:55:58,776 - src.process_pipeline - INFO - Processing Europe/Europa League/2025
2025-08-31 21:55:58,789 - src.process_pipeline - INFO - Successfully merged 38 records with team statistics
2025-08-31 21:55:58,794 - src.process_pipeline - INFO - Saved merged data to data\processed\Europe\Europa League\2025\merged_2025.csv
2025-08-31 21:55:58,794 - src.process_pipeline - INFO - Successfully merged 38 records
2025-08-31 21:55:58,803 - src.process_pipeline - INFO - Processing France/Coupe de France/2018
2025-08-31 21:55:58,819 - src.process_pipeline - INFO - Successfully merged 195 records with team statistics
2025-08-31 21:55:58,828 - src.process_pipeline - INFO - Saved merged data to data\processed\France\Coupe de France\2018\merged_2018.csv
2025-08-31 21:55:58,828 - src.process_pipeline - INFO - Successfully merged 195 records
2025-08-31 21:55:58,837 - src.process_pipeline - INFO - Processing France/Coupe de France/2019
2025-08-31 21:55:58,852 - src.process_pipeline - INFO - Successfully merged 194 records with team statistics
2025-08-31 21:55:58,861 - src.process_pipeline - INFO - Saved merged data to data\processed\France\Coupe de France\2019\merged_2019.csv
2025-08-31 21:55:58,861 - src.process_pipeline - INFO - Successfully merged 194 records
2025-08-31 21:55:58,869 - src.process_pipeline - INFO - Processing France/Coupe de France/2020
2025-08-31 21:55:58,885 - src.process_pipeline - INFO - Successfully merged 170 records with team statistics
2025-08-31 21:55:58,892 - src.process_pipeline - INFO - Saved merged data to data\processed\France\Coupe de France\2020\merged_2020.csv
2025-08-31 21:55:58,893 - src.process_pipeline - INFO - Successfully merged 170 records
2025-08-31 21:55:58,900 - src.process_pipeline - INFO - Processing France/Coupe de France/2021
2025-08-31 21:55:58,916 - src.process_pipeline - INFO - Successfully merged 193 records with team statistics
2025-08-31 21:55:58,924 - src.process_pipeline - INFO - Saved merged data to data\processed\France\Coupe de France\2021\merged_2021.csv
2025-08-31 21:55:58,924 - src.process_pipeline - INFO - Successfully merged 193 records
2025-08-31 21:55:58,932 - src.process_pipeline - INFO - Processing France/Coupe de France/2022
2025-08-31 21:55:58,948 - src.process_pipeline - INFO - Successfully merged 195 records with team statistics
2025-08-31 21:55:58,956 - src.process_pipeline - INFO - Saved merged data to data\processed\France\Coupe de France\2022\merged_2022.csv
2025-08-31 21:55:58,956 - src.process_pipeline - INFO - Successfully merged 195 records
2025-08-31 21:55:58,966 - src.process_pipeline - INFO - Processing France/Coupe de France/2023
2025-08-31 21:55:58,981 - src.process_pipeline - INFO - Successfully merged 197 records with team statistics
2025-08-31 21:55:58,988 - src.process_pipeline - INFO - Saved merged data to data\processed\France\Coupe de France\2023\merged_2023.csv
2025-08-31 21:55:58,989 - src.process_pipeline - INFO - Successfully merged 197 records
2025-08-31 21:55:58,997 - src.process_pipeline - INFO - Processing France/Coupe de France/2024
2025-08-31 21:55:59,015 - src.process_pipeline - INFO - Successfully merged 199 records with team statistics
2025-08-31 21:55:59,024 - src.process_pipeline - INFO - Saved merged data to data\processed\France\Coupe de France\2024\merged_2024.csv
2025-08-31 21:55:59,024 - src.process_pipeline - INFO - Successfully merged 199 records
2025-08-31 21:55:59,037 - src.process_pipeline - INFO - Processing France/Ligue 1/2018
2025-08-31 21:55:59,059 - src.process_pipeline - INFO - Successfully merged 380 records with team statistics
2025-08-31 21:55:59,073 - src.process_pipeline - INFO - Saved merged data to data\processed\France\Ligue 1\2018\merged_2018.csv
2025-08-31 21:55:59,073 - src.process_pipeline - INFO - Successfully merged 380 records
2025-08-31 21:55:59,086 - src.process_pipeline - INFO - Processing France/Ligue 1/2019
2025-08-31 21:55:59,109 - src.process_pipeline - INFO - Successfully merged 380 records with team statistics
2025-08-31 21:55:59,125 - src.process_pipeline - INFO - Saved merged data to data\processed\France\Ligue 1\2019\merged_2019.csv
2025-08-31 21:55:59,125 - src.process_pipeline - INFO - Successfully merged 380 records
2025-08-31 21:55:59,135 - src.process_pipeline - INFO - Processing France/Ligue 1/2020
2025-08-31 21:55:59,157 - src.process_pipeline - INFO - Successfully merged 382 records with team statistics
2025-08-31 21:55:59,170 - src.process_pipeline - INFO - Saved merged data to data\processed\France\Ligue 1\2020\merged_2020.csv
2025-08-31 21:55:59,170 - src.process_pipeline - INFO - Successfully merged 382 records
2025-08-31 21:55:59,182 - src.process_pipeline - INFO - Processing France/Ligue 1/2021
2025-08-31 21:55:59,203 - src.process_pipeline - INFO - Successfully merged 382 records with team statistics
2025-08-31 21:55:59,217 - src.process_pipeline - INFO - Saved merged data to data\processed\France\Ligue 1\2021\merged_2021.csv
2025-08-31 21:55:59,217 - src.process_pipeline - INFO - Successfully merged 382 records
2025-08-31 21:55:59,228 - src.process_pipeline - INFO - Processing France/Ligue 1/2022
2025-08-31 21:55:59,247 - src.process_pipeline - INFO - Successfully merged 370 records with team statistics
2025-08-31 21:55:59,258 - src.process_pipeline - INFO - Saved merged data to data\processed\France\Ligue 1\2022\merged_2022.csv
2025-08-31 21:55:59,258 - src.process_pipeline - INFO - Successfully merged 370 records
2025-08-31 21:55:59,268 - src.process_pipeline - INFO - Processing France/Ligue 1/2023
2025-08-31 21:55:59,293 - src.process_pipeline - INFO - Successfully merged 307 records with team statistics
2025-08-31 21:55:59,303 - src.process_pipeline - INFO - Saved merged data to data\processed\France\Ligue 1\2023\merged_2023.csv
2025-08-31 21:55:59,303 - src.process_pipeline - INFO - Successfully merged 307 records
2025-08-31 21:55:59,315 - src.process_pipeline - INFO - Processing France/Ligue 1/2024
2025-08-31 21:55:59,332 - src.process_pipeline - INFO - Successfully merged 308 records with team statistics
2025-08-31 21:55:59,342 - src.process_pipeline - INFO - Saved merged data to data\processed\France\Ligue 1\2024\merged_2024.csv
2025-08-31 21:55:59,342 - src.process_pipeline - INFO - Successfully merged 308 records
2025-08-31 21:55:59,354 - src.process_pipeline - INFO - Processing France/Ligue 1/2025
2025-08-31 21:55:59,368 - src.process_pipeline - INFO - Successfully merged 26 records with team statistics
2025-08-31 21:55:59,371 - src.process_pipeline - INFO - Saved merged data to data\processed\France\Ligue 1\2025\merged_2025.csv
2025-08-31 21:55:59,371 - src.process_pipeline - INFO - Successfully merged 26 records
2025-08-31 21:55:59,382 - src.process_pipeline - INFO - Processing France/Ligue 2/2018
2025-08-31 21:55:59,400 - src.process_pipeline - INFO - Successfully merged 370 records with team statistics
2025-08-31 21:55:59,412 - src.process_pipeline - INFO - Saved merged data to data\processed\France\Ligue 2\2018\merged_2018.csv
2025-08-31 21:55:59,412 - src.process_pipeline - INFO - Successfully merged 370 records
2025-08-31 21:55:59,424 - src.process_pipeline - INFO - Processing France/Ligue 2/2019
2025-08-31 21:55:59,444 - src.process_pipeline - INFO - Successfully merged 370 records with team statistics
2025-08-31 21:55:59,458 - src.process_pipeline - INFO - Saved merged data to data\processed\France\Ligue 2\2019\merged_2019.csv
2025-08-31 21:55:59,458 - src.process_pipeline - INFO - Successfully merged 370 records
2025-08-31 21:55:59,470 - src.process_pipeline - INFO - Processing France/Ligue 2/2020
2025-08-31 21:55:59,490 - src.process_pipeline - INFO - Successfully merged 384 records with team statistics
2025-08-31 21:55:59,509 - src.process_pipeline - INFO - Saved merged data to data\processed\France\Ligue 2\2020\merged_2020.csv
2025-08-31 21:55:59,509 - src.process_pipeline - INFO - Successfully merged 384 records
2025-08-31 21:55:59,522 - src.process_pipeline - INFO - Processing France/Ligue 2/2021
2025-08-31 21:55:59,551 - src.process_pipeline - INFO - Successfully merged 366 records with team statistics
2025-08-31 21:55:59,568 - src.process_pipeline - INFO - Saved merged data to data\processed\France\Ligue 2\2021\merged_2021.csv
2025-08-31 21:55:59,568 - src.process_pipeline - INFO - Successfully merged 366 records
2025-08-31 21:55:59,582 - src.process_pipeline - INFO - Processing France/Ligue 2/2022
2025-08-31 21:55:59,603 - src.process_pipeline - INFO - Successfully merged 361 records with team statistics
2025-08-31 21:55:59,616 - src.process_pipeline - INFO - Saved merged data to data\processed\France\Ligue 2\2022\merged_2022.csv
2025-08-31 21:55:59,616 - src.process_pipeline - INFO - Successfully merged 361 records
2025-08-31 21:55:59,628 - src.process_pipeline - INFO - Processing France/Ligue 2/2023
2025-08-31 21:55:59,648 - src.process_pipeline - INFO - Successfully merged 382 records with team statistics
2025-08-31 21:55:59,663 - src.process_pipeline - INFO - Saved merged data to data\processed\France\Ligue 2\2023\merged_2023.csv
2025-08-31 21:55:59,664 - src.process_pipeline - INFO - Successfully merged 382 records
2025-08-31 21:55:59,676 - src.process_pipeline - INFO - Processing France/Ligue 2/2024
2025-08-31 21:55:59,696 - src.process_pipeline - INFO - Successfully merged 310 records with team statistics
2025-08-31 21:55:59,708 - src.process_pipeline - INFO - Saved merged data to data\processed\France\Ligue 2\2024\merged_2024.csv
2025-08-31 21:55:59,709 - src.process_pipeline - INFO - Successfully merged 310 records
2025-08-31 21:55:59,720 - src.process_pipeline - INFO - Processing France/Ligue 2/2025
2025-08-31 21:55:59,733 - src.process_pipeline - INFO - Successfully merged 17 records with team statistics
2025-08-31 21:55:59,735 - src.process_pipeline - INFO - Saved merged data to data\processed\France\Ligue 2\2025\merged_2025.csv
2025-08-31 21:55:59,735 - src.process_pipeline - INFO - Successfully merged 17 records
2025-08-31 21:55:59,749 - src.process_pipeline - INFO - Processing Germany/2. Bundesliga/2017
2025-08-31 21:55:59,749 - src.process_pipeline - WARNING - Missing fixtures file: data\extracted\Germany\2. Bundesliga\2017\fixture_events.csv
2025-08-31 21:55:59,750 - src.process_pipeline - INFO - Processing Germany/2. Bundesliga/2018
2025-08-31 21:55:59,767 - src.process_pipeline - INFO - Successfully merged 306 records with team statistics
2025-08-31 21:55:59,781 - src.process_pipeline - INFO - Saved merged data to data\processed\Germany\2. Bundesliga\2018\merged_2018.csv
2025-08-31 21:55:59,781 - src.process_pipeline - INFO - Successfully merged 306 records
2025-08-31 21:55:59,795 - src.process_pipeline - INFO - Processing Germany/2. Bundesliga/2019
2025-08-31 21:55:59,817 - src.process_pipeline - INFO - Successfully merged 249 records with team statistics
2025-08-31 21:55:59,826 - src.process_pipeline - INFO - Saved merged data to data\processed\Germany\2. Bundesliga\2019\merged_2019.csv
2025-08-31 21:55:59,826 - src.process_pipeline - INFO - Successfully merged 249 records
2025-08-31 21:55:59,837 - src.process_pipeline - INFO - Processing Germany/2. Bundesliga/2020
2025-08-31 21:55:59,856 - src.process_pipeline - INFO - Successfully merged 308 records with team statistics
2025-08-31 21:55:59,867 - src.process_pipeline - INFO - Saved merged data to data\processed\Germany\2. Bundesliga\2020\merged_2020.csv
2025-08-31 21:55:59,867 - src.process_pipeline - INFO - Successfully merged 308 records
2025-08-31 21:55:59,881 - src.process_pipeline - INFO - Processing Germany/2. Bundesliga/2021
2025-08-31 21:55:59,897 - src.process_pipeline - INFO - Successfully merged 293 records with team statistics
2025-08-31 21:55:59,907 - src.process_pipeline - INFO - Saved merged data to data\processed\Germany\2. Bundesliga\2021\merged_2021.csv
2025-08-31 21:55:59,907 - src.process_pipeline - INFO - Successfully merged 293 records
2025-08-31 21:55:59,919 - src.process_pipeline - INFO - Processing Germany/2. Bundesliga/2022
2025-08-31 21:55:59,937 - src.process_pipeline - INFO - Successfully merged 288 records with team statistics
2025-08-31 21:55:59,948 - src.process_pipeline - INFO - Saved merged data to data\processed\Germany\2. Bundesliga\2022\merged_2022.csv
2025-08-31 21:55:59,948 - src.process_pipeline - INFO - Successfully merged 288 records
2025-08-31 21:55:59,962 - src.process_pipeline - INFO - Processing Germany/2. Bundesliga/2023
2025-08-31 21:55:59,980 - src.process_pipeline - INFO - Successfully merged 299 records with team statistics
2025-08-31 21:55:59,992 - src.process_pipeline - INFO - Saved merged data to data\processed\Germany\2. Bundesliga\2023\merged_2023.csv
2025-08-31 21:55:59,992 - src.process_pipeline - INFO - Successfully merged 299 records
2025-08-31 21:56:00,004 - src.process_pipeline - INFO - Processing Germany/2. Bundesliga/2024
2025-08-31 21:56:00,024 - src.process_pipeline - INFO - Successfully merged 308 records with team statistics
2025-08-31 21:56:00,034 - src.process_pipeline - INFO - Saved merged data to data\processed\Germany\2. Bundesliga\2024\merged_2024.csv
2025-08-31 21:56:00,034 - src.process_pipeline - INFO - Successfully merged 308 records
2025-08-31 21:56:00,047 - src.process_pipeline - INFO - Processing Germany/2. Bundesliga/2025
2025-08-31 21:56:00,060 - src.process_pipeline - INFO - Successfully merged 18 records with team statistics
2025-08-31 21:56:00,063 - src.process_pipeline - INFO - Saved merged data to data\processed\Germany\2. Bundesliga\2025\merged_2025.csv
2025-08-31 21:56:00,064 - src.process_pipeline - INFO - Successfully merged 18 records
2025-08-31 21:56:00,078 - src.process_pipeline - INFO - Processing Germany/Bundesliga/2018
2025-08-31 21:56:00,101 - src.process_pipeline - INFO - Successfully merged 308 records with team statistics
2025-08-31 21:56:00,110 - src.process_pipeline - INFO - Saved merged data to data\processed\Germany\Bundesliga\2018\merged_2018.csv
2025-08-31 21:56:00,111 - src.process_pipeline - INFO - Successfully merged 308 records
2025-08-31 21:56:00,123 - src.process_pipeline - INFO - Processing Germany/Bundesliga/2019
2025-08-31 21:56:00,142 - src.process_pipeline - INFO - Successfully merged 260 records with team statistics
2025-08-31 21:56:00,152 - src.process_pipeline - INFO - Saved merged data to data\processed\Germany\Bundesliga\2019\merged_2019.csv
2025-08-31 21:56:00,152 - src.process_pipeline - INFO - Successfully merged 260 records
2025-08-31 21:56:00,167 - src.process_pipeline - INFO - Processing Germany/Bundesliga/2020
2025-08-31 21:56:00,187 - src.process_pipeline - INFO - Successfully merged 308 records with team statistics
2025-08-31 21:56:00,198 - src.process_pipeline - INFO - Saved merged data to data\processed\Germany\Bundesliga\2020\merged_2020.csv
2025-08-31 21:56:00,198 - src.process_pipeline - INFO - Successfully merged 308 records
2025-08-31 21:56:00,214 - src.process_pipeline - INFO - Processing Germany/Bundesliga/2021
2025-08-31 21:56:00,231 - src.process_pipeline - INFO - Successfully merged 308 records with team statistics
2025-08-31 21:56:00,241 - src.process_pipeline - INFO - Saved merged data to data\processed\Germany\Bundesliga\2021\merged_2021.csv
2025-08-31 21:56:00,241 - src.process_pipeline - INFO - Successfully merged 308 records
2025-08-31 21:56:00,255 - src.process_pipeline - INFO - Processing Germany/Bundesliga/2022
2025-08-31 21:56:00,274 - src.process_pipeline - INFO - Successfully merged 307 records with team statistics
2025-08-31 21:56:00,284 - src.process_pipeline - INFO - Saved merged data to data\processed\Germany\Bundesliga\2022\merged_2022.csv
2025-08-31 21:56:00,284 - src.process_pipeline - INFO - Successfully merged 307 records
2025-08-31 21:56:00,297 - src.process_pipeline - INFO - Processing Germany/Bundesliga/2023
2025-08-31 21:56:00,315 - src.process_pipeline - INFO - Successfully merged 308 records with team statistics
2025-08-31 21:56:00,326 - src.process_pipeline - INFO - Saved merged data to data\processed\Germany\Bundesliga\2023\merged_2023.csv
2025-08-31 21:56:00,326 - src.process_pipeline - INFO - Successfully merged 308 records
2025-08-31 21:56:00,340 - src.process_pipeline - INFO - Processing Germany/Bundesliga/2024
2025-08-31 21:56:00,358 - src.process_pipeline - INFO - Successfully merged 308 records with team statistics
2025-08-31 21:56:00,368 - src.process_pipeline - INFO - Saved merged data to data\processed\Germany\Bundesliga\2024\merged_2024.csv
2025-08-31 21:56:00,368 - src.process_pipeline - INFO - Successfully merged 308 records
2025-08-31 21:56:00,381 - src.process_pipeline - INFO - Processing Germany/Bundesliga/2025
2025-08-31 21:56:00,394 - src.process_pipeline - INFO - Successfully merged 17 records with team statistics
2025-08-31 21:56:00,396 - src.process_pipeline - INFO - Saved merged data to data\processed\Germany\Bundesliga\2025\merged_2025.csv
2025-08-31 21:56:00,397 - src.process_pipeline - INFO - Successfully merged 17 records
2025-08-31 21:56:00,412 - src.process_pipeline - INFO - Processing Germany/DFB Pokal/2018
2025-08-31 21:56:00,426 - src.process_pipeline - INFO - Successfully merged 63 records with team statistics
2025-08-31 21:56:00,429 - src.process_pipeline - INFO - Saved merged data to data\processed\Germany\DFB Pokal\2018\merged_2018.csv
2025-08-31 21:56:00,429 - src.process_pipeline - INFO - Successfully merged 63 records
2025-08-31 21:56:00,444 - src.process_pipeline - INFO - Processing Germany/DFB Pokal/2019
2025-08-31 21:56:00,456 - src.process_pipeline - INFO - Successfully merged 60 records with team statistics
2025-08-31 21:56:00,460 - src.process_pipeline - INFO - Saved merged data to data\processed\Germany\DFB Pokal\2019\merged_2019.csv
2025-08-31 21:56:00,460 - src.process_pipeline - INFO - Successfully merged 60 records
2025-08-31 21:56:00,474 - src.process_pipeline - INFO - Processing Germany/DFB Pokal/2020
2025-08-31 21:56:00,487 - src.process_pipeline - INFO - Successfully merged 63 records with team statistics
2025-08-31 21:56:00,492 - src.process_pipeline - INFO - Saved merged data to data\processed\Germany\DFB Pokal\2020\merged_2020.csv
2025-08-31 21:56:00,492 - src.process_pipeline - INFO - Successfully merged 63 records
2025-08-31 21:56:00,508 - src.process_pipeline - INFO - Processing Germany/DFB Pokal/2021
2025-08-31 21:56:00,524 - src.process_pipeline - INFO - Successfully merged 63 records with team statistics
2025-08-31 21:56:00,528 - src.process_pipeline - INFO - Saved merged data to data\processed\Germany\DFB Pokal\2021\merged_2021.csv
2025-08-31 21:56:00,528 - src.process_pipeline - INFO - Successfully merged 63 records
2025-08-31 21:56:00,542 - src.process_pipeline - INFO - Processing Germany/DFB Pokal/2022
2025-08-31 21:56:00,555 - src.process_pipeline - INFO - Successfully merged 36 records with team statistics
2025-08-31 21:56:00,558 - src.process_pipeline - INFO - Saved merged data to data\processed\Germany\DFB Pokal\2022\merged_2022.csv
2025-08-31 21:56:00,559 - src.process_pipeline - INFO - Successfully merged 36 records
2025-08-31 21:56:00,581 - src.process_pipeline - INFO - Processing Germany/DFB Pokal/2023
2025-08-31 21:56:00,597 - src.process_pipeline - INFO - Successfully merged 63 records with team statistics
2025-08-31 21:56:00,602 - src.process_pipeline - INFO - Saved merged data to data\processed\Germany\DFB Pokal\2023\merged_2023.csv
2025-08-31 21:56:00,602 - src.process_pipeline - INFO - Successfully merged 63 records
2025-08-31 21:56:00,621 - src.process_pipeline - INFO - Processing Germany/DFB Pokal/2024
2025-08-31 21:56:00,637 - src.process_pipeline - INFO - Successfully merged 63 records with team statistics
2025-08-31 21:56:00,642 - src.process_pipeline - INFO - Saved merged data to data\processed\Germany\DFB Pokal\2024\merged_2024.csv
2025-08-31 21:56:00,642 - src.process_pipeline - INFO - Successfully merged 63 records
2025-08-31 21:56:00,658 - src.process_pipeline - INFO - Processing Greece/Super League/2021
2025-08-31 21:56:00,678 - src.process_pipeline - INFO - Successfully merged 240 records with team statistics
2025-08-31 21:56:00,687 - src.process_pipeline - INFO - Saved merged data to data\processed\Greece\Super League\2021\merged_2021.csv
2025-08-31 21:56:00,687 - src.process_pipeline - INFO - Successfully merged 240 records
2025-08-31 21:56:00,702 - src.process_pipeline - INFO - Processing Greece/Super League/2022
2025-08-31 21:56:00,722 - src.process_pipeline - INFO - Successfully merged 240 records with team statistics
2025-08-31 21:56:00,732 - src.process_pipeline - INFO - Saved merged data to data\processed\Greece\Super League\2022\merged_2022.csv
2025-08-31 21:56:00,732 - src.process_pipeline - INFO - Successfully merged 240 records
2025-08-31 21:56:00,749 - src.process_pipeline - INFO - Processing Greece/Super League/2023
2025-08-31 21:56:00,770 - src.process_pipeline - INFO - Successfully merged 240 records with team statistics
2025-08-31 21:56:00,782 - src.process_pipeline - INFO - Saved merged data to data\processed\Greece\Super League\2023\merged_2023.csv
2025-08-31 21:56:00,782 - src.process_pipeline - INFO - Successfully merged 240 records
2025-08-31 21:56:00,797 - src.process_pipeline - INFO - Processing Greece/Super League/2024
2025-08-31 21:56:00,814 - src.process_pipeline - INFO - Successfully merged 236 records with team statistics
2025-08-31 21:56:00,824 - src.process_pipeline - INFO - Saved merged data to data\processed\Greece\Super League\2024\merged_2024.csv
2025-08-31 21:56:00,824 - src.process_pipeline - INFO - Successfully merged 236 records
2025-08-31 21:56:00,837 - src.process_pipeline - INFO - Processing Greece/Super League/2025
2025-08-31 21:56:00,838 - src.process_pipeline - WARNING - Missing team stats file: data\extracted\Greece\Super League\2025\team_statistics.csv
2025-08-31 21:56:00,838 - src.process_pipeline - INFO - Processing Italy/Coppa Italia/2018
2025-08-31 21:56:00,852 - src.process_pipeline - INFO - Successfully merged 61 records with team statistics
2025-08-31 21:56:00,857 - src.process_pipeline - INFO - Saved merged data to data\processed\Italy\Coppa Italia\2018\merged_2018.csv
2025-08-31 21:56:00,857 - src.process_pipeline - INFO - Successfully merged 61 records
2025-08-31 21:56:00,874 - src.process_pipeline - INFO - Processing Italy/Coppa Italia/2019
2025-08-31 21:56:00,874 - src.process_pipeline - WARNING - Missing fixtures file: data\extracted\Italy\Coppa Italia\2019\fixture_events.csv
2025-08-31 21:56:00,874 - src.process_pipeline - INFO - Processing Italy/Coppa Italia/2020
2025-08-31 21:56:00,887 - src.process_pipeline - INFO - Successfully merged 79 records with team statistics
2025-08-31 21:56:00,892 - src.process_pipeline - INFO - Saved merged data to data\processed\Italy\Coppa Italia\2020\merged_2020.csv
2025-08-31 21:56:00,892 - src.process_pipeline - INFO - Successfully merged 79 records
2025-08-31 21:56:00,907 - src.process_pipeline - INFO - Processing Italy/Coppa Italia/2021
2025-08-31 21:56:00,921 - src.process_pipeline - INFO - Successfully merged 45 records with team statistics
2025-08-31 21:56:00,925 - src.process_pipeline - INFO - Saved merged data to data\processed\Italy\Coppa Italia\2021\merged_2021.csv
2025-08-31 21:56:00,925 - src.process_pipeline - INFO - Successfully merged 45 records
2025-08-31 21:56:00,939 - src.process_pipeline - INFO - Processing Italy/Coppa Italia/2022
2025-08-31 21:56:00,952 - src.process_pipeline - INFO - Successfully merged 41 records with team statistics
2025-08-31 21:56:00,954 - src.process_pipeline - INFO - Saved merged data to data\processed\Italy\Coppa Italia\2022\merged_2022.csv
2025-08-31 21:56:00,955 - src.process_pipeline - INFO - Successfully merged 41 records
2025-08-31 21:56:00,970 - src.process_pipeline - INFO - Processing Italy/Coppa Italia/2023
2025-08-31 21:56:00,983 - src.process_pipeline - INFO - Successfully merged 45 records with team statistics
2025-08-31 21:56:00,986 - src.process_pipeline - INFO - Saved merged data to data\processed\Italy\Coppa Italia\2023\merged_2023.csv
2025-08-31 21:56:00,987 - src.process_pipeline - INFO - Successfully merged 45 records
2025-08-31 21:56:01,003 - src.process_pipeline - INFO - Processing Italy/Coppa Italia/2024
2025-08-31 21:56:01,016 - src.process_pipeline - INFO - Successfully merged 45 records with team statistics
2025-08-31 21:56:01,019 - src.process_pipeline - INFO - Saved merged data to data\processed\Italy\Coppa Italia\2024\merged_2024.csv
2025-08-31 21:56:01,019 - src.process_pipeline - INFO - Successfully merged 45 records
2025-08-31 21:56:01,035 - src.process_pipeline - INFO - Processing Italy/Serie A/2016
2025-08-31 21:56:01,057 - src.process_pipeline - INFO - Successfully merged 380 records with team statistics
2025-08-31 21:56:01,070 - src.process_pipeline - INFO - Saved merged data to data\processed\Italy\Serie A\2016\merged_2016.csv
2025-08-31 21:56:01,070 - src.process_pipeline - INFO - Successfully merged 380 records
2025-08-31 21:56:01,083 - src.process_pipeline - INFO - Processing Italy/Serie A/2017
2025-08-31 21:56:01,101 - src.process_pipeline - INFO - Successfully merged 380 records with team statistics
2025-08-31 21:56:01,116 - src.process_pipeline - INFO - Saved merged data to data\processed\Italy\Serie A\2017\merged_2017.csv
2025-08-31 21:56:01,116 - src.process_pipeline - INFO - Successfully merged 380 records
2025-08-31 21:56:01,132 - src.process_pipeline - INFO - Processing Italy/Serie A/2018
2025-08-31 21:56:01,152 - src.process_pipeline - INFO - Successfully merged 380 records with team statistics
2025-08-31 21:56:01,165 - src.process_pipeline - INFO - Saved merged data to data\processed\Italy\Serie A\2018\merged_2018.csv
2025-08-31 21:56:01,165 - src.process_pipeline - INFO - Successfully merged 380 records
2025-08-31 21:56:01,179 - src.process_pipeline - INFO - Processing Italy/Serie A/2019
2025-08-31 21:56:01,196 - src.process_pipeline - INFO - Successfully merged 256 records with team statistics
2025-08-31 21:56:01,205 - src.process_pipeline - INFO - Saved merged data to data\processed\Italy\Serie A\2019\merged_2019.csv
2025-08-31 21:56:01,205 - src.process_pipeline - INFO - Successfully merged 256 records
2025-08-31 21:56:01,222 - src.process_pipeline - INFO - Processing Italy/Serie A/2020
2025-08-31 21:56:01,240 - src.process_pipeline - INFO - Successfully merged 380 records with team statistics
2025-08-31 21:56:01,252 - src.process_pipeline - INFO - Saved merged data to data\processed\Italy\Serie A\2020\merged_2020.csv
2025-08-31 21:56:01,252 - src.process_pipeline - INFO - Successfully merged 380 records
2025-08-31 21:56:01,269 - src.process_pipeline - INFO - Processing Italy/Serie A/2021
2025-08-31 21:56:01,287 - src.process_pipeline - INFO - Successfully merged 380 records with team statistics
2025-08-31 21:56:01,300 - src.process_pipeline - INFO - Saved merged data to data\processed\Italy\Serie A\2021\merged_2021.csv
2025-08-31 21:56:01,300 - src.process_pipeline - INFO - Successfully merged 380 records
2025-08-31 21:56:01,314 - src.process_pipeline - INFO - Processing Italy/Serie A/2022
2025-08-31 21:56:01,331 - src.process_pipeline - INFO - Successfully merged 370 records with team statistics
2025-08-31 21:56:01,341 - src.process_pipeline - INFO - Saved merged data to data\processed\Italy\Serie A\2022\merged_2022.csv
2025-08-31 21:56:01,341 - src.process_pipeline - INFO - Successfully merged 370 records
2025-08-31 21:56:01,355 - src.process_pipeline - INFO - Processing Italy/Serie A/2023
2025-08-31 21:56:01,372 - src.process_pipeline - INFO - Successfully merged 379 records with team statistics
2025-08-31 21:56:01,384 - src.process_pipeline - INFO - Saved merged data to data\processed\Italy\Serie A\2023\merged_2023.csv
2025-08-31 21:56:01,384 - src.process_pipeline - INFO - Successfully merged 379 records
2025-08-31 21:56:01,400 - src.process_pipeline - INFO - Processing Italy/Serie A/2024
2025-08-31 21:56:01,419 - src.process_pipeline - INFO - Successfully merged 380 records with team statistics
2025-08-31 21:56:01,439 - src.process_pipeline - INFO - Saved merged data to data\processed\Italy\Serie A\2024\merged_2024.csv
2025-08-31 21:56:01,439 - src.process_pipeline - INFO - Successfully merged 380 records
2025-08-31 21:56:01,456 - src.process_pipeline - INFO - Processing Italy/Serie A/2025
2025-08-31 21:56:01,470 - src.process_pipeline - INFO - Successfully merged 18 records with team statistics
2025-08-31 21:56:01,472 - src.process_pipeline - INFO - Saved merged data to data\processed\Italy\Serie A\2025\merged_2025.csv
2025-08-31 21:56:01,473 - src.process_pipeline - INFO - Successfully merged 18 records
2025-08-31 21:56:01,491 - src.process_pipeline - INFO - Processing Italy/Serie B/2017
2025-08-31 21:56:01,510 - src.process_pipeline - INFO - Successfully merged 464 records with team statistics
2025-08-31 21:56:01,527 - src.process_pipeline - INFO - Saved merged data to data\processed\Italy\Serie B\2017\merged_2017.csv
2025-08-31 21:56:01,527 - src.process_pipeline - INFO - Successfully merged 464 records
2025-08-31 21:56:01,550 - src.process_pipeline - INFO - Processing Italy/Serie B/2018
2025-08-31 21:56:01,551 - src.process_pipeline - WARNING - Missing fixtures file: data\extracted\Italy\Serie B\2018\fixture_events.csv
2025-08-31 21:56:01,551 - src.process_pipeline - INFO - Processing Italy/Serie B/2019
2025-08-31 21:56:01,568 - src.process_pipeline - INFO - Successfully merged 279 records with team statistics
2025-08-31 21:56:01,576 - src.process_pipeline - INFO - Saved merged data to data\processed\Italy\Serie B\2019\merged_2019.csv
2025-08-31 21:56:01,577 - src.process_pipeline - INFO - Successfully merged 279 records
2025-08-31 21:56:01,590 - src.process_pipeline - INFO - Processing Italy/Serie B/2020
2025-08-31 21:56:01,606 - src.process_pipeline - INFO - Successfully merged 388 records with team statistics
2025-08-31 21:56:01,621 - src.process_pipeline - INFO - Saved merged data to data\processed\Italy\Serie B\2020\merged_2020.csv
2025-08-31 21:56:01,621 - src.process_pipeline - INFO - Successfully merged 388 records
2025-08-31 21:56:01,644 - src.process_pipeline - INFO - Processing Italy/Serie B/2021
2025-08-31 21:56:01,664 - src.process_pipeline - INFO - Successfully merged 390 records with team statistics
2025-08-31 21:56:01,676 - src.process_pipeline - INFO - Saved merged data to data\processed\Italy\Serie B\2021\merged_2021.csv
2025-08-31 21:56:01,676 - src.process_pipeline - INFO - Successfully merged 390 records
2025-08-31 21:56:01,698 - src.process_pipeline - INFO - Processing Italy/Serie B/2022
2025-08-31 21:56:01,716 - src.process_pipeline - INFO - Successfully merged 385 records with team statistics
2025-08-31 21:56:01,729 - src.process_pipeline - INFO - Saved merged data to data\processed\Italy\Serie B\2022\merged_2022.csv
2025-08-31 21:56:01,729 - src.process_pipeline - INFO - Successfully merged 385 records
2025-08-31 21:56:01,746 - src.process_pipeline - INFO - Processing Italy/Serie B/2023
2025-08-31 21:56:01,767 - src.process_pipeline - INFO - Successfully merged 389 records with team statistics
2025-08-31 21:56:01,781 - src.process_pipeline - INFO - Saved merged data to data\processed\Italy\Serie B\2023\merged_2023.csv
2025-08-31 21:56:01,781 - src.process_pipeline - INFO - Successfully merged 389 records
2025-08-31 21:56:01,806 - src.process_pipeline - INFO - Processing Italy/Serie B/2024
2025-08-31 21:56:01,828 - src.process_pipeline - INFO - Successfully merged 387 records with team statistics
2025-08-31 21:56:01,841 - src.process_pipeline - INFO - Saved merged data to data\processed\Italy\Serie B\2024\merged_2024.csv
2025-08-31 21:56:01,841 - src.process_pipeline - INFO - Successfully merged 387 records
2025-08-31 21:56:01,864 - src.process_pipeline - INFO - Processing Italy/Serie B/2025
2025-08-31 21:56:01,864 - src.process_pipeline - WARNING - Missing fixtures file: data\extracted\Italy\Serie B\2025\fixture_events.csv
2025-08-31 21:56:01,865 - src.process_pipeline - INFO - Processing Spain/Copa del Rey/2018
2025-08-31 21:56:01,879 - src.process_pipeline - INFO - Successfully merged 71 records with team statistics
2025-08-31 21:56:01,883 - src.process_pipeline - INFO - Saved merged data to data\processed\Spain\Copa del Rey\2018\merged_2018.csv
2025-08-31 21:56:01,883 - src.process_pipeline - INFO - Successfully merged 71 records
2025-08-31 21:56:01,898 - src.process_pipeline - INFO - Processing Spain/Copa del Rey/2019
2025-08-31 21:56:01,913 - src.process_pipeline - INFO - Successfully merged 127 records with team statistics
2025-08-31 21:56:01,919 - src.process_pipeline - INFO - Saved merged data to data\processed\Spain\Copa del Rey\2019\merged_2019.csv
2025-08-31 21:56:01,919 - src.process_pipeline - INFO - Successfully merged 127 records
2025-08-31 21:56:01,937 - src.process_pipeline - INFO - Processing Spain/Copa del Rey/2020
2025-08-31 21:56:01,953 - src.process_pipeline - INFO - Successfully merged 127 records with team statistics
2025-08-31 21:56:01,959 - src.process_pipeline - INFO - Saved merged data to data\processed\Spain\Copa del Rey\2020\merged_2020.csv
2025-08-31 21:56:01,960 - src.process_pipeline - INFO - Successfully merged 127 records
2025-08-31 21:56:01,978 - src.process_pipeline - INFO - Processing Spain/Copa del Rey/2021
2025-08-31 21:56:01,992 - src.process_pipeline - INFO - Successfully merged 127 records with team statistics
2025-08-31 21:56:01,998 - src.process_pipeline - INFO - Saved merged data to data\processed\Spain\Copa del Rey\2021\merged_2021.csv
2025-08-31 21:56:01,999 - src.process_pipeline - INFO - Successfully merged 127 records
2025-08-31 21:56:02,019 - src.process_pipeline - INFO - Processing Spain/Copa del Rey/2022
2025-08-31 21:56:02,032 - src.process_pipeline - INFO - Successfully merged 125 records with team statistics
2025-08-31 21:56:02,038 - src.process_pipeline - INFO - Saved merged data to data\processed\Spain\Copa del Rey\2022\merged_2022.csv
2025-08-31 21:56:02,038 - src.process_pipeline - INFO - Successfully merged 125 records
2025-08-31 21:56:02,054 - src.process_pipeline - INFO - Processing Spain/Copa del Rey/2023
2025-08-31 21:56:02,069 - src.process_pipeline - INFO - Successfully merged 126 records with team statistics
2025-08-31 21:56:02,075 - src.process_pipeline - INFO - Saved merged data to data\processed\Spain\Copa del Rey\2023\merged_2023.csv
2025-08-31 21:56:02,076 - src.process_pipeline - INFO - Successfully merged 126 records
2025-08-31 21:56:02,180 - src.process_pipeline - INFO - Processing Spain/Copa del Rey/2024
2025-08-31 21:56:02,194 - src.process_pipeline - INFO - Successfully merged 126 records with team statistics
2025-08-31 21:56:02,200 - src.process_pipeline - INFO - Saved merged data to data\processed\Spain\Copa del Rey\2024\merged_2024.csv
2025-08-31 21:56:02,200 - src.process_pipeline - INFO - Successfully merged 126 records
2025-08-31 21:56:02,223 - src.process_pipeline - INFO - Processing Spain/La Liga/2020
2025-08-31 21:56:02,244 - src.process_pipeline - INFO - Successfully merged 380 records with team statistics
2025-08-31 21:56:02,256 - src.process_pipeline - INFO - Saved merged data to data\processed\Spain\La Liga\2020\merged_2020.csv
2025-08-31 21:56:02,256 - src.process_pipeline - INFO - Successfully merged 380 records
2025-08-31 21:56:02,275 - src.process_pipeline - INFO - Processing Spain/La Liga/2021
2025-08-31 21:56:02,295 - src.process_pipeline - INFO - Successfully merged 380 records with team statistics
2025-08-31 21:56:02,306 - src.process_pipeline - INFO - Saved merged data to data\processed\Spain\La Liga\2021\merged_2021.csv
2025-08-31 21:56:02,306 - src.process_pipeline - INFO - Successfully merged 380 records
2025-08-31 21:56:02,328 - src.process_pipeline - INFO - Processing Spain/La Liga/2022
2025-08-31 21:56:02,347 - src.process_pipeline - INFO - Successfully merged 370 records with team statistics
2025-08-31 21:56:02,358 - src.process_pipeline - INFO - Saved merged data to data\processed\Spain\La Liga\2022\merged_2022.csv
2025-08-31 21:56:02,359 - src.process_pipeline - INFO - Successfully merged 370 records
2025-08-31 21:56:02,378 - src.process_pipeline - INFO - Processing Spain/La Liga/2023
2025-08-31 21:56:02,398 - src.process_pipeline - INFO - Successfully merged 380 records with team statistics
2025-08-31 21:56:02,411 - src.process_pipeline - INFO - Saved merged data to data\processed\Spain\La Liga\2023\merged_2023.csv
2025-08-31 21:56:02,411 - src.process_pipeline - INFO - Successfully merged 380 records
2025-08-31 21:56:02,430 - src.process_pipeline - INFO - Processing Spain/La Liga/2024
2025-08-31 21:56:02,447 - src.process_pipeline - INFO - Successfully merged 380 records with team statistics
2025-08-31 21:56:02,459 - src.process_pipeline - INFO - Saved merged data to data\processed\Spain\La Liga\2024\merged_2024.csv
2025-08-31 21:56:02,459 - src.process_pipeline - INFO - Successfully merged 380 records
2025-08-31 21:56:02,479 - src.process_pipeline - INFO - Processing Spain/La Liga/2025
2025-08-31 21:56:02,492 - src.process_pipeline - INFO - Successfully merged 28 records with team statistics
2025-08-31 21:56:02,495 - src.process_pipeline - INFO - Saved merged data to data\processed\Spain\La Liga\2025\merged_2025.csv
2025-08-31 21:56:02,495 - src.process_pipeline - INFO - Successfully merged 28 records
2025-08-31 21:56:02,514 - src.process_pipeline - INFO - Processing Spain/Segunda Division/2017
2025-08-31 21:56:02,536 - src.process_pipeline - INFO - Successfully merged 468 records with team statistics
2025-08-31 21:56:02,557 - src.process_pipeline - INFO - Saved merged data to data\processed\Spain\Segunda Division\2017\merged_2017.csv
2025-08-31 21:56:02,557 - src.process_pipeline - INFO - Successfully merged 468 records
2025-08-31 21:56:02,578 - src.process_pipeline - INFO - Processing Spain/Segunda Division/2018
2025-08-31 21:56:02,599 - src.process_pipeline - INFO - Successfully merged 466 records with team statistics
2025-08-31 21:56:02,618 - src.process_pipeline - INFO - Saved merged data to data\processed\Spain\Segunda Division\2018\merged_2018.csv
2025-08-31 21:56:02,618 - src.process_pipeline - INFO - Successfully merged 466 records
2025-08-31 21:56:02,639 - src.process_pipeline - INFO - Processing Spain/Segunda Division/2019
2025-08-31 21:56:02,659 - src.process_pipeline - INFO - Successfully merged 398 records with team statistics
2025-08-31 21:56:02,671 - src.process_pipeline - INFO - Saved merged data to data\processed\Spain\Segunda Division\2019\merged_2019.csv
2025-08-31 21:56:02,671 - src.process_pipeline - INFO - Successfully merged 398 records
2025-08-31 21:56:02,695 - src.process_pipeline - INFO - Processing Spain/Segunda Division/2020
2025-08-31 21:56:02,716 - src.process_pipeline - INFO - Successfully merged 468 records with team statistics
2025-08-31 21:56:02,734 - src.process_pipeline - INFO - Saved merged data to data\processed\Spain\Segunda Division\2020\merged_2020.csv
2025-08-31 21:56:02,734 - src.process_pipeline - INFO - Successfully merged 468 records
2025-08-31 21:56:02,756 - src.process_pipeline - INFO - Processing Spain/Segunda Division/2021
2025-08-31 21:56:02,779 - src.process_pipeline - INFO - Successfully merged 468 records with team statistics
2025-08-31 21:56:02,794 - src.process_pipeline - INFO - Saved merged data to data\processed\Spain\Segunda Division\2021\merged_2021.csv
2025-08-31 21:56:02,794 - src.process_pipeline - INFO - Successfully merged 468 records
2025-08-31 21:56:02,817 - src.process_pipeline - INFO - Processing Spain/Segunda Division/2022
2025-08-31 21:56:02,843 - src.process_pipeline - INFO - Successfully merged 468 records with team statistics
2025-08-31 21:56:02,861 - src.process_pipeline - INFO - Saved merged data to data\processed\Spain\Segunda Division\2022\merged_2022.csv
2025-08-31 21:56:02,861 - src.process_pipeline - INFO - Successfully merged 468 records
2025-08-31 21:56:02,883 - src.process_pipeline - INFO - Processing Spain/Segunda Division/2023
2025-08-31 21:56:02,908 - src.process_pipeline - INFO - Successfully merged 468 records with team statistics
2025-08-31 21:56:02,927 - src.process_pipeline - INFO - Saved merged data to data\processed\Spain\Segunda Division\2023\merged_2023.csv
2025-08-31 21:56:02,927 - src.process_pipeline - INFO - Successfully merged 468 records
2025-08-31 21:56:02,950 - src.process_pipeline - INFO - Processing Spain/Segunda Division/2024
2025-08-31 21:56:02,972 - src.process_pipeline - INFO - Successfully merged 468 records with team statistics
2025-08-31 21:56:02,991 - src.process_pipeline - INFO - Saved merged data to data\processed\Spain\Segunda Division\2024\merged_2024.csv
2025-08-31 21:56:02,992 - src.process_pipeline - INFO - Successfully merged 468 records
2025-08-31 21:56:03,014 - src.process_pipeline - INFO - Processing Spain/Segunda Division/2025
2025-08-31 21:56:03,026 - src.process_pipeline - INFO - Successfully merged 11 records with team statistics
2025-08-31 21:56:03,028 - src.process_pipeline - INFO - Saved merged data to data\processed\Spain\Segunda Division\2025\merged_2025.csv
2025-08-31 21:56:03,028 - src.process_pipeline - INFO - Successfully merged 11 records
