2025-08-28 21:37:45,606 - src.process_pipeline - INFO - Logging initialized. Log file: logs/process\process_20250828_213745.log
2025-08-28 21:37:46,240 - src.process_pipeline - INFO - Loaded H2H data with 6292 team pairs
2025-08-28 21:37:46,251 - src.process_pipeline - INFO - Loaded standings data for 2401 teams
2025-08-28 21:37:46,395 - src.process_pipeline - INFO - Processing Europe/Champions League/2018
2025-08-28 21:37:46,411 - src.process_pipeline - INFO - Successfully merged 166 records with team statistics
2025-08-28 21:37:46,419 - src.process_pipeline - INFO - Saved merged data to data\processed\Europe\Champions League\2018\merged_2018.csv
2025-08-28 21:37:46,419 - src.process_pipeline - INFO - Successfully merged 166 records
2025-08-28 21:37:46,420 - src.process_pipeline - INFO - Processing Europe/Champions League/2019
2025-08-28 21:37:46,434 - src.process_pipeline - INFO - Successfully merged 140 records with team statistics
2025-08-28 21:37:46,441 - src.process_pipeline - INFO - Saved merged data to data\processed\Europe\Champions League\2019\merged_2019.csv
2025-08-28 21:37:46,441 - src.process_pipeline - INFO - Successfully merged 140 records
2025-08-28 21:37:46,444 - src.process_pipeline - INFO - Processing Europe/Champions League/2020
2025-08-28 21:37:46,459 - src.process_pipeline - INFO - Successfully merged 178 records with team statistics
2025-08-28 21:37:46,467 - src.process_pipeline - INFO - Saved merged data to data\processed\Europe\Champions League\2020\merged_2020.csv
2025-08-28 21:37:46,467 - src.process_pipeline - INFO - Successfully merged 178 records
2025-08-28 21:37:46,470 - src.process_pipeline - INFO - Processing Europe/Champions League/2021
2025-08-28 21:37:46,484 - src.process_pipeline - INFO - Successfully merged 157 records with team statistics
2025-08-28 21:37:46,491 - src.process_pipeline - INFO - Saved merged data to data\processed\Europe\Champions League\2021\merged_2021.csv
2025-08-28 21:37:46,491 - src.process_pipeline - INFO - Successfully merged 157 records
2025-08-28 21:37:46,494 - src.process_pipeline - INFO - Processing Europe/Champions League/2022
2025-08-28 21:37:46,511 - src.process_pipeline - INFO - Successfully merged 210 records with team statistics
2025-08-28 21:37:46,519 - src.process_pipeline - INFO - Saved merged data to data\processed\Europe\Champions League\2022\merged_2022.csv
2025-08-28 21:37:46,519 - src.process_pipeline - INFO - Successfully merged 210 records
2025-08-28 21:37:46,522 - src.process_pipeline - INFO - Processing Europe/Champions League/2023
2025-08-28 21:37:46,537 - src.process_pipeline - INFO - Successfully merged 211 records with team statistics
2025-08-28 21:37:46,546 - src.process_pipeline - INFO - Saved merged data to data\processed\Europe\Champions League\2023\merged_2023.csv
2025-08-28 21:37:46,546 - src.process_pipeline - INFO - Successfully merged 211 records
2025-08-28 21:37:46,549 - src.process_pipeline - INFO - Processing Europe/Champions League/2024
2025-08-28 21:37:46,565 - src.process_pipeline - INFO - Successfully merged 279 records with team statistics
2025-08-28 21:37:46,576 - src.process_pipeline - INFO - Saved merged data to data\processed\Europe\Champions League\2024\merged_2024.csv
2025-08-28 21:37:46,576 - src.process_pipeline - INFO - Successfully merged 279 records
2025-08-28 21:37:46,579 - src.process_pipeline - INFO - Processing Europe/Champions League/2025
2025-08-28 21:37:46,591 - src.process_pipeline - INFO - Successfully merged 30 records with team statistics
2025-08-28 21:37:46,595 - src.process_pipeline - INFO - Saved merged data to data\processed\Europe\Champions League\2025\merged_2025.csv
2025-08-28 21:37:46,595 - src.process_pipeline - INFO - Successfully merged 30 records
2025-08-28 21:37:46,598 - src.process_pipeline - INFO - Processing Europe/Conference League/2021
2025-08-28 21:37:46,616 - src.process_pipeline - INFO - Successfully merged 423 records with team statistics
2025-08-28 21:37:46,632 - src.process_pipeline - INFO - Saved merged data to data\processed\Europe\Conference League\2021\merged_2021.csv
2025-08-28 21:37:46,632 - src.process_pipeline - INFO - Successfully merged 423 records
2025-08-28 21:37:46,636 - src.process_pipeline - INFO - Processing Europe/Conference League/2022
2025-08-28 21:37:46,655 - src.process_pipeline - INFO - Successfully merged 414 records with team statistics
2025-08-28 21:37:46,669 - src.process_pipeline - INFO - Saved merged data to data\processed\Europe\Conference League\2022\merged_2022.csv
2025-08-28 21:37:46,670 - src.process_pipeline - INFO - Successfully merged 414 records
2025-08-28 21:37:46,673 - src.process_pipeline - INFO - Processing Europe/Conference League/2023
2025-08-28 21:37:46,691 - src.process_pipeline - INFO - Successfully merged 417 records with team statistics
2025-08-28 21:37:46,707 - src.process_pipeline - INFO - Saved merged data to data\processed\Europe\Conference League\2023\merged_2023.csv
2025-08-28 21:37:46,707 - src.process_pipeline - INFO - Successfully merged 417 records
2025-08-28 21:37:46,711 - src.process_pipeline - INFO - Processing Europe/Conference League/2024
2025-08-28 21:37:46,711 - src.process_pipeline - WARNING - Missing team stats file: data\extracted\Europe\Conference League\2024\team_statistics.csv
2025-08-28 21:37:46,712 - src.process_pipeline - INFO - Processing Europe/Conference League/2025
2025-08-28 21:37:46,725 - src.process_pipeline - INFO - Successfully merged 84 records with team statistics
2025-08-28 21:37:46,730 - src.process_pipeline - INFO - Saved merged data to data\processed\Europe\Conference League\2025\merged_2025.csv
2025-08-28 21:37:46,730 - src.process_pipeline - INFO - Successfully merged 84 records
2025-08-28 21:37:46,733 - src.process_pipeline - INFO - Processing Europe/Europa League/2018
2025-08-28 21:37:46,750 - src.process_pipeline - INFO - Successfully merged 364 records with team statistics
2025-08-28 21:37:46,764 - src.process_pipeline - INFO - Saved merged data to data\processed\Europe\Europa League\2018\merged_2018.csv
2025-08-28 21:37:46,764 - src.process_pipeline - INFO - Successfully merged 364 records
2025-08-28 21:37:46,767 - src.process_pipeline - INFO - Processing Europe/Europa League/2019
2025-08-28 21:37:46,786 - src.process_pipeline - INFO - Successfully merged 337 records with team statistics
2025-08-28 21:37:46,799 - src.process_pipeline - INFO - Saved merged data to data\processed\Europe\Europa League\2019\merged_2019.csv
2025-08-28 21:37:46,799 - src.process_pipeline - INFO - Successfully merged 337 records
2025-08-28 21:37:46,803 - src.process_pipeline - INFO - Processing Europe/Europa League/2020
2025-08-28 21:37:46,821 - src.process_pipeline - INFO - Successfully merged 362 records with team statistics
2025-08-28 21:37:46,835 - src.process_pipeline - INFO - Saved merged data to data\processed\Europe\Europa League\2020\merged_2020.csv
2025-08-28 21:37:46,835 - src.process_pipeline - INFO - Successfully merged 362 records
2025-08-28 21:37:46,839 - src.process_pipeline - INFO - Processing Europe/Europa League/2021
2025-08-28 21:37:46,855 - src.process_pipeline - INFO - Successfully merged 177 records with team statistics
2025-08-28 21:37:46,863 - src.process_pipeline - INFO - Saved merged data to data\processed\Europe\Europa League\2021\merged_2021.csv
2025-08-28 21:37:46,863 - src.process_pipeline - INFO - Successfully merged 177 records
2025-08-28 21:37:46,867 - src.process_pipeline - INFO - Processing Europe/Europa League/2022
2025-08-28 21:37:46,882 - src.process_pipeline - INFO - Successfully merged 175 records with team statistics
2025-08-28 21:37:46,889 - src.process_pipeline - INFO - Saved merged data to data\processed\Europe\Europa League\2022\merged_2022.csv
2025-08-28 21:37:46,890 - src.process_pipeline - INFO - Successfully merged 175 records
2025-08-28 21:37:46,894 - src.process_pipeline - INFO - Processing Europe/Europa League/2023
2025-08-28 21:37:46,909 - src.process_pipeline - INFO - Successfully merged 175 records with team statistics
2025-08-28 21:37:46,916 - src.process_pipeline - INFO - Saved merged data to data\processed\Europe\Europa League\2023\merged_2023.csv
2025-08-28 21:37:46,916 - src.process_pipeline - INFO - Successfully merged 175 records
2025-08-28 21:37:46,921 - src.process_pipeline - INFO - Processing Europe/Europa League/2024
2025-08-28 21:37:46,937 - src.process_pipeline - INFO - Successfully merged 269 records with team statistics
2025-08-28 21:37:46,947 - src.process_pipeline - INFO - Saved merged data to data\processed\Europe\Europa League\2024\merged_2024.csv
2025-08-28 21:37:46,947 - src.process_pipeline - INFO - Successfully merged 269 records
2025-08-28 21:37:46,951 - src.process_pipeline - INFO - Processing Europe/Europa League/2025
2025-08-28 21:37:46,963 - src.process_pipeline - INFO - Successfully merged 38 records with team statistics
2025-08-28 21:37:46,966 - src.process_pipeline - INFO - Saved merged data to data\processed\Europe\Europa League\2025\merged_2025.csv
2025-08-28 21:37:46,966 - src.process_pipeline - INFO - Successfully merged 38 records
2025-08-28 21:37:46,972 - src.process_pipeline - INFO - Processing Italy/Coppa Italia/2020
2025-08-28 21:37:46,986 - src.process_pipeline - INFO - Successfully merged 79 records with team statistics
2025-08-28 21:37:46,989 - src.process_pipeline - INFO - Saved merged data to data\processed\Italy\Coppa Italia\2020\merged_2020.csv
2025-08-28 21:37:46,990 - src.process_pipeline - INFO - Successfully merged 79 records
2025-08-28 21:37:46,994 - src.process_pipeline - INFO - Processing Italy/Coppa Italia/2021
2025-08-28 21:37:47,006 - src.process_pipeline - INFO - Successfully merged 45 records with team statistics
2025-08-28 21:37:47,010 - src.process_pipeline - INFO - Saved merged data to data\processed\Italy\Coppa Italia\2021\merged_2021.csv
2025-08-28 21:37:47,010 - src.process_pipeline - INFO - Successfully merged 45 records
2025-08-28 21:37:47,014 - src.process_pipeline - INFO - Processing Italy/Coppa Italia/2022
2025-08-28 21:37:47,027 - src.process_pipeline - INFO - Successfully merged 41 records with team statistics
2025-08-28 21:37:47,030 - src.process_pipeline - INFO - Saved merged data to data\processed\Italy\Coppa Italia\2022\merged_2022.csv
2025-08-28 21:37:47,031 - src.process_pipeline - INFO - Successfully merged 41 records
2025-08-28 21:37:47,036 - src.process_pipeline - INFO - Processing Italy/Coppa Italia/2023
2025-08-28 21:37:47,052 - src.process_pipeline - INFO - Successfully merged 45 records with team statistics
2025-08-28 21:37:47,055 - src.process_pipeline - INFO - Saved merged data to data\processed\Italy\Coppa Italia\2023\merged_2023.csv
2025-08-28 21:37:47,055 - src.process_pipeline - INFO - Successfully merged 45 records
2025-08-28 21:37:47,061 - src.process_pipeline - INFO - Processing Italy/Coppa Italia/2024
2025-08-28 21:37:47,076 - src.process_pipeline - INFO - Successfully merged 45 records with team statistics
2025-08-28 21:37:47,082 - src.process_pipeline - INFO - Saved merged data to data\processed\Italy\Coppa Italia\2024\merged_2024.csv
2025-08-28 21:37:47,082 - src.process_pipeline - INFO - Successfully merged 45 records
2025-08-28 21:37:47,090 - src.process_pipeline - INFO - Processing Italy/Serie A/2018
2025-08-28 21:37:47,113 - src.process_pipeline - INFO - Successfully merged 380 records with team statistics
2025-08-28 21:37:47,129 - src.process_pipeline - INFO - Saved merged data to data\processed\Italy\Serie A\2018\merged_2018.csv
2025-08-28 21:37:47,129 - src.process_pipeline - INFO - Successfully merged 380 records
2025-08-28 21:37:47,135 - src.process_pipeline - INFO - Processing Italy/Serie A/2019
2025-08-28 21:37:47,153 - src.process_pipeline - INFO - Successfully merged 256 records with team statistics
2025-08-28 21:37:47,167 - src.process_pipeline - INFO - Saved merged data to data\processed\Italy\Serie A\2019\merged_2019.csv
2025-08-28 21:37:47,167 - src.process_pipeline - INFO - Successfully merged 256 records
2025-08-28 21:37:47,184 - src.process_pipeline - INFO - Processing Italy/Serie A/2020
2025-08-28 21:37:47,222 - src.process_pipeline - INFO - Successfully merged 380 records with team statistics
2025-08-28 21:37:47,240 - src.process_pipeline - INFO - Saved merged data to data\processed\Italy\Serie A\2020\merged_2020.csv
2025-08-28 21:37:47,241 - src.process_pipeline - INFO - Successfully merged 380 records
2025-08-28 21:37:47,250 - src.process_pipeline - INFO - Processing Italy/Serie A/2021
2025-08-28 21:37:47,271 - src.process_pipeline - INFO - Successfully merged 380 records with team statistics
2025-08-28 21:37:47,284 - src.process_pipeline - INFO - Saved merged data to data\processed\Italy\Serie A\2021\merged_2021.csv
2025-08-28 21:37:47,285 - src.process_pipeline - INFO - Successfully merged 380 records
2025-08-28 21:37:47,292 - src.process_pipeline - INFO - Processing Italy/Serie A/2022
2025-08-28 21:37:47,313 - src.process_pipeline - INFO - Successfully merged 370 records with team statistics
2025-08-28 21:37:47,327 - src.process_pipeline - INFO - Saved merged data to data\processed\Italy\Serie A\2022\merged_2022.csv
2025-08-28 21:37:47,327 - src.process_pipeline - INFO - Successfully merged 370 records
2025-08-28 21:37:47,335 - src.process_pipeline - INFO - Processing Italy/Serie A/2023
2025-08-28 21:37:47,353 - src.process_pipeline - INFO - Successfully merged 379 records with team statistics
2025-08-28 21:37:47,364 - src.process_pipeline - INFO - Saved merged data to data\processed\Italy\Serie A\2023\merged_2023.csv
2025-08-28 21:37:47,364 - src.process_pipeline - INFO - Successfully merged 379 records
2025-08-28 21:37:47,370 - src.process_pipeline - INFO - Processing Italy/Serie A/2024
2025-08-28 21:37:47,389 - src.process_pipeline - INFO - Successfully merged 380 records with team statistics
2025-08-28 21:37:47,405 - src.process_pipeline - INFO - Saved merged data to data\processed\Italy\Serie A\2024\merged_2024.csv
2025-08-28 21:37:47,405 - src.process_pipeline - INFO - Successfully merged 380 records
2025-08-28 21:37:47,413 - src.process_pipeline - INFO - Processing Italy/Serie A/2025
2025-08-28 21:37:47,424 - src.process_pipeline - INFO - Successfully merged 10 records with team statistics
2025-08-28 21:37:47,428 - src.process_pipeline - INFO - Saved merged data to data\processed\Italy\Serie A\2025\merged_2025.csv
2025-08-28 21:37:47,428 - src.process_pipeline - INFO - Successfully merged 10 records
2025-08-28 21:37:47,440 - src.process_pipeline - INFO - Processing Italy/Serie B/2021
2025-08-28 21:37:47,463 - src.process_pipeline - INFO - Successfully merged 390 records with team statistics
2025-08-28 21:37:47,474 - src.process_pipeline - INFO - Saved merged data to data\processed\Italy\Serie B\2021\merged_2021.csv
2025-08-28 21:37:47,474 - src.process_pipeline - INFO - Successfully merged 390 records
2025-08-28 21:37:47,482 - src.process_pipeline - INFO - Processing Italy/Serie B/2022
2025-08-28 21:37:47,501 - src.process_pipeline - INFO - Successfully merged 385 records with team statistics
2025-08-28 21:37:47,514 - src.process_pipeline - INFO - Saved merged data to data\processed\Italy\Serie B\2022\merged_2022.csv
2025-08-28 21:37:47,514 - src.process_pipeline - INFO - Successfully merged 385 records
2025-08-28 21:37:47,521 - src.process_pipeline - INFO - Processing Italy/Serie B/2023
2025-08-28 21:37:47,543 - src.process_pipeline - INFO - Successfully merged 389 records with team statistics
2025-08-28 21:37:47,556 - src.process_pipeline - INFO - Saved merged data to data\processed\Italy\Serie B\2023\merged_2023.csv
2025-08-28 21:37:47,557 - src.process_pipeline - INFO - Successfully merged 389 records
2025-08-28 21:37:47,569 - src.process_pipeline - INFO - Processing Italy/Serie B/2024
2025-08-28 21:37:47,591 - src.process_pipeline - INFO - Successfully merged 387 records with team statistics
2025-08-28 21:37:47,605 - src.process_pipeline - INFO - Saved merged data to data\processed\Italy\Serie B\2024\merged_2024.csv
2025-08-28 21:37:47,605 - src.process_pipeline - INFO - Successfully merged 387 records
2025-08-28 21:37:47,614 - src.process_pipeline - INFO - Processing Italy/Serie B/2025
2025-08-28 21:37:47,614 - src.process_pipeline - WARNING - Missing fixtures file: data\extracted\Italy\Serie B\2025\fixture_events.csv
2025-08-28 21:37:47,614 - src.process_pipeline - INFO - Starting preprocessing and feature engineering
2025-08-28 21:37:47,614 - src.process_pipeline - INFO - Initial data shape: (8947, 71)
2025-08-28 21:37:47,615 - src.process_pipeline - INFO - Cleaning data
2025-08-28 21:37:48,396 - src.process_pipeline - INFO - Adding competition info from league names
2025-08-28 21:37:48,471 - src.process_pipeline - INFO - Competition Distribution:
2025-08-28 21:37:48,471 - src.process_pipeline - INFO -   Cup matches: 251 (2.8%)
2025-08-28 21:37:48,471 - src.process_pipeline - INFO -   European matches: 4599 (51.5%)
2025-08-28 21:37:48,471 - src.process_pipeline - INFO -   League matches: 4086 (45.7%)
2025-08-28 21:37:48,473 - src.process_pipeline - INFO - Adding competition context
2025-08-28 21:37:49,081 - src.process_pipeline - INFO - Adding competition metrics
2025-08-28 21:37:49,511 - src.process_pipeline - INFO - Calculating proper standings for 8936 matches...
2025-08-28 21:37:50,100 - src.process_pipeline - INFO - Standings progress: 11.2% (1000/8936)
2025-08-28 21:37:50,745 - src.process_pipeline - INFO - Standings progress: 22.4% (2000/8936)
2025-08-28 21:37:51,448 - src.process_pipeline - INFO - Standings progress: 33.6% (3000/8936)
2025-08-28 21:37:52,085 - src.process_pipeline - INFO - Standings progress: 44.8% (4000/8936)
2025-08-28 21:37:52,704 - src.process_pipeline - INFO - Standings progress: 56.0% (5000/8936)
2025-08-28 21:37:53,358 - src.process_pipeline - INFO - Standings progress: 67.1% (6000/8936)
2025-08-28 21:37:53,993 - src.process_pipeline - INFO - Standings progress: 78.3% (7000/8936)
2025-08-28 21:37:54,943 - src.process_pipeline - INFO - Standings progress: 89.5% (8000/8936)
2025-08-28 21:37:55,749 - src.process_pipeline - INFO - Standings progress: 100.0% (8936/8936)
2025-08-28 21:38:08,151 - src.process_pipeline - INFO - Completed: Processing 8936 matches...
2025-08-28 21:38:14,828 - src.process_pipeline - INFO - Progress: 10% (893/8936) - 6.7s
2025-08-28 21:38:21,594 - src.process_pipeline - INFO - Progress: 20% (1786/8936) - 13.4s
2025-08-28 21:38:29,484 - src.process_pipeline - INFO - Progress: 30% (2679/8936) - 21.3s
2025-08-28 21:38:36,074 - src.process_pipeline - INFO - Progress: 40% (3572/8936) - 27.9s
2025-08-28 21:38:45,010 - src.process_pipeline - INFO - Progress: 50% (4465/8936) - 36.9s
2025-08-28 21:38:53,285 - src.process_pipeline - INFO - Progress: 60% (5358/8936) - 45.1s
2025-08-28 21:39:02,104 - src.process_pipeline - INFO - Progress: 70% (6251/8936) - 54.0s
2025-08-28 21:39:11,069 - src.process_pipeline - INFO - Progress: 80% (7144/8936) - 62.9s
2025-08-28 21:39:19,392 - src.process_pipeline - INFO - Progress: 90% (8037/8936) - 71.2s
2025-08-28 21:39:28,547 - src.process_pipeline - INFO - Progress: 100% (8930/8936) - 80.4s
2025-08-28 21:39:28,611 - src.process_pipeline - INFO - Progress: 100% (8936/8936) - 80.5s
2025-08-28 21:39:28,614 - src.process_pipeline - INFO - Upcoming: No matches to process
2025-08-28 21:39:29,525 - src.process_pipeline - INFO - Dropped 36 original metrics
2025-08-28 21:39:29,552 - src.process_pipeline - INFO - Calculating rolling averages for 85 metrics with windows [5]
2025-08-28 21:39:48,330 - src.process_pipeline - INFO - Dropped 49 non rolled metrics
2025-08-28 21:39:48,330 - src.process_pipeline - INFO - Calculated rolling averages completed
2025-08-28 21:39:48,352 - src.process_pipeline - INFO - Final shape: (8936, 187)
2025-08-28 21:39:51,774 - src.process_pipeline - INFO - Saved H2H data with 6292 team pairs
2025-08-28 21:39:51,777 - src.process_pipeline - INFO - Saved standings data for 2401 teams
2025-08-28 21:39:51,777 - src.process_pipeline - INFO - Incremental processing complete. Total records: 8936
2025-08-28 21:39:51,777 - src.process_pipeline - INFO - New records processed: 8936
