2025-08-29 18:20:01,776 - src.process_pipeline - INFO - Logging initialized. Log file: logs/process\process_20250829_182001.log
2025-08-29 18:20:02,491 - src.process_pipeline - INFO - Loaded H2H data with 6292 team pairs
2025-08-29 18:20:02,502 - src.process_pipeline - INFO - Loaded standings data for 2401 teams
2025-08-29 18:20:02,743 - src.process_pipeline - INFO - Processing England/Championship/2025
2025-08-29 18:20:02,815 - src.process_pipeline - INFO - Successfully merged 24 records with team statistics
2025-08-29 18:20:02,819 - src.process_pipeline - INFO - Saved merged data to data\processed\England\Championship\2025\merged_2025.csv
2025-08-29 18:20:02,819 - src.process_pipeline - INFO - Successfully merged 24 records
2025-08-29 18:20:02,819 - src.process_pipeline - INFO - Processing England/EFL Trophy/2021
2025-08-29 18:20:02,875 - src.process_pipeline - INFO - Successfully merged 127 records with team statistics
2025-08-29 18:20:02,882 - src.process_pipeline - INFO - Saved merged data to data\processed\England\EFL Trophy\2021\merged_2021.csv
2025-08-29 18:20:02,882 - src.process_pipeline - INFO - Successfully merged 127 records
2025-08-29 18:20:02,884 - src.process_pipeline - INFO - Processing England/EFL Trophy/2022
2025-08-29 18:20:02,940 - src.process_pipeline - INFO - Successfully merged 127 records with team statistics
2025-08-29 18:20:02,946 - src.process_pipeline - INFO - Saved merged data to data\processed\England\EFL Trophy\2022\merged_2022.csv
2025-08-29 18:20:02,946 - src.process_pipeline - INFO - Successfully merged 127 records
2025-08-29 18:20:02,949 - src.process_pipeline - INFO - Processing England/EFL Trophy/2023
2025-08-29 18:20:03,007 - src.process_pipeline - INFO - Successfully merged 127 records with team statistics
2025-08-29 18:20:03,014 - src.process_pipeline - INFO - Saved merged data to data\processed\England\EFL Trophy\2023\merged_2023.csv
2025-08-29 18:20:03,014 - src.process_pipeline - INFO - Successfully merged 127 records
2025-08-29 18:20:03,016 - src.process_pipeline - INFO - Processing England/EFL Trophy/2024
2025-08-29 18:20:03,072 - src.process_pipeline - INFO - Successfully merged 127 records with team statistics
2025-08-29 18:20:03,078 - src.process_pipeline - INFO - Saved merged data to data\processed\England\EFL Trophy\2024\merged_2024.csv
2025-08-29 18:20:03,078 - src.process_pipeline - INFO - Successfully merged 127 records
2025-08-29 18:20:03,080 - src.process_pipeline - INFO - Processing England/FA Cup/2021
2025-08-29 18:20:03,080 - src.process_pipeline - WARNING - Missing team stats file: data\extracted\England\FA Cup\2021\team_statistics.csv
2025-08-29 18:20:03,080 - src.process_pipeline - INFO - Processing England/FA Trophy/2023
2025-08-29 18:20:03,081 - src.process_pipeline - WARNING - Missing team stats file: data\extracted\England\FA Trophy\2023\team_statistics.csv
2025-08-29 18:20:03,081 - src.process_pipeline - INFO - Processing England/FA Trophy/2024
2025-08-29 18:20:03,081 - src.process_pipeline - WARNING - Missing fixtures file: data\extracted\England\FA Trophy\2024\fixture_events.csv
2025-08-29 18:20:03,081 - src.process_pipeline - INFO - Processing England/Premier League/2018
2025-08-29 18:20:03,144 - src.process_pipeline - INFO - Successfully merged 380 records with team statistics
2025-08-29 18:20:03,155 - src.process_pipeline - INFO - Saved merged data to data\processed\England\Premier League\2018\merged_2018.csv
2025-08-29 18:20:03,155 - src.process_pipeline - INFO - Successfully merged 380 records
2025-08-29 18:20:03,157 - src.process_pipeline - INFO - Processing England/Premier League/2019
2025-08-29 18:20:03,217 - src.process_pipeline - INFO - Successfully merged 288 records with team statistics
2025-08-29 18:20:03,226 - src.process_pipeline - INFO - Saved merged data to data\processed\England\Premier League\2019\merged_2019.csv
2025-08-29 18:20:03,226 - src.process_pipeline - INFO - Successfully merged 288 records
2025-08-29 18:20:03,229 - src.process_pipeline - INFO - Processing England/Premier League/2020
2025-08-29 18:20:03,289 - src.process_pipeline - INFO - Successfully merged 380 records with team statistics
2025-08-29 18:20:03,300 - src.process_pipeline - INFO - Saved merged data to data\processed\England\Premier League\2020\merged_2020.csv
2025-08-29 18:20:03,300 - src.process_pipeline - INFO - Successfully merged 380 records
2025-08-29 18:20:03,303 - src.process_pipeline - INFO - Processing England/Premier League/2021
2025-08-29 18:20:03,367 - src.process_pipeline - INFO - Successfully merged 380 records with team statistics
2025-08-29 18:20:03,378 - src.process_pipeline - INFO - Saved merged data to data\processed\England\Premier League\2021\merged_2021.csv
2025-08-29 18:20:03,378 - src.process_pipeline - INFO - Successfully merged 380 records
2025-08-29 18:20:03,380 - src.process_pipeline - INFO - Processing England/Premier League/2022
2025-08-29 18:20:03,444 - src.process_pipeline - INFO - Successfully merged 380 records with team statistics
2025-08-29 18:20:03,456 - src.process_pipeline - INFO - Saved merged data to data\processed\England\Premier League\2022\merged_2022.csv
2025-08-29 18:20:03,456 - src.process_pipeline - INFO - Successfully merged 380 records
2025-08-29 18:20:03,459 - src.process_pipeline - INFO - Processing England/Premier League/2023
2025-08-29 18:20:03,518 - src.process_pipeline - INFO - Successfully merged 380 records with team statistics
2025-08-29 18:20:03,529 - src.process_pipeline - INFO - Saved merged data to data\processed\England\Premier League\2023\merged_2023.csv
2025-08-29 18:20:03,529 - src.process_pipeline - INFO - Successfully merged 380 records
2025-08-29 18:20:03,532 - src.process_pipeline - INFO - Processing England/Premier League/2024
2025-08-29 18:20:03,592 - src.process_pipeline - INFO - Successfully merged 380 records with team statistics
2025-08-29 18:20:03,603 - src.process_pipeline - INFO - Saved merged data to data\processed\England\Premier League\2024\merged_2024.csv
2025-08-29 18:20:03,603 - src.process_pipeline - INFO - Successfully merged 380 records
2025-08-29 18:20:03,607 - src.process_pipeline - INFO - Processing England/Premier League/2025
2025-08-29 18:20:03,661 - src.process_pipeline - INFO - Successfully merged 30 records with team statistics
2025-08-29 18:20:03,663 - src.process_pipeline - INFO - Saved merged data to data\processed\England\Premier League\2025\merged_2025.csv
2025-08-29 18:20:03,663 - src.process_pipeline - INFO - Successfully merged 30 records
2025-08-29 18:20:03,666 - src.process_pipeline - INFO - Processing Europe/Champions League/2018
2025-08-29 18:20:03,720 - src.process_pipeline - INFO - Successfully merged 166 records with team statistics
2025-08-29 18:20:03,727 - src.process_pipeline - INFO - Saved merged data to data\processed\Europe\Champions League\2018\merged_2018.csv
2025-08-29 18:20:03,727 - src.process_pipeline - INFO - Successfully merged 166 records
2025-08-29 18:20:03,731 - src.process_pipeline - INFO - Processing Europe/Champions League/2019
2025-08-29 18:20:03,785 - src.process_pipeline - INFO - Successfully merged 140 records with team statistics
2025-08-29 18:20:03,791 - src.process_pipeline - INFO - Saved merged data to data\processed\Europe\Champions League\2019\merged_2019.csv
2025-08-29 18:20:03,792 - src.process_pipeline - INFO - Successfully merged 140 records
2025-08-29 18:20:03,796 - src.process_pipeline - INFO - Processing Europe/Champions League/2020
2025-08-29 18:20:03,854 - src.process_pipeline - INFO - Successfully merged 178 records with team statistics
2025-08-29 18:20:03,861 - src.process_pipeline - INFO - Saved merged data to data\processed\Europe\Champions League\2020\merged_2020.csv
2025-08-29 18:20:03,861 - src.process_pipeline - INFO - Successfully merged 178 records
2025-08-29 18:20:03,865 - src.process_pipeline - INFO - Processing Europe/Champions League/2021
2025-08-29 18:20:03,920 - src.process_pipeline - INFO - Successfully merged 157 records with team statistics
2025-08-29 18:20:03,926 - src.process_pipeline - INFO - Saved merged data to data\processed\Europe\Champions League\2021\merged_2021.csv
2025-08-29 18:20:03,926 - src.process_pipeline - INFO - Successfully merged 157 records
2025-08-29 18:20:03,929 - src.process_pipeline - INFO - Processing Europe/Champions League/2022
2025-08-29 18:20:03,984 - src.process_pipeline - INFO - Successfully merged 210 records with team statistics
2025-08-29 18:20:03,992 - src.process_pipeline - INFO - Saved merged data to data\processed\Europe\Champions League\2022\merged_2022.csv
2025-08-29 18:20:03,992 - src.process_pipeline - INFO - Successfully merged 210 records
2025-08-29 18:20:03,995 - src.process_pipeline - INFO - Processing Europe/Champions League/2023
2025-08-29 18:20:04,063 - src.process_pipeline - INFO - Successfully merged 211 records with team statistics
2025-08-29 18:20:04,072 - src.process_pipeline - INFO - Saved merged data to data\processed\Europe\Champions League\2023\merged_2023.csv
2025-08-29 18:20:04,072 - src.process_pipeline - INFO - Successfully merged 211 records
2025-08-29 18:20:04,076 - src.process_pipeline - INFO - Processing Europe/Champions League/2024
2025-08-29 18:20:04,136 - src.process_pipeline - INFO - Successfully merged 279 records with team statistics
2025-08-29 18:20:04,146 - src.process_pipeline - INFO - Saved merged data to data\processed\Europe\Champions League\2024\merged_2024.csv
2025-08-29 18:20:04,146 - src.process_pipeline - INFO - Successfully merged 279 records
2025-08-29 18:20:04,150 - src.process_pipeline - INFO - Processing Europe/Champions League/2025
2025-08-29 18:20:04,203 - src.process_pipeline - INFO - Successfully merged 30 records with team statistics
2025-08-29 18:20:04,206 - src.process_pipeline - INFO - Saved merged data to data\processed\Europe\Champions League\2025\merged_2025.csv
2025-08-29 18:20:04,206 - src.process_pipeline - INFO - Successfully merged 30 records
2025-08-29 18:20:04,209 - src.process_pipeline - INFO - Processing Europe/Conference League/2021
2025-08-29 18:20:04,270 - src.process_pipeline - INFO - Successfully merged 423 records with team statistics
2025-08-29 18:20:04,284 - src.process_pipeline - INFO - Saved merged data to data\processed\Europe\Conference League\2021\merged_2021.csv
2025-08-29 18:20:04,284 - src.process_pipeline - INFO - Successfully merged 423 records
2025-08-29 18:20:04,288 - src.process_pipeline - INFO - Processing Europe/Conference League/2022
2025-08-29 18:20:04,352 - src.process_pipeline - INFO - Successfully merged 414 records with team statistics
2025-08-29 18:20:04,369 - src.process_pipeline - INFO - Saved merged data to data\processed\Europe\Conference League\2022\merged_2022.csv
2025-08-29 18:20:04,370 - src.process_pipeline - INFO - Successfully merged 414 records
2025-08-29 18:20:04,375 - src.process_pipeline - INFO - Processing Europe/Conference League/2023
2025-08-29 18:20:04,438 - src.process_pipeline - INFO - Successfully merged 417 records with team statistics
2025-08-29 18:20:04,453 - src.process_pipeline - INFO - Saved merged data to data\processed\Europe\Conference League\2023\merged_2023.csv
2025-08-29 18:20:04,453 - src.process_pipeline - INFO - Successfully merged 417 records
2025-08-29 18:20:04,457 - src.process_pipeline - INFO - Processing Europe/Conference League/2024
2025-08-29 18:20:04,458 - src.process_pipeline - WARNING - Missing team stats file: data\extracted\Europe\Conference League\2024\team_statistics.csv
2025-08-29 18:20:04,458 - src.process_pipeline - INFO - Processing Europe/Conference League/2025
2025-08-29 18:20:04,512 - src.process_pipeline - INFO - Successfully merged 84 records with team statistics
2025-08-29 18:20:04,516 - src.process_pipeline - INFO - Saved merged data to data\processed\Europe\Conference League\2025\merged_2025.csv
2025-08-29 18:20:04,516 - src.process_pipeline - INFO - Successfully merged 84 records
2025-08-29 18:20:04,520 - src.process_pipeline - INFO - Processing Europe/Europa League/2018
2025-08-29 18:20:04,580 - src.process_pipeline - INFO - Successfully merged 364 records with team statistics
2025-08-29 18:20:04,601 - src.process_pipeline - INFO - Saved merged data to data\processed\Europe\Europa League\2018\merged_2018.csv
2025-08-29 18:20:04,601 - src.process_pipeline - INFO - Successfully merged 364 records
2025-08-29 18:20:04,607 - src.process_pipeline - INFO - Processing Europe/Europa League/2019
2025-08-29 18:20:04,681 - src.process_pipeline - INFO - Successfully merged 337 records with team statistics
2025-08-29 18:20:04,693 - src.process_pipeline - INFO - Saved merged data to data\processed\Europe\Europa League\2019\merged_2019.csv
2025-08-29 18:20:04,693 - src.process_pipeline - INFO - Successfully merged 337 records
2025-08-29 18:20:04,700 - src.process_pipeline - INFO - Processing Europe/Europa League/2020
2025-08-29 18:20:04,763 - src.process_pipeline - INFO - Successfully merged 362 records with team statistics
2025-08-29 18:20:04,777 - src.process_pipeline - INFO - Saved merged data to data\processed\Europe\Europa League\2020\merged_2020.csv
2025-08-29 18:20:04,777 - src.process_pipeline - INFO - Successfully merged 362 records
2025-08-29 18:20:04,782 - src.process_pipeline - INFO - Processing Europe/Europa League/2021
2025-08-29 18:20:04,854 - src.process_pipeline - INFO - Successfully merged 177 records with team statistics
2025-08-29 18:20:04,867 - src.process_pipeline - INFO - Saved merged data to data\processed\Europe\Europa League\2021\merged_2021.csv
2025-08-29 18:20:04,867 - src.process_pipeline - INFO - Successfully merged 177 records
2025-08-29 18:20:04,875 - src.process_pipeline - INFO - Processing Europe/Europa League/2022
2025-08-29 18:20:04,959 - src.process_pipeline - INFO - Successfully merged 175 records with team statistics
2025-08-29 18:20:04,968 - src.process_pipeline - INFO - Saved merged data to data\processed\Europe\Europa League\2022\merged_2022.csv
2025-08-29 18:20:04,968 - src.process_pipeline - INFO - Successfully merged 175 records
2025-08-29 18:20:04,976 - src.process_pipeline - INFO - Processing Europe/Europa League/2023
2025-08-29 18:20:05,033 - src.process_pipeline - INFO - Successfully merged 175 records with team statistics
2025-08-29 18:20:05,041 - src.process_pipeline - INFO - Saved merged data to data\processed\Europe\Europa League\2023\merged_2023.csv
2025-08-29 18:20:05,041 - src.process_pipeline - INFO - Successfully merged 175 records
2025-08-29 18:20:05,048 - src.process_pipeline - INFO - Processing Europe/Europa League/2024
2025-08-29 18:20:05,112 - src.process_pipeline - INFO - Successfully merged 269 records with team statistics
2025-08-29 18:20:05,127 - src.process_pipeline - INFO - Saved merged data to data\processed\Europe\Europa League\2024\merged_2024.csv
2025-08-29 18:20:05,127 - src.process_pipeline - INFO - Successfully merged 269 records
2025-08-29 18:20:05,137 - src.process_pipeline - INFO - Processing Europe/Europa League/2025
2025-08-29 18:20:05,203 - src.process_pipeline - INFO - Successfully merged 38 records with team statistics
2025-08-29 18:20:05,205 - src.process_pipeline - INFO - Saved merged data to data\processed\Europe\Europa League\2025\merged_2025.csv
2025-08-29 18:20:05,206 - src.process_pipeline - INFO - Successfully merged 38 records
2025-08-29 18:20:05,211 - src.process_pipeline - INFO - Processing France/Coupe de France/2021
2025-08-29 18:20:05,274 - src.process_pipeline - INFO - Successfully merged 193 records with team statistics
2025-08-29 18:20:05,283 - src.process_pipeline - INFO - Saved merged data to data\processed\France\Coupe de France\2021\merged_2021.csv
2025-08-29 18:20:05,283 - src.process_pipeline - INFO - Successfully merged 193 records
2025-08-29 18:20:05,289 - src.process_pipeline - INFO - Processing France/Coupe de France/2022
2025-08-29 18:20:05,349 - src.process_pipeline - INFO - Successfully merged 195 records with team statistics
2025-08-29 18:20:05,356 - src.process_pipeline - INFO - Saved merged data to data\processed\France\Coupe de France\2022\merged_2022.csv
2025-08-29 18:20:05,356 - src.process_pipeline - INFO - Successfully merged 195 records
2025-08-29 18:20:05,363 - src.process_pipeline - INFO - Processing France/Coupe de France/2023
2025-08-29 18:20:05,423 - src.process_pipeline - INFO - Successfully merged 197 records with team statistics
2025-08-29 18:20:05,431 - src.process_pipeline - INFO - Saved merged data to data\processed\France\Coupe de France\2023\merged_2023.csv
2025-08-29 18:20:05,431 - src.process_pipeline - INFO - Successfully merged 197 records
2025-08-29 18:20:05,438 - src.process_pipeline - INFO - Processing France/Coupe de France/2024
2025-08-29 18:20:05,499 - src.process_pipeline - INFO - Successfully merged 199 records with team statistics
2025-08-29 18:20:05,506 - src.process_pipeline - INFO - Saved merged data to data\processed\France\Coupe de France\2024\merged_2024.csv
2025-08-29 18:20:05,506 - src.process_pipeline - INFO - Successfully merged 199 records
2025-08-29 18:20:05,512 - src.process_pipeline - INFO - Processing France/Ligue 1/2018
2025-08-29 18:20:05,578 - src.process_pipeline - INFO - Successfully merged 380 records with team statistics
2025-08-29 18:20:05,589 - src.process_pipeline - INFO - Saved merged data to data\processed\France\Ligue 1\2018\merged_2018.csv
2025-08-29 18:20:05,589 - src.process_pipeline - INFO - Successfully merged 380 records
2025-08-29 18:20:05,595 - src.process_pipeline - INFO - Processing France/Ligue 1/2019
2025-08-29 18:20:05,657 - src.process_pipeline - INFO - Successfully merged 380 records with team statistics
2025-08-29 18:20:05,671 - src.process_pipeline - INFO - Saved merged data to data\processed\France\Ligue 1\2019\merged_2019.csv
2025-08-29 18:20:05,671 - src.process_pipeline - INFO - Successfully merged 380 records
2025-08-29 18:20:05,678 - src.process_pipeline - INFO - Processing France/Ligue 1/2020
2025-08-29 18:20:05,744 - src.process_pipeline - INFO - Successfully merged 382 records with team statistics
2025-08-29 18:20:05,755 - src.process_pipeline - INFO - Saved merged data to data\processed\France\Ligue 1\2020\merged_2020.csv
2025-08-29 18:20:05,755 - src.process_pipeline - INFO - Successfully merged 382 records
2025-08-29 18:20:05,763 - src.process_pipeline - INFO - Processing France/Ligue 1/2021
2025-08-29 18:20:05,826 - src.process_pipeline - INFO - Successfully merged 382 records with team statistics
2025-08-29 18:20:05,837 - src.process_pipeline - INFO - Saved merged data to data\processed\France\Ligue 1\2021\merged_2021.csv
2025-08-29 18:20:05,838 - src.process_pipeline - INFO - Successfully merged 382 records
2025-08-29 18:20:05,844 - src.process_pipeline - INFO - Processing France/Ligue 1/2022
2025-08-29 18:20:05,907 - src.process_pipeline - INFO - Successfully merged 370 records with team statistics
2025-08-29 18:20:05,918 - src.process_pipeline - INFO - Saved merged data to data\processed\France\Ligue 1\2022\merged_2022.csv
2025-08-29 18:20:05,918 - src.process_pipeline - INFO - Successfully merged 370 records
2025-08-29 18:20:05,925 - src.process_pipeline - INFO - Processing France/Ligue 1/2023
2025-08-29 18:20:05,987 - src.process_pipeline - INFO - Successfully merged 307 records with team statistics
2025-08-29 18:20:05,997 - src.process_pipeline - INFO - Saved merged data to data\processed\France\Ligue 1\2023\merged_2023.csv
2025-08-29 18:20:05,997 - src.process_pipeline - INFO - Successfully merged 307 records
2025-08-29 18:20:06,003 - src.process_pipeline - INFO - Processing France/Ligue 1/2024
2025-08-29 18:20:06,068 - src.process_pipeline - INFO - Successfully merged 308 records with team statistics
2025-08-29 18:20:06,078 - src.process_pipeline - INFO - Saved merged data to data\processed\France\Ligue 1\2024\merged_2024.csv
2025-08-29 18:20:06,078 - src.process_pipeline - INFO - Successfully merged 308 records
2025-08-29 18:20:06,085 - src.process_pipeline - INFO - Processing France/Ligue 1/2025
2025-08-29 18:20:06,142 - src.process_pipeline - INFO - Successfully merged 26 records with team statistics
2025-08-29 18:20:06,145 - src.process_pipeline - INFO - Saved merged data to data\processed\France\Ligue 1\2025\merged_2025.csv
2025-08-29 18:20:06,145 - src.process_pipeline - INFO - Successfully merged 26 records
2025-08-29 18:20:06,151 - src.process_pipeline - INFO - Processing France/Ligue 2/2025
2025-08-29 18:20:06,206 - src.process_pipeline - INFO - Successfully merged 17 records with team statistics
2025-08-29 18:20:06,208 - src.process_pipeline - INFO - Saved merged data to data\processed\France\Ligue 2\2025\merged_2025.csv
2025-08-29 18:20:06,209 - src.process_pipeline - INFO - Successfully merged 17 records
2025-08-29 18:20:06,216 - src.process_pipeline - INFO - Processing Germany/2. Bundesliga/2025
2025-08-29 18:20:06,274 - src.process_pipeline - INFO - Successfully merged 18 records with team statistics
2025-08-29 18:20:06,277 - src.process_pipeline - INFO - Saved merged data to data\processed\Germany\2. Bundesliga\2025\merged_2025.csv
2025-08-29 18:20:06,277 - src.process_pipeline - INFO - Successfully merged 18 records
2025-08-29 18:20:06,284 - src.process_pipeline - INFO - Processing Germany/Bundesliga/2018
2025-08-29 18:20:06,345 - src.process_pipeline - INFO - Successfully merged 308 records with team statistics
2025-08-29 18:20:06,355 - src.process_pipeline - INFO - Saved merged data to data\processed\Germany\Bundesliga\2018\merged_2018.csv
2025-08-29 18:20:06,355 - src.process_pipeline - INFO - Successfully merged 308 records
2025-08-29 18:20:06,361 - src.process_pipeline - INFO - Processing Germany/Bundesliga/2019
2025-08-29 18:20:06,420 - src.process_pipeline - INFO - Successfully merged 260 records with team statistics
2025-08-29 18:20:06,428 - src.process_pipeline - INFO - Saved merged data to data\processed\Germany\Bundesliga\2019\merged_2019.csv
2025-08-29 18:20:06,429 - src.process_pipeline - INFO - Successfully merged 260 records
2025-08-29 18:20:06,436 - src.process_pipeline - INFO - Processing Germany/Bundesliga/2020
2025-08-29 18:20:06,498 - src.process_pipeline - INFO - Successfully merged 308 records with team statistics
2025-08-29 18:20:06,508 - src.process_pipeline - INFO - Saved merged data to data\processed\Germany\Bundesliga\2020\merged_2020.csv
2025-08-29 18:20:06,508 - src.process_pipeline - INFO - Successfully merged 308 records
2025-08-29 18:20:06,518 - src.process_pipeline - INFO - Processing Germany/Bundesliga/2021
2025-08-29 18:20:06,583 - src.process_pipeline - INFO - Successfully merged 308 records with team statistics
2025-08-29 18:20:06,593 - src.process_pipeline - INFO - Saved merged data to data\processed\Germany\Bundesliga\2021\merged_2021.csv
2025-08-29 18:20:06,594 - src.process_pipeline - INFO - Successfully merged 308 records
2025-08-29 18:20:06,603 - src.process_pipeline - INFO - Processing Germany/Bundesliga/2022
2025-08-29 18:20:06,664 - src.process_pipeline - INFO - Successfully merged 307 records with team statistics
2025-08-29 18:20:06,674 - src.process_pipeline - INFO - Saved merged data to data\processed\Germany\Bundesliga\2022\merged_2022.csv
2025-08-29 18:20:06,674 - src.process_pipeline - INFO - Successfully merged 307 records
2025-08-29 18:20:06,682 - src.process_pipeline - INFO - Processing Germany/Bundesliga/2023
2025-08-29 18:20:06,742 - src.process_pipeline - INFO - Successfully merged 308 records with team statistics
2025-08-29 18:20:06,752 - src.process_pipeline - INFO - Saved merged data to data\processed\Germany\Bundesliga\2023\merged_2023.csv
2025-08-29 18:20:06,752 - src.process_pipeline - INFO - Successfully merged 308 records
2025-08-29 18:20:06,759 - src.process_pipeline - INFO - Processing Germany/Bundesliga/2024
2025-08-29 18:20:06,819 - src.process_pipeline - INFO - Successfully merged 308 records with team statistics
2025-08-29 18:20:06,831 - src.process_pipeline - INFO - Saved merged data to data\processed\Germany\Bundesliga\2024\merged_2024.csv
2025-08-29 18:20:06,831 - src.process_pipeline - INFO - Successfully merged 308 records
2025-08-29 18:20:06,839 - src.process_pipeline - INFO - Processing Germany/Bundesliga/2025
2025-08-29 18:20:06,889 - src.process_pipeline - INFO - Successfully merged 17 records with team statistics
2025-08-29 18:20:06,892 - src.process_pipeline - INFO - Saved merged data to data\processed\Germany\Bundesliga\2025\merged_2025.csv
2025-08-29 18:20:06,893 - src.process_pipeline - INFO - Successfully merged 17 records
2025-08-29 18:20:06,906 - src.process_pipeline - INFO - Processing Germany/DFB Pokal/2021
2025-08-29 18:20:06,970 - src.process_pipeline - INFO - Successfully merged 63 records with team statistics
2025-08-29 18:20:06,974 - src.process_pipeline - INFO - Saved merged data to data\processed\Germany\DFB Pokal\2021\merged_2021.csv
2025-08-29 18:20:06,974 - src.process_pipeline - INFO - Successfully merged 63 records
2025-08-29 18:20:06,983 - src.process_pipeline - INFO - Processing Germany/DFB Pokal/2022
2025-08-29 18:20:07,040 - src.process_pipeline - INFO - Successfully merged 36 records with team statistics
2025-08-29 18:20:07,043 - src.process_pipeline - INFO - Saved merged data to data\processed\Germany\DFB Pokal\2022\merged_2022.csv
2025-08-29 18:20:07,043 - src.process_pipeline - INFO - Successfully merged 36 records
2025-08-29 18:20:07,054 - src.process_pipeline - INFO - Processing Germany/DFB Pokal/2023
2025-08-29 18:20:07,112 - src.process_pipeline - INFO - Successfully merged 63 records with team statistics
2025-08-29 18:20:07,117 - src.process_pipeline - INFO - Saved merged data to data\processed\Germany\DFB Pokal\2023\merged_2023.csv
2025-08-29 18:20:07,117 - src.process_pipeline - INFO - Successfully merged 63 records
2025-08-29 18:20:07,125 - src.process_pipeline - INFO - Processing Germany/DFB Pokal/2024
2025-08-29 18:20:07,184 - src.process_pipeline - INFO - Successfully merged 63 records with team statistics
2025-08-29 18:20:07,187 - src.process_pipeline - INFO - Saved merged data to data\processed\Germany\DFB Pokal\2024\merged_2024.csv
2025-08-29 18:20:07,188 - src.process_pipeline - INFO - Successfully merged 63 records
2025-08-29 18:20:07,198 - src.process_pipeline - INFO - Processing Greece/Super League/2025
2025-08-29 18:20:07,198 - src.process_pipeline - WARNING - Missing team stats file: data\extracted\Greece\Super League\2025\team_statistics.csv
2025-08-29 18:20:07,199 - src.process_pipeline - INFO - Processing Italy/Coppa Italia/2020
2025-08-29 18:20:07,264 - src.process_pipeline - INFO - Successfully merged 79 records with team statistics
2025-08-29 18:20:07,267 - src.process_pipeline - INFO - Saved merged data to data\processed\Italy\Coppa Italia\2020\merged_2020.csv
2025-08-29 18:20:07,268 - src.process_pipeline - INFO - Successfully merged 79 records
2025-08-29 18:20:07,275 - src.process_pipeline - INFO - Processing Italy/Coppa Italia/2021
2025-08-29 18:20:07,341 - src.process_pipeline - INFO - Successfully merged 45 records with team statistics
2025-08-29 18:20:07,345 - src.process_pipeline - INFO - Saved merged data to data\processed\Italy\Coppa Italia\2021\merged_2021.csv
2025-08-29 18:20:07,345 - src.process_pipeline - INFO - Successfully merged 45 records
2025-08-29 18:20:07,356 - src.process_pipeline - INFO - Processing Italy/Coppa Italia/2022
2025-08-29 18:20:07,414 - src.process_pipeline - INFO - Successfully merged 41 records with team statistics
2025-08-29 18:20:07,417 - src.process_pipeline - INFO - Saved merged data to data\processed\Italy\Coppa Italia\2022\merged_2022.csv
2025-08-29 18:20:07,417 - src.process_pipeline - INFO - Successfully merged 41 records
2025-08-29 18:20:07,424 - src.process_pipeline - INFO - Processing Italy/Coppa Italia/2023
2025-08-29 18:20:07,480 - src.process_pipeline - INFO - Successfully merged 45 records with team statistics
2025-08-29 18:20:07,483 - src.process_pipeline - INFO - Saved merged data to data\processed\Italy\Coppa Italia\2023\merged_2023.csv
2025-08-29 18:20:07,483 - src.process_pipeline - INFO - Successfully merged 45 records
2025-08-29 18:20:07,491 - src.process_pipeline - INFO - Processing Italy/Coppa Italia/2024
2025-08-29 18:20:07,555 - src.process_pipeline - INFO - Successfully merged 45 records with team statistics
2025-08-29 18:20:07,558 - src.process_pipeline - INFO - Saved merged data to data\processed\Italy\Coppa Italia\2024\merged_2024.csv
2025-08-29 18:20:07,558 - src.process_pipeline - INFO - Successfully merged 45 records
2025-08-29 18:20:07,567 - src.process_pipeline - INFO - Processing Italy/Serie A/2016
2025-08-29 18:20:07,632 - src.process_pipeline - INFO - Successfully merged 380 records with team statistics
2025-08-29 18:20:07,644 - src.process_pipeline - INFO - Saved merged data to data\processed\Italy\Serie A\2016\merged_2016.csv
2025-08-29 18:20:07,644 - src.process_pipeline - INFO - Successfully merged 380 records
2025-08-29 18:20:07,652 - src.process_pipeline - INFO - Processing Italy/Serie A/2017
2025-08-29 18:20:07,717 - src.process_pipeline - INFO - Successfully merged 380 records with team statistics
2025-08-29 18:20:07,728 - src.process_pipeline - INFO - Saved merged data to data\processed\Italy\Serie A\2017\merged_2017.csv
2025-08-29 18:20:07,728 - src.process_pipeline - INFO - Successfully merged 380 records
2025-08-29 18:20:07,736 - src.process_pipeline - INFO - Processing Italy/Serie A/2018
2025-08-29 18:20:07,799 - src.process_pipeline - INFO - Successfully merged 380 records with team statistics
2025-08-29 18:20:07,812 - src.process_pipeline - INFO - Saved merged data to data\processed\Italy\Serie A\2018\merged_2018.csv
2025-08-29 18:20:07,813 - src.process_pipeline - INFO - Successfully merged 380 records
2025-08-29 18:20:07,822 - src.process_pipeline - INFO - Processing Italy/Serie A/2019
2025-08-29 18:20:07,891 - src.process_pipeline - INFO - Successfully merged 256 records with team statistics
2025-08-29 18:20:07,900 - src.process_pipeline - INFO - Saved merged data to data\processed\Italy\Serie A\2019\merged_2019.csv
2025-08-29 18:20:07,900 - src.process_pipeline - INFO - Successfully merged 256 records
2025-08-29 18:20:07,911 - src.process_pipeline - INFO - Processing Italy/Serie A/2020
2025-08-29 18:20:07,977 - src.process_pipeline - INFO - Successfully merged 380 records with team statistics
2025-08-29 18:20:07,988 - src.process_pipeline - INFO - Saved merged data to data\processed\Italy\Serie A\2020\merged_2020.csv
2025-08-29 18:20:07,988 - src.process_pipeline - INFO - Successfully merged 380 records
2025-08-29 18:20:07,998 - src.process_pipeline - INFO - Processing Italy/Serie A/2021
2025-08-29 18:20:08,066 - src.process_pipeline - INFO - Successfully merged 380 records with team statistics
2025-08-29 18:20:08,077 - src.process_pipeline - INFO - Saved merged data to data\processed\Italy\Serie A\2021\merged_2021.csv
2025-08-29 18:20:08,077 - src.process_pipeline - INFO - Successfully merged 380 records
2025-08-29 18:20:08,087 - src.process_pipeline - INFO - Processing Italy/Serie A/2022
2025-08-29 18:20:08,157 - src.process_pipeline - INFO - Successfully merged 370 records with team statistics
2025-08-29 18:20:08,168 - src.process_pipeline - INFO - Saved merged data to data\processed\Italy\Serie A\2022\merged_2022.csv
2025-08-29 18:20:08,168 - src.process_pipeline - INFO - Successfully merged 370 records
2025-08-29 18:20:08,247 - src.process_pipeline - INFO - Processing Italy/Serie A/2023
2025-08-29 18:20:08,317 - src.process_pipeline - INFO - Successfully merged 379 records with team statistics
2025-08-29 18:20:08,329 - src.process_pipeline - INFO - Saved merged data to data\processed\Italy\Serie A\2023\merged_2023.csv
2025-08-29 18:20:08,329 - src.process_pipeline - INFO - Successfully merged 379 records
2025-08-29 18:20:08,339 - src.process_pipeline - INFO - Processing Italy/Serie A/2024
2025-08-29 18:20:08,408 - src.process_pipeline - INFO - Successfully merged 380 records with team statistics
2025-08-29 18:20:08,428 - src.process_pipeline - INFO - Saved merged data to data\processed\Italy\Serie A\2024\merged_2024.csv
2025-08-29 18:20:08,429 - src.process_pipeline - INFO - Successfully merged 380 records
2025-08-29 18:20:08,441 - src.process_pipeline - INFO - Processing Italy/Serie A/2025
2025-08-29 18:20:08,516 - src.process_pipeline - INFO - Successfully merged 18 records with team statistics
2025-08-29 18:20:08,519 - src.process_pipeline - INFO - Saved merged data to data\processed\Italy\Serie A\2025\merged_2025.csv
2025-08-29 18:20:08,519 - src.process_pipeline - INFO - Successfully merged 18 records
2025-08-29 18:20:08,536 - src.process_pipeline - INFO - Processing Italy/Serie B/2019
2025-08-29 18:20:08,611 - src.process_pipeline - INFO - Successfully merged 279 records with team statistics
2025-08-29 18:20:08,621 - src.process_pipeline - INFO - Saved merged data to data\processed\Italy\Serie B\2019\merged_2019.csv
2025-08-29 18:20:08,621 - src.process_pipeline - INFO - Successfully merged 279 records
2025-08-29 18:20:08,637 - src.process_pipeline - INFO - Processing Italy/Serie B/2020
2025-08-29 18:20:08,717 - src.process_pipeline - INFO - Successfully merged 388 records with team statistics
2025-08-29 18:20:08,733 - src.process_pipeline - INFO - Saved merged data to data\processed\Italy\Serie B\2020\merged_2020.csv
2025-08-29 18:20:08,733 - src.process_pipeline - INFO - Successfully merged 388 records
2025-08-29 18:20:08,747 - src.process_pipeline - INFO - Processing Italy/Serie B/2021
2025-08-29 18:20:08,818 - src.process_pipeline - INFO - Successfully merged 390 records with team statistics
2025-08-29 18:20:08,830 - src.process_pipeline - INFO - Saved merged data to data\processed\Italy\Serie B\2021\merged_2021.csv
2025-08-29 18:20:08,831 - src.process_pipeline - INFO - Successfully merged 390 records
2025-08-29 18:20:08,843 - src.process_pipeline - INFO - Processing Italy/Serie B/2022
2025-08-29 18:20:08,919 - src.process_pipeline - INFO - Successfully merged 385 records with team statistics
2025-08-29 18:20:08,932 - src.process_pipeline - INFO - Saved merged data to data\processed\Italy\Serie B\2022\merged_2022.csv
2025-08-29 18:20:08,932 - src.process_pipeline - INFO - Successfully merged 385 records
2025-08-29 18:20:08,946 - src.process_pipeline - INFO - Processing Italy/Serie B/2023
2025-08-29 18:20:09,016 - src.process_pipeline - INFO - Successfully merged 389 records with team statistics
2025-08-29 18:20:09,029 - src.process_pipeline - INFO - Saved merged data to data\processed\Italy\Serie B\2023\merged_2023.csv
2025-08-29 18:20:09,029 - src.process_pipeline - INFO - Successfully merged 389 records
2025-08-29 18:20:09,042 - src.process_pipeline - INFO - Processing Italy/Serie B/2024
2025-08-29 18:20:09,116 - src.process_pipeline - INFO - Successfully merged 387 records with team statistics
2025-08-29 18:20:09,129 - src.process_pipeline - INFO - Saved merged data to data\processed\Italy\Serie B\2024\merged_2024.csv
2025-08-29 18:20:09,129 - src.process_pipeline - INFO - Successfully merged 387 records
2025-08-29 18:20:09,141 - src.process_pipeline - INFO - Processing Italy/Serie B/2025
2025-08-29 18:20:09,141 - src.process_pipeline - WARNING - Missing fixtures file: data\extracted\Italy\Serie B\2025\fixture_events.csv
2025-08-29 18:20:09,141 - src.process_pipeline - INFO - Processing Spain/La Liga/2020
2025-08-29 18:20:09,207 - src.process_pipeline - INFO - Successfully merged 380 records with team statistics
2025-08-29 18:20:09,219 - src.process_pipeline - INFO - Saved merged data to data\processed\Spain\La Liga\2020\merged_2020.csv
2025-08-29 18:20:09,219 - src.process_pipeline - INFO - Successfully merged 380 records
2025-08-29 18:20:09,233 - src.process_pipeline - INFO - Processing Spain/La Liga/2021
2025-08-29 18:20:09,298 - src.process_pipeline - INFO - Successfully merged 380 records with team statistics
2025-08-29 18:20:09,315 - src.process_pipeline - INFO - Saved merged data to data\processed\Spain\La Liga\2021\merged_2021.csv
2025-08-29 18:20:09,315 - src.process_pipeline - INFO - Successfully merged 380 records
2025-08-29 18:20:09,329 - src.process_pipeline - INFO - Processing Spain/La Liga/2022
2025-08-29 18:20:09,397 - src.process_pipeline - INFO - Successfully merged 370 records with team statistics
2025-08-29 18:20:09,410 - src.process_pipeline - INFO - Saved merged data to data\processed\Spain\La Liga\2022\merged_2022.csv
2025-08-29 18:20:09,410 - src.process_pipeline - INFO - Successfully merged 370 records
2025-08-29 18:20:09,432 - src.process_pipeline - INFO - Processing Spain/La Liga/2023
2025-08-29 18:20:09,514 - src.process_pipeline - INFO - Successfully merged 380 records with team statistics
2025-08-29 18:20:09,533 - src.process_pipeline - INFO - Saved merged data to data\processed\Spain\La Liga\2023\merged_2023.csv
2025-08-29 18:20:09,533 - src.process_pipeline - INFO - Successfully merged 380 records
2025-08-29 18:20:09,554 - src.process_pipeline - INFO - Processing Spain/La Liga/2024
2025-08-29 18:20:09,663 - src.process_pipeline - INFO - Successfully merged 380 records with team statistics
2025-08-29 18:20:09,685 - src.process_pipeline - INFO - Saved merged data to data\processed\Spain\La Liga\2024\merged_2024.csv
2025-08-29 18:20:09,686 - src.process_pipeline - INFO - Successfully merged 380 records
2025-08-29 18:20:09,706 - src.process_pipeline - INFO - Processing Spain/La Liga/2025
2025-08-29 18:20:09,746 - src.process_pipeline - INFO - Successfully merged 28 records with team statistics
2025-08-29 18:20:09,749 - src.process_pipeline - INFO - Saved merged data to data\processed\Spain\La Liga\2025\merged_2025.csv
2025-08-29 18:20:09,749 - src.process_pipeline - INFO - Successfully merged 28 records
2025-08-29 18:20:09,765 - src.process_pipeline - INFO - Processing Spain/Segunda Division/2021
2025-08-29 18:20:09,844 - src.process_pipeline - INFO - Successfully merged 468 records with team statistics
2025-08-29 18:20:09,862 - src.process_pipeline - INFO - Saved merged data to data\processed\Spain\Segunda Division\2021\merged_2021.csv
2025-08-29 18:20:09,862 - src.process_pipeline - INFO - Successfully merged 468 records
2025-08-29 18:20:09,885 - src.process_pipeline - INFO - Processing Spain/Segunda Division/2022
2025-08-29 18:20:09,963 - src.process_pipeline - INFO - Successfully merged 468 records with team statistics
2025-08-29 18:20:09,979 - src.process_pipeline - INFO - Saved merged data to data\processed\Spain\Segunda Division\2022\merged_2022.csv
2025-08-29 18:20:09,979 - src.process_pipeline - INFO - Successfully merged 468 records
2025-08-29 18:20:09,997 - src.process_pipeline - INFO - Processing Spain/Segunda Division/2023
2025-08-29 18:20:10,070 - src.process_pipeline - INFO - Successfully merged 468 records with team statistics
2025-08-29 18:20:10,088 - src.process_pipeline - INFO - Saved merged data to data\processed\Spain\Segunda Division\2023\merged_2023.csv
2025-08-29 18:20:10,088 - src.process_pipeline - INFO - Successfully merged 468 records
2025-08-29 18:20:10,105 - src.process_pipeline - INFO - Processing Spain/Segunda Division/2024
2025-08-29 18:20:10,186 - src.process_pipeline - INFO - Successfully merged 468 records with team statistics
2025-08-29 18:20:10,206 - src.process_pipeline - INFO - Saved merged data to data\processed\Spain\Segunda Division\2024\merged_2024.csv
2025-08-29 18:20:10,206 - src.process_pipeline - INFO - Successfully merged 468 records
2025-08-29 18:20:10,226 - src.process_pipeline - INFO - Processing Spain/Segunda Division/2025
2025-08-29 18:20:10,270 - src.process_pipeline - INFO - Successfully merged 11 records with team statistics
2025-08-29 18:20:10,273 - src.process_pipeline - INFO - Saved merged data to data\processed\Spain\Segunda Division\2025\merged_2025.csv
2025-08-29 18:20:10,273 - src.process_pipeline - INFO - Successfully merged 11 records
2025-08-29 18:20:10,293 - src.process_pipeline - INFO - Starting preprocessing and feature engineering
2025-08-29 18:20:10,294 - src.process_pipeline - INFO - Initial data shape: (23016, 71)
2025-08-29 18:20:10,294 - src.process_pipeline - INFO - Cleaning data
2025-08-29 18:20:12,121 - src.process_pipeline - INFO - Adding competition info from league names
2025-08-29 18:20:12,299 - src.process_pipeline - INFO - Competition Distribution:
2025-08-29 18:20:12,300 - src.process_pipeline - INFO -   Cup matches: 1762 (7.7%)
2025-08-29 18:20:12,300 - src.process_pipeline - INFO -   European matches: 4623 (20.2%)
2025-08-29 18:20:12,300 - src.process_pipeline - INFO -   League matches: 16510 (72.1%)
2025-08-29 18:20:12,305 - src.process_pipeline - INFO - Adding competition context
2025-08-29 18:20:13,650 - src.process_pipeline - INFO - Adding competition metrics
2025-08-29 18:20:14,443 - src.process_pipeline - INFO - Calculating proper standings for 22895 matches...
2025-08-29 18:20:15,125 - src.process_pipeline - INFO - Standings progress: 4.4% (1000/22895)
2025-08-29 18:20:15,796 - src.process_pipeline - INFO - Standings progress: 8.7% (2000/22895)
2025-08-29 18:20:16,536 - src.process_pipeline - INFO - Standings progress: 13.1% (3000/22895)
2025-08-29 18:20:17,188 - src.process_pipeline - INFO - Standings progress: 17.5% (4000/22895)
2025-08-29 18:20:17,816 - src.process_pipeline - INFO - Standings progress: 21.8% (5000/22895)
2025-08-29 18:20:18,478 - src.process_pipeline - INFO - Standings progress: 26.2% (6000/22895)
2025-08-29 18:20:19,166 - src.process_pipeline - INFO - Standings progress: 30.6% (7000/22895)
2025-08-29 18:20:19,897 - src.process_pipeline - INFO - Standings progress: 34.9% (8000/22895)
2025-08-29 18:20:20,598 - src.process_pipeline - INFO - Standings progress: 39.3% (9000/22895)
2025-08-29 18:20:21,444 - src.process_pipeline - INFO - Standings progress: 43.7% (10000/22895)
2025-08-29 18:20:22,258 - src.process_pipeline - INFO - Standings progress: 48.0% (11000/22895)
2025-08-29 18:20:23,016 - src.process_pipeline - INFO - Standings progress: 52.4% (12000/22895)
2025-08-29 18:20:23,786 - src.process_pipeline - INFO - Standings progress: 56.8% (13000/22895)
2025-08-29 18:20:24,579 - src.process_pipeline - INFO - Standings progress: 61.1% (14000/22895)
2025-08-29 18:20:25,388 - src.process_pipeline - INFO - Standings progress: 65.5% (15000/22895)
2025-08-29 18:20:26,198 - src.process_pipeline - INFO - Standings progress: 69.9% (16000/22895)
2025-08-29 18:20:26,980 - src.process_pipeline - INFO - Standings progress: 74.3% (17000/22895)
2025-08-29 18:20:27,865 - src.process_pipeline - INFO - Standings progress: 78.6% (18000/22895)
2025-08-29 18:20:28,724 - src.process_pipeline - INFO - Standings progress: 83.0% (19000/22895)
2025-08-29 18:20:29,586 - src.process_pipeline - INFO - Standings progress: 87.4% (20000/22895)
2025-08-29 18:20:30,405 - src.process_pipeline - INFO - Standings progress: 91.7% (21000/22895)
2025-08-29 18:20:31,314 - src.process_pipeline - INFO - Standings progress: 96.1% (22000/22895)
2025-08-29 18:20:32,206 - src.process_pipeline - INFO - Standings progress: 100.0% (22895/22895)
2025-08-29 18:20:52,324 - src.process_pipeline - INFO - Completed: Processing 22853 matches...
2025-08-29 18:21:10,944 - src.process_pipeline - INFO - Progress: 10% (2285/22853) - 18.6s
2025-08-29 18:21:35,490 - src.process_pipeline - INFO - Progress: 20% (4570/22853) - 43.2s
2025-08-29 18:21:58,020 - src.process_pipeline - INFO - Progress: 30% (6855/22853) - 65.7s
2025-08-29 18:22:19,376 - src.process_pipeline - INFO - Progress: 40% (9140/22853) - 87.1s
2025-08-29 18:22:46,884 - src.process_pipeline - INFO - Progress: 50% (11425/22853) - 114.6s
2025-08-29 18:23:09,616 - src.process_pipeline - INFO - Progress: 60% (13710/22853) - 137.3s
2025-08-29 18:23:35,487 - src.process_pipeline - INFO - Progress: 70% (15995/22853) - 163.2s
2025-08-29 18:24:01,756 - src.process_pipeline - INFO - Progress: 80% (18280/22853) - 189.4s
2025-08-29 18:24:26,784 - src.process_pipeline - INFO - Progress: 90% (20565/22853) - 214.5s
2025-08-29 18:24:55,984 - src.process_pipeline - INFO - Progress: 100% (22850/22853) - 243.7s
2025-08-29 18:24:56,019 - src.process_pipeline - INFO - Progress: 100% (22853/22853) - 243.7s
2025-08-29 18:24:56,027 - src.process_pipeline - INFO - Upcoming: Processing 42 matches...
2025-08-29 18:24:56,084 - src.process_pipeline - INFO - Progress: 10% (4/42) - 0.1s
2025-08-29 18:24:56,128 - src.process_pipeline - INFO - Progress: 19% (8/42) - 0.1s
2025-08-29 18:24:56,182 - src.process_pipeline - INFO - Progress: 29% (12/42) - 0.2s
2025-08-29 18:24:56,238 - src.process_pipeline - INFO - Progress: 38% (16/42) - 0.2s
2025-08-29 18:24:56,272 - src.process_pipeline - INFO - Progress: 48% (20/42) - 0.2s
2025-08-29 18:24:56,329 - src.process_pipeline - INFO - Progress: 57% (24/42) - 0.3s
2025-08-29 18:24:56,386 - src.process_pipeline - INFO - Progress: 67% (28/42) - 0.4s
2025-08-29 18:24:56,433 - src.process_pipeline - INFO - Progress: 76% (32/42) - 0.4s
2025-08-29 18:24:56,494 - src.process_pipeline - INFO - Progress: 86% (36/42) - 0.5s
2025-08-29 18:24:56,557 - src.process_pipeline - INFO - Progress: 95% (40/42) - 0.5s
2025-08-29 18:24:56,587 - src.process_pipeline - INFO - Progress: 100% (42/42) - 0.6s
2025-08-29 18:24:58,873 - src.process_pipeline - INFO - Dropped 36 original metrics
2025-08-29 18:24:58,929 - src.process_pipeline - INFO - Calculating rolling averages for 85 metrics with windows [5]
2025-08-29 18:25:33,796 - src.process_pipeline - INFO - Dropped 49 non rolled metrics
2025-08-29 18:25:33,797 - src.process_pipeline - INFO - Calculated rolling averages completed
2025-08-29 18:25:33,852 - src.process_pipeline - INFO - Final shape: (22895, 171)
2025-08-29 18:25:41,199 - src.process_pipeline - INFO - Saved H2H data with 6740 team pairs
2025-08-29 18:25:41,204 - src.process_pipeline - INFO - Saved standings data for 4512 teams
2025-08-29 18:25:41,205 - src.process_pipeline - INFO - Incremental processing complete. Total records: 22895
2025-08-29 18:25:41,205 - src.process_pipeline - INFO - New records processed: 22895
