2025-09-03 21:04:50,779 - src.process_pipeline - INFO - Logging initialized. Log file: logs/process\process_20250903_210450.log
2025-09-03 21:04:51,802 - src.process_pipeline - INFO - Loaded H2H data with 11835 team pairs
2025-09-03 21:04:51,813 - src.process_pipeline - INFO - Loaded standings data for 1964 teams
2025-09-03 21:04:51,813 - src.process_pipeline - INFO - Force processing: resetting standings data
2025-09-03 21:04:53,752 - src.process_pipeline - INFO - Already processed fixtures: 7727
2025-09-03 21:04:53,759 - src.process_pipeline - INFO - Processing Europe - Champions League - 2020
2025-09-03 21:04:53,760 - src.process_pipeline - INFO - Processing Europe/Champions League/2020
2025-09-03 21:04:53,760 - src.process_pipeline - ERROR - Error processing Europe/Champions League/2020: 'odds'
2025-09-03 21:04:53,762 - src.process_pipeline - INFO -   No new matches found
2025-09-03 21:04:53,762 - src.process_pipeline - INFO - Processing Europe - Champions League - 2021
2025-09-03 21:04:53,762 - src.process_pipeline - INFO - Processing Europe/Champions League/2021
2025-09-03 21:04:53,762 - src.process_pipeline - ERROR - Error processing Europe/Champions League/2021: 'odds'
2025-09-03 21:04:53,762 - src.process_pipeline - INFO -   No new matches found
2025-09-03 21:04:53,762 - src.process_pipeline - INFO - Processing Europe - Champions League - 2022
2025-09-03 21:04:53,763 - src.process_pipeline - INFO - Processing Europe/Champions League/2022
2025-09-03 21:04:53,763 - src.process_pipeline - ERROR - Error processing Europe/Champions League/2022: 'odds'
2025-09-03 21:04:53,763 - src.process_pipeline - INFO -   No new matches found
2025-09-03 21:04:53,763 - src.process_pipeline - INFO - Processing Europe - Champions League - 2023
2025-09-03 21:04:53,763 - src.process_pipeline - INFO - Processing Europe/Champions League/2023
2025-09-03 21:04:53,763 - src.process_pipeline - ERROR - Error processing Europe/Champions League/2023: 'odds'
2025-09-03 21:04:53,764 - src.process_pipeline - INFO -   No new matches found
2025-09-03 21:04:53,764 - src.process_pipeline - INFO - Processing Europe - Champions League - 2024
2025-09-03 21:04:53,764 - src.process_pipeline - INFO - Processing Europe/Champions League/2024
2025-09-03 21:04:53,764 - src.process_pipeline - ERROR - Error processing Europe/Champions League/2024: 'odds'
2025-09-03 21:04:53,764 - src.process_pipeline - INFO -   No new matches found
2025-09-03 21:04:53,764 - src.process_pipeline - INFO - Processing Europe - Champions League - 2025
2025-09-03 21:04:53,765 - src.process_pipeline - INFO - Processing Europe/Champions League/2025
2025-09-03 21:04:53,765 - src.process_pipeline - ERROR - Error processing Europe/Champions League/2025: 'odds'
2025-09-03 21:04:53,765 - src.process_pipeline - INFO -   No new matches found
2025-09-03 21:04:53,765 - src.process_pipeline - INFO - Processing Europe - Conference League - 2021
2025-09-03 21:04:53,765 - src.process_pipeline - INFO - Processing Europe/Conference League/2021
2025-09-03 21:04:53,765 - src.process_pipeline - ERROR - Error processing Europe/Conference League/2021: 'odds'
2025-09-03 21:04:53,765 - src.process_pipeline - INFO -   No new matches found
2025-09-03 21:04:53,765 - src.process_pipeline - INFO - Processing Europe - Conference League - 2022
2025-09-03 21:04:53,766 - src.process_pipeline - INFO - Processing Europe/Conference League/2022
2025-09-03 21:04:53,766 - src.process_pipeline - ERROR - Error processing Europe/Conference League/2022: 'odds'
2025-09-03 21:04:53,766 - src.process_pipeline - INFO -   No new matches found
2025-09-03 21:04:53,766 - src.process_pipeline - INFO - Processing Europe - Conference League - 2023
2025-09-03 21:04:53,766 - src.process_pipeline - INFO - Processing Europe/Conference League/2023
2025-09-03 21:04:53,766 - src.process_pipeline - ERROR - Error processing Europe/Conference League/2023: 'odds'
2025-09-03 21:04:53,767 - src.process_pipeline - INFO -   No new matches found
2025-09-03 21:04:53,767 - src.process_pipeline - INFO - Processing Europe - Conference League - 2024
2025-09-03 21:04:53,767 - src.process_pipeline - INFO - Processing Europe/Conference League/2024
2025-09-03 21:04:53,767 - src.process_pipeline - ERROR - Error processing Europe/Conference League/2024: 'odds'
2025-09-03 21:04:53,767 - src.process_pipeline - INFO -   No new matches found
2025-09-03 21:04:53,767 - src.process_pipeline - INFO - Processing Europe - Conference League - 2025
2025-09-03 21:04:53,768 - src.process_pipeline - INFO - Processing Europe/Conference League/2025
2025-09-03 21:04:53,768 - src.process_pipeline - ERROR - Error processing Europe/Conference League/2025: 'odds'
2025-09-03 21:04:53,768 - src.process_pipeline - INFO -   No new matches found
2025-09-03 21:04:53,768 - src.process_pipeline - INFO - Processing Europe - Europa League - 2020
2025-09-03 21:04:53,768 - src.process_pipeline - INFO - Processing Europe/Europa League/2020
2025-09-03 21:04:53,768 - src.process_pipeline - ERROR - Error processing Europe/Europa League/2020: 'odds'
2025-09-03 21:04:53,769 - src.process_pipeline - INFO -   No new matches found
2025-09-03 21:04:53,769 - src.process_pipeline - INFO - Processing Europe - Europa League - 2021
2025-09-03 21:04:53,769 - src.process_pipeline - INFO - Processing Europe/Europa League/2021
2025-09-03 21:04:53,769 - src.process_pipeline - ERROR - Error processing Europe/Europa League/2021: 'odds'
2025-09-03 21:04:53,769 - src.process_pipeline - INFO -   No new matches found
2025-09-03 21:04:53,769 - src.process_pipeline - INFO - Processing Europe - Europa League - 2022
2025-09-03 21:04:53,770 - src.process_pipeline - INFO - Processing Europe/Europa League/2022
2025-09-03 21:04:53,770 - src.process_pipeline - ERROR - Error processing Europe/Europa League/2022: 'odds'
2025-09-03 21:04:53,770 - src.process_pipeline - INFO -   No new matches found
2025-09-03 21:04:53,770 - src.process_pipeline - INFO - Processing Europe - Europa League - 2023
2025-09-03 21:04:53,770 - src.process_pipeline - INFO - Processing Europe/Europa League/2023
2025-09-03 21:04:53,770 - src.process_pipeline - ERROR - Error processing Europe/Europa League/2023: 'odds'
2025-09-03 21:04:53,771 - src.process_pipeline - INFO -   No new matches found
2025-09-03 21:04:53,771 - src.process_pipeline - INFO - Processing Europe - Europa League - 2024
2025-09-03 21:04:53,771 - src.process_pipeline - INFO - Processing Europe/Europa League/2024
2025-09-03 21:04:53,771 - src.process_pipeline - ERROR - Error processing Europe/Europa League/2024: 'odds'
2025-09-03 21:04:53,771 - src.process_pipeline - INFO -   No new matches found
2025-09-03 21:04:53,771 - src.process_pipeline - INFO - Processing Europe - Europa League - 2025
2025-09-03 21:04:53,772 - src.process_pipeline - INFO - Processing Europe/Europa League/2025
2025-09-03 21:04:53,772 - src.process_pipeline - ERROR - Error processing Europe/Europa League/2025: 'odds'
2025-09-03 21:04:53,772 - src.process_pipeline - INFO -   No new matches found
2025-09-03 21:04:53,772 - src.process_pipeline - INFO - Processing Italy - Coppa Italia - 2020
2025-09-03 21:04:53,772 - src.process_pipeline - INFO - Processing Italy/Coppa Italia/2020
2025-09-03 21:04:53,772 - src.process_pipeline - ERROR - Error processing Italy/Coppa Italia/2020: 'odds'
2025-09-03 21:04:53,772 - src.process_pipeline - INFO -   No new matches found
2025-09-03 21:04:53,772 - src.process_pipeline - INFO - Processing Italy - Coppa Italia - 2021
2025-09-03 21:04:53,773 - src.process_pipeline - INFO - Processing Italy/Coppa Italia/2021
2025-09-03 21:04:53,773 - src.process_pipeline - ERROR - Error processing Italy/Coppa Italia/2021: 'odds'
2025-09-03 21:04:53,773 - src.process_pipeline - INFO -   No new matches found
2025-09-03 21:04:53,773 - src.process_pipeline - INFO - Processing Italy - Coppa Italia - 2022
2025-09-03 21:04:53,773 - src.process_pipeline - INFO - Processing Italy/Coppa Italia/2022
2025-09-03 21:04:53,773 - src.process_pipeline - ERROR - Error processing Italy/Coppa Italia/2022: 'odds'
2025-09-03 21:04:53,774 - src.process_pipeline - INFO -   No new matches found
2025-09-03 21:04:53,774 - src.process_pipeline - INFO - Processing Italy - Coppa Italia - 2023
2025-09-03 21:04:53,774 - src.process_pipeline - INFO - Processing Italy/Coppa Italia/2023
2025-09-03 21:04:53,774 - src.process_pipeline - ERROR - Error processing Italy/Coppa Italia/2023: 'odds'
2025-09-03 21:04:53,775 - src.process_pipeline - INFO -   No new matches found
2025-09-03 21:04:53,775 - src.process_pipeline - INFO - Processing Italy - Coppa Italia - 2024
2025-09-03 21:04:53,775 - src.process_pipeline - INFO - Processing Italy/Coppa Italia/2024
2025-09-03 21:04:53,775 - src.process_pipeline - ERROR - Error processing Italy/Coppa Italia/2024: 'odds'
2025-09-03 21:04:53,775 - src.process_pipeline - INFO -   No new matches found
2025-09-03 21:04:53,776 - src.process_pipeline - INFO - Processing Italy - Coppa Italia - 2025
2025-09-03 21:04:53,776 - src.process_pipeline - INFO - Processing Italy/Coppa Italia/2025
2025-09-03 21:04:53,776 - src.process_pipeline - ERROR - Error processing Italy/Coppa Italia/2025: 'odds'
2025-09-03 21:04:53,776 - src.process_pipeline - INFO -   No new matches found
2025-09-03 21:04:53,776 - src.process_pipeline - INFO - Processing Italy - Serie A - 2020
2025-09-03 21:04:53,776 - src.process_pipeline - INFO - Processing Italy/Serie A/2020
2025-09-03 21:04:53,777 - src.process_pipeline - ERROR - Error processing Italy/Serie A/2020: 'odds'
2025-09-03 21:04:53,777 - src.process_pipeline - INFO -   No new matches found
2025-09-03 21:04:53,777 - src.process_pipeline - INFO - Processing Italy - Serie A - 2021
2025-09-03 21:04:53,777 - src.process_pipeline - INFO - Processing Italy/Serie A/2021
2025-09-03 21:04:53,777 - src.process_pipeline - ERROR - Error processing Italy/Serie A/2021: 'odds'
2025-09-03 21:04:53,777 - src.process_pipeline - INFO -   No new matches found
2025-09-03 21:04:53,777 - src.process_pipeline - INFO - Processing Italy - Serie A - 2022
2025-09-03 21:04:53,778 - src.process_pipeline - INFO - Processing Italy/Serie A/2022
2025-09-03 21:04:53,778 - src.process_pipeline - ERROR - Error processing Italy/Serie A/2022: 'odds'
2025-09-03 21:04:53,778 - src.process_pipeline - INFO -   No new matches found
2025-09-03 21:04:53,778 - src.process_pipeline - INFO - Processing Italy - Serie A - 2023
2025-09-03 21:04:53,778 - src.process_pipeline - INFO - Processing Italy/Serie A/2023
2025-09-03 21:04:53,778 - src.process_pipeline - ERROR - Error processing Italy/Serie A/2023: 'odds'
2025-09-03 21:04:53,779 - src.process_pipeline - INFO -   No new matches found
2025-09-03 21:04:53,779 - src.process_pipeline - INFO - Processing Italy - Serie A - 2024
2025-09-03 21:04:53,779 - src.process_pipeline - INFO - Processing Italy/Serie A/2024
2025-09-03 21:04:53,779 - src.process_pipeline - ERROR - Error processing Italy/Serie A/2024: 'odds'
2025-09-03 21:04:53,779 - src.process_pipeline - INFO -   No new matches found
2025-09-03 21:04:53,779 - src.process_pipeline - INFO - Processing Italy - Serie A - 2025
2025-09-03 21:04:53,779 - src.process_pipeline - INFO - Processing Italy/Serie A/2025
2025-09-03 21:04:53,780 - src.process_pipeline - ERROR - Error processing Italy/Serie A/2025: 'odds'
2025-09-03 21:04:53,780 - src.process_pipeline - INFO -   No new matches found
2025-09-03 21:04:53,780 - src.process_pipeline - INFO - Processing Italy - Serie B - 2020
2025-09-03 21:04:53,780 - src.process_pipeline - INFO - Processing Italy/Serie B/2020
2025-09-03 21:04:53,780 - src.process_pipeline - ERROR - Error processing Italy/Serie B/2020: 'odds'
2025-09-03 21:04:53,780 - src.process_pipeline - INFO -   No new matches found
2025-09-03 21:04:53,780 - src.process_pipeline - INFO - Processing Italy - Serie B - 2021
2025-09-03 21:04:53,781 - src.process_pipeline - INFO - Processing Italy/Serie B/2021
2025-09-03 21:04:53,781 - src.process_pipeline - ERROR - Error processing Italy/Serie B/2021: 'odds'
2025-09-03 21:04:53,781 - src.process_pipeline - INFO -   No new matches found
2025-09-03 21:04:53,781 - src.process_pipeline - INFO - Processing Italy - Serie B - 2022
2025-09-03 21:04:53,781 - src.process_pipeline - INFO - Processing Italy/Serie B/2022
2025-09-03 21:04:53,781 - src.process_pipeline - ERROR - Error processing Italy/Serie B/2022: 'odds'
2025-09-03 21:04:53,782 - src.process_pipeline - INFO -   No new matches found
2025-09-03 21:04:53,782 - src.process_pipeline - INFO - Processing Italy - Serie B - 2023
2025-09-03 21:04:53,782 - src.process_pipeline - INFO - Processing Italy/Serie B/2023
2025-09-03 21:04:53,782 - src.process_pipeline - ERROR - Error processing Italy/Serie B/2023: 'odds'
2025-09-03 21:04:53,782 - src.process_pipeline - INFO -   No new matches found
2025-09-03 21:04:53,782 - src.process_pipeline - INFO - Processing Italy - Serie B - 2024
2025-09-03 21:04:53,783 - src.process_pipeline - INFO - Processing Italy/Serie B/2024
2025-09-03 21:04:53,783 - src.process_pipeline - ERROR - Error processing Italy/Serie B/2024: 'odds'
2025-09-03 21:04:53,783 - src.process_pipeline - INFO -   No new matches found
2025-09-03 21:04:53,783 - src.process_pipeline - INFO - Processing Italy - Serie B - 2025
2025-09-03 21:04:53,783 - src.process_pipeline - INFO - Processing Italy/Serie B/2025
2025-09-03 21:04:53,783 - src.process_pipeline - ERROR - Error processing Italy/Serie B/2025: 'odds'
2025-09-03 21:04:53,783 - src.process_pipeline - INFO -   No new matches found
2025-09-03 21:04:53,783 - src.process_pipeline - INFO - Total new matches to process: 0
2025-09-03 21:04:53,783 - src.process_pipeline - INFO - Starting preprocessing and feature engineering
2025-09-03 21:04:53,784 - src.process_pipeline - INFO - Initial data shape: (0, 0)
2025-09-03 21:04:53,784 - src.process_pipeline - INFO - Cleaning data
