2025-09-01 16:29:28,573 - src.process_pipeline - INFO - Logging initialized. Log file: logs/process\process_20250901_162928.log
2025-09-01 16:29:29,300 - src.process_pipeline - INFO - Loaded H2H data with 6740 team pairs
2025-09-01 16:29:29,306 - src.process_pipeline - INFO - Loaded standings data for 4512 teams
2025-09-01 16:29:29,895 - src.process_pipeline - INFO - Processing England/Championship/2017
2025-09-01 16:29:29,918 - src.process_pipeline - INFO - Successfully merged 557 records with team statistics
2025-09-01 16:29:29,943 - src.process_pipeline - INFO - Saved merged data to data\processed\England\Championship\2017\merged_2017.csv
2025-09-01 16:29:29,943 - src.process_pipeline - INFO - Successfully merged 557 records
2025-09-01 16:29:29,944 - src.process_pipeline - INFO - Processing England/Championship/2018
2025-09-01 16:29:29,965 - src.process_pipeline - INFO - Successfully merged 557 records with team statistics
2025-09-01 16:29:29,987 - src.process_pipeline - INFO - Saved merged data to data\processed\England\Championship\2018\merged_2018.csv
2025-09-01 16:29:29,987 - src.process_pipeline - INFO - Successfully merged 557 records
2025-09-01 16:29:29,989 - src.process_pipeline - INFO - Processing England/Championship/2019
2025-09-01 16:29:30,007 - src.process_pipeline - INFO - Successfully merged 444 records with team statistics
2025-09-01 16:29:30,019 - src.process_pipeline - INFO - Saved merged data to data\processed\England\Championship\2019\merged_2019.csv
2025-09-01 16:29:30,020 - src.process_pipeline - INFO - Successfully merged 444 records
2025-09-01 16:29:30,022 - src.process_pipeline - INFO - Processing England/Championship/2020
2025-09-01 16:29:30,042 - src.process_pipeline - INFO - Successfully merged 557 records with team statistics
2025-09-01 16:29:30,058 - src.process_pipeline - INFO - Saved merged data to data\processed\England\Championship\2020\merged_2020.csv
2025-09-01 16:29:30,058 - src.process_pipeline - INFO - Successfully merged 557 records
2025-09-01 16:29:30,060 - src.process_pipeline - INFO - Processing England/Championship/2021
2025-09-01 16:29:30,082 - src.process_pipeline - INFO - Successfully merged 557 records with team statistics
2025-09-01 16:29:30,099 - src.process_pipeline - INFO - Saved merged data to data\processed\England\Championship\2021\merged_2021.csv
2025-09-01 16:29:30,099 - src.process_pipeline - INFO - Successfully merged 557 records
2025-09-01 16:29:30,102 - src.process_pipeline - INFO - Processing England/Championship/2022
2025-09-01 16:29:30,128 - src.process_pipeline - INFO - Successfully merged 546 records with team statistics
2025-09-01 16:29:30,149 - src.process_pipeline - INFO - Saved merged data to data\processed\England\Championship\2022\merged_2022.csv
2025-09-01 16:29:30,150 - src.process_pipeline - INFO - Successfully merged 546 records
2025-09-01 16:29:30,155 - src.process_pipeline - INFO - Processing England/Championship/2023
2025-09-01 16:29:30,179 - src.process_pipeline - INFO - Successfully merged 557 records with team statistics
2025-09-01 16:29:30,209 - src.process_pipeline - INFO - Saved merged data to data\processed\England\Championship\2023\merged_2023.csv
2025-09-01 16:29:30,209 - src.process_pipeline - INFO - Successfully merged 557 records
2025-09-01 16:29:30,213 - src.process_pipeline - INFO - Processing England/Championship/2024
2025-09-01 16:29:30,238 - src.process_pipeline - INFO - Successfully merged 557 records with team statistics
2025-09-01 16:29:30,264 - src.process_pipeline - INFO - Saved merged data to data\processed\England\Championship\2024\merged_2024.csv
2025-09-01 16:29:30,265 - src.process_pipeline - INFO - Successfully merged 557 records
2025-09-01 16:29:30,270 - src.process_pipeline - INFO - Processing England/Championship/2025
2025-09-01 16:29:30,288 - src.process_pipeline - INFO - Successfully merged 24 records with team statistics
2025-09-01 16:29:30,295 - src.process_pipeline - INFO - Saved merged data to data\processed\England\Championship\2025\merged_2025.csv
2025-09-01 16:29:30,296 - src.process_pipeline - INFO - Successfully merged 24 records
2025-09-01 16:29:30,299 - src.process_pipeline - INFO - Processing England/EFL Trophy/2021
2025-09-01 16:29:30,316 - src.process_pipeline - INFO - Successfully merged 127 records with team statistics
2025-09-01 16:29:30,324 - src.process_pipeline - INFO - Saved merged data to data\processed\England\EFL Trophy\2021\merged_2021.csv
2025-09-01 16:29:30,324 - src.process_pipeline - INFO - Successfully merged 127 records
2025-09-01 16:29:30,329 - src.process_pipeline - INFO - Processing England/EFL Trophy/2022
2025-09-01 16:29:30,347 - src.process_pipeline - INFO - Successfully merged 127 records with team statistics
2025-09-01 16:29:30,355 - src.process_pipeline - INFO - Saved merged data to data\processed\England\EFL Trophy\2022\merged_2022.csv
2025-09-01 16:29:30,355 - src.process_pipeline - INFO - Successfully merged 127 records
2025-09-01 16:29:30,360 - src.process_pipeline - INFO - Processing England/EFL Trophy/2023
2025-09-01 16:29:30,381 - src.process_pipeline - INFO - Successfully merged 127 records with team statistics
2025-09-01 16:29:30,388 - src.process_pipeline - INFO - Saved merged data to data\processed\England\EFL Trophy\2023\merged_2023.csv
2025-09-01 16:29:30,388 - src.process_pipeline - INFO - Successfully merged 127 records
2025-09-01 16:29:30,394 - src.process_pipeline - INFO - Processing England/EFL Trophy/2024
2025-09-01 16:29:30,413 - src.process_pipeline - INFO - Successfully merged 127 records with team statistics
2025-09-01 16:29:30,421 - src.process_pipeline - INFO - Saved merged data to data\processed\England\EFL Trophy\2024\merged_2024.csv
2025-09-01 16:29:30,421 - src.process_pipeline - INFO - Successfully merged 127 records
2025-09-01 16:29:30,427 - src.process_pipeline - INFO - Processing England/FA Cup/2018
2025-09-01 16:29:30,446 - src.process_pipeline - INFO - Successfully merged 150 records with team statistics
2025-09-01 16:29:30,452 - src.process_pipeline - INFO - Saved merged data to data\processed\England\FA Cup\2018\merged_2018.csv
2025-09-01 16:29:30,452 - src.process_pipeline - INFO - Successfully merged 150 records
2025-09-01 16:29:30,458 - src.process_pipeline - INFO - Processing England/FA Cup/2019
2025-09-01 16:29:30,475 - src.process_pipeline - INFO - Successfully merged 149 records with team statistics
2025-09-01 16:29:30,481 - src.process_pipeline - INFO - Saved merged data to data\processed\England\FA Cup\2019\merged_2019.csv
2025-09-01 16:29:30,482 - src.process_pipeline - INFO - Successfully merged 149 records
2025-09-01 16:29:30,485 - src.process_pipeline - INFO - Processing England/FA Cup/2020
2025-09-01 16:29:30,501 - src.process_pipeline - INFO - Successfully merged 124 records with team statistics
2025-09-01 16:29:30,507 - src.process_pipeline - INFO - Saved merged data to data\processed\England\FA Cup\2020\merged_2020.csv
2025-09-01 16:29:30,507 - src.process_pipeline - INFO - Successfully merged 124 records
2025-09-01 16:29:30,511 - src.process_pipeline - INFO - Processing England/FA Cup/2021
2025-09-01 16:29:30,526 - src.process_pipeline - INFO - Successfully merged 136 records with team statistics
2025-09-01 16:29:30,531 - src.process_pipeline - INFO - Saved merged data to data\processed\England\FA Cup\2021\merged_2021.csv
2025-09-01 16:29:30,531 - src.process_pipeline - INFO - Successfully merged 136 records
2025-09-01 16:29:30,535 - src.process_pipeline - INFO - Processing England/FA Cup/2022
2025-09-01 16:29:30,551 - src.process_pipeline - INFO - Successfully merged 143 records with team statistics
2025-09-01 16:29:30,559 - src.process_pipeline - INFO - Saved merged data to data\processed\England\FA Cup\2022\merged_2022.csv
2025-09-01 16:29:30,559 - src.process_pipeline - INFO - Successfully merged 143 records
2025-09-01 16:29:30,563 - src.process_pipeline - INFO - Processing England/FA Cup/2023
2025-09-01 16:29:30,579 - src.process_pipeline - INFO - Successfully merged 149 records with team statistics
2025-09-01 16:29:30,585 - src.process_pipeline - INFO - Saved merged data to data\processed\England\FA Cup\2023\merged_2023.csv
2025-09-01 16:29:30,585 - src.process_pipeline - INFO - Successfully merged 149 records
2025-09-01 16:29:30,591 - src.process_pipeline - INFO - Processing England/FA Cup/2024
2025-09-01 16:29:30,605 - src.process_pipeline - INFO - Successfully merged 123 records with team statistics
2025-09-01 16:29:30,610 - src.process_pipeline - INFO - Saved merged data to data\processed\England\FA Cup\2024\merged_2024.csv
2025-09-01 16:29:30,610 - src.process_pipeline - INFO - Successfully merged 123 records
2025-09-01 16:29:30,614 - src.process_pipeline - INFO - Processing England/FA Trophy/2023
2025-09-01 16:29:30,614 - src.process_pipeline - WARNING - Missing team stats file: data\extracted\England\FA Trophy\2023\team_statistics.csv
2025-09-01 16:29:30,614 - src.process_pipeline - INFO - Processing England/FA Trophy/2024
2025-09-01 16:29:30,615 - src.process_pipeline - WARNING - Missing fixtures file: data\extracted\England\FA Trophy\2024\fixture_events.csv
2025-09-01 16:29:30,615 - src.process_pipeline - INFO - Processing England/Premier League/2018
2025-09-01 16:29:30,635 - src.process_pipeline - INFO - Successfully merged 380 records with team statistics
2025-09-01 16:29:30,646 - src.process_pipeline - INFO - Saved merged data to data\processed\England\Premier League\2018\merged_2018.csv
2025-09-01 16:29:30,647 - src.process_pipeline - INFO - Successfully merged 380 records
2025-09-01 16:29:30,650 - src.process_pipeline - INFO - Processing England/Premier League/2019
2025-09-01 16:29:30,665 - src.process_pipeline - INFO - Successfully merged 288 records with team statistics
2025-09-01 16:29:30,674 - src.process_pipeline - INFO - Saved merged data to data\processed\England\Premier League\2019\merged_2019.csv
2025-09-01 16:29:30,674 - src.process_pipeline - INFO - Successfully merged 288 records
2025-09-01 16:29:30,678 - src.process_pipeline - INFO - Processing England/Premier League/2020
2025-09-01 16:29:30,695 - src.process_pipeline - INFO - Successfully merged 380 records with team statistics
2025-09-01 16:29:30,705 - src.process_pipeline - INFO - Saved merged data to data\processed\England\Premier League\2020\merged_2020.csv
2025-09-01 16:29:30,706 - src.process_pipeline - INFO - Successfully merged 380 records
2025-09-01 16:29:30,711 - src.process_pipeline - INFO - Processing England/Premier League/2021
2025-09-01 16:29:30,728 - src.process_pipeline - INFO - Successfully merged 380 records with team statistics
2025-09-01 16:29:30,739 - src.process_pipeline - INFO - Saved merged data to data\processed\England\Premier League\2021\merged_2021.csv
2025-09-01 16:29:30,739 - src.process_pipeline - INFO - Successfully merged 380 records
2025-09-01 16:29:30,743 - src.process_pipeline - INFO - Processing England/Premier League/2022
2025-09-01 16:29:30,762 - src.process_pipeline - INFO - Successfully merged 380 records with team statistics
2025-09-01 16:29:30,773 - src.process_pipeline - INFO - Saved merged data to data\processed\England\Premier League\2022\merged_2022.csv
2025-09-01 16:29:30,773 - src.process_pipeline - INFO - Successfully merged 380 records
2025-09-01 16:29:30,779 - src.process_pipeline - INFO - Processing England/Premier League/2023
2025-09-01 16:29:30,798 - src.process_pipeline - INFO - Successfully merged 380 records with team statistics
2025-09-01 16:29:30,811 - src.process_pipeline - INFO - Saved merged data to data\processed\England\Premier League\2023\merged_2023.csv
2025-09-01 16:29:30,811 - src.process_pipeline - INFO - Successfully merged 380 records
2025-09-01 16:29:30,817 - src.process_pipeline - INFO - Processing England/Premier League/2024
2025-09-01 16:29:30,839 - src.process_pipeline - INFO - Successfully merged 380 records with team statistics
2025-09-01 16:29:30,851 - src.process_pipeline - INFO - Saved merged data to data\processed\England\Premier League\2024\merged_2024.csv
2025-09-01 16:29:30,851 - src.process_pipeline - INFO - Successfully merged 380 records
2025-09-01 16:29:30,857 - src.process_pipeline - INFO - Processing England/Premier League/2025
2025-09-01 16:29:30,869 - src.process_pipeline - INFO - Successfully merged 30 records with team statistics
2025-09-01 16:29:30,873 - src.process_pipeline - INFO - Saved merged data to data\processed\England\Premier League\2025\merged_2025.csv
2025-09-01 16:29:30,873 - src.process_pipeline - INFO - Successfully merged 30 records
2025-09-01 16:29:30,878 - src.process_pipeline - INFO - Processing Europe/Champions League/2018
2025-09-01 16:29:30,893 - src.process_pipeline - INFO - Successfully merged 166 records with team statistics
2025-09-01 16:29:30,900 - src.process_pipeline - INFO - Saved merged data to data\processed\Europe\Champions League\2018\merged_2018.csv
2025-09-01 16:29:30,900 - src.process_pipeline - INFO - Successfully merged 166 records
2025-09-01 16:29:30,907 - src.process_pipeline - INFO - Processing Europe/Champions League/2019
2025-09-01 16:29:30,922 - src.process_pipeline - INFO - Successfully merged 140 records with team statistics
2025-09-01 16:29:30,928 - src.process_pipeline - INFO - Saved merged data to data\processed\Europe\Champions League\2019\merged_2019.csv
2025-09-01 16:29:30,929 - src.process_pipeline - INFO - Successfully merged 140 records
2025-09-01 16:29:30,934 - src.process_pipeline - INFO - Processing Europe/Champions League/2020
2025-09-01 16:29:30,950 - src.process_pipeline - INFO - Successfully merged 178 records with team statistics
2025-09-01 16:29:30,958 - src.process_pipeline - INFO - Saved merged data to data\processed\Europe\Champions League\2020\merged_2020.csv
2025-09-01 16:29:30,958 - src.process_pipeline - INFO - Successfully merged 178 records
2025-09-01 16:29:30,963 - src.process_pipeline - INFO - Processing Europe/Champions League/2021
2025-09-01 16:29:30,977 - src.process_pipeline - INFO - Successfully merged 157 records with team statistics
2025-09-01 16:29:30,984 - src.process_pipeline - INFO - Saved merged data to data\processed\Europe\Champions League\2021\merged_2021.csv
2025-09-01 16:29:30,984 - src.process_pipeline - INFO - Successfully merged 157 records
2025-09-01 16:29:30,990 - src.process_pipeline - INFO - Processing Europe/Champions League/2022
2025-09-01 16:29:31,007 - src.process_pipeline - INFO - Successfully merged 210 records with team statistics
2025-09-01 16:29:31,015 - src.process_pipeline - INFO - Saved merged data to data\processed\Europe\Champions League\2022\merged_2022.csv
2025-09-01 16:29:31,015 - src.process_pipeline - INFO - Successfully merged 210 records
2025-09-01 16:29:31,022 - src.process_pipeline - INFO - Processing Europe/Champions League/2023
2025-09-01 16:29:31,039 - src.process_pipeline - INFO - Successfully merged 211 records with team statistics
2025-09-01 16:29:31,049 - src.process_pipeline - INFO - Saved merged data to data\processed\Europe\Champions League\2023\merged_2023.csv
2025-09-01 16:29:31,049 - src.process_pipeline - INFO - Successfully merged 211 records
2025-09-01 16:29:31,055 - src.process_pipeline - INFO - Processing Europe/Champions League/2024
2025-09-01 16:29:31,073 - src.process_pipeline - INFO - Successfully merged 279 records with team statistics
2025-09-01 16:29:31,083 - src.process_pipeline - INFO - Saved merged data to data\processed\Europe\Champions League\2024\merged_2024.csv
2025-09-01 16:29:31,084 - src.process_pipeline - INFO - Successfully merged 279 records
2025-09-01 16:29:31,091 - src.process_pipeline - INFO - Processing Europe/Champions League/2025
2025-09-01 16:29:31,103 - src.process_pipeline - INFO - Successfully merged 30 records with team statistics
2025-09-01 16:29:31,107 - src.process_pipeline - INFO - Saved merged data to data\processed\Europe\Champions League\2025\merged_2025.csv
2025-09-01 16:29:31,107 - src.process_pipeline - INFO - Successfully merged 30 records
2025-09-01 16:29:31,113 - src.process_pipeline - INFO - Processing Europe/Conference League/2021
2025-09-01 16:29:31,131 - src.process_pipeline - INFO - Successfully merged 423 records with team statistics
2025-09-01 16:29:31,145 - src.process_pipeline - INFO - Saved merged data to data\processed\Europe\Conference League\2021\merged_2021.csv
2025-09-01 16:29:31,146 - src.process_pipeline - INFO - Successfully merged 423 records
2025-09-01 16:29:31,151 - src.process_pipeline - INFO - Processing Europe/Conference League/2022
2025-09-01 16:29:31,170 - src.process_pipeline - INFO - Successfully merged 414 records with team statistics
2025-09-01 16:29:31,185 - src.process_pipeline - INFO - Saved merged data to data\processed\Europe\Conference League\2022\merged_2022.csv
2025-09-01 16:29:31,185 - src.process_pipeline - INFO - Successfully merged 414 records
2025-09-01 16:29:31,194 - src.process_pipeline - INFO - Processing Europe/Conference League/2023
2025-09-01 16:29:31,213 - src.process_pipeline - INFO - Successfully merged 417 records with team statistics
2025-09-01 16:29:31,228 - src.process_pipeline - INFO - Saved merged data to data\processed\Europe\Conference League\2023\merged_2023.csv
2025-09-01 16:29:31,228 - src.process_pipeline - INFO - Successfully merged 417 records
2025-09-01 16:29:31,234 - src.process_pipeline - INFO - Processing Europe/Conference League/2024
2025-09-01 16:29:31,234 - src.process_pipeline - WARNING - Missing team stats file: data\extracted\Europe\Conference League\2024\team_statistics.csv
2025-09-01 16:29:31,235 - src.process_pipeline - INFO - Processing Europe/Conference League/2025
2025-09-01 16:29:31,250 - src.process_pipeline - INFO - Successfully merged 84 records with team statistics
2025-09-01 16:29:31,255 - src.process_pipeline - INFO - Saved merged data to data\processed\Europe\Conference League\2025\merged_2025.csv
2025-09-01 16:29:31,255 - src.process_pipeline - INFO - Successfully merged 84 records
2025-09-01 16:29:31,263 - src.process_pipeline - INFO - Processing Europe/Europa League/2018
2025-09-01 16:29:31,282 - src.process_pipeline - INFO - Successfully merged 364 records with team statistics
2025-09-01 16:29:31,296 - src.process_pipeline - INFO - Saved merged data to data\processed\Europe\Europa League\2018\merged_2018.csv
2025-09-01 16:29:31,297 - src.process_pipeline - INFO - Successfully merged 364 records
2025-09-01 16:29:31,304 - src.process_pipeline - INFO - Processing Europe/Europa League/2019
2025-09-01 16:29:31,323 - src.process_pipeline - INFO - Successfully merged 337 records with team statistics
2025-09-01 16:29:31,335 - src.process_pipeline - INFO - Saved merged data to data\processed\Europe\Europa League\2019\merged_2019.csv
2025-09-01 16:29:31,335 - src.process_pipeline - INFO - Successfully merged 337 records
2025-09-01 16:29:31,342 - src.process_pipeline - INFO - Processing Europe/Europa League/2020
2025-09-01 16:29:31,361 - src.process_pipeline - INFO - Successfully merged 362 records with team statistics
2025-09-01 16:29:31,375 - src.process_pipeline - INFO - Saved merged data to data\processed\Europe\Europa League\2020\merged_2020.csv
2025-09-01 16:29:31,376 - src.process_pipeline - INFO - Successfully merged 362 records
2025-09-01 16:29:31,383 - src.process_pipeline - INFO - Processing Europe/Europa League/2021
2025-09-01 16:29:31,399 - src.process_pipeline - INFO - Successfully merged 177 records with team statistics
2025-09-01 16:29:31,407 - src.process_pipeline - INFO - Saved merged data to data\processed\Europe\Europa League\2021\merged_2021.csv
2025-09-01 16:29:31,408 - src.process_pipeline - INFO - Successfully merged 177 records
2025-09-01 16:29:31,414 - src.process_pipeline - INFO - Processing Europe/Europa League/2022
2025-09-01 16:29:31,430 - src.process_pipeline - INFO - Successfully merged 175 records with team statistics
2025-09-01 16:29:31,437 - src.process_pipeline - INFO - Saved merged data to data\processed\Europe\Europa League\2022\merged_2022.csv
2025-09-01 16:29:31,438 - src.process_pipeline - INFO - Successfully merged 175 records
2025-09-01 16:29:31,445 - src.process_pipeline - INFO - Processing Europe/Europa League/2023
2025-09-01 16:29:31,460 - src.process_pipeline - INFO - Successfully merged 175 records with team statistics
2025-09-01 16:29:31,467 - src.process_pipeline - INFO - Saved merged data to data\processed\Europe\Europa League\2023\merged_2023.csv
2025-09-01 16:29:31,467 - src.process_pipeline - INFO - Successfully merged 175 records
2025-09-01 16:29:31,476 - src.process_pipeline - INFO - Processing Europe/Europa League/2024
2025-09-01 16:29:31,494 - src.process_pipeline - INFO - Successfully merged 269 records with team statistics
2025-09-01 16:29:31,504 - src.process_pipeline - INFO - Saved merged data to data\processed\Europe\Europa League\2024\merged_2024.csv
2025-09-01 16:29:31,505 - src.process_pipeline - INFO - Successfully merged 269 records
2025-09-01 16:29:31,512 - src.process_pipeline - INFO - Processing Europe/Europa League/2025
2025-09-01 16:29:31,528 - src.process_pipeline - INFO - Successfully merged 38 records with team statistics
2025-09-01 16:29:31,531 - src.process_pipeline - INFO - Saved merged data to data\processed\Europe\Europa League\2025\merged_2025.csv
2025-09-01 16:29:31,531 - src.process_pipeline - INFO - Successfully merged 38 records
2025-09-01 16:29:31,542 - src.process_pipeline - INFO - Processing France/Coupe de France/2018
2025-09-01 16:29:31,559 - src.process_pipeline - INFO - Successfully merged 195 records with team statistics
2025-09-01 16:29:31,566 - src.process_pipeline - INFO - Saved merged data to data\processed\France\Coupe de France\2018\merged_2018.csv
2025-09-01 16:29:31,566 - src.process_pipeline - INFO - Successfully merged 195 records
2025-09-01 16:29:31,576 - src.process_pipeline - INFO - Processing France/Coupe de France/2019
2025-09-01 16:29:31,596 - src.process_pipeline - INFO - Successfully merged 194 records with team statistics
2025-09-01 16:29:31,605 - src.process_pipeline - INFO - Saved merged data to data\processed\France\Coupe de France\2019\merged_2019.csv
2025-09-01 16:29:31,605 - src.process_pipeline - INFO - Successfully merged 194 records
2025-09-01 16:29:31,614 - src.process_pipeline - INFO - Processing France/Coupe de France/2020
2025-09-01 16:29:31,630 - src.process_pipeline - INFO - Successfully merged 170 records with team statistics
2025-09-01 16:29:31,637 - src.process_pipeline - INFO - Saved merged data to data\processed\France\Coupe de France\2020\merged_2020.csv
2025-09-01 16:29:31,637 - src.process_pipeline - INFO - Successfully merged 170 records
2025-09-01 16:29:31,646 - src.process_pipeline - INFO - Processing France/Coupe de France/2021
2025-09-01 16:29:31,661 - src.process_pipeline - INFO - Successfully merged 193 records with team statistics
2025-09-01 16:29:31,668 - src.process_pipeline - INFO - Saved merged data to data\processed\France\Coupe de France\2021\merged_2021.csv
2025-09-01 16:29:31,668 - src.process_pipeline - INFO - Successfully merged 193 records
2025-09-01 16:29:31,675 - src.process_pipeline - INFO - Processing France/Coupe de France/2022
2025-09-01 16:29:31,689 - src.process_pipeline - INFO - Successfully merged 195 records with team statistics
2025-09-01 16:29:31,696 - src.process_pipeline - INFO - Saved merged data to data\processed\France\Coupe de France\2022\merged_2022.csv
2025-09-01 16:29:31,696 - src.process_pipeline - INFO - Successfully merged 195 records
2025-09-01 16:29:31,704 - src.process_pipeline - INFO - Processing France/Coupe de France/2023
2025-09-01 16:29:31,719 - src.process_pipeline - INFO - Successfully merged 197 records with team statistics
2025-09-01 16:29:31,726 - src.process_pipeline - INFO - Saved merged data to data\processed\France\Coupe de France\2023\merged_2023.csv
2025-09-01 16:29:31,727 - src.process_pipeline - INFO - Successfully merged 197 records
2025-09-01 16:29:31,734 - src.process_pipeline - INFO - Processing France/Coupe de France/2024
2025-09-01 16:29:31,749 - src.process_pipeline - INFO - Successfully merged 199 records with team statistics
2025-09-01 16:29:31,756 - src.process_pipeline - INFO - Saved merged data to data\processed\France\Coupe de France\2024\merged_2024.csv
2025-09-01 16:29:31,756 - src.process_pipeline - INFO - Successfully merged 199 records
2025-09-01 16:29:31,764 - src.process_pipeline - INFO - Processing France/Ligue 1/2018
2025-09-01 16:29:31,781 - src.process_pipeline - INFO - Successfully merged 380 records with team statistics
2025-09-01 16:29:31,792 - src.process_pipeline - INFO - Saved merged data to data\processed\France\Ligue 1\2018\merged_2018.csv
2025-09-01 16:29:31,792 - src.process_pipeline - INFO - Successfully merged 380 records
2025-09-01 16:29:31,799 - src.process_pipeline - INFO - Processing France/Ligue 1/2019
2025-09-01 16:29:31,817 - src.process_pipeline - INFO - Successfully merged 380 records with team statistics
2025-09-01 16:29:31,831 - src.process_pipeline - INFO - Saved merged data to data\processed\France\Ligue 1\2019\merged_2019.csv
2025-09-01 16:29:31,831 - src.process_pipeline - INFO - Successfully merged 380 records
2025-09-01 16:29:31,840 - src.process_pipeline - INFO - Processing France/Ligue 1/2020
2025-09-01 16:29:31,857 - src.process_pipeline - INFO - Successfully merged 382 records with team statistics
2025-09-01 16:29:31,869 - src.process_pipeline - INFO - Saved merged data to data\processed\France\Ligue 1\2020\merged_2020.csv
2025-09-01 16:29:31,869 - src.process_pipeline - INFO - Successfully merged 382 records
2025-09-01 16:29:31,878 - src.process_pipeline - INFO - Processing France/Ligue 1/2021
2025-09-01 16:29:31,898 - src.process_pipeline - INFO - Successfully merged 382 records with team statistics
2025-09-01 16:29:31,912 - src.process_pipeline - INFO - Saved merged data to data\processed\France\Ligue 1\2021\merged_2021.csv
2025-09-01 16:29:31,913 - src.process_pipeline - INFO - Successfully merged 382 records
2025-09-01 16:29:31,923 - src.process_pipeline - INFO - Processing France/Ligue 1/2022
2025-09-01 16:29:31,941 - src.process_pipeline - INFO - Successfully merged 370 records with team statistics
2025-09-01 16:29:31,952 - src.process_pipeline - INFO - Saved merged data to data\processed\France\Ligue 1\2022\merged_2022.csv
2025-09-01 16:29:31,952 - src.process_pipeline - INFO - Successfully merged 370 records
2025-09-01 16:29:31,961 - src.process_pipeline - INFO - Processing France/Ligue 1/2023
2025-09-01 16:29:31,979 - src.process_pipeline - INFO - Successfully merged 307 records with team statistics
2025-09-01 16:29:31,989 - src.process_pipeline - INFO - Saved merged data to data\processed\France\Ligue 1\2023\merged_2023.csv
2025-09-01 16:29:31,989 - src.process_pipeline - INFO - Successfully merged 307 records
2025-09-01 16:29:31,998 - src.process_pipeline - INFO - Processing France/Ligue 1/2024
2025-09-01 16:29:32,018 - src.process_pipeline - INFO - Successfully merged 308 records with team statistics
2025-09-01 16:29:32,028 - src.process_pipeline - INFO - Saved merged data to data\processed\France\Ligue 1\2024\merged_2024.csv
2025-09-01 16:29:32,029 - src.process_pipeline - INFO - Successfully merged 308 records
2025-09-01 16:29:32,038 - src.process_pipeline - INFO - Processing France/Ligue 1/2025
2025-09-01 16:29:32,051 - src.process_pipeline - INFO - Successfully merged 26 records with team statistics
2025-09-01 16:29:32,054 - src.process_pipeline - INFO - Saved merged data to data\processed\France\Ligue 1\2025\merged_2025.csv
2025-09-01 16:29:32,054 - src.process_pipeline - INFO - Successfully merged 26 records
2025-09-01 16:29:32,063 - src.process_pipeline - INFO - Processing France/Ligue 2/2018
2025-09-01 16:29:32,083 - src.process_pipeline - INFO - Successfully merged 370 records with team statistics
2025-09-01 16:29:32,095 - src.process_pipeline - INFO - Saved merged data to data\processed\France\Ligue 2\2018\merged_2018.csv
2025-09-01 16:29:32,095 - src.process_pipeline - INFO - Successfully merged 370 records
2025-09-01 16:29:32,105 - src.process_pipeline - INFO - Processing France/Ligue 2/2019
2025-09-01 16:29:32,124 - src.process_pipeline - INFO - Successfully merged 370 records with team statistics
2025-09-01 16:29:32,138 - src.process_pipeline - INFO - Saved merged data to data\processed\France\Ligue 2\2019\merged_2019.csv
2025-09-01 16:29:32,138 - src.process_pipeline - INFO - Successfully merged 370 records
2025-09-01 16:29:32,148 - src.process_pipeline - INFO - Processing France/Ligue 2/2020
2025-09-01 16:29:32,166 - src.process_pipeline - INFO - Successfully merged 384 records with team statistics
2025-09-01 16:29:32,181 - src.process_pipeline - INFO - Saved merged data to data\processed\France\Ligue 2\2020\merged_2020.csv
2025-09-01 16:29:32,181 - src.process_pipeline - INFO - Successfully merged 384 records
2025-09-01 16:29:32,192 - src.process_pipeline - INFO - Processing France/Ligue 2/2021
2025-09-01 16:29:32,211 - src.process_pipeline - INFO - Successfully merged 366 records with team statistics
2025-09-01 16:29:32,227 - src.process_pipeline - INFO - Saved merged data to data\processed\France\Ligue 2\2021\merged_2021.csv
2025-09-01 16:29:32,228 - src.process_pipeline - INFO - Successfully merged 366 records
2025-09-01 16:29:32,239 - src.process_pipeline - INFO - Processing France/Ligue 2/2022
2025-09-01 16:29:32,257 - src.process_pipeline - INFO - Successfully merged 361 records with team statistics
2025-09-01 16:29:32,267 - src.process_pipeline - INFO - Saved merged data to data\processed\France\Ligue 2\2022\merged_2022.csv
2025-09-01 16:29:32,268 - src.process_pipeline - INFO - Successfully merged 361 records
2025-09-01 16:29:32,279 - src.process_pipeline - INFO - Processing France/Ligue 2/2023
2025-09-01 16:29:32,298 - src.process_pipeline - INFO - Successfully merged 382 records with team statistics
2025-09-01 16:29:32,313 - src.process_pipeline - INFO - Saved merged data to data\processed\France\Ligue 2\2023\merged_2023.csv
2025-09-01 16:29:32,313 - src.process_pipeline - INFO - Successfully merged 382 records
2025-09-01 16:29:32,325 - src.process_pipeline - INFO - Processing France/Ligue 2/2024
2025-09-01 16:29:32,345 - src.process_pipeline - INFO - Successfully merged 310 records with team statistics
2025-09-01 16:29:32,359 - src.process_pipeline - INFO - Saved merged data to data\processed\France\Ligue 2\2024\merged_2024.csv
2025-09-01 16:29:32,360 - src.process_pipeline - INFO - Successfully merged 310 records
2025-09-01 16:29:32,373 - src.process_pipeline - INFO - Processing France/Ligue 2/2025
2025-09-01 16:29:32,386 - src.process_pipeline - INFO - Successfully merged 17 records with team statistics
2025-09-01 16:29:32,389 - src.process_pipeline - INFO - Saved merged data to data\processed\France\Ligue 2\2025\merged_2025.csv
2025-09-01 16:29:32,389 - src.process_pipeline - INFO - Successfully merged 17 records
2025-09-01 16:29:32,400 - src.process_pipeline - INFO - Processing Germany/2. Bundesliga/2017
2025-09-01 16:29:32,401 - src.process_pipeline - WARNING - Missing fixtures file: data\extracted\Germany\2. Bundesliga\2017\fixture_events.csv
2025-09-01 16:29:32,401 - src.process_pipeline - INFO - Processing Germany/2. Bundesliga/2018
2025-09-01 16:29:32,419 - src.process_pipeline - INFO - Successfully merged 306 records with team statistics
2025-09-01 16:29:32,431 - src.process_pipeline - INFO - Saved merged data to data\processed\Germany\2. Bundesliga\2018\merged_2018.csv
2025-09-01 16:29:32,431 - src.process_pipeline - INFO - Successfully merged 306 records
2025-09-01 16:29:32,441 - src.process_pipeline - INFO - Processing Germany/2. Bundesliga/2019
2025-09-01 16:29:32,457 - src.process_pipeline - INFO - Successfully merged 249 records with team statistics
2025-09-01 16:29:32,465 - src.process_pipeline - INFO - Saved merged data to data\processed\Germany\2. Bundesliga\2019\merged_2019.csv
2025-09-01 16:29:32,465 - src.process_pipeline - INFO - Successfully merged 249 records
2025-09-01 16:29:32,476 - src.process_pipeline - INFO - Processing Germany/2. Bundesliga/2020
2025-09-01 16:29:32,493 - src.process_pipeline - INFO - Successfully merged 308 records with team statistics
2025-09-01 16:29:32,502 - src.process_pipeline - INFO - Saved merged data to data\processed\Germany\2. Bundesliga\2020\merged_2020.csv
2025-09-01 16:29:32,502 - src.process_pipeline - INFO - Successfully merged 308 records
2025-09-01 16:29:32,514 - src.process_pipeline - INFO - Processing Germany/2. Bundesliga/2021
2025-09-01 16:29:32,531 - src.process_pipeline - INFO - Successfully merged 293 records with team statistics
2025-09-01 16:29:32,539 - src.process_pipeline - INFO - Saved merged data to data\processed\Germany\2. Bundesliga\2021\merged_2021.csv
2025-09-01 16:29:32,540 - src.process_pipeline - INFO - Successfully merged 293 records
2025-09-01 16:29:32,550 - src.process_pipeline - INFO - Processing Germany/2. Bundesliga/2022
2025-09-01 16:29:32,567 - src.process_pipeline - INFO - Successfully merged 288 records with team statistics
2025-09-01 16:29:32,578 - src.process_pipeline - INFO - Saved merged data to data\processed\Germany\2. Bundesliga\2022\merged_2022.csv
2025-09-01 16:29:32,578 - src.process_pipeline - INFO - Successfully merged 288 records
2025-09-01 16:29:32,594 - src.process_pipeline - INFO - Processing Germany/2. Bundesliga/2023
2025-09-01 16:29:32,615 - src.process_pipeline - INFO - Successfully merged 299 records with team statistics
2025-09-01 16:29:32,629 - src.process_pipeline - INFO - Saved merged data to data\processed\Germany\2. Bundesliga\2023\merged_2023.csv
2025-09-01 16:29:32,629 - src.process_pipeline - INFO - Successfully merged 299 records
2025-09-01 16:29:32,642 - src.process_pipeline - INFO - Processing Germany/2. Bundesliga/2024
2025-09-01 16:29:32,660 - src.process_pipeline - INFO - Successfully merged 308 records with team statistics
2025-09-01 16:29:32,669 - src.process_pipeline - INFO - Saved merged data to data\processed\Germany\2. Bundesliga\2024\merged_2024.csv
2025-09-01 16:29:32,670 - src.process_pipeline - INFO - Successfully merged 308 records
2025-09-01 16:29:32,681 - src.process_pipeline - INFO - Processing Germany/2. Bundesliga/2025
2025-09-01 16:29:32,692 - src.process_pipeline - INFO - Successfully merged 18 records with team statistics
2025-09-01 16:29:32,695 - src.process_pipeline - INFO - Saved merged data to data\processed\Germany\2. Bundesliga\2025\merged_2025.csv
2025-09-01 16:29:32,695 - src.process_pipeline - INFO - Successfully merged 18 records
2025-09-01 16:29:32,706 - src.process_pipeline - INFO - Processing Germany/Bundesliga/2018
2025-09-01 16:29:32,723 - src.process_pipeline - INFO - Successfully merged 308 records with team statistics
2025-09-01 16:29:32,736 - src.process_pipeline - INFO - Saved merged data to data\processed\Germany\Bundesliga\2018\merged_2018.csv
2025-09-01 16:29:32,736 - src.process_pipeline - INFO - Successfully merged 308 records
2025-09-01 16:29:32,747 - src.process_pipeline - INFO - Processing Germany/Bundesliga/2019
2025-09-01 16:29:32,763 - src.process_pipeline - INFO - Successfully merged 260 records with team statistics
2025-09-01 16:29:32,771 - src.process_pipeline - INFO - Saved merged data to data\processed\Germany\Bundesliga\2019\merged_2019.csv
2025-09-01 16:29:32,772 - src.process_pipeline - INFO - Successfully merged 260 records
2025-09-01 16:29:32,782 - src.process_pipeline - INFO - Processing Germany/Bundesliga/2020
2025-09-01 16:29:32,799 - src.process_pipeline - INFO - Successfully merged 308 records with team statistics
2025-09-01 16:29:32,808 - src.process_pipeline - INFO - Saved merged data to data\processed\Germany\Bundesliga\2020\merged_2020.csv
2025-09-01 16:29:32,809 - src.process_pipeline - INFO - Successfully merged 308 records
2025-09-01 16:29:32,819 - src.process_pipeline - INFO - Processing Germany/Bundesliga/2021
2025-09-01 16:29:32,840 - src.process_pipeline - INFO - Successfully merged 308 records with team statistics
2025-09-01 16:29:32,849 - src.process_pipeline - INFO - Saved merged data to data\processed\Germany\Bundesliga\2021\merged_2021.csv
2025-09-01 16:29:32,849 - src.process_pipeline - INFO - Successfully merged 308 records
2025-09-01 16:29:32,861 - src.process_pipeline - INFO - Processing Germany/Bundesliga/2022
2025-09-01 16:29:32,880 - src.process_pipeline - INFO - Successfully merged 307 records with team statistics
2025-09-01 16:29:32,889 - src.process_pipeline - INFO - Saved merged data to data\processed\Germany\Bundesliga\2022\merged_2022.csv
2025-09-01 16:29:32,889 - src.process_pipeline - INFO - Successfully merged 307 records
2025-09-01 16:29:32,900 - src.process_pipeline - INFO - Processing Germany/Bundesliga/2023
2025-09-01 16:29:32,918 - src.process_pipeline - INFO - Successfully merged 308 records with team statistics
2025-09-01 16:29:32,928 - src.process_pipeline - INFO - Saved merged data to data\processed\Germany\Bundesliga\2023\merged_2023.csv
2025-09-01 16:29:32,928 - src.process_pipeline - INFO - Successfully merged 308 records
2025-09-01 16:29:32,941 - src.process_pipeline - INFO - Processing Germany/Bundesliga/2024
2025-09-01 16:29:32,960 - src.process_pipeline - INFO - Successfully merged 308 records with team statistics
2025-09-01 16:29:32,969 - src.process_pipeline - INFO - Saved merged data to data\processed\Germany\Bundesliga\2024\merged_2024.csv
2025-09-01 16:29:32,970 - src.process_pipeline - INFO - Successfully merged 308 records
2025-09-01 16:29:32,982 - src.process_pipeline - INFO - Processing Germany/Bundesliga/2025
2025-09-01 16:29:32,996 - src.process_pipeline - INFO - Successfully merged 17 records with team statistics
2025-09-01 16:29:32,998 - src.process_pipeline - INFO - Saved merged data to data\processed\Germany\Bundesliga\2025\merged_2025.csv
2025-09-01 16:29:32,999 - src.process_pipeline - INFO - Successfully merged 17 records
2025-09-01 16:29:33,012 - src.process_pipeline - INFO - Processing Germany/DFB Pokal/2018
2025-09-01 16:29:33,025 - src.process_pipeline - INFO - Successfully merged 63 records with team statistics
2025-09-01 16:29:33,028 - src.process_pipeline - INFO - Saved merged data to data\processed\Germany\DFB Pokal\2018\merged_2018.csv
2025-09-01 16:29:33,028 - src.process_pipeline - INFO - Successfully merged 63 records
2025-09-01 16:29:33,041 - src.process_pipeline - INFO - Processing Germany/DFB Pokal/2019
2025-09-01 16:29:33,054 - src.process_pipeline - INFO - Successfully merged 60 records with team statistics
2025-09-01 16:29:33,058 - src.process_pipeline - INFO - Saved merged data to data\processed\Germany\DFB Pokal\2019\merged_2019.csv
2025-09-01 16:29:33,059 - src.process_pipeline - INFO - Successfully merged 60 records
2025-09-01 16:29:33,072 - src.process_pipeline - INFO - Processing Germany/DFB Pokal/2020
2025-09-01 16:29:33,087 - src.process_pipeline - INFO - Successfully merged 63 records with team statistics
2025-09-01 16:29:33,092 - src.process_pipeline - INFO - Saved merged data to data\processed\Germany\DFB Pokal\2020\merged_2020.csv
2025-09-01 16:29:33,092 - src.process_pipeline - INFO - Successfully merged 63 records
2025-09-01 16:29:33,109 - src.process_pipeline - INFO - Processing Germany/DFB Pokal/2021
2025-09-01 16:29:33,122 - src.process_pipeline - INFO - Successfully merged 63 records with team statistics
2025-09-01 16:29:33,125 - src.process_pipeline - INFO - Saved merged data to data\processed\Germany\DFB Pokal\2021\merged_2021.csv
2025-09-01 16:29:33,125 - src.process_pipeline - INFO - Successfully merged 63 records
2025-09-01 16:29:33,139 - src.process_pipeline - INFO - Processing Germany/DFB Pokal/2022
2025-09-01 16:29:33,151 - src.process_pipeline - INFO - Successfully merged 36 records with team statistics
2025-09-01 16:29:33,154 - src.process_pipeline - INFO - Saved merged data to data\processed\Germany\DFB Pokal\2022\merged_2022.csv
2025-09-01 16:29:33,154 - src.process_pipeline - INFO - Successfully merged 36 records
2025-09-01 16:29:33,171 - src.process_pipeline - INFO - Processing Germany/DFB Pokal/2023
2025-09-01 16:29:33,185 - src.process_pipeline - INFO - Successfully merged 63 records with team statistics
2025-09-01 16:29:33,190 - src.process_pipeline - INFO - Saved merged data to data\processed\Germany\DFB Pokal\2023\merged_2023.csv
2025-09-01 16:29:33,190 - src.process_pipeline - INFO - Successfully merged 63 records
2025-09-01 16:29:33,203 - src.process_pipeline - INFO - Processing Germany/DFB Pokal/2024
2025-09-01 16:29:33,217 - src.process_pipeline - INFO - Successfully merged 63 records with team statistics
2025-09-01 16:29:33,220 - src.process_pipeline - INFO - Saved merged data to data\processed\Germany\DFB Pokal\2024\merged_2024.csv
2025-09-01 16:29:33,220 - src.process_pipeline - INFO - Successfully merged 63 records
2025-09-01 16:29:33,233 - src.process_pipeline - INFO - Processing Greece/Super League/2021
2025-09-01 16:29:33,252 - src.process_pipeline - INFO - Successfully merged 240 records with team statistics
2025-09-01 16:29:33,261 - src.process_pipeline - INFO - Saved merged data to data\processed\Greece\Super League\2021\merged_2021.csv
2025-09-01 16:29:33,261 - src.process_pipeline - INFO - Successfully merged 240 records
2025-09-01 16:29:33,276 - src.process_pipeline - INFO - Processing Greece/Super League/2022
2025-09-01 16:29:33,295 - src.process_pipeline - INFO - Successfully merged 240 records with team statistics
2025-09-01 16:29:33,304 - src.process_pipeline - INFO - Saved merged data to data\processed\Greece\Super League\2022\merged_2022.csv
2025-09-01 16:29:33,304 - src.process_pipeline - INFO - Successfully merged 240 records
2025-09-01 16:29:33,318 - src.process_pipeline - INFO - Processing Greece/Super League/2023
2025-09-01 16:29:33,337 - src.process_pipeline - INFO - Successfully merged 240 records with team statistics
2025-09-01 16:29:33,349 - src.process_pipeline - INFO - Saved merged data to data\processed\Greece\Super League\2023\merged_2023.csv
2025-09-01 16:29:33,349 - src.process_pipeline - INFO - Successfully merged 240 records
2025-09-01 16:29:33,373 - src.process_pipeline - INFO - Processing Greece/Super League/2024
2025-09-01 16:29:33,391 - src.process_pipeline - INFO - Successfully merged 236 records with team statistics
2025-09-01 16:29:33,401 - src.process_pipeline - INFO - Saved merged data to data\processed\Greece\Super League\2024\merged_2024.csv
2025-09-01 16:29:33,401 - src.process_pipeline - INFO - Successfully merged 236 records
2025-09-01 16:29:33,417 - src.process_pipeline - INFO - Processing Greece/Super League/2025
2025-09-01 16:29:33,417 - src.process_pipeline - WARNING - Missing team stats file: data\extracted\Greece\Super League\2025\team_statistics.csv
2025-09-01 16:29:33,418 - src.process_pipeline - INFO - Processing Italy/Coppa Italia/2018
2025-09-01 16:29:33,432 - src.process_pipeline - INFO - Successfully merged 61 records with team statistics
2025-09-01 16:29:33,436 - src.process_pipeline - INFO - Saved merged data to data\processed\Italy\Coppa Italia\2018\merged_2018.csv
2025-09-01 16:29:33,436 - src.process_pipeline - INFO - Successfully merged 61 records
2025-09-01 16:29:33,451 - src.process_pipeline - INFO - Processing Italy/Coppa Italia/2019
2025-09-01 16:29:33,451 - src.process_pipeline - WARNING - Missing fixtures file: data\extracted\Italy\Coppa Italia\2019\fixture_events.csv
2025-09-01 16:29:33,452 - src.process_pipeline - INFO - Processing Italy/Coppa Italia/2020
2025-09-01 16:29:33,466 - src.process_pipeline - INFO - Successfully merged 79 records with team statistics
2025-09-01 16:29:33,470 - src.process_pipeline - INFO - Saved merged data to data\processed\Italy\Coppa Italia\2020\merged_2020.csv
2025-09-01 16:29:33,470 - src.process_pipeline - INFO - Successfully merged 79 records
2025-09-01 16:29:33,483 - src.process_pipeline - INFO - Processing Italy/Coppa Italia/2021
2025-09-01 16:29:33,496 - src.process_pipeline - INFO - Successfully merged 45 records with team statistics
2025-09-01 16:29:33,499 - src.process_pipeline - INFO - Saved merged data to data\processed\Italy\Coppa Italia\2021\merged_2021.csv
2025-09-01 16:29:33,499 - src.process_pipeline - INFO - Successfully merged 45 records
2025-09-01 16:29:33,513 - src.process_pipeline - INFO - Processing Italy/Coppa Italia/2022
2025-09-01 16:29:33,525 - src.process_pipeline - INFO - Successfully merged 41 records with team statistics
2025-09-01 16:29:33,528 - src.process_pipeline - INFO - Saved merged data to data\processed\Italy\Coppa Italia\2022\merged_2022.csv
2025-09-01 16:29:33,528 - src.process_pipeline - INFO - Successfully merged 41 records
2025-09-01 16:29:33,541 - src.process_pipeline - INFO - Processing Italy/Coppa Italia/2023
2025-09-01 16:29:33,554 - src.process_pipeline - INFO - Successfully merged 45 records with team statistics
2025-09-01 16:29:33,557 - src.process_pipeline - INFO - Saved merged data to data\processed\Italy\Coppa Italia\2023\merged_2023.csv
2025-09-01 16:29:33,558 - src.process_pipeline - INFO - Successfully merged 45 records
2025-09-01 16:29:33,571 - src.process_pipeline - INFO - Processing Italy/Coppa Italia/2024
2025-09-01 16:29:33,584 - src.process_pipeline - INFO - Successfully merged 45 records with team statistics
2025-09-01 16:29:33,587 - src.process_pipeline - INFO - Saved merged data to data\processed\Italy\Coppa Italia\2024\merged_2024.csv
2025-09-01 16:29:33,587 - src.process_pipeline - INFO - Successfully merged 45 records
2025-09-01 16:29:33,602 - src.process_pipeline - INFO - Processing Italy/Serie A/2016
2025-09-01 16:29:33,621 - src.process_pipeline - INFO - Successfully merged 380 records with team statistics
2025-09-01 16:29:33,633 - src.process_pipeline - INFO - Saved merged data to data\processed\Italy\Serie A\2016\merged_2016.csv
2025-09-01 16:29:33,633 - src.process_pipeline - INFO - Successfully merged 380 records
2025-09-01 16:29:33,647 - src.process_pipeline - INFO - Processing Italy/Serie A/2017
2025-09-01 16:29:33,665 - src.process_pipeline - INFO - Successfully merged 380 records with team statistics
2025-09-01 16:29:33,677 - src.process_pipeline - INFO - Saved merged data to data\processed\Italy\Serie A\2017\merged_2017.csv
2025-09-01 16:29:33,677 - src.process_pipeline - INFO - Successfully merged 380 records
2025-09-01 16:29:33,691 - src.process_pipeline - INFO - Processing Italy/Serie A/2018
2025-09-01 16:29:33,711 - src.process_pipeline - INFO - Successfully merged 380 records with team statistics
2025-09-01 16:29:33,724 - src.process_pipeline - INFO - Saved merged data to data\processed\Italy\Serie A\2018\merged_2018.csv
2025-09-01 16:29:33,725 - src.process_pipeline - INFO - Successfully merged 380 records
2025-09-01 16:29:33,739 - src.process_pipeline - INFO - Processing Italy/Serie A/2019
2025-09-01 16:29:33,755 - src.process_pipeline - INFO - Successfully merged 256 records with team statistics
2025-09-01 16:29:33,762 - src.process_pipeline - INFO - Saved merged data to data\processed\Italy\Serie A\2019\merged_2019.csv
2025-09-01 16:29:33,762 - src.process_pipeline - INFO - Successfully merged 256 records
2025-09-01 16:29:33,775 - src.process_pipeline - INFO - Processing Italy/Serie A/2020
2025-09-01 16:29:33,791 - src.process_pipeline - INFO - Successfully merged 380 records with team statistics
2025-09-01 16:29:33,802 - src.process_pipeline - INFO - Saved merged data to data\processed\Italy\Serie A\2020\merged_2020.csv
2025-09-01 16:29:33,802 - src.process_pipeline - INFO - Successfully merged 380 records
2025-09-01 16:29:33,817 - src.process_pipeline - INFO - Processing Italy/Serie A/2021
2025-09-01 16:29:33,834 - src.process_pipeline - INFO - Successfully merged 380 records with team statistics
2025-09-01 16:29:33,845 - src.process_pipeline - INFO - Saved merged data to data\processed\Italy\Serie A\2021\merged_2021.csv
2025-09-01 16:29:33,846 - src.process_pipeline - INFO - Successfully merged 380 records
2025-09-01 16:29:33,861 - src.process_pipeline - INFO - Processing Italy/Serie A/2022
2025-09-01 16:29:33,878 - src.process_pipeline - INFO - Successfully merged 370 records with team statistics
2025-09-01 16:29:33,889 - src.process_pipeline - INFO - Saved merged data to data\processed\Italy\Serie A\2022\merged_2022.csv
2025-09-01 16:29:33,889 - src.process_pipeline - INFO - Successfully merged 370 records
2025-09-01 16:29:33,905 - src.process_pipeline - INFO - Processing Italy/Serie A/2023
2025-09-01 16:29:33,922 - src.process_pipeline - INFO - Successfully merged 379 records with team statistics
2025-09-01 16:29:33,934 - src.process_pipeline - INFO - Saved merged data to data\processed\Italy\Serie A\2023\merged_2023.csv
2025-09-01 16:29:33,934 - src.process_pipeline - INFO - Successfully merged 379 records
2025-09-01 16:29:33,952 - src.process_pipeline - INFO - Processing Italy/Serie A/2024
2025-09-01 16:29:33,972 - src.process_pipeline - INFO - Successfully merged 380 records with team statistics
2025-09-01 16:29:33,986 - src.process_pipeline - INFO - Saved merged data to data\processed\Italy\Serie A\2024\merged_2024.csv
2025-09-01 16:29:33,986 - src.process_pipeline - INFO - Successfully merged 380 records
2025-09-01 16:29:34,002 - src.process_pipeline - INFO - Processing Italy/Serie A/2025
2025-09-01 16:29:34,014 - src.process_pipeline - INFO - Successfully merged 18 records with team statistics
2025-09-01 16:29:34,016 - src.process_pipeline - INFO - Saved merged data to data\processed\Italy\Serie A\2025\merged_2025.csv
2025-09-01 16:29:34,016 - src.process_pipeline - INFO - Successfully merged 18 records
2025-09-01 16:29:34,031 - src.process_pipeline - INFO - Processing Italy/Serie B/2017
2025-09-01 16:29:34,050 - src.process_pipeline - INFO - Successfully merged 464 records with team statistics
2025-09-01 16:29:34,066 - src.process_pipeline - INFO - Saved merged data to data\processed\Italy\Serie B\2017\merged_2017.csv
2025-09-01 16:29:34,066 - src.process_pipeline - INFO - Successfully merged 464 records
2025-09-01 16:29:34,082 - src.process_pipeline - INFO - Processing Italy/Serie B/2018
2025-09-01 16:29:34,083 - src.process_pipeline - WARNING - Missing fixtures file: data\extracted\Italy\Serie B\2018\fixture_events.csv
2025-09-01 16:29:34,083 - src.process_pipeline - INFO - Processing Italy/Serie B/2019
2025-09-01 16:29:34,099 - src.process_pipeline - INFO - Successfully merged 279 records with team statistics
2025-09-01 16:29:34,108 - src.process_pipeline - INFO - Saved merged data to data\processed\Italy\Serie B\2019\merged_2019.csv
2025-09-01 16:29:34,108 - src.process_pipeline - INFO - Successfully merged 279 records
2025-09-01 16:29:34,125 - src.process_pipeline - INFO - Processing Italy/Serie B/2020
2025-09-01 16:29:34,145 - src.process_pipeline - INFO - Successfully merged 388 records with team statistics
2025-09-01 16:29:34,162 - src.process_pipeline - INFO - Saved merged data to data\processed\Italy\Serie B\2020\merged_2020.csv
2025-09-01 16:29:34,162 - src.process_pipeline - INFO - Successfully merged 388 records
2025-09-01 16:29:34,177 - src.process_pipeline - INFO - Processing Italy/Serie B/2021
2025-09-01 16:29:34,194 - src.process_pipeline - INFO - Successfully merged 390 records with team statistics
2025-09-01 16:29:34,205 - src.process_pipeline - INFO - Saved merged data to data\processed\Italy\Serie B\2021\merged_2021.csv
2025-09-01 16:29:34,205 - src.process_pipeline - INFO - Successfully merged 390 records
2025-09-01 16:29:34,219 - src.process_pipeline - INFO - Processing Italy/Serie B/2022
2025-09-01 16:29:34,236 - src.process_pipeline - INFO - Successfully merged 385 records with team statistics
2025-09-01 16:29:34,247 - src.process_pipeline - INFO - Saved merged data to data\processed\Italy\Serie B\2022\merged_2022.csv
2025-09-01 16:29:34,247 - src.process_pipeline - INFO - Successfully merged 385 records
2025-09-01 16:29:34,261 - src.process_pipeline - INFO - Processing Italy/Serie B/2023
2025-09-01 16:29:34,278 - src.process_pipeline - INFO - Successfully merged 389 records with team statistics
2025-09-01 16:29:34,290 - src.process_pipeline - INFO - Saved merged data to data\processed\Italy\Serie B\2023\merged_2023.csv
2025-09-01 16:29:34,290 - src.process_pipeline - INFO - Successfully merged 389 records
2025-09-01 16:29:34,305 - src.process_pipeline - INFO - Processing Italy/Serie B/2024
2025-09-01 16:29:34,322 - src.process_pipeline - INFO - Successfully merged 387 records with team statistics
2025-09-01 16:29:34,333 - src.process_pipeline - INFO - Saved merged data to data\processed\Italy\Serie B\2024\merged_2024.csv
2025-09-01 16:29:34,334 - src.process_pipeline - INFO - Successfully merged 387 records
2025-09-01 16:29:34,348 - src.process_pipeline - INFO - Processing Italy/Serie B/2025
2025-09-01 16:29:34,348 - src.process_pipeline - WARNING - Missing fixtures file: data\extracted\Italy\Serie B\2025\fixture_events.csv
2025-09-01 16:29:34,349 - src.process_pipeline - INFO - Processing Spain/Copa del Rey/2018
2025-09-01 16:29:34,362 - src.process_pipeline - INFO - Successfully merged 71 records with team statistics
2025-09-01 16:29:34,366 - src.process_pipeline - INFO - Saved merged data to data\processed\Spain\Copa del Rey\2018\merged_2018.csv
2025-09-01 16:29:34,367 - src.process_pipeline - INFO - Successfully merged 71 records
2025-09-01 16:29:34,385 - src.process_pipeline - INFO - Processing Spain/Copa del Rey/2019
2025-09-01 16:29:34,399 - src.process_pipeline - INFO - Successfully merged 127 records with team statistics
2025-09-01 16:29:34,406 - src.process_pipeline - INFO - Saved merged data to data\processed\Spain\Copa del Rey\2019\merged_2019.csv
2025-09-01 16:29:34,406 - src.process_pipeline - INFO - Successfully merged 127 records
2025-09-01 16:29:34,420 - src.process_pipeline - INFO - Processing Spain/Copa del Rey/2020
2025-09-01 16:29:34,433 - src.process_pipeline - INFO - Successfully merged 127 records with team statistics
2025-09-01 16:29:34,439 - src.process_pipeline - INFO - Saved merged data to data\processed\Spain\Copa del Rey\2020\merged_2020.csv
2025-09-01 16:29:34,439 - src.process_pipeline - INFO - Successfully merged 127 records
2025-09-01 16:29:34,455 - src.process_pipeline - INFO - Processing Spain/Copa del Rey/2021
2025-09-01 16:29:34,470 - src.process_pipeline - INFO - Successfully merged 127 records with team statistics
2025-09-01 16:29:34,476 - src.process_pipeline - INFO - Saved merged data to data\processed\Spain\Copa del Rey\2021\merged_2021.csv
2025-09-01 16:29:34,476 - src.process_pipeline - INFO - Successfully merged 127 records
2025-09-01 16:29:34,495 - src.process_pipeline - INFO - Processing Spain/Copa del Rey/2022
2025-09-01 16:29:34,509 - src.process_pipeline - INFO - Successfully merged 125 records with team statistics
2025-09-01 16:29:34,515 - src.process_pipeline - INFO - Saved merged data to data\processed\Spain\Copa del Rey\2022\merged_2022.csv
2025-09-01 16:29:34,515 - src.process_pipeline - INFO - Successfully merged 125 records
2025-09-01 16:29:34,532 - src.process_pipeline - INFO - Processing Spain/Copa del Rey/2023
2025-09-01 16:29:34,546 - src.process_pipeline - INFO - Successfully merged 126 records with team statistics
2025-09-01 16:29:34,551 - src.process_pipeline - INFO - Saved merged data to data\processed\Spain\Copa del Rey\2023\merged_2023.csv
2025-09-01 16:29:34,551 - src.process_pipeline - INFO - Successfully merged 126 records
2025-09-01 16:29:34,567 - src.process_pipeline - INFO - Processing Spain/Copa del Rey/2024
2025-09-01 16:29:34,581 - src.process_pipeline - INFO - Successfully merged 126 records with team statistics
2025-09-01 16:29:34,586 - src.process_pipeline - INFO - Saved merged data to data\processed\Spain\Copa del Rey\2024\merged_2024.csv
2025-09-01 16:29:34,586 - src.process_pipeline - INFO - Successfully merged 126 records
2025-09-01 16:29:34,679 - src.process_pipeline - INFO - Processing Spain/La Liga/2020
2025-09-01 16:29:34,696 - src.process_pipeline - INFO - Successfully merged 380 records with team statistics
2025-09-01 16:29:34,709 - src.process_pipeline - INFO - Saved merged data to data\processed\Spain\La Liga\2020\merged_2020.csv
2025-09-01 16:29:34,709 - src.process_pipeline - INFO - Successfully merged 380 records
2025-09-01 16:29:34,726 - src.process_pipeline - INFO - Processing Spain/La Liga/2021
2025-09-01 16:29:34,745 - src.process_pipeline - INFO - Successfully merged 380 records with team statistics
2025-09-01 16:29:34,758 - src.process_pipeline - INFO - Saved merged data to data\processed\Spain\La Liga\2021\merged_2021.csv
2025-09-01 16:29:34,758 - src.process_pipeline - INFO - Successfully merged 380 records
2025-09-01 16:29:34,778 - src.process_pipeline - INFO - Processing Spain/La Liga/2022
2025-09-01 16:29:34,799 - src.process_pipeline - INFO - Successfully merged 370 records with team statistics
2025-09-01 16:29:34,813 - src.process_pipeline - INFO - Saved merged data to data\processed\Spain\La Liga\2022\merged_2022.csv
2025-09-01 16:29:34,813 - src.process_pipeline - INFO - Successfully merged 370 records
2025-09-01 16:29:34,830 - src.process_pipeline - INFO - Processing Spain/La Liga/2023
2025-09-01 16:29:34,848 - src.process_pipeline - INFO - Successfully merged 380 records with team statistics
2025-09-01 16:29:34,860 - src.process_pipeline - INFO - Saved merged data to data\processed\Spain\La Liga\2023\merged_2023.csv
2025-09-01 16:29:34,860 - src.process_pipeline - INFO - Successfully merged 380 records
2025-09-01 16:29:34,877 - src.process_pipeline - INFO - Processing Spain/La Liga/2024
2025-09-01 16:29:34,894 - src.process_pipeline - INFO - Successfully merged 380 records with team statistics
2025-09-01 16:29:34,906 - src.process_pipeline - INFO - Saved merged data to data\processed\Spain\La Liga\2024\merged_2024.csv
2025-09-01 16:29:34,906 - src.process_pipeline - INFO - Successfully merged 380 records
2025-09-01 16:29:34,921 - src.process_pipeline - INFO - Processing Spain/La Liga/2025
2025-09-01 16:29:34,933 - src.process_pipeline - INFO - Successfully merged 28 records with team statistics
2025-09-01 16:29:34,936 - src.process_pipeline - INFO - Saved merged data to data\processed\Spain\La Liga\2025\merged_2025.csv
2025-09-01 16:29:34,936 - src.process_pipeline - INFO - Successfully merged 28 records
2025-09-01 16:29:34,953 - src.process_pipeline - INFO - Processing Spain/Segunda Division/2017
2025-09-01 16:29:34,977 - src.process_pipeline - INFO - Successfully merged 468 records with team statistics
2025-09-01 16:29:34,996 - src.process_pipeline - INFO - Saved merged data to data\processed\Spain\Segunda Division\2017\merged_2017.csv
2025-09-01 16:29:34,996 - src.process_pipeline - INFO - Successfully merged 468 records
2025-09-01 16:29:35,014 - src.process_pipeline - INFO - Processing Spain/Segunda Division/2018
2025-09-01 16:29:35,035 - src.process_pipeline - INFO - Successfully merged 466 records with team statistics
2025-09-01 16:29:35,054 - src.process_pipeline - INFO - Saved merged data to data\processed\Spain\Segunda Division\2018\merged_2018.csv
2025-09-01 16:29:35,055 - src.process_pipeline - INFO - Successfully merged 466 records
2025-09-01 16:29:35,072 - src.process_pipeline - INFO - Processing Spain/Segunda Division/2019
2025-09-01 16:29:35,089 - src.process_pipeline - INFO - Successfully merged 398 records with team statistics
2025-09-01 16:29:35,102 - src.process_pipeline - INFO - Saved merged data to data\processed\Spain\Segunda Division\2019\merged_2019.csv
2025-09-01 16:29:35,102 - src.process_pipeline - INFO - Successfully merged 398 records
2025-09-01 16:29:35,123 - src.process_pipeline - INFO - Processing Spain/Segunda Division/2020
2025-09-01 16:29:35,145 - src.process_pipeline - INFO - Successfully merged 468 records with team statistics
2025-09-01 16:29:35,160 - src.process_pipeline - INFO - Saved merged data to data\processed\Spain\Segunda Division\2020\merged_2020.csv
2025-09-01 16:29:35,161 - src.process_pipeline - INFO - Successfully merged 468 records
2025-09-01 16:29:35,179 - src.process_pipeline - INFO - Processing Spain/Segunda Division/2021
2025-09-01 16:29:35,199 - src.process_pipeline - INFO - Successfully merged 468 records with team statistics
2025-09-01 16:29:35,215 - src.process_pipeline - INFO - Saved merged data to data\processed\Spain\Segunda Division\2021\merged_2021.csv
2025-09-01 16:29:35,215 - src.process_pipeline - INFO - Successfully merged 468 records
2025-09-01 16:29:35,233 - src.process_pipeline - INFO - Processing Spain/Segunda Division/2022
2025-09-01 16:29:35,256 - src.process_pipeline - INFO - Successfully merged 468 records with team statistics
2025-09-01 16:29:35,270 - src.process_pipeline - INFO - Saved merged data to data\processed\Spain\Segunda Division\2022\merged_2022.csv
2025-09-01 16:29:35,270 - src.process_pipeline - INFO - Successfully merged 468 records
2025-09-01 16:29:35,291 - src.process_pipeline - INFO - Processing Spain/Segunda Division/2023
2025-09-01 16:29:35,313 - src.process_pipeline - INFO - Successfully merged 468 records with team statistics
2025-09-01 16:29:35,332 - src.process_pipeline - INFO - Saved merged data to data\processed\Spain\Segunda Division\2023\merged_2023.csv
2025-09-01 16:29:35,332 - src.process_pipeline - INFO - Successfully merged 468 records
2025-09-01 16:29:35,350 - src.process_pipeline - INFO - Processing Spain/Segunda Division/2024
2025-09-01 16:29:35,372 - src.process_pipeline - INFO - Successfully merged 468 records with team statistics
2025-09-01 16:29:35,390 - src.process_pipeline - INFO - Saved merged data to data\processed\Spain\Segunda Division\2024\merged_2024.csv
2025-09-01 16:29:35,391 - src.process_pipeline - INFO - Successfully merged 468 records
2025-09-01 16:29:35,409 - src.process_pipeline - INFO - Processing Spain/Segunda Division/2025
2025-09-01 16:29:35,420 - src.process_pipeline - INFO - Successfully merged 11 records with team statistics
2025-09-01 16:29:35,422 - src.process_pipeline - INFO - Saved merged data to data\processed\Spain\Segunda Division\2025\merged_2025.csv
2025-09-01 16:29:35,422 - src.process_pipeline - INFO - Successfully merged 11 records
2025-09-01 16:29:35,439 - src.process_pipeline - INFO - Starting preprocessing and feature engineering
2025-09-01 16:29:35,439 - src.process_pipeline - INFO - Initial data shape: (37771, 71)
2025-09-01 16:29:35,440 - src.process_pipeline - INFO - Cleaning data
2025-09-01 16:29:38,854 - src.process_pipeline - INFO - Adding competition info from league names
2025-09-01 16:29:39,133 - src.process_pipeline - INFO - Competition Distribution:
2025-09-01 16:29:39,133 - src.process_pipeline - INFO -   Cup matches: 4343 (11.6%)
2025-09-01 16:29:39,133 - src.process_pipeline - INFO -   European matches: 8954 (23.9%)
2025-09-01 16:29:39,133 - src.process_pipeline - INFO -   League matches: 24200 (64.5%)
2025-09-01 16:29:39,141 - src.process_pipeline - INFO - Adding competition context
2025-09-01 16:29:41,193 - src.process_pipeline - INFO - Adding competition metrics
2025-09-01 16:29:42,374 - src.process_pipeline - INFO - Calculating proper standings for 37497 matches...
2025-09-01 16:29:43,055 - src.process_pipeline - INFO - Standings progress: 2.7% (1000/37497)
2025-09-01 16:29:43,705 - src.process_pipeline - INFO - Standings progress: 5.3% (2000/37497)
2025-09-01 16:29:44,397 - src.process_pipeline - INFO - Standings progress: 8.0% (3000/37497)
2025-09-01 16:29:45,000 - src.process_pipeline - INFO - Standings progress: 10.7% (4000/37497)
2025-09-01 16:29:45,606 - src.process_pipeline - INFO - Standings progress: 13.3% (5000/37497)
2025-09-01 16:29:46,228 - src.process_pipeline - INFO - Standings progress: 16.0% (6000/37497)
2025-09-01 16:29:46,868 - src.process_pipeline - INFO - Standings progress: 18.7% (7000/37497)
2025-09-01 16:29:47,496 - src.process_pipeline - INFO - Standings progress: 21.3% (8000/37497)
2025-09-01 16:29:48,118 - src.process_pipeline - INFO - Standings progress: 24.0% (9000/37497)
2025-09-01 16:29:48,763 - src.process_pipeline - INFO - Standings progress: 26.7% (10000/37497)
2025-09-01 16:29:49,504 - src.process_pipeline - INFO - Standings progress: 29.3% (11000/37497)
2025-09-01 16:29:50,268 - src.process_pipeline - INFO - Standings progress: 32.0% (12000/37497)
2025-09-01 16:29:51,005 - src.process_pipeline - INFO - Standings progress: 34.7% (13000/37497)
2025-09-01 16:29:51,803 - src.process_pipeline - INFO - Standings progress: 37.3% (14000/37497)
2025-09-01 16:29:52,522 - src.process_pipeline - INFO - Standings progress: 40.0% (15000/37497)
2025-09-01 16:29:53,259 - src.process_pipeline - INFO - Standings progress: 42.7% (16000/37497)
2025-09-01 16:29:54,067 - src.process_pipeline - INFO - Standings progress: 45.3% (17000/37497)
2025-09-01 16:29:55,085 - src.process_pipeline - INFO - Standings progress: 48.0% (18000/37497)
2025-09-01 16:29:55,948 - src.process_pipeline - INFO - Standings progress: 50.7% (19000/37497)
2025-09-01 16:29:56,855 - src.process_pipeline - INFO - Standings progress: 53.3% (20000/37497)
2025-09-01 16:29:57,765 - src.process_pipeline - INFO - Standings progress: 56.0% (21000/37497)
2025-09-01 16:29:58,669 - src.process_pipeline - INFO - Standings progress: 58.7% (22000/37497)
2025-09-01 16:29:59,564 - src.process_pipeline - INFO - Standings progress: 61.3% (23000/37497)
2025-09-01 16:30:00,456 - src.process_pipeline - INFO - Standings progress: 64.0% (24000/37497)
2025-09-01 16:30:01,421 - src.process_pipeline - INFO - Standings progress: 66.7% (25000/37497)
2025-09-01 16:30:02,339 - src.process_pipeline - INFO - Standings progress: 69.3% (26000/37497)
2025-09-01 16:30:03,265 - src.process_pipeline - INFO - Standings progress: 72.0% (27000/37497)
2025-09-01 16:30:04,188 - src.process_pipeline - INFO - Standings progress: 74.7% (28000/37497)
2025-09-01 16:30:05,153 - src.process_pipeline - INFO - Standings progress: 77.3% (29000/37497)
2025-09-01 16:30:06,097 - src.process_pipeline - INFO - Standings progress: 80.0% (30000/37497)
2025-09-01 16:30:07,061 - src.process_pipeline - INFO - Standings progress: 82.7% (31000/37497)
2025-09-01 16:30:08,014 - src.process_pipeline - INFO - Standings progress: 85.3% (32000/37497)
2025-09-01 16:30:08,969 - src.process_pipeline - INFO - Standings progress: 88.0% (33000/37497)
2025-09-01 16:30:09,939 - src.process_pipeline - INFO - Standings progress: 90.7% (34000/37497)
2025-09-01 16:30:10,988 - src.process_pipeline - INFO - Standings progress: 93.3% (35000/37497)
2025-09-01 16:30:12,180 - src.process_pipeline - INFO - Standings progress: 96.0% (36000/37497)
2025-09-01 16:30:13,367 - src.process_pipeline - INFO - Standings progress: 98.7% (37000/37497)
2025-09-01 16:30:14,002 - src.process_pipeline - INFO - Standings progress: 100.0% (37497/37497)
2025-09-01 16:30:16,223 - src.process_pipeline - INFO - Dropped 6 non rolled standings metrics
2025-09-01 16:30:47,125 - src.process_pipeline - INFO - Completed: Processing 37455 matches...
