2025-08-28 21:19:00,991 - src.process_pipeline - INFO - Logging initialized. Log file: logs/process\process_20250828_211900.log
2025-08-28 21:19:01,618 - src.process_pipeline - INFO - Loaded H2H data with 6292 team pairs
2025-08-28 21:19:01,630 - src.process_pipeline - INFO - Loaded standings data for 2401 teams
2025-08-28 21:19:01,782 - src.process_pipeline - INFO - Processing Europe/Champions League/2018
2025-08-28 21:19:01,799 - src.process_pipeline - INFO - Successfully merged 166 records with team statistics
2025-08-28 21:19:01,808 - src.process_pipeline - INFO - Saved merged data to data\processed\Europe\Champions League\2018\merged_2018.csv
2025-08-28 21:19:01,808 - src.process_pipeline - INFO - Successfully merged 166 records
2025-08-28 21:19:01,809 - src.process_pipeline - INFO - Processing Europe/Champions League/2019
2025-08-28 21:19:01,825 - src.process_pipeline - INFO - Successfully merged 140 records with team statistics
2025-08-28 21:19:01,833 - src.process_pipeline - INFO - Saved merged data to data\processed\Europe\Champions League\2019\merged_2019.csv
2025-08-28 21:19:01,833 - src.process_pipeline - INFO - Successfully merged 140 records
2025-08-28 21:19:01,835 - src.process_pipeline - INFO - Processing Europe/Champions League/2020
2025-08-28 21:19:01,851 - src.process_pipeline - INFO - Successfully merged 178 records with team statistics
2025-08-28 21:19:01,859 - src.process_pipeline - INFO - Saved merged data to data\processed\Europe\Champions League\2020\merged_2020.csv
2025-08-28 21:19:01,859 - src.process_pipeline - INFO - Successfully merged 178 records
2025-08-28 21:19:01,863 - src.process_pipeline - INFO - Processing Europe/Champions League/2021
2025-08-28 21:19:01,877 - src.process_pipeline - INFO - Successfully merged 157 records with team statistics
2025-08-28 21:19:01,884 - src.process_pipeline - INFO - Saved merged data to data\processed\Europe\Champions League\2021\merged_2021.csv
2025-08-28 21:19:01,884 - src.process_pipeline - INFO - Successfully merged 157 records
2025-08-28 21:19:01,886 - src.process_pipeline - INFO - Processing Europe/Champions League/2022
2025-08-28 21:19:01,902 - src.process_pipeline - INFO - Successfully merged 210 records with team statistics
2025-08-28 21:19:01,911 - src.process_pipeline - INFO - Saved merged data to data\processed\Europe\Champions League\2022\merged_2022.csv
2025-08-28 21:19:01,911 - src.process_pipeline - INFO - Successfully merged 210 records
2025-08-28 21:19:01,914 - src.process_pipeline - INFO - Processing Europe/Champions League/2023
2025-08-28 21:19:01,931 - src.process_pipeline - INFO - Successfully merged 211 records with team statistics
2025-08-28 21:19:01,940 - src.process_pipeline - INFO - Saved merged data to data\processed\Europe\Champions League\2023\merged_2023.csv
2025-08-28 21:19:01,940 - src.process_pipeline - INFO - Successfully merged 211 records
2025-08-28 21:19:01,944 - src.process_pipeline - INFO - Processing Europe/Champions League/2024
2025-08-28 21:19:01,963 - src.process_pipeline - INFO - Successfully merged 279 records with team statistics
2025-08-28 21:19:01,975 - src.process_pipeline - INFO - Saved merged data to data\processed\Europe\Champions League\2024\merged_2024.csv
2025-08-28 21:19:01,975 - src.process_pipeline - INFO - Successfully merged 279 records
2025-08-28 21:19:01,978 - src.process_pipeline - INFO - Processing Europe/Champions League/2025
2025-08-28 21:19:01,992 - src.process_pipeline - INFO - Successfully merged 30 records with team statistics
2025-08-28 21:19:01,995 - src.process_pipeline - INFO - Saved merged data to data\processed\Europe\Champions League\2025\merged_2025.csv
2025-08-28 21:19:01,995 - src.process_pipeline - INFO - Successfully merged 30 records
2025-08-28 21:19:01,998 - src.process_pipeline - INFO - Processing Europe/Conference League/2021
2025-08-28 21:19:02,015 - src.process_pipeline - INFO - Successfully merged 423 records with team statistics
2025-08-28 21:19:02,029 - src.process_pipeline - INFO - Saved merged data to data\processed\Europe\Conference League\2021\merged_2021.csv
2025-08-28 21:19:02,030 - src.process_pipeline - INFO - Successfully merged 423 records
2025-08-28 21:19:02,033 - src.process_pipeline - INFO - Processing Europe/Conference League/2022
2025-08-28 21:19:02,051 - src.process_pipeline - INFO - Successfully merged 414 records with team statistics
2025-08-28 21:19:02,071 - src.process_pipeline - INFO - Saved merged data to data\processed\Europe\Conference League\2022\merged_2022.csv
2025-08-28 21:19:02,071 - src.process_pipeline - INFO - Successfully merged 414 records
2025-08-28 21:19:02,075 - src.process_pipeline - INFO - Processing Europe/Conference League/2023
2025-08-28 21:19:02,094 - src.process_pipeline - INFO - Successfully merged 417 records with team statistics
2025-08-28 21:19:02,109 - src.process_pipeline - INFO - Saved merged data to data\processed\Europe\Conference League\2023\merged_2023.csv
2025-08-28 21:19:02,109 - src.process_pipeline - INFO - Successfully merged 417 records
2025-08-28 21:19:02,113 - src.process_pipeline - INFO - Processing Europe/Conference League/2024
2025-08-28 21:19:02,113 - src.process_pipeline - WARNING - Missing team stats file: data\extracted\Europe\Conference League\2024\team_statistics.csv
2025-08-28 21:19:02,114 - src.process_pipeline - INFO - Processing Europe/Conference League/2025
2025-08-28 21:19:02,132 - src.process_pipeline - INFO - Successfully merged 84 records with team statistics
2025-08-28 21:19:02,137 - src.process_pipeline - INFO - Saved merged data to data\processed\Europe\Conference League\2025\merged_2025.csv
2025-08-28 21:19:02,137 - src.process_pipeline - INFO - Successfully merged 84 records
2025-08-28 21:19:02,141 - src.process_pipeline - INFO - Processing Europe/Europa League/2018
2025-08-28 21:19:02,158 - src.process_pipeline - INFO - Successfully merged 364 records with team statistics
2025-08-28 21:19:02,171 - src.process_pipeline - INFO - Saved merged data to data\processed\Europe\Europa League\2018\merged_2018.csv
2025-08-28 21:19:02,171 - src.process_pipeline - INFO - Successfully merged 364 records
2025-08-28 21:19:02,175 - src.process_pipeline - INFO - Processing Europe/Europa League/2019
2025-08-28 21:19:02,191 - src.process_pipeline - INFO - Successfully merged 337 records with team statistics
2025-08-28 21:19:02,205 - src.process_pipeline - INFO - Saved merged data to data\processed\Europe\Europa League\2019\merged_2019.csv
2025-08-28 21:19:02,205 - src.process_pipeline - INFO - Successfully merged 337 records
2025-08-28 21:19:02,210 - src.process_pipeline - INFO - Processing Europe/Europa League/2020
2025-08-28 21:19:02,231 - src.process_pipeline - INFO - Successfully merged 362 records with team statistics
2025-08-28 21:19:02,245 - src.process_pipeline - INFO - Saved merged data to data\processed\Europe\Europa League\2020\merged_2020.csv
2025-08-28 21:19:02,245 - src.process_pipeline - INFO - Successfully merged 362 records
2025-08-28 21:19:02,249 - src.process_pipeline - INFO - Processing Europe/Europa League/2021
2025-08-28 21:19:02,268 - src.process_pipeline - INFO - Successfully merged 177 records with team statistics
2025-08-28 21:19:02,277 - src.process_pipeline - INFO - Saved merged data to data\processed\Europe\Europa League\2021\merged_2021.csv
2025-08-28 21:19:02,277 - src.process_pipeline - INFO - Successfully merged 177 records
2025-08-28 21:19:02,281 - src.process_pipeline - INFO - Processing Europe/Europa League/2022
2025-08-28 21:19:02,299 - src.process_pipeline - INFO - Successfully merged 175 records with team statistics
2025-08-28 21:19:02,307 - src.process_pipeline - INFO - Saved merged data to data\processed\Europe\Europa League\2022\merged_2022.csv
2025-08-28 21:19:02,307 - src.process_pipeline - INFO - Successfully merged 175 records
2025-08-28 21:19:02,311 - src.process_pipeline - INFO - Processing Europe/Europa League/2023
2025-08-28 21:19:02,328 - src.process_pipeline - INFO - Successfully merged 175 records with team statistics
2025-08-28 21:19:02,336 - src.process_pipeline - INFO - Saved merged data to data\processed\Europe\Europa League\2023\merged_2023.csv
2025-08-28 21:19:02,336 - src.process_pipeline - INFO - Successfully merged 175 records
2025-08-28 21:19:02,341 - src.process_pipeline - INFO - Processing Europe/Europa League/2024
2025-08-28 21:19:02,358 - src.process_pipeline - INFO - Successfully merged 269 records with team statistics
2025-08-28 21:19:02,378 - src.process_pipeline - INFO - Saved merged data to data\processed\Europe\Europa League\2024\merged_2024.csv
2025-08-28 21:19:02,378 - src.process_pipeline - INFO - Successfully merged 269 records
2025-08-28 21:19:02,382 - src.process_pipeline - INFO - Processing Europe/Europa League/2025
2025-08-28 21:19:02,396 - src.process_pipeline - INFO - Successfully merged 38 records with team statistics
2025-08-28 21:19:02,400 - src.process_pipeline - INFO - Saved merged data to data\processed\Europe\Europa League\2025\merged_2025.csv
2025-08-28 21:19:02,401 - src.process_pipeline - INFO - Successfully merged 38 records
2025-08-28 21:19:02,405 - src.process_pipeline - INFO - Processing Italy/Coppa Italia/2020
2025-08-28 21:19:02,419 - src.process_pipeline - INFO - Successfully merged 79 records with team statistics
2025-08-28 21:19:02,426 - src.process_pipeline - INFO - Saved merged data to data\processed\Italy\Coppa Italia\2020\merged_2020.csv
2025-08-28 21:19:02,426 - src.process_pipeline - INFO - Successfully merged 79 records
2025-08-28 21:19:02,431 - src.process_pipeline - INFO - Processing Italy/Coppa Italia/2021
2025-08-28 21:19:02,444 - src.process_pipeline - INFO - Successfully merged 45 records with team statistics
2025-08-28 21:19:02,447 - src.process_pipeline - INFO - Saved merged data to data\processed\Italy\Coppa Italia\2021\merged_2021.csv
2025-08-28 21:19:02,447 - src.process_pipeline - INFO - Successfully merged 45 records
2025-08-28 21:19:02,451 - src.process_pipeline - INFO - Processing Italy/Coppa Italia/2022
2025-08-28 21:19:02,464 - src.process_pipeline - INFO - Successfully merged 41 records with team statistics
2025-08-28 21:19:02,468 - src.process_pipeline - INFO - Saved merged data to data\processed\Italy\Coppa Italia\2022\merged_2022.csv
2025-08-28 21:19:02,468 - src.process_pipeline - INFO - Successfully merged 41 records
2025-08-28 21:19:02,474 - src.process_pipeline - INFO - Processing Italy/Coppa Italia/2023
2025-08-28 21:19:02,487 - src.process_pipeline - INFO - Successfully merged 45 records with team statistics
2025-08-28 21:19:02,492 - src.process_pipeline - INFO - Saved merged data to data\processed\Italy\Coppa Italia\2023\merged_2023.csv
2025-08-28 21:19:02,492 - src.process_pipeline - INFO - Successfully merged 45 records
2025-08-28 21:19:02,497 - src.process_pipeline - INFO - Processing Italy/Coppa Italia/2024
2025-08-28 21:19:02,510 - src.process_pipeline - INFO - Successfully merged 45 records with team statistics
2025-08-28 21:19:02,513 - src.process_pipeline - INFO - Saved merged data to data\processed\Italy\Coppa Italia\2024\merged_2024.csv
2025-08-28 21:19:02,513 - src.process_pipeline - INFO - Successfully merged 45 records
2025-08-28 21:19:02,517 - src.process_pipeline - INFO - Processing Italy/Serie A/2018
2025-08-28 21:19:02,535 - src.process_pipeline - INFO - Successfully merged 380 records with team statistics
2025-08-28 21:19:02,549 - src.process_pipeline - INFO - Saved merged data to data\processed\Italy\Serie A\2018\merged_2018.csv
2025-08-28 21:19:02,549 - src.process_pipeline - INFO - Successfully merged 380 records
2025-08-28 21:19:02,556 - src.process_pipeline - INFO - Processing Italy/Serie A/2019
2025-08-28 21:19:02,573 - src.process_pipeline - INFO - Successfully merged 256 records with team statistics
2025-08-28 21:19:02,582 - src.process_pipeline - INFO - Saved merged data to data\processed\Italy\Serie A\2019\merged_2019.csv
2025-08-28 21:19:02,582 - src.process_pipeline - INFO - Successfully merged 256 records
2025-08-28 21:19:02,588 - src.process_pipeline - INFO - Processing Italy/Serie A/2020
2025-08-28 21:19:02,605 - src.process_pipeline - INFO - Successfully merged 380 records with team statistics
2025-08-28 21:19:02,616 - src.process_pipeline - INFO - Saved merged data to data\processed\Italy\Serie A\2020\merged_2020.csv
2025-08-28 21:19:02,616 - src.process_pipeline - INFO - Successfully merged 380 records
2025-08-28 21:19:02,622 - src.process_pipeline - INFO - Processing Italy/Serie A/2021
2025-08-28 21:19:02,640 - src.process_pipeline - INFO - Successfully merged 380 records with team statistics
2025-08-28 21:19:02,651 - src.process_pipeline - INFO - Saved merged data to data\processed\Italy\Serie A\2021\merged_2021.csv
2025-08-28 21:19:02,651 - src.process_pipeline - INFO - Successfully merged 380 records
2025-08-28 21:19:02,657 - src.process_pipeline - INFO - Processing Italy/Serie A/2022
2025-08-28 21:19:02,676 - src.process_pipeline - INFO - Successfully merged 370 records with team statistics
2025-08-28 21:19:02,687 - src.process_pipeline - INFO - Saved merged data to data\processed\Italy\Serie A\2022\merged_2022.csv
2025-08-28 21:19:02,687 - src.process_pipeline - INFO - Successfully merged 370 records
2025-08-28 21:19:02,694 - src.process_pipeline - INFO - Processing Italy/Serie A/2023
2025-08-28 21:19:02,712 - src.process_pipeline - INFO - Successfully merged 379 records with team statistics
2025-08-28 21:19:02,724 - src.process_pipeline - INFO - Saved merged data to data\processed\Italy\Serie A\2023\merged_2023.csv
2025-08-28 21:19:02,724 - src.process_pipeline - INFO - Successfully merged 379 records
2025-08-28 21:19:02,731 - src.process_pipeline - INFO - Processing Italy/Serie A/2024
2025-08-28 21:19:02,750 - src.process_pipeline - INFO - Successfully merged 380 records with team statistics
2025-08-28 21:19:02,766 - src.process_pipeline - INFO - Saved merged data to data\processed\Italy\Serie A\2024\merged_2024.csv
2025-08-28 21:19:02,766 - src.process_pipeline - INFO - Successfully merged 380 records
2025-08-28 21:19:02,773 - src.process_pipeline - INFO - Processing Italy/Serie A/2025
2025-08-28 21:19:02,784 - src.process_pipeline - INFO - Successfully merged 10 records with team statistics
2025-08-28 21:19:02,787 - src.process_pipeline - INFO - Saved merged data to data\processed\Italy\Serie A\2025\merged_2025.csv
2025-08-28 21:19:02,787 - src.process_pipeline - INFO - Successfully merged 10 records
2025-08-28 21:19:02,796 - src.process_pipeline - INFO - Processing Italy/Serie B/2021
2025-08-28 21:19:02,814 - src.process_pipeline - INFO - Successfully merged 390 records with team statistics
2025-08-28 21:19:02,826 - src.process_pipeline - INFO - Saved merged data to data\processed\Italy\Serie B\2021\merged_2021.csv
2025-08-28 21:19:02,826 - src.process_pipeline - INFO - Successfully merged 390 records
2025-08-28 21:19:02,833 - src.process_pipeline - INFO - Processing Italy/Serie B/2022
2025-08-28 21:19:02,851 - src.process_pipeline - INFO - Successfully merged 385 records with team statistics
2025-08-28 21:19:02,863 - src.process_pipeline - INFO - Saved merged data to data\processed\Italy\Serie B\2022\merged_2022.csv
2025-08-28 21:19:02,863 - src.process_pipeline - INFO - Successfully merged 385 records
2025-08-28 21:19:02,872 - src.process_pipeline - INFO - Processing Italy/Serie B/2023
2025-08-28 21:19:02,890 - src.process_pipeline - INFO - Successfully merged 389 records with team statistics
2025-08-28 21:19:02,902 - src.process_pipeline - INFO - Saved merged data to data\processed\Italy\Serie B\2023\merged_2023.csv
2025-08-28 21:19:02,903 - src.process_pipeline - INFO - Successfully merged 389 records
2025-08-28 21:19:02,911 - src.process_pipeline - INFO - Processing Italy/Serie B/2024
2025-08-28 21:19:02,930 - src.process_pipeline - INFO - Successfully merged 387 records with team statistics
2025-08-28 21:19:02,942 - src.process_pipeline - INFO - Saved merged data to data\processed\Italy\Serie B\2024\merged_2024.csv
2025-08-28 21:19:02,942 - src.process_pipeline - INFO - Successfully merged 387 records
2025-08-28 21:19:02,950 - src.process_pipeline - INFO - Processing Italy/Serie B/2025
2025-08-28 21:19:02,950 - src.process_pipeline - WARNING - Missing fixtures file: data\extracted\Italy\Serie B\2025\fixture_events.csv
2025-08-28 21:19:02,950 - src.process_pipeline - INFO - Starting preprocessing and feature engineering
2025-08-28 21:19:02,951 - src.process_pipeline - INFO - Initial data shape: (8947, 71)
2025-08-28 21:19:02,951 - src.process_pipeline - INFO - Cleaning data
2025-08-28 21:19:03,580 - src.process_pipeline - INFO - Adding competition info from league names
2025-08-28 21:19:03,580 - src.process_pipeline - INFO - Adding competition context
2025-08-28 21:19:03,580 - src.process_pipeline - INFO - Adding competition metrics
2025-08-28 21:19:03,607 - src.process_pipeline - INFO - Calculating proper standings for 8936 matches...
2025-08-28 21:19:04,296 - src.process_pipeline - INFO - Standings progress: 11.2% (1000/8936)
2025-08-28 21:19:04,987 - src.process_pipeline - INFO - Standings progress: 22.4% (2000/8936)
2025-08-28 21:19:05,702 - src.process_pipeline - INFO - Standings progress: 33.6% (3000/8936)
2025-08-28 21:19:06,337 - src.process_pipeline - INFO - Standings progress: 44.8% (4000/8936)
2025-08-28 21:19:06,949 - src.process_pipeline - INFO - Standings progress: 56.0% (5000/8936)
2025-08-28 21:19:07,571 - src.process_pipeline - INFO - Standings progress: 67.1% (6000/8936)
2025-08-28 21:19:08,210 - src.process_pipeline - INFO - Standings progress: 78.3% (7000/8936)
2025-08-28 21:19:08,928 - src.process_pipeline - INFO - Standings progress: 89.5% (8000/8936)
2025-08-28 21:19:09,725 - src.process_pipeline - INFO - Standings progress: 100.0% (8936/8936)
2025-08-28 21:19:20,318 - src.process_pipeline - INFO - Final shape: (8936, 111)
2025-08-28 21:19:23,264 - src.process_pipeline - INFO - Saved H2H data with 6292 team pairs
2025-08-28 21:19:23,267 - src.process_pipeline - INFO - Saved standings data for 2401 teams
2025-08-28 21:19:23,267 - src.process_pipeline - INFO - Incremental processing complete. Total records: 8936
2025-08-28 21:19:23,267 - src.process_pipeline - INFO - New records processed: 8936
