2025-09-03 20:53:04,765 - src.process_pipeline - INFO - Logging initialized. Log file: logs/process\process_20250903_205304.log
2025-09-03 20:53:05,805 - src.process_pipeline - INFO - Loaded H2H data with 11835 team pairs
2025-09-03 20:53:05,817 - src.process_pipeline - INFO - Loaded standings data for 1964 teams
2025-09-03 20:53:06,022 - src.process_pipeline - INFO - Processing Europe/Champions League/2020
2025-09-03 20:53:06,029 - src.process_pipeline - WARNING - Missing odds file: data\extracted\Europe\Champions League\2020\odds.csv
2025-09-03 20:53:06,039 - src.process_pipeline - INFO - Successfully merged 178 records with team statistics
2025-09-03 20:53:06,047 - src.process_pipeline - INFO - Saved merged data to data\processed\Europe\Champions League\2020\merged_2020.csv
2025-09-03 20:53:06,047 - src.process_pipeline - INFO - Successfully merged 178 records
2025-09-03 20:53:06,048 - src.process_pipeline - INFO - Processing Europe/Champions League/2021
2025-09-03 20:53:06,055 - src.process_pipeline - WARNING - Missing odds file: data\extracted\Europe\Champions League\2021\odds.csv
2025-09-03 20:53:06,064 - src.process_pipeline - INFO - Successfully merged 157 records with team statistics
2025-09-03 20:53:06,072 - src.process_pipeline - INFO - Saved merged data to data\processed\Europe\Champions League\2021\merged_2021.csv
2025-09-03 20:53:06,072 - src.process_pipeline - INFO - Successfully merged 157 records
2025-09-03 20:53:06,076 - src.process_pipeline - INFO - Processing Europe/Champions League/2022
2025-09-03 20:53:06,084 - src.process_pipeline - WARNING - Missing odds file: data\extracted\Europe\Champions League\2022\odds.csv
2025-09-03 20:53:06,093 - src.process_pipeline - INFO - Successfully merged 210 records with team statistics
2025-09-03 20:53:06,101 - src.process_pipeline - INFO - Saved merged data to data\processed\Europe\Champions League\2022\merged_2022.csv
2025-09-03 20:53:06,102 - src.process_pipeline - INFO - Successfully merged 210 records
2025-09-03 20:53:06,105 - src.process_pipeline - INFO - Processing Europe/Champions League/2023
2025-09-03 20:53:06,113 - src.process_pipeline - WARNING - Missing odds file: data\extracted\Europe\Champions League\2023\odds.csv
2025-09-03 20:53:06,121 - src.process_pipeline - INFO - Successfully merged 211 records with team statistics
2025-09-03 20:53:06,132 - src.process_pipeline - INFO - Saved merged data to data\processed\Europe\Champions League\2023\merged_2023.csv
2025-09-03 20:53:06,132 - src.process_pipeline - INFO - Successfully merged 211 records
2025-09-03 20:53:06,136 - src.process_pipeline - INFO - Processing Europe/Champions League/2024
2025-09-03 20:53:06,146 - src.process_pipeline - WARNING - Missing odds file: data\extracted\Europe\Champions League\2024\odds.csv
2025-09-03 20:53:06,156 - src.process_pipeline - INFO - Successfully merged 279 records with team statistics
2025-09-03 20:53:06,169 - src.process_pipeline - INFO - Saved merged data to data\processed\Europe\Champions League\2024\merged_2024.csv
2025-09-03 20:53:06,169 - src.process_pipeline - INFO - Successfully merged 279 records
2025-09-03 20:53:06,174 - src.process_pipeline - INFO - Processing Europe/Champions League/2025
2025-09-03 20:53:06,183 - src.process_pipeline - INFO - Odds data found for Europe/Champions League/2025
2025-09-03 20:53:06,214 - src.process_pipeline - INFO - Added odds data for 7 fixtures
2025-09-03 20:53:06,214 - src.process_pipeline - INFO - Successfully merged 34 records with team statistics
2025-09-03 20:53:06,218 - src.process_pipeline - INFO - Saved merged data to data\processed\Europe\Champions League\2025\merged_2025.csv
2025-09-03 20:53:06,219 - src.process_pipeline - INFO - Successfully merged 34 records
2025-09-03 20:53:06,223 - src.process_pipeline - INFO - Processing Europe/Conference League/2021
2025-09-03 20:53:06,234 - src.process_pipeline - WARNING - Missing odds file: data\extracted\Europe\Conference League\2021\odds.csv
2025-09-03 20:53:06,247 - src.process_pipeline - INFO - Successfully merged 423 records with team statistics
2025-09-03 20:53:06,263 - src.process_pipeline - INFO - Saved merged data to data\processed\Europe\Conference League\2021\merged_2021.csv
2025-09-03 20:53:06,264 - src.process_pipeline - INFO - Successfully merged 423 records
2025-09-03 20:53:06,267 - src.process_pipeline - INFO - Processing Europe/Conference League/2022
2025-09-03 20:53:06,276 - src.process_pipeline - WARNING - Missing odds file: data\extracted\Europe\Conference League\2022\odds.csv
2025-09-03 20:53:06,286 - src.process_pipeline - INFO - Successfully merged 414 records with team statistics
2025-09-03 20:53:06,307 - src.process_pipeline - INFO - Saved merged data to data\processed\Europe\Conference League\2022\merged_2022.csv
2025-09-03 20:53:06,307 - src.process_pipeline - INFO - Successfully merged 414 records
2025-09-03 20:53:06,311 - src.process_pipeline - INFO - Processing Europe/Conference League/2023
2025-09-03 20:53:06,322 - src.process_pipeline - WARNING - Missing odds file: data\extracted\Europe\Conference League\2023\odds.csv
2025-09-03 20:53:06,331 - src.process_pipeline - INFO - Successfully merged 417 records with team statistics
2025-09-03 20:53:06,347 - src.process_pipeline - INFO - Saved merged data to data\processed\Europe\Conference League\2023\merged_2023.csv
2025-09-03 20:53:06,347 - src.process_pipeline - INFO - Successfully merged 417 records
2025-09-03 20:53:06,351 - src.process_pipeline - INFO - Processing Europe/Conference League/2024
2025-09-03 20:53:06,351 - src.process_pipeline - WARNING - Missing team stats file: data\extracted\Europe\Conference League\2024\team_statistics.csv
2025-09-03 20:53:06,351 - src.process_pipeline - INFO - Processing Europe/Conference League/2025
2025-09-03 20:53:06,361 - src.process_pipeline - INFO - Odds data found for Europe/Conference League/2025
2025-09-03 20:53:06,424 - src.process_pipeline - INFO - Added odds data for 24 fixtures
2025-09-03 20:53:06,424 - src.process_pipeline - INFO - Successfully merged 108 records with team statistics
2025-09-03 20:53:06,429 - src.process_pipeline - INFO - Saved merged data to data\processed\Europe\Conference League\2025\merged_2025.csv
2025-09-03 20:53:06,429 - src.process_pipeline - INFO - Successfully merged 108 records
2025-09-03 20:53:06,433 - src.process_pipeline - INFO - Processing Europe/Europa League/2020
2025-09-03 20:53:06,443 - src.process_pipeline - WARNING - Missing odds file: data\extracted\Europe\Europa League\2020\odds.csv
2025-09-03 20:53:06,451 - src.process_pipeline - INFO - Successfully merged 362 records with team statistics
2025-09-03 20:53:06,467 - src.process_pipeline - INFO - Saved merged data to data\processed\Europe\Europa League\2020\merged_2020.csv
2025-09-03 20:53:06,467 - src.process_pipeline - INFO - Successfully merged 362 records
2025-09-03 20:53:06,471 - src.process_pipeline - INFO - Processing Europe/Europa League/2021
2025-09-03 20:53:06,479 - src.process_pipeline - WARNING - Missing odds file: data\extracted\Europe\Europa League\2021\odds.csv
2025-09-03 20:53:06,486 - src.process_pipeline - INFO - Successfully merged 177 records with team statistics
2025-09-03 20:53:06,496 - src.process_pipeline - INFO - Saved merged data to data\processed\Europe\Europa League\2021\merged_2021.csv
2025-09-03 20:53:06,496 - src.process_pipeline - INFO - Successfully merged 177 records
2025-09-03 20:53:06,500 - src.process_pipeline - INFO - Processing Europe/Europa League/2022
2025-09-03 20:53:06,508 - src.process_pipeline - WARNING - Missing odds file: data\extracted\Europe\Europa League\2022\odds.csv
2025-09-03 20:53:06,517 - src.process_pipeline - INFO - Successfully merged 175 records with team statistics
2025-09-03 20:53:06,525 - src.process_pipeline - INFO - Saved merged data to data\processed\Europe\Europa League\2022\merged_2022.csv
2025-09-03 20:53:06,525 - src.process_pipeline - INFO - Successfully merged 175 records
2025-09-03 20:53:06,529 - src.process_pipeline - INFO - Processing Europe/Europa League/2023
2025-09-03 20:53:06,536 - src.process_pipeline - WARNING - Missing odds file: data\extracted\Europe\Europa League\2023\odds.csv
2025-09-03 20:53:06,545 - src.process_pipeline - INFO - Successfully merged 175 records with team statistics
2025-09-03 20:53:06,552 - src.process_pipeline - INFO - Saved merged data to data\processed\Europe\Europa League\2023\merged_2023.csv
2025-09-03 20:53:06,553 - src.process_pipeline - INFO - Successfully merged 175 records
2025-09-03 20:53:06,557 - src.process_pipeline - INFO - Processing Europe/Europa League/2024
2025-09-03 20:53:06,565 - src.process_pipeline - WARNING - Missing odds file: data\extracted\Europe\Europa League\2024\odds.csv
2025-09-03 20:53:06,574 - src.process_pipeline - INFO - Successfully merged 269 records with team statistics
2025-09-03 20:53:06,584 - src.process_pipeline - INFO - Saved merged data to data\processed\Europe\Europa League\2024\merged_2024.csv
2025-09-03 20:53:06,584 - src.process_pipeline - INFO - Successfully merged 269 records
2025-09-03 20:53:06,588 - src.process_pipeline - INFO - Processing Europe/Europa League/2025
2025-09-03 20:53:06,595 - src.process_pipeline - INFO - Odds data found for Europe/Europa League/2025
2025-09-03 20:53:06,629 - src.process_pipeline - INFO - Added odds data for 12 fixtures
2025-09-03 20:53:06,629 - src.process_pipeline - INFO - Successfully merged 50 records with team statistics
2025-09-03 20:53:06,633 - src.process_pipeline - INFO - Saved merged data to data\processed\Europe\Europa League\2025\merged_2025.csv
2025-09-03 20:53:06,633 - src.process_pipeline - INFO - Successfully merged 50 records
2025-09-03 20:53:06,636 - src.process_pipeline - INFO - Processing Italy/Coppa Italia/2020
2025-09-03 20:53:06,643 - src.process_pipeline - WARNING - Missing odds file: data\extracted\Italy\Coppa Italia\2020\odds.csv
2025-09-03 20:53:06,650 - src.process_pipeline - INFO - Successfully merged 79 records with team statistics
2025-09-03 20:53:06,656 - src.process_pipeline - INFO - Saved merged data to data\processed\Italy\Coppa Italia\2020\merged_2020.csv
2025-09-03 20:53:06,656 - src.process_pipeline - INFO - Successfully merged 79 records
2025-09-03 20:53:06,660 - src.process_pipeline - INFO - Processing Italy/Coppa Italia/2021
2025-09-03 20:53:06,666 - src.process_pipeline - WARNING - Missing odds file: data\extracted\Italy\Coppa Italia\2021\odds.csv
2025-09-03 20:53:06,674 - src.process_pipeline - INFO - Successfully merged 45 records with team statistics
2025-09-03 20:53:06,678 - src.process_pipeline - INFO - Saved merged data to data\processed\Italy\Coppa Italia\2021\merged_2021.csv
2025-09-03 20:53:06,678 - src.process_pipeline - INFO - Successfully merged 45 records
2025-09-03 20:53:06,682 - src.process_pipeline - INFO - Processing Italy/Coppa Italia/2022
2025-09-03 20:53:06,688 - src.process_pipeline - WARNING - Missing odds file: data\extracted\Italy\Coppa Italia\2022\odds.csv
2025-09-03 20:53:06,696 - src.process_pipeline - INFO - Successfully merged 41 records with team statistics
2025-09-03 20:53:06,699 - src.process_pipeline - INFO - Saved merged data to data\processed\Italy\Coppa Italia\2022\merged_2022.csv
2025-09-03 20:53:06,699 - src.process_pipeline - INFO - Successfully merged 41 records
2025-09-03 20:53:06,704 - src.process_pipeline - INFO - Processing Italy/Coppa Italia/2023
2025-09-03 20:53:06,711 - src.process_pipeline - WARNING - Missing odds file: data\extracted\Italy\Coppa Italia\2023\odds.csv
2025-09-03 20:53:06,719 - src.process_pipeline - INFO - Successfully merged 45 records with team statistics
2025-09-03 20:53:06,725 - src.process_pipeline - INFO - Saved merged data to data\processed\Italy\Coppa Italia\2023\merged_2023.csv
2025-09-03 20:53:06,725 - src.process_pipeline - INFO - Successfully merged 45 records
2025-09-03 20:53:06,729 - src.process_pipeline - INFO - Processing Italy/Coppa Italia/2024
2025-09-03 20:53:06,735 - src.process_pipeline - WARNING - Missing odds file: data\extracted\Italy\Coppa Italia\2024\odds.csv
2025-09-03 20:53:06,745 - src.process_pipeline - INFO - Successfully merged 45 records with team statistics
2025-09-03 20:53:06,748 - src.process_pipeline - INFO - Saved merged data to data\processed\Italy\Coppa Italia\2024\merged_2024.csv
2025-09-03 20:53:06,749 - src.process_pipeline - INFO - Successfully merged 45 records
2025-09-03 20:53:06,753 - src.process_pipeline - INFO - Processing Italy/Coppa Italia/2025
2025-09-03 20:53:06,753 - src.process_pipeline - WARNING - Missing fixtures file: data\extracted\Italy\Coppa Italia\2025\fixture_events.csv
2025-09-03 20:53:06,754 - src.process_pipeline - INFO - Processing Italy/Serie A/2020
2025-09-03 20:53:06,764 - src.process_pipeline - WARNING - Missing odds file: data\extracted\Italy\Serie A\2020\odds.csv
2025-09-03 20:53:06,774 - src.process_pipeline - INFO - Successfully merged 380 records with team statistics
2025-09-03 20:53:06,787 - src.process_pipeline - INFO - Saved merged data to data\processed\Italy\Serie A\2020\merged_2020.csv
2025-09-03 20:53:06,787 - src.process_pipeline - INFO - Successfully merged 380 records
2025-09-03 20:53:06,792 - src.process_pipeline - INFO - Processing Italy/Serie A/2021
2025-09-03 20:53:06,801 - src.process_pipeline - WARNING - Missing odds file: data\extracted\Italy\Serie A\2021\odds.csv
2025-09-03 20:53:06,810 - src.process_pipeline - INFO - Successfully merged 380 records with team statistics
2025-09-03 20:53:06,822 - src.process_pipeline - INFO - Saved merged data to data\processed\Italy\Serie A\2021\merged_2021.csv
2025-09-03 20:53:06,822 - src.process_pipeline - INFO - Successfully merged 380 records
2025-09-03 20:53:06,827 - src.process_pipeline - INFO - Processing Italy/Serie A/2022
2025-09-03 20:53:06,836 - src.process_pipeline - WARNING - Missing odds file: data\extracted\Italy\Serie A\2022\odds.csv
2025-09-03 20:53:06,846 - src.process_pipeline - INFO - Successfully merged 370 records with team statistics
2025-09-03 20:53:06,862 - src.process_pipeline - INFO - Saved merged data to data\processed\Italy\Serie A\2022\merged_2022.csv
2025-09-03 20:53:06,862 - src.process_pipeline - INFO - Successfully merged 370 records
2025-09-03 20:53:06,867 - src.process_pipeline - INFO - Processing Italy/Serie A/2023
2025-09-03 20:53:06,878 - src.process_pipeline - WARNING - Missing odds file: data\extracted\Italy\Serie A\2023\odds.csv
2025-09-03 20:53:06,887 - src.process_pipeline - INFO - Successfully merged 379 records with team statistics
2025-09-03 20:53:06,901 - src.process_pipeline - INFO - Saved merged data to data\processed\Italy\Serie A\2023\merged_2023.csv
2025-09-03 20:53:06,901 - src.process_pipeline - INFO - Successfully merged 379 records
2025-09-03 20:53:06,910 - src.process_pipeline - INFO - Processing Italy/Serie A/2024
2025-09-03 20:53:06,927 - src.process_pipeline - WARNING - Missing odds file: data\extracted\Italy\Serie A\2024\odds.csv
2025-09-03 20:53:06,936 - src.process_pipeline - INFO - Successfully merged 380 records with team statistics
2025-09-03 20:53:06,952 - src.process_pipeline - INFO - Saved merged data to data\processed\Italy\Serie A\2024\merged_2024.csv
2025-09-03 20:53:06,952 - src.process_pipeline - INFO - Successfully merged 380 records
2025-09-03 20:53:06,960 - src.process_pipeline - INFO - Processing Italy/Serie A/2025
2025-09-03 20:53:06,968 - src.process_pipeline - INFO - Odds data found for Italy/Serie A/2025
2025-09-03 20:53:07,023 - src.process_pipeline - INFO - Added odds data for 18 fixtures
2025-09-03 20:53:07,023 - src.process_pipeline - INFO - Successfully merged 18 records with team statistics
2025-09-03 20:53:07,028 - src.process_pipeline - INFO - Saved merged data to data\processed\Italy\Serie A\2025\merged_2025.csv
2025-09-03 20:53:07,028 - src.process_pipeline - INFO - Successfully merged 18 records
2025-09-03 20:53:07,037 - src.process_pipeline - INFO - Processing Italy/Serie B/2020
2025-09-03 20:53:07,049 - src.process_pipeline - WARNING - Missing odds file: data\extracted\Italy\Serie B\2020\odds.csv
2025-09-03 20:53:07,065 - src.process_pipeline - INFO - Successfully merged 388 records with team statistics
2025-09-03 20:53:07,082 - src.process_pipeline - INFO - Saved merged data to data\processed\Italy\Serie B\2020\merged_2020.csv
2025-09-03 20:53:07,082 - src.process_pipeline - INFO - Successfully merged 388 records
2025-09-03 20:53:07,088 - src.process_pipeline - INFO - Processing Italy/Serie B/2021
2025-09-03 20:53:07,098 - src.process_pipeline - WARNING - Missing odds file: data\extracted\Italy\Serie B\2021\odds.csv
2025-09-03 20:53:07,106 - src.process_pipeline - INFO - Successfully merged 390 records with team statistics
2025-09-03 20:53:07,118 - src.process_pipeline - INFO - Saved merged data to data\processed\Italy\Serie B\2021\merged_2021.csv
2025-09-03 20:53:07,118 - src.process_pipeline - INFO - Successfully merged 390 records
2025-09-03 20:53:07,124 - src.process_pipeline - INFO - Processing Italy/Serie B/2022
2025-09-03 20:53:07,134 - src.process_pipeline - WARNING - Missing odds file: data\extracted\Italy\Serie B\2022\odds.csv
2025-09-03 20:53:07,142 - src.process_pipeline - INFO - Successfully merged 385 records with team statistics
2025-09-03 20:53:07,154 - src.process_pipeline - INFO - Saved merged data to data\processed\Italy\Serie B\2022\merged_2022.csv
2025-09-03 20:53:07,154 - src.process_pipeline - INFO - Successfully merged 385 records
2025-09-03 20:53:07,160 - src.process_pipeline - INFO - Processing Italy/Serie B/2023
2025-09-03 20:53:07,170 - src.process_pipeline - WARNING - Missing odds file: data\extracted\Italy\Serie B\2023\odds.csv
2025-09-03 20:53:07,179 - src.process_pipeline - INFO - Successfully merged 389 records with team statistics
2025-09-03 20:53:07,191 - src.process_pipeline - INFO - Saved merged data to data\processed\Italy\Serie B\2023\merged_2023.csv
2025-09-03 20:53:07,191 - src.process_pipeline - INFO - Successfully merged 389 records
2025-09-03 20:53:07,196 - src.process_pipeline - INFO - Processing Italy/Serie B/2024
2025-09-03 20:53:07,206 - src.process_pipeline - WARNING - Missing odds file: data\extracted\Italy\Serie B\2024\odds.csv
2025-09-03 20:53:07,215 - src.process_pipeline - INFO - Successfully merged 387 records with team statistics
2025-09-03 20:53:07,227 - src.process_pipeline - INFO - Saved merged data to data\processed\Italy\Serie B\2024\merged_2024.csv
2025-09-03 20:53:07,227 - src.process_pipeline - INFO - Successfully merged 387 records
2025-09-03 20:53:07,233 - src.process_pipeline - INFO - Processing Italy/Serie B/2025
2025-09-03 20:53:07,234 - src.process_pipeline - WARNING - Missing fixtures file: data\extracted\Italy\Serie B\2025\fixture_events.csv
2025-09-03 20:53:07,234 - src.process_pipeline - INFO - Starting preprocessing and feature engineering
2025-09-03 20:53:07,234 - src.process_pipeline - INFO - Initial data shape: (7740, 72)
2025-09-03 20:53:07,234 - src.process_pipeline - INFO - Cleaning data
2025-09-03 20:53:08,110 - src.process_pipeline - INFO - Adding competition info from league names
2025-09-03 20:53:08,166 - src.process_pipeline - INFO - Competition Distribution:
2025-09-03 20:53:08,166 - src.process_pipeline - INFO -   Cup matches: 251 (3.2%)
2025-09-03 20:53:08,166 - src.process_pipeline - INFO -   European matches: 3632 (47.0%)
2025-09-03 20:53:08,166 - src.process_pipeline - INFO -   League matches: 3844 (49.7%)
2025-09-03 20:53:08,167 - src.process_pipeline - INFO - Adding competition context
2025-09-03 20:53:08,810 - src.process_pipeline - INFO - Adding competition metrics
2025-09-03 20:53:09,281 - src.process_pipeline - INFO - Calculating proper standings for 7727 matches...
2025-09-03 20:53:09,879 - src.process_pipeline - INFO - Standings progress: 12.9% (1000/7727)
2025-09-03 20:53:10,566 - src.process_pipeline - INFO - Standings progress: 25.9% (2000/7727)
2025-09-03 20:53:11,148 - src.process_pipeline - INFO - Standings progress: 38.8% (3000/7727)
2025-09-03 20:53:11,703 - src.process_pipeline - INFO - Standings progress: 51.8% (4000/7727)
2025-09-03 20:53:12,256 - src.process_pipeline - INFO - Standings progress: 64.7% (5000/7727)
2025-09-03 20:53:12,806 - src.process_pipeline - INFO - Standings progress: 77.6% (6000/7727)
2025-09-03 20:53:13,488 - src.process_pipeline - INFO - Standings progress: 90.6% (7000/7727)
2025-09-03 20:53:14,022 - src.process_pipeline - INFO - Standings progress: 100.0% (7727/7727)
2025-09-03 20:53:14,685 - src.process_pipeline - INFO - Dropped 6 non rolled standings metrics
2025-09-03 20:53:22,707 - src.process_pipeline - INFO - Completed: Processing 7719 matches...
2025-09-03 20:53:28,003 - src.process_pipeline - INFO - H2H Progress: 10% (771/7719) - 5.3s
2025-09-03 20:53:37,014 - src.process_pipeline - INFO - H2H Progress: 20% (1542/7719) - 14.3s
2025-09-03 20:53:45,230 - src.process_pipeline - INFO - H2H Progress: 30% (2313/7719) - 22.5s
2025-09-03 20:53:55,726 - src.process_pipeline - INFO - H2H Progress: 40% (3084/7719) - 33.0s
2025-09-03 20:54:04,882 - src.process_pipeline - INFO - H2H Progress: 50% (3855/7719) - 42.2s
2025-09-03 20:54:15,713 - src.process_pipeline - INFO - H2H Progress: 60% (4626/7719) - 53.0s
2025-09-03 20:54:24,051 - src.process_pipeline - INFO - H2H Progress: 70% (5397/7719) - 61.3s
2025-09-03 20:54:35,862 - src.process_pipeline - INFO - H2H Progress: 80% (6168/7719) - 73.2s
2025-09-03 20:54:44,794 - src.process_pipeline - INFO - H2H Progress: 90% (6939/7719) - 82.1s
2025-09-03 20:54:55,350 - src.process_pipeline - INFO - H2H Progress: 100% (7710/7719) - 92.6s
2025-09-03 20:54:55,474 - src.process_pipeline - INFO - H2H Progress: 100% (7719/7719) - 92.8s
2025-09-03 20:54:55,479 - src.process_pipeline - INFO - Upcoming: Processing 8 matches...
2025-09-03 20:54:55,512 - src.process_pipeline - INFO - H2H Progress: 12% (1/8) - 0.0s
2025-09-03 20:54:55,527 - src.process_pipeline - INFO - H2H Progress: 25% (2/8) - 0.0s
2025-09-03 20:54:55,545 - src.process_pipeline - INFO - H2H Progress: 38% (3/8) - 0.1s
2025-09-03 20:54:55,549 - src.process_pipeline - INFO - H2H Progress: 50% (4/8) - 0.1s
2025-09-03 20:54:55,568 - src.process_pipeline - INFO - H2H Progress: 62% (5/8) - 0.1s
2025-09-03 20:54:55,588 - src.process_pipeline - INFO - H2H Progress: 75% (6/8) - 0.1s
2025-09-03 20:54:55,607 - src.process_pipeline - INFO - H2H Progress: 88% (7/8) - 0.1s
2025-09-03 20:54:55,629 - src.process_pipeline - INFO - H2H Progress: 100% (8/8) - 0.1s
2025-09-03 20:54:56,521 - src.process_pipeline - INFO - Dropped 36 original metrics
2025-09-03 20:54:56,538 - src.process_pipeline - INFO - Calculating rolling averages for 85 metrics with windows [5]
2025-09-03 20:55:15,768 - src.process_pipeline - INFO - Dropped 49 non rolled metrics
2025-09-03 20:55:15,768 - src.process_pipeline - INFO - Calculated rolling averages completed
2025-09-03 20:55:15,788 - src.process_pipeline - INFO - Final shape: (7727, 168)
2025-09-03 20:55:19,351 - src.process_pipeline - INFO - Saved H2H data with 11835 team pairs
2025-09-03 20:55:19,354 - src.process_pipeline - INFO - Saved standings data for 1964 teams
2025-09-03 20:55:19,354 - src.process_pipeline - INFO - Incremental processing complete. Total records: 7727
2025-09-03 20:55:19,354 - src.process_pipeline - INFO - New records processed: 7727
