2025-09-03 21:21:51,725 - src.process_pipeline - INFO - Logging initialized. Log file: logs/process\process_20250903_212151.log
2025-09-03 21:21:52,781 - src.process_pipeline - INFO - Loaded H2H data with 11835 team pairs
2025-09-03 21:21:52,784 - src.process_pipeline - INFO - Loaded standings data for 1964 teams
2025-09-03 21:21:52,785 - src.process_pipeline - INFO - Force processing: resetting standings data
2025-09-03 21:21:52,896 - src.process_pipeline - INFO - Already processed fixtures: 7727
2025-09-03 21:21:52,904 - src.process_pipeline - INFO - Processing Europe - Champions League - 2020
2025-09-03 21:21:52,904 - src.process_pipeline - INFO - Processing Europe/Champions League/2020
2025-09-03 21:21:52,913 - src.process_pipeline - WARNING - Missing odds file: data\extracted\Europe\Champions League\2020\odds.csv
2025-09-03 21:21:52,923 - src.process_pipeline - INFO - Successfully merged 178 records with team statistics
2025-09-03 21:21:52,933 - src.process_pipeline - INFO - Saved merged data to data\processed\Europe\Champions League\2020\merged_2020.csv
2025-09-03 21:21:52,934 - src.process_pipeline - INFO - Successfully merged 178 records
2025-09-03 21:21:52,934 - src.process_pipeline - INFO -   Found 178 new matches
2025-09-03 21:21:52,935 - src.process_pipeline - INFO - Processing Europe - Champions League - 2021
2025-09-03 21:21:52,935 - src.process_pipeline - INFO - Processing Europe/Champions League/2021
2025-09-03 21:21:52,946 - src.process_pipeline - WARNING - Missing odds file: data\extracted\Europe\Champions League\2021\odds.csv
2025-09-03 21:21:52,957 - src.process_pipeline - INFO - Successfully merged 157 records with team statistics
2025-09-03 21:21:52,972 - src.process_pipeline - INFO - Saved merged data to data\processed\Europe\Champions League\2021\merged_2021.csv
2025-09-03 21:21:52,972 - src.process_pipeline - INFO - Successfully merged 157 records
2025-09-03 21:21:52,973 - src.process_pipeline - INFO -   Found 157 new matches
2025-09-03 21:21:52,975 - src.process_pipeline - INFO - Processing Europe - Champions League - 2022
2025-09-03 21:21:52,975 - src.process_pipeline - INFO - Processing Europe/Champions League/2022
2025-09-03 21:21:52,984 - src.process_pipeline - WARNING - Missing odds file: data\extracted\Europe\Champions League\2022\odds.csv
2025-09-03 21:21:52,992 - src.process_pipeline - INFO - Successfully merged 210 records with team statistics
2025-09-03 21:21:53,001 - src.process_pipeline - INFO - Saved merged data to data\processed\Europe\Champions League\2022\merged_2022.csv
2025-09-03 21:21:53,001 - src.process_pipeline - INFO - Successfully merged 210 records
2025-09-03 21:21:53,002 - src.process_pipeline - INFO -   Found 210 new matches
2025-09-03 21:21:53,004 - src.process_pipeline - INFO - Processing Europe - Champions League - 2023
2025-09-03 21:21:53,004 - src.process_pipeline - INFO - Processing Europe/Champions League/2023
2025-09-03 21:21:53,013 - src.process_pipeline - WARNING - Missing odds file: data\extracted\Europe\Champions League\2023\odds.csv
2025-09-03 21:21:53,027 - src.process_pipeline - INFO - Successfully merged 211 records with team statistics
2025-09-03 21:21:53,040 - src.process_pipeline - INFO - Saved merged data to data\processed\Europe\Champions League\2023\merged_2023.csv
2025-09-03 21:21:53,040 - src.process_pipeline - INFO - Successfully merged 211 records
2025-09-03 21:21:53,040 - src.process_pipeline - INFO -   Found 211 new matches
2025-09-03 21:21:53,043 - src.process_pipeline - INFO - Processing Europe - Champions League - 2024
2025-09-03 21:21:53,043 - src.process_pipeline - INFO - Processing Europe/Champions League/2024
2025-09-03 21:21:53,054 - src.process_pipeline - WARNING - Missing odds file: data\extracted\Europe\Champions League\2024\odds.csv
2025-09-03 21:21:53,064 - src.process_pipeline - INFO - Successfully merged 279 records with team statistics
2025-09-03 21:21:53,078 - src.process_pipeline - INFO - Saved merged data to data\processed\Europe\Champions League\2024\merged_2024.csv
2025-09-03 21:21:53,081 - src.process_pipeline - INFO - Successfully merged 279 records
2025-09-03 21:21:53,082 - src.process_pipeline - INFO -   Found 279 new matches
2025-09-03 21:21:53,087 - src.process_pipeline - INFO - Processing Europe - Champions League - 2025
2025-09-03 21:21:53,088 - src.process_pipeline - INFO - Processing Europe/Champions League/2025
2025-09-03 21:21:53,101 - src.process_pipeline - INFO - Odds data found for Europe/Champions League/2025
2025-09-03 21:21:53,138 - src.process_pipeline - INFO - Added odds data for 7 fixtures
2025-09-03 21:21:53,138 - src.process_pipeline - INFO - Successfully merged 34 records with team statistics
2025-09-03 21:21:53,142 - src.process_pipeline - INFO - Saved merged data to data\processed\Europe\Champions League\2025\merged_2025.csv
2025-09-03 21:21:53,143 - src.process_pipeline - INFO - Successfully merged 34 records
2025-09-03 21:21:53,143 - src.process_pipeline - INFO -   Found 34 new matches
2025-09-03 21:21:53,149 - src.process_pipeline - INFO - Processing Europe - Conference League - 2021
2025-09-03 21:21:53,150 - src.process_pipeline - INFO - Processing Europe/Conference League/2021
2025-09-03 21:21:53,165 - src.process_pipeline - WARNING - Missing odds file: data\extracted\Europe\Conference League\2021\odds.csv
2025-09-03 21:21:53,174 - src.process_pipeline - INFO - Successfully merged 423 records with team statistics
2025-09-03 21:21:53,192 - src.process_pipeline - INFO - Saved merged data to data\processed\Europe\Conference League\2021\merged_2021.csv
2025-09-03 21:21:53,192 - src.process_pipeline - INFO - Successfully merged 423 records
2025-09-03 21:21:53,192 - src.process_pipeline - INFO -   Found 423 new matches
2025-09-03 21:21:53,196 - src.process_pipeline - INFO - Processing Europe - Conference League - 2022
2025-09-03 21:21:53,196 - src.process_pipeline - INFO - Processing Europe/Conference League/2022
2025-09-03 21:21:53,209 - src.process_pipeline - WARNING - Missing odds file: data\extracted\Europe\Conference League\2022\odds.csv
2025-09-03 21:21:53,220 - src.process_pipeline - INFO - Successfully merged 414 records with team statistics
2025-09-03 21:21:53,238 - src.process_pipeline - INFO - Saved merged data to data\processed\Europe\Conference League\2022\merged_2022.csv
2025-09-03 21:21:53,239 - src.process_pipeline - INFO - Successfully merged 414 records
2025-09-03 21:21:53,239 - src.process_pipeline - INFO -   Found 414 new matches
2025-09-03 21:21:53,242 - src.process_pipeline - INFO - Processing Europe - Conference League - 2023
2025-09-03 21:21:53,243 - src.process_pipeline - INFO - Processing Europe/Conference League/2023
2025-09-03 21:21:53,255 - src.process_pipeline - WARNING - Missing odds file: data\extracted\Europe\Conference League\2023\odds.csv
2025-09-03 21:21:53,265 - src.process_pipeline - INFO - Successfully merged 417 records with team statistics
2025-09-03 21:21:53,282 - src.process_pipeline - INFO - Saved merged data to data\processed\Europe\Conference League\2023\merged_2023.csv
2025-09-03 21:21:53,283 - src.process_pipeline - INFO - Successfully merged 417 records
2025-09-03 21:21:53,283 - src.process_pipeline - INFO -   Found 417 new matches
2025-09-03 21:21:53,287 - src.process_pipeline - INFO - Processing Europe - Conference League - 2024
2025-09-03 21:21:53,287 - src.process_pipeline - INFO - Processing Europe/Conference League/2024
2025-09-03 21:21:53,288 - src.process_pipeline - WARNING - Missing team stats file: data\extracted\Europe\Conference League\2024\team_statistics.csv
2025-09-03 21:21:53,288 - src.process_pipeline - INFO -   No new matches found
2025-09-03 21:21:53,288 - src.process_pipeline - INFO - Processing Europe - Conference League - 2025
2025-09-03 21:21:53,288 - src.process_pipeline - INFO - Processing Europe/Conference League/2025
2025-09-03 21:21:53,298 - src.process_pipeline - INFO - Odds data found for Europe/Conference League/2025
2025-09-03 21:21:53,360 - src.process_pipeline - INFO - Added odds data for 24 fixtures
2025-09-03 21:21:53,360 - src.process_pipeline - INFO - Successfully merged 108 records with team statistics
2025-09-03 21:21:53,365 - src.process_pipeline - INFO - Saved merged data to data\processed\Europe\Conference League\2025\merged_2025.csv
2025-09-03 21:21:53,365 - src.process_pipeline - INFO - Successfully merged 108 records
2025-09-03 21:21:53,366 - src.process_pipeline - INFO -   Found 108 new matches
2025-09-03 21:21:53,368 - src.process_pipeline - INFO - Processing Europe - Europa League - 2020
2025-09-03 21:21:53,369 - src.process_pipeline - INFO - Processing Europe/Europa League/2020
2025-09-03 21:21:53,378 - src.process_pipeline - WARNING - Missing odds file: data\extracted\Europe\Europa League\2020\odds.csv
2025-09-03 21:21:53,386 - src.process_pipeline - INFO - Successfully merged 362 records with team statistics
2025-09-03 21:21:53,399 - src.process_pipeline - INFO - Saved merged data to data\processed\Europe\Europa League\2020\merged_2020.csv
2025-09-03 21:21:53,400 - src.process_pipeline - INFO - Successfully merged 362 records
2025-09-03 21:21:53,400 - src.process_pipeline - INFO -   Found 362 new matches
2025-09-03 21:21:53,403 - src.process_pipeline - INFO - Processing Europe - Europa League - 2021
2025-09-03 21:21:53,403 - src.process_pipeline - INFO - Processing Europe/Europa League/2021
2025-09-03 21:21:53,410 - src.process_pipeline - WARNING - Missing odds file: data\extracted\Europe\Europa League\2021\odds.csv
2025-09-03 21:21:53,419 - src.process_pipeline - INFO - Successfully merged 177 records with team statistics
2025-09-03 21:21:53,427 - src.process_pipeline - INFO - Saved merged data to data\processed\Europe\Europa League\2021\merged_2021.csv
2025-09-03 21:21:53,427 - src.process_pipeline - INFO - Successfully merged 177 records
2025-09-03 21:21:53,427 - src.process_pipeline - INFO -   Found 177 new matches
2025-09-03 21:21:53,431 - src.process_pipeline - INFO - Processing Europe - Europa League - 2022
2025-09-03 21:21:53,432 - src.process_pipeline - INFO - Processing Europe/Europa League/2022
2025-09-03 21:21:53,439 - src.process_pipeline - WARNING - Missing odds file: data\extracted\Europe\Europa League\2022\odds.csv
2025-09-03 21:21:53,447 - src.process_pipeline - INFO - Successfully merged 175 records with team statistics
2025-09-03 21:21:53,454 - src.process_pipeline - INFO - Saved merged data to data\processed\Europe\Europa League\2022\merged_2022.csv
2025-09-03 21:21:53,454 - src.process_pipeline - INFO - Successfully merged 175 records
2025-09-03 21:21:53,455 - src.process_pipeline - INFO -   Found 175 new matches
2025-09-03 21:21:53,457 - src.process_pipeline - INFO - Processing Europe - Europa League - 2023
2025-09-03 21:21:53,458 - src.process_pipeline - INFO - Processing Europe/Europa League/2023
2025-09-03 21:21:53,466 - src.process_pipeline - WARNING - Missing odds file: data\extracted\Europe\Europa League\2023\odds.csv
2025-09-03 21:21:53,474 - src.process_pipeline - INFO - Successfully merged 175 records with team statistics
2025-09-03 21:21:53,482 - src.process_pipeline - INFO - Saved merged data to data\processed\Europe\Europa League\2023\merged_2023.csv
2025-09-03 21:21:53,482 - src.process_pipeline - INFO - Successfully merged 175 records
2025-09-03 21:21:53,482 - src.process_pipeline - INFO -   Found 175 new matches
2025-09-03 21:21:53,485 - src.process_pipeline - INFO - Processing Europe - Europa League - 2024
2025-09-03 21:21:53,485 - src.process_pipeline - INFO - Processing Europe/Europa League/2024
2025-09-03 21:21:53,494 - src.process_pipeline - WARNING - Missing odds file: data\extracted\Europe\Europa League\2024\odds.csv
2025-09-03 21:21:53,503 - src.process_pipeline - INFO - Successfully merged 269 records with team statistics
2025-09-03 21:21:53,513 - src.process_pipeline - INFO - Saved merged data to data\processed\Europe\Europa League\2024\merged_2024.csv
2025-09-03 21:21:53,513 - src.process_pipeline - INFO - Successfully merged 269 records
2025-09-03 21:21:53,514 - src.process_pipeline - INFO -   Found 269 new matches
2025-09-03 21:21:53,518 - src.process_pipeline - INFO - Processing Europe - Europa League - 2025
2025-09-03 21:21:53,518 - src.process_pipeline - INFO - Processing Europe/Europa League/2025
2025-09-03 21:21:53,525 - src.process_pipeline - INFO - Odds data found for Europe/Europa League/2025
2025-09-03 21:21:53,559 - src.process_pipeline - INFO - Added odds data for 12 fixtures
2025-09-03 21:21:53,559 - src.process_pipeline - INFO - Successfully merged 50 records with team statistics
2025-09-03 21:21:53,563 - src.process_pipeline - INFO - Saved merged data to data\processed\Europe\Europa League\2025\merged_2025.csv
2025-09-03 21:21:53,563 - src.process_pipeline - INFO - Successfully merged 50 records
2025-09-03 21:21:53,563 - src.process_pipeline - INFO -   Found 50 new matches
2025-09-03 21:21:53,568 - src.process_pipeline - INFO - Processing Italy - Coppa Italia - 2020
2025-09-03 21:21:53,568 - src.process_pipeline - INFO - Processing Italy/Coppa Italia/2020
2025-09-03 21:21:53,573 - src.process_pipeline - WARNING - Missing odds file: data\extracted\Italy\Coppa Italia\2020\odds.csv
2025-09-03 21:21:53,581 - src.process_pipeline - INFO - Successfully merged 79 records with team statistics
2025-09-03 21:21:53,586 - src.process_pipeline - INFO - Saved merged data to data\processed\Italy\Coppa Italia\2020\merged_2020.csv
2025-09-03 21:21:53,586 - src.process_pipeline - INFO - Successfully merged 79 records
2025-09-03 21:21:53,586 - src.process_pipeline - INFO -   Found 79 new matches
2025-09-03 21:21:53,589 - src.process_pipeline - INFO - Processing Italy - Coppa Italia - 2021
2025-09-03 21:21:53,590 - src.process_pipeline - INFO - Processing Italy/Coppa Italia/2021
2025-09-03 21:21:53,595 - src.process_pipeline - WARNING - Missing odds file: data\extracted\Italy\Coppa Italia\2021\odds.csv
2025-09-03 21:21:53,603 - src.process_pipeline - INFO - Successfully merged 45 records with team statistics
2025-09-03 21:21:53,606 - src.process_pipeline - INFO - Saved merged data to data\processed\Italy\Coppa Italia\2021\merged_2021.csv
2025-09-03 21:21:53,606 - src.process_pipeline - INFO - Successfully merged 45 records
2025-09-03 21:21:53,606 - src.process_pipeline - INFO -   Found 45 new matches
2025-09-03 21:21:53,609 - src.process_pipeline - INFO - Processing Italy - Coppa Italia - 2022
2025-09-03 21:21:53,610 - src.process_pipeline - INFO - Processing Italy/Coppa Italia/2022
2025-09-03 21:21:53,616 - src.process_pipeline - WARNING - Missing odds file: data\extracted\Italy\Coppa Italia\2022\odds.csv
2025-09-03 21:21:53,624 - src.process_pipeline - INFO - Successfully merged 41 records with team statistics
2025-09-03 21:21:53,627 - src.process_pipeline - INFO - Saved merged data to data\processed\Italy\Coppa Italia\2022\merged_2022.csv
2025-09-03 21:21:53,628 - src.process_pipeline - INFO - Successfully merged 41 records
2025-09-03 21:21:53,628 - src.process_pipeline - INFO -   Found 41 new matches
2025-09-03 21:21:53,633 - src.process_pipeline - INFO - Processing Italy - Coppa Italia - 2023
2025-09-03 21:21:53,633 - src.process_pipeline - INFO - Processing Italy/Coppa Italia/2023
2025-09-03 21:21:53,639 - src.process_pipeline - WARNING - Missing odds file: data\extracted\Italy\Coppa Italia\2023\odds.csv
2025-09-03 21:21:53,647 - src.process_pipeline - INFO - Successfully merged 45 records with team statistics
2025-09-03 21:21:53,652 - src.process_pipeline - INFO - Saved merged data to data\processed\Italy\Coppa Italia\2023\merged_2023.csv
2025-09-03 21:21:53,652 - src.process_pipeline - INFO - Successfully merged 45 records
2025-09-03 21:21:53,652 - src.process_pipeline - INFO -   Found 45 new matches
2025-09-03 21:21:53,656 - src.process_pipeline - INFO - Processing Italy - Coppa Italia - 2024
2025-09-03 21:21:53,657 - src.process_pipeline - INFO - Processing Italy/Coppa Italia/2024
2025-09-03 21:21:53,664 - src.process_pipeline - WARNING - Missing odds file: data\extracted\Italy\Coppa Italia\2024\odds.csv
2025-09-03 21:21:53,673 - src.process_pipeline - INFO - Successfully merged 45 records with team statistics
2025-09-03 21:21:53,676 - src.process_pipeline - INFO - Saved merged data to data\processed\Italy\Coppa Italia\2024\merged_2024.csv
2025-09-03 21:21:53,677 - src.process_pipeline - INFO - Successfully merged 45 records
2025-09-03 21:21:53,677 - src.process_pipeline - INFO -   Found 45 new matches
2025-09-03 21:21:53,682 - src.process_pipeline - INFO - Processing Italy - Coppa Italia - 2025
2025-09-03 21:21:53,682 - src.process_pipeline - INFO - Processing Italy/Coppa Italia/2025
2025-09-03 21:21:53,683 - src.process_pipeline - WARNING - Missing fixtures file: data\extracted\Italy\Coppa Italia\2025\fixture_events.csv
2025-09-03 21:21:53,683 - src.process_pipeline - INFO -   No new matches found
2025-09-03 21:21:53,683 - src.process_pipeline - INFO - Processing Italy - Serie A - 2020
2025-09-03 21:21:53,683 - src.process_pipeline - INFO - Processing Italy/Serie A/2020
2025-09-03 21:21:53,693 - src.process_pipeline - WARNING - Missing odds file: data\extracted\Italy\Serie A\2020\odds.csv
2025-09-03 21:21:53,702 - src.process_pipeline - INFO - Successfully merged 380 records with team statistics
2025-09-03 21:21:53,714 - src.process_pipeline - INFO - Saved merged data to data\processed\Italy\Serie A\2020\merged_2020.csv
2025-09-03 21:21:53,714 - src.process_pipeline - INFO - Successfully merged 380 records
2025-09-03 21:21:53,714 - src.process_pipeline - INFO -   Found 380 new matches
2025-09-03 21:21:53,718 - src.process_pipeline - INFO - Processing Italy - Serie A - 2021
2025-09-03 21:21:53,718 - src.process_pipeline - INFO - Processing Italy/Serie A/2021
2025-09-03 21:21:53,728 - src.process_pipeline - WARNING - Missing odds file: data\extracted\Italy\Serie A\2021\odds.csv
2025-09-03 21:21:53,736 - src.process_pipeline - INFO - Successfully merged 380 records with team statistics
2025-09-03 21:21:53,747 - src.process_pipeline - INFO - Saved merged data to data\processed\Italy\Serie A\2021\merged_2021.csv
2025-09-03 21:21:53,747 - src.process_pipeline - INFO - Successfully merged 380 records
2025-09-03 21:21:53,747 - src.process_pipeline - INFO -   Found 380 new matches
2025-09-03 21:21:53,751 - src.process_pipeline - INFO - Processing Italy - Serie A - 2022
2025-09-03 21:21:53,751 - src.process_pipeline - INFO - Processing Italy/Serie A/2022
2025-09-03 21:21:53,761 - src.process_pipeline - WARNING - Missing odds file: data\extracted\Italy\Serie A\2022\odds.csv
2025-09-03 21:21:53,769 - src.process_pipeline - INFO - Successfully merged 370 records with team statistics
2025-09-03 21:21:53,781 - src.process_pipeline - INFO - Saved merged data to data\processed\Italy\Serie A\2022\merged_2022.csv
2025-09-03 21:21:53,781 - src.process_pipeline - INFO - Successfully merged 370 records
2025-09-03 21:21:53,781 - src.process_pipeline - INFO -   Found 370 new matches
2025-09-03 21:21:53,785 - src.process_pipeline - INFO - Processing Italy - Serie A - 2023
2025-09-03 21:21:53,786 - src.process_pipeline - INFO - Processing Italy/Serie A/2023
2025-09-03 21:21:53,796 - src.process_pipeline - WARNING - Missing odds file: data\extracted\Italy\Serie A\2023\odds.csv
2025-09-03 21:21:53,804 - src.process_pipeline - INFO - Successfully merged 379 records with team statistics
2025-09-03 21:21:53,820 - src.process_pipeline - INFO - Saved merged data to data\processed\Italy\Serie A\2023\merged_2023.csv
2025-09-03 21:21:53,820 - src.process_pipeline - INFO - Successfully merged 379 records
2025-09-03 21:21:53,821 - src.process_pipeline - INFO -   Found 379 new matches
2025-09-03 21:21:53,825 - src.process_pipeline - INFO - Processing Italy - Serie A - 2024
2025-09-03 21:21:53,825 - src.process_pipeline - INFO - Processing Italy/Serie A/2024
2025-09-03 21:21:53,836 - src.process_pipeline - WARNING - Missing odds file: data\extracted\Italy\Serie A\2024\odds.csv
2025-09-03 21:21:53,845 - src.process_pipeline - INFO - Successfully merged 380 records with team statistics
2025-09-03 21:21:53,859 - src.process_pipeline - INFO - Saved merged data to data\processed\Italy\Serie A\2024\merged_2024.csv
2025-09-03 21:21:53,860 - src.process_pipeline - INFO - Successfully merged 380 records
2025-09-03 21:21:53,860 - src.process_pipeline - INFO -   Found 380 new matches
2025-09-03 21:21:53,864 - src.process_pipeline - INFO - Processing Italy - Serie A - 2025
2025-09-03 21:21:53,865 - src.process_pipeline - INFO - Processing Italy/Serie A/2025
2025-09-03 21:21:53,871 - src.process_pipeline - INFO - Odds data found for Italy/Serie A/2025
2025-09-03 21:21:53,913 - src.process_pipeline - INFO - Added odds data for 18 fixtures
2025-09-03 21:21:53,913 - src.process_pipeline - INFO - Successfully merged 18 records with team statistics
2025-09-03 21:21:53,915 - src.process_pipeline - INFO - Saved merged data to data\processed\Italy\Serie A\2025\merged_2025.csv
2025-09-03 21:21:53,916 - src.process_pipeline - INFO - Successfully merged 18 records
2025-09-03 21:21:53,916 - src.process_pipeline - INFO -   Found 18 new matches
2025-09-03 21:21:53,920 - src.process_pipeline - INFO - Processing Italy - Serie B - 2020
2025-09-03 21:21:53,920 - src.process_pipeline - INFO - Processing Italy/Serie B/2020
2025-09-03 21:21:53,929 - src.process_pipeline - WARNING - Missing odds file: data\extracted\Italy\Serie B\2020\odds.csv
2025-09-03 21:21:53,938 - src.process_pipeline - INFO - Successfully merged 388 records with team statistics
2025-09-03 21:21:53,953 - src.process_pipeline - INFO - Saved merged data to data\processed\Italy\Serie B\2020\merged_2020.csv
2025-09-03 21:21:53,953 - src.process_pipeline - INFO - Successfully merged 388 records
2025-09-03 21:21:53,954 - src.process_pipeline - INFO -   Found 388 new matches
2025-09-03 21:21:53,958 - src.process_pipeline - INFO - Processing Italy - Serie B - 2021
2025-09-03 21:21:53,958 - src.process_pipeline - INFO - Processing Italy/Serie B/2021
2025-09-03 21:21:53,968 - src.process_pipeline - WARNING - Missing odds file: data\extracted\Italy\Serie B\2021\odds.csv
2025-09-03 21:21:53,975 - src.process_pipeline - INFO - Successfully merged 390 records with team statistics
2025-09-03 21:21:53,987 - src.process_pipeline - INFO - Saved merged data to data\processed\Italy\Serie B\2021\merged_2021.csv
2025-09-03 21:21:53,987 - src.process_pipeline - INFO - Successfully merged 390 records
2025-09-03 21:21:53,988 - src.process_pipeline - INFO -   Found 390 new matches
2025-09-03 21:21:53,992 - src.process_pipeline - INFO - Processing Italy - Serie B - 2022
2025-09-03 21:21:53,992 - src.process_pipeline - INFO - Processing Italy/Serie B/2022
2025-09-03 21:21:54,002 - src.process_pipeline - WARNING - Missing odds file: data\extracted\Italy\Serie B\2022\odds.csv
2025-09-03 21:21:54,010 - src.process_pipeline - INFO - Successfully merged 385 records with team statistics
2025-09-03 21:21:54,022 - src.process_pipeline - INFO - Saved merged data to data\processed\Italy\Serie B\2022\merged_2022.csv
2025-09-03 21:21:54,022 - src.process_pipeline - INFO - Successfully merged 385 records
2025-09-03 21:21:54,022 - src.process_pipeline - INFO -   Found 385 new matches
2025-09-03 21:21:54,027 - src.process_pipeline - INFO - Processing Italy - Serie B - 2023
2025-09-03 21:21:54,027 - src.process_pipeline - INFO - Processing Italy/Serie B/2023
2025-09-03 21:21:54,038 - src.process_pipeline - WARNING - Missing odds file: data\extracted\Italy\Serie B\2023\odds.csv
2025-09-03 21:21:54,048 - src.process_pipeline - INFO - Successfully merged 389 records with team statistics
2025-09-03 21:21:54,064 - src.process_pipeline - INFO - Saved merged data to data\processed\Italy\Serie B\2023\merged_2023.csv
2025-09-03 21:21:54,064 - src.process_pipeline - INFO - Successfully merged 389 records
2025-09-03 21:21:54,064 - src.process_pipeline - INFO -   Found 389 new matches
2025-09-03 21:21:54,069 - src.process_pipeline - INFO - Processing Italy - Serie B - 2024
2025-09-03 21:21:54,070 - src.process_pipeline - INFO - Processing Italy/Serie B/2024
2025-09-03 21:21:54,080 - src.process_pipeline - WARNING - Missing odds file: data\extracted\Italy\Serie B\2024\odds.csv
2025-09-03 21:21:54,088 - src.process_pipeline - INFO - Successfully merged 387 records with team statistics
2025-09-03 21:21:54,100 - src.process_pipeline - INFO - Saved merged data to data\processed\Italy\Serie B\2024\merged_2024.csv
2025-09-03 21:21:54,100 - src.process_pipeline - INFO - Successfully merged 387 records
2025-09-03 21:21:54,100 - src.process_pipeline - INFO -   Found 387 new matches
2025-09-03 21:21:54,105 - src.process_pipeline - INFO - Processing Italy - Serie B - 2025
2025-09-03 21:21:54,106 - src.process_pipeline - INFO - Processing Italy/Serie B/2025
2025-09-03 21:21:54,106 - src.process_pipeline - WARNING - Missing fixtures file: data\extracted\Italy\Serie B\2025\fixture_events.csv
2025-09-03 21:21:54,106 - src.process_pipeline - INFO -   No new matches found
2025-09-03 21:21:54,106 - src.process_pipeline - INFO - Total new matches to process: 7740
2025-09-03 21:21:54,106 - src.process_pipeline - INFO - Starting preprocessing and feature engineering
2025-09-03 21:21:54,106 - src.process_pipeline - INFO - Initial data shape: (7740, 72)
2025-09-03 21:21:54,106 - src.process_pipeline - INFO - Cleaning data
2025-09-03 21:21:54,969 - src.process_pipeline - INFO - Final shape: (7727, 86)
2025-09-03 21:21:54,970 - src.process_pipeline - INFO - New processed data shape: (7727, 86)
2025-09-03 21:21:57,901 - src.process_pipeline - INFO - Saved H2H data with 11835 team pairs
2025-09-03 21:21:57,904 - src.process_pipeline - INFO - Saved standings data for 1964 teams
2025-09-03 21:21:57,904 - src.process_pipeline - INFO - Incremental processing complete. Total records: 7727
2025-09-03 21:21:57,904 - src.process_pipeline - INFO - New records processed: 7727
