2025-09-03 20:41:40,595 - src.process_pipeline - INFO - Logging initialized. Log file: logs/process\process_20250903_204140.log
2025-09-03 20:41:41,647 - src.process_pipeline - INFO - Loaded H2H data with 11835 team pairs
2025-09-03 20:41:41,659 - src.process_pipeline - INFO - Loaded standings data for 2563 teams
2025-09-03 20:41:41,920 - src.process_pipeline - INFO - Processing Europe/Champions League/2020
2025-09-03 20:41:41,928 - src.process_pipeline - WARNING - Missing odds file: data\extracted\Europe\Champions League\2020\odds.csv
2025-09-03 20:41:41,936 - src.process_pipeline - INFO - Successfully merged 178 records with team statistics
2025-09-03 20:41:41,944 - src.process_pipeline - INFO - Saved merged data to data\processed\Europe\Champions League\2020\merged_2020.csv
2025-09-03 20:41:41,944 - src.process_pipeline - INFO - Successfully merged 178 records
2025-09-03 20:41:41,945 - src.process_pipeline - INFO - Processing Europe/Champions League/2021
2025-09-03 20:41:41,952 - src.process_pipeline - WARNING - Missing odds file: data\extracted\Europe\Champions League\2021\odds.csv
2025-09-03 20:41:41,960 - src.process_pipeline - INFO - Successfully merged 157 records with team statistics
2025-09-03 20:41:41,967 - src.process_pipeline - INFO - Saved merged data to data\processed\Europe\Champions League\2021\merged_2021.csv
2025-09-03 20:41:41,967 - src.process_pipeline - INFO - Successfully merged 157 records
2025-09-03 20:41:41,971 - src.process_pipeline - INFO - Processing Europe/Champions League/2022
2025-09-03 20:41:41,979 - src.process_pipeline - WARNING - Missing odds file: data\extracted\Europe\Champions League\2022\odds.csv
2025-09-03 20:41:41,988 - src.process_pipeline - INFO - Successfully merged 210 records with team statistics
2025-09-03 20:41:41,997 - src.process_pipeline - INFO - Saved merged data to data\processed\Europe\Champions League\2022\merged_2022.csv
2025-09-03 20:41:41,998 - src.process_pipeline - INFO - Successfully merged 210 records
2025-09-03 20:41:42,002 - src.process_pipeline - INFO - Processing Europe/Champions League/2023
2025-09-03 20:41:42,011 - src.process_pipeline - WARNING - Missing odds file: data\extracted\Europe\Champions League\2023\odds.csv
2025-09-03 20:41:42,020 - src.process_pipeline - INFO - Successfully merged 211 records with team statistics
2025-09-03 20:41:42,030 - src.process_pipeline - INFO - Saved merged data to data\processed\Europe\Champions League\2023\merged_2023.csv
2025-09-03 20:41:42,030 - src.process_pipeline - INFO - Successfully merged 211 records
2025-09-03 20:41:42,033 - src.process_pipeline - INFO - Processing Europe/Champions League/2024
2025-09-03 20:41:42,043 - src.process_pipeline - WARNING - Missing odds file: data\extracted\Europe\Champions League\2024\odds.csv
2025-09-03 20:41:42,051 - src.process_pipeline - INFO - Successfully merged 279 records with team statistics
2025-09-03 20:41:42,062 - src.process_pipeline - INFO - Saved merged data to data\processed\Europe\Champions League\2024\merged_2024.csv
2025-09-03 20:41:42,063 - src.process_pipeline - INFO - Successfully merged 279 records
2025-09-03 20:41:42,066 - src.process_pipeline - INFO - Processing Europe/Champions League/2025
2025-09-03 20:41:42,074 - src.process_pipeline - INFO - Odds data found for Europe/Champions League/2025
2025-09-03 20:41:42,098 - src.process_pipeline - INFO - Added odds data for 7 fixtures
2025-09-03 20:41:42,099 - src.process_pipeline - INFO - Successfully merged 34 records with team statistics
2025-09-03 20:41:42,102 - src.process_pipeline - INFO - Saved merged data to data\processed\Europe\Champions League\2025\merged_2025.csv
2025-09-03 20:41:42,102 - src.process_pipeline - INFO - Successfully merged 34 records
2025-09-03 20:41:42,106 - src.process_pipeline - INFO - Processing Europe/Conference League/2021
2025-09-03 20:41:42,116 - src.process_pipeline - WARNING - Missing odds file: data\extracted\Europe\Conference League\2021\odds.csv
2025-09-03 20:41:42,127 - src.process_pipeline - INFO - Successfully merged 423 records with team statistics
2025-09-03 20:41:42,142 - src.process_pipeline - INFO - Saved merged data to data\processed\Europe\Conference League\2021\merged_2021.csv
2025-09-03 20:41:42,142 - src.process_pipeline - INFO - Successfully merged 423 records
2025-09-03 20:41:42,146 - src.process_pipeline - INFO - Processing Europe/Conference League/2022
2025-09-03 20:41:42,156 - src.process_pipeline - WARNING - Missing odds file: data\extracted\Europe\Conference League\2022\odds.csv
2025-09-03 20:41:42,165 - src.process_pipeline - INFO - Successfully merged 414 records with team statistics
2025-09-03 20:41:42,180 - src.process_pipeline - INFO - Saved merged data to data\processed\Europe\Conference League\2022\merged_2022.csv
2025-09-03 20:41:42,180 - src.process_pipeline - INFO - Successfully merged 414 records
2025-09-03 20:41:42,184 - src.process_pipeline - INFO - Processing Europe/Conference League/2023
2025-09-03 20:41:42,195 - src.process_pipeline - WARNING - Missing odds file: data\extracted\Europe\Conference League\2023\odds.csv
2025-09-03 20:41:42,204 - src.process_pipeline - INFO - Successfully merged 417 records with team statistics
2025-09-03 20:41:42,221 - src.process_pipeline - INFO - Saved merged data to data\processed\Europe\Conference League\2023\merged_2023.csv
2025-09-03 20:41:42,221 - src.process_pipeline - INFO - Successfully merged 417 records
2025-09-03 20:41:42,225 - src.process_pipeline - INFO - Processing Europe/Conference League/2024
2025-09-03 20:41:42,225 - src.process_pipeline - WARNING - Missing team stats file: data\extracted\Europe\Conference League\2024\team_statistics.csv
2025-09-03 20:41:42,226 - src.process_pipeline - INFO - Processing Europe/Conference League/2025
2025-09-03 20:41:42,234 - src.process_pipeline - INFO - Odds data found for Europe/Conference League/2025
2025-09-03 20:41:42,295 - src.process_pipeline - INFO - Added odds data for 24 fixtures
2025-09-03 20:41:42,295 - src.process_pipeline - INFO - Successfully merged 108 records with team statistics
2025-09-03 20:41:42,300 - src.process_pipeline - INFO - Saved merged data to data\processed\Europe\Conference League\2025\merged_2025.csv
2025-09-03 20:41:42,301 - src.process_pipeline - INFO - Successfully merged 108 records
2025-09-03 20:41:42,305 - src.process_pipeline - INFO - Processing Europe/Europa League/2020
2025-09-03 20:41:42,313 - src.process_pipeline - WARNING - Missing odds file: data\extracted\Europe\Europa League\2020\odds.csv
2025-09-03 20:41:42,322 - src.process_pipeline - INFO - Successfully merged 362 records with team statistics
2025-09-03 20:41:42,336 - src.process_pipeline - INFO - Saved merged data to data\processed\Europe\Europa League\2020\merged_2020.csv
2025-09-03 20:41:42,336 - src.process_pipeline - INFO - Successfully merged 362 records
2025-09-03 20:41:42,340 - src.process_pipeline - INFO - Processing Europe/Europa League/2021
2025-09-03 20:41:42,347 - src.process_pipeline - WARNING - Missing odds file: data\extracted\Europe\Europa League\2021\odds.csv
2025-09-03 20:41:42,355 - src.process_pipeline - INFO - Successfully merged 177 records with team statistics
2025-09-03 20:41:42,363 - src.process_pipeline - INFO - Saved merged data to data\processed\Europe\Europa League\2021\merged_2021.csv
2025-09-03 20:41:42,363 - src.process_pipeline - INFO - Successfully merged 177 records
2025-09-03 20:41:42,368 - src.process_pipeline - INFO - Processing Europe/Europa League/2022
2025-09-03 20:41:42,376 - src.process_pipeline - WARNING - Missing odds file: data\extracted\Europe\Europa League\2022\odds.csv
2025-09-03 20:41:42,384 - src.process_pipeline - INFO - Successfully merged 175 records with team statistics
2025-09-03 20:41:42,393 - src.process_pipeline - INFO - Saved merged data to data\processed\Europe\Europa League\2022\merged_2022.csv
2025-09-03 20:41:42,393 - src.process_pipeline - INFO - Successfully merged 175 records
2025-09-03 20:41:42,397 - src.process_pipeline - INFO - Processing Europe/Europa League/2023
2025-09-03 20:41:42,407 - src.process_pipeline - WARNING - Missing odds file: data\extracted\Europe\Europa League\2023\odds.csv
2025-09-03 20:41:42,417 - src.process_pipeline - INFO - Successfully merged 175 records with team statistics
2025-09-03 20:41:42,427 - src.process_pipeline - INFO - Saved merged data to data\processed\Europe\Europa League\2023\merged_2023.csv
2025-09-03 20:41:42,427 - src.process_pipeline - INFO - Successfully merged 175 records
2025-09-03 20:41:42,433 - src.process_pipeline - INFO - Processing Europe/Europa League/2024
2025-09-03 20:41:42,446 - src.process_pipeline - WARNING - Missing odds file: data\extracted\Europe\Europa League\2024\odds.csv
2025-09-03 20:41:42,457 - src.process_pipeline - INFO - Successfully merged 269 records with team statistics
2025-09-03 20:41:42,468 - src.process_pipeline - INFO - Saved merged data to data\processed\Europe\Europa League\2024\merged_2024.csv
2025-09-03 20:41:42,469 - src.process_pipeline - INFO - Successfully merged 269 records
2025-09-03 20:41:42,473 - src.process_pipeline - INFO - Processing Europe/Europa League/2025
2025-09-03 20:41:42,480 - src.process_pipeline - INFO - Odds data found for Europe/Europa League/2025
2025-09-03 20:41:42,514 - src.process_pipeline - INFO - Added odds data for 12 fixtures
2025-09-03 20:41:42,514 - src.process_pipeline - INFO - Successfully merged 50 records with team statistics
2025-09-03 20:41:42,518 - src.process_pipeline - INFO - Saved merged data to data\processed\Europe\Europa League\2025\merged_2025.csv
2025-09-03 20:41:42,518 - src.process_pipeline - INFO - Successfully merged 50 records
2025-09-03 20:41:42,523 - src.process_pipeline - INFO - Processing Italy/Coppa Italia/2020
2025-09-03 20:41:42,528 - src.process_pipeline - WARNING - Missing odds file: data\extracted\Italy\Coppa Italia\2020\odds.csv
2025-09-03 20:41:42,536 - src.process_pipeline - INFO - Successfully merged 79 records with team statistics
2025-09-03 20:41:42,540 - src.process_pipeline - INFO - Saved merged data to data\processed\Italy\Coppa Italia\2020\merged_2020.csv
2025-09-03 20:41:42,540 - src.process_pipeline - INFO - Successfully merged 79 records
2025-09-03 20:41:42,544 - src.process_pipeline - INFO - Processing Italy/Coppa Italia/2021
2025-09-03 20:41:42,549 - src.process_pipeline - WARNING - Missing odds file: data\extracted\Italy\Coppa Italia\2021\odds.csv
2025-09-03 20:41:42,557 - src.process_pipeline - INFO - Successfully merged 45 records with team statistics
2025-09-03 20:41:42,561 - src.process_pipeline - INFO - Saved merged data to data\processed\Italy\Coppa Italia\2021\merged_2021.csv
2025-09-03 20:41:42,561 - src.process_pipeline - INFO - Successfully merged 45 records
2025-09-03 20:41:42,565 - src.process_pipeline - INFO - Processing Italy/Coppa Italia/2022
2025-09-03 20:41:42,571 - src.process_pipeline - WARNING - Missing odds file: data\extracted\Italy\Coppa Italia\2022\odds.csv
2025-09-03 20:41:42,579 - src.process_pipeline - INFO - Successfully merged 41 records with team statistics
2025-09-03 20:41:42,582 - src.process_pipeline - INFO - Saved merged data to data\processed\Italy\Coppa Italia\2022\merged_2022.csv
2025-09-03 20:41:42,582 - src.process_pipeline - INFO - Successfully merged 41 records
2025-09-03 20:41:42,588 - src.process_pipeline - INFO - Processing Italy/Coppa Italia/2023
2025-09-03 20:41:42,594 - src.process_pipeline - WARNING - Missing odds file: data\extracted\Italy\Coppa Italia\2023\odds.csv
2025-09-03 20:41:42,602 - src.process_pipeline - INFO - Successfully merged 45 records with team statistics
2025-09-03 20:41:42,605 - src.process_pipeline - INFO - Saved merged data to data\processed\Italy\Coppa Italia\2023\merged_2023.csv
2025-09-03 20:41:42,605 - src.process_pipeline - INFO - Successfully merged 45 records
2025-09-03 20:41:42,610 - src.process_pipeline - INFO - Processing Italy/Coppa Italia/2024
2025-09-03 20:41:42,616 - src.process_pipeline - WARNING - Missing odds file: data\extracted\Italy\Coppa Italia\2024\odds.csv
2025-09-03 20:41:42,624 - src.process_pipeline - INFO - Successfully merged 45 records with team statistics
2025-09-03 20:41:42,628 - src.process_pipeline - INFO - Saved merged data to data\processed\Italy\Coppa Italia\2024\merged_2024.csv
2025-09-03 20:41:42,629 - src.process_pipeline - INFO - Successfully merged 45 records
2025-09-03 20:41:42,633 - src.process_pipeline - INFO - Processing Italy/Coppa Italia/2025
2025-09-03 20:41:42,633 - src.process_pipeline - WARNING - Missing fixtures file: data\extracted\Italy\Coppa Italia\2025\fixture_events.csv
2025-09-03 20:41:42,633 - src.process_pipeline - INFO - Processing Italy/Serie A/2020
2025-09-03 20:41:42,644 - src.process_pipeline - WARNING - Missing odds file: data\extracted\Italy\Serie A\2020\odds.csv
2025-09-03 20:41:42,659 - src.process_pipeline - INFO - Successfully merged 380 records with team statistics
2025-09-03 20:41:42,677 - src.process_pipeline - INFO - Saved merged data to data\processed\Italy\Serie A\2020\merged_2020.csv
2025-09-03 20:41:42,677 - src.process_pipeline - INFO - Successfully merged 380 records
2025-09-03 20:41:42,686 - src.process_pipeline - INFO - Processing Italy/Serie A/2021
2025-09-03 20:41:42,706 - src.process_pipeline - WARNING - Missing odds file: data\extracted\Italy\Serie A\2021\odds.csv
2025-09-03 20:41:42,721 - src.process_pipeline - INFO - Successfully merged 380 records with team statistics
2025-09-03 20:41:42,742 - src.process_pipeline - INFO - Saved merged data to data\processed\Italy\Serie A\2021\merged_2021.csv
2025-09-03 20:41:42,742 - src.process_pipeline - INFO - Successfully merged 380 records
2025-09-03 20:41:42,749 - src.process_pipeline - INFO - Processing Italy/Serie A/2022
2025-09-03 20:41:42,771 - src.process_pipeline - WARNING - Missing odds file: data\extracted\Italy\Serie A\2022\odds.csv
2025-09-03 20:41:42,780 - src.process_pipeline - INFO - Successfully merged 370 records with team statistics
2025-09-03 20:41:42,794 - src.process_pipeline - INFO - Saved merged data to data\processed\Italy\Serie A\2022\merged_2022.csv
2025-09-03 20:41:42,794 - src.process_pipeline - INFO - Successfully merged 370 records
2025-09-03 20:41:42,798 - src.process_pipeline - INFO - Processing Italy/Serie A/2023
2025-09-03 20:41:42,809 - src.process_pipeline - WARNING - Missing odds file: data\extracted\Italy\Serie A\2023\odds.csv
2025-09-03 20:41:42,817 - src.process_pipeline - INFO - Successfully merged 379 records with team statistics
2025-09-03 20:41:42,829 - src.process_pipeline - INFO - Saved merged data to data\processed\Italy\Serie A\2023\merged_2023.csv
2025-09-03 20:41:42,829 - src.process_pipeline - INFO - Successfully merged 379 records
2025-09-03 20:41:42,834 - src.process_pipeline - INFO - Processing Italy/Serie A/2024
2025-09-03 20:41:42,844 - src.process_pipeline - WARNING - Missing odds file: data\extracted\Italy\Serie A\2024\odds.csv
2025-09-03 20:41:42,853 - src.process_pipeline - INFO - Successfully merged 380 records with team statistics
2025-09-03 20:41:42,868 - src.process_pipeline - INFO - Saved merged data to data\processed\Italy\Serie A\2024\merged_2024.csv
2025-09-03 20:41:42,869 - src.process_pipeline - INFO - Successfully merged 380 records
2025-09-03 20:41:42,874 - src.process_pipeline - INFO - Processing Italy/Serie A/2025
2025-09-03 20:41:42,882 - src.process_pipeline - INFO - Odds data found for Italy/Serie A/2025
2025-09-03 20:41:42,924 - src.process_pipeline - INFO - Added odds data for 18 fixtures
2025-09-03 20:41:42,924 - src.process_pipeline - INFO - Successfully merged 18 records with team statistics
2025-09-03 20:41:42,927 - src.process_pipeline - INFO - Saved merged data to data\processed\Italy\Serie A\2025\merged_2025.csv
2025-09-03 20:41:42,927 - src.process_pipeline - INFO - Successfully merged 18 records
2025-09-03 20:41:42,932 - src.process_pipeline - INFO - Processing Italy/Serie B/2020
2025-09-03 20:41:42,943 - src.process_pipeline - WARNING - Missing odds file: data\extracted\Italy\Serie B\2020\odds.csv
2025-09-03 20:41:42,952 - src.process_pipeline - INFO - Successfully merged 388 records with team statistics
2025-09-03 20:41:42,968 - src.process_pipeline - INFO - Saved merged data to data\processed\Italy\Serie B\2020\merged_2020.csv
2025-09-03 20:41:42,969 - src.process_pipeline - INFO - Successfully merged 388 records
2025-09-03 20:41:42,974 - src.process_pipeline - INFO - Processing Italy/Serie B/2021
2025-09-03 20:41:42,985 - src.process_pipeline - WARNING - Missing odds file: data\extracted\Italy\Serie B\2021\odds.csv
2025-09-03 20:41:42,993 - src.process_pipeline - INFO - Successfully merged 390 records with team statistics
2025-09-03 20:41:43,006 - src.process_pipeline - INFO - Saved merged data to data\processed\Italy\Serie B\2021\merged_2021.csv
2025-09-03 20:41:43,007 - src.process_pipeline - INFO - Successfully merged 390 records
2025-09-03 20:41:43,012 - src.process_pipeline - INFO - Processing Italy/Serie B/2022
2025-09-03 20:41:43,022 - src.process_pipeline - WARNING - Missing odds file: data\extracted\Italy\Serie B\2022\odds.csv
2025-09-03 20:41:43,030 - src.process_pipeline - INFO - Successfully merged 385 records with team statistics
2025-09-03 20:41:43,042 - src.process_pipeline - INFO - Saved merged data to data\processed\Italy\Serie B\2022\merged_2022.csv
2025-09-03 20:41:43,043 - src.process_pipeline - INFO - Successfully merged 385 records
2025-09-03 20:41:43,048 - src.process_pipeline - INFO - Processing Italy/Serie B/2023
2025-09-03 20:41:43,058 - src.process_pipeline - WARNING - Missing odds file: data\extracted\Italy\Serie B\2023\odds.csv
2025-09-03 20:41:43,067 - src.process_pipeline - INFO - Successfully merged 389 records with team statistics
2025-09-03 20:41:43,080 - src.process_pipeline - INFO - Saved merged data to data\processed\Italy\Serie B\2023\merged_2023.csv
2025-09-03 20:41:43,081 - src.process_pipeline - INFO - Successfully merged 389 records
2025-09-03 20:41:43,087 - src.process_pipeline - INFO - Processing Italy/Serie B/2024
2025-09-03 20:41:43,096 - src.process_pipeline - WARNING - Missing odds file: data\extracted\Italy\Serie B\2024\odds.csv
2025-09-03 20:41:43,105 - src.process_pipeline - INFO - Successfully merged 387 records with team statistics
2025-09-03 20:41:43,117 - src.process_pipeline - INFO - Saved merged data to data\processed\Italy\Serie B\2024\merged_2024.csv
2025-09-03 20:41:43,117 - src.process_pipeline - INFO - Successfully merged 387 records
2025-09-03 20:41:43,123 - src.process_pipeline - INFO - Processing Italy/Serie B/2025
2025-09-03 20:41:43,124 - src.process_pipeline - WARNING - Missing fixtures file: data\extracted\Italy\Serie B\2025\fixture_events.csv
2025-09-03 20:41:43,124 - src.process_pipeline - INFO - Starting preprocessing and feature engineering
2025-09-03 20:41:43,124 - src.process_pipeline - INFO - Initial data shape: (7740, 72)
2025-09-03 20:41:43,124 - src.process_pipeline - INFO - Cleaning data
2025-09-03 20:41:43,827 - src.process_pipeline - INFO - Adding competition info from league names
2025-09-03 20:41:43,882 - src.process_pipeline - INFO - Competition Distribution:
2025-09-03 20:41:43,882 - src.process_pipeline - INFO -   Cup matches: 251 (3.2%)
2025-09-03 20:41:43,882 - src.process_pipeline - INFO -   European matches: 3632 (47.0%)
2025-09-03 20:41:43,882 - src.process_pipeline - INFO -   League matches: 3844 (49.7%)
2025-09-03 20:41:43,883 - src.process_pipeline - INFO - Adding competition context
2025-09-03 20:41:44,613 - src.process_pipeline - INFO - Adding competition metrics
2025-09-03 20:41:44,961 - src.process_pipeline - INFO - Calculating proper standings for 7727 matches...
2025-09-03 20:41:45,564 - src.process_pipeline - INFO - Standings progress: 12.9% (1000/7727)
2025-09-03 20:41:46,216 - src.process_pipeline - INFO - Standings progress: 25.9% (2000/7727)
2025-09-03 20:41:46,792 - src.process_pipeline - INFO - Standings progress: 38.8% (3000/7727)
2025-09-03 20:41:47,397 - src.process_pipeline - INFO - Standings progress: 51.8% (4000/7727)
2025-09-03 20:41:47,973 - src.process_pipeline - INFO - Standings progress: 64.7% (5000/7727)
2025-09-03 20:41:48,549 - src.process_pipeline - INFO - Standings progress: 77.6% (6000/7727)
2025-09-03 20:41:49,326 - src.process_pipeline - INFO - Standings progress: 90.6% (7000/7727)
2025-09-03 20:41:49,882 - src.process_pipeline - INFO - Standings progress: 100.0% (7727/7727)
2025-09-03 20:41:50,651 - src.process_pipeline - INFO - Dropped 6 non rolled standings metrics
2025-09-03 20:41:58,732 - src.process_pipeline - INFO - Completed: Processing 7719 matches...
2025-09-03 20:42:04,103 - src.process_pipeline - INFO - H2H Progress: 10% (771/7719) - 5.4s
2025-09-03 20:42:13,194 - src.process_pipeline - INFO - H2H Progress: 20% (1542/7719) - 14.5s
2025-09-03 20:42:21,659 - src.process_pipeline - INFO - H2H Progress: 30% (2313/7719) - 22.9s
2025-09-03 20:42:32,331 - src.process_pipeline - INFO - H2H Progress: 40% (3084/7719) - 33.6s
2025-09-03 20:42:41,155 - src.process_pipeline - INFO - H2H Progress: 50% (3855/7719) - 42.4s
2025-09-03 20:42:52,624 - src.process_pipeline - INFO - H2H Progress: 60% (4626/7719) - 53.9s
2025-09-03 20:43:01,979 - src.process_pipeline - INFO - H2H Progress: 70% (5397/7719) - 63.2s
2025-09-03 20:43:14,208 - src.process_pipeline - INFO - H2H Progress: 80% (6168/7719) - 75.5s
2025-09-03 20:43:23,062 - src.process_pipeline - INFO - H2H Progress: 90% (6939/7719) - 84.3s
2025-09-03 20:43:33,906 - src.process_pipeline - INFO - H2H Progress: 100% (7710/7719) - 95.2s
2025-09-03 20:43:34,034 - src.process_pipeline - INFO - H2H Progress: 100% (7719/7719) - 95.3s
2025-09-03 20:43:34,041 - src.process_pipeline - INFO - Upcoming: Processing 8 matches...
2025-09-03 20:43:34,073 - src.process_pipeline - INFO - H2H Progress: 12% (1/8) - 0.0s
2025-09-03 20:43:34,090 - src.process_pipeline - INFO - H2H Progress: 25% (2/8) - 0.0s
2025-09-03 20:43:34,108 - src.process_pipeline - INFO - H2H Progress: 38% (3/8) - 0.1s
2025-09-03 20:43:34,111 - src.process_pipeline - INFO - H2H Progress: 50% (4/8) - 0.1s
2025-09-03 20:43:34,133 - src.process_pipeline - INFO - H2H Progress: 62% (5/8) - 0.1s
2025-09-03 20:43:34,153 - src.process_pipeline - INFO - H2H Progress: 75% (6/8) - 0.1s
2025-09-03 20:43:34,173 - src.process_pipeline - INFO - H2H Progress: 88% (7/8) - 0.1s
2025-09-03 20:43:34,194 - src.process_pipeline - INFO - H2H Progress: 100% (8/8) - 0.2s
2025-09-03 20:43:35,061 - src.process_pipeline - INFO - Dropped 36 original metrics
2025-09-03 20:43:35,077 - src.process_pipeline - INFO - Calculating rolling averages for 85 metrics with windows [5]
2025-09-03 20:43:53,829 - src.process_pipeline - INFO - Dropped 49 non rolled metrics
2025-09-03 20:43:53,830 - src.process_pipeline - INFO - Calculated rolling averages completed
2025-09-03 20:43:53,849 - src.process_pipeline - INFO - Final shape: (7727, 168)
2025-09-03 20:43:57,492 - src.process_pipeline - INFO - Saved H2H data with 11835 team pairs
2025-09-03 20:43:57,496 - src.process_pipeline - INFO - Saved standings data for 1964 teams
2025-09-03 20:43:57,496 - src.process_pipeline - INFO - Incremental processing complete. Total records: 7727
2025-09-03 20:43:57,496 - src.process_pipeline - INFO - New records processed: 7727
