2025-09-01 20:57:35,682 - src.process_pipeline - INFO - Logging initialized. Log file: logs/process\process_20250901_205735.log
2025-09-01 20:57:36,556 - src.process_pipeline - INFO - Loaded H2H data with 10532 team pairs
2025-09-01 20:57:36,564 - src.process_pipeline - INFO - Loaded standings data for 7622 teams
2025-09-01 20:57:37,505 - src.process_pipeline - INFO - Found 1 new fixtures in England/Championship/2018
2025-09-01 20:57:38,348 - src.process_pipeline - INFO - Processing England/Championship/2017
2025-09-01 20:57:38,366 - src.process_pipeline - WARNING - Missing odds file: data\extracted\England\Championship\2017\odds.csv
2025-09-01 20:57:38,376 - src.process_pipeline - INFO - No new fixtures in England/Championship/2017
2025-09-01 20:57:38,376 - src.process_pipeline - INFO - Processing England/Championship/2018
2025-09-01 20:57:38,390 - src.process_pipeline - WARNING - Missing odds file: data\extracted\England\Championship\2018\odds.csv
2025-09-01 20:57:38,405 - src.process_pipeline - ERROR - No home or away data found after splitting
2025-09-01 20:57:38,405 - src.process_pipeline - ERROR - Error processing England/Championship/2018: No home or away data found after splitting
2025-09-01 20:57:38,406 - src.process_pipeline - INFO - Processing England/Championship/2019
2025-09-01 20:57:38,417 - src.process_pipeline - WARNING - Missing odds file: data\extracted\England\Championship\2019\odds.csv
2025-09-01 20:57:38,423 - src.process_pipeline - INFO - No new fixtures in England/Championship/2019
2025-09-01 20:57:38,424 - src.process_pipeline - INFO - Processing England/Championship/2020
2025-09-01 20:57:38,439 - src.process_pipeline - WARNING - Missing odds file: data\extracted\England\Championship\2020\odds.csv
2025-09-01 20:57:38,445 - src.process_pipeline - INFO - No new fixtures in England/Championship/2020
2025-09-01 20:57:38,445 - src.process_pipeline - INFO - Processing England/Championship/2021
2025-09-01 20:57:38,458 - src.process_pipeline - WARNING - Missing odds file: data\extracted\England\Championship\2021\odds.csv
2025-09-01 20:57:38,464 - src.process_pipeline - INFO - No new fixtures in England/Championship/2021
2025-09-01 20:57:38,465 - src.process_pipeline - INFO - Processing England/Championship/2022
2025-09-01 20:57:38,477 - src.process_pipeline - WARNING - Missing odds file: data\extracted\England\Championship\2022\odds.csv
2025-09-01 20:57:38,483 - src.process_pipeline - INFO - No new fixtures in England/Championship/2022
2025-09-01 20:57:38,483 - src.process_pipeline - INFO - Processing England/Championship/2023
2025-09-01 20:57:38,497 - src.process_pipeline - WARNING - Missing odds file: data\extracted\England\Championship\2023\odds.csv
2025-09-01 20:57:38,503 - src.process_pipeline - INFO - No new fixtures in England/Championship/2023
2025-09-01 20:57:38,503 - src.process_pipeline - INFO - Processing England/Championship/2024
2025-09-01 20:57:38,516 - src.process_pipeline - WARNING - Missing odds file: data\extracted\England\Championship\2024\odds.csv
2025-09-01 20:57:38,525 - src.process_pipeline - INFO - No new fixtures in England/Championship/2024
2025-09-01 20:57:38,526 - src.process_pipeline - INFO - Processing England/Championship/2025
2025-09-01 20:57:38,536 - src.process_pipeline - INFO - Odds data found for England/Championship/2025
2025-09-01 20:57:38,544 - src.process_pipeline - INFO - No new fixtures in England/Championship/2025
2025-09-01 20:57:38,544 - src.process_pipeline - INFO - Processing England/EFL Trophy/2021
2025-09-01 20:57:38,557 - src.process_pipeline - WARNING - Missing odds file: data\extracted\England\EFL Trophy\2021\odds.csv
2025-09-01 20:57:38,576 - src.process_pipeline - INFO - No new fixtures in England/EFL Trophy/2021
2025-09-01 20:57:38,577 - src.process_pipeline - INFO - Processing England/EFL Trophy/2022
2025-09-01 20:57:38,590 - src.process_pipeline - WARNING - Missing odds file: data\extracted\England\EFL Trophy\2022\odds.csv
2025-09-01 20:57:38,601 - src.process_pipeline - INFO - No new fixtures in England/EFL Trophy/2022
2025-09-01 20:57:38,603 - src.process_pipeline - INFO - Processing England/EFL Trophy/2023
2025-09-01 20:57:38,612 - src.process_pipeline - WARNING - Missing odds file: data\extracted\England\EFL Trophy\2023\odds.csv
2025-09-01 20:57:38,629 - src.process_pipeline - INFO - No new fixtures in England/EFL Trophy/2023
2025-09-01 20:57:38,630 - src.process_pipeline - INFO - Processing England/EFL Trophy/2024
2025-09-01 20:57:38,639 - src.process_pipeline - WARNING - Missing odds file: data\extracted\England\EFL Trophy\2024\odds.csv
2025-09-01 20:57:38,646 - src.process_pipeline - INFO - No new fixtures in England/EFL Trophy/2024
2025-09-01 20:57:38,647 - src.process_pipeline - INFO - Processing England/FA Cup/2018
2025-09-01 20:57:38,656 - src.process_pipeline - WARNING - Missing odds file: data\extracted\England\FA Cup\2018\odds.csv
2025-09-01 20:57:38,668 - src.process_pipeline - INFO - No new fixtures in England/FA Cup/2018
2025-09-01 20:57:38,668 - src.process_pipeline - INFO - Processing England/FA Cup/2019
2025-09-01 20:57:38,677 - src.process_pipeline - WARNING - Missing odds file: data\extracted\England\FA Cup\2019\odds.csv
2025-09-01 20:57:38,684 - src.process_pipeline - INFO - No new fixtures in England/FA Cup/2019
2025-09-01 20:57:38,684 - src.process_pipeline - INFO - Processing England/FA Cup/2020
2025-09-01 20:57:38,690 - src.process_pipeline - WARNING - Missing odds file: data\extracted\England\FA Cup\2020\odds.csv
2025-09-01 20:57:38,697 - src.process_pipeline - INFO - No new fixtures in England/FA Cup/2020
2025-09-01 20:57:38,698 - src.process_pipeline - INFO - Processing England/FA Cup/2021
2025-09-01 20:57:38,709 - src.process_pipeline - WARNING - Missing odds file: data\extracted\England\FA Cup\2021\odds.csv
2025-09-01 20:57:38,718 - src.process_pipeline - INFO - No new fixtures in England/FA Cup/2021
2025-09-01 20:57:38,718 - src.process_pipeline - INFO - Processing England/FA Cup/2022
2025-09-01 20:57:38,727 - src.process_pipeline - WARNING - Missing odds file: data\extracted\England\FA Cup\2022\odds.csv
2025-09-01 20:57:38,733 - src.process_pipeline - INFO - No new fixtures in England/FA Cup/2022
2025-09-01 20:57:38,733 - src.process_pipeline - INFO - Processing England/FA Cup/2023
2025-09-01 20:57:38,741 - src.process_pipeline - WARNING - Missing odds file: data\extracted\England\FA Cup\2023\odds.csv
2025-09-01 20:57:38,748 - src.process_pipeline - INFO - No new fixtures in England/FA Cup/2023
2025-09-01 20:57:38,749 - src.process_pipeline - INFO - Processing England/FA Cup/2024
2025-09-01 20:57:38,756 - src.process_pipeline - WARNING - Missing odds file: data\extracted\England\FA Cup\2024\odds.csv
2025-09-01 20:57:38,763 - src.process_pipeline - INFO - No new fixtures in England/FA Cup/2024
2025-09-01 20:57:38,763 - src.process_pipeline - INFO - Processing England/FA Trophy/2023
2025-09-01 20:57:38,763 - src.process_pipeline - WARNING - Missing team stats file: data\extracted\England\FA Trophy\2023\team_statistics.csv
2025-09-01 20:57:38,764 - src.process_pipeline - INFO - Processing England/FA Trophy/2024
2025-09-01 20:57:38,764 - src.process_pipeline - WARNING - Missing fixtures file: data\extracted\England\FA Trophy\2024\fixture_events.csv
2025-09-01 20:57:38,764 - src.process_pipeline - INFO - Processing England/Premier League/2018
2025-09-01 20:57:38,776 - src.process_pipeline - WARNING - Missing odds file: data\extracted\England\Premier League\2018\odds.csv
2025-09-01 20:57:38,784 - src.process_pipeline - INFO - No new fixtures in England/Premier League/2018
2025-09-01 20:57:38,785 - src.process_pipeline - INFO - Processing England/Premier League/2019
2025-09-01 20:57:38,795 - src.process_pipeline - WARNING - Missing odds file: data\extracted\England\Premier League\2019\odds.csv
2025-09-01 20:57:38,803 - src.process_pipeline - INFO - No new fixtures in England/Premier League/2019
2025-09-01 20:57:38,804 - src.process_pipeline - INFO - Processing England/Premier League/2020
2025-09-01 20:57:38,815 - src.process_pipeline - WARNING - Missing odds file: data\extracted\England\Premier League\2020\odds.csv
2025-09-01 20:57:38,824 - src.process_pipeline - INFO - No new fixtures in England/Premier League/2020
2025-09-01 20:57:38,825 - src.process_pipeline - INFO - Processing England/Premier League/2021
2025-09-01 20:57:38,836 - src.process_pipeline - WARNING - Missing odds file: data\extracted\England\Premier League\2021\odds.csv
2025-09-01 20:57:38,844 - src.process_pipeline - INFO - No new fixtures in England/Premier League/2021
2025-09-01 20:57:38,845 - src.process_pipeline - INFO - Processing England/Premier League/2022
2025-09-01 20:57:38,856 - src.process_pipeline - WARNING - Missing odds file: data\extracted\England\Premier League\2022\odds.csv
2025-09-01 20:57:38,863 - src.process_pipeline - INFO - No new fixtures in England/Premier League/2022
2025-09-01 20:57:38,864 - src.process_pipeline - INFO - Processing England/Premier League/2023
2025-09-01 20:57:38,876 - src.process_pipeline - WARNING - Missing odds file: data\extracted\England\Premier League\2023\odds.csv
2025-09-01 20:57:38,883 - src.process_pipeline - INFO - No new fixtures in England/Premier League/2023
2025-09-01 20:57:38,883 - src.process_pipeline - INFO - Processing England/Premier League/2024
2025-09-01 20:57:38,894 - src.process_pipeline - WARNING - Missing odds file: data\extracted\England\Premier League\2024\odds.csv
2025-09-01 20:57:38,900 - src.process_pipeline - INFO - No new fixtures in England/Premier League/2024
2025-09-01 20:57:38,901 - src.process_pipeline - INFO - Processing England/Premier League/2025
2025-09-01 20:57:38,909 - src.process_pipeline - INFO - Odds data found for England/Premier League/2025
2025-09-01 20:57:38,916 - src.process_pipeline - INFO - No new fixtures in England/Premier League/2025
2025-09-01 20:57:38,916 - src.process_pipeline - INFO - Processing Europe/Champions League/2018
2025-09-01 20:57:38,924 - src.process_pipeline - WARNING - Missing odds file: data\extracted\Europe\Champions League\2018\odds.csv
2025-09-01 20:57:38,931 - src.process_pipeline - INFO - No new fixtures in Europe/Champions League/2018
2025-09-01 20:57:38,931 - src.process_pipeline - INFO - Processing Europe/Champions League/2019
2025-09-01 20:57:38,938 - src.process_pipeline - WARNING - Missing odds file: data\extracted\Europe\Champions League\2019\odds.csv
2025-09-01 20:57:38,944 - src.process_pipeline - INFO - No new fixtures in Europe/Champions League/2019
2025-09-01 20:57:38,945 - src.process_pipeline - INFO - Processing Europe/Champions League/2020
2025-09-01 20:57:38,952 - src.process_pipeline - WARNING - Missing odds file: data\extracted\Europe\Champions League\2020\odds.csv
2025-09-01 20:57:38,964 - src.process_pipeline - ERROR - No home or away data found after splitting
2025-09-01 20:57:38,964 - src.process_pipeline - ERROR - Error processing Europe/Champions League/2020: No home or away data found after splitting
2025-09-01 20:57:38,964 - src.process_pipeline - INFO - Processing Europe/Champions League/2021
2025-09-01 20:57:38,972 - src.process_pipeline - WARNING - Missing odds file: data\extracted\Europe\Champions League\2021\odds.csv
2025-09-01 20:57:38,978 - src.process_pipeline - INFO - No new fixtures in Europe/Champions League/2021
2025-09-01 20:57:38,979 - src.process_pipeline - INFO - Processing Europe/Champions League/2022
2025-09-01 20:57:38,986 - src.process_pipeline - WARNING - Missing odds file: data\extracted\Europe\Champions League\2022\odds.csv
2025-09-01 20:57:38,993 - src.process_pipeline - INFO - No new fixtures in Europe/Champions League/2022
2025-09-01 20:57:38,994 - src.process_pipeline - INFO - Processing Europe/Champions League/2023
2025-09-01 20:57:39,002 - src.process_pipeline - WARNING - Missing odds file: data\extracted\Europe\Champions League\2023\odds.csv
2025-09-01 20:57:39,009 - src.process_pipeline - INFO - No new fixtures in Europe/Champions League/2023
2025-09-01 20:57:39,009 - src.process_pipeline - INFO - Processing Europe/Champions League/2024
2025-09-01 20:57:39,019 - src.process_pipeline - WARNING - Missing odds file: data\extracted\Europe\Champions League\2024\odds.csv
2025-09-01 20:57:39,026 - src.process_pipeline - INFO - No new fixtures in Europe/Champions League/2024
2025-09-01 20:57:39,026 - src.process_pipeline - INFO - Processing Europe/Champions League/2025
2025-09-01 20:57:39,033 - src.process_pipeline - INFO - Odds data found for Europe/Champions League/2025
2025-09-01 20:57:39,039 - src.process_pipeline - INFO - No new fixtures in Europe/Champions League/2025
2025-09-01 20:57:39,040 - src.process_pipeline - INFO - Processing Europe/Conference League/2021
2025-09-01 20:57:39,050 - src.process_pipeline - WARNING - Missing odds file: data\extracted\Europe\Conference League\2021\odds.csv
2025-09-01 20:57:39,059 - src.process_pipeline - ERROR - No home or away data found after splitting
2025-09-01 20:57:39,060 - src.process_pipeline - ERROR - Error processing Europe/Conference League/2021: No home or away data found after splitting
2025-09-01 20:57:39,060 - src.process_pipeline - INFO - Processing Europe/Conference League/2022
2025-09-01 20:57:39,070 - src.process_pipeline - WARNING - Missing odds file: data\extracted\Europe\Conference League\2022\odds.csv
2025-09-01 20:57:39,077 - src.process_pipeline - INFO - No new fixtures in Europe/Conference League/2022
2025-09-01 20:57:39,077 - src.process_pipeline - INFO - Processing Europe/Conference League/2023
2025-09-01 20:57:39,088 - src.process_pipeline - WARNING - Missing odds file: data\extracted\Europe\Conference League\2023\odds.csv
2025-09-01 20:57:39,094 - src.process_pipeline - INFO - No new fixtures in Europe/Conference League/2023
2025-09-01 20:57:39,094 - src.process_pipeline - INFO - Processing Europe/Conference League/2024
2025-09-01 20:57:39,095 - src.process_pipeline - WARNING - Missing team stats file: data\extracted\Europe\Conference League\2024\team_statistics.csv
2025-09-01 20:57:39,095 - src.process_pipeline - INFO - Processing Europe/Conference League/2025
2025-09-01 20:57:39,102 - src.process_pipeline - INFO - Odds data found for Europe/Conference League/2025
2025-09-01 20:57:39,108 - src.process_pipeline - INFO - No new fixtures in Europe/Conference League/2025
2025-09-01 20:57:39,108 - src.process_pipeline - INFO - Processing Europe/Europa League/2018
2025-09-01 20:57:39,117 - src.process_pipeline - WARNING - Missing odds file: data\extracted\Europe\Europa League\2018\odds.csv
2025-09-01 20:57:39,123 - src.process_pipeline - INFO - No new fixtures in Europe/Europa League/2018
2025-09-01 20:57:39,124 - src.process_pipeline - INFO - Processing Europe/Europa League/2019
2025-09-01 20:57:39,133 - src.process_pipeline - WARNING - Missing odds file: data\extracted\Europe\Europa League\2019\odds.csv
2025-09-01 20:57:39,139 - src.process_pipeline - INFO - No new fixtures in Europe/Europa League/2019
2025-09-01 20:57:39,140 - src.process_pipeline - INFO - Processing Europe/Europa League/2020
2025-09-01 20:57:39,149 - src.process_pipeline - WARNING - Missing odds file: data\extracted\Europe\Europa League\2020\odds.csv
2025-09-01 20:57:39,158 - src.process_pipeline - ERROR - No home or away data found after splitting
2025-09-01 20:57:39,159 - src.process_pipeline - ERROR - Error processing Europe/Europa League/2020: No home or away data found after splitting
2025-09-01 20:57:39,159 - src.process_pipeline - INFO - Processing Europe/Europa League/2021
2025-09-01 20:57:39,165 - src.process_pipeline - WARNING - Missing odds file: data\extracted\Europe\Europa League\2021\odds.csv
2025-09-01 20:57:39,176 - src.process_pipeline - ERROR - No home or away data found after splitting
2025-09-01 20:57:39,176 - src.process_pipeline - ERROR - Error processing Europe/Europa League/2021: No home or away data found after splitting
2025-09-01 20:57:39,177 - src.process_pipeline - INFO - Processing Europe/Europa League/2022
2025-09-01 20:57:39,185 - src.process_pipeline - WARNING - Missing odds file: data\extracted\Europe\Europa League\2022\odds.csv
2025-09-01 20:57:39,194 - src.process_pipeline - INFO - No new fixtures in Europe/Europa League/2022
2025-09-01 20:57:39,195 - src.process_pipeline - INFO - Processing Europe/Europa League/2023
2025-09-01 20:57:39,203 - src.process_pipeline - WARNING - Missing odds file: data\extracted\Europe\Europa League\2023\odds.csv
2025-09-01 20:57:39,211 - src.process_pipeline - INFO - No new fixtures in Europe/Europa League/2023
2025-09-01 20:57:39,211 - src.process_pipeline - INFO - Processing Europe/Europa League/2024
2025-09-01 20:57:39,222 - src.process_pipeline - WARNING - Missing odds file: data\extracted\Europe\Europa League\2024\odds.csv
2025-09-01 20:57:39,229 - src.process_pipeline - INFO - No new fixtures in Europe/Europa League/2024
2025-09-01 20:57:39,230 - src.process_pipeline - INFO - Processing Europe/Europa League/2025
2025-09-01 20:57:39,237 - src.process_pipeline - INFO - Odds data found for Europe/Europa League/2025
2025-09-01 20:57:39,244 - src.process_pipeline - INFO - No new fixtures in Europe/Europa League/2025
2025-09-01 20:57:39,245 - src.process_pipeline - INFO - Processing France/Coupe de France/2018
2025-09-01 20:57:39,252 - src.process_pipeline - WARNING - Missing odds file: data\extracted\France\Coupe de France\2018\odds.csv
2025-09-01 20:57:39,258 - src.process_pipeline - INFO - No new fixtures in France/Coupe de France/2018
2025-09-01 20:57:39,258 - src.process_pipeline - INFO - Processing France/Coupe de France/2019
2025-09-01 20:57:39,264 - src.process_pipeline - WARNING - Missing odds file: data\extracted\France\Coupe de France\2019\odds.csv
2025-09-01 20:57:39,270 - src.process_pipeline - INFO - No new fixtures in France/Coupe de France/2019
2025-09-01 20:57:39,271 - src.process_pipeline - INFO - Processing France/Coupe de France/2020
2025-09-01 20:57:39,277 - src.process_pipeline - WARNING - Missing odds file: data\extracted\France\Coupe de France\2020\odds.csv
2025-09-01 20:57:39,283 - src.process_pipeline - INFO - No new fixtures in France/Coupe de France/2020
2025-09-01 20:57:39,283 - src.process_pipeline - INFO - Processing France/Coupe de France/2021
2025-09-01 20:57:39,290 - src.process_pipeline - WARNING - Missing odds file: data\extracted\France\Coupe de France\2021\odds.csv
2025-09-01 20:57:39,303 - src.process_pipeline - INFO - Successfully merged 5 records with team statistics
2025-09-01 20:57:39,307 - src.process_pipeline - INFO - Saved merged data to data\processed\France\Coupe de France\2021\merged_2021.csv
2025-09-01 20:57:39,307 - src.process_pipeline - INFO - Successfully merged 5 records
2025-09-01 20:57:39,308 - src.process_pipeline - INFO - Processing France/Coupe de France/2022
2025-09-01 20:57:39,316 - src.process_pipeline - WARNING - Missing odds file: data\extracted\France\Coupe de France\2022\odds.csv
2025-09-01 20:57:39,322 - src.process_pipeline - INFO - No new fixtures in France/Coupe de France/2022
2025-09-01 20:57:39,323 - src.process_pipeline - INFO - Processing France/Coupe de France/2023
2025-09-01 20:57:39,330 - src.process_pipeline - WARNING - Missing odds file: data\extracted\France\Coupe de France\2023\odds.csv
2025-09-01 20:57:39,337 - src.process_pipeline - INFO - No new fixtures in France/Coupe de France/2023
2025-09-01 20:57:39,337 - src.process_pipeline - INFO - Processing France/Coupe de France/2024
2025-09-01 20:57:39,345 - src.process_pipeline - WARNING - Missing odds file: data\extracted\France\Coupe de France\2024\odds.csv
2025-09-01 20:57:39,359 - src.process_pipeline - ERROR - No home or away data found after splitting
2025-09-01 20:57:39,359 - src.process_pipeline - ERROR - Error processing France/Coupe de France/2024: No home or away data found after splitting
2025-09-01 20:57:39,360 - src.process_pipeline - INFO - Processing France/Ligue 1/2018
2025-09-01 20:57:39,372 - src.process_pipeline - WARNING - Missing odds file: data\extracted\France\Ligue 1\2018\odds.csv
2025-09-01 20:57:39,378 - src.process_pipeline - INFO - No new fixtures in France/Ligue 1/2018
2025-09-01 20:57:39,379 - src.process_pipeline - INFO - Processing France/Ligue 1/2019
2025-09-01 20:57:39,389 - src.process_pipeline - WARNING - Missing odds file: data\extracted\France\Ligue 1\2019\odds.csv
2025-09-01 20:57:39,400 - src.process_pipeline - ERROR - No home or away data found after splitting
2025-09-01 20:57:39,400 - src.process_pipeline - ERROR - Error processing France/Ligue 1/2019: No home or away data found after splitting
2025-09-01 20:57:39,401 - src.process_pipeline - INFO - Processing France/Ligue 1/2020
2025-09-01 20:57:39,411 - src.process_pipeline - WARNING - Missing odds file: data\extracted\France\Ligue 1\2020\odds.csv
2025-09-01 20:57:39,418 - src.process_pipeline - INFO - No new fixtures in France/Ligue 1/2020
2025-09-01 20:57:39,419 - src.process_pipeline - INFO - Processing France/Ligue 1/2021
2025-09-01 20:57:39,430 - src.process_pipeline - WARNING - Missing odds file: data\extracted\France\Ligue 1\2021\odds.csv
2025-09-01 20:57:39,436 - src.process_pipeline - INFO - No new fixtures in France/Ligue 1/2021
2025-09-01 20:57:39,437 - src.process_pipeline - INFO - Processing France/Ligue 1/2022
2025-09-01 20:57:39,447 - src.process_pipeline - WARNING - Missing odds file: data\extracted\France\Ligue 1\2022\odds.csv
2025-09-01 20:57:39,454 - src.process_pipeline - INFO - No new fixtures in France/Ligue 1/2022
2025-09-01 20:57:39,455 - src.process_pipeline - INFO - Processing France/Ligue 1/2023
2025-09-01 20:57:39,465 - src.process_pipeline - WARNING - Missing odds file: data\extracted\France\Ligue 1\2023\odds.csv
2025-09-01 20:57:39,472 - src.process_pipeline - INFO - No new fixtures in France/Ligue 1/2023
2025-09-01 20:57:39,473 - src.process_pipeline - INFO - Processing France/Ligue 1/2024
2025-09-01 20:57:39,483 - src.process_pipeline - WARNING - Missing odds file: data\extracted\France\Ligue 1\2024\odds.csv
2025-09-01 20:57:39,491 - src.process_pipeline - INFO - No new fixtures in France/Ligue 1/2024
2025-09-01 20:57:39,491 - src.process_pipeline - INFO - Processing France/Ligue 1/2025
2025-09-01 20:57:39,498 - src.process_pipeline - INFO - Odds data found for France/Ligue 1/2025
2025-09-01 20:57:39,505 - src.process_pipeline - INFO - No new fixtures in France/Ligue 1/2025
2025-09-01 20:57:39,505 - src.process_pipeline - INFO - Processing France/Ligue 2/2018
2025-09-01 20:57:39,514 - src.process_pipeline - WARNING - Missing odds file: data\extracted\France\Ligue 2\2018\odds.csv
2025-09-01 20:57:39,520 - src.process_pipeline - INFO - No new fixtures in France/Ligue 2/2018
2025-09-01 20:57:39,521 - src.process_pipeline - INFO - Processing France/Ligue 2/2019
2025-09-01 20:57:39,529 - src.process_pipeline - WARNING - Missing odds file: data\extracted\France\Ligue 2\2019\odds.csv
2025-09-01 20:57:39,539 - src.process_pipeline - ERROR - No home or away data found after splitting
2025-09-01 20:57:39,539 - src.process_pipeline - ERROR - Error processing France/Ligue 2/2019: No home or away data found after splitting
2025-09-01 20:57:39,540 - src.process_pipeline - INFO - Processing France/Ligue 2/2020
2025-09-01 20:57:39,550 - src.process_pipeline - WARNING - Missing odds file: data\extracted\France\Ligue 2\2020\odds.csv
2025-09-01 20:57:39,561 - src.process_pipeline - ERROR - No home or away data found after splitting
2025-09-01 20:57:39,561 - src.process_pipeline - ERROR - Error processing France/Ligue 2/2020: No home or away data found after splitting
2025-09-01 20:57:39,562 - src.process_pipeline - INFO - Processing France/Ligue 2/2021
2025-09-01 20:57:39,571 - src.process_pipeline - WARNING - Missing odds file: data\extracted\France\Ligue 2\2021\odds.csv
2025-09-01 20:57:39,585 - src.process_pipeline - INFO - Successfully merged 1 records with team statistics
2025-09-01 20:57:39,587 - src.process_pipeline - INFO - Saved merged data to data\processed\France\Ligue 2\2021\merged_2021.csv
2025-09-01 20:57:39,587 - src.process_pipeline - INFO - Successfully merged 1 records
2025-09-01 20:57:39,590 - src.process_pipeline - INFO - Processing France/Ligue 2/2022
2025-09-01 20:57:39,598 - src.process_pipeline - WARNING - Missing odds file: data\extracted\France\Ligue 2\2022\odds.csv
2025-09-01 20:57:39,605 - src.process_pipeline - INFO - No new fixtures in France/Ligue 2/2022
2025-09-01 20:57:39,606 - src.process_pipeline - INFO - Processing France/Ligue 2/2023
2025-09-01 20:57:39,616 - src.process_pipeline - WARNING - Missing odds file: data\extracted\France\Ligue 2\2023\odds.csv
2025-09-01 20:57:39,622 - src.process_pipeline - INFO - No new fixtures in France/Ligue 2/2023
2025-09-01 20:57:39,623 - src.process_pipeline - INFO - Processing France/Ligue 2/2024
2025-09-01 20:57:39,632 - src.process_pipeline - WARNING - Missing odds file: data\extracted\France\Ligue 2\2024\odds.csv
2025-09-01 20:57:39,638 - src.process_pipeline - INFO - No new fixtures in France/Ligue 2/2024
2025-09-01 20:57:39,638 - src.process_pipeline - INFO - Processing France/Ligue 2/2025
2025-09-01 20:57:39,644 - src.process_pipeline - INFO - Odds data found for France/Ligue 2/2025
2025-09-01 20:57:39,650 - src.process_pipeline - INFO - No new fixtures in France/Ligue 2/2025
2025-09-01 20:57:39,651 - src.process_pipeline - INFO - Processing Germany/2. Bundesliga/2017
2025-09-01 20:57:39,651 - src.process_pipeline - WARNING - Missing fixtures file: data\extracted\Germany\2. Bundesliga\2017\fixture_events.csv
2025-09-01 20:57:39,651 - src.process_pipeline - INFO - Processing Germany/2. Bundesliga/2018
2025-09-01 20:57:39,660 - src.process_pipeline - WARNING - Missing odds file: data\extracted\Germany\2. Bundesliga\2018\odds.csv
2025-09-01 20:57:39,666 - src.process_pipeline - INFO - No new fixtures in Germany/2. Bundesliga/2018
2025-09-01 20:57:39,667 - src.process_pipeline - INFO - Processing Germany/2. Bundesliga/2019
2025-09-01 20:57:39,674 - src.process_pipeline - WARNING - Missing odds file: data\extracted\Germany\2. Bundesliga\2019\odds.csv
2025-09-01 20:57:39,680 - src.process_pipeline - INFO - No new fixtures in Germany/2. Bundesliga/2019
2025-09-01 20:57:39,681 - src.process_pipeline - INFO - Processing Germany/2. Bundesliga/2020
2025-09-01 20:57:39,689 - src.process_pipeline - WARNING - Missing odds file: data\extracted\Germany\2. Bundesliga\2020\odds.csv
2025-09-01 20:57:39,695 - src.process_pipeline - INFO - No new fixtures in Germany/2. Bundesliga/2020
2025-09-01 20:57:39,696 - src.process_pipeline - INFO - Processing Germany/2. Bundesliga/2021
2025-09-01 20:57:39,705 - src.process_pipeline - WARNING - Missing odds file: data\extracted\Germany\2. Bundesliga\2021\odds.csv
2025-09-01 20:57:39,711 - src.process_pipeline - INFO - No new fixtures in Germany/2. Bundesliga/2021
2025-09-01 20:57:39,712 - src.process_pipeline - INFO - Processing Germany/2. Bundesliga/2022
2025-09-01 20:57:39,721 - src.process_pipeline - WARNING - Missing odds file: data\extracted\Germany\2. Bundesliga\2022\odds.csv
2025-09-01 20:57:39,727 - src.process_pipeline - INFO - No new fixtures in Germany/2. Bundesliga/2022
2025-09-01 20:57:39,727 - src.process_pipeline - INFO - Processing Germany/2. Bundesliga/2023
2025-09-01 20:57:39,737 - src.process_pipeline - WARNING - Missing odds file: data\extracted\Germany\2. Bundesliga\2023\odds.csv
2025-09-01 20:57:39,744 - src.process_pipeline - INFO - No new fixtures in Germany/2. Bundesliga/2023
2025-09-01 20:57:39,745 - src.process_pipeline - INFO - Processing Germany/2. Bundesliga/2024
2025-09-01 20:57:39,755 - src.process_pipeline - WARNING - Missing odds file: data\extracted\Germany\2. Bundesliga\2024\odds.csv
2025-09-01 20:57:39,762 - src.process_pipeline - INFO - No new fixtures in Germany/2. Bundesliga/2024
2025-09-01 20:57:39,762 - src.process_pipeline - INFO - Processing Germany/2. Bundesliga/2025
2025-09-01 20:57:39,767 - src.process_pipeline - WARNING - Missing odds file: data\extracted\Germany\2. Bundesliga\2025\odds.csv
2025-09-01 20:57:39,774 - src.process_pipeline - INFO - No new fixtures in Germany/2. Bundesliga/2025
2025-09-01 20:57:39,775 - src.process_pipeline - INFO - Processing Germany/Bundesliga/2018
2025-09-01 20:57:39,785 - src.process_pipeline - WARNING - Missing odds file: data\extracted\Germany\Bundesliga\2018\odds.csv
2025-09-01 20:57:39,792 - src.process_pipeline - INFO - No new fixtures in Germany/Bundesliga/2018
2025-09-01 20:57:39,793 - src.process_pipeline - INFO - Processing Germany/Bundesliga/2019
2025-09-01 20:57:39,801 - src.process_pipeline - WARNING - Missing odds file: data\extracted\Germany\Bundesliga\2019\odds.csv
2025-09-01 20:57:39,809 - src.process_pipeline - INFO - No new fixtures in Germany/Bundesliga/2019
2025-09-01 20:57:39,809 - src.process_pipeline - INFO - Processing Germany/Bundesliga/2020
2025-09-01 20:57:39,817 - src.process_pipeline - WARNING - Missing odds file: data\extracted\Germany\Bundesliga\2020\odds.csv
2025-09-01 20:57:39,823 - src.process_pipeline - INFO - No new fixtures in Germany/Bundesliga/2020
2025-09-01 20:57:39,824 - src.process_pipeline - INFO - Processing Germany/Bundesliga/2021
2025-09-01 20:57:39,833 - src.process_pipeline - WARNING - Missing odds file: data\extracted\Germany\Bundesliga\2021\odds.csv
2025-09-01 20:57:39,839 - src.process_pipeline - INFO - No new fixtures in Germany/Bundesliga/2021
2025-09-01 20:57:39,839 - src.process_pipeline - INFO - Processing Germany/Bundesliga/2022
2025-09-01 20:57:39,847 - src.process_pipeline - WARNING - Missing odds file: data\extracted\Germany\Bundesliga\2022\odds.csv
2025-09-01 20:57:39,853 - src.process_pipeline - INFO - No new fixtures in Germany/Bundesliga/2022
2025-09-01 20:57:39,854 - src.process_pipeline - INFO - Processing Germany/Bundesliga/2023
2025-09-01 20:57:39,862 - src.process_pipeline - WARNING - Missing odds file: data\extracted\Germany\Bundesliga\2023\odds.csv
2025-09-01 20:57:39,868 - src.process_pipeline - INFO - No new fixtures in Germany/Bundesliga/2023
2025-09-01 20:57:39,869 - src.process_pipeline - INFO - Processing Germany/Bundesliga/2024
2025-09-01 20:57:39,878 - src.process_pipeline - WARNING - Missing odds file: data\extracted\Germany\Bundesliga\2024\odds.csv
2025-09-01 20:57:39,884 - src.process_pipeline - INFO - No new fixtures in Germany/Bundesliga/2024
2025-09-01 20:57:39,885 - src.process_pipeline - INFO - Processing Germany/Bundesliga/2025
2025-09-01 20:57:39,892 - src.process_pipeline - INFO - Odds data found for Germany/Bundesliga/2025
2025-09-01 20:57:39,898 - src.process_pipeline - INFO - No new fixtures in Germany/Bundesliga/2025
2025-09-01 20:57:39,898 - src.process_pipeline - INFO - Processing Germany/DFB Pokal/2018
2025-09-01 20:57:39,904 - src.process_pipeline - WARNING - Missing odds file: data\extracted\Germany\DFB Pokal\2018\odds.csv
2025-09-01 20:57:39,910 - src.process_pipeline - INFO - No new fixtures in Germany/DFB Pokal/2018
2025-09-01 20:57:39,910 - src.process_pipeline - INFO - Processing Germany/DFB Pokal/2019
2025-09-01 20:57:39,915 - src.process_pipeline - WARNING - Missing odds file: data\extracted\Germany\DFB Pokal\2019\odds.csv
2025-09-01 20:57:39,922 - src.process_pipeline - INFO - No new fixtures in Germany/DFB Pokal/2019
2025-09-01 20:57:39,922 - src.process_pipeline - INFO - Processing Germany/DFB Pokal/2020
2025-09-01 20:57:39,927 - src.process_pipeline - WARNING - Missing odds file: data\extracted\Germany\DFB Pokal\2020\odds.csv
2025-09-01 20:57:39,933 - src.process_pipeline - INFO - No new fixtures in Germany/DFB Pokal/2020
2025-09-01 20:57:39,934 - src.process_pipeline - INFO - Processing Germany/DFB Pokal/2021
2025-09-01 20:57:39,939 - src.process_pipeline - WARNING - Missing odds file: data\extracted\Germany\DFB Pokal\2021\odds.csv
2025-09-01 20:57:39,946 - src.process_pipeline - INFO - No new fixtures in Germany/DFB Pokal/2021
2025-09-01 20:57:39,946 - src.process_pipeline - INFO - Processing Germany/DFB Pokal/2022
2025-09-01 20:57:39,951 - src.process_pipeline - WARNING - Missing odds file: data\extracted\Germany\DFB Pokal\2022\odds.csv
2025-09-01 20:57:39,958 - src.process_pipeline - INFO - No new fixtures in Germany/DFB Pokal/2022
2025-09-01 20:57:39,959 - src.process_pipeline - INFO - Processing Germany/DFB Pokal/2023
2025-09-01 20:57:39,964 - src.process_pipeline - WARNING - Missing odds file: data\extracted\Germany\DFB Pokal\2023\odds.csv
2025-09-01 20:57:39,971 - src.process_pipeline - INFO - No new fixtures in Germany/DFB Pokal/2023
2025-09-01 20:57:39,972 - src.process_pipeline - INFO - Processing Germany/DFB Pokal/2024
2025-09-01 20:57:39,977 - src.process_pipeline - WARNING - Missing odds file: data\extracted\Germany\DFB Pokal\2024\odds.csv
2025-09-01 20:57:39,983 - src.process_pipeline - INFO - No new fixtures in Germany/DFB Pokal/2024
2025-09-01 20:57:39,983 - src.process_pipeline - INFO - Processing Greece/Super League/2021
2025-09-01 20:57:39,992 - src.process_pipeline - WARNING - Missing odds file: data\extracted\Greece\Super League\2021\odds.csv
2025-09-01 20:57:39,998 - src.process_pipeline - INFO - No new fixtures in Greece/Super League/2021
2025-09-01 20:57:39,998 - src.process_pipeline - INFO - Processing Greece/Super League/2022
2025-09-01 20:57:40,007 - src.process_pipeline - WARNING - Missing odds file: data\extracted\Greece\Super League\2022\odds.csv
2025-09-01 20:57:40,013 - src.process_pipeline - INFO - No new fixtures in Greece/Super League/2022
2025-09-01 20:57:40,013 - src.process_pipeline - INFO - Processing Greece/Super League/2023
2025-09-01 20:57:40,022 - src.process_pipeline - WARNING - Missing odds file: data\extracted\Greece\Super League\2023\odds.csv
2025-09-01 20:57:40,037 - src.process_pipeline - INFO - Successfully merged 1 records with team statistics
2025-09-01 20:57:40,039 - src.process_pipeline - INFO - Saved merged data to data\processed\Greece\Super League\2023\merged_2023.csv
2025-09-01 20:57:40,039 - src.process_pipeline - INFO - Successfully merged 1 records
2025-09-01 20:57:40,042 - src.process_pipeline - INFO - Processing Greece/Super League/2024
2025-09-01 20:57:40,051 - src.process_pipeline - WARNING - Missing odds file: data\extracted\Greece\Super League\2024\odds.csv
2025-09-01 20:57:40,057 - src.process_pipeline - INFO - No new fixtures in Greece/Super League/2024
2025-09-01 20:57:40,058 - src.process_pipeline - INFO - Processing Greece/Super League/2025
2025-09-01 20:57:40,058 - src.process_pipeline - WARNING - Missing team stats file: data\extracted\Greece\Super League\2025\team_statistics.csv
2025-09-01 20:57:40,058 - src.process_pipeline - INFO - Processing Italy/Coppa Italia/2018
2025-09-01 20:57:40,064 - src.process_pipeline - WARNING - Missing odds file: data\extracted\Italy\Coppa Italia\2018\odds.csv
2025-09-01 20:57:40,070 - src.process_pipeline - INFO - No new fixtures in Italy/Coppa Italia/2018
2025-09-01 20:57:40,071 - src.process_pipeline - INFO - Processing Italy/Coppa Italia/2019
2025-09-01 20:57:40,071 - src.process_pipeline - WARNING - Missing fixtures file: data\extracted\Italy\Coppa Italia\2019\fixture_events.csv
2025-09-01 20:57:40,072 - src.process_pipeline - INFO - Processing Italy/Coppa Italia/2020
2025-09-01 20:57:40,077 - src.process_pipeline - WARNING - Missing odds file: data\extracted\Italy\Coppa Italia\2020\odds.csv
2025-09-01 20:57:40,092 - src.process_pipeline - INFO - Successfully merged 4 records with team statistics
2025-09-01 20:57:40,095 - src.process_pipeline - INFO - Saved merged data to data\processed\Italy\Coppa Italia\2020\merged_2020.csv
2025-09-01 20:57:40,095 - src.process_pipeline - INFO - Successfully merged 4 records
2025-09-01 20:57:40,098 - src.process_pipeline - INFO - Processing Italy/Coppa Italia/2021
2025-09-01 20:57:40,104 - src.process_pipeline - WARNING - Missing odds file: data\extracted\Italy\Coppa Italia\2021\odds.csv
2025-09-01 20:57:40,111 - src.process_pipeline - INFO - No new fixtures in Italy/Coppa Italia/2021
2025-09-01 20:57:40,112 - src.process_pipeline - INFO - Processing Italy/Coppa Italia/2022
2025-09-01 20:57:40,117 - src.process_pipeline - WARNING - Missing odds file: data\extracted\Italy\Coppa Italia\2022\odds.csv
2025-09-01 20:57:40,124 - src.process_pipeline - INFO - No new fixtures in Italy/Coppa Italia/2022
2025-09-01 20:57:40,125 - src.process_pipeline - INFO - Processing Italy/Coppa Italia/2023
2025-09-01 20:57:40,131 - src.process_pipeline - WARNING - Missing odds file: data\extracted\Italy\Coppa Italia\2023\odds.csv
2025-09-01 20:57:40,138 - src.process_pipeline - INFO - No new fixtures in Italy/Coppa Italia/2023
2025-09-01 20:57:40,138 - src.process_pipeline - INFO - Processing Italy/Coppa Italia/2024
2025-09-01 20:57:40,144 - src.process_pipeline - WARNING - Missing odds file: data\extracted\Italy\Coppa Italia\2024\odds.csv
2025-09-01 20:57:40,151 - src.process_pipeline - INFO - No new fixtures in Italy/Coppa Italia/2024
2025-09-01 20:57:40,151 - src.process_pipeline - INFO - Processing Italy/Serie A/2016
2025-09-01 20:57:40,161 - src.process_pipeline - WARNING - Missing odds file: data\extracted\Italy\Serie A\2016\odds.csv
2025-09-01 20:57:40,174 - src.process_pipeline - INFO - Successfully merged 1 records with team statistics
2025-09-01 20:57:40,176 - src.process_pipeline - INFO - Saved merged data to data\processed\Italy\Serie A\2016\merged_2016.csv
2025-09-01 20:57:40,176 - src.process_pipeline - INFO - Successfully merged 1 records
2025-09-01 20:57:40,178 - src.process_pipeline - INFO - Processing Italy/Serie A/2017
2025-09-01 20:57:40,187 - src.process_pipeline - WARNING - Missing odds file: data\extracted\Italy\Serie A\2017\odds.csv
2025-09-01 20:57:40,194 - src.process_pipeline - INFO - No new fixtures in Italy/Serie A/2017
2025-09-01 20:57:40,194 - src.process_pipeline - INFO - Processing Italy/Serie A/2018
2025-09-01 20:57:40,204 - src.process_pipeline - WARNING - Missing odds file: data\extracted\Italy\Serie A\2018\odds.csv
2025-09-01 20:57:40,211 - src.process_pipeline - INFO - No new fixtures in Italy/Serie A/2018
2025-09-01 20:57:40,212 - src.process_pipeline - INFO - Processing Italy/Serie A/2019
2025-09-01 20:57:40,219 - src.process_pipeline - WARNING - Missing odds file: data\extracted\Italy\Serie A\2019\odds.csv
2025-09-01 20:57:40,225 - src.process_pipeline - INFO - No new fixtures in Italy/Serie A/2019
2025-09-01 20:57:40,226 - src.process_pipeline - INFO - Processing Italy/Serie A/2020
2025-09-01 20:57:40,236 - src.process_pipeline - WARNING - Missing odds file: data\extracted\Italy\Serie A\2020\odds.csv
2025-09-01 20:57:40,243 - src.process_pipeline - INFO - No new fixtures in Italy/Serie A/2020
2025-09-01 20:57:40,244 - src.process_pipeline - INFO - Processing Italy/Serie A/2021
2025-09-01 20:57:40,254 - src.process_pipeline - WARNING - Missing odds file: data\extracted\Italy\Serie A\2021\odds.csv
2025-09-01 20:57:40,262 - src.process_pipeline - INFO - No new fixtures in Italy/Serie A/2021
2025-09-01 20:57:40,262 - src.process_pipeline - INFO - Processing Italy/Serie A/2022
2025-09-01 20:57:40,272 - src.process_pipeline - WARNING - Missing odds file: data\extracted\Italy\Serie A\2022\odds.csv
2025-09-01 20:57:40,278 - src.process_pipeline - INFO - No new fixtures in Italy/Serie A/2022
2025-09-01 20:57:40,279 - src.process_pipeline - INFO - Processing Italy/Serie A/2023
2025-09-01 20:57:40,289 - src.process_pipeline - WARNING - Missing odds file: data\extracted\Italy\Serie A\2023\odds.csv
2025-09-01 20:57:40,295 - src.process_pipeline - INFO - No new fixtures in Italy/Serie A/2023
2025-09-01 20:57:40,296 - src.process_pipeline - INFO - Processing Italy/Serie A/2024
2025-09-01 20:57:40,306 - src.process_pipeline - WARNING - Missing odds file: data\extracted\Italy\Serie A\2024\odds.csv
2025-09-01 20:57:40,312 - src.process_pipeline - INFO - No new fixtures in Italy/Serie A/2024
2025-09-01 20:57:40,313 - src.process_pipeline - INFO - Processing Italy/Serie A/2025
2025-09-01 20:57:40,319 - src.process_pipeline - INFO - Odds data found for Italy/Serie A/2025
2025-09-01 20:57:40,325 - src.process_pipeline - INFO - No new fixtures in Italy/Serie A/2025
2025-09-01 20:57:40,325 - src.process_pipeline - INFO - Processing Italy/Serie B/2017
2025-09-01 20:57:40,335 - src.process_pipeline - WARNING - Missing odds file: data\extracted\Italy\Serie B\2017\odds.csv
2025-09-01 20:57:40,340 - src.process_pipeline - INFO - No new fixtures in Italy/Serie B/2017
2025-09-01 20:57:40,341 - src.process_pipeline - INFO - Processing Italy/Serie B/2018
2025-09-01 20:57:40,341 - src.process_pipeline - WARNING - Missing fixtures file: data\extracted\Italy\Serie B\2018\fixture_events.csv
2025-09-01 20:57:40,341 - src.process_pipeline - INFO - Processing Italy/Serie B/2019
2025-09-01 20:57:40,349 - src.process_pipeline - WARNING - Missing odds file: data\extracted\Italy\Serie B\2019\odds.csv
2025-09-01 20:57:40,355 - src.process_pipeline - INFO - No new fixtures in Italy/Serie B/2019
2025-09-01 20:57:40,356 - src.process_pipeline - INFO - Processing Italy/Serie B/2020
2025-09-01 20:57:40,364 - src.process_pipeline - WARNING - Missing odds file: data\extracted\Italy\Serie B\2020\odds.csv
2025-09-01 20:57:40,379 - src.process_pipeline - INFO - Successfully merged 2 records with team statistics
2025-09-01 20:57:40,381 - src.process_pipeline - INFO - Saved merged data to data\processed\Italy\Serie B\2020\merged_2020.csv
2025-09-01 20:57:40,381 - src.process_pipeline - INFO - Successfully merged 2 records
2025-09-01 20:57:40,385 - src.process_pipeline - INFO - Processing Italy/Serie B/2021
2025-09-01 20:57:40,395 - src.process_pipeline - WARNING - Missing odds file: data\extracted\Italy\Serie B\2021\odds.csv
2025-09-01 20:57:40,402 - src.process_pipeline - INFO - No new fixtures in Italy/Serie B/2021
2025-09-01 20:57:40,402 - src.process_pipeline - INFO - Processing Italy/Serie B/2022
2025-09-01 20:57:40,413 - src.process_pipeline - WARNING - Missing odds file: data\extracted\Italy\Serie B\2022\odds.csv
2025-09-01 20:57:40,421 - src.process_pipeline - INFO - No new fixtures in Italy/Serie B/2022
2025-09-01 20:57:40,421 - src.process_pipeline - INFO - Processing Italy/Serie B/2023
2025-09-01 20:57:40,433 - src.process_pipeline - WARNING - Missing odds file: data\extracted\Italy\Serie B\2023\odds.csv
2025-09-01 20:57:40,440 - src.process_pipeline - INFO - No new fixtures in Italy/Serie B/2023
2025-09-01 20:57:40,440 - src.process_pipeline - INFO - Processing Italy/Serie B/2024
2025-09-01 20:57:40,450 - src.process_pipeline - WARNING - Missing odds file: data\extracted\Italy\Serie B\2024\odds.csv
2025-09-01 20:57:40,456 - src.process_pipeline - INFO - No new fixtures in Italy/Serie B/2024
2025-09-01 20:57:40,457 - src.process_pipeline - INFO - Processing Italy/Serie B/2025
2025-09-01 20:57:40,457 - src.process_pipeline - WARNING - Missing fixtures file: data\extracted\Italy\Serie B\2025\fixture_events.csv
2025-09-01 20:57:40,457 - src.process_pipeline - INFO - Processing Spain/Copa del Rey/2018
2025-09-01 20:57:40,463 - src.process_pipeline - WARNING - Missing odds file: data\extracted\Spain\Copa del Rey\2018\odds.csv
2025-09-01 20:57:40,469 - src.process_pipeline - INFO - No new fixtures in Spain/Copa del Rey/2018
2025-09-01 20:57:40,469 - src.process_pipeline - INFO - Processing Spain/Copa del Rey/2019
2025-09-01 20:57:40,475 - src.process_pipeline - WARNING - Missing odds file: data\extracted\Spain\Copa del Rey\2019\odds.csv
2025-09-01 20:57:40,490 - src.process_pipeline - ERROR - No home or away data found after splitting
2025-09-01 20:57:40,490 - src.process_pipeline - ERROR - Error processing Spain/Copa del Rey/2019: No home or away data found after splitting
2025-09-01 20:57:40,491 - src.process_pipeline - INFO - Processing Spain/Copa del Rey/2020
2025-09-01 20:57:40,497 - src.process_pipeline - WARNING - Missing odds file: data\extracted\Spain\Copa del Rey\2020\odds.csv
2025-09-01 20:57:40,507 - src.process_pipeline - ERROR - No home or away data found after splitting
2025-09-01 20:57:40,508 - src.process_pipeline - ERROR - Error processing Spain/Copa del Rey/2020: No home or away data found after splitting
2025-09-01 20:57:40,508 - src.process_pipeline - INFO - Processing Spain/Copa del Rey/2021
2025-09-01 20:57:40,514 - src.process_pipeline - WARNING - Missing odds file: data\extracted\Spain\Copa del Rey\2021\odds.csv
2025-09-01 20:57:40,524 - src.process_pipeline - ERROR - No home or away data found after splitting
2025-09-01 20:57:40,525 - src.process_pipeline - ERROR - Error processing Spain/Copa del Rey/2021: No home or away data found after splitting
2025-09-01 20:57:40,525 - src.process_pipeline - INFO - Processing Spain/Copa del Rey/2022
2025-09-01 20:57:40,532 - src.process_pipeline - WARNING - Missing odds file: data\extracted\Spain\Copa del Rey\2022\odds.csv
2025-09-01 20:57:40,538 - src.process_pipeline - INFO - No new fixtures in Spain/Copa del Rey/2022
2025-09-01 20:57:40,539 - src.process_pipeline - INFO - Processing Spain/Copa del Rey/2023
2025-09-01 20:57:40,545 - src.process_pipeline - WARNING - Missing odds file: data\extracted\Spain\Copa del Rey\2023\odds.csv
2025-09-01 20:57:40,551 - src.process_pipeline - INFO - No new fixtures in Spain/Copa del Rey/2023
2025-09-01 20:57:40,552 - src.process_pipeline - INFO - Processing Spain/Copa del Rey/2024
2025-09-01 20:57:40,559 - src.process_pipeline - WARNING - Missing odds file: data\extracted\Spain\Copa del Rey\2024\odds.csv
2025-09-01 20:57:40,569 - src.process_pipeline - ERROR - No home or away data found after splitting
2025-09-01 20:57:40,569 - src.process_pipeline - ERROR - Error processing Spain/Copa del Rey/2024: No home or away data found after splitting
2025-09-01 20:57:40,570 - src.process_pipeline - INFO - Processing Spain/La Liga/2020
2025-09-01 20:57:40,580 - src.process_pipeline - WARNING - Missing odds file: data\extracted\Spain\La Liga\2020\odds.csv
2025-09-01 20:57:40,586 - src.process_pipeline - INFO - No new fixtures in Spain/La Liga/2020
2025-09-01 20:57:40,587 - src.process_pipeline - INFO - Processing Spain/La Liga/2021
2025-09-01 20:57:40,596 - src.process_pipeline - WARNING - Missing odds file: data\extracted\Spain\La Liga\2021\odds.csv
2025-09-01 20:57:40,602 - src.process_pipeline - INFO - No new fixtures in Spain/La Liga/2021
2025-09-01 20:57:40,603 - src.process_pipeline - INFO - Processing Spain/La Liga/2022
2025-09-01 20:57:40,613 - src.process_pipeline - WARNING - Missing odds file: data\extracted\Spain\La Liga\2022\odds.csv
2025-09-01 20:57:40,619 - src.process_pipeline - INFO - No new fixtures in Spain/La Liga/2022
2025-09-01 20:57:40,621 - src.process_pipeline - INFO - Processing Spain/La Liga/2023
2025-09-01 20:57:40,633 - src.process_pipeline - WARNING - Missing odds file: data\extracted\Spain\La Liga\2023\odds.csv
2025-09-01 20:57:40,640 - src.process_pipeline - INFO - No new fixtures in Spain/La Liga/2023
2025-09-01 20:57:40,641 - src.process_pipeline - INFO - Processing Spain/La Liga/2024
2025-09-01 20:57:40,651 - src.process_pipeline - WARNING - Missing odds file: data\extracted\Spain\La Liga\2024\odds.csv
2025-09-01 20:57:40,657 - src.process_pipeline - INFO - No new fixtures in Spain/La Liga/2024
2025-09-01 20:57:40,658 - src.process_pipeline - INFO - Processing Spain/La Liga/2025
2025-09-01 20:57:40,664 - src.process_pipeline - INFO - Odds data found for Spain/La Liga/2025
2025-09-01 20:57:40,671 - src.process_pipeline - INFO - No new fixtures in Spain/La Liga/2025
2025-09-01 20:57:40,672 - src.process_pipeline - INFO - Processing Spain/Segunda Division/2017
2025-09-01 20:57:40,684 - src.process_pipeline - WARNING - Missing odds file: data\extracted\Spain\Segunda Division\2017\odds.csv
2025-09-01 20:57:40,692 - src.process_pipeline - INFO - No new fixtures in Spain/Segunda Division/2017
2025-09-01 20:57:40,692 - src.process_pipeline - INFO - Processing Spain/Segunda Division/2018
2025-09-01 20:57:40,705 - src.process_pipeline - WARNING - Missing odds file: data\extracted\Spain\Segunda Division\2018\odds.csv
2025-09-01 20:57:40,715 - src.process_pipeline - ERROR - No home or away data found after splitting
2025-09-01 20:57:40,715 - src.process_pipeline - ERROR - Error processing Spain/Segunda Division/2018: No home or away data found after splitting
2025-09-01 20:57:40,715 - src.process_pipeline - INFO - Processing Spain/Segunda Division/2019
2025-09-01 20:57:40,726 - src.process_pipeline - WARNING - Missing odds file: data\extracted\Spain\Segunda Division\2019\odds.csv
2025-09-01 20:57:40,731 - src.process_pipeline - INFO - No new fixtures in Spain/Segunda Division/2019
2025-09-01 20:57:40,732 - src.process_pipeline - INFO - Processing Spain/Segunda Division/2020
2025-09-01 20:57:40,745 - src.process_pipeline - WARNING - Missing odds file: data\extracted\Spain\Segunda Division\2020\odds.csv
2025-09-01 20:57:40,751 - src.process_pipeline - INFO - No new fixtures in Spain/Segunda Division/2020
2025-09-01 20:57:40,752 - src.process_pipeline - INFO - Processing Spain/Segunda Division/2021
2025-09-01 20:57:40,775 - src.process_pipeline - WARNING - Missing odds file: data\extracted\Spain\Segunda Division\2021\odds.csv
2025-09-01 20:57:40,792 - src.process_pipeline - INFO - No new fixtures in Spain/Segunda Division/2021
2025-09-01 20:57:40,793 - src.process_pipeline - INFO - Processing Spain/Segunda Division/2022
2025-09-01 20:57:40,811 - src.process_pipeline - WARNING - Missing odds file: data\extracted\Spain\Segunda Division\2022\odds.csv
2025-09-01 20:57:40,825 - src.process_pipeline - INFO - No new fixtures in Spain/Segunda Division/2022
2025-09-01 20:57:40,826 - src.process_pipeline - INFO - Processing Spain/Segunda Division/2023
2025-09-01 20:57:40,842 - src.process_pipeline - WARNING - Missing odds file: data\extracted\Spain\Segunda Division\2023\odds.csv
2025-09-01 20:57:40,851 - src.process_pipeline - INFO - No new fixtures in Spain/Segunda Division/2023
2025-09-01 20:57:40,851 - src.process_pipeline - INFO - Processing Spain/Segunda Division/2024
2025-09-01 20:57:40,865 - src.process_pipeline - WARNING - Missing odds file: data\extracted\Spain\Segunda Division\2024\odds.csv
2025-09-01 20:57:40,873 - src.process_pipeline - INFO - No new fixtures in Spain/Segunda Division/2024
2025-09-01 20:57:40,873 - src.process_pipeline - INFO - Processing Spain/Segunda Division/2025
2025-09-01 20:57:40,880 - src.process_pipeline - INFO - Odds data found for Spain/Segunda Division/2025
2025-09-01 20:57:40,888 - src.process_pipeline - INFO - No new fixtures in Spain/Segunda Division/2025
2025-09-01 20:57:40,888 - src.process_pipeline - INFO - Starting preprocessing and feature engineering
2025-09-01 20:57:40,888 - src.process_pipeline - INFO - Initial data shape: (14, 72)
2025-09-01 20:57:40,888 - src.process_pipeline - INFO - Cleaning data
2025-09-01 20:57:40,930 - src.process_pipeline - INFO - Adding competition info from league names
