2025-09-03 20:31:31,112 - src.process_pipeline - INFO - Logging initialized. Log file: logs/process\process_20250903_203131.log
2025-09-03 20:31:32,554 - src.process_pipeline - INFO - Loaded H2H data with 11835 team pairs
2025-09-03 20:31:32,575 - src.process_pipeline - INFO - Loaded standings data for 7350 teams
2025-09-03 20:31:33,498 - src.process_pipeline - INFO - Found 1 new fixtures in England/Championship/2018
2025-09-03 20:31:34,441 - src.process_pipeline - INFO - Processing England/Championship/2017
2025-09-03 20:31:34,456 - src.process_pipeline - WARNING - Missing odds file: data\extracted\England\Championship\2017\odds.csv
2025-09-03 20:31:34,462 - src.process_pipeline - INFO - No new fixtures in England/Championship/2017
2025-09-03 20:31:34,463 - src.process_pipeline - INFO - Processing England/Championship/2018
2025-09-03 20:31:34,477 - src.process_pipeline - WARNING - Missing odds file: data\extracted\England\Championship\2018\odds.csv
2025-09-03 20:31:34,490 - src.process_pipeline - ERROR - No home or away data found after splitting
2025-09-03 20:31:34,490 - src.process_pipeline - ERROR - Error processing England/Championship/2018: No home or away data found after splitting
2025-09-03 20:31:34,512 - src.process_pipeline - INFO - Processing England/Championship/2019
2025-09-03 20:31:34,524 - src.process_pipeline - WARNING - Missing odds file: data\extracted\England\Championship\2019\odds.csv
2025-09-03 20:31:34,530 - src.process_pipeline - INFO - No new fixtures in England/Championship/2019
2025-09-03 20:31:34,530 - src.process_pipeline - INFO - Processing England/Championship/2020
2025-09-03 20:31:34,544 - src.process_pipeline - WARNING - Missing odds file: data\extracted\England\Championship\2020\odds.csv
2025-09-03 20:31:34,551 - src.process_pipeline - INFO - No new fixtures in England/Championship/2020
2025-09-03 20:31:34,552 - src.process_pipeline - INFO - Processing England/Championship/2021
2025-09-03 20:31:34,564 - src.process_pipeline - WARNING - Missing odds file: data\extracted\England\Championship\2021\odds.csv
2025-09-03 20:31:34,571 - src.process_pipeline - INFO - No new fixtures in England/Championship/2021
2025-09-03 20:31:34,572 - src.process_pipeline - INFO - Processing England/Championship/2022
2025-09-03 20:31:34,586 - src.process_pipeline - WARNING - Missing odds file: data\extracted\England\Championship\2022\odds.csv
2025-09-03 20:31:34,592 - src.process_pipeline - INFO - No new fixtures in England/Championship/2022
2025-09-03 20:31:34,592 - src.process_pipeline - INFO - Processing England/Championship/2023
2025-09-03 20:31:34,606 - src.process_pipeline - WARNING - Missing odds file: data\extracted\England\Championship\2023\odds.csv
2025-09-03 20:31:34,612 - src.process_pipeline - INFO - No new fixtures in England/Championship/2023
2025-09-03 20:31:34,613 - src.process_pipeline - INFO - Processing England/Championship/2024
2025-09-03 20:31:34,628 - src.process_pipeline - WARNING - Missing odds file: data\extracted\England\Championship\2024\odds.csv
2025-09-03 20:31:34,634 - src.process_pipeline - INFO - No new fixtures in England/Championship/2024
2025-09-03 20:31:34,635 - src.process_pipeline - INFO - Processing England/Championship/2025
2025-09-03 20:31:34,641 - src.process_pipeline - INFO - Odds data found for England/Championship/2025
2025-09-03 20:31:34,647 - src.process_pipeline - INFO - No new fixtures in England/Championship/2025
2025-09-03 20:31:34,647 - src.process_pipeline - INFO - Processing England/FA Cup/2018
2025-09-03 20:31:34,655 - src.process_pipeline - WARNING - Missing odds file: data\extracted\England\FA Cup\2018\odds.csv
2025-09-03 20:31:34,660 - src.process_pipeline - INFO - No new fixtures in England/FA Cup/2018
2025-09-03 20:31:34,661 - src.process_pipeline - INFO - Processing England/FA Cup/2019
2025-09-03 20:31:34,670 - src.process_pipeline - WARNING - Missing odds file: data\extracted\England\FA Cup\2019\odds.csv
2025-09-03 20:31:34,675 - src.process_pipeline - INFO - No new fixtures in England/FA Cup/2019
2025-09-03 20:31:34,676 - src.process_pipeline - INFO - Processing England/FA Cup/2020
2025-09-03 20:31:34,682 - src.process_pipeline - WARNING - Missing odds file: data\extracted\England\FA Cup\2020\odds.csv
2025-09-03 20:31:34,690 - src.process_pipeline - INFO - No new fixtures in England/FA Cup/2020
2025-09-03 20:31:34,690 - src.process_pipeline - INFO - Processing England/FA Cup/2021
2025-09-03 20:31:34,696 - src.process_pipeline - WARNING - Missing odds file: data\extracted\England\FA Cup\2021\odds.csv
2025-09-03 20:31:34,709 - src.process_pipeline - INFO - No new fixtures in England/FA Cup/2021
2025-09-03 20:31:34,710 - src.process_pipeline - INFO - Processing England/FA Cup/2022
2025-09-03 20:31:34,719 - src.process_pipeline - WARNING - Missing odds file: data\extracted\England\FA Cup\2022\odds.csv
2025-09-03 20:31:34,725 - src.process_pipeline - INFO - No new fixtures in England/FA Cup/2022
2025-09-03 20:31:34,726 - src.process_pipeline - INFO - Processing England/FA Cup/2023
2025-09-03 20:31:34,735 - src.process_pipeline - WARNING - Missing odds file: data\extracted\England\FA Cup\2023\odds.csv
2025-09-03 20:31:34,742 - src.process_pipeline - INFO - No new fixtures in England/FA Cup/2023
2025-09-03 20:31:34,742 - src.process_pipeline - INFO - Processing England/FA Cup/2024
2025-09-03 20:31:34,754 - src.process_pipeline - WARNING - Missing odds file: data\extracted\England\FA Cup\2024\odds.csv
2025-09-03 20:31:34,763 - src.process_pipeline - INFO - No new fixtures in England/FA Cup/2024
2025-09-03 20:31:34,765 - src.process_pipeline - INFO - Processing England/FA Cup/2025
2025-09-03 20:31:34,766 - src.process_pipeline - WARNING - Missing team stats file: data\extracted\England\FA Cup\2025\team_statistics.csv
2025-09-03 20:31:34,769 - src.process_pipeline - INFO - Processing England/Premier League/2018
2025-09-03 20:31:34,788 - src.process_pipeline - WARNING - Missing odds file: data\extracted\England\Premier League\2018\odds.csv
2025-09-03 20:31:34,803 - src.process_pipeline - INFO - No new fixtures in England/Premier League/2018
2025-09-03 20:31:34,804 - src.process_pipeline - INFO - Processing England/Premier League/2019
2025-09-03 20:31:34,821 - src.process_pipeline - WARNING - Missing odds file: data\extracted\England\Premier League\2019\odds.csv
2025-09-03 20:31:34,830 - src.process_pipeline - INFO - No new fixtures in England/Premier League/2019
2025-09-03 20:31:34,831 - src.process_pipeline - INFO - Processing England/Premier League/2020
2025-09-03 20:31:34,853 - src.process_pipeline - WARNING - Missing odds file: data\extracted\England\Premier League\2020\odds.csv
2025-09-03 20:31:34,868 - src.process_pipeline - INFO - No new fixtures in England/Premier League/2020
2025-09-03 20:31:34,869 - src.process_pipeline - INFO - Processing England/Premier League/2021
2025-09-03 20:31:34,884 - src.process_pipeline - WARNING - Missing odds file: data\extracted\England\Premier League\2021\odds.csv
2025-09-03 20:31:34,896 - src.process_pipeline - INFO - No new fixtures in England/Premier League/2021
2025-09-03 20:31:34,896 - src.process_pipeline - INFO - Processing England/Premier League/2022
2025-09-03 20:31:34,910 - src.process_pipeline - WARNING - Missing odds file: data\extracted\England\Premier League\2022\odds.csv
2025-09-03 20:31:34,920 - src.process_pipeline - INFO - No new fixtures in England/Premier League/2022
2025-09-03 20:31:34,921 - src.process_pipeline - INFO - Processing England/Premier League/2023
2025-09-03 20:31:34,933 - src.process_pipeline - WARNING - Missing odds file: data\extracted\England\Premier League\2023\odds.csv
2025-09-03 20:31:34,942 - src.process_pipeline - INFO - No new fixtures in England/Premier League/2023
2025-09-03 20:31:34,943 - src.process_pipeline - INFO - Processing England/Premier League/2024
2025-09-03 20:31:34,957 - src.process_pipeline - WARNING - Missing odds file: data\extracted\England\Premier League\2024\odds.csv
2025-09-03 20:31:34,964 - src.process_pipeline - INFO - No new fixtures in England/Premier League/2024
2025-09-03 20:31:34,965 - src.process_pipeline - INFO - Processing England/Premier League/2025
2025-09-03 20:31:34,975 - src.process_pipeline - INFO - Odds data found for England/Premier League/2025
2025-09-03 20:31:34,989 - src.process_pipeline - INFO - No new fixtures in England/Premier League/2025
2025-09-03 20:31:34,990 - src.process_pipeline - INFO - Processing Europe/Champions League/2018
2025-09-03 20:31:35,007 - src.process_pipeline - WARNING - Missing odds file: data\extracted\Europe\Champions League\2018\odds.csv
2025-09-03 20:31:35,033 - src.process_pipeline - INFO - No new fixtures in Europe/Champions League/2018
2025-09-03 20:31:35,034 - src.process_pipeline - INFO - Processing Europe/Champions League/2019
2025-09-03 20:31:35,048 - src.process_pipeline - WARNING - Missing odds file: data\extracted\Europe\Champions League\2019\odds.csv
2025-09-03 20:31:35,074 - src.process_pipeline - INFO - No new fixtures in Europe/Champions League/2019
2025-09-03 20:31:35,075 - src.process_pipeline - INFO - Processing Europe/Champions League/2020
2025-09-03 20:31:35,092 - src.process_pipeline - WARNING - Missing odds file: data\extracted\Europe\Champions League\2020\odds.csv
2025-09-03 20:31:35,128 - src.process_pipeline - ERROR - No home or away data found after splitting
2025-09-03 20:31:35,128 - src.process_pipeline - ERROR - Error processing Europe/Champions League/2020: No home or away data found after splitting
2025-09-03 20:31:35,129 - src.process_pipeline - INFO - Processing Europe/Champions League/2021
2025-09-03 20:31:35,146 - src.process_pipeline - WARNING - Missing odds file: data\extracted\Europe\Champions League\2021\odds.csv
2025-09-03 20:31:35,159 - src.process_pipeline - INFO - No new fixtures in Europe/Champions League/2021
2025-09-03 20:31:35,160 - src.process_pipeline - INFO - Processing Europe/Champions League/2022
2025-09-03 20:31:35,170 - src.process_pipeline - WARNING - Missing odds file: data\extracted\Europe\Champions League\2022\odds.csv
2025-09-03 20:31:35,180 - src.process_pipeline - INFO - No new fixtures in Europe/Champions League/2022
2025-09-03 20:31:35,180 - src.process_pipeline - INFO - Processing Europe/Champions League/2023
2025-09-03 20:31:35,191 - src.process_pipeline - WARNING - Missing odds file: data\extracted\Europe\Champions League\2023\odds.csv
2025-09-03 20:31:35,200 - src.process_pipeline - INFO - No new fixtures in Europe/Champions League/2023
2025-09-03 20:31:35,201 - src.process_pipeline - INFO - Processing Europe/Champions League/2024
2025-09-03 20:31:35,212 - src.process_pipeline - WARNING - Missing odds file: data\extracted\Europe\Champions League\2024\odds.csv
2025-09-03 20:31:35,228 - src.process_pipeline - INFO - No new fixtures in Europe/Champions League/2024
2025-09-03 20:31:35,229 - src.process_pipeline - INFO - Processing Europe/Champions League/2025
2025-09-03 20:31:35,239 - src.process_pipeline - INFO - Odds data found for Europe/Champions League/2025
2025-09-03 20:31:35,246 - src.process_pipeline - INFO - No new fixtures in Europe/Champions League/2025
2025-09-03 20:31:35,247 - src.process_pipeline - INFO - Processing Europe/Conference League/2021
2025-09-03 20:31:35,259 - src.process_pipeline - WARNING - Missing odds file: data\extracted\Europe\Conference League\2021\odds.csv
2025-09-03 20:31:35,272 - src.process_pipeline - ERROR - No home or away data found after splitting
2025-09-03 20:31:35,272 - src.process_pipeline - ERROR - Error processing Europe/Conference League/2021: No home or away data found after splitting
2025-09-03 20:31:35,273 - src.process_pipeline - INFO - Processing Europe/Conference League/2022
2025-09-03 20:31:35,288 - src.process_pipeline - WARNING - Missing odds file: data\extracted\Europe\Conference League\2022\odds.csv
2025-09-03 20:31:35,297 - src.process_pipeline - INFO - No new fixtures in Europe/Conference League/2022
2025-09-03 20:31:35,297 - src.process_pipeline - INFO - Processing Europe/Conference League/2023
2025-09-03 20:31:35,312 - src.process_pipeline - WARNING - Missing odds file: data\extracted\Europe\Conference League\2023\odds.csv
2025-09-03 20:31:35,323 - src.process_pipeline - INFO - No new fixtures in Europe/Conference League/2023
2025-09-03 20:31:35,324 - src.process_pipeline - INFO - Processing Europe/Conference League/2024
2025-09-03 20:31:35,325 - src.process_pipeline - WARNING - Missing team stats file: data\extracted\Europe\Conference League\2024\team_statistics.csv
2025-09-03 20:31:35,325 - src.process_pipeline - INFO - Processing Europe/Conference League/2025
2025-09-03 20:31:35,338 - src.process_pipeline - INFO - Odds data found for Europe/Conference League/2025
2025-09-03 20:31:35,345 - src.process_pipeline - INFO - No new fixtures in Europe/Conference League/2025
2025-09-03 20:31:35,346 - src.process_pipeline - INFO - Processing Europe/Europa League/2018
2025-09-03 20:31:35,359 - src.process_pipeline - WARNING - Missing odds file: data\extracted\Europe\Europa League\2018\odds.csv
2025-09-03 20:31:35,367 - src.process_pipeline - INFO - No new fixtures in Europe/Europa League/2018
2025-09-03 20:31:35,368 - src.process_pipeline - INFO - Processing Europe/Europa League/2019
2025-09-03 20:31:35,377 - src.process_pipeline - WARNING - Missing odds file: data\extracted\Europe\Europa League\2019\odds.csv
2025-09-03 20:31:35,386 - src.process_pipeline - INFO - No new fixtures in Europe/Europa League/2019
2025-09-03 20:31:35,387 - src.process_pipeline - INFO - Processing Europe/Europa League/2020
2025-09-03 20:31:35,396 - src.process_pipeline - WARNING - Missing odds file: data\extracted\Europe\Europa League\2020\odds.csv
2025-09-03 20:31:35,408 - src.process_pipeline - ERROR - No home or away data found after splitting
2025-09-03 20:31:35,408 - src.process_pipeline - ERROR - Error processing Europe/Europa League/2020: No home or away data found after splitting
2025-09-03 20:31:35,409 - src.process_pipeline - INFO - Processing Europe/Europa League/2021
2025-09-03 20:31:35,417 - src.process_pipeline - WARNING - Missing odds file: data\extracted\Europe\Europa League\2021\odds.csv
2025-09-03 20:31:35,429 - src.process_pipeline - ERROR - No home or away data found after splitting
2025-09-03 20:31:35,429 - src.process_pipeline - ERROR - Error processing Europe/Europa League/2021: No home or away data found after splitting
2025-09-03 20:31:35,429 - src.process_pipeline - INFO - Processing Europe/Europa League/2022
2025-09-03 20:31:35,438 - src.process_pipeline - WARNING - Missing odds file: data\extracted\Europe\Europa League\2022\odds.csv
2025-09-03 20:31:35,444 - src.process_pipeline - INFO - No new fixtures in Europe/Europa League/2022
2025-09-03 20:31:35,444 - src.process_pipeline - INFO - Processing Europe/Europa League/2023
2025-09-03 20:31:35,453 - src.process_pipeline - WARNING - Missing odds file: data\extracted\Europe\Europa League\2023\odds.csv
2025-09-03 20:31:35,459 - src.process_pipeline - INFO - No new fixtures in Europe/Europa League/2023
2025-09-03 20:31:35,460 - src.process_pipeline - INFO - Processing Europe/Europa League/2024
2025-09-03 20:31:35,469 - src.process_pipeline - WARNING - Missing odds file: data\extracted\Europe\Europa League\2024\odds.csv
2025-09-03 20:31:35,475 - src.process_pipeline - INFO - No new fixtures in Europe/Europa League/2024
2025-09-03 20:31:35,476 - src.process_pipeline - INFO - Processing Europe/Europa League/2025
2025-09-03 20:31:35,484 - src.process_pipeline - INFO - Odds data found for Europe/Europa League/2025
2025-09-03 20:31:35,489 - src.process_pipeline - INFO - No new fixtures in Europe/Europa League/2025
2025-09-03 20:31:35,490 - src.process_pipeline - INFO - Processing France/Coupe de France/2018
2025-09-03 20:31:35,496 - src.process_pipeline - WARNING - Missing odds file: data\extracted\France\Coupe de France\2018\odds.csv
2025-09-03 20:31:35,503 - src.process_pipeline - INFO - No new fixtures in France/Coupe de France/2018
2025-09-03 20:31:35,504 - src.process_pipeline - INFO - Processing France/Coupe de France/2019
2025-09-03 20:31:35,510 - src.process_pipeline - WARNING - Missing odds file: data\extracted\France\Coupe de France\2019\odds.csv
2025-09-03 20:31:35,518 - src.process_pipeline - INFO - No new fixtures in France/Coupe de France/2019
2025-09-03 20:31:35,518 - src.process_pipeline - INFO - Processing France/Coupe de France/2020
2025-09-03 20:31:35,524 - src.process_pipeline - WARNING - Missing odds file: data\extracted\France\Coupe de France\2020\odds.csv
2025-09-03 20:31:35,531 - src.process_pipeline - INFO - No new fixtures in France/Coupe de France/2020
2025-09-03 20:31:35,532 - src.process_pipeline - INFO - Processing France/Coupe de France/2021
2025-09-03 20:31:35,539 - src.process_pipeline - WARNING - Missing odds file: data\extracted\France\Coupe de France\2021\odds.csv
2025-09-03 20:31:35,554 - src.process_pipeline - INFO - Successfully merged 5 records with team statistics
2025-09-03 20:31:35,557 - src.process_pipeline - INFO - Saved merged data to data\processed\France\Coupe de France\2021\merged_2021.csv
2025-09-03 20:31:35,557 - src.process_pipeline - INFO - Successfully merged 5 records
2025-09-03 20:31:35,558 - src.process_pipeline - INFO - Processing France/Coupe de France/2022
2025-09-03 20:31:35,564 - src.process_pipeline - WARNING - Missing odds file: data\extracted\France\Coupe de France\2022\odds.csv
2025-09-03 20:31:35,572 - src.process_pipeline - INFO - No new fixtures in France/Coupe de France/2022
2025-09-03 20:31:35,572 - src.process_pipeline - INFO - Processing France/Coupe de France/2023
2025-09-03 20:31:35,579 - src.process_pipeline - WARNING - Missing odds file: data\extracted\France\Coupe de France\2023\odds.csv
2025-09-03 20:31:35,586 - src.process_pipeline - INFO - No new fixtures in France/Coupe de France/2023
2025-09-03 20:31:35,587 - src.process_pipeline - INFO - Processing France/Coupe de France/2024
2025-09-03 20:31:35,593 - src.process_pipeline - WARNING - Missing odds file: data\extracted\France\Coupe de France\2024\odds.csv
2025-09-03 20:31:35,605 - src.process_pipeline - ERROR - No home or away data found after splitting
2025-09-03 20:31:35,605 - src.process_pipeline - ERROR - Error processing France/Coupe de France/2024: No home or away data found after splitting
2025-09-03 20:31:35,606 - src.process_pipeline - INFO - Processing France/Coupe de France/2025
2025-09-03 20:31:35,606 - src.process_pipeline - WARNING - Missing fixtures file: data\extracted\France\Coupe de France\2025\fixture_events.csv
2025-09-03 20:31:35,607 - src.process_pipeline - INFO - Processing France/Ligue 1/2018
2025-09-03 20:31:35,617 - src.process_pipeline - WARNING - Missing odds file: data\extracted\France\Ligue 1\2018\odds.csv
2025-09-03 20:31:35,624 - src.process_pipeline - INFO - No new fixtures in France/Ligue 1/2018
2025-09-03 20:31:35,624 - src.process_pipeline - INFO - Processing France/Ligue 1/2019
2025-09-03 20:31:35,634 - src.process_pipeline - WARNING - Missing odds file: data\extracted\France\Ligue 1\2019\odds.csv
2025-09-03 20:31:35,644 - src.process_pipeline - ERROR - No home or away data found after splitting
2025-09-03 20:31:35,644 - src.process_pipeline - ERROR - Error processing France/Ligue 1/2019: No home or away data found after splitting
2025-09-03 20:31:35,645 - src.process_pipeline - INFO - Processing France/Ligue 1/2020
2025-09-03 20:31:35,655 - src.process_pipeline - WARNING - Missing odds file: data\extracted\France\Ligue 1\2020\odds.csv
2025-09-03 20:31:35,661 - src.process_pipeline - INFO - No new fixtures in France/Ligue 1/2020
2025-09-03 20:31:35,662 - src.process_pipeline - INFO - Processing France/Ligue 1/2021
2025-09-03 20:31:35,672 - src.process_pipeline - WARNING - Missing odds file: data\extracted\France\Ligue 1\2021\odds.csv
2025-09-03 20:31:35,678 - src.process_pipeline - INFO - No new fixtures in France/Ligue 1/2021
2025-09-03 20:31:35,678 - src.process_pipeline - INFO - Processing France/Ligue 1/2022
2025-09-03 20:31:35,689 - src.process_pipeline - WARNING - Missing odds file: data\extracted\France\Ligue 1\2022\odds.csv
2025-09-03 20:31:35,695 - src.process_pipeline - INFO - No new fixtures in France/Ligue 1/2022
2025-09-03 20:31:35,696 - src.process_pipeline - INFO - Processing France/Ligue 1/2023
2025-09-03 20:31:35,711 - src.process_pipeline - WARNING - Missing odds file: data\extracted\France\Ligue 1\2023\odds.csv
2025-09-03 20:31:35,724 - src.process_pipeline - INFO - No new fixtures in France/Ligue 1/2023
2025-09-03 20:31:35,724 - src.process_pipeline - INFO - Processing France/Ligue 1/2024
2025-09-03 20:31:35,735 - src.process_pipeline - WARNING - Missing odds file: data\extracted\France\Ligue 1\2024\odds.csv
2025-09-03 20:31:35,742 - src.process_pipeline - INFO - No new fixtures in France/Ligue 1/2024
2025-09-03 20:31:35,742 - src.process_pipeline - INFO - Processing France/Ligue 1/2025
2025-09-03 20:31:35,751 - src.process_pipeline - INFO - Odds data found for France/Ligue 1/2025
2025-09-03 20:31:35,757 - src.process_pipeline - INFO - No new fixtures in France/Ligue 1/2025
2025-09-03 20:31:35,758 - src.process_pipeline - INFO - Processing France/Ligue 2/2018
2025-09-03 20:31:35,769 - src.process_pipeline - WARNING - Missing odds file: data\extracted\France\Ligue 2\2018\odds.csv
2025-09-03 20:31:35,775 - src.process_pipeline - INFO - No new fixtures in France/Ligue 2/2018
2025-09-03 20:31:35,776 - src.process_pipeline - INFO - Processing France/Ligue 2/2019
2025-09-03 20:31:35,788 - src.process_pipeline - WARNING - Missing odds file: data\extracted\France\Ligue 2\2019\odds.csv
2025-09-03 20:31:35,798 - src.process_pipeline - ERROR - No home or away data found after splitting
2025-09-03 20:31:35,799 - src.process_pipeline - ERROR - Error processing France/Ligue 2/2019: No home or away data found after splitting
2025-09-03 20:31:35,800 - src.process_pipeline - INFO - Processing France/Ligue 2/2020
2025-09-03 20:31:35,809 - src.process_pipeline - WARNING - Missing odds file: data\extracted\France\Ligue 2\2020\odds.csv
2025-09-03 20:31:35,820 - src.process_pipeline - ERROR - No home or away data found after splitting
2025-09-03 20:31:35,820 - src.process_pipeline - ERROR - Error processing France/Ligue 2/2020: No home or away data found after splitting
2025-09-03 20:31:35,821 - src.process_pipeline - INFO - Processing France/Ligue 2/2021
2025-09-03 20:31:35,829 - src.process_pipeline - WARNING - Missing odds file: data\extracted\France\Ligue 2\2021\odds.csv
2025-09-03 20:31:35,845 - src.process_pipeline - INFO - Successfully merged 1 records with team statistics
2025-09-03 20:31:35,848 - src.process_pipeline - INFO - Saved merged data to data\processed\France\Ligue 2\2021\merged_2021.csv
2025-09-03 20:31:35,849 - src.process_pipeline - INFO - Successfully merged 1 records
2025-09-03 20:31:35,853 - src.process_pipeline - INFO - Processing France/Ligue 2/2022
2025-09-03 20:31:35,865 - src.process_pipeline - WARNING - Missing odds file: data\extracted\France\Ligue 2\2022\odds.csv
2025-09-03 20:31:35,876 - src.process_pipeline - INFO - No new fixtures in France/Ligue 2/2022
2025-09-03 20:31:35,877 - src.process_pipeline - INFO - Processing France/Ligue 2/2023
2025-09-03 20:31:35,892 - src.process_pipeline - WARNING - Missing odds file: data\extracted\France\Ligue 2\2023\odds.csv
2025-09-03 20:31:35,904 - src.process_pipeline - INFO - No new fixtures in France/Ligue 2/2023
2025-09-03 20:31:35,905 - src.process_pipeline - INFO - Processing France/Ligue 2/2024
2025-09-03 20:31:35,919 - src.process_pipeline - WARNING - Missing odds file: data\extracted\France\Ligue 2\2024\odds.csv
2025-09-03 20:31:35,930 - src.process_pipeline - INFO - No new fixtures in France/Ligue 2/2024
2025-09-03 20:31:35,933 - src.process_pipeline - INFO - Processing France/Ligue 2/2025
2025-09-03 20:31:35,941 - src.process_pipeline - INFO - Odds data found for France/Ligue 2/2025
2025-09-03 20:31:35,948 - src.process_pipeline - INFO - No new fixtures in France/Ligue 2/2025
2025-09-03 20:31:35,950 - src.process_pipeline - INFO - Processing France/National/2025
2025-09-03 20:31:35,951 - src.process_pipeline - WARNING - Missing team stats file: data\extracted\France\National\2025\team_statistics.csv
2025-09-03 20:31:35,951 - src.process_pipeline - INFO - Processing Germany/2. Bundesliga/2017
2025-09-03 20:31:35,952 - src.process_pipeline - WARNING - Missing fixtures file: data\extracted\Germany\2. Bundesliga\2017\fixture_events.csv
2025-09-03 20:31:35,952 - src.process_pipeline - INFO - Processing Germany/2. Bundesliga/2018
2025-09-03 20:31:35,963 - src.process_pipeline - WARNING - Missing odds file: data\extracted\Germany\2. Bundesliga\2018\odds.csv
2025-09-03 20:31:35,974 - src.process_pipeline - INFO - No new fixtures in Germany/2. Bundesliga/2018
2025-09-03 20:31:35,974 - src.process_pipeline - INFO - Processing Germany/2. Bundesliga/2019
2025-09-03 20:31:35,985 - src.process_pipeline - WARNING - Missing odds file: data\extracted\Germany\2. Bundesliga\2019\odds.csv
2025-09-03 20:31:35,992 - src.process_pipeline - INFO - No new fixtures in Germany/2. Bundesliga/2019
2025-09-03 20:31:35,993 - src.process_pipeline - INFO - Processing Germany/2. Bundesliga/2020
2025-09-03 20:31:36,004 - src.process_pipeline - WARNING - Missing odds file: data\extracted\Germany\2. Bundesliga\2020\odds.csv
2025-09-03 20:31:36,012 - src.process_pipeline - INFO - No new fixtures in Germany/2. Bundesliga/2020
2025-09-03 20:31:36,012 - src.process_pipeline - INFO - Processing Germany/2. Bundesliga/2021
2025-09-03 20:31:36,023 - src.process_pipeline - WARNING - Missing odds file: data\extracted\Germany\2. Bundesliga\2021\odds.csv
2025-09-03 20:31:36,030 - src.process_pipeline - INFO - No new fixtures in Germany/2. Bundesliga/2021
2025-09-03 20:31:36,030 - src.process_pipeline - INFO - Processing Germany/2. Bundesliga/2022
2025-09-03 20:31:36,040 - src.process_pipeline - WARNING - Missing odds file: data\extracted\Germany\2. Bundesliga\2022\odds.csv
2025-09-03 20:31:36,047 - src.process_pipeline - INFO - No new fixtures in Germany/2. Bundesliga/2022
2025-09-03 20:31:36,048 - src.process_pipeline - INFO - Processing Germany/2. Bundesliga/2023
2025-09-03 20:31:36,059 - src.process_pipeline - WARNING - Missing odds file: data\extracted\Germany\2. Bundesliga\2023\odds.csv
2025-09-03 20:31:36,067 - src.process_pipeline - INFO - No new fixtures in Germany/2. Bundesliga/2023
2025-09-03 20:31:36,067 - src.process_pipeline - INFO - Processing Germany/2. Bundesliga/2024
2025-09-03 20:31:36,076 - src.process_pipeline - WARNING - Missing odds file: data\extracted\Germany\2. Bundesliga\2024\odds.csv
2025-09-03 20:31:36,083 - src.process_pipeline - INFO - No new fixtures in Germany/2. Bundesliga/2024
2025-09-03 20:31:36,084 - src.process_pipeline - INFO - Processing Germany/2. Bundesliga/2025
2025-09-03 20:31:36,089 - src.process_pipeline - WARNING - Missing odds file: data\extracted\Germany\2. Bundesliga\2025\odds.csv
2025-09-03 20:31:36,095 - src.process_pipeline - INFO - No new fixtures in Germany/2. Bundesliga/2025
2025-09-03 20:31:36,095 - src.process_pipeline - INFO - Processing Germany/3. Liga/2025
2025-09-03 20:31:36,095 - src.process_pipeline - WARNING - Missing fixtures file: data\extracted\Germany\3. Liga\2025\fixture_events.csv
2025-09-03 20:31:36,096 - src.process_pipeline - INFO - Processing Germany/Bundesliga/2018
2025-09-03 20:31:36,105 - src.process_pipeline - WARNING - Missing odds file: data\extracted\Germany\Bundesliga\2018\odds.csv
2025-09-03 20:31:36,112 - src.process_pipeline - INFO - No new fixtures in Germany/Bundesliga/2018
2025-09-03 20:31:36,112 - src.process_pipeline - INFO - Processing Germany/Bundesliga/2019
2025-09-03 20:31:36,124 - src.process_pipeline - WARNING - Missing odds file: data\extracted\Germany\Bundesliga\2019\odds.csv
2025-09-03 20:31:36,130 - src.process_pipeline - INFO - No new fixtures in Germany/Bundesliga/2019
2025-09-03 20:31:36,131 - src.process_pipeline - INFO - Processing Germany/Bundesliga/2020
2025-09-03 20:31:36,141 - src.process_pipeline - WARNING - Missing odds file: data\extracted\Germany\Bundesliga\2020\odds.csv
2025-09-03 20:31:36,148 - src.process_pipeline - INFO - No new fixtures in Germany/Bundesliga/2020
2025-09-03 20:31:36,149 - src.process_pipeline - INFO - Processing Germany/Bundesliga/2021
2025-09-03 20:31:36,163 - src.process_pipeline - WARNING - Missing odds file: data\extracted\Germany\Bundesliga\2021\odds.csv
2025-09-03 20:31:36,176 - src.process_pipeline - INFO - No new fixtures in Germany/Bundesliga/2021
2025-09-03 20:31:36,176 - src.process_pipeline - INFO - Processing Germany/Bundesliga/2022
2025-09-03 20:31:36,189 - src.process_pipeline - WARNING - Missing odds file: data\extracted\Germany\Bundesliga\2022\odds.csv
2025-09-03 20:31:36,203 - src.process_pipeline - INFO - No new fixtures in Germany/Bundesliga/2022
2025-09-03 20:31:36,204 - src.process_pipeline - INFO - Processing Germany/Bundesliga/2023
2025-09-03 20:31:36,213 - src.process_pipeline - WARNING - Missing odds file: data\extracted\Germany\Bundesliga\2023\odds.csv
2025-09-03 20:31:36,222 - src.process_pipeline - INFO - No new fixtures in Germany/Bundesliga/2023
2025-09-03 20:31:36,222 - src.process_pipeline - INFO - Processing Germany/Bundesliga/2024
2025-09-03 20:31:36,232 - src.process_pipeline - WARNING - Missing odds file: data\extracted\Germany\Bundesliga\2024\odds.csv
2025-09-03 20:31:36,239 - src.process_pipeline - INFO - No new fixtures in Germany/Bundesliga/2024
2025-09-03 20:31:36,239 - src.process_pipeline - INFO - Processing Germany/Bundesliga/2025
2025-09-03 20:31:36,246 - src.process_pipeline - INFO - Odds data found for Germany/Bundesliga/2025
2025-09-03 20:31:36,253 - src.process_pipeline - INFO - No new fixtures in Germany/Bundesliga/2025
2025-09-03 20:31:36,253 - src.process_pipeline - INFO - Processing Germany/DFB Pokal/2018
2025-09-03 20:31:36,259 - src.process_pipeline - WARNING - Missing odds file: data\extracted\Germany\DFB Pokal\2018\odds.csv
2025-09-03 20:31:36,265 - src.process_pipeline - INFO - No new fixtures in Germany/DFB Pokal/2018
2025-09-03 20:31:36,266 - src.process_pipeline - INFO - Processing Germany/DFB Pokal/2019
2025-09-03 20:31:36,271 - src.process_pipeline - WARNING - Missing odds file: data\extracted\Germany\DFB Pokal\2019\odds.csv
2025-09-03 20:31:36,277 - src.process_pipeline - INFO - No new fixtures in Germany/DFB Pokal/2019
2025-09-03 20:31:36,278 - src.process_pipeline - INFO - Processing Germany/DFB Pokal/2020
2025-09-03 20:31:36,285 - src.process_pipeline - WARNING - Missing odds file: data\extracted\Germany\DFB Pokal\2020\odds.csv
2025-09-03 20:31:36,290 - src.process_pipeline - INFO - No new fixtures in Germany/DFB Pokal/2020
2025-09-03 20:31:36,291 - src.process_pipeline - INFO - Processing Germany/DFB Pokal/2021
2025-09-03 20:31:36,296 - src.process_pipeline - WARNING - Missing odds file: data\extracted\Germany\DFB Pokal\2021\odds.csv
2025-09-03 20:31:36,303 - src.process_pipeline - INFO - No new fixtures in Germany/DFB Pokal/2021
2025-09-03 20:31:36,304 - src.process_pipeline - INFO - Processing Germany/DFB Pokal/2022
2025-09-03 20:31:36,309 - src.process_pipeline - WARNING - Missing odds file: data\extracted\Germany\DFB Pokal\2022\odds.csv
2025-09-03 20:31:36,317 - src.process_pipeline - INFO - No new fixtures in Germany/DFB Pokal/2022
2025-09-03 20:31:36,317 - src.process_pipeline - INFO - Processing Germany/DFB Pokal/2023
2025-09-03 20:31:36,324 - src.process_pipeline - WARNING - Missing odds file: data\extracted\Germany\DFB Pokal\2023\odds.csv
2025-09-03 20:31:36,330 - src.process_pipeline - INFO - No new fixtures in Germany/DFB Pokal/2023
2025-09-03 20:31:36,331 - src.process_pipeline - INFO - Processing Germany/DFB Pokal/2024
2025-09-03 20:31:36,338 - src.process_pipeline - WARNING - Missing odds file: data\extracted\Germany\DFB Pokal\2024\odds.csv
2025-09-03 20:31:36,345 - src.process_pipeline - INFO - No new fixtures in Germany/DFB Pokal/2024
2025-09-03 20:31:36,346 - src.process_pipeline - INFO - Processing Germany/DFB Pokal/2025
2025-09-03 20:31:36,346 - src.process_pipeline - WARNING - Missing fixtures file: data\extracted\Germany\DFB Pokal\2025\fixture_events.csv
2025-09-03 20:31:36,346 - src.process_pipeline - INFO - Processing Italy/Coppa Italia/2018
2025-09-03 20:31:36,353 - src.process_pipeline - WARNING - Missing odds file: data\extracted\Italy\Coppa Italia\2018\odds.csv
2025-09-03 20:31:36,359 - src.process_pipeline - INFO - No new fixtures in Italy/Coppa Italia/2018
2025-09-03 20:31:36,360 - src.process_pipeline - INFO - Processing Italy/Coppa Italia/2019
2025-09-03 20:31:36,360 - src.process_pipeline - WARNING - Missing fixtures file: data\extracted\Italy\Coppa Italia\2019\fixture_events.csv
2025-09-03 20:31:36,360 - src.process_pipeline - INFO - Processing Italy/Coppa Italia/2020
2025-09-03 20:31:36,367 - src.process_pipeline - WARNING - Missing odds file: data\extracted\Italy\Coppa Italia\2020\odds.csv
2025-09-03 20:31:36,380 - src.process_pipeline - INFO - Successfully merged 4 records with team statistics
2025-09-03 20:31:36,383 - src.process_pipeline - INFO - Saved merged data to data\processed\Italy\Coppa Italia\2020\merged_2020.csv
2025-09-03 20:31:36,383 - src.process_pipeline - INFO - Successfully merged 4 records
2025-09-03 20:31:36,387 - src.process_pipeline - INFO - Processing Italy/Coppa Italia/2021
2025-09-03 20:31:36,392 - src.process_pipeline - WARNING - Missing odds file: data\extracted\Italy\Coppa Italia\2021\odds.csv
2025-09-03 20:31:36,399 - src.process_pipeline - INFO - No new fixtures in Italy/Coppa Italia/2021
2025-09-03 20:31:36,400 - src.process_pipeline - INFO - Processing Italy/Coppa Italia/2022
2025-09-03 20:31:36,406 - src.process_pipeline - WARNING - Missing odds file: data\extracted\Italy\Coppa Italia\2022\odds.csv
2025-09-03 20:31:36,412 - src.process_pipeline - INFO - No new fixtures in Italy/Coppa Italia/2022
2025-09-03 20:31:36,412 - src.process_pipeline - INFO - Processing Italy/Coppa Italia/2023
2025-09-03 20:31:36,419 - src.process_pipeline - WARNING - Missing odds file: data\extracted\Italy\Coppa Italia\2023\odds.csv
2025-09-03 20:31:36,426 - src.process_pipeline - INFO - No new fixtures in Italy/Coppa Italia/2023
2025-09-03 20:31:36,427 - src.process_pipeline - INFO - Processing Italy/Coppa Italia/2024
2025-09-03 20:31:36,434 - src.process_pipeline - WARNING - Missing odds file: data\extracted\Italy\Coppa Italia\2024\odds.csv
2025-09-03 20:31:36,440 - src.process_pipeline - INFO - No new fixtures in Italy/Coppa Italia/2024
2025-09-03 20:31:36,441 - src.process_pipeline - INFO - Processing Italy/Coppa Italia/2025
2025-09-03 20:31:36,441 - src.process_pipeline - WARNING - Missing fixtures file: data\extracted\Italy\Coppa Italia\2025\fixture_events.csv
2025-09-03 20:31:36,441 - src.process_pipeline - INFO - Processing Italy/Serie A/2016
2025-09-03 20:31:36,452 - src.process_pipeline - WARNING - Missing odds file: data\extracted\Italy\Serie A\2016\odds.csv
2025-09-03 20:31:36,465 - src.process_pipeline - INFO - Successfully merged 1 records with team statistics
2025-09-03 20:31:36,468 - src.process_pipeline - INFO - Saved merged data to data\processed\Italy\Serie A\2016\merged_2016.csv
2025-09-03 20:31:36,468 - src.process_pipeline - INFO - Successfully merged 1 records
2025-09-03 20:31:36,471 - src.process_pipeline - INFO - Processing Italy/Serie A/2017
2025-09-03 20:31:36,481 - src.process_pipeline - WARNING - Missing odds file: data\extracted\Italy\Serie A\2017\odds.csv
2025-09-03 20:31:36,491 - src.process_pipeline - INFO - No new fixtures in Italy/Serie A/2017
2025-09-03 20:31:36,491 - src.process_pipeline - INFO - Processing Italy/Serie A/2018
2025-09-03 20:31:36,504 - src.process_pipeline - WARNING - Missing odds file: data\extracted\Italy\Serie A\2018\odds.csv
2025-09-03 20:31:36,511 - src.process_pipeline - INFO - No new fixtures in Italy/Serie A/2018
2025-09-03 20:31:36,512 - src.process_pipeline - INFO - Processing Italy/Serie A/2019
2025-09-03 20:31:36,522 - src.process_pipeline - WARNING - Missing odds file: data\extracted\Italy\Serie A\2019\odds.csv
2025-09-03 20:31:36,529 - src.process_pipeline - INFO - No new fixtures in Italy/Serie A/2019
2025-09-03 20:31:36,530 - src.process_pipeline - INFO - Processing Italy/Serie A/2020
2025-09-03 20:31:36,546 - src.process_pipeline - WARNING - Missing odds file: data\extracted\Italy\Serie A\2020\odds.csv
2025-09-03 20:31:36,559 - src.process_pipeline - INFO - No new fixtures in Italy/Serie A/2020
2025-09-03 20:31:36,560 - src.process_pipeline - INFO - Processing Italy/Serie A/2021
2025-09-03 20:31:36,574 - src.process_pipeline - WARNING - Missing odds file: data\extracted\Italy\Serie A\2021\odds.csv
2025-09-03 20:31:36,580 - src.process_pipeline - INFO - No new fixtures in Italy/Serie A/2021
2025-09-03 20:31:36,581 - src.process_pipeline - INFO - Processing Italy/Serie A/2022
2025-09-03 20:31:36,596 - src.process_pipeline - WARNING - Missing odds file: data\extracted\Italy\Serie A\2022\odds.csv
2025-09-03 20:31:36,605 - src.process_pipeline - INFO - No new fixtures in Italy/Serie A/2022
2025-09-03 20:31:36,606 - src.process_pipeline - INFO - Processing Italy/Serie A/2023
2025-09-03 20:31:36,617 - src.process_pipeline - WARNING - Missing odds file: data\extracted\Italy\Serie A\2023\odds.csv
2025-09-03 20:31:36,624 - src.process_pipeline - INFO - No new fixtures in Italy/Serie A/2023
2025-09-03 20:31:36,624 - src.process_pipeline - INFO - Processing Italy/Serie A/2024
2025-09-03 20:31:36,635 - src.process_pipeline - WARNING - Missing odds file: data\extracted\Italy\Serie A\2024\odds.csv
2025-09-03 20:31:36,641 - src.process_pipeline - INFO - No new fixtures in Italy/Serie A/2024
2025-09-03 20:31:36,642 - src.process_pipeline - INFO - Processing Italy/Serie A/2025
2025-09-03 20:31:36,649 - src.process_pipeline - INFO - Odds data found for Italy/Serie A/2025
2025-09-03 20:31:36,655 - src.process_pipeline - INFO - No new fixtures in Italy/Serie A/2025
2025-09-03 20:31:36,656 - src.process_pipeline - INFO - Processing Italy/Serie B/2017
2025-09-03 20:31:36,666 - src.process_pipeline - WARNING - Missing odds file: data\extracted\Italy\Serie B\2017\odds.csv
2025-09-03 20:31:36,672 - src.process_pipeline - INFO - No new fixtures in Italy/Serie B/2017
2025-09-03 20:31:36,672 - src.process_pipeline - INFO - Processing Italy/Serie B/2018
2025-09-03 20:31:36,673 - src.process_pipeline - WARNING - Missing fixtures file: data\extracted\Italy\Serie B\2018\fixture_events.csv
2025-09-03 20:31:36,673 - src.process_pipeline - INFO - Processing Italy/Serie B/2019
2025-09-03 20:31:36,681 - src.process_pipeline - WARNING - Missing odds file: data\extracted\Italy\Serie B\2019\odds.csv
2025-09-03 20:31:36,688 - src.process_pipeline - INFO - No new fixtures in Italy/Serie B/2019
2025-09-03 20:31:36,689 - src.process_pipeline - INFO - Processing Italy/Serie B/2020
2025-09-03 20:31:36,699 - src.process_pipeline - WARNING - Missing odds file: data\extracted\Italy\Serie B\2020\odds.csv
2025-09-03 20:31:36,713 - src.process_pipeline - INFO - Successfully merged 2 records with team statistics
2025-09-03 20:31:36,724 - src.process_pipeline - INFO - Saved merged data to data\processed\Italy\Serie B\2020\merged_2020.csv
2025-09-03 20:31:36,724 - src.process_pipeline - INFO - Successfully merged 2 records
2025-09-03 20:31:36,727 - src.process_pipeline - INFO - Processing Italy/Serie B/2021
2025-09-03 20:31:36,738 - src.process_pipeline - WARNING - Missing odds file: data\extracted\Italy\Serie B\2021\odds.csv
2025-09-03 20:31:36,744 - src.process_pipeline - INFO - No new fixtures in Italy/Serie B/2021
2025-09-03 20:31:36,745 - src.process_pipeline - INFO - Processing Italy/Serie B/2022
2025-09-03 20:31:36,759 - src.process_pipeline - WARNING - Missing odds file: data\extracted\Italy\Serie B\2022\odds.csv
2025-09-03 20:31:36,769 - src.process_pipeline - INFO - No new fixtures in Italy/Serie B/2022
2025-09-03 20:31:36,770 - src.process_pipeline - INFO - Processing Italy/Serie B/2023
2025-09-03 20:31:36,780 - src.process_pipeline - WARNING - Missing odds file: data\extracted\Italy\Serie B\2023\odds.csv
2025-09-03 20:31:36,789 - src.process_pipeline - INFO - No new fixtures in Italy/Serie B/2023
2025-09-03 20:31:36,790 - src.process_pipeline - INFO - Processing Italy/Serie B/2024
2025-09-03 20:31:36,800 - src.process_pipeline - WARNING - Missing odds file: data\extracted\Italy\Serie B\2024\odds.csv
2025-09-03 20:31:36,806 - src.process_pipeline - INFO - No new fixtures in Italy/Serie B/2024
2025-09-03 20:31:36,807 - src.process_pipeline - INFO - Processing Italy/Serie B/2025
2025-09-03 20:31:36,807 - src.process_pipeline - WARNING - Missing fixtures file: data\extracted\Italy\Serie B\2025\fixture_events.csv
2025-09-03 20:31:36,807 - src.process_pipeline - INFO - Processing Italy/Serie C/2025
2025-09-03 20:31:36,807 - src.process_pipeline - WARNING - Missing team stats file: data\extracted\Italy\Serie C\2025\team_statistics.csv
2025-09-03 20:31:36,808 - src.process_pipeline - INFO - Processing Spain/Copa del Rey/2018
2025-09-03 20:31:36,813 - src.process_pipeline - WARNING - Missing odds file: data\extracted\Spain\Copa del Rey\2018\odds.csv
2025-09-03 20:31:36,821 - src.process_pipeline - INFO - No new fixtures in Spain/Copa del Rey/2018
2025-09-03 20:31:36,822 - src.process_pipeline - INFO - Processing Spain/Copa del Rey/2019
2025-09-03 20:31:36,828 - src.process_pipeline - WARNING - Missing odds file: data\extracted\Spain\Copa del Rey\2019\odds.csv
2025-09-03 20:31:36,838 - src.process_pipeline - ERROR - No home or away data found after splitting
2025-09-03 20:31:36,838 - src.process_pipeline - ERROR - Error processing Spain/Copa del Rey/2019: No home or away data found after splitting
2025-09-03 20:31:36,838 - src.process_pipeline - INFO - Processing Spain/Copa del Rey/2020
2025-09-03 20:31:36,844 - src.process_pipeline - WARNING - Missing odds file: data\extracted\Spain\Copa del Rey\2020\odds.csv
2025-09-03 20:31:36,854 - src.process_pipeline - ERROR - No home or away data found after splitting
2025-09-03 20:31:36,854 - src.process_pipeline - ERROR - Error processing Spain/Copa del Rey/2020: No home or away data found after splitting
2025-09-03 20:31:36,855 - src.process_pipeline - INFO - Processing Spain/Copa del Rey/2021
2025-09-03 20:31:36,861 - src.process_pipeline - WARNING - Missing odds file: data\extracted\Spain\Copa del Rey\2021\odds.csv
2025-09-03 20:31:36,871 - src.process_pipeline - ERROR - No home or away data found after splitting
2025-09-03 20:31:36,871 - src.process_pipeline - ERROR - Error processing Spain/Copa del Rey/2021: No home or away data found after splitting
2025-09-03 20:31:36,872 - src.process_pipeline - INFO - Processing Spain/Copa del Rey/2022
2025-09-03 20:31:36,878 - src.process_pipeline - WARNING - Missing odds file: data\extracted\Spain\Copa del Rey\2022\odds.csv
2025-09-03 20:31:36,884 - src.process_pipeline - INFO - No new fixtures in Spain/Copa del Rey/2022
2025-09-03 20:31:36,885 - src.process_pipeline - INFO - Processing Spain/Copa del Rey/2023
2025-09-03 20:31:36,891 - src.process_pipeline - WARNING - Missing odds file: data\extracted\Spain\Copa del Rey\2023\odds.csv
2025-09-03 20:31:36,898 - src.process_pipeline - INFO - No new fixtures in Spain/Copa del Rey/2023
2025-09-03 20:31:36,899 - src.process_pipeline - INFO - Processing Spain/Copa del Rey/2024
2025-09-03 20:31:36,906 - src.process_pipeline - WARNING - Missing odds file: data\extracted\Spain\Copa del Rey\2024\odds.csv
2025-09-03 20:31:36,918 - src.process_pipeline - ERROR - No home or away data found after splitting
2025-09-03 20:31:36,918 - src.process_pipeline - ERROR - Error processing Spain/Copa del Rey/2024: No home or away data found after splitting
2025-09-03 20:31:36,919 - src.process_pipeline - INFO - Processing Spain/Copa del Rey/2025
2025-09-03 20:31:36,919 - src.process_pipeline - WARNING - Missing fixtures file: data\extracted\Spain\Copa del Rey\2025\fixture_events.csv
2025-09-03 20:31:36,919 - src.process_pipeline - INFO - Processing Spain/La Liga/2018
2025-09-03 20:31:36,929 - src.process_pipeline - WARNING - Missing odds file: data\extracted\Spain\La Liga\2018\odds.csv
2025-09-03 20:31:36,936 - src.process_pipeline - INFO - No new fixtures in Spain/La Liga/2018
2025-09-03 20:31:36,937 - src.process_pipeline - INFO - Processing Spain/La Liga/2019
2025-09-03 20:31:36,946 - src.process_pipeline - WARNING - Missing odds file: data\extracted\Spain\La Liga\2019\odds.csv
2025-09-03 20:31:36,954 - src.process_pipeline - INFO - No new fixtures in Spain/La Liga/2019
2025-09-03 20:31:36,955 - src.process_pipeline - INFO - Processing Spain/La Liga/2020
2025-09-03 20:31:36,967 - src.process_pipeline - WARNING - Missing odds file: data\extracted\Spain\La Liga\2020\odds.csv
2025-09-03 20:31:36,974 - src.process_pipeline - INFO - No new fixtures in Spain/La Liga/2020
2025-09-03 20:31:36,975 - src.process_pipeline - INFO - Processing Spain/La Liga/2021
2025-09-03 20:31:36,987 - src.process_pipeline - WARNING - Missing odds file: data\extracted\Spain\La Liga\2021\odds.csv
2025-09-03 20:31:36,996 - src.process_pipeline - INFO - No new fixtures in Spain/La Liga/2021
2025-09-03 20:31:36,997 - src.process_pipeline - INFO - Processing Spain/La Liga/2022
2025-09-03 20:31:37,014 - src.process_pipeline - WARNING - Missing odds file: data\extracted\Spain\La Liga\2022\odds.csv
2025-09-03 20:31:37,026 - src.process_pipeline - INFO - No new fixtures in Spain/La Liga/2022
2025-09-03 20:31:37,027 - src.process_pipeline - INFO - Processing Spain/La Liga/2023
2025-09-03 20:31:37,044 - src.process_pipeline - WARNING - Missing odds file: data\extracted\Spain\La Liga\2023\odds.csv
2025-09-03 20:31:37,058 - src.process_pipeline - INFO - No new fixtures in Spain/La Liga/2023
2025-09-03 20:31:37,059 - src.process_pipeline - INFO - Processing Spain/La Liga/2024
2025-09-03 20:31:37,074 - src.process_pipeline - WARNING - Missing odds file: data\extracted\Spain\La Liga\2024\odds.csv
2025-09-03 20:31:37,083 - src.process_pipeline - INFO - No new fixtures in Spain/La Liga/2024
2025-09-03 20:31:37,084 - src.process_pipeline - INFO - Processing Spain/La Liga/2025
2025-09-03 20:31:37,093 - src.process_pipeline - INFO - Odds data found for Spain/La Liga/2025
2025-09-03 20:31:37,101 - src.process_pipeline - INFO - No new fixtures in Spain/La Liga/2025
2025-09-03 20:31:37,101 - src.process_pipeline - INFO - Processing Spain/Segunda Division/2017
2025-09-03 20:31:37,115 - src.process_pipeline - WARNING - Missing odds file: data\extracted\Spain\Segunda Division\2017\odds.csv
2025-09-03 20:31:37,123 - src.process_pipeline - INFO - No new fixtures in Spain/Segunda Division/2017
2025-09-03 20:31:37,124 - src.process_pipeline - INFO - Processing Spain/Segunda Division/2018
2025-09-03 20:31:37,138 - src.process_pipeline - WARNING - Missing odds file: data\extracted\Spain\Segunda Division\2018\odds.csv
2025-09-03 20:31:37,149 - src.process_pipeline - ERROR - No home or away data found after splitting
2025-09-03 20:31:37,149 - src.process_pipeline - ERROR - Error processing Spain/Segunda Division/2018: No home or away data found after splitting
2025-09-03 20:31:37,150 - src.process_pipeline - INFO - Processing Spain/Segunda Division/2019
2025-09-03 20:31:37,160 - src.process_pipeline - WARNING - Missing odds file: data\extracted\Spain\Segunda Division\2019\odds.csv
2025-09-03 20:31:37,167 - src.process_pipeline - INFO - No new fixtures in Spain/Segunda Division/2019
2025-09-03 20:31:37,168 - src.process_pipeline - INFO - Processing Spain/Segunda Division/2020
2025-09-03 20:31:37,180 - src.process_pipeline - WARNING - Missing odds file: data\extracted\Spain\Segunda Division\2020\odds.csv
2025-09-03 20:31:37,189 - src.process_pipeline - INFO - No new fixtures in Spain/Segunda Division/2020
2025-09-03 20:31:37,190 - src.process_pipeline - INFO - Processing Spain/Segunda Division/2021
2025-09-03 20:31:37,204 - src.process_pipeline - WARNING - Missing odds file: data\extracted\Spain\Segunda Division\2021\odds.csv
2025-09-03 20:31:37,211 - src.process_pipeline - INFO - No new fixtures in Spain/Segunda Division/2021
2025-09-03 20:31:37,212 - src.process_pipeline - INFO - Processing Spain/Segunda Division/2022
2025-09-03 20:31:37,228 - src.process_pipeline - WARNING - Missing odds file: data\extracted\Spain\Segunda Division\2022\odds.csv
2025-09-03 20:31:37,237 - src.process_pipeline - INFO - No new fixtures in Spain/Segunda Division/2022
2025-09-03 20:31:37,238 - src.process_pipeline - INFO - Processing Spain/Segunda Division/2023
2025-09-03 20:31:37,253 - src.process_pipeline - WARNING - Missing odds file: data\extracted\Spain\Segunda Division\2023\odds.csv
2025-09-03 20:31:37,261 - src.process_pipeline - INFO - No new fixtures in Spain/Segunda Division/2023
2025-09-03 20:31:37,261 - src.process_pipeline - INFO - Processing Spain/Segunda Division/2024
2025-09-03 20:31:37,276 - src.process_pipeline - WARNING - Missing odds file: data\extracted\Spain\Segunda Division\2024\odds.csv
2025-09-03 20:31:37,284 - src.process_pipeline - INFO - No new fixtures in Spain/Segunda Division/2024
2025-09-03 20:31:37,284 - src.process_pipeline - INFO - Processing Spain/Segunda Division/2025
2025-09-03 20:31:37,292 - src.process_pipeline - INFO - Odds data found for Spain/Segunda Division/2025
2025-09-03 20:31:37,301 - src.process_pipeline - INFO - No new fixtures in Spain/Segunda Division/2025
2025-09-03 20:31:37,301 - src.process_pipeline - INFO - Starting preprocessing and feature engineering
2025-09-03 20:31:37,301 - src.process_pipeline - INFO - Initial data shape: (13, 72)
2025-09-03 20:31:37,301 - src.process_pipeline - INFO - Cleaning data
2025-09-03 20:31:37,343 - src.process_pipeline - INFO - Adding competition info from league names
