2025-09-01 16:26:32,603 - src.process_pipeline - INFO - Logging initialized. Log file: logs/process\process_20250901_162632.log
2025-09-01 16:26:33,442 - src.process_pipeline - INFO - Loaded H2H data with 6740 team pairs
2025-09-01 16:26:33,458 - src.process_pipeline - INFO - Loaded standings data for 4512 teams
2025-09-01 16:26:35,520 - src.process_pipeline - INFO - Processing England/Championship/2017
2025-09-01 16:26:35,599 - src.process_pipeline - INFO - Successfully merged 557 records with team statistics
2025-09-01 16:26:35,621 - src.process_pipeline - INFO - Saved merged data to data\processed\England\Championship\2017\merged_2017.csv
2025-09-01 16:26:35,621 - src.process_pipeline - INFO - Successfully merged 557 records
2025-09-01 16:26:35,622 - src.process_pipeline - INFO - Processing England/Championship/2018
2025-09-01 16:26:35,693 - src.process_pipeline - INFO - Successfully merged 557 records with team statistics
2025-09-01 16:26:35,714 - src.process_pipeline - INFO - Saved merged data to data\processed\England\Championship\2018\merged_2018.csv
2025-09-01 16:26:35,714 - src.process_pipeline - INFO - Successfully merged 557 records
2025-09-01 16:26:35,716 - src.process_pipeline - INFO - Processing England/Championship/2019
2025-09-01 16:26:35,784 - src.process_pipeline - INFO - Successfully merged 444 records with team statistics
2025-09-01 16:26:35,797 - src.process_pipeline - INFO - Saved merged data to data\processed\England\Championship\2019\merged_2019.csv
2025-09-01 16:26:35,797 - src.process_pipeline - INFO - Successfully merged 444 records
2025-09-01 16:26:35,800 - src.process_pipeline - INFO - Processing England/Championship/2020
2025-09-01 16:26:35,871 - src.process_pipeline - INFO - Successfully merged 557 records with team statistics
2025-09-01 16:26:35,887 - src.process_pipeline - INFO - Saved merged data to data\processed\England\Championship\2020\merged_2020.csv
2025-09-01 16:26:35,887 - src.process_pipeline - INFO - Successfully merged 557 records
2025-09-01 16:26:35,890 - src.process_pipeline - INFO - Processing England/Championship/2021
2025-09-01 16:26:35,965 - src.process_pipeline - INFO - Successfully merged 557 records with team statistics
2025-09-01 16:26:35,981 - src.process_pipeline - INFO - Saved merged data to data\processed\England\Championship\2021\merged_2021.csv
2025-09-01 16:26:35,981 - src.process_pipeline - INFO - Successfully merged 557 records
2025-09-01 16:26:35,984 - src.process_pipeline - INFO - Processing England/Championship/2022
2025-09-01 16:26:36,060 - src.process_pipeline - INFO - Successfully merged 546 records with team statistics
2025-09-01 16:26:36,076 - src.process_pipeline - INFO - Saved merged data to data\processed\England\Championship\2022\merged_2022.csv
2025-09-01 16:26:36,076 - src.process_pipeline - INFO - Successfully merged 546 records
2025-09-01 16:26:36,079 - src.process_pipeline - INFO - Processing England/Championship/2023
2025-09-01 16:26:36,149 - src.process_pipeline - INFO - Successfully merged 557 records with team statistics
2025-09-01 16:26:36,169 - src.process_pipeline - INFO - Saved merged data to data\processed\England\Championship\2023\merged_2023.csv
2025-09-01 16:26:36,169 - src.process_pipeline - INFO - Successfully merged 557 records
2025-09-01 16:26:36,172 - src.process_pipeline - INFO - Processing England/Championship/2024
2025-09-01 16:26:36,245 - src.process_pipeline - INFO - Successfully merged 557 records with team statistics
2025-09-01 16:26:36,260 - src.process_pipeline - INFO - Saved merged data to data\processed\England\Championship\2024\merged_2024.csv
2025-09-01 16:26:36,260 - src.process_pipeline - INFO - Successfully merged 557 records
2025-09-01 16:26:36,263 - src.process_pipeline - INFO - Processing England/Championship/2025
2025-09-01 16:26:36,322 - src.process_pipeline - INFO - Successfully merged 24 records with team statistics
2025-09-01 16:26:36,325 - src.process_pipeline - INFO - Saved merged data to data\processed\England\Championship\2025\merged_2025.csv
2025-09-01 16:26:36,325 - src.process_pipeline - INFO - Successfully merged 24 records
2025-09-01 16:26:36,328 - src.process_pipeline - INFO - Processing England/EFL Trophy/2021
2025-09-01 16:26:36,389 - src.process_pipeline - INFO - Successfully merged 127 records with team statistics
2025-09-01 16:26:36,395 - src.process_pipeline - INFO - Saved merged data to data\processed\England\EFL Trophy\2021\merged_2021.csv
2025-09-01 16:26:36,395 - src.process_pipeline - INFO - Successfully merged 127 records
2025-09-01 16:26:36,398 - src.process_pipeline - INFO - Processing England/EFL Trophy/2022
2025-09-01 16:26:36,460 - src.process_pipeline - INFO - Successfully merged 127 records with team statistics
2025-09-01 16:26:36,466 - src.process_pipeline - INFO - Saved merged data to data\processed\England\EFL Trophy\2022\merged_2022.csv
2025-09-01 16:26:36,466 - src.process_pipeline - INFO - Successfully merged 127 records
2025-09-01 16:26:36,469 - src.process_pipeline - INFO - Processing England/EFL Trophy/2023
2025-09-01 16:26:36,526 - src.process_pipeline - INFO - Successfully merged 127 records with team statistics
2025-09-01 16:26:36,533 - src.process_pipeline - INFO - Saved merged data to data\processed\England\EFL Trophy\2023\merged_2023.csv
2025-09-01 16:26:36,533 - src.process_pipeline - INFO - Successfully merged 127 records
2025-09-01 16:26:36,537 - src.process_pipeline - INFO - Processing England/EFL Trophy/2024
2025-09-01 16:26:36,612 - src.process_pipeline - INFO - Successfully merged 127 records with team statistics
2025-09-01 16:26:36,620 - src.process_pipeline - INFO - Saved merged data to data\processed\England\EFL Trophy\2024\merged_2024.csv
2025-09-01 16:26:36,621 - src.process_pipeline - INFO - Successfully merged 127 records
2025-09-01 16:26:36,624 - src.process_pipeline - INFO - Processing England/FA Cup/2018
2025-09-01 16:26:36,688 - src.process_pipeline - INFO - Successfully merged 150 records with team statistics
2025-09-01 16:26:36,695 - src.process_pipeline - INFO - Saved merged data to data\processed\England\FA Cup\2018\merged_2018.csv
2025-09-01 16:26:36,695 - src.process_pipeline - INFO - Successfully merged 150 records
2025-09-01 16:26:36,698 - src.process_pipeline - INFO - Processing England/FA Cup/2019
2025-09-01 16:26:36,767 - src.process_pipeline - INFO - Successfully merged 149 records with team statistics
2025-09-01 16:26:36,773 - src.process_pipeline - INFO - Saved merged data to data\processed\England\FA Cup\2019\merged_2019.csv
2025-09-01 16:26:36,773 - src.process_pipeline - INFO - Successfully merged 149 records
2025-09-01 16:26:36,777 - src.process_pipeline - INFO - Processing England/FA Cup/2020
2025-09-01 16:26:36,848 - src.process_pipeline - INFO - Successfully merged 124 records with team statistics
2025-09-01 16:26:36,860 - src.process_pipeline - INFO - Saved merged data to data\processed\England\FA Cup\2020\merged_2020.csv
2025-09-01 16:26:36,860 - src.process_pipeline - INFO - Successfully merged 124 records
2025-09-01 16:26:36,866 - src.process_pipeline - INFO - Processing England/FA Cup/2021
2025-09-01 16:26:36,942 - src.process_pipeline - INFO - Successfully merged 136 records with team statistics
2025-09-01 16:26:36,947 - src.process_pipeline - INFO - Saved merged data to data\processed\England\FA Cup\2021\merged_2021.csv
2025-09-01 16:26:36,947 - src.process_pipeline - INFO - Successfully merged 136 records
2025-09-01 16:26:36,951 - src.process_pipeline - INFO - Processing England/FA Cup/2022
2025-09-01 16:26:37,014 - src.process_pipeline - INFO - Successfully merged 143 records with team statistics
2025-09-01 16:26:37,020 - src.process_pipeline - INFO - Saved merged data to data\processed\England\FA Cup\2022\merged_2022.csv
2025-09-01 16:26:37,021 - src.process_pipeline - INFO - Successfully merged 143 records
2025-09-01 16:26:37,025 - src.process_pipeline - INFO - Processing England/FA Cup/2023
2025-09-01 16:26:37,091 - src.process_pipeline - INFO - Successfully merged 149 records with team statistics
2025-09-01 16:26:37,096 - src.process_pipeline - INFO - Saved merged data to data\processed\England\FA Cup\2023\merged_2023.csv
2025-09-01 16:26:37,097 - src.process_pipeline - INFO - Successfully merged 149 records
2025-09-01 16:26:37,100 - src.process_pipeline - INFO - Processing England/FA Cup/2024
2025-09-01 16:26:37,161 - src.process_pipeline - INFO - Successfully merged 123 records with team statistics
2025-09-01 16:26:37,166 - src.process_pipeline - INFO - Saved merged data to data\processed\England\FA Cup\2024\merged_2024.csv
2025-09-01 16:26:37,166 - src.process_pipeline - INFO - Successfully merged 123 records
2025-09-01 16:26:37,170 - src.process_pipeline - INFO - Processing England/FA Trophy/2023
2025-09-01 16:26:37,171 - src.process_pipeline - WARNING - Missing team stats file: data\extracted\England\FA Trophy\2023\team_statistics.csv
2025-09-01 16:26:37,172 - src.process_pipeline - INFO - Processing England/FA Trophy/2024
2025-09-01 16:26:37,172 - src.process_pipeline - WARNING - Missing fixtures file: data\extracted\England\FA Trophy\2024\fixture_events.csv
2025-09-01 16:26:37,173 - src.process_pipeline - INFO - Processing England/Premier League/2018
2025-09-01 16:26:37,237 - src.process_pipeline - INFO - Successfully merged 380 records with team statistics
2025-09-01 16:26:37,248 - src.process_pipeline - INFO - Saved merged data to data\processed\England\Premier League\2018\merged_2018.csv
2025-09-01 16:26:37,248 - src.process_pipeline - INFO - Successfully merged 380 records
2025-09-01 16:26:37,252 - src.process_pipeline - INFO - Processing England/Premier League/2019
2025-09-01 16:26:37,315 - src.process_pipeline - INFO - Successfully merged 288 records with team statistics
2025-09-01 16:26:37,325 - src.process_pipeline - INFO - Saved merged data to data\processed\England\Premier League\2019\merged_2019.csv
2025-09-01 16:26:37,325 - src.process_pipeline - INFO - Successfully merged 288 records
2025-09-01 16:26:37,329 - src.process_pipeline - INFO - Processing England/Premier League/2020
2025-09-01 16:26:37,395 - src.process_pipeline - INFO - Successfully merged 380 records with team statistics
2025-09-01 16:26:37,407 - src.process_pipeline - INFO - Saved merged data to data\processed\England\Premier League\2020\merged_2020.csv
2025-09-01 16:26:37,407 - src.process_pipeline - INFO - Successfully merged 380 records
2025-09-01 16:26:37,413 - src.process_pipeline - INFO - Processing England/Premier League/2021
2025-09-01 16:26:37,483 - src.process_pipeline - INFO - Successfully merged 380 records with team statistics
2025-09-01 16:26:37,499 - src.process_pipeline - INFO - Saved merged data to data\processed\England\Premier League\2021\merged_2021.csv
2025-09-01 16:26:37,499 - src.process_pipeline - INFO - Successfully merged 380 records
2025-09-01 16:26:37,506 - src.process_pipeline - INFO - Processing England/Premier League/2022
2025-09-01 16:26:37,575 - src.process_pipeline - INFO - Successfully merged 380 records with team statistics
2025-09-01 16:26:37,586 - src.process_pipeline - INFO - Saved merged data to data\processed\England\Premier League\2022\merged_2022.csv
2025-09-01 16:26:37,587 - src.process_pipeline - INFO - Successfully merged 380 records
2025-09-01 16:26:37,593 - src.process_pipeline - INFO - Processing England/Premier League/2023
2025-09-01 16:26:37,666 - src.process_pipeline - INFO - Successfully merged 380 records with team statistics
2025-09-01 16:26:37,677 - src.process_pipeline - INFO - Saved merged data to data\processed\England\Premier League\2023\merged_2023.csv
2025-09-01 16:26:37,678 - src.process_pipeline - INFO - Successfully merged 380 records
2025-09-01 16:26:37,683 - src.process_pipeline - INFO - Processing England/Premier League/2024
2025-09-01 16:26:37,752 - src.process_pipeline - INFO - Successfully merged 380 records with team statistics
2025-09-01 16:26:37,763 - src.process_pipeline - INFO - Saved merged data to data\processed\England\Premier League\2024\merged_2024.csv
2025-09-01 16:26:37,763 - src.process_pipeline - INFO - Successfully merged 380 records
2025-09-01 16:26:37,768 - src.process_pipeline - INFO - Processing England/Premier League/2025
2025-09-01 16:26:37,825 - src.process_pipeline - INFO - Successfully merged 30 records with team statistics
2025-09-01 16:26:37,828 - src.process_pipeline - INFO - Saved merged data to data\processed\England\Premier League\2025\merged_2025.csv
2025-09-01 16:26:37,828 - src.process_pipeline - INFO - Successfully merged 30 records
2025-09-01 16:26:37,835 - src.process_pipeline - INFO - Processing Europe/Champions League/2018
2025-09-01 16:26:37,896 - src.process_pipeline - INFO - Successfully merged 166 records with team statistics
2025-09-01 16:26:37,903 - src.process_pipeline - INFO - Saved merged data to data\processed\Europe\Champions League\2018\merged_2018.csv
2025-09-01 16:26:37,903 - src.process_pipeline - INFO - Successfully merged 166 records
2025-09-01 16:26:37,909 - src.process_pipeline - INFO - Processing Europe/Champions League/2019
2025-09-01 16:26:37,969 - src.process_pipeline - INFO - Successfully merged 140 records with team statistics
2025-09-01 16:26:37,976 - src.process_pipeline - INFO - Saved merged data to data\processed\Europe\Champions League\2019\merged_2019.csv
2025-09-01 16:26:37,976 - src.process_pipeline - INFO - Successfully merged 140 records
2025-09-01 16:26:37,982 - src.process_pipeline - INFO - Processing Europe/Champions League/2020
2025-09-01 16:26:38,048 - src.process_pipeline - INFO - Successfully merged 178 records with team statistics
2025-09-01 16:26:38,056 - src.process_pipeline - INFO - Saved merged data to data\processed\Europe\Champions League\2020\merged_2020.csv
2025-09-01 16:26:38,056 - src.process_pipeline - INFO - Successfully merged 178 records
2025-09-01 16:26:38,062 - src.process_pipeline - INFO - Processing Europe/Champions League/2021
2025-09-01 16:26:38,121 - src.process_pipeline - INFO - Successfully merged 157 records with team statistics
2025-09-01 16:26:38,128 - src.process_pipeline - INFO - Saved merged data to data\processed\Europe\Champions League\2021\merged_2021.csv
2025-09-01 16:26:38,128 - src.process_pipeline - INFO - Successfully merged 157 records
2025-09-01 16:26:38,134 - src.process_pipeline - INFO - Processing Europe/Champions League/2022
2025-09-01 16:26:38,193 - src.process_pipeline - INFO - Successfully merged 210 records with team statistics
2025-09-01 16:26:38,202 - src.process_pipeline - INFO - Saved merged data to data\processed\Europe\Champions League\2022\merged_2022.csv
2025-09-01 16:26:38,202 - src.process_pipeline - INFO - Successfully merged 210 records
2025-09-01 16:26:38,210 - src.process_pipeline - INFO - Processing Europe/Champions League/2023
2025-09-01 16:26:38,272 - src.process_pipeline - INFO - Successfully merged 211 records with team statistics
2025-09-01 16:26:38,280 - src.process_pipeline - INFO - Saved merged data to data\processed\Europe\Champions League\2023\merged_2023.csv
2025-09-01 16:26:38,280 - src.process_pipeline - INFO - Successfully merged 211 records
2025-09-01 16:26:38,286 - src.process_pipeline - INFO - Processing Europe/Champions League/2024
2025-09-01 16:26:38,349 - src.process_pipeline - INFO - Successfully merged 279 records with team statistics
2025-09-01 16:26:38,361 - src.process_pipeline - INFO - Saved merged data to data\processed\Europe\Champions League\2024\merged_2024.csv
2025-09-01 16:26:38,361 - src.process_pipeline - INFO - Successfully merged 279 records
2025-09-01 16:26:38,370 - src.process_pipeline - INFO - Processing Europe/Champions League/2025
2025-09-01 16:26:38,432 - src.process_pipeline - INFO - Successfully merged 30 records with team statistics
2025-09-01 16:26:38,435 - src.process_pipeline - INFO - Saved merged data to data\processed\Europe\Champions League\2025\merged_2025.csv
2025-09-01 16:26:38,435 - src.process_pipeline - INFO - Successfully merged 30 records
2025-09-01 16:26:38,441 - src.process_pipeline - INFO - Processing Europe/Conference League/2021
2025-09-01 16:26:38,502 - src.process_pipeline - INFO - Successfully merged 423 records with team statistics
2025-09-01 16:26:38,517 - src.process_pipeline - INFO - Saved merged data to data\processed\Europe\Conference League\2021\merged_2021.csv
2025-09-01 16:26:38,517 - src.process_pipeline - INFO - Successfully merged 423 records
2025-09-01 16:26:38,527 - src.process_pipeline - INFO - Processing Europe/Conference League/2022
2025-09-01 16:26:38,596 - src.process_pipeline - INFO - Successfully merged 414 records with team statistics
2025-09-01 16:26:38,611 - src.process_pipeline - INFO - Saved merged data to data\processed\Europe\Conference League\2022\merged_2022.csv
2025-09-01 16:26:38,611 - src.process_pipeline - INFO - Successfully merged 414 records
2025-09-01 16:26:38,617 - src.process_pipeline - INFO - Processing Europe/Conference League/2023
2025-09-01 16:26:38,682 - src.process_pipeline - INFO - Successfully merged 417 records with team statistics
2025-09-01 16:26:38,697 - src.process_pipeline - INFO - Saved merged data to data\processed\Europe\Conference League\2023\merged_2023.csv
2025-09-01 16:26:38,698 - src.process_pipeline - INFO - Successfully merged 417 records
2025-09-01 16:26:38,705 - src.process_pipeline - INFO - Processing Europe/Conference League/2024
2025-09-01 16:26:38,705 - src.process_pipeline - WARNING - Missing team stats file: data\extracted\Europe\Conference League\2024\team_statistics.csv
2025-09-01 16:26:38,706 - src.process_pipeline - INFO - Processing Europe/Conference League/2025
2025-09-01 16:26:38,759 - src.process_pipeline - INFO - Successfully merged 84 records with team statistics
2025-09-01 16:26:38,763 - src.process_pipeline - INFO - Saved merged data to data\processed\Europe\Conference League\2025\merged_2025.csv
2025-09-01 16:26:38,763 - src.process_pipeline - INFO - Successfully merged 84 records
2025-09-01 16:26:38,771 - src.process_pipeline - INFO - Processing Europe/Europa League/2018
2025-09-01 16:26:38,833 - src.process_pipeline - INFO - Successfully merged 364 records with team statistics
2025-09-01 16:26:38,846 - src.process_pipeline - INFO - Saved merged data to data\processed\Europe\Europa League\2018\merged_2018.csv
2025-09-01 16:26:38,846 - src.process_pipeline - INFO - Successfully merged 364 records
2025-09-01 16:26:38,855 - src.process_pipeline - INFO - Processing Europe/Europa League/2019
2025-09-01 16:26:38,918 - src.process_pipeline - INFO - Successfully merged 337 records with team statistics
2025-09-01 16:26:38,930 - src.process_pipeline - INFO - Saved merged data to data\processed\Europe\Europa League\2019\merged_2019.csv
2025-09-01 16:26:38,931 - src.process_pipeline - INFO - Successfully merged 337 records
2025-09-01 16:26:38,939 - src.process_pipeline - INFO - Processing Europe/Europa League/2020
2025-09-01 16:26:38,999 - src.process_pipeline - INFO - Successfully merged 362 records with team statistics
2025-09-01 16:26:39,012 - src.process_pipeline - INFO - Saved merged data to data\processed\Europe\Europa League\2020\merged_2020.csv
2025-09-01 16:26:39,012 - src.process_pipeline - INFO - Successfully merged 362 records
2025-09-01 16:26:39,019 - src.process_pipeline - INFO - Processing Europe/Europa League/2021
2025-09-01 16:26:39,079 - src.process_pipeline - INFO - Successfully merged 177 records with team statistics
2025-09-01 16:26:39,088 - src.process_pipeline - INFO - Saved merged data to data\processed\Europe\Europa League\2021\merged_2021.csv
2025-09-01 16:26:39,089 - src.process_pipeline - INFO - Successfully merged 177 records
2025-09-01 16:26:39,098 - src.process_pipeline - INFO - Processing Europe/Europa League/2022
2025-09-01 16:26:39,160 - src.process_pipeline - INFO - Successfully merged 175 records with team statistics
2025-09-01 16:26:39,168 - src.process_pipeline - INFO - Saved merged data to data\processed\Europe\Europa League\2022\merged_2022.csv
2025-09-01 16:26:39,168 - src.process_pipeline - INFO - Successfully merged 175 records
2025-09-01 16:26:39,176 - src.process_pipeline - INFO - Processing Europe/Europa League/2023
2025-09-01 16:26:39,238 - src.process_pipeline - INFO - Successfully merged 175 records with team statistics
2025-09-01 16:26:39,246 - src.process_pipeline - INFO - Saved merged data to data\processed\Europe\Europa League\2023\merged_2023.csv
2025-09-01 16:26:39,246 - src.process_pipeline - INFO - Successfully merged 175 records
2025-09-01 16:26:39,254 - src.process_pipeline - INFO - Processing Europe/Europa League/2024
2025-09-01 16:26:39,316 - src.process_pipeline - INFO - Successfully merged 269 records with team statistics
2025-09-01 16:26:39,334 - src.process_pipeline - INFO - Saved merged data to data\processed\Europe\Europa League\2024\merged_2024.csv
2025-09-01 16:26:39,334 - src.process_pipeline - INFO - Successfully merged 269 records
2025-09-01 16:26:39,343 - src.process_pipeline - INFO - Processing Europe/Europa League/2025
2025-09-01 16:26:39,405 - src.process_pipeline - INFO - Successfully merged 38 records with team statistics
2025-09-01 16:26:39,409 - src.process_pipeline - INFO - Saved merged data to data\processed\Europe\Europa League\2025\merged_2025.csv
2025-09-01 16:26:39,409 - src.process_pipeline - INFO - Successfully merged 38 records
2025-09-01 16:26:39,417 - src.process_pipeline - INFO - Processing France/Coupe de France/2018
2025-09-01 16:26:39,478 - src.process_pipeline - INFO - Successfully merged 195 records with team statistics
2025-09-01 16:26:39,485 - src.process_pipeline - INFO - Saved merged data to data\processed\France\Coupe de France\2018\merged_2018.csv
2025-09-01 16:26:39,485 - src.process_pipeline - INFO - Successfully merged 195 records
2025-09-01 16:26:39,494 - src.process_pipeline - INFO - Processing France/Coupe de France/2019
2025-09-01 16:26:39,555 - src.process_pipeline - INFO - Successfully merged 194 records with team statistics
2025-09-01 16:26:39,562 - src.process_pipeline - INFO - Saved merged data to data\processed\France\Coupe de France\2019\merged_2019.csv
2025-09-01 16:26:39,562 - src.process_pipeline - INFO - Successfully merged 194 records
2025-09-01 16:26:39,570 - src.process_pipeline - INFO - Processing France/Coupe de France/2020
2025-09-01 16:26:39,633 - src.process_pipeline - INFO - Successfully merged 170 records with team statistics
2025-09-01 16:26:39,640 - src.process_pipeline - INFO - Saved merged data to data\processed\France\Coupe de France\2020\merged_2020.csv
2025-09-01 16:26:39,640 - src.process_pipeline - INFO - Successfully merged 170 records
2025-09-01 16:26:39,650 - src.process_pipeline - INFO - Processing France/Coupe de France/2021
2025-09-01 16:26:39,717 - src.process_pipeline - INFO - Successfully merged 193 records with team statistics
2025-09-01 16:26:39,725 - src.process_pipeline - INFO - Saved merged data to data\processed\France\Coupe de France\2021\merged_2021.csv
2025-09-01 16:26:39,726 - src.process_pipeline - INFO - Successfully merged 193 records
2025-09-01 16:26:39,734 - src.process_pipeline - INFO - Processing France/Coupe de France/2022
2025-09-01 16:26:39,797 - src.process_pipeline - INFO - Successfully merged 195 records with team statistics
2025-09-01 16:26:39,804 - src.process_pipeline - INFO - Saved merged data to data\processed\France\Coupe de France\2022\merged_2022.csv
2025-09-01 16:26:39,804 - src.process_pipeline - INFO - Successfully merged 195 records
2025-09-01 16:26:39,812 - src.process_pipeline - INFO - Processing France/Coupe de France/2023
2025-09-01 16:26:39,879 - src.process_pipeline - INFO - Successfully merged 197 records with team statistics
2025-09-01 16:26:39,887 - src.process_pipeline - INFO - Saved merged data to data\processed\France\Coupe de France\2023\merged_2023.csv
2025-09-01 16:26:39,887 - src.process_pipeline - INFO - Successfully merged 197 records
2025-09-01 16:26:39,897 - src.process_pipeline - INFO - Processing France/Coupe de France/2024
2025-09-01 16:26:39,960 - src.process_pipeline - INFO - Successfully merged 199 records with team statistics
2025-09-01 16:26:39,967 - src.process_pipeline - INFO - Saved merged data to data\processed\France\Coupe de France\2024\merged_2024.csv
2025-09-01 16:26:39,967 - src.process_pipeline - INFO - Successfully merged 199 records
2025-09-01 16:26:39,976 - src.process_pipeline - INFO - Processing France/Ligue 1/2018
2025-09-01 16:26:40,046 - src.process_pipeline - INFO - Successfully merged 380 records with team statistics
2025-09-01 16:26:40,057 - src.process_pipeline - INFO - Saved merged data to data\processed\France\Ligue 1\2018\merged_2018.csv
2025-09-01 16:26:40,058 - src.process_pipeline - INFO - Successfully merged 380 records
2025-09-01 16:26:40,066 - src.process_pipeline - INFO - Processing France/Ligue 1/2019
2025-09-01 16:26:40,137 - src.process_pipeline - INFO - Successfully merged 380 records with team statistics
2025-09-01 16:26:40,151 - src.process_pipeline - INFO - Saved merged data to data\processed\France\Ligue 1\2019\merged_2019.csv
2025-09-01 16:26:40,151 - src.process_pipeline - INFO - Successfully merged 380 records
2025-09-01 16:26:40,160 - src.process_pipeline - INFO - Processing France/Ligue 1/2020
2025-09-01 16:26:40,234 - src.process_pipeline - INFO - Successfully merged 382 records with team statistics
2025-09-01 16:26:40,246 - src.process_pipeline - INFO - Saved merged data to data\processed\France\Ligue 1\2020\merged_2020.csv
2025-09-01 16:26:40,246 - src.process_pipeline - INFO - Successfully merged 382 records
2025-09-01 16:26:40,257 - src.process_pipeline - INFO - Processing France/Ligue 1/2021
2025-09-01 16:26:40,329 - src.process_pipeline - INFO - Successfully merged 382 records with team statistics
2025-09-01 16:26:40,340 - src.process_pipeline - INFO - Saved merged data to data\processed\France\Ligue 1\2021\merged_2021.csv
2025-09-01 16:26:40,340 - src.process_pipeline - INFO - Successfully merged 382 records
2025-09-01 16:26:40,348 - src.process_pipeline - INFO - Processing France/Ligue 1/2022
2025-09-01 16:26:40,415 - src.process_pipeline - INFO - Successfully merged 370 records with team statistics
2025-09-01 16:26:40,426 - src.process_pipeline - INFO - Saved merged data to data\processed\France\Ligue 1\2022\merged_2022.csv
2025-09-01 16:26:40,426 - src.process_pipeline - INFO - Successfully merged 370 records
2025-09-01 16:26:40,436 - src.process_pipeline - INFO - Processing France/Ligue 1/2023
2025-09-01 16:26:40,502 - src.process_pipeline - INFO - Successfully merged 307 records with team statistics
2025-09-01 16:26:40,512 - src.process_pipeline - INFO - Saved merged data to data\processed\France\Ligue 1\2023\merged_2023.csv
2025-09-01 16:26:40,512 - src.process_pipeline - INFO - Successfully merged 307 records
2025-09-01 16:26:40,521 - src.process_pipeline - INFO - Processing France/Ligue 1/2024
2025-09-01 16:26:40,592 - src.process_pipeline - INFO - Successfully merged 308 records with team statistics
2025-09-01 16:26:40,602 - src.process_pipeline - INFO - Saved merged data to data\processed\France\Ligue 1\2024\merged_2024.csv
2025-09-01 16:26:40,602 - src.process_pipeline - INFO - Successfully merged 308 records
2025-09-01 16:26:40,612 - src.process_pipeline - INFO - Processing France/Ligue 1/2025
2025-09-01 16:26:40,684 - src.process_pipeline - INFO - Successfully merged 26 records with team statistics
2025-09-01 16:26:40,688 - src.process_pipeline - INFO - Saved merged data to data\processed\France\Ligue 1\2025\merged_2025.csv
2025-09-01 16:26:40,689 - src.process_pipeline - INFO - Successfully merged 26 records
2025-09-01 16:26:40,703 - src.process_pipeline - INFO - Processing France/Ligue 2/2018
2025-09-01 16:26:40,771 - src.process_pipeline - INFO - Successfully merged 370 records with team statistics
2025-09-01 16:26:40,782 - src.process_pipeline - INFO - Saved merged data to data\processed\France\Ligue 2\2018\merged_2018.csv
2025-09-01 16:26:40,782 - src.process_pipeline - INFO - Successfully merged 370 records
2025-09-01 16:26:40,793 - src.process_pipeline - INFO - Processing France/Ligue 2/2019
2025-09-01 16:26:40,874 - src.process_pipeline - INFO - Successfully merged 370 records with team statistics
2025-09-01 16:26:40,890 - src.process_pipeline - INFO - Saved merged data to data\processed\France\Ligue 2\2019\merged_2019.csv
2025-09-01 16:26:40,890 - src.process_pipeline - INFO - Successfully merged 370 records
2025-09-01 16:26:40,911 - src.process_pipeline - INFO - Processing France/Ligue 2/2020
2025-09-01 16:26:40,982 - src.process_pipeline - INFO - Successfully merged 384 records with team statistics
2025-09-01 16:26:40,997 - src.process_pipeline - INFO - Saved merged data to data\processed\France\Ligue 2\2020\merged_2020.csv
2025-09-01 16:26:40,997 - src.process_pipeline - INFO - Successfully merged 384 records
2025-09-01 16:26:41,007 - src.process_pipeline - INFO - Processing France/Ligue 2/2021
2025-09-01 16:26:41,079 - src.process_pipeline - INFO - Successfully merged 366 records with team statistics
2025-09-01 16:26:41,093 - src.process_pipeline - INFO - Saved merged data to data\processed\France\Ligue 2\2021\merged_2021.csv
2025-09-01 16:26:41,094 - src.process_pipeline - INFO - Successfully merged 366 records
2025-09-01 16:26:41,104 - src.process_pipeline - INFO - Processing France/Ligue 2/2022
2025-09-01 16:26:41,172 - src.process_pipeline - INFO - Successfully merged 361 records with team statistics
2025-09-01 16:26:41,185 - src.process_pipeline - INFO - Saved merged data to data\processed\France\Ligue 2\2022\merged_2022.csv
2025-09-01 16:26:41,185 - src.process_pipeline - INFO - Successfully merged 361 records
2025-09-01 16:26:41,196 - src.process_pipeline - INFO - Processing France/Ligue 2/2023
2025-09-01 16:26:41,266 - src.process_pipeline - INFO - Successfully merged 382 records with team statistics
2025-09-01 16:26:41,281 - src.process_pipeline - INFO - Saved merged data to data\processed\France\Ligue 2\2023\merged_2023.csv
2025-09-01 16:26:41,281 - src.process_pipeline - INFO - Successfully merged 382 records
2025-09-01 16:26:41,293 - src.process_pipeline - INFO - Processing France/Ligue 2/2024
2025-09-01 16:26:41,362 - src.process_pipeline - INFO - Successfully merged 310 records with team statistics
2025-09-01 16:26:41,377 - src.process_pipeline - INFO - Saved merged data to data\processed\France\Ligue 2\2024\merged_2024.csv
2025-09-01 16:26:41,377 - src.process_pipeline - INFO - Successfully merged 310 records
2025-09-01 16:26:41,391 - src.process_pipeline - INFO - Processing France/Ligue 2/2025
2025-09-01 16:26:41,448 - src.process_pipeline - INFO - Successfully merged 17 records with team statistics
2025-09-01 16:26:41,450 - src.process_pipeline - INFO - Saved merged data to data\processed\France\Ligue 2\2025\merged_2025.csv
2025-09-01 16:26:41,450 - src.process_pipeline - INFO - Successfully merged 17 records
2025-09-01 16:26:41,464 - src.process_pipeline - INFO - Processing Germany/2. Bundesliga/2017
2025-09-01 16:26:41,464 - src.process_pipeline - WARNING - Missing fixtures file: data\extracted\Germany\2. Bundesliga\2017\fixture_events.csv
2025-09-01 16:26:41,465 - src.process_pipeline - INFO - Processing Germany/2. Bundesliga/2018
2025-09-01 16:26:41,528 - src.process_pipeline - INFO - Successfully merged 306 records with team statistics
2025-09-01 16:26:41,540 - src.process_pipeline - INFO - Saved merged data to data\processed\Germany\2. Bundesliga\2018\merged_2018.csv
2025-09-01 16:26:41,540 - src.process_pipeline - INFO - Successfully merged 306 records
2025-09-01 16:26:41,550 - src.process_pipeline - INFO - Processing Germany/2. Bundesliga/2019
2025-09-01 16:26:41,616 - src.process_pipeline - INFO - Successfully merged 249 records with team statistics
2025-09-01 16:26:41,626 - src.process_pipeline - INFO - Saved merged data to data\processed\Germany\2. Bundesliga\2019\merged_2019.csv
2025-09-01 16:26:41,627 - src.process_pipeline - INFO - Successfully merged 249 records
2025-09-01 16:26:41,639 - src.process_pipeline - INFO - Processing Germany/2. Bundesliga/2020
2025-09-01 16:26:41,706 - src.process_pipeline - INFO - Successfully merged 308 records with team statistics
2025-09-01 16:26:41,715 - src.process_pipeline - INFO - Saved merged data to data\processed\Germany\2. Bundesliga\2020\merged_2020.csv
2025-09-01 16:26:41,716 - src.process_pipeline - INFO - Successfully merged 308 records
2025-09-01 16:26:41,728 - src.process_pipeline - INFO - Processing Germany/2. Bundesliga/2021
2025-09-01 16:26:41,797 - src.process_pipeline - INFO - Successfully merged 293 records with team statistics
2025-09-01 16:26:41,809 - src.process_pipeline - INFO - Saved merged data to data\processed\Germany\2. Bundesliga\2021\merged_2021.csv
2025-09-01 16:26:41,809 - src.process_pipeline - INFO - Successfully merged 293 records
2025-09-01 16:26:41,823 - src.process_pipeline - INFO - Processing Germany/2. Bundesliga/2022
2025-09-01 16:26:41,883 - src.process_pipeline - INFO - Successfully merged 288 records with team statistics
2025-09-01 16:26:41,893 - src.process_pipeline - INFO - Saved merged data to data\processed\Germany\2. Bundesliga\2022\merged_2022.csv
2025-09-01 16:26:41,893 - src.process_pipeline - INFO - Successfully merged 288 records
2025-09-01 16:26:41,907 - src.process_pipeline - INFO - Processing Germany/2. Bundesliga/2023
2025-09-01 16:26:41,973 - src.process_pipeline - INFO - Successfully merged 299 records with team statistics
2025-09-01 16:26:41,985 - src.process_pipeline - INFO - Saved merged data to data\processed\Germany\2. Bundesliga\2023\merged_2023.csv
2025-09-01 16:26:41,986 - src.process_pipeline - INFO - Successfully merged 299 records
2025-09-01 16:26:41,998 - src.process_pipeline - INFO - Processing Germany/2. Bundesliga/2024
2025-09-01 16:26:42,073 - src.process_pipeline - INFO - Successfully merged 308 records with team statistics
2025-09-01 16:26:42,082 - src.process_pipeline - INFO - Saved merged data to data\processed\Germany\2. Bundesliga\2024\merged_2024.csv
2025-09-01 16:26:42,083 - src.process_pipeline - INFO - Successfully merged 308 records
2025-09-01 16:26:42,095 - src.process_pipeline - INFO - Processing Germany/2. Bundesliga/2025
2025-09-01 16:26:42,149 - src.process_pipeline - INFO - Successfully merged 18 records with team statistics
2025-09-01 16:26:42,152 - src.process_pipeline - INFO - Saved merged data to data\processed\Germany\2. Bundesliga\2025\merged_2025.csv
2025-09-01 16:26:42,152 - src.process_pipeline - INFO - Successfully merged 18 records
2025-09-01 16:26:42,163 - src.process_pipeline - INFO - Processing Germany/Bundesliga/2018
2025-09-01 16:26:42,227 - src.process_pipeline - INFO - Successfully merged 308 records with team statistics
2025-09-01 16:26:42,238 - src.process_pipeline - INFO - Saved merged data to data\processed\Germany\Bundesliga\2018\merged_2018.csv
2025-09-01 16:26:42,238 - src.process_pipeline - INFO - Successfully merged 308 records
2025-09-01 16:26:42,252 - src.process_pipeline - INFO - Processing Germany/Bundesliga/2019
2025-09-01 16:26:42,316 - src.process_pipeline - INFO - Successfully merged 260 records with team statistics
2025-09-01 16:26:42,326 - src.process_pipeline - INFO - Saved merged data to data\processed\Germany\Bundesliga\2019\merged_2019.csv
2025-09-01 16:26:42,326 - src.process_pipeline - INFO - Successfully merged 260 records
2025-09-01 16:26:42,340 - src.process_pipeline - INFO - Processing Germany/Bundesliga/2020
2025-09-01 16:26:42,412 - src.process_pipeline - INFO - Successfully merged 308 records with team statistics
2025-09-01 16:26:42,422 - src.process_pipeline - INFO - Saved merged data to data\processed\Germany\Bundesliga\2020\merged_2020.csv
2025-09-01 16:26:42,422 - src.process_pipeline - INFO - Successfully merged 308 records
2025-09-01 16:26:42,435 - src.process_pipeline - INFO - Processing Germany/Bundesliga/2021
2025-09-01 16:26:42,498 - src.process_pipeline - INFO - Successfully merged 308 records with team statistics
2025-09-01 16:26:42,508 - src.process_pipeline - INFO - Saved merged data to data\processed\Germany\Bundesliga\2021\merged_2021.csv
2025-09-01 16:26:42,508 - src.process_pipeline - INFO - Successfully merged 308 records
2025-09-01 16:26:42,521 - src.process_pipeline - INFO - Processing Germany/Bundesliga/2022
2025-09-01 16:26:42,584 - src.process_pipeline - INFO - Successfully merged 307 records with team statistics
2025-09-01 16:26:42,594 - src.process_pipeline - INFO - Saved merged data to data\processed\Germany\Bundesliga\2022\merged_2022.csv
2025-09-01 16:26:42,595 - src.process_pipeline - INFO - Successfully merged 307 records
2025-09-01 16:26:42,608 - src.process_pipeline - INFO - Processing Germany/Bundesliga/2023
2025-09-01 16:26:42,669 - src.process_pipeline - INFO - Successfully merged 308 records with team statistics
2025-09-01 16:26:42,679 - src.process_pipeline - INFO - Saved merged data to data\processed\Germany\Bundesliga\2023\merged_2023.csv
2025-09-01 16:26:42,679 - src.process_pipeline - INFO - Successfully merged 308 records
2025-09-01 16:26:42,693 - src.process_pipeline - INFO - Processing Germany/Bundesliga/2024
2025-09-01 16:26:42,757 - src.process_pipeline - INFO - Successfully merged 308 records with team statistics
2025-09-01 16:26:42,766 - src.process_pipeline - INFO - Saved merged data to data\processed\Germany\Bundesliga\2024\merged_2024.csv
2025-09-01 16:26:42,766 - src.process_pipeline - INFO - Successfully merged 308 records
2025-09-01 16:26:42,781 - src.process_pipeline - INFO - Processing Germany/Bundesliga/2025
2025-09-01 16:26:42,838 - src.process_pipeline - INFO - Successfully merged 17 records with team statistics
2025-09-01 16:26:42,841 - src.process_pipeline - INFO - Saved merged data to data\processed\Germany\Bundesliga\2025\merged_2025.csv
2025-09-01 16:26:42,841 - src.process_pipeline - INFO - Successfully merged 17 records
2025-09-01 16:26:42,856 - src.process_pipeline - INFO - Processing Germany/DFB Pokal/2018
2025-09-01 16:26:42,916 - src.process_pipeline - INFO - Successfully merged 63 records with team statistics
2025-09-01 16:26:42,922 - src.process_pipeline - INFO - Saved merged data to data\processed\Germany\DFB Pokal\2018\merged_2018.csv
2025-09-01 16:26:42,922 - src.process_pipeline - INFO - Successfully merged 63 records
2025-09-01 16:26:42,941 - src.process_pipeline - INFO - Processing Germany/DFB Pokal/2019
2025-09-01 16:26:42,998 - src.process_pipeline - INFO - Successfully merged 60 records with team statistics
2025-09-01 16:26:43,001 - src.process_pipeline - INFO - Saved merged data to data\processed\Germany\DFB Pokal\2019\merged_2019.csv
2025-09-01 16:26:43,002 - src.process_pipeline - INFO - Successfully merged 60 records
2025-09-01 16:26:43,013 - src.process_pipeline - INFO - Processing Germany/DFB Pokal/2020
2025-09-01 16:26:43,075 - src.process_pipeline - INFO - Successfully merged 63 records with team statistics
2025-09-01 16:26:43,080 - src.process_pipeline - INFO - Saved merged data to data\processed\Germany\DFB Pokal\2020\merged_2020.csv
2025-09-01 16:26:43,081 - src.process_pipeline - INFO - Successfully merged 63 records
2025-09-01 16:26:43,098 - src.process_pipeline - INFO - Processing Germany/DFB Pokal/2021
2025-09-01 16:26:43,157 - src.process_pipeline - INFO - Successfully merged 63 records with team statistics
2025-09-01 16:26:43,160 - src.process_pipeline - INFO - Saved merged data to data\processed\Germany\DFB Pokal\2021\merged_2021.csv
2025-09-01 16:26:43,160 - src.process_pipeline - INFO - Successfully merged 63 records
2025-09-01 16:26:43,173 - src.process_pipeline - INFO - Processing Germany/DFB Pokal/2022
2025-09-01 16:26:43,229 - src.process_pipeline - INFO - Successfully merged 36 records with team statistics
2025-09-01 16:26:43,231 - src.process_pipeline - INFO - Saved merged data to data\processed\Germany\DFB Pokal\2022\merged_2022.csv
2025-09-01 16:26:43,231 - src.process_pipeline - INFO - Successfully merged 36 records
2025-09-01 16:26:43,247 - src.process_pipeline - INFO - Processing Germany/DFB Pokal/2023
2025-09-01 16:26:43,312 - src.process_pipeline - INFO - Successfully merged 63 records with team statistics
2025-09-01 16:26:43,316 - src.process_pipeline - INFO - Saved merged data to data\processed\Germany\DFB Pokal\2023\merged_2023.csv
2025-09-01 16:26:43,316 - src.process_pipeline - INFO - Successfully merged 63 records
2025-09-01 16:26:43,330 - src.process_pipeline - INFO - Processing Germany/DFB Pokal/2024
2025-09-01 16:26:43,389 - src.process_pipeline - INFO - Successfully merged 63 records with team statistics
2025-09-01 16:26:43,393 - src.process_pipeline - INFO - Saved merged data to data\processed\Germany\DFB Pokal\2024\merged_2024.csv
2025-09-01 16:26:43,393 - src.process_pipeline - INFO - Successfully merged 63 records
2025-09-01 16:26:43,411 - src.process_pipeline - INFO - Processing Greece/Super League/2021
2025-09-01 16:26:43,511 - src.process_pipeline - INFO - Successfully merged 240 records with team statistics
2025-09-01 16:26:43,520 - src.process_pipeline - INFO - Saved merged data to data\processed\Greece\Super League\2021\merged_2021.csv
2025-09-01 16:26:43,520 - src.process_pipeline - INFO - Successfully merged 240 records
2025-09-01 16:26:43,535 - src.process_pipeline - INFO - Processing Greece/Super League/2022
2025-09-01 16:26:43,601 - src.process_pipeline - INFO - Successfully merged 240 records with team statistics
2025-09-01 16:26:43,610 - src.process_pipeline - INFO - Saved merged data to data\processed\Greece\Super League\2022\merged_2022.csv
2025-09-01 16:26:43,610 - src.process_pipeline - INFO - Successfully merged 240 records
2025-09-01 16:26:43,626 - src.process_pipeline - INFO - Processing Greece/Super League/2023
2025-09-01 16:26:43,695 - src.process_pipeline - INFO - Successfully merged 240 records with team statistics
2025-09-01 16:26:43,705 - src.process_pipeline - INFO - Saved merged data to data\processed\Greece\Super League\2023\merged_2023.csv
2025-09-01 16:26:43,705 - src.process_pipeline - INFO - Successfully merged 240 records
2025-09-01 16:26:43,720 - src.process_pipeline - INFO - Processing Greece/Super League/2024
2025-09-01 16:26:43,786 - src.process_pipeline - INFO - Successfully merged 236 records with team statistics
2025-09-01 16:26:43,796 - src.process_pipeline - INFO - Saved merged data to data\processed\Greece\Super League\2024\merged_2024.csv
2025-09-01 16:26:43,796 - src.process_pipeline - INFO - Successfully merged 236 records
2025-09-01 16:26:43,811 - src.process_pipeline - INFO - Processing Greece/Super League/2025
2025-09-01 16:26:43,812 - src.process_pipeline - WARNING - Missing team stats file: data\extracted\Greece\Super League\2025\team_statistics.csv
2025-09-01 16:26:43,812 - src.process_pipeline - INFO - Processing Italy/Coppa Italia/2018
2025-09-01 16:26:43,882 - src.process_pipeline - INFO - Successfully merged 61 records with team statistics
2025-09-01 16:26:43,887 - src.process_pipeline - INFO - Saved merged data to data\processed\Italy\Coppa Italia\2018\merged_2018.csv
2025-09-01 16:26:43,887 - src.process_pipeline - INFO - Successfully merged 61 records
2025-09-01 16:26:43,905 - src.process_pipeline - INFO - Processing Italy/Coppa Italia/2019
2025-09-01 16:26:43,905 - src.process_pipeline - WARNING - Missing fixtures file: data\extracted\Italy\Coppa Italia\2019\fixture_events.csv
2025-09-01 16:26:43,906 - src.process_pipeline - INFO - Processing Italy/Coppa Italia/2020
2025-09-01 16:26:43,975 - src.process_pipeline - INFO - Successfully merged 79 records with team statistics
2025-09-01 16:26:43,979 - src.process_pipeline - INFO - Saved merged data to data\processed\Italy\Coppa Italia\2020\merged_2020.csv
2025-09-01 16:26:43,980 - src.process_pipeline - INFO - Successfully merged 79 records
2025-09-01 16:26:43,991 - src.process_pipeline - INFO - Processing Italy/Coppa Italia/2021
2025-09-01 16:26:44,055 - src.process_pipeline - INFO - Successfully merged 45 records with team statistics
2025-09-01 16:26:44,059 - src.process_pipeline - INFO - Saved merged data to data\processed\Italy\Coppa Italia\2021\merged_2021.csv
2025-09-01 16:26:44,059 - src.process_pipeline - INFO - Successfully merged 45 records
2025-09-01 16:26:44,071 - src.process_pipeline - INFO - Processing Italy/Coppa Italia/2022
2025-09-01 16:26:44,131 - src.process_pipeline - INFO - Successfully merged 41 records with team statistics
2025-09-01 16:26:44,134 - src.process_pipeline - INFO - Saved merged data to data\processed\Italy\Coppa Italia\2022\merged_2022.csv
2025-09-01 16:26:44,134 - src.process_pipeline - INFO - Successfully merged 41 records
2025-09-01 16:26:44,151 - src.process_pipeline - INFO - Processing Italy/Coppa Italia/2023
2025-09-01 16:26:44,215 - src.process_pipeline - INFO - Successfully merged 45 records with team statistics
2025-09-01 16:26:44,219 - src.process_pipeline - INFO - Saved merged data to data\processed\Italy\Coppa Italia\2023\merged_2023.csv
2025-09-01 16:26:44,220 - src.process_pipeline - INFO - Successfully merged 45 records
2025-09-01 16:26:44,237 - src.process_pipeline - INFO - Processing Italy/Coppa Italia/2024
2025-09-01 16:26:44,304 - src.process_pipeline - INFO - Successfully merged 45 records with team statistics
2025-09-01 16:26:44,308 - src.process_pipeline - INFO - Saved merged data to data\processed\Italy\Coppa Italia\2024\merged_2024.csv
2025-09-01 16:26:44,308 - src.process_pipeline - INFO - Successfully merged 45 records
2025-09-01 16:26:44,330 - src.process_pipeline - INFO - Processing Italy/Serie A/2016
2025-09-01 16:26:44,410 - src.process_pipeline - INFO - Successfully merged 380 records with team statistics
2025-09-01 16:26:44,422 - src.process_pipeline - INFO - Saved merged data to data\processed\Italy\Serie A\2016\merged_2016.csv
2025-09-01 16:26:44,422 - src.process_pipeline - INFO - Successfully merged 380 records
2025-09-01 16:26:44,436 - src.process_pipeline - INFO - Processing Italy/Serie A/2017
2025-09-01 16:26:44,507 - src.process_pipeline - INFO - Successfully merged 380 records with team statistics
2025-09-01 16:26:44,518 - src.process_pipeline - INFO - Saved merged data to data\processed\Italy\Serie A\2017\merged_2017.csv
2025-09-01 16:26:44,519 - src.process_pipeline - INFO - Successfully merged 380 records
2025-09-01 16:26:44,534 - src.process_pipeline - INFO - Processing Italy/Serie A/2018
2025-09-01 16:26:44,609 - src.process_pipeline - INFO - Successfully merged 380 records with team statistics
2025-09-01 16:26:44,623 - src.process_pipeline - INFO - Saved merged data to data\processed\Italy\Serie A\2018\merged_2018.csv
2025-09-01 16:26:44,623 - src.process_pipeline - INFO - Successfully merged 380 records
2025-09-01 16:26:44,640 - src.process_pipeline - INFO - Processing Italy/Serie A/2019
2025-09-01 16:26:44,707 - src.process_pipeline - INFO - Successfully merged 256 records with team statistics
2025-09-01 16:26:44,715 - src.process_pipeline - INFO - Saved merged data to data\processed\Italy\Serie A\2019\merged_2019.csv
2025-09-01 16:26:44,715 - src.process_pipeline - INFO - Successfully merged 256 records
2025-09-01 16:26:44,729 - src.process_pipeline - INFO - Processing Italy/Serie A/2020
2025-09-01 16:26:44,804 - src.process_pipeline - INFO - Successfully merged 380 records with team statistics
2025-09-01 16:26:44,815 - src.process_pipeline - INFO - Saved merged data to data\processed\Italy\Serie A\2020\merged_2020.csv
2025-09-01 16:26:44,815 - src.process_pipeline - INFO - Successfully merged 380 records
2025-09-01 16:26:44,831 - src.process_pipeline - INFO - Processing Italy/Serie A/2021
2025-09-01 16:26:44,900 - src.process_pipeline - INFO - Successfully merged 380 records with team statistics
2025-09-01 16:26:44,912 - src.process_pipeline - INFO - Saved merged data to data\processed\Italy\Serie A\2021\merged_2021.csv
2025-09-01 16:26:44,912 - src.process_pipeline - INFO - Successfully merged 380 records
2025-09-01 16:26:44,929 - src.process_pipeline - INFO - Processing Italy/Serie A/2022
2025-09-01 16:26:44,999 - src.process_pipeline - INFO - Successfully merged 370 records with team statistics
2025-09-01 16:26:45,011 - src.process_pipeline - INFO - Saved merged data to data\processed\Italy\Serie A\2022\merged_2022.csv
2025-09-01 16:26:45,011 - src.process_pipeline - INFO - Successfully merged 370 records
2025-09-01 16:26:45,024 - src.process_pipeline - INFO - Processing Italy/Serie A/2023
2025-09-01 16:26:45,090 - src.process_pipeline - INFO - Successfully merged 379 records with team statistics
2025-09-01 16:26:45,101 - src.process_pipeline - INFO - Saved merged data to data\processed\Italy\Serie A\2023\merged_2023.csv
2025-09-01 16:26:45,101 - src.process_pipeline - INFO - Successfully merged 379 records
2025-09-01 16:26:45,114 - src.process_pipeline - INFO - Processing Italy/Serie A/2024
2025-09-01 16:26:45,182 - src.process_pipeline - INFO - Successfully merged 380 records with team statistics
2025-09-01 16:26:45,198 - src.process_pipeline - INFO - Saved merged data to data\processed\Italy\Serie A\2024\merged_2024.csv
2025-09-01 16:26:45,198 - src.process_pipeline - INFO - Successfully merged 380 records
2025-09-01 16:26:45,214 - src.process_pipeline - INFO - Processing Italy/Serie A/2025
2025-09-01 16:26:45,271 - src.process_pipeline - INFO - Successfully merged 18 records with team statistics
2025-09-01 16:26:45,273 - src.process_pipeline - INFO - Saved merged data to data\processed\Italy\Serie A\2025\merged_2025.csv
2025-09-01 16:26:45,274 - src.process_pipeline - INFO - Successfully merged 18 records
2025-09-01 16:26:45,289 - src.process_pipeline - INFO - Processing Italy/Serie B/2017
2025-09-01 16:26:45,358 - src.process_pipeline - INFO - Successfully merged 464 records with team statistics
2025-09-01 16:26:45,373 - src.process_pipeline - INFO - Saved merged data to data\processed\Italy\Serie B\2017\merged_2017.csv
2025-09-01 16:26:45,373 - src.process_pipeline - INFO - Successfully merged 464 records
2025-09-01 16:26:45,388 - src.process_pipeline - INFO - Processing Italy/Serie B/2018
2025-09-01 16:26:45,388 - src.process_pipeline - WARNING - Missing fixtures file: data\extracted\Italy\Serie B\2018\fixture_events.csv
2025-09-01 16:26:45,388 - src.process_pipeline - INFO - Processing Italy/Serie B/2019
2025-09-01 16:26:45,451 - src.process_pipeline - INFO - Successfully merged 279 records with team statistics
2025-09-01 16:26:45,461 - src.process_pipeline - INFO - Saved merged data to data\processed\Italy\Serie B\2019\merged_2019.csv
2025-09-01 16:26:45,461 - src.process_pipeline - INFO - Successfully merged 279 records
2025-09-01 16:26:45,478 - src.process_pipeline - INFO - Processing Italy/Serie B/2020
2025-09-01 16:26:45,549 - src.process_pipeline - INFO - Successfully merged 388 records with team statistics
2025-09-01 16:26:45,565 - src.process_pipeline - INFO - Saved merged data to data\processed\Italy\Serie B\2020\merged_2020.csv
2025-09-01 16:26:45,565 - src.process_pipeline - INFO - Successfully merged 388 records
2025-09-01 16:26:45,582 - src.process_pipeline - INFO - Processing Italy/Serie B/2021
2025-09-01 16:26:45,653 - src.process_pipeline - INFO - Successfully merged 390 records with team statistics
2025-09-01 16:26:45,665 - src.process_pipeline - INFO - Saved merged data to data\processed\Italy\Serie B\2021\merged_2021.csv
2025-09-01 16:26:45,665 - src.process_pipeline - INFO - Successfully merged 390 records
2025-09-01 16:26:45,681 - src.process_pipeline - INFO - Processing Italy/Serie B/2022
2025-09-01 16:26:45,753 - src.process_pipeline - INFO - Successfully merged 385 records with team statistics
2025-09-01 16:26:45,764 - src.process_pipeline - INFO - Saved merged data to data\processed\Italy\Serie B\2022\merged_2022.csv
2025-09-01 16:26:45,764 - src.process_pipeline - INFO - Successfully merged 385 records
2025-09-01 16:26:45,780 - src.process_pipeline - INFO - Processing Italy/Serie B/2023
2025-09-01 16:26:45,848 - src.process_pipeline - INFO - Successfully merged 389 records with team statistics
2025-09-01 16:26:45,861 - src.process_pipeline - INFO - Saved merged data to data\processed\Italy\Serie B\2023\merged_2023.csv
2025-09-01 16:26:45,861 - src.process_pipeline - INFO - Successfully merged 389 records
2025-09-01 16:26:45,880 - src.process_pipeline - INFO - Processing Italy/Serie B/2024
2025-09-01 16:26:45,949 - src.process_pipeline - INFO - Successfully merged 387 records with team statistics
2025-09-01 16:26:45,961 - src.process_pipeline - INFO - Saved merged data to data\processed\Italy\Serie B\2024\merged_2024.csv
2025-09-01 16:26:45,961 - src.process_pipeline - INFO - Successfully merged 387 records
2025-09-01 16:26:45,977 - src.process_pipeline - INFO - Processing Italy/Serie B/2025
2025-09-01 16:26:45,977 - src.process_pipeline - WARNING - Missing fixtures file: data\extracted\Italy\Serie B\2025\fixture_events.csv
2025-09-01 16:26:45,978 - src.process_pipeline - INFO - Processing Spain/Copa del Rey/2018
2025-09-01 16:26:46,048 - src.process_pipeline - INFO - Successfully merged 71 records with team statistics
2025-09-01 16:26:46,052 - src.process_pipeline - INFO - Saved merged data to data\processed\Spain\Copa del Rey\2018\merged_2018.csv
2025-09-01 16:26:46,052 - src.process_pipeline - INFO - Successfully merged 71 records
2025-09-01 16:26:46,069 - src.process_pipeline - INFO - Processing Spain/Copa del Rey/2019
2025-09-01 16:26:46,133 - src.process_pipeline - INFO - Successfully merged 127 records with team statistics
2025-09-01 16:26:46,140 - src.process_pipeline - INFO - Saved merged data to data\processed\Spain\Copa del Rey\2019\merged_2019.csv
2025-09-01 16:26:46,140 - src.process_pipeline - INFO - Successfully merged 127 records
2025-09-01 16:26:46,156 - src.process_pipeline - INFO - Processing Spain/Copa del Rey/2020
2025-09-01 16:26:46,216 - src.process_pipeline - INFO - Successfully merged 127 records with team statistics
2025-09-01 16:26:46,222 - src.process_pipeline - INFO - Saved merged data to data\processed\Spain\Copa del Rey\2020\merged_2020.csv
2025-09-01 16:26:46,222 - src.process_pipeline - INFO - Successfully merged 127 records
2025-09-01 16:26:46,240 - src.process_pipeline - INFO - Processing Spain/Copa del Rey/2021
2025-09-01 16:26:46,301 - src.process_pipeline - INFO - Successfully merged 127 records with team statistics
2025-09-01 16:26:46,309 - src.process_pipeline - INFO - Saved merged data to data\processed\Spain\Copa del Rey\2021\merged_2021.csv
2025-09-01 16:26:46,309 - src.process_pipeline - INFO - Successfully merged 127 records
2025-09-01 16:26:46,327 - src.process_pipeline - INFO - Processing Spain/Copa del Rey/2022
2025-09-01 16:26:46,394 - src.process_pipeline - INFO - Successfully merged 125 records with team statistics
2025-09-01 16:26:46,399 - src.process_pipeline - INFO - Saved merged data to data\processed\Spain\Copa del Rey\2022\merged_2022.csv
2025-09-01 16:26:46,399 - src.process_pipeline - INFO - Successfully merged 125 records
2025-09-01 16:26:46,415 - src.process_pipeline - INFO - Processing Spain/Copa del Rey/2023
2025-09-01 16:26:46,473 - src.process_pipeline - INFO - Successfully merged 126 records with team statistics
2025-09-01 16:26:46,480 - src.process_pipeline - INFO - Saved merged data to data\processed\Spain\Copa del Rey\2023\merged_2023.csv
2025-09-01 16:26:46,480 - src.process_pipeline - INFO - Successfully merged 126 records
2025-09-01 16:26:46,497 - src.process_pipeline - INFO - Processing Spain/Copa del Rey/2024
2025-09-01 16:26:46,556 - src.process_pipeline - INFO - Successfully merged 126 records with team statistics
2025-09-01 16:26:46,561 - src.process_pipeline - INFO - Saved merged data to data\processed\Spain\Copa del Rey\2024\merged_2024.csv
2025-09-01 16:26:46,561 - src.process_pipeline - INFO - Successfully merged 126 records
2025-09-01 16:26:46,578 - src.process_pipeline - INFO - Processing Spain/La Liga/2020
2025-09-01 16:26:46,654 - src.process_pipeline - INFO - Successfully merged 380 records with team statistics
2025-09-01 16:26:46,667 - src.process_pipeline - INFO - Saved merged data to data\processed\Spain\La Liga\2020\merged_2020.csv
2025-09-01 16:26:46,667 - src.process_pipeline - INFO - Successfully merged 380 records
2025-09-01 16:26:46,685 - src.process_pipeline - INFO - Processing Spain/La Liga/2021
2025-09-01 16:26:46,764 - src.process_pipeline - INFO - Successfully merged 380 records with team statistics
2025-09-01 16:26:46,776 - src.process_pipeline - INFO - Saved merged data to data\processed\Spain\La Liga\2021\merged_2021.csv
2025-09-01 16:26:46,776 - src.process_pipeline - INFO - Successfully merged 380 records
2025-09-01 16:26:46,794 - src.process_pipeline - INFO - Processing Spain/La Liga/2022
2025-09-01 16:26:46,864 - src.process_pipeline - INFO - Successfully merged 370 records with team statistics
2025-09-01 16:26:46,876 - src.process_pipeline - INFO - Saved merged data to data\processed\Spain\La Liga\2022\merged_2022.csv
2025-09-01 16:26:46,876 - src.process_pipeline - INFO - Successfully merged 370 records
2025-09-01 16:26:46,894 - src.process_pipeline - INFO - Processing Spain/La Liga/2023
2025-09-01 16:26:46,955 - src.process_pipeline - INFO - Successfully merged 380 records with team statistics
2025-09-01 16:26:46,967 - src.process_pipeline - INFO - Saved merged data to data\processed\Spain\La Liga\2023\merged_2023.csv
2025-09-01 16:26:46,967 - src.process_pipeline - INFO - Successfully merged 380 records
2025-09-01 16:26:46,984 - src.process_pipeline - INFO - Processing Spain/La Liga/2024
2025-09-01 16:26:47,055 - src.process_pipeline - INFO - Successfully merged 380 records with team statistics
2025-09-01 16:26:47,076 - src.process_pipeline - INFO - Saved merged data to data\processed\Spain\La Liga\2024\merged_2024.csv
2025-09-01 16:26:47,076 - src.process_pipeline - INFO - Successfully merged 380 records
2025-09-01 16:26:47,102 - src.process_pipeline - INFO - Processing Spain/La Liga/2025
2025-09-01 16:26:47,171 - src.process_pipeline - INFO - Successfully merged 28 records with team statistics
2025-09-01 16:26:47,174 - src.process_pipeline - INFO - Saved merged data to data\processed\Spain\La Liga\2025\merged_2025.csv
2025-09-01 16:26:47,174 - src.process_pipeline - INFO - Successfully merged 28 records
2025-09-01 16:26:47,196 - src.process_pipeline - INFO - Processing Spain/Segunda Division/2017
2025-09-01 16:26:47,265 - src.process_pipeline - INFO - Successfully merged 468 records with team statistics
2025-09-01 16:26:47,282 - src.process_pipeline - INFO - Saved merged data to data\processed\Spain\Segunda Division\2017\merged_2017.csv
2025-09-01 16:26:47,282 - src.process_pipeline - INFO - Successfully merged 468 records
2025-09-01 16:26:47,298 - src.process_pipeline - INFO - Processing Spain/Segunda Division/2018
2025-09-01 16:26:47,368 - src.process_pipeline - INFO - Successfully merged 466 records with team statistics
2025-09-01 16:26:47,390 - src.process_pipeline - INFO - Saved merged data to data\processed\Spain\Segunda Division\2018\merged_2018.csv
2025-09-01 16:26:47,390 - src.process_pipeline - INFO - Successfully merged 466 records
2025-09-01 16:26:47,409 - src.process_pipeline - INFO - Processing Spain/Segunda Division/2019
2025-09-01 16:26:47,475 - src.process_pipeline - INFO - Successfully merged 398 records with team statistics
2025-09-01 16:26:47,488 - src.process_pipeline - INFO - Saved merged data to data\processed\Spain\Segunda Division\2019\merged_2019.csv
2025-09-01 16:26:47,489 - src.process_pipeline - INFO - Successfully merged 398 records
2025-09-01 16:26:47,505 - src.process_pipeline - INFO - Processing Spain/Segunda Division/2020
2025-09-01 16:26:47,574 - src.process_pipeline - INFO - Successfully merged 468 records with team statistics
2025-09-01 16:26:47,587 - src.process_pipeline - INFO - Saved merged data to data\processed\Spain\Segunda Division\2020\merged_2020.csv
2025-09-01 16:26:47,588 - src.process_pipeline - INFO - Successfully merged 468 records
2025-09-01 16:26:47,605 - src.process_pipeline - INFO - Processing Spain/Segunda Division/2021
2025-09-01 16:26:47,674 - src.process_pipeline - INFO - Successfully merged 468 records with team statistics
2025-09-01 16:26:47,692 - src.process_pipeline - INFO - Saved merged data to data\processed\Spain\Segunda Division\2021\merged_2021.csv
2025-09-01 16:26:47,692 - src.process_pipeline - INFO - Successfully merged 468 records
2025-09-01 16:26:47,714 - src.process_pipeline - INFO - Processing Spain/Segunda Division/2022
2025-09-01 16:26:47,790 - src.process_pipeline - INFO - Successfully merged 468 records with team statistics
2025-09-01 16:26:47,804 - src.process_pipeline - INFO - Saved merged data to data\processed\Spain\Segunda Division\2022\merged_2022.csv
2025-09-01 16:26:47,804 - src.process_pipeline - INFO - Successfully merged 468 records
2025-09-01 16:26:47,823 - src.process_pipeline - INFO - Processing Spain/Segunda Division/2023
2025-09-01 16:26:47,892 - src.process_pipeline - INFO - Successfully merged 468 records with team statistics
2025-09-01 16:26:47,910 - src.process_pipeline - INFO - Saved merged data to data\processed\Spain\Segunda Division\2023\merged_2023.csv
2025-09-01 16:26:47,910 - src.process_pipeline - INFO - Successfully merged 468 records
2025-09-01 16:26:47,932 - src.process_pipeline - INFO - Processing Spain/Segunda Division/2024
2025-09-01 16:26:48,000 - src.process_pipeline - INFO - Successfully merged 468 records with team statistics
2025-09-01 16:26:48,017 - src.process_pipeline - INFO - Saved merged data to data\processed\Spain\Segunda Division\2024\merged_2024.csv
2025-09-01 16:26:48,017 - src.process_pipeline - INFO - Successfully merged 468 records
2025-09-01 16:26:48,035 - src.process_pipeline - INFO - Processing Spain/Segunda Division/2025
2025-09-01 16:26:48,086 - src.process_pipeline - INFO - Successfully merged 11 records with team statistics
2025-09-01 16:26:48,088 - src.process_pipeline - INFO - Saved merged data to data\processed\Spain\Segunda Division\2025\merged_2025.csv
2025-09-01 16:26:48,088 - src.process_pipeline - INFO - Successfully merged 11 records
2025-09-01 16:26:48,105 - src.process_pipeline - INFO - Starting preprocessing and feature engineering
2025-09-01 16:26:48,105 - src.process_pipeline - INFO - Initial data shape: (37771, 71)
2025-09-01 16:26:48,105 - src.process_pipeline - INFO - Cleaning data
2025-09-01 16:26:51,513 - src.process_pipeline - INFO - Adding competition info from league names
2025-09-01 16:26:51,792 - src.process_pipeline - INFO - Competition Distribution:
2025-09-01 16:26:51,792 - src.process_pipeline - INFO -   Cup matches: 4343 (11.6%)
2025-09-01 16:26:51,792 - src.process_pipeline - INFO -   European matches: 8954 (23.9%)
2025-09-01 16:26:51,792 - src.process_pipeline - INFO -   League matches: 24200 (64.5%)
2025-09-01 16:26:51,800 - src.process_pipeline - INFO - Adding competition context
2025-09-01 16:26:53,887 - src.process_pipeline - INFO - Adding competition metrics
2025-09-01 16:26:55,113 - src.process_pipeline - INFO - Calculating proper standings for 37497 matches...
2025-09-01 16:26:55,832 - src.process_pipeline - INFO - Standings progress: 2.7% (1000/37497)
2025-09-01 16:26:56,501 - src.process_pipeline - INFO - Standings progress: 5.3% (2000/37497)
2025-09-01 16:26:57,216 - src.process_pipeline - INFO - Standings progress: 8.0% (3000/37497)
2025-09-01 16:26:57,877 - src.process_pipeline - INFO - Standings progress: 10.7% (4000/37497)
2025-09-01 16:26:58,498 - src.process_pipeline - INFO - Standings progress: 13.3% (5000/37497)
2025-09-01 16:26:59,132 - src.process_pipeline - INFO - Standings progress: 16.0% (6000/37497)
2025-09-01 16:26:59,757 - src.process_pipeline - INFO - Standings progress: 18.7% (7000/37497)
2025-09-01 16:27:00,406 - src.process_pipeline - INFO - Standings progress: 21.3% (8000/37497)
2025-09-01 16:27:01,051 - src.process_pipeline - INFO - Standings progress: 24.0% (9000/37497)
2025-09-01 16:27:01,703 - src.process_pipeline - INFO - Standings progress: 26.7% (10000/37497)
2025-09-01 16:27:02,425 - src.process_pipeline - INFO - Standings progress: 29.3% (11000/37497)
2025-09-01 16:27:03,195 - src.process_pipeline - INFO - Standings progress: 32.0% (12000/37497)
2025-09-01 16:27:03,930 - src.process_pipeline - INFO - Standings progress: 34.7% (13000/37497)
2025-09-01 16:27:04,694 - src.process_pipeline - INFO - Standings progress: 37.3% (14000/37497)
2025-09-01 16:27:05,424 - src.process_pipeline - INFO - Standings progress: 40.0% (15000/37497)
2025-09-01 16:27:06,163 - src.process_pipeline - INFO - Standings progress: 42.7% (16000/37497)
2025-09-01 16:27:06,983 - src.process_pipeline - INFO - Standings progress: 45.3% (17000/37497)
2025-09-01 16:27:07,988 - src.process_pipeline - INFO - Standings progress: 48.0% (18000/37497)
2025-09-01 16:27:08,833 - src.process_pipeline - INFO - Standings progress: 50.7% (19000/37497)
2025-09-01 16:27:09,751 - src.process_pipeline - INFO - Standings progress: 53.3% (20000/37497)
2025-09-01 16:27:10,623 - src.process_pipeline - INFO - Standings progress: 56.0% (21000/37497)
2025-09-01 16:27:11,496 - src.process_pipeline - INFO - Standings progress: 58.7% (22000/37497)
2025-09-01 16:27:12,402 - src.process_pipeline - INFO - Standings progress: 61.3% (23000/37497)
2025-09-01 16:27:13,311 - src.process_pipeline - INFO - Standings progress: 64.0% (24000/37497)
2025-09-01 16:27:14,229 - src.process_pipeline - INFO - Standings progress: 66.7% (25000/37497)
2025-09-01 16:27:15,147 - src.process_pipeline - INFO - Standings progress: 69.3% (26000/37497)
2025-09-01 16:27:16,047 - src.process_pipeline - INFO - Standings progress: 72.0% (27000/37497)
2025-09-01 16:27:16,968 - src.process_pipeline - INFO - Standings progress: 74.7% (28000/37497)
2025-09-01 16:27:17,901 - src.process_pipeline - INFO - Standings progress: 77.3% (29000/37497)
2025-09-01 16:27:18,846 - src.process_pipeline - INFO - Standings progress: 80.0% (30000/37497)
2025-09-01 16:27:19,826 - src.process_pipeline - INFO - Standings progress: 82.7% (31000/37497)
2025-09-01 16:27:20,799 - src.process_pipeline - INFO - Standings progress: 85.3% (32000/37497)
2025-09-01 16:27:21,765 - src.process_pipeline - INFO - Standings progress: 88.0% (33000/37497)
2025-09-01 16:27:22,753 - src.process_pipeline - INFO - Standings progress: 90.7% (34000/37497)
2025-09-01 16:27:23,838 - src.process_pipeline - INFO - Standings progress: 93.3% (35000/37497)
2025-09-01 16:27:24,875 - src.process_pipeline - INFO - Standings progress: 96.0% (36000/37497)
2025-09-01 16:27:26,064 - src.process_pipeline - INFO - Standings progress: 98.7% (37000/37497)
2025-09-01 16:27:26,727 - src.process_pipeline - INFO - Standings progress: 100.0% (37497/37497)
2025-09-01 16:27:29,183 - src.process_pipeline - INFO - Dropped 6 non rolled standings metrics
2025-09-01 16:28:01,620 - src.process_pipeline - INFO - Completed: Processing 37455 matches...
