2025-09-03 21:12:40,953 - src.process_pipeline - INFO - Logging initialized. Log file: logs/process\process_20250903_211240.log
2025-09-03 21:12:41,969 - src.process_pipeline - INFO - Loaded H2H data with 11835 team pairs
2025-09-03 21:12:41,971 - src.process_pipeline - INFO - Loaded standings data for 1964 teams
2025-09-03 21:12:41,987 - src.process_pipeline - INFO - Found 178 new fixtures in Europe/Champions League/2020
2025-09-03 21:12:41,987 - src.process_pipeline - INFO - New data check: True
2025-09-03 21:12:41,987 - src.process_pipeline - INFO - Already processed fixtures: 0
2025-09-03 21:12:41,993 - src.process_pipeline - INFO - Processing Europe - Champions League - 2020
2025-09-03 21:12:41,994 - src.process_pipeline - INFO - Processing Europe/Champions League/2020
2025-09-03 21:12:42,001 - src.process_pipeline - WARNING - Missing odds file: data\extracted\Europe\Champions League\2020\odds.csv
2025-09-03 21:12:42,010 - src.process_pipeline - INFO - Successfully merged 178 records with team statistics
2025-09-03 21:12:42,019 - src.process_pipeline - INFO - Saved merged data to data\processed\Europe\Champions League\2020\merged_2020.csv
2025-09-03 21:12:42,019 - src.process_pipeline - INFO - Successfully merged 178 records
2025-09-03 21:12:42,020 - src.process_pipeline - INFO -   Found 178 new matches
2025-09-03 21:12:42,020 - src.process_pipeline - INFO - Processing Europe - Champions League - 2021
2025-09-03 21:12:42,020 - src.process_pipeline - INFO - Processing Europe/Champions League/2021
2025-09-03 21:12:42,029 - src.process_pipeline - WARNING - Missing odds file: data\extracted\Europe\Champions League\2021\odds.csv
2025-09-03 21:12:42,037 - src.process_pipeline - INFO - Successfully merged 157 records with team statistics
2025-09-03 21:12:42,048 - src.process_pipeline - INFO - Saved merged data to data\processed\Europe\Champions League\2021\merged_2021.csv
2025-09-03 21:12:42,048 - src.process_pipeline - INFO - Successfully merged 157 records
2025-09-03 21:12:42,048 - src.process_pipeline - INFO -   Found 157 new matches
2025-09-03 21:12:42,051 - src.process_pipeline - INFO - Processing Europe - Champions League - 2022
2025-09-03 21:12:42,051 - src.process_pipeline - INFO - Processing Europe/Champions League/2022
2025-09-03 21:12:42,069 - src.process_pipeline - WARNING - Missing odds file: data\extracted\Europe\Champions League\2022\odds.csv
2025-09-03 21:12:42,098 - src.process_pipeline - INFO - Successfully merged 210 records with team statistics
2025-09-03 21:12:42,123 - src.process_pipeline - INFO - Saved merged data to data\processed\Europe\Champions League\2022\merged_2022.csv
2025-09-03 21:12:42,123 - src.process_pipeline - INFO - Successfully merged 210 records
2025-09-03 21:12:42,124 - src.process_pipeline - INFO -   Found 210 new matches
2025-09-03 21:12:42,131 - src.process_pipeline - INFO - Processing Europe - Champions League - 2023
2025-09-03 21:12:42,132 - src.process_pipeline - INFO - Processing Europe/Champions League/2023
2025-09-03 21:12:42,147 - src.process_pipeline - WARNING - Missing odds file: data\extracted\Europe\Champions League\2023\odds.csv
2025-09-03 21:12:42,171 - src.process_pipeline - INFO - Successfully merged 211 records with team statistics
2025-09-03 21:12:42,188 - src.process_pipeline - INFO - Saved merged data to data\processed\Europe\Champions League\2023\merged_2023.csv
2025-09-03 21:12:42,188 - src.process_pipeline - INFO - Successfully merged 211 records
2025-09-03 21:12:42,189 - src.process_pipeline - INFO -   Found 211 new matches
2025-09-03 21:12:42,191 - src.process_pipeline - INFO - Processing Europe - Champions League - 2024
2025-09-03 21:12:42,192 - src.process_pipeline - INFO - Processing Europe/Champions League/2024
2025-09-03 21:12:42,205 - src.process_pipeline - WARNING - Missing odds file: data\extracted\Europe\Champions League\2024\odds.csv
2025-09-03 21:12:42,215 - src.process_pipeline - INFO - Successfully merged 279 records with team statistics
2025-09-03 21:12:42,228 - src.process_pipeline - INFO - Saved merged data to data\processed\Europe\Champions League\2024\merged_2024.csv
2025-09-03 21:12:42,228 - src.process_pipeline - INFO - Successfully merged 279 records
2025-09-03 21:12:42,229 - src.process_pipeline - INFO -   Found 279 new matches
2025-09-03 21:12:42,232 - src.process_pipeline - INFO - Processing Europe - Champions League - 2025
2025-09-03 21:12:42,232 - src.process_pipeline - INFO - Processing Europe/Champions League/2025
2025-09-03 21:12:42,240 - src.process_pipeline - INFO - Odds data found for Europe/Champions League/2025
2025-09-03 21:12:42,268 - src.process_pipeline - INFO - Added odds data for 7 fixtures
2025-09-03 21:12:42,268 - src.process_pipeline - INFO - Successfully merged 34 records with team statistics
2025-09-03 21:12:42,271 - src.process_pipeline - INFO - Saved merged data to data\processed\Europe\Champions League\2025\merged_2025.csv
2025-09-03 21:12:42,271 - src.process_pipeline - INFO - Successfully merged 34 records
2025-09-03 21:12:42,271 - src.process_pipeline - INFO -   Found 34 new matches
2025-09-03 21:12:42,274 - src.process_pipeline - INFO - Processing Europe - Conference League - 2021
2025-09-03 21:12:42,275 - src.process_pipeline - INFO - Processing Europe/Conference League/2021
2025-09-03 21:12:42,284 - src.process_pipeline - WARNING - Missing odds file: data\extracted\Europe\Conference League\2021\odds.csv
2025-09-03 21:12:42,293 - src.process_pipeline - INFO - Successfully merged 423 records with team statistics
2025-09-03 21:12:42,309 - src.process_pipeline - INFO - Saved merged data to data\processed\Europe\Conference League\2021\merged_2021.csv
2025-09-03 21:12:42,309 - src.process_pipeline - INFO - Successfully merged 423 records
2025-09-03 21:12:42,309 - src.process_pipeline - INFO -   Found 423 new matches
2025-09-03 21:12:42,312 - src.process_pipeline - INFO - Processing Europe - Conference League - 2022
2025-09-03 21:12:42,313 - src.process_pipeline - INFO - Processing Europe/Conference League/2022
2025-09-03 21:12:42,324 - src.process_pipeline - WARNING - Missing odds file: data\extracted\Europe\Conference League\2022\odds.csv
2025-09-03 21:12:42,333 - src.process_pipeline - INFO - Successfully merged 414 records with team statistics
2025-09-03 21:12:42,348 - src.process_pipeline - INFO - Saved merged data to data\processed\Europe\Conference League\2022\merged_2022.csv
2025-09-03 21:12:42,348 - src.process_pipeline - INFO - Successfully merged 414 records
2025-09-03 21:12:42,349 - src.process_pipeline - INFO -   Found 414 new matches
2025-09-03 21:12:42,352 - src.process_pipeline - INFO - Processing Europe - Conference League - 2023
2025-09-03 21:12:42,352 - src.process_pipeline - INFO - Processing Europe/Conference League/2023
2025-09-03 21:12:42,363 - src.process_pipeline - WARNING - Missing odds file: data\extracted\Europe\Conference League\2023\odds.csv
2025-09-03 21:12:42,372 - src.process_pipeline - INFO - Successfully merged 417 records with team statistics
2025-09-03 21:12:42,387 - src.process_pipeline - INFO - Saved merged data to data\processed\Europe\Conference League\2023\merged_2023.csv
2025-09-03 21:12:42,387 - src.process_pipeline - INFO - Successfully merged 417 records
2025-09-03 21:12:42,388 - src.process_pipeline - INFO -   Found 417 new matches
2025-09-03 21:12:42,390 - src.process_pipeline - INFO - Processing Europe - Conference League - 2024
2025-09-03 21:12:42,391 - src.process_pipeline - INFO - Processing Europe/Conference League/2024
2025-09-03 21:12:42,391 - src.process_pipeline - WARNING - Missing team stats file: data\extracted\Europe\Conference League\2024\team_statistics.csv
2025-09-03 21:12:42,391 - src.process_pipeline - INFO -   No new matches found
2025-09-03 21:12:42,392 - src.process_pipeline - INFO - Processing Europe - Conference League - 2025
2025-09-03 21:12:42,392 - src.process_pipeline - INFO - Processing Europe/Conference League/2025
2025-09-03 21:12:42,400 - src.process_pipeline - INFO - Odds data found for Europe/Conference League/2025
2025-09-03 21:12:42,463 - src.process_pipeline - INFO - Added odds data for 24 fixtures
2025-09-03 21:12:42,463 - src.process_pipeline - INFO - Successfully merged 108 records with team statistics
2025-09-03 21:12:42,468 - src.process_pipeline - INFO - Saved merged data to data\processed\Europe\Conference League\2025\merged_2025.csv
2025-09-03 21:12:42,468 - src.process_pipeline - INFO - Successfully merged 108 records
2025-09-03 21:12:42,468 - src.process_pipeline - INFO -   Found 108 new matches
2025-09-03 21:12:42,471 - src.process_pipeline - INFO - Processing Europe - Europa League - 2020
2025-09-03 21:12:42,472 - src.process_pipeline - INFO - Processing Europe/Europa League/2020
2025-09-03 21:12:42,483 - src.process_pipeline - WARNING - Missing odds file: data\extracted\Europe\Europa League\2020\odds.csv
2025-09-03 21:12:42,497 - src.process_pipeline - INFO - Successfully merged 362 records with team statistics
2025-09-03 21:12:42,516 - src.process_pipeline - INFO - Saved merged data to data\processed\Europe\Europa League\2020\merged_2020.csv
2025-09-03 21:12:42,517 - src.process_pipeline - INFO - Successfully merged 362 records
2025-09-03 21:12:42,517 - src.process_pipeline - INFO -   Found 362 new matches
2025-09-03 21:12:42,521 - src.process_pipeline - INFO - Processing Europe - Europa League - 2021
2025-09-03 21:12:42,521 - src.process_pipeline - INFO - Processing Europe/Europa League/2021
2025-09-03 21:12:42,533 - src.process_pipeline - WARNING - Missing odds file: data\extracted\Europe\Europa League\2021\odds.csv
2025-09-03 21:12:42,547 - src.process_pipeline - INFO - Successfully merged 177 records with team statistics
2025-09-03 21:12:42,559 - src.process_pipeline - INFO - Saved merged data to data\processed\Europe\Europa League\2021\merged_2021.csv
2025-09-03 21:12:42,559 - src.process_pipeline - INFO - Successfully merged 177 records
2025-09-03 21:12:42,560 - src.process_pipeline - INFO -   Found 177 new matches
2025-09-03 21:12:42,566 - src.process_pipeline - INFO - Processing Europe - Europa League - 2022
2025-09-03 21:12:42,567 - src.process_pipeline - INFO - Processing Europe/Europa League/2022
2025-09-03 21:12:42,577 - src.process_pipeline - WARNING - Missing odds file: data\extracted\Europe\Europa League\2022\odds.csv
2025-09-03 21:12:42,587 - src.process_pipeline - INFO - Successfully merged 175 records with team statistics
2025-09-03 21:12:42,599 - src.process_pipeline - INFO - Saved merged data to data\processed\Europe\Europa League\2022\merged_2022.csv
2025-09-03 21:12:42,599 - src.process_pipeline - INFO - Successfully merged 175 records
2025-09-03 21:12:42,599 - src.process_pipeline - INFO -   Found 175 new matches
2025-09-03 21:12:42,605 - src.process_pipeline - INFO - Processing Europe - Europa League - 2023
2025-09-03 21:12:42,605 - src.process_pipeline - INFO - Processing Europe/Europa League/2023
2025-09-03 21:12:42,615 - src.process_pipeline - WARNING - Missing odds file: data\extracted\Europe\Europa League\2023\odds.csv
2025-09-03 21:12:42,624 - src.process_pipeline - INFO - Successfully merged 175 records with team statistics
2025-09-03 21:12:42,634 - src.process_pipeline - INFO - Saved merged data to data\processed\Europe\Europa League\2023\merged_2023.csv
2025-09-03 21:12:42,634 - src.process_pipeline - INFO - Successfully merged 175 records
2025-09-03 21:12:42,634 - src.process_pipeline - INFO -   Found 175 new matches
2025-09-03 21:12:42,638 - src.process_pipeline - INFO - Processing Europe - Europa League - 2024
2025-09-03 21:12:42,639 - src.process_pipeline - INFO - Processing Europe/Europa League/2024
2025-09-03 21:12:42,649 - src.process_pipeline - WARNING - Missing odds file: data\extracted\Europe\Europa League\2024\odds.csv
2025-09-03 21:12:42,658 - src.process_pipeline - INFO - Successfully merged 269 records with team statistics
2025-09-03 21:12:42,669 - src.process_pipeline - INFO - Saved merged data to data\processed\Europe\Europa League\2024\merged_2024.csv
2025-09-03 21:12:42,669 - src.process_pipeline - INFO - Successfully merged 269 records
2025-09-03 21:12:42,670 - src.process_pipeline - INFO -   Found 269 new matches
2025-09-03 21:12:42,673 - src.process_pipeline - INFO - Processing Europe - Europa League - 2025
2025-09-03 21:12:42,673 - src.process_pipeline - INFO - Processing Europe/Europa League/2025
2025-09-03 21:12:42,681 - src.process_pipeline - INFO - Odds data found for Europe/Europa League/2025
2025-09-03 21:12:42,715 - src.process_pipeline - INFO - Added odds data for 12 fixtures
2025-09-03 21:12:42,716 - src.process_pipeline - INFO - Successfully merged 50 records with team statistics
2025-09-03 21:12:42,719 - src.process_pipeline - INFO - Saved merged data to data\processed\Europe\Europa League\2025\merged_2025.csv
2025-09-03 21:12:42,719 - src.process_pipeline - INFO - Successfully merged 50 records
2025-09-03 21:12:42,719 - src.process_pipeline - INFO -   Found 50 new matches
2025-09-03 21:12:42,722 - src.process_pipeline - INFO - Processing Italy - Coppa Italia - 2020
2025-09-03 21:12:42,723 - src.process_pipeline - INFO - Processing Italy/Coppa Italia/2020
2025-09-03 21:12:42,729 - src.process_pipeline - WARNING - Missing odds file: data\extracted\Italy\Coppa Italia\2020\odds.csv
2025-09-03 21:12:42,736 - src.process_pipeline - INFO - Successfully merged 79 records with team statistics
2025-09-03 21:12:42,740 - src.process_pipeline - INFO - Saved merged data to data\processed\Italy\Coppa Italia\2020\merged_2020.csv
2025-09-03 21:12:42,740 - src.process_pipeline - INFO - Successfully merged 79 records
2025-09-03 21:12:42,741 - src.process_pipeline - INFO -   Found 79 new matches
2025-09-03 21:12:42,744 - src.process_pipeline - INFO - Processing Italy - Coppa Italia - 2021
2025-09-03 21:12:42,745 - src.process_pipeline - INFO - Processing Italy/Coppa Italia/2021
2025-09-03 21:12:42,751 - src.process_pipeline - WARNING - Missing odds file: data\extracted\Italy\Coppa Italia\2021\odds.csv
2025-09-03 21:12:42,759 - src.process_pipeline - INFO - Successfully merged 45 records with team statistics
2025-09-03 21:12:42,763 - src.process_pipeline - INFO - Saved merged data to data\processed\Italy\Coppa Italia\2021\merged_2021.csv
2025-09-03 21:12:42,763 - src.process_pipeline - INFO - Successfully merged 45 records
2025-09-03 21:12:42,763 - src.process_pipeline - INFO -   Found 45 new matches
2025-09-03 21:12:42,767 - src.process_pipeline - INFO - Processing Italy - Coppa Italia - 2022
2025-09-03 21:12:42,767 - src.process_pipeline - INFO - Processing Italy/Coppa Italia/2022
2025-09-03 21:12:42,772 - src.process_pipeline - WARNING - Missing odds file: data\extracted\Italy\Coppa Italia\2022\odds.csv
2025-09-03 21:12:42,780 - src.process_pipeline - INFO - Successfully merged 41 records with team statistics
2025-09-03 21:12:42,783 - src.process_pipeline - INFO - Saved merged data to data\processed\Italy\Coppa Italia\2022\merged_2022.csv
2025-09-03 21:12:42,783 - src.process_pipeline - INFO - Successfully merged 41 records
2025-09-03 21:12:42,784 - src.process_pipeline - INFO -   Found 41 new matches
2025-09-03 21:12:42,788 - src.process_pipeline - INFO - Processing Italy - Coppa Italia - 2023
2025-09-03 21:12:42,788 - src.process_pipeline - INFO - Processing Italy/Coppa Italia/2023
2025-09-03 21:12:42,793 - src.process_pipeline - WARNING - Missing odds file: data\extracted\Italy\Coppa Italia\2023\odds.csv
2025-09-03 21:12:42,802 - src.process_pipeline - INFO - Successfully merged 45 records with team statistics
2025-09-03 21:12:42,805 - src.process_pipeline - INFO - Saved merged data to data\processed\Italy\Coppa Italia\2023\merged_2023.csv
2025-09-03 21:12:42,805 - src.process_pipeline - INFO - Successfully merged 45 records
2025-09-03 21:12:42,805 - src.process_pipeline - INFO -   Found 45 new matches
2025-09-03 21:12:42,809 - src.process_pipeline - INFO - Processing Italy - Coppa Italia - 2024
2025-09-03 21:12:42,810 - src.process_pipeline - INFO - Processing Italy/Coppa Italia/2024
2025-09-03 21:12:42,816 - src.process_pipeline - WARNING - Missing odds file: data\extracted\Italy\Coppa Italia\2024\odds.csv
2025-09-03 21:12:42,823 - src.process_pipeline - INFO - Successfully merged 45 records with team statistics
2025-09-03 21:12:42,827 - src.process_pipeline - INFO - Saved merged data to data\processed\Italy\Coppa Italia\2024\merged_2024.csv
2025-09-03 21:12:42,827 - src.process_pipeline - INFO - Successfully merged 45 records
2025-09-03 21:12:42,827 - src.process_pipeline - INFO -   Found 45 new matches
2025-09-03 21:12:42,831 - src.process_pipeline - INFO - Processing Italy - Coppa Italia - 2025
2025-09-03 21:12:42,832 - src.process_pipeline - INFO - Processing Italy/Coppa Italia/2025
2025-09-03 21:12:42,832 - src.process_pipeline - WARNING - Missing fixtures file: data\extracted\Italy\Coppa Italia\2025\fixture_events.csv
2025-09-03 21:12:42,832 - src.process_pipeline - INFO -   No new matches found
2025-09-03 21:12:42,832 - src.process_pipeline - INFO - Processing Italy - Serie A - 2020
2025-09-03 21:12:42,833 - src.process_pipeline - INFO - Processing Italy/Serie A/2020
2025-09-03 21:12:42,843 - src.process_pipeline - WARNING - Missing odds file: data\extracted\Italy\Serie A\2020\odds.csv
2025-09-03 21:12:42,854 - src.process_pipeline - INFO - Successfully merged 380 records with team statistics
2025-09-03 21:12:42,867 - src.process_pipeline - INFO - Saved merged data to data\processed\Italy\Serie A\2020\merged_2020.csv
2025-09-03 21:12:42,868 - src.process_pipeline - INFO - Successfully merged 380 records
2025-09-03 21:12:42,868 - src.process_pipeline - INFO -   Found 380 new matches
2025-09-03 21:12:42,872 - src.process_pipeline - INFO - Processing Italy - Serie A - 2021
2025-09-03 21:12:42,872 - src.process_pipeline - INFO - Processing Italy/Serie A/2021
2025-09-03 21:12:42,883 - src.process_pipeline - WARNING - Missing odds file: data\extracted\Italy\Serie A\2021\odds.csv
2025-09-03 21:12:42,891 - src.process_pipeline - INFO - Successfully merged 380 records with team statistics
2025-09-03 21:12:42,904 - src.process_pipeline - INFO - Saved merged data to data\processed\Italy\Serie A\2021\merged_2021.csv
2025-09-03 21:12:42,904 - src.process_pipeline - INFO - Successfully merged 380 records
2025-09-03 21:12:42,904 - src.process_pipeline - INFO -   Found 380 new matches
2025-09-03 21:12:42,908 - src.process_pipeline - INFO - Processing Italy - Serie A - 2022
2025-09-03 21:12:42,909 - src.process_pipeline - INFO - Processing Italy/Serie A/2022
2025-09-03 21:12:42,921 - src.process_pipeline - WARNING - Missing odds file: data\extracted\Italy\Serie A\2022\odds.csv
2025-09-03 21:12:42,935 - src.process_pipeline - INFO - Successfully merged 370 records with team statistics
2025-09-03 21:12:42,949 - src.process_pipeline - INFO - Saved merged data to data\processed\Italy\Serie A\2022\merged_2022.csv
2025-09-03 21:12:42,949 - src.process_pipeline - INFO - Successfully merged 370 records
2025-09-03 21:12:42,949 - src.process_pipeline - INFO -   Found 370 new matches
2025-09-03 21:12:42,954 - src.process_pipeline - INFO - Processing Italy - Serie A - 2023
2025-09-03 21:12:42,954 - src.process_pipeline - INFO - Processing Italy/Serie A/2023
2025-09-03 21:12:42,966 - src.process_pipeline - WARNING - Missing odds file: data\extracted\Italy\Serie A\2023\odds.csv
2025-09-03 21:12:42,974 - src.process_pipeline - INFO - Successfully merged 379 records with team statistics
2025-09-03 21:12:42,988 - src.process_pipeline - INFO - Saved merged data to data\processed\Italy\Serie A\2023\merged_2023.csv
2025-09-03 21:12:42,988 - src.process_pipeline - INFO - Successfully merged 379 records
2025-09-03 21:12:42,988 - src.process_pipeline - INFO -   Found 379 new matches
2025-09-03 21:12:42,993 - src.process_pipeline - INFO - Processing Italy - Serie A - 2024
2025-09-03 21:12:42,994 - src.process_pipeline - INFO - Processing Italy/Serie A/2024
2025-09-03 21:12:43,005 - src.process_pipeline - WARNING - Missing odds file: data\extracted\Italy\Serie A\2024\odds.csv
2025-09-03 21:12:43,014 - src.process_pipeline - INFO - Successfully merged 380 records with team statistics
2025-09-03 21:12:43,029 - src.process_pipeline - INFO - Saved merged data to data\processed\Italy\Serie A\2024\merged_2024.csv
2025-09-03 21:12:43,029 - src.process_pipeline - INFO - Successfully merged 380 records
2025-09-03 21:12:43,029 - src.process_pipeline - INFO -   Found 380 new matches
2025-09-03 21:12:43,035 - src.process_pipeline - INFO - Processing Italy - Serie A - 2025
2025-09-03 21:12:43,036 - src.process_pipeline - INFO - Processing Italy/Serie A/2025
2025-09-03 21:12:43,045 - src.process_pipeline - INFO - Odds data found for Italy/Serie A/2025
2025-09-03 21:12:43,088 - src.process_pipeline - INFO - Added odds data for 18 fixtures
2025-09-03 21:12:43,088 - src.process_pipeline - INFO - Successfully merged 18 records with team statistics
2025-09-03 21:12:43,090 - src.process_pipeline - INFO - Saved merged data to data\processed\Italy\Serie A\2025\merged_2025.csv
2025-09-03 21:12:43,090 - src.process_pipeline - INFO - Successfully merged 18 records
2025-09-03 21:12:43,091 - src.process_pipeline - INFO -   Found 18 new matches
2025-09-03 21:12:43,095 - src.process_pipeline - INFO - Processing Italy - Serie B - 2020
2025-09-03 21:12:43,096 - src.process_pipeline - INFO - Processing Italy/Serie B/2020
2025-09-03 21:12:43,106 - src.process_pipeline - WARNING - Missing odds file: data\extracted\Italy\Serie B\2020\odds.csv
2025-09-03 21:12:43,114 - src.process_pipeline - INFO - Successfully merged 388 records with team statistics
2025-09-03 21:12:43,129 - src.process_pipeline - INFO - Saved merged data to data\processed\Italy\Serie B\2020\merged_2020.csv
2025-09-03 21:12:43,129 - src.process_pipeline - INFO - Successfully merged 388 records
2025-09-03 21:12:43,130 - src.process_pipeline - INFO -   Found 388 new matches
2025-09-03 21:12:43,133 - src.process_pipeline - INFO - Processing Italy - Serie B - 2021
2025-09-03 21:12:43,134 - src.process_pipeline - INFO - Processing Italy/Serie B/2021
2025-09-03 21:12:43,144 - src.process_pipeline - WARNING - Missing odds file: data\extracted\Italy\Serie B\2021\odds.csv
2025-09-03 21:12:43,152 - src.process_pipeline - INFO - Successfully merged 390 records with team statistics
2025-09-03 21:12:43,164 - src.process_pipeline - INFO - Saved merged data to data\processed\Italy\Serie B\2021\merged_2021.csv
2025-09-03 21:12:43,164 - src.process_pipeline - INFO - Successfully merged 390 records
2025-09-03 21:12:43,165 - src.process_pipeline - INFO -   Found 390 new matches
2025-09-03 21:12:43,169 - src.process_pipeline - INFO - Processing Italy - Serie B - 2022
2025-09-03 21:12:43,170 - src.process_pipeline - INFO - Processing Italy/Serie B/2022
2025-09-03 21:12:43,180 - src.process_pipeline - WARNING - Missing odds file: data\extracted\Italy\Serie B\2022\odds.csv
2025-09-03 21:12:43,188 - src.process_pipeline - INFO - Successfully merged 385 records with team statistics
2025-09-03 21:12:43,200 - src.process_pipeline - INFO - Saved merged data to data\processed\Italy\Serie B\2022\merged_2022.csv
2025-09-03 21:12:43,201 - src.process_pipeline - INFO - Successfully merged 385 records
2025-09-03 21:12:43,201 - src.process_pipeline - INFO -   Found 385 new matches
2025-09-03 21:12:43,205 - src.process_pipeline - INFO - Processing Italy - Serie B - 2023
2025-09-03 21:12:43,206 - src.process_pipeline - INFO - Processing Italy/Serie B/2023
2025-09-03 21:12:43,216 - src.process_pipeline - WARNING - Missing odds file: data\extracted\Italy\Serie B\2023\odds.csv
2025-09-03 21:12:43,226 - src.process_pipeline - INFO - Successfully merged 389 records with team statistics
2025-09-03 21:12:43,239 - src.process_pipeline - INFO - Saved merged data to data\processed\Italy\Serie B\2023\merged_2023.csv
2025-09-03 21:12:43,239 - src.process_pipeline - INFO - Successfully merged 389 records
2025-09-03 21:12:43,239 - src.process_pipeline - INFO -   Found 389 new matches
2025-09-03 21:12:43,245 - src.process_pipeline - INFO - Processing Italy - Serie B - 2024
2025-09-03 21:12:43,245 - src.process_pipeline - INFO - Processing Italy/Serie B/2024
2025-09-03 21:12:43,256 - src.process_pipeline - WARNING - Missing odds file: data\extracted\Italy\Serie B\2024\odds.csv
2025-09-03 21:12:43,265 - src.process_pipeline - INFO - Successfully merged 387 records with team statistics
2025-09-03 21:12:43,277 - src.process_pipeline - INFO - Saved merged data to data\processed\Italy\Serie B\2024\merged_2024.csv
2025-09-03 21:12:43,277 - src.process_pipeline - INFO - Successfully merged 387 records
2025-09-03 21:12:43,277 - src.process_pipeline - INFO -   Found 387 new matches
2025-09-03 21:12:43,283 - src.process_pipeline - INFO - Processing Italy - Serie B - 2025
2025-09-03 21:12:43,283 - src.process_pipeline - INFO - Processing Italy/Serie B/2025
2025-09-03 21:12:43,283 - src.process_pipeline - WARNING - Missing fixtures file: data\extracted\Italy\Serie B\2025\fixture_events.csv
2025-09-03 21:12:43,284 - src.process_pipeline - INFO -   No new matches found
2025-09-03 21:12:43,284 - src.process_pipeline - INFO - Total new matches to process: 7740
2025-09-03 21:12:43,284 - src.process_pipeline - INFO - Starting preprocessing and feature engineering
2025-09-03 21:12:43,284 - src.process_pipeline - INFO - Initial data shape: (7740, 72)
2025-09-03 21:12:43,284 - src.process_pipeline - INFO - Cleaning data
