2025-08-29 18:27:57,285 - src.process_pipeline - INFO - Logging initialized. Log file: logs/process\process_20250829_182757.log
2025-08-29 18:27:58,000 - src.process_pipeline - INFO - Loaded H2H data with 6740 team pairs
2025-08-29 18:27:58,014 - src.process_pipeline - INFO - Loaded standings data for 4512 teams
2025-08-29 18:27:58,640 - src.process_pipeline - INFO - Found 868 new fixtures in England/FA Cup/2021
2025-08-29 18:27:59,214 - src.process_pipeline - INFO - Processing England/Championship/2025
2025-08-29 18:27:59,224 - src.process_pipeline - INFO - No new fixtures in England/Championship/2025
2025-08-29 18:27:59,224 - src.process_pipeline - INFO - Processing England/EFL Trophy/2021
2025-08-29 18:27:59,237 - src.process_pipeline - INFO - No new fixtures in England/EFL Trophy/2021
2025-08-29 18:27:59,238 - src.process_pipeline - INFO - Processing England/EFL Trophy/2022
2025-08-29 18:27:59,251 - src.process_pipeline - INFO - No new fixtures in England/EFL Trophy/2022
2025-08-29 18:27:59,251 - src.process_pipeline - INFO - Processing England/EFL Trophy/2023
2025-08-29 18:27:59,264 - src.process_pipeline - INFO - No new fixtures in England/EFL Trophy/2023
2025-08-29 18:27:59,265 - src.process_pipeline - INFO - Processing England/EFL Trophy/2024
2025-08-29 18:27:59,276 - src.process_pipeline - INFO - No new fixtures in England/EFL Trophy/2024
2025-08-29 18:27:59,277 - src.process_pipeline - INFO - Processing England/FA Cup/2021
2025-08-29 18:27:59,277 - src.process_pipeline - WARNING - Missing team stats file: data\extracted\England\FA Cup\2021\team_statistics.csv
2025-08-29 18:27:59,277 - src.process_pipeline - INFO - Processing England/FA Trophy/2023
2025-08-29 18:27:59,278 - src.process_pipeline - WARNING - Missing team stats file: data\extracted\England\FA Trophy\2023\team_statistics.csv
2025-08-29 18:27:59,278 - src.process_pipeline - INFO - Processing England/FA Trophy/2024
2025-08-29 18:27:59,278 - src.process_pipeline - WARNING - Missing fixtures file: data\extracted\England\FA Trophy\2024\fixture_events.csv
2025-08-29 18:27:59,278 - src.process_pipeline - INFO - Processing England/Premier League/2018
2025-08-29 18:27:59,294 - src.process_pipeline - INFO - No new fixtures in England/Premier League/2018
2025-08-29 18:27:59,295 - src.process_pipeline - INFO - Processing England/Premier League/2019
2025-08-29 18:27:59,309 - src.process_pipeline - INFO - No new fixtures in England/Premier League/2019
2025-08-29 18:27:59,309 - src.process_pipeline - INFO - Processing England/Premier League/2020
2025-08-29 18:27:59,326 - src.process_pipeline - INFO - No new fixtures in England/Premier League/2020
2025-08-29 18:27:59,326 - src.process_pipeline - INFO - Processing England/Premier League/2021
2025-08-29 18:27:59,342 - src.process_pipeline - INFO - No new fixtures in England/Premier League/2021
2025-08-29 18:27:59,343 - src.process_pipeline - INFO - Processing England/Premier League/2022
2025-08-29 18:27:59,359 - src.process_pipeline - INFO - No new fixtures in England/Premier League/2022
2025-08-29 18:27:59,359 - src.process_pipeline - INFO - Processing England/Premier League/2023
2025-08-29 18:27:59,375 - src.process_pipeline - INFO - No new fixtures in England/Premier League/2023
2025-08-29 18:27:59,376 - src.process_pipeline - INFO - Processing England/Premier League/2024
2025-08-29 18:27:59,392 - src.process_pipeline - INFO - No new fixtures in England/Premier League/2024
2025-08-29 18:27:59,392 - src.process_pipeline - INFO - Processing England/Premier League/2025
2025-08-29 18:27:59,402 - src.process_pipeline - INFO - No new fixtures in England/Premier League/2025
2025-08-29 18:27:59,403 - src.process_pipeline - INFO - Processing Europe/Champions League/2018
2025-08-29 18:27:59,415 - src.process_pipeline - INFO - No new fixtures in Europe/Champions League/2018
2025-08-29 18:27:59,416 - src.process_pipeline - INFO - Processing Europe/Champions League/2019
2025-08-29 18:27:59,429 - src.process_pipeline - INFO - No new fixtures in Europe/Champions League/2019
2025-08-29 18:27:59,430 - src.process_pipeline - INFO - Processing Europe/Champions League/2020
2025-08-29 18:27:59,449 - src.process_pipeline - ERROR - Error processing Europe/Champions League/2020: No home or away data found after splitting
2025-08-29 18:27:59,450 - src.process_pipeline - INFO - Processing Europe/Champions League/2021
2025-08-29 18:27:59,461 - src.process_pipeline - INFO - No new fixtures in Europe/Champions League/2021
2025-08-29 18:27:59,462 - src.process_pipeline - INFO - Processing Europe/Champions League/2022
2025-08-29 18:27:59,474 - src.process_pipeline - INFO - No new fixtures in Europe/Champions League/2022
2025-08-29 18:27:59,474 - src.process_pipeline - INFO - Processing Europe/Champions League/2023
2025-08-29 18:27:59,488 - src.process_pipeline - INFO - No new fixtures in Europe/Champions League/2023
2025-08-29 18:27:59,488 - src.process_pipeline - INFO - Processing Europe/Champions League/2024
2025-08-29 18:27:59,503 - src.process_pipeline - INFO - No new fixtures in Europe/Champions League/2024
2025-08-29 18:27:59,504 - src.process_pipeline - INFO - Processing Europe/Champions League/2025
2025-08-29 18:27:59,513 - src.process_pipeline - INFO - No new fixtures in Europe/Champions League/2025
2025-08-29 18:27:59,514 - src.process_pipeline - INFO - Processing Europe/Conference League/2021
2025-08-29 18:27:59,532 - src.process_pipeline - ERROR - Error processing Europe/Conference League/2021: No home or away data found after splitting
2025-08-29 18:27:59,532 - src.process_pipeline - INFO - Processing Europe/Conference League/2022
2025-08-29 18:27:59,547 - src.process_pipeline - INFO - No new fixtures in Europe/Conference League/2022
2025-08-29 18:27:59,547 - src.process_pipeline - INFO - Processing Europe/Conference League/2023
2025-08-29 18:27:59,563 - src.process_pipeline - INFO - No new fixtures in Europe/Conference League/2023
2025-08-29 18:27:59,564 - src.process_pipeline - INFO - Processing Europe/Conference League/2024
2025-08-29 18:27:59,564 - src.process_pipeline - WARNING - Missing team stats file: data\extracted\Europe\Conference League\2024\team_statistics.csv
2025-08-29 18:27:59,565 - src.process_pipeline - INFO - Processing Europe/Conference League/2025
2025-08-29 18:27:59,575 - src.process_pipeline - INFO - No new fixtures in Europe/Conference League/2025
2025-08-29 18:27:59,575 - src.process_pipeline - INFO - Processing Europe/Europa League/2018
2025-08-29 18:27:59,593 - src.process_pipeline - INFO - No new fixtures in Europe/Europa League/2018
2025-08-29 18:27:59,594 - src.process_pipeline - INFO - Processing Europe/Europa League/2019
2025-08-29 18:27:59,613 - src.process_pipeline - INFO - No new fixtures in Europe/Europa League/2019
2025-08-29 18:27:59,614 - src.process_pipeline - INFO - Processing Europe/Europa League/2020
2025-08-29 18:27:59,633 - src.process_pipeline - ERROR - Error processing Europe/Europa League/2020: No home or away data found after splitting
2025-08-29 18:27:59,634 - src.process_pipeline - INFO - Processing Europe/Europa League/2021
2025-08-29 18:27:59,650 - src.process_pipeline - ERROR - Error processing Europe/Europa League/2021: No home or away data found after splitting
2025-08-29 18:27:59,651 - src.process_pipeline - INFO - Processing Europe/Europa League/2022
2025-08-29 18:27:59,663 - src.process_pipeline - INFO - No new fixtures in Europe/Europa League/2022
2025-08-29 18:27:59,664 - src.process_pipeline - INFO - Processing Europe/Europa League/2023
2025-08-29 18:27:59,675 - src.process_pipeline - INFO - No new fixtures in Europe/Europa League/2023
2025-08-29 18:27:59,676 - src.process_pipeline - INFO - Processing Europe/Europa League/2024
2025-08-29 18:27:59,689 - src.process_pipeline - INFO - No new fixtures in Europe/Europa League/2024
2025-08-29 18:27:59,690 - src.process_pipeline - INFO - Processing Europe/Europa League/2025
2025-08-29 18:27:59,702 - src.process_pipeline - INFO - No new fixtures in Europe/Europa League/2025
2025-08-29 18:27:59,703 - src.process_pipeline - INFO - Processing France/Coupe de France/2021
2025-08-29 18:27:59,743 - src.process_pipeline - INFO - Successfully merged 5 records with team statistics
2025-08-29 18:27:59,752 - src.process_pipeline - INFO - Saved merged data to data\processed\France\Coupe de France\2021\merged_2021.csv
2025-08-29 18:27:59,752 - src.process_pipeline - INFO - Successfully merged 5 records
2025-08-29 18:27:59,754 - src.process_pipeline - INFO - Processing France/Coupe de France/2022
2025-08-29 18:27:59,778 - src.process_pipeline - INFO - No new fixtures in France/Coupe de France/2022
2025-08-29 18:27:59,778 - src.process_pipeline - INFO - Processing France/Coupe de France/2023
2025-08-29 18:27:59,793 - src.process_pipeline - INFO - No new fixtures in France/Coupe de France/2023
2025-08-29 18:27:59,794 - src.process_pipeline - INFO - Processing France/Coupe de France/2024
2025-08-29 18:27:59,813 - src.process_pipeline - ERROR - Error processing France/Coupe de France/2024: No home or away data found after splitting
2025-08-29 18:27:59,814 - src.process_pipeline - INFO - Processing France/Ligue 1/2018
2025-08-29 18:27:59,829 - src.process_pipeline - INFO - No new fixtures in France/Ligue 1/2018
2025-08-29 18:27:59,830 - src.process_pipeline - INFO - Processing France/Ligue 1/2019
2025-08-29 18:27:59,848 - src.process_pipeline - ERROR - Error processing France/Ligue 1/2019: No home or away data found after splitting
2025-08-29 18:27:59,850 - src.process_pipeline - INFO - Processing France/Ligue 1/2020
2025-08-29 18:27:59,866 - src.process_pipeline - INFO - No new fixtures in France/Ligue 1/2020
2025-08-29 18:27:59,866 - src.process_pipeline - INFO - Processing France/Ligue 1/2021
2025-08-29 18:27:59,881 - src.process_pipeline - INFO - No new fixtures in France/Ligue 1/2021
2025-08-29 18:27:59,881 - src.process_pipeline - INFO - Processing France/Ligue 1/2022
2025-08-29 18:27:59,897 - src.process_pipeline - INFO - No new fixtures in France/Ligue 1/2022
2025-08-29 18:27:59,897 - src.process_pipeline - INFO - Processing France/Ligue 1/2023
2025-08-29 18:27:59,912 - src.process_pipeline - INFO - No new fixtures in France/Ligue 1/2023
2025-08-29 18:27:59,913 - src.process_pipeline - INFO - Processing France/Ligue 1/2024
2025-08-29 18:27:59,927 - src.process_pipeline - INFO - No new fixtures in France/Ligue 1/2024
2025-08-29 18:27:59,928 - src.process_pipeline - INFO - Processing France/Ligue 1/2025
2025-08-29 18:27:59,938 - src.process_pipeline - INFO - No new fixtures in France/Ligue 1/2025
2025-08-29 18:27:59,938 - src.process_pipeline - INFO - Processing France/Ligue 2/2025
2025-08-29 18:27:59,947 - src.process_pipeline - INFO - No new fixtures in France/Ligue 2/2025
2025-08-29 18:27:59,948 - src.process_pipeline - INFO - Processing Germany/2. Bundesliga/2025
2025-08-29 18:27:59,957 - src.process_pipeline - INFO - No new fixtures in Germany/2. Bundesliga/2025
2025-08-29 18:27:59,957 - src.process_pipeline - INFO - Processing Germany/Bundesliga/2018
2025-08-29 18:27:59,971 - src.process_pipeline - INFO - No new fixtures in Germany/Bundesliga/2018
2025-08-29 18:27:59,972 - src.process_pipeline - INFO - Processing Germany/Bundesliga/2019
2025-08-29 18:27:59,983 - src.process_pipeline - INFO - No new fixtures in Germany/Bundesliga/2019
2025-08-29 18:27:59,984 - src.process_pipeline - INFO - Processing Germany/Bundesliga/2020
2025-08-29 18:27:59,997 - src.process_pipeline - INFO - No new fixtures in Germany/Bundesliga/2020
2025-08-29 18:27:59,998 - src.process_pipeline - INFO - Processing Germany/Bundesliga/2021
2025-08-29 18:28:00,013 - src.process_pipeline - INFO - No new fixtures in Germany/Bundesliga/2021
2025-08-29 18:28:00,013 - src.process_pipeline - INFO - Processing Germany/Bundesliga/2022
2025-08-29 18:28:00,027 - src.process_pipeline - INFO - No new fixtures in Germany/Bundesliga/2022
2025-08-29 18:28:00,028 - src.process_pipeline - INFO - Processing Germany/Bundesliga/2023
2025-08-29 18:28:00,042 - src.process_pipeline - INFO - No new fixtures in Germany/Bundesliga/2023
2025-08-29 18:28:00,043 - src.process_pipeline - INFO - Processing Germany/Bundesliga/2024
2025-08-29 18:28:00,058 - src.process_pipeline - INFO - No new fixtures in Germany/Bundesliga/2024
2025-08-29 18:28:00,059 - src.process_pipeline - INFO - Processing Germany/Bundesliga/2025
2025-08-29 18:28:00,068 - src.process_pipeline - INFO - No new fixtures in Germany/Bundesliga/2025
2025-08-29 18:28:00,069 - src.process_pipeline - INFO - Processing Germany/DFB Pokal/2021
2025-08-29 18:28:00,080 - src.process_pipeline - INFO - No new fixtures in Germany/DFB Pokal/2021
2025-08-29 18:28:00,081 - src.process_pipeline - INFO - Processing Germany/DFB Pokal/2022
2025-08-29 18:28:00,090 - src.process_pipeline - INFO - No new fixtures in Germany/DFB Pokal/2022
2025-08-29 18:28:00,091 - src.process_pipeline - INFO - Processing Germany/DFB Pokal/2023
2025-08-29 18:28:00,100 - src.process_pipeline - INFO - No new fixtures in Germany/DFB Pokal/2023
2025-08-29 18:28:00,101 - src.process_pipeline - INFO - Processing Germany/DFB Pokal/2024
2025-08-29 18:28:00,110 - src.process_pipeline - INFO - No new fixtures in Germany/DFB Pokal/2024
2025-08-29 18:28:00,111 - src.process_pipeline - INFO - Processing Greece/Super League/2025
2025-08-29 18:28:00,111 - src.process_pipeline - WARNING - Missing team stats file: data\extracted\Greece\Super League\2025\team_statistics.csv
2025-08-29 18:28:00,111 - src.process_pipeline - INFO - Processing Italy/Coppa Italia/2020
2025-08-29 18:28:00,127 - src.process_pipeline - INFO - Successfully merged 4 records with team statistics
2025-08-29 18:28:00,129 - src.process_pipeline - INFO - Saved merged data to data\processed\Italy\Coppa Italia\2020\merged_2020.csv
2025-08-29 18:28:00,130 - src.process_pipeline - INFO - Successfully merged 4 records
2025-08-29 18:28:00,132 - src.process_pipeline - INFO - Processing Italy/Coppa Italia/2021
2025-08-29 18:28:00,141 - src.process_pipeline - INFO - No new fixtures in Italy/Coppa Italia/2021
2025-08-29 18:28:00,142 - src.process_pipeline - INFO - Processing Italy/Coppa Italia/2022
2025-08-29 18:28:00,151 - src.process_pipeline - INFO - No new fixtures in Italy/Coppa Italia/2022
2025-08-29 18:28:00,152 - src.process_pipeline - INFO - Processing Italy/Coppa Italia/2023
2025-08-29 18:28:00,161 - src.process_pipeline - INFO - No new fixtures in Italy/Coppa Italia/2023
2025-08-29 18:28:00,162 - src.process_pipeline - INFO - Processing Italy/Coppa Italia/2024
2025-08-29 18:28:00,171 - src.process_pipeline - INFO - No new fixtures in Italy/Coppa Italia/2024
2025-08-29 18:28:00,172 - src.process_pipeline - INFO - Processing Italy/Serie A/2016
2025-08-29 18:28:00,193 - src.process_pipeline - INFO - Successfully merged 1 records with team statistics
2025-08-29 18:28:00,195 - src.process_pipeline - INFO - Saved merged data to data\processed\Italy\Serie A\2016\merged_2016.csv
2025-08-29 18:28:00,196 - src.process_pipeline - INFO - Successfully merged 1 records
2025-08-29 18:28:00,198 - src.process_pipeline - INFO - Processing Italy/Serie A/2017
2025-08-29 18:28:00,214 - src.process_pipeline - INFO - No new fixtures in Italy/Serie A/2017
2025-08-29 18:28:00,214 - src.process_pipeline - INFO - Processing Italy/Serie A/2018
2025-08-29 18:28:00,230 - src.process_pipeline - INFO - No new fixtures in Italy/Serie A/2018
2025-08-29 18:28:00,230 - src.process_pipeline - INFO - Processing Italy/Serie A/2019
2025-08-29 18:28:00,242 - src.process_pipeline - INFO - No new fixtures in Italy/Serie A/2019
2025-08-29 18:28:00,243 - src.process_pipeline - INFO - Processing Italy/Serie A/2020
2025-08-29 18:28:00,256 - src.process_pipeline - INFO - No new fixtures in Italy/Serie A/2020
2025-08-29 18:28:00,257 - src.process_pipeline - INFO - Processing Italy/Serie A/2021
2025-08-29 18:28:00,271 - src.process_pipeline - INFO - No new fixtures in Italy/Serie A/2021
2025-08-29 18:28:00,272 - src.process_pipeline - INFO - Processing Italy/Serie A/2022
2025-08-29 18:28:00,286 - src.process_pipeline - INFO - No new fixtures in Italy/Serie A/2022
2025-08-29 18:28:00,287 - src.process_pipeline - INFO - Processing Italy/Serie A/2023
2025-08-29 18:28:00,301 - src.process_pipeline - INFO - No new fixtures in Italy/Serie A/2023
2025-08-29 18:28:00,302 - src.process_pipeline - INFO - Processing Italy/Serie A/2024
2025-08-29 18:28:00,316 - src.process_pipeline - INFO - No new fixtures in Italy/Serie A/2024
2025-08-29 18:28:00,317 - src.process_pipeline - INFO - Processing Italy/Serie A/2025
2025-08-29 18:28:00,326 - src.process_pipeline - INFO - No new fixtures in Italy/Serie A/2025
2025-08-29 18:28:00,326 - src.process_pipeline - INFO - Processing Italy/Serie B/2019
2025-08-29 18:28:00,339 - src.process_pipeline - INFO - No new fixtures in Italy/Serie B/2019
2025-08-29 18:28:00,340 - src.process_pipeline - INFO - Processing Italy/Serie B/2020
2025-08-29 18:28:00,363 - src.process_pipeline - INFO - Successfully merged 2 records with team statistics
2025-08-29 18:28:00,365 - src.process_pipeline - INFO - Saved merged data to data\processed\Italy\Serie B\2020\merged_2020.csv
2025-08-29 18:28:00,365 - src.process_pipeline - INFO - Successfully merged 2 records
2025-08-29 18:28:00,369 - src.process_pipeline - INFO - Processing Italy/Serie B/2021
2025-08-29 18:28:00,384 - src.process_pipeline - INFO - No new fixtures in Italy/Serie B/2021
2025-08-29 18:28:00,384 - src.process_pipeline - INFO - Processing Italy/Serie B/2022
2025-08-29 18:28:00,400 - src.process_pipeline - INFO - No new fixtures in Italy/Serie B/2022
2025-08-29 18:28:00,400 - src.process_pipeline - INFO - Processing Italy/Serie B/2023
2025-08-29 18:28:00,416 - src.process_pipeline - INFO - No new fixtures in Italy/Serie B/2023
2025-08-29 18:28:00,417 - src.process_pipeline - INFO - Processing Italy/Serie B/2024
2025-08-29 18:28:00,432 - src.process_pipeline - INFO - No new fixtures in Italy/Serie B/2024
2025-08-29 18:28:00,433 - src.process_pipeline - INFO - Processing Italy/Serie B/2025
2025-08-29 18:28:00,433 - src.process_pipeline - WARNING - Missing fixtures file: data\extracted\Italy\Serie B\2025\fixture_events.csv
2025-08-29 18:28:00,433 - src.process_pipeline - INFO - Processing Spain/La Liga/2020
2025-08-29 18:28:00,447 - src.process_pipeline - INFO - No new fixtures in Spain/La Liga/2020
2025-08-29 18:28:00,448 - src.process_pipeline - INFO - Processing Spain/La Liga/2021
2025-08-29 18:28:00,461 - src.process_pipeline - INFO - No new fixtures in Spain/La Liga/2021
2025-08-29 18:28:00,462 - src.process_pipeline - INFO - Processing Spain/La Liga/2022
2025-08-29 18:28:00,477 - src.process_pipeline - INFO - No new fixtures in Spain/La Liga/2022
2025-08-29 18:28:00,477 - src.process_pipeline - INFO - Processing Spain/La Liga/2023
2025-08-29 18:28:00,492 - src.process_pipeline - INFO - No new fixtures in Spain/La Liga/2023
2025-08-29 18:28:00,492 - src.process_pipeline - INFO - Processing Spain/La Liga/2024
2025-08-29 18:28:00,507 - src.process_pipeline - INFO - No new fixtures in Spain/La Liga/2024
2025-08-29 18:28:00,508 - src.process_pipeline - INFO - Processing Spain/La Liga/2025
2025-08-29 18:28:00,518 - src.process_pipeline - INFO - No new fixtures in Spain/La Liga/2025
2025-08-29 18:28:00,518 - src.process_pipeline - INFO - Processing Spain/Segunda Division/2021
2025-08-29 18:28:00,536 - src.process_pipeline - INFO - No new fixtures in Spain/Segunda Division/2021
2025-08-29 18:28:00,537 - src.process_pipeline - INFO - Processing Spain/Segunda Division/2022
2025-08-29 18:28:00,560 - src.process_pipeline - INFO - No new fixtures in Spain/Segunda Division/2022
2025-08-29 18:28:00,560 - src.process_pipeline - INFO - Processing Spain/Segunda Division/2023
2025-08-29 18:28:00,584 - src.process_pipeline - INFO - No new fixtures in Spain/Segunda Division/2023
2025-08-29 18:28:00,585 - src.process_pipeline - INFO - Processing Spain/Segunda Division/2024
2025-08-29 18:28:00,603 - src.process_pipeline - INFO - No new fixtures in Spain/Segunda Division/2024
2025-08-29 18:28:00,604 - src.process_pipeline - INFO - Processing Spain/Segunda Division/2025
2025-08-29 18:28:00,613 - src.process_pipeline - INFO - No new fixtures in Spain/Segunda Division/2025
2025-08-29 18:28:00,613 - src.process_pipeline - INFO - No new data processed after filtering
