2025-09-01 20:59:26,349 - src.process_pipeline - INFO - Logging initialized. Log file: logs/process\process_20250901_205926.log
2025-09-01 20:59:27,207 - src.process_pipeline - INFO - Loaded H2H data with 10532 team pairs
2025-09-01 20:59:27,214 - src.process_pipeline - INFO - Loaded standings data for 7622 teams
2025-09-01 20:59:28,031 - src.process_pipeline - INFO - Processing England/Championship/2017
2025-09-01 20:59:28,045 - src.process_pipeline - WARNING - Missing odds file: data\extracted\England\Championship\2017\odds.csv
2025-09-01 20:59:28,056 - src.process_pipeline - INFO - Successfully merged 557 records with team statistics
2025-09-01 20:59:28,079 - src.process_pipeline - INFO - Saved merged data to data\processed\England\Championship\2017\merged_2017.csv
2025-09-01 20:59:28,079 - src.process_pipeline - INFO - Successfully merged 557 records
2025-09-01 20:59:28,080 - src.process_pipeline - INFO - Processing England/Championship/2018
2025-09-01 20:59:28,096 - src.process_pipeline - WARNING - Missing odds file: data\extracted\England\Championship\2018\odds.csv
2025-09-01 20:59:28,109 - src.process_pipeline - INFO - Successfully merged 557 records with team statistics
2025-09-01 20:59:28,134 - src.process_pipeline - INFO - Saved merged data to data\processed\England\Championship\2018\merged_2018.csv
2025-09-01 20:59:28,134 - src.process_pipeline - INFO - Successfully merged 557 records
2025-09-01 20:59:28,138 - src.process_pipeline - INFO - Processing England/Championship/2019
2025-09-01 20:59:28,152 - src.process_pipeline - WARNING - Missing odds file: data\extracted\England\Championship\2019\odds.csv
2025-09-01 20:59:28,161 - src.process_pipeline - INFO - Successfully merged 444 records with team statistics
2025-09-01 20:59:28,175 - src.process_pipeline - INFO - Saved merged data to data\processed\England\Championship\2019\merged_2019.csv
2025-09-01 20:59:28,175 - src.process_pipeline - INFO - Successfully merged 444 records
2025-09-01 20:59:28,178 - src.process_pipeline - INFO - Processing England/Championship/2020
2025-09-01 20:59:28,193 - src.process_pipeline - WARNING - Missing odds file: data\extracted\England\Championship\2020\odds.csv
2025-09-01 20:59:28,202 - src.process_pipeline - INFO - Successfully merged 557 records with team statistics
2025-09-01 20:59:28,218 - src.process_pipeline - INFO - Saved merged data to data\processed\England\Championship\2020\merged_2020.csv
2025-09-01 20:59:28,218 - src.process_pipeline - INFO - Successfully merged 557 records
2025-09-01 20:59:28,221 - src.process_pipeline - INFO - Processing England/Championship/2021
2025-09-01 20:59:28,234 - src.process_pipeline - WARNING - Missing odds file: data\extracted\England\Championship\2021\odds.csv
2025-09-01 20:59:28,242 - src.process_pipeline - INFO - Successfully merged 557 records with team statistics
2025-09-01 20:59:28,258 - src.process_pipeline - INFO - Saved merged data to data\processed\England\Championship\2021\merged_2021.csv
2025-09-01 20:59:28,258 - src.process_pipeline - INFO - Successfully merged 557 records
2025-09-01 20:59:28,261 - src.process_pipeline - INFO - Processing England/Championship/2022
2025-09-01 20:59:28,274 - src.process_pipeline - WARNING - Missing odds file: data\extracted\England\Championship\2022\odds.csv
2025-09-01 20:59:28,282 - src.process_pipeline - INFO - Successfully merged 546 records with team statistics
2025-09-01 20:59:28,298 - src.process_pipeline - INFO - Saved merged data to data\processed\England\Championship\2022\merged_2022.csv
2025-09-01 20:59:28,298 - src.process_pipeline - INFO - Successfully merged 546 records
2025-09-01 20:59:28,301 - src.process_pipeline - INFO - Processing England/Championship/2023
2025-09-01 20:59:28,315 - src.process_pipeline - WARNING - Missing odds file: data\extracted\England\Championship\2023\odds.csv
2025-09-01 20:59:28,324 - src.process_pipeline - INFO - Successfully merged 557 records with team statistics
2025-09-01 20:59:28,344 - src.process_pipeline - INFO - Saved merged data to data\processed\England\Championship\2023\merged_2023.csv
2025-09-01 20:59:28,345 - src.process_pipeline - INFO - Successfully merged 557 records
2025-09-01 20:59:28,348 - src.process_pipeline - INFO - Processing England/Championship/2024
2025-09-01 20:59:28,361 - src.process_pipeline - WARNING - Missing odds file: data\extracted\England\Championship\2024\odds.csv
2025-09-01 20:59:28,370 - src.process_pipeline - INFO - Successfully merged 557 records with team statistics
2025-09-01 20:59:28,386 - src.process_pipeline - INFO - Saved merged data to data\processed\England\Championship\2024\merged_2024.csv
2025-09-01 20:59:28,386 - src.process_pipeline - INFO - Successfully merged 557 records
2025-09-01 20:59:28,390 - src.process_pipeline - INFO - Processing England/Championship/2025
2025-09-01 20:59:28,396 - src.process_pipeline - INFO - Odds data found for England/Championship/2025
2025-09-01 20:59:28,426 - src.process_pipeline - INFO - Added odds data for 12 fixtures
2025-09-01 20:59:28,427 - src.process_pipeline - INFO - Successfully merged 24 records with team statistics
2025-09-01 20:59:28,429 - src.process_pipeline - INFO - Saved merged data to data\processed\England\Championship\2025\merged_2025.csv
2025-09-01 20:59:28,429 - src.process_pipeline - INFO - Successfully merged 24 records
2025-09-01 20:59:28,432 - src.process_pipeline - INFO - Processing England/EFL Trophy/2021
2025-09-01 20:59:28,439 - src.process_pipeline - WARNING - Missing odds file: data\extracted\England\EFL Trophy\2021\odds.csv
2025-09-01 20:59:28,447 - src.process_pipeline - INFO - Successfully merged 127 records with team statistics
2025-09-01 20:59:28,452 - src.process_pipeline - INFO - Saved merged data to data\processed\England\EFL Trophy\2021\merged_2021.csv
2025-09-01 20:59:28,453 - src.process_pipeline - INFO - Successfully merged 127 records
2025-09-01 20:59:28,457 - src.process_pipeline - INFO - Processing England/EFL Trophy/2022
2025-09-01 20:59:28,463 - src.process_pipeline - WARNING - Missing odds file: data\extracted\England\EFL Trophy\2022\odds.csv
2025-09-01 20:59:28,471 - src.process_pipeline - INFO - Successfully merged 127 records with team statistics
2025-09-01 20:59:28,477 - src.process_pipeline - INFO - Saved merged data to data\processed\England\EFL Trophy\2022\merged_2022.csv
2025-09-01 20:59:28,477 - src.process_pipeline - INFO - Successfully merged 127 records
2025-09-01 20:59:28,481 - src.process_pipeline - INFO - Processing England/EFL Trophy/2023
2025-09-01 20:59:28,487 - src.process_pipeline - WARNING - Missing odds file: data\extracted\England\EFL Trophy\2023\odds.csv
2025-09-01 20:59:28,495 - src.process_pipeline - INFO - Successfully merged 127 records with team statistics
2025-09-01 20:59:28,501 - src.process_pipeline - INFO - Saved merged data to data\processed\England\EFL Trophy\2023\merged_2023.csv
2025-09-01 20:59:28,502 - src.process_pipeline - INFO - Successfully merged 127 records
2025-09-01 20:59:28,505 - src.process_pipeline - INFO - Processing England/EFL Trophy/2024
2025-09-01 20:59:28,511 - src.process_pipeline - WARNING - Missing odds file: data\extracted\England\EFL Trophy\2024\odds.csv
2025-09-01 20:59:28,520 - src.process_pipeline - INFO - Successfully merged 127 records with team statistics
2025-09-01 20:59:28,526 - src.process_pipeline - INFO - Saved merged data to data\processed\England\EFL Trophy\2024\merged_2024.csv
2025-09-01 20:59:28,526 - src.process_pipeline - INFO - Successfully merged 127 records
2025-09-01 20:59:28,529 - src.process_pipeline - INFO - Processing England/FA Cup/2018
2025-09-01 20:59:28,536 - src.process_pipeline - WARNING - Missing odds file: data\extracted\England\FA Cup\2018\odds.csv
2025-09-01 20:59:28,546 - src.process_pipeline - INFO - Successfully merged 150 records with team statistics
2025-09-01 20:59:28,552 - src.process_pipeline - INFO - Saved merged data to data\processed\England\FA Cup\2018\merged_2018.csv
2025-09-01 20:59:28,552 - src.process_pipeline - INFO - Successfully merged 150 records
2025-09-01 20:59:28,558 - src.process_pipeline - INFO - Processing England/FA Cup/2019
2025-09-01 20:59:28,564 - src.process_pipeline - WARNING - Missing odds file: data\extracted\England\FA Cup\2019\odds.csv
2025-09-01 20:59:28,572 - src.process_pipeline - INFO - Successfully merged 149 records with team statistics
2025-09-01 20:59:28,578 - src.process_pipeline - INFO - Saved merged data to data\processed\England\FA Cup\2019\merged_2019.csv
2025-09-01 20:59:28,578 - src.process_pipeline - INFO - Successfully merged 149 records
2025-09-01 20:59:28,582 - src.process_pipeline - INFO - Processing England/FA Cup/2020
2025-09-01 20:59:28,589 - src.process_pipeline - WARNING - Missing odds file: data\extracted\England\FA Cup\2020\odds.csv
2025-09-01 20:59:28,597 - src.process_pipeline - INFO - Successfully merged 124 records with team statistics
2025-09-01 20:59:28,602 - src.process_pipeline - INFO - Saved merged data to data\processed\England\FA Cup\2020\merged_2020.csv
2025-09-01 20:59:28,602 - src.process_pipeline - INFO - Successfully merged 124 records
2025-09-01 20:59:28,606 - src.process_pipeline - INFO - Processing England/FA Cup/2021
2025-09-01 20:59:28,613 - src.process_pipeline - WARNING - Missing odds file: data\extracted\England\FA Cup\2021\odds.csv
2025-09-01 20:59:28,621 - src.process_pipeline - INFO - Successfully merged 136 records with team statistics
2025-09-01 20:59:28,627 - src.process_pipeline - INFO - Saved merged data to data\processed\England\FA Cup\2021\merged_2021.csv
2025-09-01 20:59:28,627 - src.process_pipeline - INFO - Successfully merged 136 records
2025-09-01 20:59:28,631 - src.process_pipeline - INFO - Processing England/FA Cup/2022
2025-09-01 20:59:28,639 - src.process_pipeline - WARNING - Missing odds file: data\extracted\England\FA Cup\2022\odds.csv
2025-09-01 20:59:28,647 - src.process_pipeline - INFO - Successfully merged 143 records with team statistics
2025-09-01 20:59:28,654 - src.process_pipeline - INFO - Saved merged data to data\processed\England\FA Cup\2022\merged_2022.csv
2025-09-01 20:59:28,654 - src.process_pipeline - INFO - Successfully merged 143 records
2025-09-01 20:59:28,660 - src.process_pipeline - INFO - Processing England/FA Cup/2023
2025-09-01 20:59:28,667 - src.process_pipeline - WARNING - Missing odds file: data\extracted\England\FA Cup\2023\odds.csv
2025-09-01 20:59:28,676 - src.process_pipeline - INFO - Successfully merged 149 records with team statistics
2025-09-01 20:59:28,682 - src.process_pipeline - INFO - Saved merged data to data\processed\England\FA Cup\2023\merged_2023.csv
2025-09-01 20:59:28,682 - src.process_pipeline - INFO - Successfully merged 149 records
2025-09-01 20:59:28,688 - src.process_pipeline - INFO - Processing England/FA Cup/2024
2025-09-01 20:59:28,697 - src.process_pipeline - WARNING - Missing odds file: data\extracted\England\FA Cup\2024\odds.csv
2025-09-01 20:59:28,705 - src.process_pipeline - INFO - Successfully merged 123 records with team statistics
2025-09-01 20:59:28,711 - src.process_pipeline - INFO - Saved merged data to data\processed\England\FA Cup\2024\merged_2024.csv
2025-09-01 20:59:28,711 - src.process_pipeline - INFO - Successfully merged 123 records
2025-09-01 20:59:28,716 - src.process_pipeline - INFO - Processing England/FA Trophy/2023
2025-09-01 20:59:28,716 - src.process_pipeline - WARNING - Missing team stats file: data\extracted\England\FA Trophy\2023\team_statistics.csv
2025-09-01 20:59:28,716 - src.process_pipeline - INFO - Processing England/FA Trophy/2024
2025-09-01 20:59:28,717 - src.process_pipeline - WARNING - Missing fixtures file: data\extracted\England\FA Trophy\2024\fixture_events.csv
2025-09-01 20:59:28,717 - src.process_pipeline - INFO - Processing England/Premier League/2018
2025-09-01 20:59:28,726 - src.process_pipeline - WARNING - Missing odds file: data\extracted\England\Premier League\2018\odds.csv
2025-09-01 20:59:28,734 - src.process_pipeline - INFO - Successfully merged 380 records with team statistics
2025-09-01 20:59:28,745 - src.process_pipeline - INFO - Saved merged data to data\processed\England\Premier League\2018\merged_2018.csv
2025-09-01 20:59:28,746 - src.process_pipeline - INFO - Successfully merged 380 records
2025-09-01 20:59:28,750 - src.process_pipeline - INFO - Processing England/Premier League/2019
2025-09-01 20:59:28,759 - src.process_pipeline - WARNING - Missing odds file: data\extracted\England\Premier League\2019\odds.csv
2025-09-01 20:59:28,767 - src.process_pipeline - INFO - Successfully merged 288 records with team statistics
2025-09-01 20:59:28,777 - src.process_pipeline - INFO - Saved merged data to data\processed\England\Premier League\2019\merged_2019.csv
2025-09-01 20:59:28,778 - src.process_pipeline - INFO - Successfully merged 288 records
2025-09-01 20:59:28,781 - src.process_pipeline - INFO - Processing England/Premier League/2020
2025-09-01 20:59:28,791 - src.process_pipeline - WARNING - Missing odds file: data\extracted\England\Premier League\2020\odds.csv
2025-09-01 20:59:28,799 - src.process_pipeline - INFO - Successfully merged 380 records with team statistics
2025-09-01 20:59:28,810 - src.process_pipeline - INFO - Saved merged data to data\processed\England\Premier League\2020\merged_2020.csv
2025-09-01 20:59:28,810 - src.process_pipeline - INFO - Successfully merged 380 records
2025-09-01 20:59:28,814 - src.process_pipeline - INFO - Processing England/Premier League/2021
2025-09-01 20:59:28,823 - src.process_pipeline - WARNING - Missing odds file: data\extracted\England\Premier League\2021\odds.csv
2025-09-01 20:59:28,831 - src.process_pipeline - INFO - Successfully merged 380 records with team statistics
2025-09-01 20:59:28,842 - src.process_pipeline - INFO - Saved merged data to data\processed\England\Premier League\2021\merged_2021.csv
2025-09-01 20:59:28,843 - src.process_pipeline - INFO - Successfully merged 380 records
2025-09-01 20:59:28,847 - src.process_pipeline - INFO - Processing England/Premier League/2022
2025-09-01 20:59:28,858 - src.process_pipeline - WARNING - Missing odds file: data\extracted\England\Premier League\2022\odds.csv
2025-09-01 20:59:28,866 - src.process_pipeline - INFO - Successfully merged 380 records with team statistics
2025-09-01 20:59:28,877 - src.process_pipeline - INFO - Saved merged data to data\processed\England\Premier League\2022\merged_2022.csv
2025-09-01 20:59:28,877 - src.process_pipeline - INFO - Successfully merged 380 records
2025-09-01 20:59:28,882 - src.process_pipeline - INFO - Processing England/Premier League/2023
2025-09-01 20:59:28,893 - src.process_pipeline - WARNING - Missing odds file: data\extracted\England\Premier League\2023\odds.csv
2025-09-01 20:59:28,901 - src.process_pipeline - INFO - Successfully merged 380 records with team statistics
2025-09-01 20:59:28,913 - src.process_pipeline - INFO - Saved merged data to data\processed\England\Premier League\2023\merged_2023.csv
2025-09-01 20:59:28,913 - src.process_pipeline - INFO - Successfully merged 380 records
2025-09-01 20:59:28,918 - src.process_pipeline - INFO - Processing England/Premier League/2024
2025-09-01 20:59:28,929 - src.process_pipeline - WARNING - Missing odds file: data\extracted\England\Premier League\2024\odds.csv
2025-09-01 20:59:28,938 - src.process_pipeline - INFO - Successfully merged 380 records with team statistics
2025-09-01 20:59:28,950 - src.process_pipeline - INFO - Saved merged data to data\processed\England\Premier League\2024\merged_2024.csv
2025-09-01 20:59:28,950 - src.process_pipeline - INFO - Successfully merged 380 records
2025-09-01 20:59:28,956 - src.process_pipeline - INFO - Processing England/Premier League/2025
2025-09-01 20:59:28,963 - src.process_pipeline - INFO - Odds data found for England/Premier League/2025
2025-09-01 20:59:29,013 - src.process_pipeline - INFO - Added odds data for 29 fixtures
2025-09-01 20:59:29,013 - src.process_pipeline - INFO - Successfully merged 30 records with team statistics
2025-09-01 20:59:29,016 - src.process_pipeline - INFO - Saved merged data to data\processed\England\Premier League\2025\merged_2025.csv
2025-09-01 20:59:29,016 - src.process_pipeline - INFO - Successfully merged 30 records
2025-09-01 20:59:29,021 - src.process_pipeline - INFO - Processing Europe/Champions League/2018
2025-09-01 20:59:29,029 - src.process_pipeline - WARNING - Missing odds file: data\extracted\Europe\Champions League\2018\odds.csv
2025-09-01 20:59:29,036 - src.process_pipeline - INFO - Successfully merged 166 records with team statistics
2025-09-01 20:59:29,044 - src.process_pipeline - INFO - Saved merged data to data\processed\Europe\Champions League\2018\merged_2018.csv
2025-09-01 20:59:29,044 - src.process_pipeline - INFO - Successfully merged 166 records
2025-09-01 20:59:29,050 - src.process_pipeline - INFO - Processing Europe/Champions League/2019
2025-09-01 20:59:29,058 - src.process_pipeline - WARNING - Missing odds file: data\extracted\Europe\Champions League\2019\odds.csv
2025-09-01 20:59:29,066 - src.process_pipeline - INFO - Successfully merged 140 records with team statistics
2025-09-01 20:59:29,072 - src.process_pipeline - INFO - Saved merged data to data\processed\Europe\Champions League\2019\merged_2019.csv
2025-09-01 20:59:29,072 - src.process_pipeline - INFO - Successfully merged 140 records
2025-09-01 20:59:29,077 - src.process_pipeline - INFO - Processing Europe/Champions League/2020
2025-09-01 20:59:29,085 - src.process_pipeline - WARNING - Missing odds file: data\extracted\Europe\Champions League\2020\odds.csv
2025-09-01 20:59:29,093 - src.process_pipeline - INFO - Successfully merged 178 records with team statistics
2025-09-01 20:59:29,100 - src.process_pipeline - INFO - Saved merged data to data\processed\Europe\Champions League\2020\merged_2020.csv
2025-09-01 20:59:29,100 - src.process_pipeline - INFO - Successfully merged 178 records
2025-09-01 20:59:29,106 - src.process_pipeline - INFO - Processing Europe/Champions League/2021
2025-09-01 20:59:29,114 - src.process_pipeline - WARNING - Missing odds file: data\extracted\Europe\Champions League\2021\odds.csv
2025-09-01 20:59:29,122 - src.process_pipeline - INFO - Successfully merged 157 records with team statistics
2025-09-01 20:59:29,128 - src.process_pipeline - INFO - Saved merged data to data\processed\Europe\Champions League\2021\merged_2021.csv
2025-09-01 20:59:29,129 - src.process_pipeline - INFO - Successfully merged 157 records
2025-09-01 20:59:29,134 - src.process_pipeline - INFO - Processing Europe/Champions League/2022
2025-09-01 20:59:29,142 - src.process_pipeline - WARNING - Missing odds file: data\extracted\Europe\Champions League\2022\odds.csv
2025-09-01 20:59:29,151 - src.process_pipeline - INFO - Successfully merged 210 records with team statistics
2025-09-01 20:59:29,160 - src.process_pipeline - INFO - Saved merged data to data\processed\Europe\Champions League\2022\merged_2022.csv
2025-09-01 20:59:29,160 - src.process_pipeline - INFO - Successfully merged 210 records
2025-09-01 20:59:29,167 - src.process_pipeline - INFO - Processing Europe/Champions League/2023
2025-09-01 20:59:29,178 - src.process_pipeline - WARNING - Missing odds file: data\extracted\Europe\Champions League\2023\odds.csv
2025-09-01 20:59:29,188 - src.process_pipeline - INFO - Successfully merged 211 records with team statistics
2025-09-01 20:59:29,199 - src.process_pipeline - INFO - Saved merged data to data\processed\Europe\Champions League\2023\merged_2023.csv
2025-09-01 20:59:29,199 - src.process_pipeline - INFO - Successfully merged 211 records
2025-09-01 20:59:29,207 - src.process_pipeline - INFO - Processing Europe/Champions League/2024
2025-09-01 20:59:29,218 - src.process_pipeline - WARNING - Missing odds file: data\extracted\Europe\Champions League\2024\odds.csv
2025-09-01 20:59:29,227 - src.process_pipeline - INFO - Successfully merged 279 records with team statistics
2025-09-01 20:59:29,237 - src.process_pipeline - INFO - Saved merged data to data\processed\Europe\Champions League\2024\merged_2024.csv
2025-09-01 20:59:29,237 - src.process_pipeline - INFO - Successfully merged 279 records
2025-09-01 20:59:29,244 - src.process_pipeline - INFO - Processing Europe/Champions League/2025
2025-09-01 20:59:29,251 - src.process_pipeline - INFO - Odds data found for Europe/Champions League/2025
2025-09-01 20:59:29,274 - src.process_pipeline - INFO - Added odds data for 7 fixtures
2025-09-01 20:59:29,274 - src.process_pipeline - INFO - Successfully merged 30 records with team statistics
2025-09-01 20:59:29,278 - src.process_pipeline - INFO - Saved merged data to data\processed\Europe\Champions League\2025\merged_2025.csv
2025-09-01 20:59:29,278 - src.process_pipeline - INFO - Successfully merged 30 records
2025-09-01 20:59:29,284 - src.process_pipeline - INFO - Processing Europe/Conference League/2021
2025-09-01 20:59:29,293 - src.process_pipeline - WARNING - Missing odds file: data\extracted\Europe\Conference League\2021\odds.csv
2025-09-01 20:59:29,301 - src.process_pipeline - INFO - Successfully merged 423 records with team statistics
2025-09-01 20:59:29,317 - src.process_pipeline - INFO - Saved merged data to data\processed\Europe\Conference League\2021\merged_2021.csv
2025-09-01 20:59:29,317 - src.process_pipeline - INFO - Successfully merged 423 records
2025-09-01 20:59:29,326 - src.process_pipeline - INFO - Processing Europe/Conference League/2022
2025-09-01 20:59:29,340 - src.process_pipeline - WARNING - Missing odds file: data\extracted\Europe\Conference League\2022\odds.csv
2025-09-01 20:59:29,349 - src.process_pipeline - INFO - Successfully merged 414 records with team statistics
2025-09-01 20:59:29,365 - src.process_pipeline - INFO - Saved merged data to data\processed\Europe\Conference League\2022\merged_2022.csv
2025-09-01 20:59:29,365 - src.process_pipeline - INFO - Successfully merged 414 records
2025-09-01 20:59:29,373 - src.process_pipeline - INFO - Processing Europe/Conference League/2023
2025-09-01 20:59:29,384 - src.process_pipeline - WARNING - Missing odds file: data\extracted\Europe\Conference League\2023\odds.csv
2025-09-01 20:59:29,393 - src.process_pipeline - INFO - Successfully merged 417 records with team statistics
2025-09-01 20:59:29,409 - src.process_pipeline - INFO - Saved merged data to data\processed\Europe\Conference League\2023\merged_2023.csv
2025-09-01 20:59:29,410 - src.process_pipeline - INFO - Successfully merged 417 records
2025-09-01 20:59:29,420 - src.process_pipeline - INFO - Processing Europe/Conference League/2024
2025-09-01 20:59:29,421 - src.process_pipeline - WARNING - Missing team stats file: data\extracted\Europe\Conference League\2024\team_statistics.csv
2025-09-01 20:59:29,421 - src.process_pipeline - INFO - Processing Europe/Conference League/2025
2025-09-01 20:59:29,432 - src.process_pipeline - INFO - Odds data found for Europe/Conference League/2025
2025-09-01 20:59:29,492 - src.process_pipeline - INFO - Added odds data for 24 fixtures
2025-09-01 20:59:29,493 - src.process_pipeline - INFO - Successfully merged 84 records with team statistics
2025-09-01 20:59:29,497 - src.process_pipeline - INFO - Saved merged data to data\processed\Europe\Conference League\2025\merged_2025.csv
2025-09-01 20:59:29,497 - src.process_pipeline - INFO - Successfully merged 84 records
2025-09-01 20:59:29,503 - src.process_pipeline - INFO - Processing Europe/Europa League/2018
2025-09-01 20:59:29,513 - src.process_pipeline - WARNING - Missing odds file: data\extracted\Europe\Europa League\2018\odds.csv
2025-09-01 20:59:29,521 - src.process_pipeline - INFO - Successfully merged 364 records with team statistics
2025-09-01 20:59:29,534 - src.process_pipeline - INFO - Saved merged data to data\processed\Europe\Europa League\2018\merged_2018.csv
2025-09-01 20:59:29,534 - src.process_pipeline - INFO - Successfully merged 364 records
2025-09-01 20:59:29,541 - src.process_pipeline - INFO - Processing Europe/Europa League/2019
2025-09-01 20:59:29,553 - src.process_pipeline - WARNING - Missing odds file: data\extracted\Europe\Europa League\2019\odds.csv
2025-09-01 20:59:29,563 - src.process_pipeline - INFO - Successfully merged 337 records with team statistics
2025-09-01 20:59:29,580 - src.process_pipeline - INFO - Saved merged data to data\processed\Europe\Europa League\2019\merged_2019.csv
2025-09-01 20:59:29,580 - src.process_pipeline - INFO - Successfully merged 337 records
2025-09-01 20:59:29,587 - src.process_pipeline - INFO - Processing Europe/Europa League/2020
2025-09-01 20:59:29,597 - src.process_pipeline - WARNING - Missing odds file: data\extracted\Europe\Europa League\2020\odds.csv
2025-09-01 20:59:29,604 - src.process_pipeline - INFO - Successfully merged 362 records with team statistics
2025-09-01 20:59:29,617 - src.process_pipeline - INFO - Saved merged data to data\processed\Europe\Europa League\2020\merged_2020.csv
2025-09-01 20:59:29,617 - src.process_pipeline - INFO - Successfully merged 362 records
2025-09-01 20:59:29,624 - src.process_pipeline - INFO - Processing Europe/Europa League/2021
2025-09-01 20:59:29,631 - src.process_pipeline - WARNING - Missing odds file: data\extracted\Europe\Europa League\2021\odds.csv
2025-09-01 20:59:29,638 - src.process_pipeline - INFO - Successfully merged 177 records with team statistics
2025-09-01 20:59:29,647 - src.process_pipeline - INFO - Saved merged data to data\processed\Europe\Europa League\2021\merged_2021.csv
2025-09-01 20:59:29,647 - src.process_pipeline - INFO - Successfully merged 177 records
2025-09-01 20:59:29,654 - src.process_pipeline - INFO - Processing Europe/Europa League/2022
2025-09-01 20:59:29,662 - src.process_pipeline - WARNING - Missing odds file: data\extracted\Europe\Europa League\2022\odds.csv
2025-09-01 20:59:29,670 - src.process_pipeline - INFO - Successfully merged 175 records with team statistics
2025-09-01 20:59:29,677 - src.process_pipeline - INFO - Saved merged data to data\processed\Europe\Europa League\2022\merged_2022.csv
2025-09-01 20:59:29,678 - src.process_pipeline - INFO - Successfully merged 175 records
2025-09-01 20:59:29,684 - src.process_pipeline - INFO - Processing Europe/Europa League/2023
2025-09-01 20:59:29,692 - src.process_pipeline - WARNING - Missing odds file: data\extracted\Europe\Europa League\2023\odds.csv
2025-09-01 20:59:29,700 - src.process_pipeline - INFO - Successfully merged 175 records with team statistics
2025-09-01 20:59:29,708 - src.process_pipeline - INFO - Saved merged data to data\processed\Europe\Europa League\2023\merged_2023.csv
2025-09-01 20:59:29,708 - src.process_pipeline - INFO - Successfully merged 175 records
2025-09-01 20:59:29,715 - src.process_pipeline - INFO - Processing Europe/Europa League/2024
2025-09-01 20:59:29,725 - src.process_pipeline - WARNING - Missing odds file: data\extracted\Europe\Europa League\2024\odds.csv
2025-09-01 20:59:29,733 - src.process_pipeline - INFO - Successfully merged 269 records with team statistics
2025-09-01 20:59:29,744 - src.process_pipeline - INFO - Saved merged data to data\processed\Europe\Europa League\2024\merged_2024.csv
2025-09-01 20:59:29,744 - src.process_pipeline - INFO - Successfully merged 269 records
2025-09-01 20:59:29,753 - src.process_pipeline - INFO - Processing Europe/Europa League/2025
2025-09-01 20:59:29,761 - src.process_pipeline - INFO - Odds data found for Europe/Europa League/2025
2025-09-01 20:59:29,793 - src.process_pipeline - INFO - Added odds data for 12 fixtures
2025-09-01 20:59:29,793 - src.process_pipeline - INFO - Successfully merged 38 records with team statistics
2025-09-01 20:59:29,797 - src.process_pipeline - INFO - Saved merged data to data\processed\Europe\Europa League\2025\merged_2025.csv
2025-09-01 20:59:29,797 - src.process_pipeline - INFO - Successfully merged 38 records
2025-09-01 20:59:29,806 - src.process_pipeline - INFO - Processing France/Coupe de France/2018
2025-09-01 20:59:29,813 - src.process_pipeline - WARNING - Missing odds file: data\extracted\France\Coupe de France\2018\odds.csv
2025-09-01 20:59:29,821 - src.process_pipeline - INFO - Successfully merged 195 records with team statistics
2025-09-01 20:59:29,828 - src.process_pipeline - INFO - Saved merged data to data\processed\France\Coupe de France\2018\merged_2018.csv
2025-09-01 20:59:29,828 - src.process_pipeline - INFO - Successfully merged 195 records
2025-09-01 20:59:29,836 - src.process_pipeline - INFO - Processing France/Coupe de France/2019
2025-09-01 20:59:29,844 - src.process_pipeline - WARNING - Missing odds file: data\extracted\France\Coupe de France\2019\odds.csv
2025-09-01 20:59:29,852 - src.process_pipeline - INFO - Successfully merged 194 records with team statistics
2025-09-01 20:59:29,860 - src.process_pipeline - INFO - Saved merged data to data\processed\France\Coupe de France\2019\merged_2019.csv
2025-09-01 20:59:29,860 - src.process_pipeline - INFO - Successfully merged 194 records
2025-09-01 20:59:29,869 - src.process_pipeline - INFO - Processing France/Coupe de France/2020
2025-09-01 20:59:29,876 - src.process_pipeline - WARNING - Missing odds file: data\extracted\France\Coupe de France\2020\odds.csv
2025-09-01 20:59:29,884 - src.process_pipeline - INFO - Successfully merged 170 records with team statistics
2025-09-01 20:59:29,891 - src.process_pipeline - INFO - Saved merged data to data\processed\France\Coupe de France\2020\merged_2020.csv
2025-09-01 20:59:29,891 - src.process_pipeline - INFO - Successfully merged 170 records
2025-09-01 20:59:29,900 - src.process_pipeline - INFO - Processing France/Coupe de France/2021
2025-09-01 20:59:29,907 - src.process_pipeline - WARNING - Missing odds file: data\extracted\France\Coupe de France\2021\odds.csv
2025-09-01 20:59:29,915 - src.process_pipeline - INFO - Successfully merged 193 records with team statistics
2025-09-01 20:59:29,923 - src.process_pipeline - INFO - Saved merged data to data\processed\France\Coupe de France\2021\merged_2021.csv
2025-09-01 20:59:29,923 - src.process_pipeline - INFO - Successfully merged 193 records
2025-09-01 20:59:29,931 - src.process_pipeline - INFO - Processing France/Coupe de France/2022
2025-09-01 20:59:29,938 - src.process_pipeline - WARNING - Missing odds file: data\extracted\France\Coupe de France\2022\odds.csv
2025-09-01 20:59:29,946 - src.process_pipeline - INFO - Successfully merged 195 records with team statistics
2025-09-01 20:59:29,953 - src.process_pipeline - INFO - Saved merged data to data\processed\France\Coupe de France\2022\merged_2022.csv
2025-09-01 20:59:29,953 - src.process_pipeline - INFO - Successfully merged 195 records
2025-09-01 20:59:29,961 - src.process_pipeline - INFO - Processing France/Coupe de France/2023
2025-09-01 20:59:29,968 - src.process_pipeline - WARNING - Missing odds file: data\extracted\France\Coupe de France\2023\odds.csv
2025-09-01 20:59:29,977 - src.process_pipeline - INFO - Successfully merged 197 records with team statistics
2025-09-01 20:59:29,984 - src.process_pipeline - INFO - Saved merged data to data\processed\France\Coupe de France\2023\merged_2023.csv
2025-09-01 20:59:29,984 - src.process_pipeline - INFO - Successfully merged 197 records
2025-09-01 20:59:29,994 - src.process_pipeline - INFO - Processing France/Coupe de France/2024
2025-09-01 20:59:30,001 - src.process_pipeline - WARNING - Missing odds file: data\extracted\France\Coupe de France\2024\odds.csv
2025-09-01 20:59:30,010 - src.process_pipeline - INFO - Successfully merged 199 records with team statistics
2025-09-01 20:59:30,017 - src.process_pipeline - INFO - Saved merged data to data\processed\France\Coupe de France\2024\merged_2024.csv
2025-09-01 20:59:30,018 - src.process_pipeline - INFO - Successfully merged 199 records
2025-09-01 20:59:30,028 - src.process_pipeline - INFO - Processing France/Ligue 1/2018
2025-09-01 20:59:30,047 - src.process_pipeline - WARNING - Missing odds file: data\extracted\France\Ligue 1\2018\odds.csv
2025-09-01 20:59:30,064 - src.process_pipeline - INFO - Successfully merged 380 records with team statistics
2025-09-01 20:59:30,081 - src.process_pipeline - INFO - Saved merged data to data\processed\France\Ligue 1\2018\merged_2018.csv
2025-09-01 20:59:30,081 - src.process_pipeline - INFO - Successfully merged 380 records
2025-09-01 20:59:30,095 - src.process_pipeline - INFO - Processing France/Ligue 1/2019
2025-09-01 20:59:30,108 - src.process_pipeline - WARNING - Missing odds file: data\extracted\France\Ligue 1\2019\odds.csv
2025-09-01 20:59:30,117 - src.process_pipeline - INFO - Successfully merged 380 records with team statistics
2025-09-01 20:59:30,133 - src.process_pipeline - INFO - Saved merged data to data\processed\France\Ligue 1\2019\merged_2019.csv
2025-09-01 20:59:30,133 - src.process_pipeline - INFO - Successfully merged 380 records
2025-09-01 20:59:30,142 - src.process_pipeline - INFO - Processing France/Ligue 1/2020
2025-09-01 20:59:30,151 - src.process_pipeline - WARNING - Missing odds file: data\extracted\France\Ligue 1\2020\odds.csv
2025-09-01 20:59:30,160 - src.process_pipeline - INFO - Successfully merged 382 records with team statistics
2025-09-01 20:59:30,171 - src.process_pipeline - INFO - Saved merged data to data\processed\France\Ligue 1\2020\merged_2020.csv
2025-09-01 20:59:30,171 - src.process_pipeline - INFO - Successfully merged 382 records
2025-09-01 20:59:30,179 - src.process_pipeline - INFO - Processing France/Ligue 1/2021
2025-09-01 20:59:30,191 - src.process_pipeline - WARNING - Missing odds file: data\extracted\France\Ligue 1\2021\odds.csv
2025-09-01 20:59:30,199 - src.process_pipeline - INFO - Successfully merged 382 records with team statistics
2025-09-01 20:59:30,213 - src.process_pipeline - INFO - Saved merged data to data\processed\France\Ligue 1\2021\merged_2021.csv
2025-09-01 20:59:30,213 - src.process_pipeline - INFO - Successfully merged 382 records
2025-09-01 20:59:30,223 - src.process_pipeline - INFO - Processing France/Ligue 1/2022
2025-09-01 20:59:30,234 - src.process_pipeline - WARNING - Missing odds file: data\extracted\France\Ligue 1\2022\odds.csv
2025-09-01 20:59:30,243 - src.process_pipeline - INFO - Successfully merged 370 records with team statistics
2025-09-01 20:59:30,255 - src.process_pipeline - INFO - Saved merged data to data\processed\France\Ligue 1\2022\merged_2022.csv
2025-09-01 20:59:30,255 - src.process_pipeline - INFO - Successfully merged 370 records
2025-09-01 20:59:30,266 - src.process_pipeline - INFO - Processing France/Ligue 1/2023
2025-09-01 20:59:30,275 - src.process_pipeline - WARNING - Missing odds file: data\extracted\France\Ligue 1\2023\odds.csv
2025-09-01 20:59:30,283 - src.process_pipeline - INFO - Successfully merged 307 records with team statistics
2025-09-01 20:59:30,293 - src.process_pipeline - INFO - Saved merged data to data\processed\France\Ligue 1\2023\merged_2023.csv
2025-09-01 20:59:30,293 - src.process_pipeline - INFO - Successfully merged 307 records
2025-09-01 20:59:30,302 - src.process_pipeline - INFO - Processing France/Ligue 1/2024
2025-09-01 20:59:30,312 - src.process_pipeline - WARNING - Missing odds file: data\extracted\France\Ligue 1\2024\odds.csv
2025-09-01 20:59:30,321 - src.process_pipeline - INFO - Successfully merged 308 records with team statistics
2025-09-01 20:59:30,331 - src.process_pipeline - INFO - Saved merged data to data\processed\France\Ligue 1\2024\merged_2024.csv
2025-09-01 20:59:30,331 - src.process_pipeline - INFO - Successfully merged 308 records
2025-09-01 20:59:30,341 - src.process_pipeline - INFO - Processing France/Ligue 1/2025
2025-09-01 20:59:30,348 - src.process_pipeline - INFO - Odds data found for France/Ligue 1/2025
2025-09-01 20:59:30,392 - src.process_pipeline - INFO - Added odds data for 26 fixtures
2025-09-01 20:59:30,392 - src.process_pipeline - INFO - Successfully merged 26 records with team statistics
2025-09-01 20:59:30,394 - src.process_pipeline - INFO - Saved merged data to data\processed\France\Ligue 1\2025\merged_2025.csv
2025-09-01 20:59:30,394 - src.process_pipeline - INFO - Successfully merged 26 records
2025-09-01 20:59:30,404 - src.process_pipeline - INFO - Processing France/Ligue 2/2018
2025-09-01 20:59:30,414 - src.process_pipeline - WARNING - Missing odds file: data\extracted\France\Ligue 2\2018\odds.csv
2025-09-01 20:59:30,421 - src.process_pipeline - INFO - Successfully merged 370 records with team statistics
2025-09-01 20:59:30,432 - src.process_pipeline - INFO - Saved merged data to data\processed\France\Ligue 2\2018\merged_2018.csv
2025-09-01 20:59:30,432 - src.process_pipeline - INFO - Successfully merged 370 records
2025-09-01 20:59:30,443 - src.process_pipeline - INFO - Processing France/Ligue 2/2019
2025-09-01 20:59:30,452 - src.process_pipeline - WARNING - Missing odds file: data\extracted\France\Ligue 2\2019\odds.csv
2025-09-01 20:59:30,461 - src.process_pipeline - INFO - Successfully merged 370 records with team statistics
2025-09-01 20:59:30,475 - src.process_pipeline - INFO - Saved merged data to data\processed\France\Ligue 2\2019\merged_2019.csv
2025-09-01 20:59:30,475 - src.process_pipeline - INFO - Successfully merged 370 records
2025-09-01 20:59:30,486 - src.process_pipeline - INFO - Processing France/Ligue 2/2020
2025-09-01 20:59:30,496 - src.process_pipeline - WARNING - Missing odds file: data\extracted\France\Ligue 2\2020\odds.csv
2025-09-01 20:59:30,505 - src.process_pipeline - INFO - Successfully merged 384 records with team statistics
2025-09-01 20:59:30,519 - src.process_pipeline - INFO - Saved merged data to data\processed\France\Ligue 2\2020\merged_2020.csv
2025-09-01 20:59:30,520 - src.process_pipeline - INFO - Successfully merged 384 records
2025-09-01 20:59:30,530 - src.process_pipeline - INFO - Processing France/Ligue 2/2021
2025-09-01 20:59:30,540 - src.process_pipeline - WARNING - Missing odds file: data\extracted\France\Ligue 2\2021\odds.csv
2025-09-01 20:59:30,549 - src.process_pipeline - INFO - Successfully merged 366 records with team statistics
2025-09-01 20:59:30,563 - src.process_pipeline - INFO - Saved merged data to data\processed\France\Ligue 2\2021\merged_2021.csv
2025-09-01 20:59:30,563 - src.process_pipeline - INFO - Successfully merged 366 records
2025-09-01 20:59:30,575 - src.process_pipeline - INFO - Processing France/Ligue 2/2022
2025-09-01 20:59:30,585 - src.process_pipeline - WARNING - Missing odds file: data\extracted\France\Ligue 2\2022\odds.csv
2025-09-01 20:59:30,593 - src.process_pipeline - INFO - Successfully merged 361 records with team statistics
2025-09-01 20:59:30,605 - src.process_pipeline - INFO - Saved merged data to data\processed\France\Ligue 2\2022\merged_2022.csv
2025-09-01 20:59:30,605 - src.process_pipeline - INFO - Successfully merged 361 records
2025-09-01 20:59:30,617 - src.process_pipeline - INFO - Processing France/Ligue 2/2023
2025-09-01 20:59:30,627 - src.process_pipeline - WARNING - Missing odds file: data\extracted\France\Ligue 2\2023\odds.csv
2025-09-01 20:59:30,636 - src.process_pipeline - INFO - Successfully merged 382 records with team statistics
2025-09-01 20:59:30,651 - src.process_pipeline - INFO - Saved merged data to data\processed\France\Ligue 2\2023\merged_2023.csv
2025-09-01 20:59:30,651 - src.process_pipeline - INFO - Successfully merged 382 records
2025-09-01 20:59:30,664 - src.process_pipeline - INFO - Processing France/Ligue 2/2024
2025-09-01 20:59:30,675 - src.process_pipeline - WARNING - Missing odds file: data\extracted\France\Ligue 2\2024\odds.csv
2025-09-01 20:59:30,685 - src.process_pipeline - INFO - Successfully merged 310 records with team statistics
2025-09-01 20:59:30,699 - src.process_pipeline - INFO - Saved merged data to data\processed\France\Ligue 2\2024\merged_2024.csv
2025-09-01 20:59:30,699 - src.process_pipeline - INFO - Successfully merged 310 records
2025-09-01 20:59:30,710 - src.process_pipeline - INFO - Processing France/Ligue 2/2025
2025-09-01 20:59:30,718 - src.process_pipeline - INFO - Odds data found for France/Ligue 2/2025
2025-09-01 20:59:30,741 - src.process_pipeline - INFO - Added odds data for 9 fixtures
2025-09-01 20:59:30,741 - src.process_pipeline - INFO - Successfully merged 17 records with team statistics
2025-09-01 20:59:30,744 - src.process_pipeline - INFO - Saved merged data to data\processed\France\Ligue 2\2025\merged_2025.csv
2025-09-01 20:59:30,744 - src.process_pipeline - INFO - Successfully merged 17 records
2025-09-01 20:59:30,759 - src.process_pipeline - INFO - Processing Germany/2. Bundesliga/2017
2025-09-01 20:59:30,759 - src.process_pipeline - WARNING - Missing fixtures file: data\extracted\Germany\2. Bundesliga\2017\fixture_events.csv
2025-09-01 20:59:30,759 - src.process_pipeline - INFO - Processing Germany/2. Bundesliga/2018
2025-09-01 20:59:30,771 - src.process_pipeline - WARNING - Missing odds file: data\extracted\Germany\2. Bundesliga\2018\odds.csv
2025-09-01 20:59:30,781 - src.process_pipeline - INFO - Successfully merged 306 records with team statistics
2025-09-01 20:59:30,794 - src.process_pipeline - INFO - Saved merged data to data\processed\Germany\2. Bundesliga\2018\merged_2018.csv
2025-09-01 20:59:30,794 - src.process_pipeline - INFO - Successfully merged 306 records
2025-09-01 20:59:30,807 - src.process_pipeline - INFO - Processing Germany/2. Bundesliga/2019
2025-09-01 20:59:30,817 - src.process_pipeline - WARNING - Missing odds file: data\extracted\Germany\2. Bundesliga\2019\odds.csv
2025-09-01 20:59:30,830 - src.process_pipeline - INFO - Successfully merged 249 records with team statistics
2025-09-01 20:59:30,841 - src.process_pipeline - INFO - Saved merged data to data\processed\Germany\2. Bundesliga\2019\merged_2019.csv
2025-09-01 20:59:30,841 - src.process_pipeline - INFO - Successfully merged 249 records
2025-09-01 20:59:30,854 - src.process_pipeline - INFO - Processing Germany/2. Bundesliga/2020
2025-09-01 20:59:30,865 - src.process_pipeline - WARNING - Missing odds file: data\extracted\Germany\2. Bundesliga\2020\odds.csv
2025-09-01 20:59:30,876 - src.process_pipeline - INFO - Successfully merged 308 records with team statistics
2025-09-01 20:59:30,887 - src.process_pipeline - INFO - Saved merged data to data\processed\Germany\2. Bundesliga\2020\merged_2020.csv
2025-09-01 20:59:30,887 - src.process_pipeline - INFO - Successfully merged 308 records
2025-09-01 20:59:30,901 - src.process_pipeline - INFO - Processing Germany/2. Bundesliga/2021
2025-09-01 20:59:30,912 - src.process_pipeline - WARNING - Missing odds file: data\extracted\Germany\2. Bundesliga\2021\odds.csv
2025-09-01 20:59:30,921 - src.process_pipeline - INFO - Successfully merged 293 records with team statistics
2025-09-01 20:59:30,931 - src.process_pipeline - INFO - Saved merged data to data\processed\Germany\2. Bundesliga\2021\merged_2021.csv
2025-09-01 20:59:30,932 - src.process_pipeline - INFO - Successfully merged 293 records
2025-09-01 20:59:30,944 - src.process_pipeline - INFO - Processing Germany/2. Bundesliga/2022
2025-09-01 20:59:30,954 - src.process_pipeline - WARNING - Missing odds file: data\extracted\Germany\2. Bundesliga\2022\odds.csv
2025-09-01 20:59:30,962 - src.process_pipeline - INFO - Successfully merged 288 records with team statistics
2025-09-01 20:59:30,972 - src.process_pipeline - INFO - Saved merged data to data\processed\Germany\2. Bundesliga\2022\merged_2022.csv
2025-09-01 20:59:30,972 - src.process_pipeline - INFO - Successfully merged 288 records
2025-09-01 20:59:30,984 - src.process_pipeline - INFO - Processing Germany/2. Bundesliga/2023
2025-09-01 20:59:30,994 - src.process_pipeline - WARNING - Missing odds file: data\extracted\Germany\2. Bundesliga\2023\odds.csv
2025-09-01 20:59:31,003 - src.process_pipeline - INFO - Successfully merged 299 records with team statistics
2025-09-01 20:59:31,020 - src.process_pipeline - INFO - Saved merged data to data\processed\Germany\2. Bundesliga\2023\merged_2023.csv
2025-09-01 20:59:31,020 - src.process_pipeline - INFO - Successfully merged 299 records
2025-09-01 20:59:31,046 - src.process_pipeline - INFO - Processing Germany/2. Bundesliga/2024
2025-09-01 20:59:31,063 - src.process_pipeline - WARNING - Missing odds file: data\extracted\Germany\2. Bundesliga\2024\odds.csv
2025-09-01 20:59:31,076 - src.process_pipeline - INFO - Successfully merged 308 records with team statistics
2025-09-01 20:59:31,092 - src.process_pipeline - INFO - Saved merged data to data\processed\Germany\2. Bundesliga\2024\merged_2024.csv
2025-09-01 20:59:31,093 - src.process_pipeline - INFO - Successfully merged 308 records
2025-09-01 20:59:31,107 - src.process_pipeline - INFO - Processing Germany/2. Bundesliga/2025
2025-09-01 20:59:31,114 - src.process_pipeline - WARNING - Missing odds file: data\extracted\Germany\2. Bundesliga\2025\odds.csv
2025-09-01 20:59:31,124 - src.process_pipeline - INFO - Successfully merged 18 records with team statistics
2025-09-01 20:59:31,126 - src.process_pipeline - INFO - Saved merged data to data\processed\Germany\2. Bundesliga\2025\merged_2025.csv
2025-09-01 20:59:31,127 - src.process_pipeline - INFO - Successfully merged 18 records
2025-09-01 20:59:31,141 - src.process_pipeline - INFO - Processing Germany/Bundesliga/2018
2025-09-01 20:59:31,151 - src.process_pipeline - WARNING - Missing odds file: data\extracted\Germany\Bundesliga\2018\odds.csv
2025-09-01 20:59:31,159 - src.process_pipeline - INFO - Successfully merged 308 records with team statistics
2025-09-01 20:59:31,169 - src.process_pipeline - INFO - Saved merged data to data\processed\Germany\Bundesliga\2018\merged_2018.csv
2025-09-01 20:59:31,169 - src.process_pipeline - INFO - Successfully merged 308 records
2025-09-01 20:59:31,181 - src.process_pipeline - INFO - Processing Germany/Bundesliga/2019
2025-09-01 20:59:31,190 - src.process_pipeline - WARNING - Missing odds file: data\extracted\Germany\Bundesliga\2019\odds.csv
2025-09-01 20:59:31,197 - src.process_pipeline - INFO - Successfully merged 260 records with team statistics
2025-09-01 20:59:31,206 - src.process_pipeline - INFO - Saved merged data to data\processed\Germany\Bundesliga\2019\merged_2019.csv
2025-09-01 20:59:31,206 - src.process_pipeline - INFO - Successfully merged 260 records
2025-09-01 20:59:31,218 - src.process_pipeline - INFO - Processing Germany/Bundesliga/2020
2025-09-01 20:59:31,228 - src.process_pipeline - WARNING - Missing odds file: data\extracted\Germany\Bundesliga\2020\odds.csv
2025-09-01 20:59:31,236 - src.process_pipeline - INFO - Successfully merged 308 records with team statistics
2025-09-01 20:59:31,247 - src.process_pipeline - INFO - Saved merged data to data\processed\Germany\Bundesliga\2020\merged_2020.csv
2025-09-01 20:59:31,247 - src.process_pipeline - INFO - Successfully merged 308 records
2025-09-01 20:59:31,261 - src.process_pipeline - INFO - Processing Germany/Bundesliga/2021
2025-09-01 20:59:31,271 - src.process_pipeline - WARNING - Missing odds file: data\extracted\Germany\Bundesliga\2021\odds.csv
2025-09-01 20:59:31,279 - src.process_pipeline - INFO - Successfully merged 308 records with team statistics
2025-09-01 20:59:31,290 - src.process_pipeline - INFO - Saved merged data to data\processed\Germany\Bundesliga\2021\merged_2021.csv
2025-09-01 20:59:31,290 - src.process_pipeline - INFO - Successfully merged 308 records
2025-09-01 20:59:31,304 - src.process_pipeline - INFO - Processing Germany/Bundesliga/2022
2025-09-01 20:59:31,316 - src.process_pipeline - WARNING - Missing odds file: data\extracted\Germany\Bundesliga\2022\odds.csv
2025-09-01 20:59:31,326 - src.process_pipeline - INFO - Successfully merged 307 records with team statistics
2025-09-01 20:59:31,336 - src.process_pipeline - INFO - Saved merged data to data\processed\Germany\Bundesliga\2022\merged_2022.csv
2025-09-01 20:59:31,337 - src.process_pipeline - INFO - Successfully merged 307 records
2025-09-01 20:59:31,352 - src.process_pipeline - INFO - Processing Germany/Bundesliga/2023
2025-09-01 20:59:31,362 - src.process_pipeline - WARNING - Missing odds file: data\extracted\Germany\Bundesliga\2023\odds.csv
2025-09-01 20:59:31,370 - src.process_pipeline - INFO - Successfully merged 308 records with team statistics
2025-09-01 20:59:31,380 - src.process_pipeline - INFO - Saved merged data to data\processed\Germany\Bundesliga\2023\merged_2023.csv
2025-09-01 20:59:31,381 - src.process_pipeline - INFO - Successfully merged 308 records
2025-09-01 20:59:31,394 - src.process_pipeline - INFO - Processing Germany/Bundesliga/2024
2025-09-01 20:59:31,404 - src.process_pipeline - WARNING - Missing odds file: data\extracted\Germany\Bundesliga\2024\odds.csv
2025-09-01 20:59:31,412 - src.process_pipeline - INFO - Successfully merged 308 records with team statistics
2025-09-01 20:59:31,422 - src.process_pipeline - INFO - Saved merged data to data\processed\Germany\Bundesliga\2024\merged_2024.csv
2025-09-01 20:59:31,422 - src.process_pipeline - INFO - Successfully merged 308 records
2025-09-01 20:59:31,434 - src.process_pipeline - INFO - Processing Germany/Bundesliga/2025
2025-09-01 20:59:31,441 - src.process_pipeline - INFO - Odds data found for Germany/Bundesliga/2025
2025-09-01 20:59:31,473 - src.process_pipeline - INFO - Added odds data for 17 fixtures
2025-09-01 20:59:31,473 - src.process_pipeline - INFO - Successfully merged 17 records with team statistics
2025-09-01 20:59:31,475 - src.process_pipeline - INFO - Saved merged data to data\processed\Germany\Bundesliga\2025\merged_2025.csv
2025-09-01 20:59:31,475 - src.process_pipeline - INFO - Successfully merged 17 records
2025-09-01 20:59:31,488 - src.process_pipeline - INFO - Processing Germany/DFB Pokal/2018
2025-09-01 20:59:31,494 - src.process_pipeline - WARNING - Missing odds file: data\extracted\Germany\DFB Pokal\2018\odds.csv
2025-09-01 20:59:31,501 - src.process_pipeline - INFO - Successfully merged 63 records with team statistics
2025-09-01 20:59:31,505 - src.process_pipeline - INFO - Saved merged data to data\processed\Germany\DFB Pokal\2018\merged_2018.csv
2025-09-01 20:59:31,505 - src.process_pipeline - INFO - Successfully merged 63 records
2025-09-01 20:59:31,518 - src.process_pipeline - INFO - Processing Germany/DFB Pokal/2019
2025-09-01 20:59:31,524 - src.process_pipeline - WARNING - Missing odds file: data\extracted\Germany\DFB Pokal\2019\odds.csv
2025-09-01 20:59:31,531 - src.process_pipeline - INFO - Successfully merged 60 records with team statistics
2025-09-01 20:59:31,535 - src.process_pipeline - INFO - Saved merged data to data\processed\Germany\DFB Pokal\2019\merged_2019.csv
2025-09-01 20:59:31,535 - src.process_pipeline - INFO - Successfully merged 60 records
2025-09-01 20:59:31,549 - src.process_pipeline - INFO - Processing Germany/DFB Pokal/2020
2025-09-01 20:59:31,557 - src.process_pipeline - WARNING - Missing odds file: data\extracted\Germany\DFB Pokal\2020\odds.csv
2025-09-01 20:59:31,565 - src.process_pipeline - INFO - Successfully merged 63 records with team statistics
2025-09-01 20:59:31,570 - src.process_pipeline - INFO - Saved merged data to data\processed\Germany\DFB Pokal\2020\merged_2020.csv
2025-09-01 20:59:31,570 - src.process_pipeline - INFO - Successfully merged 63 records
2025-09-01 20:59:31,586 - src.process_pipeline - INFO - Processing Germany/DFB Pokal/2021
2025-09-01 20:59:31,593 - src.process_pipeline - WARNING - Missing odds file: data\extracted\Germany\DFB Pokal\2021\odds.csv
2025-09-01 20:59:31,601 - src.process_pipeline - INFO - Successfully merged 63 records with team statistics
2025-09-01 20:59:31,604 - src.process_pipeline - INFO - Saved merged data to data\processed\Germany\DFB Pokal\2021\merged_2021.csv
2025-09-01 20:59:31,605 - src.process_pipeline - INFO - Successfully merged 63 records
2025-09-01 20:59:31,617 - src.process_pipeline - INFO - Processing Germany/DFB Pokal/2022
2025-09-01 20:59:31,623 - src.process_pipeline - WARNING - Missing odds file: data\extracted\Germany\DFB Pokal\2022\odds.csv
2025-09-01 20:59:31,630 - src.process_pipeline - INFO - Successfully merged 36 records with team statistics
2025-09-01 20:59:31,633 - src.process_pipeline - INFO - Saved merged data to data\processed\Germany\DFB Pokal\2022\merged_2022.csv
2025-09-01 20:59:31,633 - src.process_pipeline - INFO - Successfully merged 36 records
2025-09-01 20:59:31,646 - src.process_pipeline - INFO - Processing Germany/DFB Pokal/2023
2025-09-01 20:59:31,651 - src.process_pipeline - WARNING - Missing odds file: data\extracted\Germany\DFB Pokal\2023\odds.csv
2025-09-01 20:59:31,659 - src.process_pipeline - INFO - Successfully merged 63 records with team statistics
2025-09-01 20:59:31,663 - src.process_pipeline - INFO - Saved merged data to data\processed\Germany\DFB Pokal\2023\merged_2023.csv
2025-09-01 20:59:31,663 - src.process_pipeline - INFO - Successfully merged 63 records
2025-09-01 20:59:31,676 - src.process_pipeline - INFO - Processing Germany/DFB Pokal/2024
2025-09-01 20:59:31,682 - src.process_pipeline - WARNING - Missing odds file: data\extracted\Germany\DFB Pokal\2024\odds.csv
2025-09-01 20:59:31,690 - src.process_pipeline - INFO - Successfully merged 63 records with team statistics
2025-09-01 20:59:31,693 - src.process_pipeline - INFO - Saved merged data to data\processed\Germany\DFB Pokal\2024\merged_2024.csv
2025-09-01 20:59:31,693 - src.process_pipeline - INFO - Successfully merged 63 records
2025-09-01 20:59:31,706 - src.process_pipeline - INFO - Processing Greece/Super League/2021
2025-09-01 20:59:31,714 - src.process_pipeline - WARNING - Missing odds file: data\extracted\Greece\Super League\2021\odds.csv
2025-09-01 20:59:31,722 - src.process_pipeline - INFO - Successfully merged 240 records with team statistics
2025-09-01 20:59:31,730 - src.process_pipeline - INFO - Saved merged data to data\processed\Greece\Super League\2021\merged_2021.csv
2025-09-01 20:59:31,730 - src.process_pipeline - INFO - Successfully merged 240 records
2025-09-01 20:59:31,743 - src.process_pipeline - INFO - Processing Greece/Super League/2022
2025-09-01 20:59:31,751 - src.process_pipeline - WARNING - Missing odds file: data\extracted\Greece\Super League\2022\odds.csv
2025-09-01 20:59:31,760 - src.process_pipeline - INFO - Successfully merged 240 records with team statistics
2025-09-01 20:59:31,768 - src.process_pipeline - INFO - Saved merged data to data\processed\Greece\Super League\2022\merged_2022.csv
2025-09-01 20:59:31,768 - src.process_pipeline - INFO - Successfully merged 240 records
2025-09-01 20:59:31,780 - src.process_pipeline - INFO - Processing Greece/Super League/2023
2025-09-01 20:59:31,789 - src.process_pipeline - WARNING - Missing odds file: data\extracted\Greece\Super League\2023\odds.csv
2025-09-01 20:59:31,797 - src.process_pipeline - INFO - Successfully merged 240 records with team statistics
2025-09-01 20:59:31,807 - src.process_pipeline - INFO - Saved merged data to data\processed\Greece\Super League\2023\merged_2023.csv
2025-09-01 20:59:31,807 - src.process_pipeline - INFO - Successfully merged 240 records
2025-09-01 20:59:31,821 - src.process_pipeline - INFO - Processing Greece/Super League/2024
2025-09-01 20:59:31,830 - src.process_pipeline - WARNING - Missing odds file: data\extracted\Greece\Super League\2024\odds.csv
2025-09-01 20:59:31,838 - src.process_pipeline - INFO - Successfully merged 236 records with team statistics
2025-09-01 20:59:31,847 - src.process_pipeline - INFO - Saved merged data to data\processed\Greece\Super League\2024\merged_2024.csv
2025-09-01 20:59:31,848 - src.process_pipeline - INFO - Successfully merged 236 records
2025-09-01 20:59:31,861 - src.process_pipeline - INFO - Processing Greece/Super League/2025
2025-09-01 20:59:31,861 - src.process_pipeline - WARNING - Missing team stats file: data\extracted\Greece\Super League\2025\team_statistics.csv
2025-09-01 20:59:31,861 - src.process_pipeline - INFO - Processing Italy/Coppa Italia/2018
2025-09-01 20:59:31,867 - src.process_pipeline - WARNING - Missing odds file: data\extracted\Italy\Coppa Italia\2018\odds.csv
2025-09-01 20:59:31,874 - src.process_pipeline - INFO - Successfully merged 61 records with team statistics
2025-09-01 20:59:31,878 - src.process_pipeline - INFO - Saved merged data to data\processed\Italy\Coppa Italia\2018\merged_2018.csv
2025-09-01 20:59:31,878 - src.process_pipeline - INFO - Successfully merged 61 records
2025-09-01 20:59:31,892 - src.process_pipeline - INFO - Processing Italy/Coppa Italia/2019
2025-09-01 20:59:31,892 - src.process_pipeline - WARNING - Missing fixtures file: data\extracted\Italy\Coppa Italia\2019\fixture_events.csv
2025-09-01 20:59:31,892 - src.process_pipeline - INFO - Processing Italy/Coppa Italia/2020
2025-09-01 20:59:31,898 - src.process_pipeline - WARNING - Missing odds file: data\extracted\Italy\Coppa Italia\2020\odds.csv
2025-09-01 20:59:31,906 - src.process_pipeline - INFO - Successfully merged 79 records with team statistics
2025-09-01 20:59:31,911 - src.process_pipeline - INFO - Saved merged data to data\processed\Italy\Coppa Italia\2020\merged_2020.csv
2025-09-01 20:59:31,911 - src.process_pipeline - INFO - Successfully merged 79 records
2025-09-01 20:59:31,927 - src.process_pipeline - INFO - Processing Italy/Coppa Italia/2021
2025-09-01 20:59:31,933 - src.process_pipeline - WARNING - Missing odds file: data\extracted\Italy\Coppa Italia\2021\odds.csv
2025-09-01 20:59:31,941 - src.process_pipeline - INFO - Successfully merged 45 records with team statistics
2025-09-01 20:59:31,945 - src.process_pipeline - INFO - Saved merged data to data\processed\Italy\Coppa Italia\2021\merged_2021.csv
2025-09-01 20:59:31,945 - src.process_pipeline - INFO - Successfully merged 45 records
2025-09-01 20:59:31,960 - src.process_pipeline - INFO - Processing Italy/Coppa Italia/2022
2025-09-01 20:59:31,967 - src.process_pipeline - WARNING - Missing odds file: data\extracted\Italy\Coppa Italia\2022\odds.csv
2025-09-01 20:59:31,974 - src.process_pipeline - INFO - Successfully merged 41 records with team statistics
2025-09-01 20:59:31,978 - src.process_pipeline - INFO - Saved merged data to data\processed\Italy\Coppa Italia\2022\merged_2022.csv
2025-09-01 20:59:31,978 - src.process_pipeline - INFO - Successfully merged 41 records
2025-09-01 20:59:31,992 - src.process_pipeline - INFO - Processing Italy/Coppa Italia/2023
2025-09-01 20:59:31,997 - src.process_pipeline - WARNING - Missing odds file: data\extracted\Italy\Coppa Italia\2023\odds.csv
2025-09-01 20:59:32,005 - src.process_pipeline - INFO - Successfully merged 45 records with team statistics
2025-09-01 20:59:32,008 - src.process_pipeline - INFO - Saved merged data to data\processed\Italy\Coppa Italia\2023\merged_2023.csv
2025-09-01 20:59:32,009 - src.process_pipeline - INFO - Successfully merged 45 records
2025-09-01 20:59:32,021 - src.process_pipeline - INFO - Processing Italy/Coppa Italia/2024
2025-09-01 20:59:32,026 - src.process_pipeline - WARNING - Missing odds file: data\extracted\Italy\Coppa Italia\2024\odds.csv
2025-09-01 20:59:32,034 - src.process_pipeline - INFO - Successfully merged 45 records with team statistics
2025-09-01 20:59:32,037 - src.process_pipeline - INFO - Saved merged data to data\processed\Italy\Coppa Italia\2024\merged_2024.csv
2025-09-01 20:59:32,038 - src.process_pipeline - INFO - Successfully merged 45 records
2025-09-01 20:59:32,050 - src.process_pipeline - INFO - Processing Italy/Serie A/2016
2025-09-01 20:59:32,061 - src.process_pipeline - WARNING - Missing odds file: data\extracted\Italy\Serie A\2016\odds.csv
2025-09-01 20:59:32,069 - src.process_pipeline - INFO - Successfully merged 380 records with team statistics
2025-09-01 20:59:32,082 - src.process_pipeline - INFO - Saved merged data to data\processed\Italy\Serie A\2016\merged_2016.csv
2025-09-01 20:59:32,082 - src.process_pipeline - INFO - Successfully merged 380 records
2025-09-01 20:59:32,095 - src.process_pipeline - INFO - Processing Italy/Serie A/2017
2025-09-01 20:59:32,105 - src.process_pipeline - WARNING - Missing odds file: data\extracted\Italy\Serie A\2017\odds.csv
2025-09-01 20:59:32,114 - src.process_pipeline - INFO - Successfully merged 380 records with team statistics
2025-09-01 20:59:32,127 - src.process_pipeline - INFO - Saved merged data to data\processed\Italy\Serie A\2017\merged_2017.csv
2025-09-01 20:59:32,127 - src.process_pipeline - INFO - Successfully merged 380 records
2025-09-01 20:59:32,142 - src.process_pipeline - INFO - Processing Italy/Serie A/2018
2025-09-01 20:59:32,153 - src.process_pipeline - WARNING - Missing odds file: data\extracted\Italy\Serie A\2018\odds.csv
2025-09-01 20:59:32,162 - src.process_pipeline - INFO - Successfully merged 380 records with team statistics
2025-09-01 20:59:32,175 - src.process_pipeline - INFO - Saved merged data to data\processed\Italy\Serie A\2018\merged_2018.csv
2025-09-01 20:59:32,175 - src.process_pipeline - INFO - Successfully merged 380 records
2025-09-01 20:59:32,191 - src.process_pipeline - INFO - Processing Italy/Serie A/2019
2025-09-01 20:59:32,201 - src.process_pipeline - WARNING - Missing odds file: data\extracted\Italy\Serie A\2019\odds.csv
2025-09-01 20:59:32,210 - src.process_pipeline - INFO - Successfully merged 256 records with team statistics
2025-09-01 20:59:32,218 - src.process_pipeline - INFO - Saved merged data to data\processed\Italy\Serie A\2019\merged_2019.csv
2025-09-01 20:59:32,218 - src.process_pipeline - INFO - Successfully merged 256 records
2025-09-01 20:59:32,235 - src.process_pipeline - INFO - Processing Italy/Serie A/2020
2025-09-01 20:59:32,245 - src.process_pipeline - WARNING - Missing odds file: data\extracted\Italy\Serie A\2020\odds.csv
2025-09-01 20:59:32,253 - src.process_pipeline - INFO - Successfully merged 380 records with team statistics
2025-09-01 20:59:32,265 - src.process_pipeline - INFO - Saved merged data to data\processed\Italy\Serie A\2020\merged_2020.csv
2025-09-01 20:59:32,265 - src.process_pipeline - INFO - Successfully merged 380 records
2025-09-01 20:59:32,281 - src.process_pipeline - INFO - Processing Italy/Serie A/2021
2025-09-01 20:59:32,291 - src.process_pipeline - WARNING - Missing odds file: data\extracted\Italy\Serie A\2021\odds.csv
2025-09-01 20:59:32,298 - src.process_pipeline - INFO - Successfully merged 380 records with team statistics
2025-09-01 20:59:32,309 - src.process_pipeline - INFO - Saved merged data to data\processed\Italy\Serie A\2021\merged_2021.csv
2025-09-01 20:59:32,309 - src.process_pipeline - INFO - Successfully merged 380 records
2025-09-01 20:59:32,324 - src.process_pipeline - INFO - Processing Italy/Serie A/2022
2025-09-01 20:59:32,340 - src.process_pipeline - WARNING - Missing odds file: data\extracted\Italy\Serie A\2022\odds.csv
2025-09-01 20:59:32,349 - src.process_pipeline - INFO - Successfully merged 370 records with team statistics
2025-09-01 20:59:32,361 - src.process_pipeline - INFO - Saved merged data to data\processed\Italy\Serie A\2022\merged_2022.csv
2025-09-01 20:59:32,362 - src.process_pipeline - INFO - Successfully merged 370 records
2025-09-01 20:59:32,380 - src.process_pipeline - INFO - Processing Italy/Serie A/2023
2025-09-01 20:59:32,391 - src.process_pipeline - WARNING - Missing odds file: data\extracted\Italy\Serie A\2023\odds.csv
2025-09-01 20:59:32,399 - src.process_pipeline - INFO - Successfully merged 379 records with team statistics
2025-09-01 20:59:32,411 - src.process_pipeline - INFO - Saved merged data to data\processed\Italy\Serie A\2023\merged_2023.csv
2025-09-01 20:59:32,411 - src.process_pipeline - INFO - Successfully merged 379 records
2025-09-01 20:59:32,428 - src.process_pipeline - INFO - Processing Italy/Serie A/2024
2025-09-01 20:59:32,439 - src.process_pipeline - WARNING - Missing odds file: data\extracted\Italy\Serie A\2024\odds.csv
2025-09-01 20:59:32,448 - src.process_pipeline - INFO - Successfully merged 380 records with team statistics
2025-09-01 20:59:32,464 - src.process_pipeline - INFO - Saved merged data to data\processed\Italy\Serie A\2024\merged_2024.csv
2025-09-01 20:59:32,465 - src.process_pipeline - INFO - Successfully merged 380 records
2025-09-01 20:59:32,482 - src.process_pipeline - INFO - Processing Italy/Serie A/2025
2025-09-01 20:59:32,490 - src.process_pipeline - INFO - Odds data found for Italy/Serie A/2025
2025-09-01 20:59:32,531 - src.process_pipeline - INFO - Added odds data for 18 fixtures
2025-09-01 20:59:32,531 - src.process_pipeline - INFO - Successfully merged 18 records with team statistics
2025-09-01 20:59:32,534 - src.process_pipeline - INFO - Saved merged data to data\processed\Italy\Serie A\2025\merged_2025.csv
2025-09-01 20:59:32,534 - src.process_pipeline - INFO - Successfully merged 18 records
2025-09-01 20:59:32,552 - src.process_pipeline - INFO - Processing Italy/Serie B/2017
2025-09-01 20:59:32,563 - src.process_pipeline - WARNING - Missing odds file: data\extracted\Italy\Serie B\2017\odds.csv
2025-09-01 20:59:32,572 - src.process_pipeline - INFO - Successfully merged 464 records with team statistics
2025-09-01 20:59:32,587 - src.process_pipeline - INFO - Saved merged data to data\processed\Italy\Serie B\2017\merged_2017.csv
2025-09-01 20:59:32,587 - src.process_pipeline - INFO - Successfully merged 464 records
2025-09-01 20:59:32,606 - src.process_pipeline - INFO - Processing Italy/Serie B/2018
2025-09-01 20:59:32,606 - src.process_pipeline - WARNING - Missing fixtures file: data\extracted\Italy\Serie B\2018\fixture_events.csv
2025-09-01 20:59:32,606 - src.process_pipeline - INFO - Processing Italy/Serie B/2019
2025-09-01 20:59:32,617 - src.process_pipeline - WARNING - Missing odds file: data\extracted\Italy\Serie B\2019\odds.csv
2025-09-01 20:59:32,626 - src.process_pipeline - INFO - Successfully merged 279 records with team statistics
2025-09-01 20:59:32,635 - src.process_pipeline - INFO - Saved merged data to data\processed\Italy\Serie B\2019\merged_2019.csv
2025-09-01 20:59:32,635 - src.process_pipeline - INFO - Successfully merged 279 records
2025-09-01 20:59:32,652 - src.process_pipeline - INFO - Processing Italy/Serie B/2020
2025-09-01 20:59:32,665 - src.process_pipeline - WARNING - Missing odds file: data\extracted\Italy\Serie B\2020\odds.csv
2025-09-01 20:59:32,675 - src.process_pipeline - INFO - Successfully merged 388 records with team statistics
2025-09-01 20:59:32,690 - src.process_pipeline - INFO - Saved merged data to data\processed\Italy\Serie B\2020\merged_2020.csv
2025-09-01 20:59:32,690 - src.process_pipeline - INFO - Successfully merged 388 records
2025-09-01 20:59:32,707 - src.process_pipeline - INFO - Processing Italy/Serie B/2021
2025-09-01 20:59:32,717 - src.process_pipeline - WARNING - Missing odds file: data\extracted\Italy\Serie B\2021\odds.csv
2025-09-01 20:59:32,725 - src.process_pipeline - INFO - Successfully merged 390 records with team statistics
2025-09-01 20:59:32,737 - src.process_pipeline - INFO - Saved merged data to data\processed\Italy\Serie B\2021\merged_2021.csv
2025-09-01 20:59:32,738 - src.process_pipeline - INFO - Successfully merged 390 records
2025-09-01 20:59:32,756 - src.process_pipeline - INFO - Processing Italy/Serie B/2022
2025-09-01 20:59:32,766 - src.process_pipeline - WARNING - Missing odds file: data\extracted\Italy\Serie B\2022\odds.csv
2025-09-01 20:59:32,775 - src.process_pipeline - INFO - Successfully merged 385 records with team statistics
2025-09-01 20:59:32,787 - src.process_pipeline - INFO - Saved merged data to data\processed\Italy\Serie B\2022\merged_2022.csv
2025-09-01 20:59:32,787 - src.process_pipeline - INFO - Successfully merged 385 records
2025-09-01 20:59:32,803 - src.process_pipeline - INFO - Processing Italy/Serie B/2023
2025-09-01 20:59:32,813 - src.process_pipeline - WARNING - Missing odds file: data\extracted\Italy\Serie B\2023\odds.csv
2025-09-01 20:59:32,823 - src.process_pipeline - INFO - Successfully merged 389 records with team statistics
2025-09-01 20:59:32,835 - src.process_pipeline - INFO - Saved merged data to data\processed\Italy\Serie B\2023\merged_2023.csv
2025-09-01 20:59:32,835 - src.process_pipeline - INFO - Successfully merged 389 records
2025-09-01 20:59:32,852 - src.process_pipeline - INFO - Processing Italy/Serie B/2024
2025-09-01 20:59:32,863 - src.process_pipeline - WARNING - Missing odds file: data\extracted\Italy\Serie B\2024\odds.csv
2025-09-01 20:59:32,871 - src.process_pipeline - INFO - Successfully merged 387 records with team statistics
2025-09-01 20:59:32,884 - src.process_pipeline - INFO - Saved merged data to data\processed\Italy\Serie B\2024\merged_2024.csv
2025-09-01 20:59:32,884 - src.process_pipeline - INFO - Successfully merged 387 records
2025-09-01 20:59:32,903 - src.process_pipeline - INFO - Processing Italy/Serie B/2025
2025-09-01 20:59:32,904 - src.process_pipeline - WARNING - Missing fixtures file: data\extracted\Italy\Serie B\2025\fixture_events.csv
2025-09-01 20:59:32,906 - src.process_pipeline - INFO - Processing Spain/Copa del Rey/2018
2025-09-01 20:59:32,915 - src.process_pipeline - WARNING - Missing odds file: data\extracted\Spain\Copa del Rey\2018\odds.csv
2025-09-01 20:59:32,928 - src.process_pipeline - INFO - Successfully merged 71 records with team statistics
2025-09-01 20:59:32,936 - src.process_pipeline - INFO - Saved merged data to data\processed\Spain\Copa del Rey\2018\merged_2018.csv
2025-09-01 20:59:32,936 - src.process_pipeline - INFO - Successfully merged 71 records
2025-09-01 20:59:32,962 - src.process_pipeline - INFO - Processing Spain/Copa del Rey/2019
2025-09-01 20:59:32,969 - src.process_pipeline - WARNING - Missing odds file: data\extracted\Spain\Copa del Rey\2019\odds.csv
2025-09-01 20:59:32,979 - src.process_pipeline - INFO - Successfully merged 127 records with team statistics
2025-09-01 20:59:32,987 - src.process_pipeline - INFO - Saved merged data to data\processed\Spain\Copa del Rey\2019\merged_2019.csv
2025-09-01 20:59:32,987 - src.process_pipeline - INFO - Successfully merged 127 records
2025-09-01 20:59:33,017 - src.process_pipeline - INFO - Processing Spain/Copa del Rey/2020
2025-09-01 20:59:33,025 - src.process_pipeline - WARNING - Missing odds file: data\extracted\Spain\Copa del Rey\2020\odds.csv
2025-09-01 20:59:33,034 - src.process_pipeline - INFO - Successfully merged 127 records with team statistics
2025-09-01 20:59:33,041 - src.process_pipeline - INFO - Saved merged data to data\processed\Spain\Copa del Rey\2020\merged_2020.csv
2025-09-01 20:59:33,041 - src.process_pipeline - INFO - Successfully merged 127 records
2025-09-01 20:59:33,062 - src.process_pipeline - INFO - Processing Spain/Copa del Rey/2021
2025-09-01 20:59:33,070 - src.process_pipeline - WARNING - Missing odds file: data\extracted\Spain\Copa del Rey\2021\odds.csv
2025-09-01 20:59:33,079 - src.process_pipeline - INFO - Successfully merged 127 records with team statistics
2025-09-01 20:59:33,086 - src.process_pipeline - INFO - Saved merged data to data\processed\Spain\Copa del Rey\2021\merged_2021.csv
2025-09-01 20:59:33,086 - src.process_pipeline - INFO - Successfully merged 127 records
2025-09-01 20:59:33,105 - src.process_pipeline - INFO - Processing Spain/Copa del Rey/2022
2025-09-01 20:59:33,112 - src.process_pipeline - WARNING - Missing odds file: data\extracted\Spain\Copa del Rey\2022\odds.csv
2025-09-01 20:59:33,121 - src.process_pipeline - INFO - Successfully merged 125 records with team statistics
2025-09-01 20:59:33,127 - src.process_pipeline - INFO - Saved merged data to data\processed\Spain\Copa del Rey\2022\merged_2022.csv
2025-09-01 20:59:33,127 - src.process_pipeline - INFO - Successfully merged 125 records
2025-09-01 20:59:33,148 - src.process_pipeline - INFO - Processing Spain/Copa del Rey/2023
2025-09-01 20:59:33,154 - src.process_pipeline - WARNING - Missing odds file: data\extracted\Spain\Copa del Rey\2023\odds.csv
2025-09-01 20:59:33,162 - src.process_pipeline - INFO - Successfully merged 126 records with team statistics
2025-09-01 20:59:33,167 - src.process_pipeline - INFO - Saved merged data to data\processed\Spain\Copa del Rey\2023\merged_2023.csv
2025-09-01 20:59:33,167 - src.process_pipeline - INFO - Successfully merged 126 records
2025-09-01 20:59:33,183 - src.process_pipeline - INFO - Processing Spain/Copa del Rey/2024
2025-09-01 20:59:33,189 - src.process_pipeline - WARNING - Missing odds file: data\extracted\Spain\Copa del Rey\2024\odds.csv
2025-09-01 20:59:33,198 - src.process_pipeline - INFO - Successfully merged 126 records with team statistics
2025-09-01 20:59:33,203 - src.process_pipeline - INFO - Saved merged data to data\processed\Spain\Copa del Rey\2024\merged_2024.csv
2025-09-01 20:59:33,204 - src.process_pipeline - INFO - Successfully merged 126 records
2025-09-01 20:59:33,222 - src.process_pipeline - INFO - Processing Spain/La Liga/2020
2025-09-01 20:59:33,232 - src.process_pipeline - WARNING - Missing odds file: data\extracted\Spain\La Liga\2020\odds.csv
2025-09-01 20:59:33,241 - src.process_pipeline - INFO - Successfully merged 380 records with team statistics
2025-09-01 20:59:33,253 - src.process_pipeline - INFO - Saved merged data to data\processed\Spain\La Liga\2020\merged_2020.csv
2025-09-01 20:59:33,253 - src.process_pipeline - INFO - Successfully merged 380 records
2025-09-01 20:59:33,272 - src.process_pipeline - INFO - Processing Spain/La Liga/2021
2025-09-01 20:59:33,281 - src.process_pipeline - WARNING - Missing odds file: data\extracted\Spain\La Liga\2021\odds.csv
2025-09-01 20:59:33,289 - src.process_pipeline - INFO - Successfully merged 380 records with team statistics
2025-09-01 20:59:33,301 - src.process_pipeline - INFO - Saved merged data to data\processed\Spain\La Liga\2021\merged_2021.csv
2025-09-01 20:59:33,301 - src.process_pipeline - INFO - Successfully merged 380 records
2025-09-01 20:59:33,322 - src.process_pipeline - INFO - Processing Spain/La Liga/2022
2025-09-01 20:59:33,332 - src.process_pipeline - WARNING - Missing odds file: data\extracted\Spain\La Liga\2022\odds.csv
2025-09-01 20:59:33,340 - src.process_pipeline - INFO - Successfully merged 370 records with team statistics
2025-09-01 20:59:33,352 - src.process_pipeline - INFO - Saved merged data to data\processed\Spain\La Liga\2022\merged_2022.csv
2025-09-01 20:59:33,353 - src.process_pipeline - INFO - Successfully merged 370 records
2025-09-01 20:59:33,370 - src.process_pipeline - INFO - Processing Spain/La Liga/2023
2025-09-01 20:59:33,382 - src.process_pipeline - WARNING - Missing odds file: data\extracted\Spain\La Liga\2023\odds.csv
2025-09-01 20:59:33,391 - src.process_pipeline - INFO - Successfully merged 380 records with team statistics
2025-09-01 20:59:33,405 - src.process_pipeline - INFO - Saved merged data to data\processed\Spain\La Liga\2023\merged_2023.csv
2025-09-01 20:59:33,405 - src.process_pipeline - INFO - Successfully merged 380 records
2025-09-01 20:59:33,429 - src.process_pipeline - INFO - Processing Spain/La Liga/2024
2025-09-01 20:59:33,441 - src.process_pipeline - WARNING - Missing odds file: data\extracted\Spain\La Liga\2024\odds.csv
2025-09-01 20:59:33,449 - src.process_pipeline - INFO - Successfully merged 380 records with team statistics
2025-09-01 20:59:33,461 - src.process_pipeline - INFO - Saved merged data to data\processed\Spain\La Liga\2024\merged_2024.csv
2025-09-01 20:59:33,462 - src.process_pipeline - INFO - Successfully merged 380 records
2025-09-01 20:59:33,480 - src.process_pipeline - INFO - Processing Spain/La Liga/2025
2025-09-01 20:59:33,487 - src.process_pipeline - INFO - Odds data found for Spain/La Liga/2025
2025-09-01 20:59:33,534 - src.process_pipeline - INFO - Added odds data for 28 fixtures
2025-09-01 20:59:33,535 - src.process_pipeline - INFO - Successfully merged 28 records with team statistics
2025-09-01 20:59:33,539 - src.process_pipeline - INFO - Saved merged data to data\processed\Spain\La Liga\2025\merged_2025.csv
2025-09-01 20:59:33,539 - src.process_pipeline - INFO - Successfully merged 28 records
2025-09-01 20:59:33,556 - src.process_pipeline - INFO - Processing Spain/Segunda Division/2017
2025-09-01 20:59:33,569 - src.process_pipeline - WARNING - Missing odds file: data\extracted\Spain\Segunda Division\2017\odds.csv
2025-09-01 20:59:33,578 - src.process_pipeline - INFO - Successfully merged 468 records with team statistics
2025-09-01 20:59:33,595 - src.process_pipeline - INFO - Saved merged data to data\processed\Spain\Segunda Division\2017\merged_2017.csv
2025-09-01 20:59:33,595 - src.process_pipeline - INFO - Successfully merged 468 records
2025-09-01 20:59:33,612 - src.process_pipeline - INFO - Processing Spain/Segunda Division/2018
2025-09-01 20:59:33,625 - src.process_pipeline - WARNING - Missing odds file: data\extracted\Spain\Segunda Division\2018\odds.csv
2025-09-01 20:59:33,633 - src.process_pipeline - INFO - Successfully merged 466 records with team statistics
2025-09-01 20:59:33,651 - src.process_pipeline - INFO - Saved merged data to data\processed\Spain\Segunda Division\2018\merged_2018.csv
2025-09-01 20:59:33,652 - src.process_pipeline - INFO - Successfully merged 466 records
2025-09-01 20:59:33,668 - src.process_pipeline - INFO - Processing Spain/Segunda Division/2019
2025-09-01 20:59:33,678 - src.process_pipeline - WARNING - Missing odds file: data\extracted\Spain\Segunda Division\2019\odds.csv
2025-09-01 20:59:33,686 - src.process_pipeline - INFO - Successfully merged 398 records with team statistics
2025-09-01 20:59:33,700 - src.process_pipeline - INFO - Saved merged data to data\processed\Spain\Segunda Division\2019\merged_2019.csv
2025-09-01 20:59:33,700 - src.process_pipeline - INFO - Successfully merged 398 records
2025-09-01 20:59:33,719 - src.process_pipeline - INFO - Processing Spain/Segunda Division/2020
2025-09-01 20:59:33,733 - src.process_pipeline - WARNING - Missing odds file: data\extracted\Spain\Segunda Division\2020\odds.csv
2025-09-01 20:59:33,742 - src.process_pipeline - INFO - Successfully merged 468 records with team statistics
2025-09-01 20:59:33,757 - src.process_pipeline - INFO - Saved merged data to data\processed\Spain\Segunda Division\2020\merged_2020.csv
2025-09-01 20:59:33,758 - src.process_pipeline - INFO - Successfully merged 468 records
2025-09-01 20:59:33,776 - src.process_pipeline - INFO - Processing Spain/Segunda Division/2021
2025-09-01 20:59:33,788 - src.process_pipeline - WARNING - Missing odds file: data\extracted\Spain\Segunda Division\2021\odds.csv
2025-09-01 20:59:33,797 - src.process_pipeline - INFO - Successfully merged 468 records with team statistics
2025-09-01 20:59:33,811 - src.process_pipeline - INFO - Saved merged data to data\processed\Spain\Segunda Division\2021\merged_2021.csv
2025-09-01 20:59:33,811 - src.process_pipeline - INFO - Successfully merged 468 records
2025-09-01 20:59:33,831 - src.process_pipeline - INFO - Processing Spain/Segunda Division/2022
2025-09-01 20:59:33,844 - src.process_pipeline - WARNING - Missing odds file: data\extracted\Spain\Segunda Division\2022\odds.csv
2025-09-01 20:59:33,852 - src.process_pipeline - INFO - Successfully merged 468 records with team statistics
2025-09-01 20:59:33,868 - src.process_pipeline - INFO - Saved merged data to data\processed\Spain\Segunda Division\2022\merged_2022.csv
2025-09-01 20:59:33,868 - src.process_pipeline - INFO - Successfully merged 468 records
2025-09-01 20:59:33,889 - src.process_pipeline - INFO - Processing Spain/Segunda Division/2023
2025-09-01 20:59:33,902 - src.process_pipeline - WARNING - Missing odds file: data\extracted\Spain\Segunda Division\2023\odds.csv
2025-09-01 20:59:33,910 - src.process_pipeline - INFO - Successfully merged 468 records with team statistics
2025-09-01 20:59:33,930 - src.process_pipeline - INFO - Saved merged data to data\processed\Spain\Segunda Division\2023\merged_2023.csv
2025-09-01 20:59:33,930 - src.process_pipeline - INFO - Successfully merged 468 records
2025-09-01 20:59:33,950 - src.process_pipeline - INFO - Processing Spain/Segunda Division/2024
2025-09-01 20:59:33,963 - src.process_pipeline - WARNING - Missing odds file: data\extracted\Spain\Segunda Division\2024\odds.csv
2025-09-01 20:59:33,972 - src.process_pipeline - INFO - Successfully merged 468 records with team statistics
2025-09-01 20:59:33,992 - src.process_pipeline - INFO - Saved merged data to data\processed\Spain\Segunda Division\2024\merged_2024.csv
2025-09-01 20:59:33,992 - src.process_pipeline - INFO - Successfully merged 468 records
2025-09-01 20:59:34,011 - src.process_pipeline - INFO - Processing Spain/Segunda Division/2025
2025-09-01 20:59:34,018 - src.process_pipeline - INFO - Odds data found for Spain/Segunda Division/2025
2025-09-01 20:59:34,041 - src.process_pipeline - INFO - Added odds data for 11 fixtures
2025-09-01 20:59:34,041 - src.process_pipeline - INFO - Successfully merged 11 records with team statistics
2025-09-01 20:59:34,044 - src.process_pipeline - INFO - Saved merged data to data\processed\Spain\Segunda Division\2025\merged_2025.csv
2025-09-01 20:59:34,044 - src.process_pipeline - INFO - Successfully merged 11 records
2025-09-01 20:59:34,064 - src.process_pipeline - INFO - Starting preprocessing and feature engineering
2025-09-01 20:59:34,065 - src.process_pipeline - INFO - Initial data shape: (37771, 74)
2025-09-01 20:59:34,065 - src.process_pipeline - INFO - Cleaning data
2025-09-01 20:59:37,461 - src.process_pipeline - INFO - Adding competition info from league names
2025-09-01 20:59:37,740 - src.process_pipeline - INFO - Competition Distribution:
2025-09-01 20:59:37,740 - src.process_pipeline - INFO -   Cup matches: 4343 (11.6%)
2025-09-01 20:59:37,741 - src.process_pipeline - INFO -   European matches: 8954 (23.9%)
2025-09-01 20:59:37,741 - src.process_pipeline - INFO -   League matches: 24200 (64.5%)
2025-09-01 20:59:37,748 - src.process_pipeline - INFO - Adding competition context
2025-09-01 20:59:39,911 - src.process_pipeline - INFO - Adding competition metrics
2025-09-01 20:59:41,124 - src.process_pipeline - INFO - Final shape: (37497, 104)
2025-09-01 20:59:51,507 - src.process_pipeline - INFO - Saved H2H data with 10532 team pairs
2025-09-01 20:59:51,516 - src.process_pipeline - INFO - Saved standings data for 7622 teams
2025-09-01 20:59:51,516 - src.process_pipeline - INFO - Incremental processing complete. Total records: 37497
2025-09-01 20:59:51,516 - src.process_pipeline - INFO - New records processed: 37497
