2025-09-01 21:04:43,743 - src.process_pipeline - INFO - Logging initialized. Log file: logs/process\process_20250901_210443.log
2025-09-01 21:04:44,694 - src.process_pipeline - INFO - Loaded H2H data with 10532 team pairs
2025-09-01 21:04:44,710 - src.process_pipeline - INFO - Loaded standings data for 7622 teams
2025-09-01 21:04:45,242 - src.process_pipeline - INFO - Processing England/Championship/2017
2025-09-01 21:04:45,257 - src.process_pipeline - WARNING - Missing odds file: data\extracted\England\Championship\2017\odds.csv
2025-09-01 21:04:45,270 - src.process_pipeline - INFO - Successfully merged 557 records with team statistics
2025-09-01 21:04:45,296 - src.process_pipeline - INFO - Saved merged data to data\processed\England\Championship\2017\merged_2017.csv
2025-09-01 21:04:45,297 - src.process_pipeline - INFO - Successfully merged 557 records
2025-09-01 21:04:45,297 - src.process_pipeline - INFO - Processing England/Championship/2018
2025-09-01 21:04:45,312 - src.process_pipeline - WARNING - Missing odds file: data\extracted\England\Championship\2018\odds.csv
2025-09-01 21:04:45,320 - src.process_pipeline - INFO - Successfully merged 557 records with team statistics
2025-09-01 21:04:45,346 - src.process_pipeline - INFO - Saved merged data to data\processed\England\Championship\2018\merged_2018.csv
2025-09-01 21:04:45,346 - src.process_pipeline - INFO - Successfully merged 557 records
2025-09-01 21:04:45,349 - src.process_pipeline - INFO - Processing England/Championship/2019
2025-09-01 21:04:45,360 - src.process_pipeline - WARNING - Missing odds file: data\extracted\England\Championship\2019\odds.csv
2025-09-01 21:04:45,368 - src.process_pipeline - INFO - Successfully merged 444 records with team statistics
2025-09-01 21:04:45,383 - src.process_pipeline - INFO - Saved merged data to data\processed\England\Championship\2019\merged_2019.csv
2025-09-01 21:04:45,383 - src.process_pipeline - INFO - Successfully merged 444 records
2025-09-01 21:04:45,386 - src.process_pipeline - INFO - Processing England/Championship/2020
2025-09-01 21:04:45,403 - src.process_pipeline - WARNING - Missing odds file: data\extracted\England\Championship\2020\odds.csv
2025-09-01 21:04:45,414 - src.process_pipeline - INFO - Successfully merged 557 records with team statistics
2025-09-01 21:04:45,432 - src.process_pipeline - INFO - Saved merged data to data\processed\England\Championship\2020\merged_2020.csv
2025-09-01 21:04:45,432 - src.process_pipeline - INFO - Successfully merged 557 records
2025-09-01 21:04:45,435 - src.process_pipeline - INFO - Processing England/Championship/2021
2025-09-01 21:04:45,449 - src.process_pipeline - WARNING - Missing odds file: data\extracted\England\Championship\2021\odds.csv
2025-09-01 21:04:45,457 - src.process_pipeline - INFO - Successfully merged 557 records with team statistics
2025-09-01 21:04:45,483 - src.process_pipeline - INFO - Saved merged data to data\processed\England\Championship\2021\merged_2021.csv
2025-09-01 21:04:45,483 - src.process_pipeline - INFO - Successfully merged 557 records
2025-09-01 21:04:45,486 - src.process_pipeline - INFO - Processing England/Championship/2022
2025-09-01 21:04:45,499 - src.process_pipeline - WARNING - Missing odds file: data\extracted\England\Championship\2022\odds.csv
2025-09-01 21:04:45,508 - src.process_pipeline - INFO - Successfully merged 546 records with team statistics
2025-09-01 21:04:45,524 - src.process_pipeline - INFO - Saved merged data to data\processed\England\Championship\2022\merged_2022.csv
2025-09-01 21:04:45,524 - src.process_pipeline - INFO - Successfully merged 546 records
2025-09-01 21:04:45,528 - src.process_pipeline - INFO - Processing England/Championship/2023
2025-09-01 21:04:45,543 - src.process_pipeline - WARNING - Missing odds file: data\extracted\England\Championship\2023\odds.csv
2025-09-01 21:04:45,552 - src.process_pipeline - INFO - Successfully merged 557 records with team statistics
2025-09-01 21:04:45,573 - src.process_pipeline - INFO - Saved merged data to data\processed\England\Championship\2023\merged_2023.csv
2025-09-01 21:04:45,573 - src.process_pipeline - INFO - Successfully merged 557 records
2025-09-01 21:04:45,577 - src.process_pipeline - INFO - Processing England/Championship/2024
2025-09-01 21:04:45,590 - src.process_pipeline - WARNING - Missing odds file: data\extracted\England\Championship\2024\odds.csv
2025-09-01 21:04:45,599 - src.process_pipeline - INFO - Successfully merged 557 records with team statistics
2025-09-01 21:04:45,615 - src.process_pipeline - INFO - Saved merged data to data\processed\England\Championship\2024\merged_2024.csv
2025-09-01 21:04:45,615 - src.process_pipeline - INFO - Successfully merged 557 records
2025-09-01 21:04:45,618 - src.process_pipeline - INFO - Processing England/Championship/2025
2025-09-01 21:04:45,624 - src.process_pipeline - INFO - Odds data found for England/Championship/2025
2025-09-01 21:04:45,652 - src.process_pipeline - INFO - Added odds data for 12 fixtures
2025-09-01 21:04:45,653 - src.process_pipeline - INFO - Successfully merged 24 records with team statistics
2025-09-01 21:04:45,655 - src.process_pipeline - INFO - Saved merged data to data\processed\England\Championship\2025\merged_2025.csv
2025-09-01 21:04:45,655 - src.process_pipeline - INFO - Successfully merged 24 records
2025-09-01 21:04:45,658 - src.process_pipeline - INFO - Processing England/EFL Trophy/2021
2025-09-01 21:04:45,665 - src.process_pipeline - WARNING - Missing odds file: data\extracted\England\EFL Trophy\2021\odds.csv
2025-09-01 21:04:45,673 - src.process_pipeline - INFO - Successfully merged 127 records with team statistics
2025-09-01 21:04:45,679 - src.process_pipeline - INFO - Saved merged data to data\processed\England\EFL Trophy\2021\merged_2021.csv
2025-09-01 21:04:45,679 - src.process_pipeline - INFO - Successfully merged 127 records
2025-09-01 21:04:45,683 - src.process_pipeline - INFO - Processing England/EFL Trophy/2022
2025-09-01 21:04:45,689 - src.process_pipeline - WARNING - Missing odds file: data\extracted\England\EFL Trophy\2022\odds.csv
2025-09-01 21:04:45,698 - src.process_pipeline - INFO - Successfully merged 127 records with team statistics
2025-09-01 21:04:45,704 - src.process_pipeline - INFO - Saved merged data to data\processed\England\EFL Trophy\2022\merged_2022.csv
2025-09-01 21:04:45,704 - src.process_pipeline - INFO - Successfully merged 127 records
2025-09-01 21:04:45,709 - src.process_pipeline - INFO - Processing England/EFL Trophy/2023
2025-09-01 21:04:45,717 - src.process_pipeline - WARNING - Missing odds file: data\extracted\England\EFL Trophy\2023\odds.csv
2025-09-01 21:04:45,727 - src.process_pipeline - INFO - Successfully merged 127 records with team statistics
2025-09-01 21:04:45,734 - src.process_pipeline - INFO - Saved merged data to data\processed\England\EFL Trophy\2023\merged_2023.csv
2025-09-01 21:04:45,734 - src.process_pipeline - INFO - Successfully merged 127 records
2025-09-01 21:04:45,739 - src.process_pipeline - INFO - Processing England/EFL Trophy/2024
2025-09-01 21:04:45,747 - src.process_pipeline - WARNING - Missing odds file: data\extracted\England\EFL Trophy\2024\odds.csv
2025-09-01 21:04:45,756 - src.process_pipeline - INFO - Successfully merged 127 records with team statistics
2025-09-01 21:04:45,762 - src.process_pipeline - INFO - Saved merged data to data\processed\England\EFL Trophy\2024\merged_2024.csv
2025-09-01 21:04:45,762 - src.process_pipeline - INFO - Successfully merged 127 records
2025-09-01 21:04:45,765 - src.process_pipeline - INFO - Processing England/FA Cup/2018
2025-09-01 21:04:45,772 - src.process_pipeline - WARNING - Missing odds file: data\extracted\England\FA Cup\2018\odds.csv
2025-09-01 21:04:45,780 - src.process_pipeline - INFO - Successfully merged 150 records with team statistics
2025-09-01 21:04:45,786 - src.process_pipeline - INFO - Saved merged data to data\processed\England\FA Cup\2018\merged_2018.csv
2025-09-01 21:04:45,786 - src.process_pipeline - INFO - Successfully merged 150 records
2025-09-01 21:04:45,789 - src.process_pipeline - INFO - Processing England/FA Cup/2019
2025-09-01 21:04:45,797 - src.process_pipeline - WARNING - Missing odds file: data\extracted\England\FA Cup\2019\odds.csv
2025-09-01 21:04:45,805 - src.process_pipeline - INFO - Successfully merged 149 records with team statistics
2025-09-01 21:04:45,812 - src.process_pipeline - INFO - Saved merged data to data\processed\England\FA Cup\2019\merged_2019.csv
2025-09-01 21:04:45,812 - src.process_pipeline - INFO - Successfully merged 149 records
2025-09-01 21:04:45,817 - src.process_pipeline - INFO - Processing England/FA Cup/2020
2025-09-01 21:04:45,823 - src.process_pipeline - WARNING - Missing odds file: data\extracted\England\FA Cup\2020\odds.csv
2025-09-01 21:04:45,832 - src.process_pipeline - INFO - Successfully merged 124 records with team statistics
2025-09-01 21:04:45,838 - src.process_pipeline - INFO - Saved merged data to data\processed\England\FA Cup\2020\merged_2020.csv
2025-09-01 21:04:45,838 - src.process_pipeline - INFO - Successfully merged 124 records
2025-09-01 21:04:45,842 - src.process_pipeline - INFO - Processing England/FA Cup/2021
2025-09-01 21:04:45,848 - src.process_pipeline - WARNING - Missing odds file: data\extracted\England\FA Cup\2021\odds.csv
2025-09-01 21:04:45,856 - src.process_pipeline - INFO - Successfully merged 136 records with team statistics
2025-09-01 21:04:45,862 - src.process_pipeline - INFO - Saved merged data to data\processed\England\FA Cup\2021\merged_2021.csv
2025-09-01 21:04:45,862 - src.process_pipeline - INFO - Successfully merged 136 records
2025-09-01 21:04:45,866 - src.process_pipeline - INFO - Processing England/FA Cup/2022
2025-09-01 21:04:45,873 - src.process_pipeline - WARNING - Missing odds file: data\extracted\England\FA Cup\2022\odds.csv
2025-09-01 21:04:45,886 - src.process_pipeline - INFO - Successfully merged 143 records with team statistics
2025-09-01 21:04:45,894 - src.process_pipeline - INFO - Saved merged data to data\processed\England\FA Cup\2022\merged_2022.csv
2025-09-01 21:04:45,894 - src.process_pipeline - INFO - Successfully merged 143 records
2025-09-01 21:04:45,898 - src.process_pipeline - INFO - Processing England/FA Cup/2023
2025-09-01 21:04:45,904 - src.process_pipeline - WARNING - Missing odds file: data\extracted\England\FA Cup\2023\odds.csv
2025-09-01 21:04:45,916 - src.process_pipeline - INFO - Successfully merged 149 records with team statistics
2025-09-01 21:04:45,924 - src.process_pipeline - INFO - Saved merged data to data\processed\England\FA Cup\2023\merged_2023.csv
2025-09-01 21:04:45,924 - src.process_pipeline - INFO - Successfully merged 149 records
2025-09-01 21:04:45,929 - src.process_pipeline - INFO - Processing England/FA Cup/2024
2025-09-01 21:04:45,936 - src.process_pipeline - WARNING - Missing odds file: data\extracted\England\FA Cup\2024\odds.csv
2025-09-01 21:04:45,949 - src.process_pipeline - INFO - Successfully merged 123 records with team statistics
2025-09-01 21:04:45,961 - src.process_pipeline - INFO - Saved merged data to data\processed\England\FA Cup\2024\merged_2024.csv
2025-09-01 21:04:45,961 - src.process_pipeline - INFO - Successfully merged 123 records
2025-09-01 21:04:45,966 - src.process_pipeline - INFO - Processing England/FA Trophy/2023
2025-09-01 21:04:45,967 - src.process_pipeline - WARNING - Missing team stats file: data\extracted\England\FA Trophy\2023\team_statistics.csv
2025-09-01 21:04:45,967 - src.process_pipeline - INFO - Processing England/FA Trophy/2024
2025-09-01 21:04:45,968 - src.process_pipeline - WARNING - Missing fixtures file: data\extracted\England\FA Trophy\2024\fixture_events.csv
2025-09-01 21:04:45,968 - src.process_pipeline - INFO - Processing England/Premier League/2018
2025-09-01 21:04:45,986 - src.process_pipeline - WARNING - Missing odds file: data\extracted\England\Premier League\2018\odds.csv
2025-09-01 21:04:46,003 - src.process_pipeline - INFO - Successfully merged 380 records with team statistics
2025-09-01 21:04:46,017 - src.process_pipeline - INFO - Saved merged data to data\processed\England\Premier League\2018\merged_2018.csv
2025-09-01 21:04:46,017 - src.process_pipeline - INFO - Successfully merged 380 records
2025-09-01 21:04:46,022 - src.process_pipeline - INFO - Processing England/Premier League/2019
2025-09-01 21:04:46,038 - src.process_pipeline - WARNING - Missing odds file: data\extracted\England\Premier League\2019\odds.csv
2025-09-01 21:04:46,047 - src.process_pipeline - INFO - Successfully merged 288 records with team statistics
2025-09-01 21:04:46,058 - src.process_pipeline - INFO - Saved merged data to data\processed\England\Premier League\2019\merged_2019.csv
2025-09-01 21:04:46,059 - src.process_pipeline - INFO - Successfully merged 288 records
2025-09-01 21:04:46,063 - src.process_pipeline - INFO - Processing England/Premier League/2020
2025-09-01 21:04:46,075 - src.process_pipeline - WARNING - Missing odds file: data\extracted\England\Premier League\2020\odds.csv
2025-09-01 21:04:46,086 - src.process_pipeline - INFO - Successfully merged 380 records with team statistics
2025-09-01 21:04:46,099 - src.process_pipeline - INFO - Saved merged data to data\processed\England\Premier League\2020\merged_2020.csv
2025-09-01 21:04:46,099 - src.process_pipeline - INFO - Successfully merged 380 records
2025-09-01 21:04:46,104 - src.process_pipeline - INFO - Processing England/Premier League/2021
2025-09-01 21:04:46,114 - src.process_pipeline - WARNING - Missing odds file: data\extracted\England\Premier League\2021\odds.csv
2025-09-01 21:04:46,122 - src.process_pipeline - INFO - Successfully merged 380 records with team statistics
2025-09-01 21:04:46,135 - src.process_pipeline - INFO - Saved merged data to data\processed\England\Premier League\2021\merged_2021.csv
2025-09-01 21:04:46,135 - src.process_pipeline - INFO - Successfully merged 380 records
2025-09-01 21:04:46,140 - src.process_pipeline - INFO - Processing England/Premier League/2022
2025-09-01 21:04:46,151 - src.process_pipeline - WARNING - Missing odds file: data\extracted\England\Premier League\2022\odds.csv
2025-09-01 21:04:46,162 - src.process_pipeline - INFO - Successfully merged 380 records with team statistics
2025-09-01 21:04:46,175 - src.process_pipeline - INFO - Saved merged data to data\processed\England\Premier League\2022\merged_2022.csv
2025-09-01 21:04:46,175 - src.process_pipeline - INFO - Successfully merged 380 records
2025-09-01 21:04:46,182 - src.process_pipeline - INFO - Processing England/Premier League/2023
2025-09-01 21:04:46,195 - src.process_pipeline - WARNING - Missing odds file: data\extracted\England\Premier League\2023\odds.csv
2025-09-01 21:04:46,204 - src.process_pipeline - INFO - Successfully merged 380 records with team statistics
2025-09-01 21:04:46,218 - src.process_pipeline - INFO - Saved merged data to data\processed\England\Premier League\2023\merged_2023.csv
2025-09-01 21:04:46,218 - src.process_pipeline - INFO - Successfully merged 380 records
2025-09-01 21:04:46,225 - src.process_pipeline - INFO - Processing England/Premier League/2024
2025-09-01 21:04:46,236 - src.process_pipeline - WARNING - Missing odds file: data\extracted\England\Premier League\2024\odds.csv
2025-09-01 21:04:46,246 - src.process_pipeline - INFO - Successfully merged 380 records with team statistics
2025-09-01 21:04:46,258 - src.process_pipeline - INFO - Saved merged data to data\processed\England\Premier League\2024\merged_2024.csv
2025-09-01 21:04:46,258 - src.process_pipeline - INFO - Successfully merged 380 records
2025-09-01 21:04:46,264 - src.process_pipeline - INFO - Processing England/Premier League/2025
2025-09-01 21:04:46,272 - src.process_pipeline - INFO - Odds data found for England/Premier League/2025
2025-09-01 21:04:46,327 - src.process_pipeline - INFO - Added odds data for 29 fixtures
2025-09-01 21:04:46,327 - src.process_pipeline - INFO - Successfully merged 30 records with team statistics
2025-09-01 21:04:46,330 - src.process_pipeline - INFO - Saved merged data to data\processed\England\Premier League\2025\merged_2025.csv
2025-09-01 21:04:46,331 - src.process_pipeline - INFO - Successfully merged 30 records
2025-09-01 21:04:46,338 - src.process_pipeline - INFO - Processing Europe/Champions League/2018
2025-09-01 21:04:46,348 - src.process_pipeline - WARNING - Missing odds file: data\extracted\Europe\Champions League\2018\odds.csv
2025-09-01 21:04:46,357 - src.process_pipeline - INFO - Successfully merged 166 records with team statistics
2025-09-01 21:04:46,366 - src.process_pipeline - INFO - Saved merged data to data\processed\Europe\Champions League\2018\merged_2018.csv
2025-09-01 21:04:46,366 - src.process_pipeline - INFO - Successfully merged 166 records
2025-09-01 21:04:46,374 - src.process_pipeline - INFO - Processing Europe/Champions League/2019
2025-09-01 21:04:46,382 - src.process_pipeline - WARNING - Missing odds file: data\extracted\Europe\Champions League\2019\odds.csv
2025-09-01 21:04:46,392 - src.process_pipeline - INFO - Successfully merged 140 records with team statistics
2025-09-01 21:04:46,399 - src.process_pipeline - INFO - Saved merged data to data\processed\Europe\Champions League\2019\merged_2019.csv
2025-09-01 21:04:46,399 - src.process_pipeline - INFO - Successfully merged 140 records
2025-09-01 21:04:46,406 - src.process_pipeline - INFO - Processing Europe/Champions League/2020
2025-09-01 21:04:46,415 - src.process_pipeline - WARNING - Missing odds file: data\extracted\Europe\Champions League\2020\odds.csv
2025-09-01 21:04:46,423 - src.process_pipeline - INFO - Successfully merged 178 records with team statistics
2025-09-01 21:04:46,436 - src.process_pipeline - INFO - Saved merged data to data\processed\Europe\Champions League\2020\merged_2020.csv
2025-09-01 21:04:46,437 - src.process_pipeline - INFO - Successfully merged 178 records
2025-09-01 21:04:46,444 - src.process_pipeline - INFO - Processing Europe/Champions League/2021
2025-09-01 21:04:46,453 - src.process_pipeline - WARNING - Missing odds file: data\extracted\Europe\Champions League\2021\odds.csv
2025-09-01 21:04:46,462 - src.process_pipeline - INFO - Successfully merged 157 records with team statistics
2025-09-01 21:04:46,469 - src.process_pipeline - INFO - Saved merged data to data\processed\Europe\Champions League\2021\merged_2021.csv
2025-09-01 21:04:46,470 - src.process_pipeline - INFO - Successfully merged 157 records
2025-09-01 21:04:46,476 - src.process_pipeline - INFO - Processing Europe/Champions League/2022
2025-09-01 21:04:46,484 - src.process_pipeline - WARNING - Missing odds file: data\extracted\Europe\Champions League\2022\odds.csv
2025-09-01 21:04:46,493 - src.process_pipeline - INFO - Successfully merged 210 records with team statistics
2025-09-01 21:04:46,501 - src.process_pipeline - INFO - Saved merged data to data\processed\Europe\Champions League\2022\merged_2022.csv
2025-09-01 21:04:46,501 - src.process_pipeline - INFO - Successfully merged 210 records
2025-09-01 21:04:46,508 - src.process_pipeline - INFO - Processing Europe/Champions League/2023
2025-09-01 21:04:46,516 - src.process_pipeline - WARNING - Missing odds file: data\extracted\Europe\Champions League\2023\odds.csv
2025-09-01 21:04:46,524 - src.process_pipeline - INFO - Successfully merged 211 records with team statistics
2025-09-01 21:04:46,533 - src.process_pipeline - INFO - Saved merged data to data\processed\Europe\Champions League\2023\merged_2023.csv
2025-09-01 21:04:46,533 - src.process_pipeline - INFO - Successfully merged 211 records
2025-09-01 21:04:46,541 - src.process_pipeline - INFO - Processing Europe/Champions League/2024
2025-09-01 21:04:46,551 - src.process_pipeline - WARNING - Missing odds file: data\extracted\Europe\Champions League\2024\odds.csv
2025-09-01 21:04:46,560 - src.process_pipeline - INFO - Successfully merged 279 records with team statistics
2025-09-01 21:04:46,570 - src.process_pipeline - INFO - Saved merged data to data\processed\Europe\Champions League\2024\merged_2024.csv
2025-09-01 21:04:46,570 - src.process_pipeline - INFO - Successfully merged 279 records
2025-09-01 21:04:46,577 - src.process_pipeline - INFO - Processing Europe/Champions League/2025
2025-09-01 21:04:46,583 - src.process_pipeline - INFO - Odds data found for Europe/Champions League/2025
2025-09-01 21:04:46,607 - src.process_pipeline - INFO - Added odds data for 7 fixtures
2025-09-01 21:04:46,607 - src.process_pipeline - INFO - Successfully merged 30 records with team statistics
2025-09-01 21:04:46,610 - src.process_pipeline - INFO - Saved merged data to data\processed\Europe\Champions League\2025\merged_2025.csv
2025-09-01 21:04:46,611 - src.process_pipeline - INFO - Successfully merged 30 records
2025-09-01 21:04:46,617 - src.process_pipeline - INFO - Processing Europe/Conference League/2021
2025-09-01 21:04:46,627 - src.process_pipeline - WARNING - Missing odds file: data\extracted\Europe\Conference League\2021\odds.csv
2025-09-01 21:04:46,635 - src.process_pipeline - INFO - Successfully merged 423 records with team statistics
2025-09-01 21:04:46,650 - src.process_pipeline - INFO - Saved merged data to data\processed\Europe\Conference League\2021\merged_2021.csv
2025-09-01 21:04:46,650 - src.process_pipeline - INFO - Successfully merged 423 records
2025-09-01 21:04:46,658 - src.process_pipeline - INFO - Processing Europe/Conference League/2022
2025-09-01 21:04:46,669 - src.process_pipeline - WARNING - Missing odds file: data\extracted\Europe\Conference League\2022\odds.csv
2025-09-01 21:04:46,678 - src.process_pipeline - INFO - Successfully merged 414 records with team statistics
2025-09-01 21:04:46,695 - src.process_pipeline - INFO - Saved merged data to data\processed\Europe\Conference League\2022\merged_2022.csv
2025-09-01 21:04:46,695 - src.process_pipeline - INFO - Successfully merged 414 records
2025-09-01 21:04:46,703 - src.process_pipeline - INFO - Processing Europe/Conference League/2023
2025-09-01 21:04:46,714 - src.process_pipeline - WARNING - Missing odds file: data\extracted\Europe\Conference League\2023\odds.csv
2025-09-01 21:04:46,723 - src.process_pipeline - INFO - Successfully merged 417 records with team statistics
2025-09-01 21:04:46,738 - src.process_pipeline - INFO - Saved merged data to data\processed\Europe\Conference League\2023\merged_2023.csv
2025-09-01 21:04:46,738 - src.process_pipeline - INFO - Successfully merged 417 records
2025-09-01 21:04:46,747 - src.process_pipeline - INFO - Processing Europe/Conference League/2024
2025-09-01 21:04:46,747 - src.process_pipeline - WARNING - Missing team stats file: data\extracted\Europe\Conference League\2024\team_statistics.csv
2025-09-01 21:04:46,748 - src.process_pipeline - INFO - Processing Europe/Conference League/2025
2025-09-01 21:04:46,758 - src.process_pipeline - INFO - Odds data found for Europe/Conference League/2025
2025-09-01 21:04:46,817 - src.process_pipeline - INFO - Added odds data for 24 fixtures
2025-09-01 21:04:46,817 - src.process_pipeline - INFO - Successfully merged 84 records with team statistics
2025-09-01 21:04:46,823 - src.process_pipeline - INFO - Saved merged data to data\processed\Europe\Conference League\2025\merged_2025.csv
2025-09-01 21:04:46,823 - src.process_pipeline - INFO - Successfully merged 84 records
2025-09-01 21:04:46,832 - src.process_pipeline - INFO - Processing Europe/Europa League/2018
2025-09-01 21:04:46,844 - src.process_pipeline - WARNING - Missing odds file: data\extracted\Europe\Europa League\2018\odds.csv
2025-09-01 21:04:46,853 - src.process_pipeline - INFO - Successfully merged 364 records with team statistics
2025-09-01 21:04:46,869 - src.process_pipeline - INFO - Saved merged data to data\processed\Europe\Europa League\2018\merged_2018.csv
2025-09-01 21:04:46,870 - src.process_pipeline - INFO - Successfully merged 364 records
2025-09-01 21:04:46,879 - src.process_pipeline - INFO - Processing Europe/Europa League/2019
2025-09-01 21:04:46,889 - src.process_pipeline - WARNING - Missing odds file: data\extracted\Europe\Europa League\2019\odds.csv
2025-09-01 21:04:46,899 - src.process_pipeline - INFO - Successfully merged 337 records with team statistics
2025-09-01 21:04:46,911 - src.process_pipeline - INFO - Saved merged data to data\processed\Europe\Europa League\2019\merged_2019.csv
2025-09-01 21:04:46,912 - src.process_pipeline - INFO - Successfully merged 337 records
2025-09-01 21:04:46,919 - src.process_pipeline - INFO - Processing Europe/Europa League/2020
2025-09-01 21:04:46,929 - src.process_pipeline - WARNING - Missing odds file: data\extracted\Europe\Europa League\2020\odds.csv
2025-09-01 21:04:46,937 - src.process_pipeline - INFO - Successfully merged 362 records with team statistics
2025-09-01 21:04:46,951 - src.process_pipeline - INFO - Saved merged data to data\processed\Europe\Europa League\2020\merged_2020.csv
2025-09-01 21:04:46,951 - src.process_pipeline - INFO - Successfully merged 362 records
2025-09-01 21:04:46,959 - src.process_pipeline - INFO - Processing Europe/Europa League/2021
2025-09-01 21:04:46,966 - src.process_pipeline - WARNING - Missing odds file: data\extracted\Europe\Europa League\2021\odds.csv
2025-09-01 21:04:46,974 - src.process_pipeline - INFO - Successfully merged 177 records with team statistics
2025-09-01 21:04:46,982 - src.process_pipeline - INFO - Saved merged data to data\processed\Europe\Europa League\2021\merged_2021.csv
2025-09-01 21:04:46,982 - src.process_pipeline - INFO - Successfully merged 177 records
2025-09-01 21:04:46,991 - src.process_pipeline - INFO - Processing Europe/Europa League/2022
2025-09-01 21:04:46,998 - src.process_pipeline - WARNING - Missing odds file: data\extracted\Europe\Europa League\2022\odds.csv
2025-09-01 21:04:47,007 - src.process_pipeline - INFO - Successfully merged 175 records with team statistics
2025-09-01 21:04:47,014 - src.process_pipeline - INFO - Saved merged data to data\processed\Europe\Europa League\2022\merged_2022.csv
2025-09-01 21:04:47,014 - src.process_pipeline - INFO - Successfully merged 175 records
2025-09-01 21:04:47,022 - src.process_pipeline - INFO - Processing Europe/Europa League/2023
2025-09-01 21:04:47,030 - src.process_pipeline - WARNING - Missing odds file: data\extracted\Europe\Europa League\2023\odds.csv
2025-09-01 21:04:47,038 - src.process_pipeline - INFO - Successfully merged 175 records with team statistics
2025-09-01 21:04:47,045 - src.process_pipeline - INFO - Saved merged data to data\processed\Europe\Europa League\2023\merged_2023.csv
2025-09-01 21:04:47,045 - src.process_pipeline - INFO - Successfully merged 175 records
2025-09-01 21:04:47,053 - src.process_pipeline - INFO - Processing Europe/Europa League/2024
2025-09-01 21:04:47,062 - src.process_pipeline - WARNING - Missing odds file: data\extracted\Europe\Europa League\2024\odds.csv
2025-09-01 21:04:47,070 - src.process_pipeline - INFO - Successfully merged 269 records with team statistics
2025-09-01 21:04:47,081 - src.process_pipeline - INFO - Saved merged data to data\processed\Europe\Europa League\2024\merged_2024.csv
2025-09-01 21:04:47,081 - src.process_pipeline - INFO - Successfully merged 269 records
2025-09-01 21:04:47,088 - src.process_pipeline - INFO - Processing Europe/Europa League/2025
2025-09-01 21:04:47,095 - src.process_pipeline - INFO - Odds data found for Europe/Europa League/2025
2025-09-01 21:04:47,125 - src.process_pipeline - INFO - Added odds data for 12 fixtures
2025-09-01 21:04:47,125 - src.process_pipeline - INFO - Successfully merged 38 records with team statistics
2025-09-01 21:04:47,128 - src.process_pipeline - INFO - Saved merged data to data\processed\Europe\Europa League\2025\merged_2025.csv
2025-09-01 21:04:47,129 - src.process_pipeline - INFO - Successfully merged 38 records
2025-09-01 21:04:47,137 - src.process_pipeline - INFO - Processing France/Coupe de France/2018
2025-09-01 21:04:47,144 - src.process_pipeline - WARNING - Missing odds file: data\extracted\France\Coupe de France\2018\odds.csv
2025-09-01 21:04:47,152 - src.process_pipeline - INFO - Successfully merged 195 records with team statistics
2025-09-01 21:04:47,160 - src.process_pipeline - INFO - Saved merged data to data\processed\France\Coupe de France\2018\merged_2018.csv
2025-09-01 21:04:47,161 - src.process_pipeline - INFO - Successfully merged 195 records
2025-09-01 21:04:47,169 - src.process_pipeline - INFO - Processing France/Coupe de France/2019
2025-09-01 21:04:47,177 - src.process_pipeline - WARNING - Missing odds file: data\extracted\France\Coupe de France\2019\odds.csv
2025-09-01 21:04:47,184 - src.process_pipeline - INFO - Successfully merged 194 records with team statistics
2025-09-01 21:04:47,192 - src.process_pipeline - INFO - Saved merged data to data\processed\France\Coupe de France\2019\merged_2019.csv
2025-09-01 21:04:47,192 - src.process_pipeline - INFO - Successfully merged 194 records
2025-09-01 21:04:47,200 - src.process_pipeline - INFO - Processing France/Coupe de France/2020
2025-09-01 21:04:47,207 - src.process_pipeline - WARNING - Missing odds file: data\extracted\France\Coupe de France\2020\odds.csv
2025-09-01 21:04:47,215 - src.process_pipeline - INFO - Successfully merged 170 records with team statistics
2025-09-01 21:04:47,222 - src.process_pipeline - INFO - Saved merged data to data\processed\France\Coupe de France\2020\merged_2020.csv
2025-09-01 21:04:47,222 - src.process_pipeline - INFO - Successfully merged 170 records
2025-09-01 21:04:47,230 - src.process_pipeline - INFO - Processing France/Coupe de France/2021
2025-09-01 21:04:47,237 - src.process_pipeline - WARNING - Missing odds file: data\extracted\France\Coupe de France\2021\odds.csv
2025-09-01 21:04:47,245 - src.process_pipeline - INFO - Successfully merged 193 records with team statistics
2025-09-01 21:04:47,253 - src.process_pipeline - INFO - Saved merged data to data\processed\France\Coupe de France\2021\merged_2021.csv
2025-09-01 21:04:47,253 - src.process_pipeline - INFO - Successfully merged 193 records
2025-09-01 21:04:47,263 - src.process_pipeline - INFO - Processing France/Coupe de France/2022
2025-09-01 21:04:47,271 - src.process_pipeline - WARNING - Missing odds file: data\extracted\France\Coupe de France\2022\odds.csv
2025-09-01 21:04:47,279 - src.process_pipeline - INFO - Successfully merged 195 records with team statistics
2025-09-01 21:04:47,287 - src.process_pipeline - INFO - Saved merged data to data\processed\France\Coupe de France\2022\merged_2022.csv
2025-09-01 21:04:47,287 - src.process_pipeline - INFO - Successfully merged 195 records
2025-09-01 21:04:47,297 - src.process_pipeline - INFO - Processing France/Coupe de France/2023
2025-09-01 21:04:47,307 - src.process_pipeline - WARNING - Missing odds file: data\extracted\France\Coupe de France\2023\odds.csv
2025-09-01 21:04:47,316 - src.process_pipeline - INFO - Successfully merged 197 records with team statistics
2025-09-01 21:04:47,323 - src.process_pipeline - INFO - Saved merged data to data\processed\France\Coupe de France\2023\merged_2023.csv
2025-09-01 21:04:47,323 - src.process_pipeline - INFO - Successfully merged 197 records
2025-09-01 21:04:47,332 - src.process_pipeline - INFO - Processing France/Coupe de France/2024
2025-09-01 21:04:47,339 - src.process_pipeline - WARNING - Missing odds file: data\extracted\France\Coupe de France\2024\odds.csv
2025-09-01 21:04:47,347 - src.process_pipeline - INFO - Successfully merged 199 records with team statistics
2025-09-01 21:04:47,355 - src.process_pipeline - INFO - Saved merged data to data\processed\France\Coupe de France\2024\merged_2024.csv
2025-09-01 21:04:47,355 - src.process_pipeline - INFO - Successfully merged 199 records
2025-09-01 21:04:47,365 - src.process_pipeline - INFO - Processing France/Ligue 1/2018
2025-09-01 21:04:47,376 - src.process_pipeline - WARNING - Missing odds file: data\extracted\France\Ligue 1\2018\odds.csv
2025-09-01 21:04:47,385 - src.process_pipeline - INFO - Successfully merged 380 records with team statistics
2025-09-01 21:04:47,398 - src.process_pipeline - INFO - Saved merged data to data\processed\France\Ligue 1\2018\merged_2018.csv
2025-09-01 21:04:47,398 - src.process_pipeline - INFO - Successfully merged 380 records
2025-09-01 21:04:47,410 - src.process_pipeline - INFO - Processing France/Ligue 1/2019
2025-09-01 21:04:47,423 - src.process_pipeline - WARNING - Missing odds file: data\extracted\France\Ligue 1\2019\odds.csv
2025-09-01 21:04:47,433 - src.process_pipeline - INFO - Successfully merged 380 records with team statistics
2025-09-01 21:04:47,449 - src.process_pipeline - INFO - Saved merged data to data\processed\France\Ligue 1\2019\merged_2019.csv
2025-09-01 21:04:47,449 - src.process_pipeline - INFO - Successfully merged 380 records
2025-09-01 21:04:47,459 - src.process_pipeline - INFO - Processing France/Ligue 1/2020
2025-09-01 21:04:47,469 - src.process_pipeline - WARNING - Missing odds file: data\extracted\France\Ligue 1\2020\odds.csv
2025-09-01 21:04:47,478 - src.process_pipeline - INFO - Successfully merged 382 records with team statistics
2025-09-01 21:04:47,490 - src.process_pipeline - INFO - Saved merged data to data\processed\France\Ligue 1\2020\merged_2020.csv
2025-09-01 21:04:47,490 - src.process_pipeline - INFO - Successfully merged 382 records
2025-09-01 21:04:47,500 - src.process_pipeline - INFO - Processing France/Ligue 1/2021
2025-09-01 21:04:47,512 - src.process_pipeline - WARNING - Missing odds file: data\extracted\France\Ligue 1\2021\odds.csv
2025-09-01 21:04:47,522 - src.process_pipeline - INFO - Successfully merged 382 records with team statistics
2025-09-01 21:04:47,535 - src.process_pipeline - INFO - Saved merged data to data\processed\France\Ligue 1\2021\merged_2021.csv
2025-09-01 21:04:47,535 - src.process_pipeline - INFO - Successfully merged 382 records
2025-09-01 21:04:47,547 - src.process_pipeline - INFO - Processing France/Ligue 1/2022
2025-09-01 21:04:47,558 - src.process_pipeline - WARNING - Missing odds file: data\extracted\France\Ligue 1\2022\odds.csv
2025-09-01 21:04:47,567 - src.process_pipeline - INFO - Successfully merged 370 records with team statistics
2025-09-01 21:04:47,578 - src.process_pipeline - INFO - Saved merged data to data\processed\France\Ligue 1\2022\merged_2022.csv
2025-09-01 21:04:47,578 - src.process_pipeline - INFO - Successfully merged 370 records
2025-09-01 21:04:47,588 - src.process_pipeline - INFO - Processing France/Ligue 1/2023
2025-09-01 21:04:47,599 - src.process_pipeline - WARNING - Missing odds file: data\extracted\France\Ligue 1\2023\odds.csv
2025-09-01 21:04:47,608 - src.process_pipeline - INFO - Successfully merged 307 records with team statistics
2025-09-01 21:04:47,617 - src.process_pipeline - INFO - Saved merged data to data\processed\France\Ligue 1\2023\merged_2023.csv
2025-09-01 21:04:47,617 - src.process_pipeline - INFO - Successfully merged 307 records
2025-09-01 21:04:47,629 - src.process_pipeline - INFO - Processing France/Ligue 1/2024
2025-09-01 21:04:47,640 - src.process_pipeline - WARNING - Missing odds file: data\extracted\France\Ligue 1\2024\odds.csv
2025-09-01 21:04:47,648 - src.process_pipeline - INFO - Successfully merged 308 records with team statistics
2025-09-01 21:04:47,658 - src.process_pipeline - INFO - Saved merged data to data\processed\France\Ligue 1\2024\merged_2024.csv
2025-09-01 21:04:47,658 - src.process_pipeline - INFO - Successfully merged 308 records
2025-09-01 21:04:47,668 - src.process_pipeline - INFO - Processing France/Ligue 1/2025
2025-09-01 21:04:47,676 - src.process_pipeline - INFO - Odds data found for France/Ligue 1/2025
2025-09-01 21:04:47,720 - src.process_pipeline - INFO - Added odds data for 26 fixtures
2025-09-01 21:04:47,720 - src.process_pipeline - INFO - Successfully merged 26 records with team statistics
2025-09-01 21:04:47,723 - src.process_pipeline - INFO - Saved merged data to data\processed\France\Ligue 1\2025\merged_2025.csv
2025-09-01 21:04:47,723 - src.process_pipeline - INFO - Successfully merged 26 records
2025-09-01 21:04:47,733 - src.process_pipeline - INFO - Processing France/Ligue 2/2018
2025-09-01 21:04:47,744 - src.process_pipeline - WARNING - Missing odds file: data\extracted\France\Ligue 2\2018\odds.csv
2025-09-01 21:04:47,752 - src.process_pipeline - INFO - Successfully merged 370 records with team statistics
2025-09-01 21:04:47,764 - src.process_pipeline - INFO - Saved merged data to data\processed\France\Ligue 2\2018\merged_2018.csv
2025-09-01 21:04:47,764 - src.process_pipeline - INFO - Successfully merged 370 records
2025-09-01 21:04:47,774 - src.process_pipeline - INFO - Processing France/Ligue 2/2019
2025-09-01 21:04:47,784 - src.process_pipeline - WARNING - Missing odds file: data\extracted\France\Ligue 2\2019\odds.csv
2025-09-01 21:04:47,792 - src.process_pipeline - INFO - Successfully merged 370 records with team statistics
2025-09-01 21:04:47,807 - src.process_pipeline - INFO - Saved merged data to data\processed\France\Ligue 2\2019\merged_2019.csv
2025-09-01 21:04:47,807 - src.process_pipeline - INFO - Successfully merged 370 records
2025-09-01 21:04:47,817 - src.process_pipeline - INFO - Processing France/Ligue 2/2020
2025-09-01 21:04:47,827 - src.process_pipeline - WARNING - Missing odds file: data\extracted\France\Ligue 2\2020\odds.csv
2025-09-01 21:04:47,835 - src.process_pipeline - INFO - Successfully merged 384 records with team statistics
2025-09-01 21:04:47,850 - src.process_pipeline - INFO - Saved merged data to data\processed\France\Ligue 2\2020\merged_2020.csv
2025-09-01 21:04:47,850 - src.process_pipeline - INFO - Successfully merged 384 records
2025-09-01 21:04:47,860 - src.process_pipeline - INFO - Processing France/Ligue 2/2021
2025-09-01 21:04:47,870 - src.process_pipeline - WARNING - Missing odds file: data\extracted\France\Ligue 2\2021\odds.csv
2025-09-01 21:04:47,878 - src.process_pipeline - INFO - Successfully merged 366 records with team statistics
2025-09-01 21:04:47,893 - src.process_pipeline - INFO - Saved merged data to data\processed\France\Ligue 2\2021\merged_2021.csv
2025-09-01 21:04:47,893 - src.process_pipeline - INFO - Successfully merged 366 records
2025-09-01 21:04:47,903 - src.process_pipeline - INFO - Processing France/Ligue 2/2022
2025-09-01 21:04:47,914 - src.process_pipeline - WARNING - Missing odds file: data\extracted\France\Ligue 2\2022\odds.csv
2025-09-01 21:04:47,925 - src.process_pipeline - INFO - Successfully merged 361 records with team statistics
2025-09-01 21:04:47,938 - src.process_pipeline - INFO - Saved merged data to data\processed\France\Ligue 2\2022\merged_2022.csv
2025-09-01 21:04:47,938 - src.process_pipeline - INFO - Successfully merged 361 records
2025-09-01 21:04:47,950 - src.process_pipeline - INFO - Processing France/Ligue 2/2023
2025-09-01 21:04:47,961 - src.process_pipeline - WARNING - Missing odds file: data\extracted\France\Ligue 2\2023\odds.csv
2025-09-01 21:04:47,970 - src.process_pipeline - INFO - Successfully merged 382 records with team statistics
2025-09-01 21:04:47,985 - src.process_pipeline - INFO - Saved merged data to data\processed\France\Ligue 2\2023\merged_2023.csv
2025-09-01 21:04:47,985 - src.process_pipeline - INFO - Successfully merged 382 records
2025-09-01 21:04:47,996 - src.process_pipeline - INFO - Processing France/Ligue 2/2024
2025-09-01 21:04:48,006 - src.process_pipeline - WARNING - Missing odds file: data\extracted\France\Ligue 2\2024\odds.csv
2025-09-01 21:04:48,015 - src.process_pipeline - INFO - Successfully merged 310 records with team statistics
2025-09-01 21:04:48,027 - src.process_pipeline - INFO - Saved merged data to data\processed\France\Ligue 2\2024\merged_2024.csv
2025-09-01 21:04:48,027 - src.process_pipeline - INFO - Successfully merged 310 records
2025-09-01 21:04:48,038 - src.process_pipeline - INFO - Processing France/Ligue 2/2025
2025-09-01 21:04:48,045 - src.process_pipeline - INFO - Odds data found for France/Ligue 2/2025
2025-09-01 21:04:48,067 - src.process_pipeline - INFO - Added odds data for 9 fixtures
2025-09-01 21:04:48,067 - src.process_pipeline - INFO - Successfully merged 17 records with team statistics
2025-09-01 21:04:48,070 - src.process_pipeline - INFO - Saved merged data to data\processed\France\Ligue 2\2025\merged_2025.csv
2025-09-01 21:04:48,070 - src.process_pipeline - INFO - Successfully merged 17 records
2025-09-01 21:04:48,082 - src.process_pipeline - INFO - Processing Germany/2. Bundesliga/2017
2025-09-01 21:04:48,083 - src.process_pipeline - WARNING - Missing fixtures file: data\extracted\Germany\2. Bundesliga\2017\fixture_events.csv
2025-09-01 21:04:48,083 - src.process_pipeline - INFO - Processing Germany/2. Bundesliga/2018
2025-09-01 21:04:48,093 - src.process_pipeline - WARNING - Missing odds file: data\extracted\Germany\2. Bundesliga\2018\odds.csv
2025-09-01 21:04:48,102 - src.process_pipeline - INFO - Successfully merged 306 records with team statistics
2025-09-01 21:04:48,114 - src.process_pipeline - INFO - Saved merged data to data\processed\Germany\2. Bundesliga\2018\merged_2018.csv
2025-09-01 21:04:48,114 - src.process_pipeline - INFO - Successfully merged 306 records
2025-09-01 21:04:48,125 - src.process_pipeline - INFO - Processing Germany/2. Bundesliga/2019
2025-09-01 21:04:48,134 - src.process_pipeline - WARNING - Missing odds file: data\extracted\Germany\2. Bundesliga\2019\odds.csv
2025-09-01 21:04:48,143 - src.process_pipeline - INFO - Successfully merged 249 records with team statistics
2025-09-01 21:04:48,151 - src.process_pipeline - INFO - Saved merged data to data\processed\Germany\2. Bundesliga\2019\merged_2019.csv
2025-09-01 21:04:48,151 - src.process_pipeline - INFO - Successfully merged 249 records
2025-09-01 21:04:48,164 - src.process_pipeline - INFO - Processing Germany/2. Bundesliga/2020
2025-09-01 21:04:48,174 - src.process_pipeline - WARNING - Missing odds file: data\extracted\Germany\2. Bundesliga\2020\odds.csv
2025-09-01 21:04:48,182 - src.process_pipeline - INFO - Successfully merged 308 records with team statistics
2025-09-01 21:04:48,191 - src.process_pipeline - INFO - Saved merged data to data\processed\Germany\2. Bundesliga\2020\merged_2020.csv
2025-09-01 21:04:48,192 - src.process_pipeline - INFO - Successfully merged 308 records
2025-09-01 21:04:48,204 - src.process_pipeline - INFO - Processing Germany/2. Bundesliga/2021
2025-09-01 21:04:48,214 - src.process_pipeline - WARNING - Missing odds file: data\extracted\Germany\2. Bundesliga\2021\odds.csv
2025-09-01 21:04:48,223 - src.process_pipeline - INFO - Successfully merged 293 records with team statistics
2025-09-01 21:04:48,235 - src.process_pipeline - INFO - Saved merged data to data\processed\Germany\2. Bundesliga\2021\merged_2021.csv
2025-09-01 21:04:48,236 - src.process_pipeline - INFO - Successfully merged 293 records
2025-09-01 21:04:48,249 - src.process_pipeline - INFO - Processing Germany/2. Bundesliga/2022
2025-09-01 21:04:48,260 - src.process_pipeline - WARNING - Missing odds file: data\extracted\Germany\2. Bundesliga\2022\odds.csv
2025-09-01 21:04:48,268 - src.process_pipeline - INFO - Successfully merged 288 records with team statistics
2025-09-01 21:04:48,278 - src.process_pipeline - INFO - Saved merged data to data\processed\Germany\2. Bundesliga\2022\merged_2022.csv
2025-09-01 21:04:48,278 - src.process_pipeline - INFO - Successfully merged 288 records
2025-09-01 21:04:48,291 - src.process_pipeline - INFO - Processing Germany/2. Bundesliga/2023
2025-09-01 21:04:48,300 - src.process_pipeline - WARNING - Missing odds file: data\extracted\Germany\2. Bundesliga\2023\odds.csv
2025-09-01 21:04:48,309 - src.process_pipeline - INFO - Successfully merged 299 records with team statistics
2025-09-01 21:04:48,320 - src.process_pipeline - INFO - Saved merged data to data\processed\Germany\2. Bundesliga\2023\merged_2023.csv
2025-09-01 21:04:48,320 - src.process_pipeline - INFO - Successfully merged 299 records
2025-09-01 21:04:48,332 - src.process_pipeline - INFO - Processing Germany/2. Bundesliga/2024
2025-09-01 21:04:48,342 - src.process_pipeline - WARNING - Missing odds file: data\extracted\Germany\2. Bundesliga\2024\odds.csv
2025-09-01 21:04:48,350 - src.process_pipeline - INFO - Successfully merged 308 records with team statistics
2025-09-01 21:04:48,360 - src.process_pipeline - INFO - Saved merged data to data\processed\Germany\2. Bundesliga\2024\merged_2024.csv
2025-09-01 21:04:48,360 - src.process_pipeline - INFO - Successfully merged 308 records
2025-09-01 21:04:48,372 - src.process_pipeline - INFO - Processing Germany/2. Bundesliga/2025
2025-09-01 21:04:48,377 - src.process_pipeline - WARNING - Missing odds file: data\extracted\Germany\2. Bundesliga\2025\odds.csv
2025-09-01 21:04:48,384 - src.process_pipeline - INFO - Successfully merged 18 records with team statistics
2025-09-01 21:04:48,387 - src.process_pipeline - INFO - Saved merged data to data\processed\Germany\2. Bundesliga\2025\merged_2025.csv
2025-09-01 21:04:48,387 - src.process_pipeline - INFO - Successfully merged 18 records
2025-09-01 21:04:48,399 - src.process_pipeline - INFO - Processing Germany/Bundesliga/2018
2025-09-01 21:04:48,409 - src.process_pipeline - WARNING - Missing odds file: data\extracted\Germany\Bundesliga\2018\odds.csv
2025-09-01 21:04:48,417 - src.process_pipeline - INFO - Successfully merged 308 records with team statistics
2025-09-01 21:04:48,427 - src.process_pipeline - INFO - Saved merged data to data\processed\Germany\Bundesliga\2018\merged_2018.csv
2025-09-01 21:04:48,427 - src.process_pipeline - INFO - Successfully merged 308 records
2025-09-01 21:04:48,443 - src.process_pipeline - INFO - Processing Germany/Bundesliga/2019
2025-09-01 21:04:48,456 - src.process_pipeline - WARNING - Missing odds file: data\extracted\Germany\Bundesliga\2019\odds.csv
2025-09-01 21:04:48,465 - src.process_pipeline - INFO - Successfully merged 260 records with team statistics
2025-09-01 21:04:48,475 - src.process_pipeline - INFO - Saved merged data to data\processed\Germany\Bundesliga\2019\merged_2019.csv
2025-09-01 21:04:48,475 - src.process_pipeline - INFO - Successfully merged 260 records
2025-09-01 21:04:48,488 - src.process_pipeline - INFO - Processing Germany/Bundesliga/2020
2025-09-01 21:04:48,499 - src.process_pipeline - WARNING - Missing odds file: data\extracted\Germany\Bundesliga\2020\odds.csv
2025-09-01 21:04:48,507 - src.process_pipeline - INFO - Successfully merged 308 records with team statistics
2025-09-01 21:04:48,517 - src.process_pipeline - INFO - Saved merged data to data\processed\Germany\Bundesliga\2020\merged_2020.csv
2025-09-01 21:04:48,517 - src.process_pipeline - INFO - Successfully merged 308 records
2025-09-01 21:04:48,530 - src.process_pipeline - INFO - Processing Germany/Bundesliga/2021
2025-09-01 21:04:48,540 - src.process_pipeline - WARNING - Missing odds file: data\extracted\Germany\Bundesliga\2021\odds.csv
2025-09-01 21:04:48,548 - src.process_pipeline - INFO - Successfully merged 308 records with team statistics
2025-09-01 21:04:48,559 - src.process_pipeline - INFO - Saved merged data to data\processed\Germany\Bundesliga\2021\merged_2021.csv
2025-09-01 21:04:48,559 - src.process_pipeline - INFO - Successfully merged 308 records
2025-09-01 21:04:48,573 - src.process_pipeline - INFO - Processing Germany/Bundesliga/2022
2025-09-01 21:04:48,583 - src.process_pipeline - WARNING - Missing odds file: data\extracted\Germany\Bundesliga\2022\odds.csv
2025-09-01 21:04:48,592 - src.process_pipeline - INFO - Successfully merged 307 records with team statistics
2025-09-01 21:04:48,602 - src.process_pipeline - INFO - Saved merged data to data\processed\Germany\Bundesliga\2022\merged_2022.csv
2025-09-01 21:04:48,602 - src.process_pipeline - INFO - Successfully merged 307 records
2025-09-01 21:04:48,615 - src.process_pipeline - INFO - Processing Germany/Bundesliga/2023
2025-09-01 21:04:48,626 - src.process_pipeline - WARNING - Missing odds file: data\extracted\Germany\Bundesliga\2023\odds.csv
2025-09-01 21:04:48,634 - src.process_pipeline - INFO - Successfully merged 308 records with team statistics
2025-09-01 21:04:48,645 - src.process_pipeline - INFO - Saved merged data to data\processed\Germany\Bundesliga\2023\merged_2023.csv
2025-09-01 21:04:48,645 - src.process_pipeline - INFO - Successfully merged 308 records
2025-09-01 21:04:48,661 - src.process_pipeline - INFO - Processing Germany/Bundesliga/2024
2025-09-01 21:04:48,673 - src.process_pipeline - WARNING - Missing odds file: data\extracted\Germany\Bundesliga\2024\odds.csv
2025-09-01 21:04:48,681 - src.process_pipeline - INFO - Successfully merged 308 records with team statistics
2025-09-01 21:04:48,692 - src.process_pipeline - INFO - Saved merged data to data\processed\Germany\Bundesliga\2024\merged_2024.csv
2025-09-01 21:04:48,692 - src.process_pipeline - INFO - Successfully merged 308 records
2025-09-01 21:04:48,706 - src.process_pipeline - INFO - Processing Germany/Bundesliga/2025
2025-09-01 21:04:48,712 - src.process_pipeline - INFO - Odds data found for Germany/Bundesliga/2025
2025-09-01 21:04:48,744 - src.process_pipeline - INFO - Added odds data for 17 fixtures
2025-09-01 21:04:48,745 - src.process_pipeline - INFO - Successfully merged 17 records with team statistics
2025-09-01 21:04:48,747 - src.process_pipeline - INFO - Saved merged data to data\processed\Germany\Bundesliga\2025\merged_2025.csv
2025-09-01 21:04:48,747 - src.process_pipeline - INFO - Successfully merged 17 records
2025-09-01 21:04:48,760 - src.process_pipeline - INFO - Processing Germany/DFB Pokal/2018
2025-09-01 21:04:48,766 - src.process_pipeline - WARNING - Missing odds file: data\extracted\Germany\DFB Pokal\2018\odds.csv
2025-09-01 21:04:48,773 - src.process_pipeline - INFO - Successfully merged 63 records with team statistics
2025-09-01 21:04:48,777 - src.process_pipeline - INFO - Saved merged data to data\processed\Germany\DFB Pokal\2018\merged_2018.csv
2025-09-01 21:04:48,777 - src.process_pipeline - INFO - Successfully merged 63 records
2025-09-01 21:04:48,795 - src.process_pipeline - INFO - Processing Germany/DFB Pokal/2019
2025-09-01 21:04:48,802 - src.process_pipeline - WARNING - Missing odds file: data\extracted\Germany\DFB Pokal\2019\odds.csv
2025-09-01 21:04:48,809 - src.process_pipeline - INFO - Successfully merged 60 records with team statistics
2025-09-01 21:04:48,813 - src.process_pipeline - INFO - Saved merged data to data\processed\Germany\DFB Pokal\2019\merged_2019.csv
2025-09-01 21:04:48,813 - src.process_pipeline - INFO - Successfully merged 60 records
2025-09-01 21:04:48,827 - src.process_pipeline - INFO - Processing Germany/DFB Pokal/2020
2025-09-01 21:04:48,833 - src.process_pipeline - WARNING - Missing odds file: data\extracted\Germany\DFB Pokal\2020\odds.csv
2025-09-01 21:04:48,841 - src.process_pipeline - INFO - Successfully merged 63 records with team statistics
2025-09-01 21:04:48,845 - src.process_pipeline - INFO - Saved merged data to data\processed\Germany\DFB Pokal\2020\merged_2020.csv
2025-09-01 21:04:48,845 - src.process_pipeline - INFO - Successfully merged 63 records
2025-09-01 21:04:48,860 - src.process_pipeline - INFO - Processing Germany/DFB Pokal/2021
2025-09-01 21:04:48,866 - src.process_pipeline - WARNING - Missing odds file: data\extracted\Germany\DFB Pokal\2021\odds.csv
2025-09-01 21:04:48,874 - src.process_pipeline - INFO - Successfully merged 63 records with team statistics
2025-09-01 21:04:48,879 - src.process_pipeline - INFO - Saved merged data to data\processed\Germany\DFB Pokal\2021\merged_2021.csv
2025-09-01 21:04:48,879 - src.process_pipeline - INFO - Successfully merged 63 records
2025-09-01 21:04:48,893 - src.process_pipeline - INFO - Processing Germany/DFB Pokal/2022
2025-09-01 21:04:48,899 - src.process_pipeline - WARNING - Missing odds file: data\extracted\Germany\DFB Pokal\2022\odds.csv
2025-09-01 21:04:48,907 - src.process_pipeline - INFO - Successfully merged 36 records with team statistics
2025-09-01 21:04:48,911 - src.process_pipeline - INFO - Saved merged data to data\processed\Germany\DFB Pokal\2022\merged_2022.csv
2025-09-01 21:04:48,911 - src.process_pipeline - INFO - Successfully merged 36 records
2025-09-01 21:04:48,926 - src.process_pipeline - INFO - Processing Germany/DFB Pokal/2023
2025-09-01 21:04:48,932 - src.process_pipeline - WARNING - Missing odds file: data\extracted\Germany\DFB Pokal\2023\odds.csv
2025-09-01 21:04:48,941 - src.process_pipeline - INFO - Successfully merged 63 records with team statistics
2025-09-01 21:04:48,946 - src.process_pipeline - INFO - Saved merged data to data\processed\Germany\DFB Pokal\2023\merged_2023.csv
2025-09-01 21:04:48,946 - src.process_pipeline - INFO - Successfully merged 63 records
2025-09-01 21:04:48,964 - src.process_pipeline - INFO - Processing Germany/DFB Pokal/2024
2025-09-01 21:04:48,970 - src.process_pipeline - WARNING - Missing odds file: data\extracted\Germany\DFB Pokal\2024\odds.csv
2025-09-01 21:04:48,980 - src.process_pipeline - INFO - Successfully merged 63 records with team statistics
2025-09-01 21:04:48,984 - src.process_pipeline - INFO - Saved merged data to data\processed\Germany\DFB Pokal\2024\merged_2024.csv
2025-09-01 21:04:48,984 - src.process_pipeline - INFO - Successfully merged 63 records
2025-09-01 21:04:49,002 - src.process_pipeline - INFO - Processing Greece/Super League/2021
2025-09-01 21:04:49,014 - src.process_pipeline - WARNING - Missing odds file: data\extracted\Greece\Super League\2021\odds.csv
2025-09-01 21:04:49,023 - src.process_pipeline - INFO - Successfully merged 240 records with team statistics
2025-09-01 21:04:49,033 - src.process_pipeline - INFO - Saved merged data to data\processed\Greece\Super League\2021\merged_2021.csv
2025-09-01 21:04:49,034 - src.process_pipeline - INFO - Successfully merged 240 records
2025-09-01 21:04:49,050 - src.process_pipeline - INFO - Processing Greece/Super League/2022
2025-09-01 21:04:49,060 - src.process_pipeline - WARNING - Missing odds file: data\extracted\Greece\Super League\2022\odds.csv
2025-09-01 21:04:49,069 - src.process_pipeline - INFO - Successfully merged 240 records with team statistics
2025-09-01 21:04:49,077 - src.process_pipeline - INFO - Saved merged data to data\processed\Greece\Super League\2022\merged_2022.csv
2025-09-01 21:04:49,077 - src.process_pipeline - INFO - Successfully merged 240 records
2025-09-01 21:04:49,093 - src.process_pipeline - INFO - Processing Greece/Super League/2023
2025-09-01 21:04:49,102 - src.process_pipeline - WARNING - Missing odds file: data\extracted\Greece\Super League\2023\odds.csv
2025-09-01 21:04:49,111 - src.process_pipeline - INFO - Successfully merged 240 records with team statistics
2025-09-01 21:04:49,121 - src.process_pipeline - INFO - Saved merged data to data\processed\Greece\Super League\2023\merged_2023.csv
2025-09-01 21:04:49,121 - src.process_pipeline - INFO - Successfully merged 240 records
2025-09-01 21:04:49,134 - src.process_pipeline - INFO - Processing Greece/Super League/2024
2025-09-01 21:04:49,142 - src.process_pipeline - WARNING - Missing odds file: data\extracted\Greece\Super League\2024\odds.csv
2025-09-01 21:04:49,151 - src.process_pipeline - INFO - Successfully merged 236 records with team statistics
2025-09-01 21:04:49,160 - src.process_pipeline - INFO - Saved merged data to data\processed\Greece\Super League\2024\merged_2024.csv
2025-09-01 21:04:49,160 - src.process_pipeline - INFO - Successfully merged 236 records
2025-09-01 21:04:49,172 - src.process_pipeline - INFO - Processing Greece/Super League/2025
2025-09-01 21:04:49,173 - src.process_pipeline - WARNING - Missing team stats file: data\extracted\Greece\Super League\2025\team_statistics.csv
2025-09-01 21:04:49,173 - src.process_pipeline - INFO - Processing Italy/Coppa Italia/2018
2025-09-01 21:04:49,178 - src.process_pipeline - WARNING - Missing odds file: data\extracted\Italy\Coppa Italia\2018\odds.csv
2025-09-01 21:04:49,185 - src.process_pipeline - INFO - Successfully merged 61 records with team statistics
2025-09-01 21:04:49,189 - src.process_pipeline - INFO - Saved merged data to data\processed\Italy\Coppa Italia\2018\merged_2018.csv
2025-09-01 21:04:49,189 - src.process_pipeline - INFO - Successfully merged 61 records
2025-09-01 21:04:49,204 - src.process_pipeline - INFO - Processing Italy/Coppa Italia/2019
2025-09-01 21:04:49,204 - src.process_pipeline - WARNING - Missing fixtures file: data\extracted\Italy\Coppa Italia\2019\fixture_events.csv
2025-09-01 21:04:49,205 - src.process_pipeline - INFO - Processing Italy/Coppa Italia/2020
2025-09-01 21:04:49,211 - src.process_pipeline - WARNING - Missing odds file: data\extracted\Italy\Coppa Italia\2020\odds.csv
2025-09-01 21:04:49,218 - src.process_pipeline - INFO - Successfully merged 79 records with team statistics
2025-09-01 21:04:49,222 - src.process_pipeline - INFO - Saved merged data to data\processed\Italy\Coppa Italia\2020\merged_2020.csv
2025-09-01 21:04:49,222 - src.process_pipeline - INFO - Successfully merged 79 records
2025-09-01 21:04:49,237 - src.process_pipeline - INFO - Processing Italy/Coppa Italia/2021
2025-09-01 21:04:49,243 - src.process_pipeline - WARNING - Missing odds file: data\extracted\Italy\Coppa Italia\2021\odds.csv
2025-09-01 21:04:49,251 - src.process_pipeline - INFO - Successfully merged 45 records with team statistics
2025-09-01 21:04:49,255 - src.process_pipeline - INFO - Saved merged data to data\processed\Italy\Coppa Italia\2021\merged_2021.csv
2025-09-01 21:04:49,255 - src.process_pipeline - INFO - Successfully merged 45 records
2025-09-01 21:04:49,269 - src.process_pipeline - INFO - Processing Italy/Coppa Italia/2022
2025-09-01 21:04:49,274 - src.process_pipeline - WARNING - Missing odds file: data\extracted\Italy\Coppa Italia\2022\odds.csv
2025-09-01 21:04:49,282 - src.process_pipeline - INFO - Successfully merged 41 records with team statistics
2025-09-01 21:04:49,285 - src.process_pipeline - INFO - Saved merged data to data\processed\Italy\Coppa Italia\2022\merged_2022.csv
2025-09-01 21:04:49,285 - src.process_pipeline - INFO - Successfully merged 41 records
2025-09-01 21:04:49,297 - src.process_pipeline - INFO - Processing Italy/Coppa Italia/2023
2025-09-01 21:04:49,303 - src.process_pipeline - WARNING - Missing odds file: data\extracted\Italy\Coppa Italia\2023\odds.csv
2025-09-01 21:04:49,311 - src.process_pipeline - INFO - Successfully merged 45 records with team statistics
2025-09-01 21:04:49,314 - src.process_pipeline - INFO - Saved merged data to data\processed\Italy\Coppa Italia\2023\merged_2023.csv
2025-09-01 21:04:49,314 - src.process_pipeline - INFO - Successfully merged 45 records
2025-09-01 21:04:49,329 - src.process_pipeline - INFO - Processing Italy/Coppa Italia/2024
2025-09-01 21:04:49,335 - src.process_pipeline - WARNING - Missing odds file: data\extracted\Italy\Coppa Italia\2024\odds.csv
2025-09-01 21:04:49,343 - src.process_pipeline - INFO - Successfully merged 45 records with team statistics
2025-09-01 21:04:49,347 - src.process_pipeline - INFO - Saved merged data to data\processed\Italy\Coppa Italia\2024\merged_2024.csv
2025-09-01 21:04:49,347 - src.process_pipeline - INFO - Successfully merged 45 records
2025-09-01 21:04:49,359 - src.process_pipeline - INFO - Processing Italy/Serie A/2016
2025-09-01 21:04:49,369 - src.process_pipeline - WARNING - Missing odds file: data\extracted\Italy\Serie A\2016\odds.csv
2025-09-01 21:04:49,377 - src.process_pipeline - INFO - Successfully merged 380 records with team statistics
2025-09-01 21:04:49,389 - src.process_pipeline - INFO - Saved merged data to data\processed\Italy\Serie A\2016\merged_2016.csv
2025-09-01 21:04:49,389 - src.process_pipeline - INFO - Successfully merged 380 records
2025-09-01 21:04:49,404 - src.process_pipeline - INFO - Processing Italy/Serie A/2017
2025-09-01 21:04:49,415 - src.process_pipeline - WARNING - Missing odds file: data\extracted\Italy\Serie A\2017\odds.csv
2025-09-01 21:04:49,423 - src.process_pipeline - INFO - Successfully merged 380 records with team statistics
2025-09-01 21:04:49,435 - src.process_pipeline - INFO - Saved merged data to data\processed\Italy\Serie A\2017\merged_2017.csv
2025-09-01 21:04:49,435 - src.process_pipeline - INFO - Successfully merged 380 records
2025-09-01 21:04:49,452 - src.process_pipeline - INFO - Processing Italy/Serie A/2018
2025-09-01 21:04:49,464 - src.process_pipeline - WARNING - Missing odds file: data\extracted\Italy\Serie A\2018\odds.csv
2025-09-01 21:04:49,475 - src.process_pipeline - INFO - Successfully merged 380 records with team statistics
2025-09-01 21:04:49,489 - src.process_pipeline - INFO - Saved merged data to data\processed\Italy\Serie A\2018\merged_2018.csv
2025-09-01 21:04:49,489 - src.process_pipeline - INFO - Successfully merged 380 records
2025-09-01 21:04:49,508 - src.process_pipeline - INFO - Processing Italy/Serie A/2019
2025-09-01 21:04:49,526 - src.process_pipeline - WARNING - Missing odds file: data\extracted\Italy\Serie A\2019\odds.csv
2025-09-01 21:04:49,535 - src.process_pipeline - INFO - Successfully merged 256 records with team statistics
2025-09-01 21:04:49,545 - src.process_pipeline - INFO - Saved merged data to data\processed\Italy\Serie A\2019\merged_2019.csv
2025-09-01 21:04:49,545 - src.process_pipeline - INFO - Successfully merged 256 records
2025-09-01 21:04:49,563 - src.process_pipeline - INFO - Processing Italy/Serie A/2020
2025-09-01 21:04:49,577 - src.process_pipeline - WARNING - Missing odds file: data\extracted\Italy\Serie A\2020\odds.csv
2025-09-01 21:04:49,586 - src.process_pipeline - INFO - Successfully merged 380 records with team statistics
2025-09-01 21:04:49,598 - src.process_pipeline - INFO - Saved merged data to data\processed\Italy\Serie A\2020\merged_2020.csv
2025-09-01 21:04:49,598 - src.process_pipeline - INFO - Successfully merged 380 records
2025-09-01 21:04:49,620 - src.process_pipeline - INFO - Processing Italy/Serie A/2021
2025-09-01 21:04:49,630 - src.process_pipeline - WARNING - Missing odds file: data\extracted\Italy\Serie A\2021\odds.csv
2025-09-01 21:04:49,638 - src.process_pipeline - INFO - Successfully merged 380 records with team statistics
2025-09-01 21:04:49,649 - src.process_pipeline - INFO - Saved merged data to data\processed\Italy\Serie A\2021\merged_2021.csv
2025-09-01 21:04:49,650 - src.process_pipeline - INFO - Successfully merged 380 records
2025-09-01 21:04:49,665 - src.process_pipeline - INFO - Processing Italy/Serie A/2022
2025-09-01 21:04:49,675 - src.process_pipeline - WARNING - Missing odds file: data\extracted\Italy\Serie A\2022\odds.csv
2025-09-01 21:04:49,684 - src.process_pipeline - INFO - Successfully merged 370 records with team statistics
2025-09-01 21:04:49,695 - src.process_pipeline - INFO - Saved merged data to data\processed\Italy\Serie A\2022\merged_2022.csv
2025-09-01 21:04:49,696 - src.process_pipeline - INFO - Successfully merged 370 records
2025-09-01 21:04:49,710 - src.process_pipeline - INFO - Processing Italy/Serie A/2023
2025-09-01 21:04:49,721 - src.process_pipeline - WARNING - Missing odds file: data\extracted\Italy\Serie A\2023\odds.csv
2025-09-01 21:04:49,730 - src.process_pipeline - INFO - Successfully merged 379 records with team statistics
2025-09-01 21:04:49,742 - src.process_pipeline - INFO - Saved merged data to data\processed\Italy\Serie A\2023\merged_2023.csv
2025-09-01 21:04:49,743 - src.process_pipeline - INFO - Successfully merged 379 records
2025-09-01 21:04:49,759 - src.process_pipeline - INFO - Processing Italy/Serie A/2024
2025-09-01 21:04:49,770 - src.process_pipeline - WARNING - Missing odds file: data\extracted\Italy\Serie A\2024\odds.csv
2025-09-01 21:04:49,778 - src.process_pipeline - INFO - Successfully merged 380 records with team statistics
2025-09-01 21:04:49,793 - src.process_pipeline - INFO - Saved merged data to data\processed\Italy\Serie A\2024\merged_2024.csv
2025-09-01 21:04:49,793 - src.process_pipeline - INFO - Successfully merged 380 records
2025-09-01 21:04:49,808 - src.process_pipeline - INFO - Processing Italy/Serie A/2025
2025-09-01 21:04:49,815 - src.process_pipeline - INFO - Odds data found for Italy/Serie A/2025
2025-09-01 21:04:49,859 - src.process_pipeline - INFO - Added odds data for 18 fixtures
2025-09-01 21:04:49,860 - src.process_pipeline - INFO - Successfully merged 18 records with team statistics
2025-09-01 21:04:49,862 - src.process_pipeline - INFO - Saved merged data to data\processed\Italy\Serie A\2025\merged_2025.csv
2025-09-01 21:04:49,862 - src.process_pipeline - INFO - Successfully merged 18 records
2025-09-01 21:04:49,878 - src.process_pipeline - INFO - Processing Italy/Serie B/2017
2025-09-01 21:04:49,888 - src.process_pipeline - WARNING - Missing odds file: data\extracted\Italy\Serie B\2017\odds.csv
2025-09-01 21:04:49,896 - src.process_pipeline - INFO - Successfully merged 464 records with team statistics
2025-09-01 21:04:49,910 - src.process_pipeline - INFO - Saved merged data to data\processed\Italy\Serie B\2017\merged_2017.csv
2025-09-01 21:04:49,911 - src.process_pipeline - INFO - Successfully merged 464 records
2025-09-01 21:04:49,924 - src.process_pipeline - INFO - Processing Italy/Serie B/2018
2025-09-01 21:04:49,925 - src.process_pipeline - WARNING - Missing fixtures file: data\extracted\Italy\Serie B\2018\fixture_events.csv
2025-09-01 21:04:49,925 - src.process_pipeline - INFO - Processing Italy/Serie B/2019
2025-09-01 21:04:49,934 - src.process_pipeline - WARNING - Missing odds file: data\extracted\Italy\Serie B\2019\odds.csv
2025-09-01 21:04:49,942 - src.process_pipeline - INFO - Successfully merged 279 records with team statistics
2025-09-01 21:04:49,953 - src.process_pipeline - INFO - Saved merged data to data\processed\Italy\Serie B\2019\merged_2019.csv
2025-09-01 21:04:49,953 - src.process_pipeline - INFO - Successfully merged 279 records
2025-09-01 21:04:49,970 - src.process_pipeline - INFO - Processing Italy/Serie B/2020
2025-09-01 21:04:49,983 - src.process_pipeline - WARNING - Missing odds file: data\extracted\Italy\Serie B\2020\odds.csv
2025-09-01 21:04:49,992 - src.process_pipeline - INFO - Successfully merged 388 records with team statistics
2025-09-01 21:04:50,007 - src.process_pipeline - INFO - Saved merged data to data\processed\Italy\Serie B\2020\merged_2020.csv
2025-09-01 21:04:50,007 - src.process_pipeline - INFO - Successfully merged 388 records
2025-09-01 21:04:50,025 - src.process_pipeline - INFO - Processing Italy/Serie B/2021
2025-09-01 21:04:50,036 - src.process_pipeline - WARNING - Missing odds file: data\extracted\Italy\Serie B\2021\odds.csv
2025-09-01 21:04:50,046 - src.process_pipeline - INFO - Successfully merged 390 records with team statistics
2025-09-01 21:04:50,059 - src.process_pipeline - INFO - Saved merged data to data\processed\Italy\Serie B\2021\merged_2021.csv
2025-09-01 21:04:50,059 - src.process_pipeline - INFO - Successfully merged 390 records
2025-09-01 21:04:50,078 - src.process_pipeline - INFO - Processing Italy/Serie B/2022
2025-09-01 21:04:50,097 - src.process_pipeline - WARNING - Missing odds file: data\extracted\Italy\Serie B\2022\odds.csv
2025-09-01 21:04:50,114 - src.process_pipeline - INFO - Successfully merged 385 records with team statistics
2025-09-01 21:04:50,135 - src.process_pipeline - INFO - Saved merged data to data\processed\Italy\Serie B\2022\merged_2022.csv
2025-09-01 21:04:50,135 - src.process_pipeline - INFO - Successfully merged 385 records
2025-09-01 21:04:50,166 - src.process_pipeline - INFO - Processing Italy/Serie B/2023
2025-09-01 21:04:50,178 - src.process_pipeline - WARNING - Missing odds file: data\extracted\Italy\Serie B\2023\odds.csv
2025-09-01 21:04:50,188 - src.process_pipeline - INFO - Successfully merged 389 records with team statistics
2025-09-01 21:04:50,201 - src.process_pipeline - INFO - Saved merged data to data\processed\Italy\Serie B\2023\merged_2023.csv
2025-09-01 21:04:50,202 - src.process_pipeline - INFO - Successfully merged 389 records
2025-09-01 21:04:50,218 - src.process_pipeline - INFO - Processing Italy/Serie B/2024
2025-09-01 21:04:50,228 - src.process_pipeline - WARNING - Missing odds file: data\extracted\Italy\Serie B\2024\odds.csv
2025-09-01 21:04:50,236 - src.process_pipeline - INFO - Successfully merged 387 records with team statistics
2025-09-01 21:04:50,248 - src.process_pipeline - INFO - Saved merged data to data\processed\Italy\Serie B\2024\merged_2024.csv
2025-09-01 21:04:50,248 - src.process_pipeline - INFO - Successfully merged 387 records
2025-09-01 21:04:50,264 - src.process_pipeline - INFO - Processing Italy/Serie B/2025
2025-09-01 21:04:50,264 - src.process_pipeline - WARNING - Missing fixtures file: data\extracted\Italy\Serie B\2025\fixture_events.csv
2025-09-01 21:04:50,264 - src.process_pipeline - INFO - Processing Spain/Copa del Rey/2018
2025-09-01 21:04:50,270 - src.process_pipeline - WARNING - Missing odds file: data\extracted\Spain\Copa del Rey\2018\odds.csv
2025-09-01 21:04:50,277 - src.process_pipeline - INFO - Successfully merged 71 records with team statistics
2025-09-01 21:04:50,282 - src.process_pipeline - INFO - Saved merged data to data\processed\Spain\Copa del Rey\2018\merged_2018.csv
2025-09-01 21:04:50,282 - src.process_pipeline - INFO - Successfully merged 71 records
2025-09-01 21:04:50,299 - src.process_pipeline - INFO - Processing Spain/Copa del Rey/2019
2025-09-01 21:04:50,306 - src.process_pipeline - WARNING - Missing odds file: data\extracted\Spain\Copa del Rey\2019\odds.csv
2025-09-01 21:04:50,314 - src.process_pipeline - INFO - Successfully merged 127 records with team statistics
2025-09-01 21:04:50,320 - src.process_pipeline - INFO - Saved merged data to data\processed\Spain\Copa del Rey\2019\merged_2019.csv
2025-09-01 21:04:50,320 - src.process_pipeline - INFO - Successfully merged 127 records
2025-09-01 21:04:50,338 - src.process_pipeline - INFO - Processing Spain/Copa del Rey/2020
2025-09-01 21:04:50,345 - src.process_pipeline - WARNING - Missing odds file: data\extracted\Spain\Copa del Rey\2020\odds.csv
2025-09-01 21:04:50,353 - src.process_pipeline - INFO - Successfully merged 127 records with team statistics
2025-09-01 21:04:50,358 - src.process_pipeline - INFO - Saved merged data to data\processed\Spain\Copa del Rey\2020\merged_2020.csv
2025-09-01 21:04:50,359 - src.process_pipeline - INFO - Successfully merged 127 records
2025-09-01 21:04:50,377 - src.process_pipeline - INFO - Processing Spain/Copa del Rey/2021
2025-09-01 21:04:50,383 - src.process_pipeline - WARNING - Missing odds file: data\extracted\Spain\Copa del Rey\2021\odds.csv
2025-09-01 21:04:50,390 - src.process_pipeline - INFO - Successfully merged 127 records with team statistics
2025-09-01 21:04:50,396 - src.process_pipeline - INFO - Saved merged data to data\processed\Spain\Copa del Rey\2021\merged_2021.csv
2025-09-01 21:04:50,396 - src.process_pipeline - INFO - Successfully merged 127 records
2025-09-01 21:04:50,413 - src.process_pipeline - INFO - Processing Spain/Copa del Rey/2022
2025-09-01 21:04:50,420 - src.process_pipeline - WARNING - Missing odds file: data\extracted\Spain\Copa del Rey\2022\odds.csv
2025-09-01 21:04:50,428 - src.process_pipeline - INFO - Successfully merged 125 records with team statistics
2025-09-01 21:04:50,434 - src.process_pipeline - INFO - Saved merged data to data\processed\Spain\Copa del Rey\2022\merged_2022.csv
2025-09-01 21:04:50,434 - src.process_pipeline - INFO - Successfully merged 125 records
2025-09-01 21:04:50,455 - src.process_pipeline - INFO - Processing Spain/Copa del Rey/2023
2025-09-01 21:04:50,463 - src.process_pipeline - WARNING - Missing odds file: data\extracted\Spain\Copa del Rey\2023\odds.csv
2025-09-01 21:04:50,471 - src.process_pipeline - INFO - Successfully merged 126 records with team statistics
2025-09-01 21:04:50,476 - src.process_pipeline - INFO - Saved merged data to data\processed\Spain\Copa del Rey\2023\merged_2023.csv
2025-09-01 21:04:50,477 - src.process_pipeline - INFO - Successfully merged 126 records
2025-09-01 21:04:50,495 - src.process_pipeline - INFO - Processing Spain/Copa del Rey/2024
2025-09-01 21:04:50,502 - src.process_pipeline - WARNING - Missing odds file: data\extracted\Spain\Copa del Rey\2024\odds.csv
2025-09-01 21:04:50,510 - src.process_pipeline - INFO - Successfully merged 126 records with team statistics
2025-09-01 21:04:50,517 - src.process_pipeline - INFO - Saved merged data to data\processed\Spain\Copa del Rey\2024\merged_2024.csv
2025-09-01 21:04:50,517 - src.process_pipeline - INFO - Successfully merged 126 records
2025-09-01 21:04:50,535 - src.process_pipeline - INFO - Processing Spain/La Liga/2020
2025-09-01 21:04:50,545 - src.process_pipeline - WARNING - Missing odds file: data\extracted\Spain\La Liga\2020\odds.csv
2025-09-01 21:04:50,553 - src.process_pipeline - INFO - Successfully merged 380 records with team statistics
2025-09-01 21:04:50,566 - src.process_pipeline - INFO - Saved merged data to data\processed\Spain\La Liga\2020\merged_2020.csv
2025-09-01 21:04:50,566 - src.process_pipeline - INFO - Successfully merged 380 records
2025-09-01 21:04:50,584 - src.process_pipeline - INFO - Processing Spain/La Liga/2021
2025-09-01 21:04:50,596 - src.process_pipeline - WARNING - Missing odds file: data\extracted\Spain\La Liga\2021\odds.csv
2025-09-01 21:04:50,604 - src.process_pipeline - INFO - Successfully merged 380 records with team statistics
2025-09-01 21:04:50,617 - src.process_pipeline - INFO - Saved merged data to data\processed\Spain\La Liga\2021\merged_2021.csv
2025-09-01 21:04:50,617 - src.process_pipeline - INFO - Successfully merged 380 records
2025-09-01 21:04:50,638 - src.process_pipeline - INFO - Processing Spain/La Liga/2022
2025-09-01 21:04:50,650 - src.process_pipeline - WARNING - Missing odds file: data\extracted\Spain\La Liga\2022\odds.csv
2025-09-01 21:04:50,660 - src.process_pipeline - INFO - Successfully merged 370 records with team statistics
2025-09-01 21:04:50,673 - src.process_pipeline - INFO - Saved merged data to data\processed\Spain\La Liga\2022\merged_2022.csv
2025-09-01 21:04:50,673 - src.process_pipeline - INFO - Successfully merged 370 records
2025-09-01 21:04:50,693 - src.process_pipeline - INFO - Processing Spain/La Liga/2023
2025-09-01 21:04:50,704 - src.process_pipeline - WARNING - Missing odds file: data\extracted\Spain\La Liga\2023\odds.csv
2025-09-01 21:04:50,713 - src.process_pipeline - INFO - Successfully merged 380 records with team statistics
2025-09-01 21:04:50,725 - src.process_pipeline - INFO - Saved merged data to data\processed\Spain\La Liga\2023\merged_2023.csv
2025-09-01 21:04:50,726 - src.process_pipeline - INFO - Successfully merged 380 records
2025-09-01 21:04:50,747 - src.process_pipeline - INFO - Processing Spain/La Liga/2024
2025-09-01 21:04:50,758 - src.process_pipeline - WARNING - Missing odds file: data\extracted\Spain\La Liga\2024\odds.csv
2025-09-01 21:04:50,767 - src.process_pipeline - INFO - Successfully merged 380 records with team statistics
2025-09-01 21:04:50,781 - src.process_pipeline - INFO - Saved merged data to data\processed\Spain\La Liga\2024\merged_2024.csv
2025-09-01 21:04:50,781 - src.process_pipeline - INFO - Successfully merged 380 records
2025-09-01 21:04:50,808 - src.process_pipeline - INFO - Processing Spain/La Liga/2025
2025-09-01 21:04:50,819 - src.process_pipeline - INFO - Odds data found for Spain/La Liga/2025
2025-09-01 21:04:50,866 - src.process_pipeline - INFO - Added odds data for 28 fixtures
2025-09-01 21:04:50,867 - src.process_pipeline - INFO - Successfully merged 28 records with team statistics
2025-09-01 21:04:50,870 - src.process_pipeline - INFO - Saved merged data to data\processed\Spain\La Liga\2025\merged_2025.csv
2025-09-01 21:04:50,870 - src.process_pipeline - INFO - Successfully merged 28 records
2025-09-01 21:04:50,889 - src.process_pipeline - INFO - Processing Spain/Segunda Division/2017
2025-09-01 21:04:50,903 - src.process_pipeline - WARNING - Missing odds file: data\extracted\Spain\Segunda Division\2017\odds.csv
2025-09-01 21:04:50,912 - src.process_pipeline - INFO - Successfully merged 468 records with team statistics
2025-09-01 21:04:50,931 - src.process_pipeline - INFO - Saved merged data to data\processed\Spain\Segunda Division\2017\merged_2017.csv
2025-09-01 21:04:50,931 - src.process_pipeline - INFO - Successfully merged 468 records
2025-09-01 21:04:50,947 - src.process_pipeline - INFO - Processing Spain/Segunda Division/2018
2025-09-01 21:04:50,962 - src.process_pipeline - WARNING - Missing odds file: data\extracted\Spain\Segunda Division\2018\odds.csv
2025-09-01 21:04:50,972 - src.process_pipeline - INFO - Successfully merged 466 records with team statistics
2025-09-01 21:04:50,992 - src.process_pipeline - INFO - Saved merged data to data\processed\Spain\Segunda Division\2018\merged_2018.csv
2025-09-01 21:04:50,992 - src.process_pipeline - INFO - Successfully merged 466 records
2025-09-01 21:04:51,010 - src.process_pipeline - INFO - Processing Spain/Segunda Division/2019
2025-09-01 21:04:51,020 - src.process_pipeline - WARNING - Missing odds file: data\extracted\Spain\Segunda Division\2019\odds.csv
2025-09-01 21:04:51,029 - src.process_pipeline - INFO - Successfully merged 398 records with team statistics
2025-09-01 21:04:51,042 - src.process_pipeline - INFO - Saved merged data to data\processed\Spain\Segunda Division\2019\merged_2019.csv
2025-09-01 21:04:51,042 - src.process_pipeline - INFO - Successfully merged 398 records
2025-09-01 21:04:51,061 - src.process_pipeline - INFO - Processing Spain/Segunda Division/2020
2025-09-01 21:04:51,074 - src.process_pipeline - WARNING - Missing odds file: data\extracted\Spain\Segunda Division\2020\odds.csv
2025-09-01 21:04:51,082 - src.process_pipeline - INFO - Successfully merged 468 records with team statistics
2025-09-01 21:04:51,098 - src.process_pipeline - INFO - Saved merged data to data\processed\Spain\Segunda Division\2020\merged_2020.csv
2025-09-01 21:04:51,098 - src.process_pipeline - INFO - Successfully merged 468 records
2025-09-01 21:04:51,119 - src.process_pipeline - INFO - Processing Spain/Segunda Division/2021
2025-09-01 21:04:51,134 - src.process_pipeline - WARNING - Missing odds file: data\extracted\Spain\Segunda Division\2021\odds.csv
2025-09-01 21:04:51,142 - src.process_pipeline - INFO - Successfully merged 468 records with team statistics
2025-09-01 21:04:51,157 - src.process_pipeline - INFO - Saved merged data to data\processed\Spain\Segunda Division\2021\merged_2021.csv
2025-09-01 21:04:51,157 - src.process_pipeline - INFO - Successfully merged 468 records
2025-09-01 21:04:51,176 - src.process_pipeline - INFO - Processing Spain/Segunda Division/2022
2025-09-01 21:04:51,189 - src.process_pipeline - WARNING - Missing odds file: data\extracted\Spain\Segunda Division\2022\odds.csv
2025-09-01 21:04:51,198 - src.process_pipeline - INFO - Successfully merged 468 records with team statistics
2025-09-01 21:04:51,212 - src.process_pipeline - INFO - Saved merged data to data\processed\Spain\Segunda Division\2022\merged_2022.csv
2025-09-01 21:04:51,212 - src.process_pipeline - INFO - Successfully merged 468 records
2025-09-01 21:04:51,235 - src.process_pipeline - INFO - Processing Spain/Segunda Division/2023
2025-09-01 21:04:51,250 - src.process_pipeline - WARNING - Missing odds file: data\extracted\Spain\Segunda Division\2023\odds.csv
2025-09-01 21:04:51,259 - src.process_pipeline - INFO - Successfully merged 468 records with team statistics
2025-09-01 21:04:51,277 - src.process_pipeline - INFO - Saved merged data to data\processed\Spain\Segunda Division\2023\merged_2023.csv
2025-09-01 21:04:51,277 - src.process_pipeline - INFO - Successfully merged 468 records
2025-09-01 21:04:51,301 - src.process_pipeline - INFO - Processing Spain/Segunda Division/2024
2025-09-01 21:04:51,314 - src.process_pipeline - WARNING - Missing odds file: data\extracted\Spain\Segunda Division\2024\odds.csv
2025-09-01 21:04:51,323 - src.process_pipeline - INFO - Successfully merged 468 records with team statistics
2025-09-01 21:04:51,340 - src.process_pipeline - INFO - Saved merged data to data\processed\Spain\Segunda Division\2024\merged_2024.csv
2025-09-01 21:04:51,340 - src.process_pipeline - INFO - Successfully merged 468 records
2025-09-01 21:04:51,361 - src.process_pipeline - INFO - Processing Spain/Segunda Division/2025
2025-09-01 21:04:51,368 - src.process_pipeline - INFO - Odds data found for Spain/Segunda Division/2025
2025-09-01 21:04:51,392 - src.process_pipeline - INFO - Added odds data for 11 fixtures
2025-09-01 21:04:51,392 - src.process_pipeline - INFO - Successfully merged 11 records with team statistics
2025-09-01 21:04:51,394 - src.process_pipeline - INFO - Saved merged data to data\processed\Spain\Segunda Division\2025\merged_2025.csv
2025-09-01 21:04:51,394 - src.process_pipeline - INFO - Successfully merged 11 records
2025-09-01 21:04:51,415 - src.process_pipeline - INFO - Starting preprocessing and feature engineering
2025-09-01 21:04:51,415 - src.process_pipeline - INFO - Initial data shape: (37771, 74)
2025-09-01 21:04:51,415 - src.process_pipeline - INFO - Cleaning data
2025-09-01 21:04:54,806 - src.process_pipeline - INFO - Adding competition info from league names
2025-09-01 21:04:55,097 - src.process_pipeline - INFO - Competition Distribution:
2025-09-01 21:04:55,097 - src.process_pipeline - INFO -   Cup matches: 4343 (11.6%)
2025-09-01 21:04:55,098 - src.process_pipeline - INFO -   European matches: 8954 (23.9%)
2025-09-01 21:04:55,098 - src.process_pipeline - INFO -   League matches: 24200 (64.5%)
2025-09-01 21:04:55,106 - src.process_pipeline - INFO - Adding competition context
2025-09-01 21:04:57,190 - src.process_pipeline - INFO - Adding competition metrics
2025-09-01 21:04:58,379 - src.process_pipeline - INFO - Calculating proper standings for 37497 matches...
2025-09-01 21:04:59,068 - src.process_pipeline - INFO - Standings progress: 2.7% (1000/37497)
2025-09-01 21:04:59,746 - src.process_pipeline - INFO - Standings progress: 5.3% (2000/37497)
2025-09-01 21:05:00,467 - src.process_pipeline - INFO - Standings progress: 8.0% (3000/37497)
2025-09-01 21:05:01,096 - src.process_pipeline - INFO - Standings progress: 10.7% (4000/37497)
2025-09-01 21:05:01,730 - src.process_pipeline - INFO - Standings progress: 13.3% (5000/37497)
2025-09-01 21:05:02,335 - src.process_pipeline - INFO - Standings progress: 16.0% (6000/37497)
2025-09-01 21:05:02,959 - src.process_pipeline - INFO - Standings progress: 18.7% (7000/37497)
2025-09-01 21:05:03,589 - src.process_pipeline - INFO - Standings progress: 21.3% (8000/37497)
2025-09-01 21:05:04,205 - src.process_pipeline - INFO - Standings progress: 24.0% (9000/37497)
2025-09-01 21:05:04,838 - src.process_pipeline - INFO - Standings progress: 26.7% (10000/37497)
2025-09-01 21:05:05,501 - src.process_pipeline - INFO - Standings progress: 29.3% (11000/37497)
2025-09-01 21:05:06,211 - src.process_pipeline - INFO - Standings progress: 32.0% (12000/37497)
2025-09-01 21:05:06,918 - src.process_pipeline - INFO - Standings progress: 34.7% (13000/37497)
2025-09-01 21:05:07,640 - src.process_pipeline - INFO - Standings progress: 37.3% (14000/37497)
2025-09-01 21:05:08,342 - src.process_pipeline - INFO - Standings progress: 40.0% (15000/37497)
2025-09-01 21:05:09,040 - src.process_pipeline - INFO - Standings progress: 42.7% (16000/37497)
2025-09-01 21:05:09,806 - src.process_pipeline - INFO - Standings progress: 45.3% (17000/37497)
2025-09-01 21:05:10,764 - src.process_pipeline - INFO - Standings progress: 48.0% (18000/37497)
2025-09-01 21:05:11,587 - src.process_pipeline - INFO - Standings progress: 50.7% (19000/37497)
2025-09-01 21:05:12,335 - src.process_pipeline - INFO - Standings progress: 53.3% (20000/37497)
2025-09-01 21:05:13,144 - src.process_pipeline - INFO - Standings progress: 56.0% (21000/37497)
2025-09-01 21:05:13,941 - src.process_pipeline - INFO - Standings progress: 58.7% (22000/37497)
2025-09-01 21:05:14,814 - src.process_pipeline - INFO - Standings progress: 61.3% (23000/37497)
2025-09-01 21:05:15,636 - src.process_pipeline - INFO - Standings progress: 64.0% (24000/37497)
2025-09-01 21:05:16,491 - src.process_pipeline - INFO - Standings progress: 66.7% (25000/37497)
2025-09-01 21:05:17,333 - src.process_pipeline - INFO - Standings progress: 69.3% (26000/37497)
2025-09-01 21:05:18,236 - src.process_pipeline - INFO - Standings progress: 72.0% (27000/37497)
2025-09-01 21:05:19,055 - src.process_pipeline - INFO - Standings progress: 74.7% (28000/37497)
2025-09-01 21:05:19,937 - src.process_pipeline - INFO - Standings progress: 77.3% (29000/37497)
2025-09-01 21:05:20,819 - src.process_pipeline - INFO - Standings progress: 80.0% (30000/37497)
2025-09-01 21:05:21,769 - src.process_pipeline - INFO - Standings progress: 82.7% (31000/37497)
2025-09-01 21:05:22,664 - src.process_pipeline - INFO - Standings progress: 85.3% (32000/37497)
2025-09-01 21:05:23,686 - src.process_pipeline - INFO - Standings progress: 88.0% (33000/37497)
2025-09-01 21:05:24,616 - src.process_pipeline - INFO - Standings progress: 90.7% (34000/37497)
2025-09-01 21:05:25,523 - src.process_pipeline - INFO - Standings progress: 93.3% (35000/37497)
2025-09-01 21:05:26,449 - src.process_pipeline - INFO - Standings progress: 96.0% (36000/37497)
2025-09-01 21:05:27,703 - src.process_pipeline - INFO - Standings progress: 98.7% (37000/37497)
2025-09-01 21:05:28,348 - src.process_pipeline - INFO - Standings progress: 100.0% (37497/37497)
2025-09-01 21:05:30,467 - src.process_pipeline - INFO - Dropped 6 non rolled standings metrics
2025-09-01 21:06:00,908 - src.process_pipeline - INFO - Completed: Processing 37455 matches...
2025-09-01 21:06:37,681 - src.process_pipeline - INFO - H2H Progress: 10% (3745/37455) - 36.8s
2025-09-01 21:07:22,220 - src.process_pipeline - INFO - H2H Progress: 20% (7490/37455) - 81.3s
2025-09-01 21:08:06,392 - src.process_pipeline - INFO - H2H Progress: 30% (11235/37455) - 125.5s
2025-09-01 21:08:56,453 - src.process_pipeline - INFO - H2H Progress: 40% (14980/37455) - 175.5s
2025-09-01 21:09:43,266 - src.process_pipeline - INFO - H2H Progress: 50% (18725/37455) - 222.4s
2025-09-01 21:10:35,959 - src.process_pipeline - INFO - H2H Progress: 60% (22470/37455) - 275.1s
2025-09-01 21:11:29,807 - src.process_pipeline - INFO - H2H Progress: 70% (26215/37455) - 328.9s
2025-09-01 21:12:17,479 - src.process_pipeline - INFO - H2H Progress: 80% (29960/37455) - 376.6s
2025-09-01 21:13:11,196 - src.process_pipeline - INFO - H2H Progress: 90% (33705/37455) - 430.3s
2025-09-01 21:14:05,860 - src.process_pipeline - INFO - H2H Progress: 100% (37450/37455) - 485.0s
2025-09-01 21:14:05,935 - src.process_pipeline - INFO - H2H Progress: 100% (37455/37455) - 485.0s
2025-09-01 21:14:05,952 - src.process_pipeline - INFO - Upcoming: Processing 42 matches...
2025-09-01 21:14:06,063 - src.process_pipeline - INFO - H2H Progress: 10% (4/42) - 0.1s
2025-09-01 21:14:06,125 - src.process_pipeline - INFO - H2H Progress: 19% (8/42) - 0.2s
2025-09-01 21:14:06,189 - src.process_pipeline - INFO - H2H Progress: 29% (12/42) - 0.2s
2025-09-01 21:14:06,257 - src.process_pipeline - INFO - H2H Progress: 38% (16/42) - 0.3s
2025-09-01 21:14:06,299 - src.process_pipeline - INFO - H2H Progress: 48% (20/42) - 0.3s
2025-09-01 21:14:06,367 - src.process_pipeline - INFO - H2H Progress: 57% (24/42) - 0.4s
2025-09-01 21:14:06,431 - src.process_pipeline - INFO - H2H Progress: 67% (28/42) - 0.5s
2025-09-01 21:14:06,496 - src.process_pipeline - INFO - H2H Progress: 76% (32/42) - 0.5s
2025-09-01 21:14:06,573 - src.process_pipeline - INFO - H2H Progress: 86% (36/42) - 0.6s
2025-09-01 21:14:06,648 - src.process_pipeline - INFO - H2H Progress: 95% (40/42) - 0.7s
2025-09-01 21:14:06,685 - src.process_pipeline - INFO - H2H Progress: 100% (42/42) - 0.7s
2025-09-01 21:14:10,470 - src.process_pipeline - INFO - Dropped 36 original metrics
2025-09-01 21:14:10,568 - src.process_pipeline - INFO - Calculating rolling averages for 85 metrics with windows [5]
2025-09-01 21:15:10,834 - src.process_pipeline - INFO - Dropped 49 non rolled metrics
2025-09-01 21:15:10,834 - src.process_pipeline - INFO - Calculated rolling averages completed
2025-09-01 21:15:10,917 - src.process_pipeline - INFO - Final shape: (37497, 170)
2025-09-01 21:15:22,938 - src.process_pipeline - INFO - Saved H2H data with 10532 team pairs
2025-09-01 21:15:22,946 - src.process_pipeline - INFO - Saved standings data for 7622 teams
2025-09-01 21:15:22,946 - src.process_pipeline - INFO - Incremental processing complete. Total records: 37497
2025-09-01 21:15:22,946 - src.process_pipeline - INFO - New records processed: 37497
