2025-08-28 21:15:23,883 - src.process_pipeline - INFO - Logging initialized. Log file: logs/process\process_20250828_211523.log
2025-08-28 21:15:24,567 - src.process_pipeline - INFO - Loaded H2H data with 6292 team pairs
2025-08-28 21:15:24,581 - src.process_pipeline - INFO - Loaded standings data for 2401 teams
2025-08-28 21:15:24,744 - src.process_pipeline - INFO - Processing Europe/Champions League/2018
2025-08-28 21:15:24,761 - src.process_pipeline - INFO - Successfully merged 166 records with team statistics
2025-08-28 21:15:24,770 - src.process_pipeline - INFO - Saved merged data to data\processed\Europe\Champions League\2018\merged_2018.csv
2025-08-28 21:15:24,770 - src.process_pipeline - INFO - Successfully merged 166 records
2025-08-28 21:15:24,771 - src.process_pipeline - INFO - Processing Europe/Champions League/2019
2025-08-28 21:15:24,790 - src.process_pipeline - INFO - Successfully merged 140 records with team statistics
2025-08-28 21:15:24,800 - src.process_pipeline - INFO - Saved merged data to data\processed\Europe\Champions League\2019\merged_2019.csv
2025-08-28 21:15:24,800 - src.process_pipeline - INFO - Successfully merged 140 records
2025-08-28 21:15:24,802 - src.process_pipeline - INFO - Processing Europe/Champions League/2020
2025-08-28 21:15:24,817 - src.process_pipeline - INFO - Successfully merged 178 records with team statistics
2025-08-28 21:15:24,826 - src.process_pipeline - INFO - Saved merged data to data\processed\Europe\Champions League\2020\merged_2020.csv
2025-08-28 21:15:24,826 - src.process_pipeline - INFO - Successfully merged 178 records
2025-08-28 21:15:24,829 - src.process_pipeline - INFO - Processing Europe/Champions League/2021
2025-08-28 21:15:24,846 - src.process_pipeline - INFO - Successfully merged 157 records with team statistics
2025-08-28 21:15:24,859 - src.process_pipeline - INFO - Saved merged data to data\processed\Europe\Champions League\2021\merged_2021.csv
2025-08-28 21:15:24,859 - src.process_pipeline - INFO - Successfully merged 157 records
2025-08-28 21:15:24,862 - src.process_pipeline - INFO - Processing Europe/Champions League/2022
2025-08-28 21:15:24,881 - src.process_pipeline - INFO - Successfully merged 210 records with team statistics
2025-08-28 21:15:24,890 - src.process_pipeline - INFO - Saved merged data to data\processed\Europe\Champions League\2022\merged_2022.csv
2025-08-28 21:15:24,890 - src.process_pipeline - INFO - Successfully merged 210 records
2025-08-28 21:15:24,893 - src.process_pipeline - INFO - Processing Europe/Champions League/2023
2025-08-28 21:15:24,910 - src.process_pipeline - INFO - Successfully merged 211 records with team statistics
2025-08-28 21:15:24,920 - src.process_pipeline - INFO - Saved merged data to data\processed\Europe\Champions League\2023\merged_2023.csv
2025-08-28 21:15:24,920 - src.process_pipeline - INFO - Successfully merged 211 records
2025-08-28 21:15:24,923 - src.process_pipeline - INFO - Processing Europe/Champions League/2024
2025-08-28 21:15:24,940 - src.process_pipeline - INFO - Successfully merged 279 records with team statistics
2025-08-28 21:15:24,951 - src.process_pipeline - INFO - Saved merged data to data\processed\Europe\Champions League\2024\merged_2024.csv
2025-08-28 21:15:24,951 - src.process_pipeline - INFO - Successfully merged 279 records
2025-08-28 21:15:24,954 - src.process_pipeline - INFO - Processing Europe/Champions League/2025
2025-08-28 21:15:24,966 - src.process_pipeline - INFO - Successfully merged 30 records with team statistics
2025-08-28 21:15:24,970 - src.process_pipeline - INFO - Saved merged data to data\processed\Europe\Champions League\2025\merged_2025.csv
2025-08-28 21:15:24,970 - src.process_pipeline - INFO - Successfully merged 30 records
2025-08-28 21:15:24,973 - src.process_pipeline - INFO - Processing Europe/Conference League/2021
2025-08-28 21:15:24,991 - src.process_pipeline - INFO - Successfully merged 423 records with team statistics
2025-08-28 21:15:25,006 - src.process_pipeline - INFO - Saved merged data to data\processed\Europe\Conference League\2021\merged_2021.csv
2025-08-28 21:15:25,006 - src.process_pipeline - INFO - Successfully merged 423 records
2025-08-28 21:15:25,009 - src.process_pipeline - INFO - Processing Europe/Conference League/2022
2025-08-28 21:15:25,031 - src.process_pipeline - INFO - Successfully merged 414 records with team statistics
2025-08-28 21:15:25,047 - src.process_pipeline - INFO - Saved merged data to data\processed\Europe\Conference League\2022\merged_2022.csv
2025-08-28 21:15:25,047 - src.process_pipeline - INFO - Successfully merged 414 records
2025-08-28 21:15:25,051 - src.process_pipeline - INFO - Processing Europe/Conference League/2023
2025-08-28 21:15:25,071 - src.process_pipeline - INFO - Successfully merged 417 records with team statistics
2025-08-28 21:15:25,088 - src.process_pipeline - INFO - Saved merged data to data\processed\Europe\Conference League\2023\merged_2023.csv
2025-08-28 21:15:25,088 - src.process_pipeline - INFO - Successfully merged 417 records
2025-08-28 21:15:25,092 - src.process_pipeline - INFO - Processing Europe/Conference League/2024
2025-08-28 21:15:25,093 - src.process_pipeline - WARNING - Missing team stats file: data\extracted\Europe\Conference League\2024\team_statistics.csv
2025-08-28 21:15:25,093 - src.process_pipeline - INFO - Processing Europe/Conference League/2025
2025-08-28 21:15:25,108 - src.process_pipeline - INFO - Successfully merged 84 records with team statistics
2025-08-28 21:15:25,112 - src.process_pipeline - INFO - Saved merged data to data\processed\Europe\Conference League\2025\merged_2025.csv
2025-08-28 21:15:25,112 - src.process_pipeline - INFO - Successfully merged 84 records
2025-08-28 21:15:25,116 - src.process_pipeline - INFO - Processing Europe/Europa League/2018
2025-08-28 21:15:25,138 - src.process_pipeline - INFO - Successfully merged 364 records with team statistics
2025-08-28 21:15:25,153 - src.process_pipeline - INFO - Saved merged data to data\processed\Europe\Europa League\2018\merged_2018.csv
2025-08-28 21:15:25,153 - src.process_pipeline - INFO - Successfully merged 364 records
2025-08-28 21:15:25,157 - src.process_pipeline - INFO - Processing Europe/Europa League/2019
2025-08-28 21:15:25,177 - src.process_pipeline - INFO - Successfully merged 337 records with team statistics
2025-08-28 21:15:25,193 - src.process_pipeline - INFO - Saved merged data to data\processed\Europe\Europa League\2019\merged_2019.csv
2025-08-28 21:15:25,193 - src.process_pipeline - INFO - Successfully merged 337 records
2025-08-28 21:15:25,199 - src.process_pipeline - INFO - Processing Europe/Europa League/2020
2025-08-28 21:15:25,217 - src.process_pipeline - INFO - Successfully merged 362 records with team statistics
2025-08-28 21:15:25,233 - src.process_pipeline - INFO - Saved merged data to data\processed\Europe\Europa League\2020\merged_2020.csv
2025-08-28 21:15:25,234 - src.process_pipeline - INFO - Successfully merged 362 records
2025-08-28 21:15:25,240 - src.process_pipeline - INFO - Processing Europe/Europa League/2021
2025-08-28 21:15:25,257 - src.process_pipeline - INFO - Successfully merged 177 records with team statistics
2025-08-28 21:15:25,265 - src.process_pipeline - INFO - Saved merged data to data\processed\Europe\Europa League\2021\merged_2021.csv
2025-08-28 21:15:25,265 - src.process_pipeline - INFO - Successfully merged 177 records
2025-08-28 21:15:25,271 - src.process_pipeline - INFO - Processing Europe/Europa League/2022
2025-08-28 21:15:25,289 - src.process_pipeline - INFO - Successfully merged 175 records with team statistics
2025-08-28 21:15:25,296 - src.process_pipeline - INFO - Saved merged data to data\processed\Europe\Europa League\2022\merged_2022.csv
2025-08-28 21:15:25,297 - src.process_pipeline - INFO - Successfully merged 175 records
2025-08-28 21:15:25,301 - src.process_pipeline - INFO - Processing Europe/Europa League/2023
2025-08-28 21:15:25,321 - src.process_pipeline - INFO - Successfully merged 175 records with team statistics
2025-08-28 21:15:25,330 - src.process_pipeline - INFO - Saved merged data to data\processed\Europe\Europa League\2023\merged_2023.csv
2025-08-28 21:15:25,330 - src.process_pipeline - INFO - Successfully merged 175 records
2025-08-28 21:15:25,335 - src.process_pipeline - INFO - Processing Europe/Europa League/2024
2025-08-28 21:15:25,352 - src.process_pipeline - INFO - Successfully merged 269 records with team statistics
2025-08-28 21:15:25,364 - src.process_pipeline - INFO - Saved merged data to data\processed\Europe\Europa League\2024\merged_2024.csv
2025-08-28 21:15:25,364 - src.process_pipeline - INFO - Successfully merged 269 records
2025-08-28 21:15:25,369 - src.process_pipeline - INFO - Processing Europe/Europa League/2025
2025-08-28 21:15:25,382 - src.process_pipeline - INFO - Successfully merged 38 records with team statistics
2025-08-28 21:15:25,385 - src.process_pipeline - INFO - Saved merged data to data\processed\Europe\Europa League\2025\merged_2025.csv
2025-08-28 21:15:25,386 - src.process_pipeline - INFO - Successfully merged 38 records
2025-08-28 21:15:25,391 - src.process_pipeline - INFO - Processing Italy/Coppa Italia/2020
2025-08-28 21:15:25,404 - src.process_pipeline - INFO - Successfully merged 79 records with team statistics
2025-08-28 21:15:25,408 - src.process_pipeline - INFO - Saved merged data to data\processed\Italy\Coppa Italia\2020\merged_2020.csv
2025-08-28 21:15:25,408 - src.process_pipeline - INFO - Successfully merged 79 records
2025-08-28 21:15:25,412 - src.process_pipeline - INFO - Processing Italy/Coppa Italia/2021
2025-08-28 21:15:25,424 - src.process_pipeline - INFO - Successfully merged 45 records with team statistics
2025-08-28 21:15:25,428 - src.process_pipeline - INFO - Saved merged data to data\processed\Italy\Coppa Italia\2021\merged_2021.csv
2025-08-28 21:15:25,428 - src.process_pipeline - INFO - Successfully merged 45 records
2025-08-28 21:15:25,432 - src.process_pipeline - INFO - Processing Italy/Coppa Italia/2022
2025-08-28 21:15:25,445 - src.process_pipeline - INFO - Successfully merged 41 records with team statistics
2025-08-28 21:15:25,448 - src.process_pipeline - INFO - Saved merged data to data\processed\Italy\Coppa Italia\2022\merged_2022.csv
2025-08-28 21:15:25,448 - src.process_pipeline - INFO - Successfully merged 41 records
2025-08-28 21:15:25,452 - src.process_pipeline - INFO - Processing Italy/Coppa Italia/2023
2025-08-28 21:15:25,465 - src.process_pipeline - INFO - Successfully merged 45 records with team statistics
2025-08-28 21:15:25,468 - src.process_pipeline - INFO - Saved merged data to data\processed\Italy\Coppa Italia\2023\merged_2023.csv
2025-08-28 21:15:25,469 - src.process_pipeline - INFO - Successfully merged 45 records
2025-08-28 21:15:25,474 - src.process_pipeline - INFO - Processing Italy/Coppa Italia/2024
2025-08-28 21:15:25,490 - src.process_pipeline - INFO - Successfully merged 45 records with team statistics
2025-08-28 21:15:25,493 - src.process_pipeline - INFO - Saved merged data to data\processed\Italy\Coppa Italia\2024\merged_2024.csv
2025-08-28 21:15:25,493 - src.process_pipeline - INFO - Successfully merged 45 records
2025-08-28 21:15:25,498 - src.process_pipeline - INFO - Processing Italy/Serie A/2018
2025-08-28 21:15:25,525 - src.process_pipeline - INFO - Successfully merged 380 records with team statistics
2025-08-28 21:15:25,545 - src.process_pipeline - INFO - Saved merged data to data\processed\Italy\Serie A\2018\merged_2018.csv
2025-08-28 21:15:25,545 - src.process_pipeline - INFO - Successfully merged 380 records
2025-08-28 21:15:25,553 - src.process_pipeline - INFO - Processing Italy/Serie A/2019
2025-08-28 21:15:25,571 - src.process_pipeline - INFO - Successfully merged 256 records with team statistics
2025-08-28 21:15:25,580 - src.process_pipeline - INFO - Saved merged data to data\processed\Italy\Serie A\2019\merged_2019.csv
2025-08-28 21:15:25,580 - src.process_pipeline - INFO - Successfully merged 256 records
2025-08-28 21:15:25,587 - src.process_pipeline - INFO - Processing Italy/Serie A/2020
2025-08-28 21:15:25,607 - src.process_pipeline - INFO - Successfully merged 380 records with team statistics
2025-08-28 21:15:25,620 - src.process_pipeline - INFO - Saved merged data to data\processed\Italy\Serie A\2020\merged_2020.csv
2025-08-28 21:15:25,620 - src.process_pipeline - INFO - Successfully merged 380 records
2025-08-28 21:15:25,626 - src.process_pipeline - INFO - Processing Italy/Serie A/2021
2025-08-28 21:15:25,645 - src.process_pipeline - INFO - Successfully merged 380 records with team statistics
2025-08-28 21:15:25,658 - src.process_pipeline - INFO - Saved merged data to data\processed\Italy\Serie A\2021\merged_2021.csv
2025-08-28 21:15:25,658 - src.process_pipeline - INFO - Successfully merged 380 records
2025-08-28 21:15:25,665 - src.process_pipeline - INFO - Processing Italy/Serie A/2022
2025-08-28 21:15:25,682 - src.process_pipeline - INFO - Successfully merged 370 records with team statistics
2025-08-28 21:15:25,694 - src.process_pipeline - INFO - Saved merged data to data\processed\Italy\Serie A\2022\merged_2022.csv
2025-08-28 21:15:25,694 - src.process_pipeline - INFO - Successfully merged 370 records
2025-08-28 21:15:25,700 - src.process_pipeline - INFO - Processing Italy/Serie A/2023
2025-08-28 21:15:25,718 - src.process_pipeline - INFO - Successfully merged 379 records with team statistics
2025-08-28 21:15:25,731 - src.process_pipeline - INFO - Saved merged data to data\processed\Italy\Serie A\2023\merged_2023.csv
2025-08-28 21:15:25,731 - src.process_pipeline - INFO - Successfully merged 379 records
2025-08-28 21:15:25,740 - src.process_pipeline - INFO - Processing Italy/Serie A/2024
2025-08-28 21:15:25,762 - src.process_pipeline - INFO - Successfully merged 380 records with team statistics
2025-08-28 21:15:25,781 - src.process_pipeline - INFO - Saved merged data to data\processed\Italy\Serie A\2024\merged_2024.csv
2025-08-28 21:15:25,782 - src.process_pipeline - INFO - Successfully merged 380 records
2025-08-28 21:15:25,790 - src.process_pipeline - INFO - Processing Italy/Serie A/2025
2025-08-28 21:15:25,803 - src.process_pipeline - INFO - Successfully merged 10 records with team statistics
2025-08-28 21:15:25,806 - src.process_pipeline - INFO - Saved merged data to data\processed\Italy\Serie A\2025\merged_2025.csv
2025-08-28 21:15:25,806 - src.process_pipeline - INFO - Successfully merged 10 records
2025-08-28 21:15:25,814 - src.process_pipeline - INFO - Processing Italy/Serie B/2021
2025-08-28 21:15:25,839 - src.process_pipeline - INFO - Successfully merged 390 records with team statistics
2025-08-28 21:15:25,850 - src.process_pipeline - INFO - Saved merged data to data\processed\Italy\Serie B\2021\merged_2021.csv
2025-08-28 21:15:25,850 - src.process_pipeline - INFO - Successfully merged 390 records
2025-08-28 21:15:25,860 - src.process_pipeline - INFO - Processing Italy/Serie B/2022
2025-08-28 21:15:25,881 - src.process_pipeline - INFO - Successfully merged 385 records with team statistics
2025-08-28 21:15:25,897 - src.process_pipeline - INFO - Saved merged data to data\processed\Italy\Serie B\2022\merged_2022.csv
2025-08-28 21:15:25,897 - src.process_pipeline - INFO - Successfully merged 385 records
2025-08-28 21:15:25,905 - src.process_pipeline - INFO - Processing Italy/Serie B/2023
2025-08-28 21:15:25,924 - src.process_pipeline - INFO - Successfully merged 389 records with team statistics
2025-08-28 21:15:25,936 - src.process_pipeline - INFO - Saved merged data to data\processed\Italy\Serie B\2023\merged_2023.csv
2025-08-28 21:15:25,937 - src.process_pipeline - INFO - Successfully merged 389 records
2025-08-28 21:15:25,945 - src.process_pipeline - INFO - Processing Italy/Serie B/2024
2025-08-28 21:15:25,964 - src.process_pipeline - INFO - Successfully merged 387 records with team statistics
2025-08-28 21:15:25,976 - src.process_pipeline - INFO - Saved merged data to data\processed\Italy\Serie B\2024\merged_2024.csv
2025-08-28 21:15:25,977 - src.process_pipeline - INFO - Successfully merged 387 records
2025-08-28 21:15:25,985 - src.process_pipeline - INFO - Processing Italy/Serie B/2025
2025-08-28 21:15:25,986 - src.process_pipeline - WARNING - Missing fixtures file: data\extracted\Italy\Serie B\2025\fixture_events.csv
2025-08-28 21:15:25,986 - src.process_pipeline - INFO - Starting preprocessing and feature engineering
2025-08-28 21:15:25,986 - src.process_pipeline - INFO - Initial data shape: (8947, 71)
2025-08-28 21:15:25,986 - src.process_pipeline - INFO - Cleaning data
2025-08-28 21:15:26,659 - src.process_pipeline - INFO - Adding competition info from league names
2025-08-28 21:15:26,660 - src.process_pipeline - INFO - Adding competition context
2025-08-28 21:15:26,660 - src.process_pipeline - INFO - Adding competition metrics
2025-08-28 21:15:26,685 - src.process_pipeline - INFO - Calculating proper standings for 8936 matches...
2025-08-28 21:15:27,297 - src.process_pipeline - INFO - Standings progress: 11.2% (1000/8936)
2025-08-28 21:15:28,063 - src.process_pipeline - INFO - Standings progress: 22.4% (2000/8936)
2025-08-28 21:15:28,859 - src.process_pipeline - INFO - Standings progress: 33.6% (3000/8936)
2025-08-28 21:15:29,548 - src.process_pipeline - INFO - Standings progress: 44.8% (4000/8936)
2025-08-28 21:15:30,224 - src.process_pipeline - INFO - Standings progress: 56.0% (5000/8936)
2025-08-28 21:15:30,924 - src.process_pipeline - INFO - Standings progress: 67.1% (6000/8936)
2025-08-28 21:15:31,616 - src.process_pipeline - INFO - Standings progress: 78.3% (7000/8936)
2025-08-28 21:15:32,366 - src.process_pipeline - INFO - Standings progress: 89.5% (8000/8936)
2025-08-28 21:15:33,226 - src.process_pipeline - INFO - Standings progress: 100.0% (8936/8936)
2025-08-28 21:15:39,717 - src.process_pipeline - INFO - Sample pre-game metrics:
     fixture_id  home_team_id  home_points  home_played  home_form_strength  home_momentum
64        39169            33            3            1                50.0              0
80        39185            33            4            2               100.0              0
112       39217            33            7            4               100.0              0
138       65906            33           10            6               100.0              0
156      107695            33           13            8               100.0              0
46        39151            40            0            0                50.0              0
85        39190            40            3            2                 0.0              0
128       39233            40            6            5                50.0              0
141       65909            40            9            6               100.0              0
153      107692            40           13            8               100.0              0
2025-08-28 21:15:39,717 - src.process_pipeline - INFO - Home momentum range: -247 to 59
2025-08-28 21:15:39,717 - src.process_pipeline - INFO - Away momentum range: -131 to 171
2025-08-28 21:15:39,717 - src.process_pipeline - INFO - Final shape: (8936, 111)
2025-08-28 21:15:43,200 - src.process_pipeline - INFO - Saved H2H data with 6292 team pairs
2025-08-28 21:15:43,204 - src.process_pipeline - INFO - Saved standings data for 2401 teams
2025-08-28 21:15:43,204 - src.process_pipeline - INFO - Incremental processing complete. Total records: 8936
2025-08-28 21:15:43,204 - src.process_pipeline - INFO - New records processed: 8936
