2025-09-03 20:07:41,205 - src.process_pipeline - INFO - Logging initialized. Log file: logs/process\process_20250903_200741.log
2025-09-03 20:07:42,222 - src.process_pipeline - INFO - Loaded H2H data with 11835 team pairs
2025-09-03 20:07:42,244 - src.process_pipeline - INFO - Loaded standings data for 8176 teams
2025-09-03 20:07:43,467 - src.process_pipeline - INFO - Found 1 new fixtures in England/Championship/2018
2025-09-03 20:07:44,650 - src.process_pipeline - INFO - Processing England/Championship/2017
2025-09-03 20:07:44,663 - src.process_pipeline - WARNING - Missing odds file: data\extracted\England\Championship\2017\odds.csv
2025-09-03 20:07:44,671 - src.process_pipeline - INFO - No new fixtures in England/Championship/2017
2025-09-03 20:07:44,672 - src.process_pipeline - INFO - Processing England/Championship/2018
2025-09-03 20:07:44,686 - src.process_pipeline - WARNING - Missing odds file: data\extracted\England\Championship\2018\odds.csv
2025-09-03 20:07:44,697 - src.process_pipeline - ERROR - No home or away data found after splitting
2025-09-03 20:07:44,698 - src.process_pipeline - ERROR - Error processing England/Championship/2018: No home or away data found after splitting
2025-09-03 20:07:44,715 - src.process_pipeline - INFO - Processing England/Championship/2019
2025-09-03 20:07:44,727 - src.process_pipeline - WARNING - Missing odds file: data\extracted\England\Championship\2019\odds.csv
2025-09-03 20:07:44,734 - src.process_pipeline - INFO - No new fixtures in England/Championship/2019
2025-09-03 20:07:44,734 - src.process_pipeline - INFO - Processing England/Championship/2020
2025-09-03 20:07:44,747 - src.process_pipeline - WARNING - Missing odds file: data\extracted\England\Championship\2020\odds.csv
2025-09-03 20:07:44,754 - src.process_pipeline - INFO - No new fixtures in England/Championship/2020
2025-09-03 20:07:44,755 - src.process_pipeline - INFO - Processing England/Championship/2021
2025-09-03 20:07:44,769 - src.process_pipeline - WARNING - Missing odds file: data\extracted\England\Championship\2021\odds.csv
2025-09-03 20:07:44,776 - src.process_pipeline - INFO - No new fixtures in England/Championship/2021
2025-09-03 20:07:44,777 - src.process_pipeline - INFO - Processing England/Championship/2022
2025-09-03 20:07:44,789 - src.process_pipeline - WARNING - Missing odds file: data\extracted\England\Championship\2022\odds.csv
2025-09-03 20:07:44,797 - src.process_pipeline - INFO - No new fixtures in England/Championship/2022
2025-09-03 20:07:44,798 - src.process_pipeline - INFO - Processing England/Championship/2023
2025-09-03 20:07:44,811 - src.process_pipeline - WARNING - Missing odds file: data\extracted\England\Championship\2023\odds.csv
2025-09-03 20:07:44,818 - src.process_pipeline - INFO - No new fixtures in England/Championship/2023
2025-09-03 20:07:44,819 - src.process_pipeline - INFO - Processing England/Championship/2024
2025-09-03 20:07:44,832 - src.process_pipeline - WARNING - Missing odds file: data\extracted\England\Championship\2024\odds.csv
2025-09-03 20:07:44,839 - src.process_pipeline - INFO - No new fixtures in England/Championship/2024
2025-09-03 20:07:44,840 - src.process_pipeline - INFO - Processing England/Championship/2025
2025-09-03 20:07:44,847 - src.process_pipeline - INFO - Odds data found for England/Championship/2025
2025-09-03 20:07:44,854 - src.process_pipeline - INFO - No new fixtures in England/Championship/2025
2025-09-03 20:07:44,855 - src.process_pipeline - INFO - Processing England/EFL Trophy/2021
2025-09-03 20:07:44,863 - src.process_pipeline - WARNING - Missing odds file: data\extracted\England\EFL Trophy\2021\odds.csv
2025-09-03 20:07:44,871 - src.process_pipeline - INFO - No new fixtures in England/EFL Trophy/2021
2025-09-03 20:07:44,871 - src.process_pipeline - INFO - Processing England/EFL Trophy/2022
2025-09-03 20:07:44,878 - src.process_pipeline - WARNING - Missing odds file: data\extracted\England\EFL Trophy\2022\odds.csv
2025-09-03 20:07:44,886 - src.process_pipeline - INFO - No new fixtures in England/EFL Trophy/2022
2025-09-03 20:07:44,886 - src.process_pipeline - INFO - Processing England/EFL Trophy/2023
2025-09-03 20:07:44,894 - src.process_pipeline - WARNING - Missing odds file: data\extracted\England\EFL Trophy\2023\odds.csv
2025-09-03 20:07:44,901 - src.process_pipeline - INFO - No new fixtures in England/EFL Trophy/2023
2025-09-03 20:07:44,902 - src.process_pipeline - INFO - Processing England/EFL Trophy/2024
2025-09-03 20:07:44,910 - src.process_pipeline - WARNING - Missing odds file: data\extracted\England\EFL Trophy\2024\odds.csv
2025-09-03 20:07:44,918 - src.process_pipeline - INFO - No new fixtures in England/EFL Trophy/2024
2025-09-03 20:07:44,918 - src.process_pipeline - INFO - Processing England/EFL Trophy/2025
2025-09-03 20:07:44,919 - src.process_pipeline - WARNING - Missing team stats file: data\extracted\England\EFL Trophy\2025\team_statistics.csv
2025-09-03 20:07:44,919 - src.process_pipeline - INFO - Processing England/FA Cup/2018
2025-09-03 20:07:44,927 - src.process_pipeline - WARNING - Missing odds file: data\extracted\England\FA Cup\2018\odds.csv
2025-09-03 20:07:44,935 - src.process_pipeline - INFO - No new fixtures in England/FA Cup/2018
2025-09-03 20:07:44,936 - src.process_pipeline - INFO - Processing England/FA Cup/2019
2025-09-03 20:07:44,944 - src.process_pipeline - WARNING - Missing odds file: data\extracted\England\FA Cup\2019\odds.csv
2025-09-03 20:07:44,952 - src.process_pipeline - INFO - No new fixtures in England/FA Cup/2019
2025-09-03 20:07:44,953 - src.process_pipeline - INFO - Processing England/FA Cup/2020
2025-09-03 20:07:44,960 - src.process_pipeline - WARNING - Missing odds file: data\extracted\England\FA Cup\2020\odds.csv
2025-09-03 20:07:44,967 - src.process_pipeline - INFO - No new fixtures in England/FA Cup/2020
2025-09-03 20:07:44,968 - src.process_pipeline - INFO - Processing England/FA Cup/2021
2025-09-03 20:07:44,975 - src.process_pipeline - WARNING - Missing odds file: data\extracted\England\FA Cup\2021\odds.csv
2025-09-03 20:07:44,982 - src.process_pipeline - INFO - No new fixtures in England/FA Cup/2021
2025-09-03 20:07:44,983 - src.process_pipeline - INFO - Processing England/FA Cup/2022
2025-09-03 20:07:44,989 - src.process_pipeline - WARNING - Missing odds file: data\extracted\England\FA Cup\2022\odds.csv
2025-09-03 20:07:44,998 - src.process_pipeline - INFO - No new fixtures in England/FA Cup/2022
2025-09-03 20:07:44,999 - src.process_pipeline - INFO - Processing England/FA Cup/2023
2025-09-03 20:07:45,005 - src.process_pipeline - WARNING - Missing odds file: data\extracted\England\FA Cup\2023\odds.csv
2025-09-03 20:07:45,017 - src.process_pipeline - INFO - No new fixtures in England/FA Cup/2023
2025-09-03 20:07:45,018 - src.process_pipeline - INFO - Processing England/FA Cup/2024
2025-09-03 20:07:45,024 - src.process_pipeline - WARNING - Missing odds file: data\extracted\England\FA Cup\2024\odds.csv
2025-09-03 20:07:45,032 - src.process_pipeline - INFO - No new fixtures in England/FA Cup/2024
2025-09-03 20:07:45,032 - src.process_pipeline - INFO - Processing England/FA Cup/2025
2025-09-03 20:07:45,033 - src.process_pipeline - WARNING - Missing team stats file: data\extracted\England\FA Cup\2025\team_statistics.csv
2025-09-03 20:07:45,033 - src.process_pipeline - INFO - Processing England/FA Trophy/2023
2025-09-03 20:07:45,033 - src.process_pipeline - WARNING - Missing team stats file: data\extracted\England\FA Trophy\2023\team_statistics.csv
2025-09-03 20:07:45,034 - src.process_pipeline - INFO - Processing England/FA Trophy/2024
2025-09-03 20:07:45,034 - src.process_pipeline - WARNING - Missing fixtures file: data\extracted\England\FA Trophy\2024\fixture_events.csv
2025-09-03 20:07:45,034 - src.process_pipeline - INFO - Processing England/FA Trophy/2025
2025-09-03 20:07:45,034 - src.process_pipeline - WARNING - Missing team stats file: data\extracted\England\FA Trophy\2025\team_statistics.csv
2025-09-03 20:07:45,034 - src.process_pipeline - INFO - Processing England/League One/2025
2025-09-03 20:07:45,035 - src.process_pipeline - WARNING - Missing team stats file: data\extracted\England\League One\2025\team_statistics.csv
2025-09-03 20:07:45,035 - src.process_pipeline - INFO - Processing England/League Two/2025
2025-09-03 20:07:45,035 - src.process_pipeline - WARNING - Missing team stats file: data\extracted\England\League Two\2025\team_statistics.csv
2025-09-03 20:07:45,036 - src.process_pipeline - INFO - Processing England/Premier League/2018
2025-09-03 20:07:45,047 - src.process_pipeline - WARNING - Missing odds file: data\extracted\England\Premier League\2018\odds.csv
2025-09-03 20:07:45,054 - src.process_pipeline - INFO - No new fixtures in England/Premier League/2018
2025-09-03 20:07:45,054 - src.process_pipeline - INFO - Processing England/Premier League/2019
2025-09-03 20:07:45,064 - src.process_pipeline - WARNING - Missing odds file: data\extracted\England\Premier League\2019\odds.csv
2025-09-03 20:07:45,071 - src.process_pipeline - INFO - No new fixtures in England/Premier League/2019
2025-09-03 20:07:45,071 - src.process_pipeline - INFO - Processing England/Premier League/2020
2025-09-03 20:07:45,082 - src.process_pipeline - WARNING - Missing odds file: data\extracted\England\Premier League\2020\odds.csv
2025-09-03 20:07:45,089 - src.process_pipeline - INFO - No new fixtures in England/Premier League/2020
2025-09-03 20:07:45,090 - src.process_pipeline - INFO - Processing England/Premier League/2021
2025-09-03 20:07:45,101 - src.process_pipeline - WARNING - Missing odds file: data\extracted\England\Premier League\2021\odds.csv
2025-09-03 20:07:45,108 - src.process_pipeline - INFO - No new fixtures in England/Premier League/2021
2025-09-03 20:07:45,109 - src.process_pipeline - INFO - Processing England/Premier League/2022
2025-09-03 20:07:45,119 - src.process_pipeline - WARNING - Missing odds file: data\extracted\England\Premier League\2022\odds.csv
2025-09-03 20:07:45,127 - src.process_pipeline - INFO - No new fixtures in England/Premier League/2022
2025-09-03 20:07:45,128 - src.process_pipeline - INFO - Processing England/Premier League/2023
2025-09-03 20:07:45,138 - src.process_pipeline - WARNING - Missing odds file: data\extracted\England\Premier League\2023\odds.csv
2025-09-03 20:07:45,146 - src.process_pipeline - INFO - No new fixtures in England/Premier League/2023
2025-09-03 20:07:45,147 - src.process_pipeline - INFO - Processing England/Premier League/2024
2025-09-03 20:07:45,160 - src.process_pipeline - WARNING - Missing odds file: data\extracted\England\Premier League\2024\odds.csv
2025-09-03 20:07:45,171 - src.process_pipeline - INFO - No new fixtures in England/Premier League/2024
2025-09-03 20:07:45,172 - src.process_pipeline - INFO - Processing England/Premier League/2025
2025-09-03 20:07:45,184 - src.process_pipeline - INFO - Odds data found for England/Premier League/2025
2025-09-03 20:07:45,193 - src.process_pipeline - INFO - No new fixtures in England/Premier League/2025
2025-09-03 20:07:45,194 - src.process_pipeline - INFO - Processing Europe/Champions League/2018
2025-09-03 20:07:45,201 - src.process_pipeline - WARNING - Missing odds file: data\extracted\Europe\Champions League\2018\odds.csv
2025-09-03 20:07:45,211 - src.process_pipeline - INFO - No new fixtures in Europe/Champions League/2018
2025-09-03 20:07:45,212 - src.process_pipeline - INFO - Processing Europe/Champions League/2019
2025-09-03 20:07:45,223 - src.process_pipeline - WARNING - Missing odds file: data\extracted\Europe\Champions League\2019\odds.csv
2025-09-03 20:07:45,235 - src.process_pipeline - INFO - No new fixtures in Europe/Champions League/2019
2025-09-03 20:07:45,236 - src.process_pipeline - INFO - Processing Europe/Champions League/2020
2025-09-03 20:07:45,243 - src.process_pipeline - WARNING - Missing odds file: data\extracted\Europe\Champions League\2020\odds.csv
2025-09-03 20:07:45,254 - src.process_pipeline - ERROR - No home or away data found after splitting
2025-09-03 20:07:45,254 - src.process_pipeline - ERROR - Error processing Europe/Champions League/2020: No home or away data found after splitting
2025-09-03 20:07:45,255 - src.process_pipeline - INFO - Processing Europe/Champions League/2021
2025-09-03 20:07:45,262 - src.process_pipeline - WARNING - Missing odds file: data\extracted\Europe\Champions League\2021\odds.csv
2025-09-03 20:07:45,269 - src.process_pipeline - INFO - No new fixtures in Europe/Champions League/2021
2025-09-03 20:07:45,270 - src.process_pipeline - INFO - Processing Europe/Champions League/2022
2025-09-03 20:07:45,279 - src.process_pipeline - WARNING - Missing odds file: data\extracted\Europe\Champions League\2022\odds.csv
2025-09-03 20:07:45,287 - src.process_pipeline - INFO - No new fixtures in Europe/Champions League/2022
2025-09-03 20:07:45,288 - src.process_pipeline - INFO - Processing Europe/Champions League/2023
2025-09-03 20:07:45,296 - src.process_pipeline - WARNING - Missing odds file: data\extracted\Europe\Champions League\2023\odds.csv
2025-09-03 20:07:45,303 - src.process_pipeline - INFO - No new fixtures in Europe/Champions League/2023
2025-09-03 20:07:45,304 - src.process_pipeline - INFO - Processing Europe/Champions League/2024
2025-09-03 20:07:45,313 - src.process_pipeline - WARNING - Missing odds file: data\extracted\Europe\Champions League\2024\odds.csv
2025-09-03 20:07:45,320 - src.process_pipeline - INFO - No new fixtures in Europe/Champions League/2024
2025-09-03 20:07:45,321 - src.process_pipeline - INFO - Processing Europe/Champions League/2025
2025-09-03 20:07:45,328 - src.process_pipeline - INFO - Odds data found for Europe/Champions League/2025
2025-09-03 20:07:45,335 - src.process_pipeline - INFO - No new fixtures in Europe/Champions League/2025
2025-09-03 20:07:45,336 - src.process_pipeline - INFO - Processing Europe/Conference League/2021
2025-09-03 20:07:45,346 - src.process_pipeline - WARNING - Missing odds file: data\extracted\Europe\Conference League\2021\odds.csv
2025-09-03 20:07:45,357 - src.process_pipeline - ERROR - No home or away data found after splitting
2025-09-03 20:07:45,357 - src.process_pipeline - ERROR - Error processing Europe/Conference League/2021: No home or away data found after splitting
2025-09-03 20:07:45,358 - src.process_pipeline - INFO - Processing Europe/Conference League/2022
2025-09-03 20:07:45,368 - src.process_pipeline - WARNING - Missing odds file: data\extracted\Europe\Conference League\2022\odds.csv
2025-09-03 20:07:45,376 - src.process_pipeline - INFO - No new fixtures in Europe/Conference League/2022
2025-09-03 20:07:45,377 - src.process_pipeline - INFO - Processing Europe/Conference League/2023
2025-09-03 20:07:45,387 - src.process_pipeline - WARNING - Missing odds file: data\extracted\Europe\Conference League\2023\odds.csv
2025-09-03 20:07:45,398 - src.process_pipeline - INFO - No new fixtures in Europe/Conference League/2023
2025-09-03 20:07:45,399 - src.process_pipeline - INFO - Processing Europe/Conference League/2024
2025-09-03 20:07:45,399 - src.process_pipeline - WARNING - Missing team stats file: data\extracted\Europe\Conference League\2024\team_statistics.csv
2025-09-03 20:07:45,400 - src.process_pipeline - INFO - Processing Europe/Conference League/2025
2025-09-03 20:07:45,408 - src.process_pipeline - INFO - Odds data found for Europe/Conference League/2025
2025-09-03 20:07:45,416 - src.process_pipeline - INFO - No new fixtures in Europe/Conference League/2025
2025-09-03 20:07:45,416 - src.process_pipeline - INFO - Processing Europe/Europa League/2018
2025-09-03 20:07:45,428 - src.process_pipeline - WARNING - Missing odds file: data\extracted\Europe\Europa League\2018\odds.csv
2025-09-03 20:07:45,438 - src.process_pipeline - INFO - No new fixtures in Europe/Europa League/2018
2025-09-03 20:07:45,438 - src.process_pipeline - INFO - Processing Europe/Europa League/2019
2025-09-03 20:07:45,454 - src.process_pipeline - WARNING - Missing odds file: data\extracted\Europe\Europa League\2019\odds.csv
2025-09-03 20:07:45,463 - src.process_pipeline - INFO - No new fixtures in Europe/Europa League/2019
2025-09-03 20:07:45,464 - src.process_pipeline - INFO - Processing Europe/Europa League/2020
2025-09-03 20:07:45,475 - src.process_pipeline - WARNING - Missing odds file: data\extracted\Europe\Europa League\2020\odds.csv
2025-09-03 20:07:45,488 - src.process_pipeline - ERROR - No home or away data found after splitting
2025-09-03 20:07:45,488 - src.process_pipeline - ERROR - Error processing Europe/Europa League/2020: No home or away data found after splitting
2025-09-03 20:07:45,488 - src.process_pipeline - INFO - Processing Europe/Europa League/2021
2025-09-03 20:07:45,498 - src.process_pipeline - WARNING - Missing odds file: data\extracted\Europe\Europa League\2021\odds.csv
2025-09-03 20:07:45,511 - src.process_pipeline - ERROR - No home or away data found after splitting
2025-09-03 20:07:45,511 - src.process_pipeline - ERROR - Error processing Europe/Europa League/2021: No home or away data found after splitting
2025-09-03 20:07:45,512 - src.process_pipeline - INFO - Processing Europe/Europa League/2022
2025-09-03 20:07:45,519 - src.process_pipeline - WARNING - Missing odds file: data\extracted\Europe\Europa League\2022\odds.csv
2025-09-03 20:07:45,527 - src.process_pipeline - INFO - No new fixtures in Europe/Europa League/2022
2025-09-03 20:07:45,527 - src.process_pipeline - INFO - Processing Europe/Europa League/2023
2025-09-03 20:07:45,534 - src.process_pipeline - WARNING - Missing odds file: data\extracted\Europe\Europa League\2023\odds.csv
2025-09-03 20:07:45,543 - src.process_pipeline - INFO - No new fixtures in Europe/Europa League/2023
2025-09-03 20:07:45,544 - src.process_pipeline - INFO - Processing Europe/Europa League/2024
2025-09-03 20:07:45,554 - src.process_pipeline - WARNING - Missing odds file: data\extracted\Europe\Europa League\2024\odds.csv
2025-09-03 20:07:45,564 - src.process_pipeline - INFO - No new fixtures in Europe/Europa League/2024
2025-09-03 20:07:45,564 - src.process_pipeline - INFO - Processing Europe/Europa League/2025
2025-09-03 20:07:45,572 - src.process_pipeline - INFO - Odds data found for Europe/Europa League/2025
2025-09-03 20:07:45,580 - src.process_pipeline - INFO - No new fixtures in Europe/Europa League/2025
2025-09-03 20:07:45,581 - src.process_pipeline - INFO - Processing France/Coupe de France/2018
2025-09-03 20:07:45,588 - src.process_pipeline - WARNING - Missing odds file: data\extracted\France\Coupe de France\2018\odds.csv
2025-09-03 20:07:45,597 - src.process_pipeline - INFO - No new fixtures in France/Coupe de France/2018
2025-09-03 20:07:45,598 - src.process_pipeline - INFO - Processing France/Coupe de France/2019
2025-09-03 20:07:45,605 - src.process_pipeline - WARNING - Missing odds file: data\extracted\France\Coupe de France\2019\odds.csv
2025-09-03 20:07:45,614 - src.process_pipeline - INFO - No new fixtures in France/Coupe de France/2019
2025-09-03 20:07:45,615 - src.process_pipeline - INFO - Processing France/Coupe de France/2020
2025-09-03 20:07:45,622 - src.process_pipeline - WARNING - Missing odds file: data\extracted\France\Coupe de France\2020\odds.csv
2025-09-03 20:07:45,633 - src.process_pipeline - INFO - No new fixtures in France/Coupe de France/2020
2025-09-03 20:07:45,633 - src.process_pipeline - INFO - Processing France/Coupe de France/2021
2025-09-03 20:07:45,640 - src.process_pipeline - WARNING - Missing odds file: data\extracted\France\Coupe de France\2021\odds.csv
2025-09-03 20:07:45,657 - src.process_pipeline - INFO - Successfully merged 5 records with team statistics
2025-09-03 20:07:45,660 - src.process_pipeline - INFO - Saved merged data to data\processed\France\Coupe de France\2021\merged_2021.csv
2025-09-03 20:07:45,660 - src.process_pipeline - INFO - Successfully merged 5 records
2025-09-03 20:07:45,661 - src.process_pipeline - INFO - Processing France/Coupe de France/2022
2025-09-03 20:07:45,670 - src.process_pipeline - WARNING - Missing odds file: data\extracted\France\Coupe de France\2022\odds.csv
2025-09-03 20:07:45,685 - src.process_pipeline - INFO - No new fixtures in France/Coupe de France/2022
2025-09-03 20:07:45,686 - src.process_pipeline - INFO - Processing France/Coupe de France/2023
2025-09-03 20:07:45,695 - src.process_pipeline - WARNING - Missing odds file: data\extracted\France\Coupe de France\2023\odds.csv
2025-09-03 20:07:45,704 - src.process_pipeline - INFO - No new fixtures in France/Coupe de France/2023
2025-09-03 20:07:45,705 - src.process_pipeline - INFO - Processing France/Coupe de France/2024
2025-09-03 20:07:45,714 - src.process_pipeline - WARNING - Missing odds file: data\extracted\France\Coupe de France\2024\odds.csv
2025-09-03 20:07:45,728 - src.process_pipeline - ERROR - No home or away data found after splitting
2025-09-03 20:07:45,728 - src.process_pipeline - ERROR - Error processing France/Coupe de France/2024: No home or away data found after splitting
2025-09-03 20:07:45,728 - src.process_pipeline - INFO - Processing France/Coupe de France/2025
2025-09-03 20:07:45,729 - src.process_pipeline - WARNING - Missing fixtures file: data\extracted\France\Coupe de France\2025\fixture_events.csv
2025-09-03 20:07:45,729 - src.process_pipeline - INFO - Processing France/Ligue 1/2018
2025-09-03 20:07:45,739 - src.process_pipeline - WARNING - Missing odds file: data\extracted\France\Ligue 1\2018\odds.csv
2025-09-03 20:07:45,751 - src.process_pipeline - INFO - No new fixtures in France/Ligue 1/2018
2025-09-03 20:07:45,751 - src.process_pipeline - INFO - Processing France/Ligue 1/2019
2025-09-03 20:07:45,764 - src.process_pipeline - WARNING - Missing odds file: data\extracted\France\Ligue 1\2019\odds.csv
2025-09-03 20:07:45,778 - src.process_pipeline - ERROR - No home or away data found after splitting
2025-09-03 20:07:45,778 - src.process_pipeline - ERROR - Error processing France/Ligue 1/2019: No home or away data found after splitting
2025-09-03 20:07:45,779 - src.process_pipeline - INFO - Processing France/Ligue 1/2020
2025-09-03 20:07:45,788 - src.process_pipeline - WARNING - Missing odds file: data\extracted\France\Ligue 1\2020\odds.csv
2025-09-03 20:07:45,797 - src.process_pipeline - INFO - No new fixtures in France/Ligue 1/2020
2025-09-03 20:07:45,798 - src.process_pipeline - INFO - Processing France/Ligue 1/2021
2025-09-03 20:07:45,807 - src.process_pipeline - WARNING - Missing odds file: data\extracted\France\Ligue 1\2021\odds.csv
2025-09-03 20:07:45,815 - src.process_pipeline - INFO - No new fixtures in France/Ligue 1/2021
2025-09-03 20:07:45,816 - src.process_pipeline - INFO - Processing France/Ligue 1/2022
2025-09-03 20:07:45,825 - src.process_pipeline - WARNING - Missing odds file: data\extracted\France\Ligue 1\2022\odds.csv
2025-09-03 20:07:45,832 - src.process_pipeline - INFO - No new fixtures in France/Ligue 1/2022
2025-09-03 20:07:45,833 - src.process_pipeline - INFO - Processing France/Ligue 1/2023
2025-09-03 20:07:45,842 - src.process_pipeline - WARNING - Missing odds file: data\extracted\France\Ligue 1\2023\odds.csv
2025-09-03 20:07:45,849 - src.process_pipeline - INFO - No new fixtures in France/Ligue 1/2023
2025-09-03 20:07:45,850 - src.process_pipeline - INFO - Processing France/Ligue 1/2024
2025-09-03 20:07:45,859 - src.process_pipeline - WARNING - Missing odds file: data\extracted\France\Ligue 1\2024\odds.csv
2025-09-03 20:07:45,866 - src.process_pipeline - INFO - No new fixtures in France/Ligue 1/2024
2025-09-03 20:07:45,866 - src.process_pipeline - INFO - Processing France/Ligue 1/2025
2025-09-03 20:07:45,873 - src.process_pipeline - INFO - Odds data found for France/Ligue 1/2025
2025-09-03 20:07:45,881 - src.process_pipeline - INFO - No new fixtures in France/Ligue 1/2025
2025-09-03 20:07:45,881 - src.process_pipeline - INFO - Processing France/Ligue 2/2018
2025-09-03 20:07:45,890 - src.process_pipeline - WARNING - Missing odds file: data\extracted\France\Ligue 2\2018\odds.csv
2025-09-03 20:07:45,898 - src.process_pipeline - INFO - No new fixtures in France/Ligue 2/2018
2025-09-03 20:07:45,899 - src.process_pipeline - INFO - Processing France/Ligue 2/2019
2025-09-03 20:07:45,907 - src.process_pipeline - WARNING - Missing odds file: data\extracted\France\Ligue 2\2019\odds.csv
2025-09-03 20:07:45,918 - src.process_pipeline - ERROR - No home or away data found after splitting
2025-09-03 20:07:45,918 - src.process_pipeline - ERROR - Error processing France/Ligue 2/2019: No home or away data found after splitting
2025-09-03 20:07:45,919 - src.process_pipeline - INFO - Processing France/Ligue 2/2020
2025-09-03 20:07:45,929 - src.process_pipeline - WARNING - Missing odds file: data\extracted\France\Ligue 2\2020\odds.csv
2025-09-03 20:07:45,939 - src.process_pipeline - ERROR - No home or away data found after splitting
2025-09-03 20:07:45,939 - src.process_pipeline - ERROR - Error processing France/Ligue 2/2020: No home or away data found after splitting
2025-09-03 20:07:45,940 - src.process_pipeline - INFO - Processing France/Ligue 2/2021
2025-09-03 20:07:45,950 - src.process_pipeline - WARNING - Missing odds file: data\extracted\France\Ligue 2\2021\odds.csv
2025-09-03 20:07:45,964 - src.process_pipeline - INFO - Successfully merged 1 records with team statistics
2025-09-03 20:07:45,966 - src.process_pipeline - INFO - Saved merged data to data\processed\France\Ligue 2\2021\merged_2021.csv
2025-09-03 20:07:45,966 - src.process_pipeline - INFO - Successfully merged 1 records
2025-09-03 20:07:45,968 - src.process_pipeline - INFO - Processing France/Ligue 2/2022
2025-09-03 20:07:45,978 - src.process_pipeline - WARNING - Missing odds file: data\extracted\France\Ligue 2\2022\odds.csv
2025-09-03 20:07:45,985 - src.process_pipeline - INFO - No new fixtures in France/Ligue 2/2022
2025-09-03 20:07:45,986 - src.process_pipeline - INFO - Processing France/Ligue 2/2023
2025-09-03 20:07:45,996 - src.process_pipeline - WARNING - Missing odds file: data\extracted\France\Ligue 2\2023\odds.csv
2025-09-03 20:07:46,005 - src.process_pipeline - INFO - No new fixtures in France/Ligue 2/2023
2025-09-03 20:07:46,005 - src.process_pipeline - INFO - Processing France/Ligue 2/2024
2025-09-03 20:07:46,016 - src.process_pipeline - WARNING - Missing odds file: data\extracted\France\Ligue 2\2024\odds.csv
2025-09-03 20:07:46,024 - src.process_pipeline - INFO - No new fixtures in France/Ligue 2/2024
2025-09-03 20:07:46,025 - src.process_pipeline - INFO - Processing France/Ligue 2/2025
2025-09-03 20:07:46,032 - src.process_pipeline - INFO - Odds data found for France/Ligue 2/2025
2025-09-03 20:07:46,040 - src.process_pipeline - INFO - No new fixtures in France/Ligue 2/2025
2025-09-03 20:07:46,041 - src.process_pipeline - INFO - Processing France/National/2025
2025-09-03 20:07:46,041 - src.process_pipeline - WARNING - Missing team stats file: data\extracted\France\National\2025\team_statistics.csv
2025-09-03 20:07:46,042 - src.process_pipeline - INFO - Processing Germany/2. Bundesliga/2017
2025-09-03 20:07:46,042 - src.process_pipeline - WARNING - Missing fixtures file: data\extracted\Germany\2. Bundesliga\2017\fixture_events.csv
2025-09-03 20:07:46,042 - src.process_pipeline - INFO - Processing Germany/2. Bundesliga/2018
2025-09-03 20:07:46,051 - src.process_pipeline - WARNING - Missing odds file: data\extracted\Germany\2. Bundesliga\2018\odds.csv
2025-09-03 20:07:46,060 - src.process_pipeline - INFO - No new fixtures in Germany/2. Bundesliga/2018
2025-09-03 20:07:46,061 - src.process_pipeline - INFO - Processing Germany/2. Bundesliga/2019
2025-09-03 20:07:46,069 - src.process_pipeline - WARNING - Missing odds file: data\extracted\Germany\2. Bundesliga\2019\odds.csv
2025-09-03 20:07:46,078 - src.process_pipeline - INFO - No new fixtures in Germany/2. Bundesliga/2019
2025-09-03 20:07:46,078 - src.process_pipeline - INFO - Processing Germany/2. Bundesliga/2020
2025-09-03 20:07:46,087 - src.process_pipeline - WARNING - Missing odds file: data\extracted\Germany\2. Bundesliga\2020\odds.csv
2025-09-03 20:07:46,095 - src.process_pipeline - INFO - No new fixtures in Germany/2. Bundesliga/2020
2025-09-03 20:07:46,095 - src.process_pipeline - INFO - Processing Germany/2. Bundesliga/2021
2025-09-03 20:07:46,105 - src.process_pipeline - WARNING - Missing odds file: data\extracted\Germany\2. Bundesliga\2021\odds.csv
2025-09-03 20:07:46,113 - src.process_pipeline - INFO - No new fixtures in Germany/2. Bundesliga/2021
2025-09-03 20:07:46,114 - src.process_pipeline - INFO - Processing Germany/2. Bundesliga/2022
2025-09-03 20:07:46,122 - src.process_pipeline - WARNING - Missing odds file: data\extracted\Germany\2. Bundesliga\2022\odds.csv
2025-09-03 20:07:46,131 - src.process_pipeline - INFO - No new fixtures in Germany/2. Bundesliga/2022
2025-09-03 20:07:46,132 - src.process_pipeline - INFO - Processing Germany/2. Bundesliga/2023
2025-09-03 20:07:46,141 - src.process_pipeline - WARNING - Missing odds file: data\extracted\Germany\2. Bundesliga\2023\odds.csv
2025-09-03 20:07:46,148 - src.process_pipeline - INFO - No new fixtures in Germany/2. Bundesliga/2023
2025-09-03 20:07:46,149 - src.process_pipeline - INFO - Processing Germany/2. Bundesliga/2024
2025-09-03 20:07:46,158 - src.process_pipeline - WARNING - Missing odds file: data\extracted\Germany\2. Bundesliga\2024\odds.csv
2025-09-03 20:07:46,166 - src.process_pipeline - INFO - No new fixtures in Germany/2. Bundesliga/2024
2025-09-03 20:07:46,166 - src.process_pipeline - INFO - Processing Germany/2. Bundesliga/2025
2025-09-03 20:07:46,171 - src.process_pipeline - WARNING - Missing odds file: data\extracted\Germany\2. Bundesliga\2025\odds.csv
2025-09-03 20:07:46,178 - src.process_pipeline - INFO - No new fixtures in Germany/2. Bundesliga/2025
2025-09-03 20:07:46,179 - src.process_pipeline - INFO - Processing Germany/3. Liga/2025
2025-09-03 20:07:46,179 - src.process_pipeline - WARNING - Missing fixtures file: data\extracted\Germany\3. Liga\2025\fixture_events.csv
2025-09-03 20:07:46,180 - src.process_pipeline - INFO - Processing Germany/Bundesliga/2018
2025-09-03 20:07:46,188 - src.process_pipeline - WARNING - Missing odds file: data\extracted\Germany\Bundesliga\2018\odds.csv
2025-09-03 20:07:46,197 - src.process_pipeline - INFO - No new fixtures in Germany/Bundesliga/2018
2025-09-03 20:07:46,197 - src.process_pipeline - INFO - Processing Germany/Bundesliga/2019
2025-09-03 20:07:46,205 - src.process_pipeline - WARNING - Missing odds file: data\extracted\Germany\Bundesliga\2019\odds.csv
2025-09-03 20:07:46,215 - src.process_pipeline - INFO - No new fixtures in Germany/Bundesliga/2019
2025-09-03 20:07:46,215 - src.process_pipeline - INFO - Processing Germany/Bundesliga/2020
2025-09-03 20:07:46,225 - src.process_pipeline - WARNING - Missing odds file: data\extracted\Germany\Bundesliga\2020\odds.csv
2025-09-03 20:07:46,233 - src.process_pipeline - INFO - No new fixtures in Germany/Bundesliga/2020
2025-09-03 20:07:46,233 - src.process_pipeline - INFO - Processing Germany/Bundesliga/2021
2025-09-03 20:07:46,243 - src.process_pipeline - WARNING - Missing odds file: data\extracted\Germany\Bundesliga\2021\odds.csv
2025-09-03 20:07:46,251 - src.process_pipeline - INFO - No new fixtures in Germany/Bundesliga/2021
2025-09-03 20:07:46,251 - src.process_pipeline - INFO - Processing Germany/Bundesliga/2022
2025-09-03 20:07:46,262 - src.process_pipeline - WARNING - Missing odds file: data\extracted\Germany\Bundesliga\2022\odds.csv
2025-09-03 20:07:46,270 - src.process_pipeline - INFO - No new fixtures in Germany/Bundesliga/2022
2025-09-03 20:07:46,270 - src.process_pipeline - INFO - Processing Germany/Bundesliga/2023
2025-09-03 20:07:46,281 - src.process_pipeline - WARNING - Missing odds file: data\extracted\Germany\Bundesliga\2023\odds.csv
2025-09-03 20:07:46,288 - src.process_pipeline - INFO - No new fixtures in Germany/Bundesliga/2023
2025-09-03 20:07:46,288 - src.process_pipeline - INFO - Processing Germany/Bundesliga/2024
2025-09-03 20:07:46,299 - src.process_pipeline - WARNING - Missing odds file: data\extracted\Germany\Bundesliga\2024\odds.csv
2025-09-03 20:07:46,308 - src.process_pipeline - INFO - No new fixtures in Germany/Bundesliga/2024
2025-09-03 20:07:46,309 - src.process_pipeline - INFO - Processing Germany/Bundesliga/2025
2025-09-03 20:07:46,316 - src.process_pipeline - INFO - Odds data found for Germany/Bundesliga/2025
2025-09-03 20:07:46,324 - src.process_pipeline - INFO - No new fixtures in Germany/Bundesliga/2025
2025-09-03 20:07:46,325 - src.process_pipeline - INFO - Processing Germany/DFB Pokal/2018
2025-09-03 20:07:46,331 - src.process_pipeline - WARNING - Missing odds file: data\extracted\Germany\DFB Pokal\2018\odds.csv
2025-09-03 20:07:46,338 - src.process_pipeline - INFO - No new fixtures in Germany/DFB Pokal/2018
2025-09-03 20:07:46,338 - src.process_pipeline - INFO - Processing Germany/DFB Pokal/2019
2025-09-03 20:07:46,345 - src.process_pipeline - WARNING - Missing odds file: data\extracted\Germany\DFB Pokal\2019\odds.csv
2025-09-03 20:07:46,352 - src.process_pipeline - INFO - No new fixtures in Germany/DFB Pokal/2019
2025-09-03 20:07:46,353 - src.process_pipeline - INFO - Processing Germany/DFB Pokal/2020
2025-09-03 20:07:46,360 - src.process_pipeline - WARNING - Missing odds file: data\extracted\Germany\DFB Pokal\2020\odds.csv
2025-09-03 20:07:46,367 - src.process_pipeline - INFO - No new fixtures in Germany/DFB Pokal/2020
2025-09-03 20:07:46,368 - src.process_pipeline - INFO - Processing Germany/DFB Pokal/2021
2025-09-03 20:07:46,373 - src.process_pipeline - WARNING - Missing odds file: data\extracted\Germany\DFB Pokal\2021\odds.csv
2025-09-03 20:07:46,381 - src.process_pipeline - INFO - No new fixtures in Germany/DFB Pokal/2021
2025-09-03 20:07:46,382 - src.process_pipeline - INFO - Processing Germany/DFB Pokal/2022
2025-09-03 20:07:46,387 - src.process_pipeline - WARNING - Missing odds file: data\extracted\Germany\DFB Pokal\2022\odds.csv
2025-09-03 20:07:46,394 - src.process_pipeline - INFO - No new fixtures in Germany/DFB Pokal/2022
2025-09-03 20:07:46,395 - src.process_pipeline - INFO - Processing Germany/DFB Pokal/2023
2025-09-03 20:07:46,400 - src.process_pipeline - WARNING - Missing odds file: data\extracted\Germany\DFB Pokal\2023\odds.csv
2025-09-03 20:07:46,409 - src.process_pipeline - INFO - No new fixtures in Germany/DFB Pokal/2023
2025-09-03 20:07:46,409 - src.process_pipeline - INFO - Processing Germany/DFB Pokal/2024
2025-09-03 20:07:46,415 - src.process_pipeline - WARNING - Missing odds file: data\extracted\Germany\DFB Pokal\2024\odds.csv
2025-09-03 20:07:46,422 - src.process_pipeline - INFO - No new fixtures in Germany/DFB Pokal/2024
2025-09-03 20:07:46,423 - src.process_pipeline - INFO - Processing Germany/DFB Pokal/2025
2025-09-03 20:07:46,423 - src.process_pipeline - WARNING - Missing fixtures file: data\extracted\Germany\DFB Pokal\2025\fixture_events.csv
2025-09-03 20:07:46,424 - src.process_pipeline - INFO - Processing Greece/Super League/2021
2025-09-03 20:07:46,432 - src.process_pipeline - WARNING - Missing odds file: data\extracted\Greece\Super League\2021\odds.csv
2025-09-03 20:07:46,439 - src.process_pipeline - INFO - No new fixtures in Greece/Super League/2021
2025-09-03 20:07:46,440 - src.process_pipeline - INFO - Processing Greece/Super League/2022
2025-09-03 20:07:46,449 - src.process_pipeline - WARNING - Missing odds file: data\extracted\Greece\Super League\2022\odds.csv
2025-09-03 20:07:46,458 - src.process_pipeline - INFO - No new fixtures in Greece/Super League/2022
2025-09-03 20:07:46,458 - src.process_pipeline - INFO - Processing Greece/Super League/2023
2025-09-03 20:07:46,467 - src.process_pipeline - WARNING - Missing odds file: data\extracted\Greece\Super League\2023\odds.csv
2025-09-03 20:07:46,483 - src.process_pipeline - INFO - Successfully merged 1 records with team statistics
2025-09-03 20:07:46,485 - src.process_pipeline - INFO - Saved merged data to data\processed\Greece\Super League\2023\merged_2023.csv
2025-09-03 20:07:46,485 - src.process_pipeline - INFO - Successfully merged 1 records
2025-09-03 20:07:46,487 - src.process_pipeline - INFO - Processing Greece/Super League/2024
2025-09-03 20:07:46,496 - src.process_pipeline - WARNING - Missing odds file: data\extracted\Greece\Super League\2024\odds.csv
2025-09-03 20:07:46,503 - src.process_pipeline - INFO - No new fixtures in Greece/Super League/2024
2025-09-03 20:07:46,504 - src.process_pipeline - INFO - Processing Greece/Super League/2025
2025-09-03 20:07:46,504 - src.process_pipeline - WARNING - Missing team stats file: data\extracted\Greece\Super League\2025\team_statistics.csv
2025-09-03 20:07:46,505 - src.process_pipeline - INFO - Processing Italy/Coppa Italia/2018
2025-09-03 20:07:46,511 - src.process_pipeline - WARNING - Missing odds file: data\extracted\Italy\Coppa Italia\2018\odds.csv
2025-09-03 20:07:46,519 - src.process_pipeline - INFO - No new fixtures in Italy/Coppa Italia/2018
2025-09-03 20:07:46,520 - src.process_pipeline - INFO - Processing Italy/Coppa Italia/2019
2025-09-03 20:07:46,520 - src.process_pipeline - WARNING - Missing fixtures file: data\extracted\Italy\Coppa Italia\2019\fixture_events.csv
2025-09-03 20:07:46,520 - src.process_pipeline - INFO - Processing Italy/Coppa Italia/2020
2025-09-03 20:07:46,526 - src.process_pipeline - WARNING - Missing odds file: data\extracted\Italy\Coppa Italia\2020\odds.csv
2025-09-03 20:07:46,541 - src.process_pipeline - INFO - Successfully merged 4 records with team statistics
2025-09-03 20:07:46,543 - src.process_pipeline - INFO - Saved merged data to data\processed\Italy\Coppa Italia\2020\merged_2020.csv
2025-09-03 20:07:46,544 - src.process_pipeline - INFO - Successfully merged 4 records
2025-09-03 20:07:46,546 - src.process_pipeline - INFO - Processing Italy/Coppa Italia/2021
2025-09-03 20:07:46,551 - src.process_pipeline - WARNING - Missing odds file: data\extracted\Italy\Coppa Italia\2021\odds.csv
2025-09-03 20:07:46,560 - src.process_pipeline - INFO - No new fixtures in Italy/Coppa Italia/2021
2025-09-03 20:07:46,560 - src.process_pipeline - INFO - Processing Italy/Coppa Italia/2022
2025-09-03 20:07:46,566 - src.process_pipeline - WARNING - Missing odds file: data\extracted\Italy\Coppa Italia\2022\odds.csv
2025-09-03 20:07:46,573 - src.process_pipeline - INFO - No new fixtures in Italy/Coppa Italia/2022
2025-09-03 20:07:46,574 - src.process_pipeline - INFO - Processing Italy/Coppa Italia/2023
2025-09-03 20:07:46,581 - src.process_pipeline - WARNING - Missing odds file: data\extracted\Italy\Coppa Italia\2023\odds.csv
2025-09-03 20:07:46,589 - src.process_pipeline - INFO - No new fixtures in Italy/Coppa Italia/2023
2025-09-03 20:07:46,591 - src.process_pipeline - INFO - Processing Italy/Coppa Italia/2024
2025-09-03 20:07:46,598 - src.process_pipeline - WARNING - Missing odds file: data\extracted\Italy\Coppa Italia\2024\odds.csv
2025-09-03 20:07:46,606 - src.process_pipeline - INFO - No new fixtures in Italy/Coppa Italia/2024
2025-09-03 20:07:46,608 - src.process_pipeline - INFO - Processing Italy/Coppa Italia/2025
2025-09-03 20:07:46,608 - src.process_pipeline - WARNING - Missing fixtures file: data\extracted\Italy\Coppa Italia\2025\fixture_events.csv
2025-09-03 20:07:46,608 - src.process_pipeline - INFO - Processing Italy/Serie A/2016
2025-09-03 20:07:46,618 - src.process_pipeline - WARNING - Missing odds file: data\extracted\Italy\Serie A\2016\odds.csv
2025-09-03 20:07:46,633 - src.process_pipeline - INFO - Successfully merged 1 records with team statistics
2025-09-03 20:07:46,635 - src.process_pipeline - INFO - Saved merged data to data\processed\Italy\Serie A\2016\merged_2016.csv
2025-09-03 20:07:46,635 - src.process_pipeline - INFO - Successfully merged 1 records
2025-09-03 20:07:46,638 - src.process_pipeline - INFO - Processing Italy/Serie A/2017
2025-09-03 20:07:46,650 - src.process_pipeline - WARNING - Missing odds file: data\extracted\Italy\Serie A\2017\odds.csv
2025-09-03 20:07:46,663 - src.process_pipeline - INFO - No new fixtures in Italy/Serie A/2017
2025-09-03 20:07:46,664 - src.process_pipeline - INFO - Processing Italy/Serie A/2018
2025-09-03 20:07:46,677 - src.process_pipeline - WARNING - Missing odds file: data\extracted\Italy\Serie A\2018\odds.csv
2025-09-03 20:07:46,686 - src.process_pipeline - INFO - No new fixtures in Italy/Serie A/2018
2025-09-03 20:07:46,687 - src.process_pipeline - INFO - Processing Italy/Serie A/2019
2025-09-03 20:07:46,696 - src.process_pipeline - WARNING - Missing odds file: data\extracted\Italy\Serie A\2019\odds.csv
2025-09-03 20:07:46,705 - src.process_pipeline - INFO - No new fixtures in Italy/Serie A/2019
2025-09-03 20:07:46,706 - src.process_pipeline - INFO - Processing Italy/Serie A/2020
2025-09-03 20:07:46,717 - src.process_pipeline - WARNING - Missing odds file: data\extracted\Italy\Serie A\2020\odds.csv
2025-09-03 20:07:46,726 - src.process_pipeline - INFO - No new fixtures in Italy/Serie A/2020
2025-09-03 20:07:46,726 - src.process_pipeline - INFO - Processing Italy/Serie A/2021
2025-09-03 20:07:46,736 - src.process_pipeline - WARNING - Missing odds file: data\extracted\Italy\Serie A\2021\odds.csv
2025-09-03 20:07:46,744 - src.process_pipeline - INFO - No new fixtures in Italy/Serie A/2021
2025-09-03 20:07:46,745 - src.process_pipeline - INFO - Processing Italy/Serie A/2022
2025-09-03 20:07:46,755 - src.process_pipeline - WARNING - Missing odds file: data\extracted\Italy\Serie A\2022\odds.csv
2025-09-03 20:07:46,766 - src.process_pipeline - INFO - No new fixtures in Italy/Serie A/2022
2025-09-03 20:07:46,767 - src.process_pipeline - INFO - Processing Italy/Serie A/2023
2025-09-03 20:07:46,781 - src.process_pipeline - WARNING - Missing odds file: data\extracted\Italy\Serie A\2023\odds.csv
2025-09-03 20:07:46,793 - src.process_pipeline - INFO - No new fixtures in Italy/Serie A/2023
2025-09-03 20:07:46,794 - src.process_pipeline - INFO - Processing Italy/Serie A/2024
2025-09-03 20:07:46,805 - src.process_pipeline - WARNING - Missing odds file: data\extracted\Italy\Serie A\2024\odds.csv
2025-09-03 20:07:46,814 - src.process_pipeline - INFO - No new fixtures in Italy/Serie A/2024
2025-09-03 20:07:46,815 - src.process_pipeline - INFO - Processing Italy/Serie A/2025
2025-09-03 20:07:46,821 - src.process_pipeline - INFO - Odds data found for Italy/Serie A/2025
2025-09-03 20:07:46,830 - src.process_pipeline - INFO - No new fixtures in Italy/Serie A/2025
2025-09-03 20:07:46,831 - src.process_pipeline - INFO - Processing Italy/Serie B/2017
2025-09-03 20:07:46,841 - src.process_pipeline - WARNING - Missing odds file: data\extracted\Italy\Serie B\2017\odds.csv
2025-09-03 20:07:46,853 - src.process_pipeline - INFO - No new fixtures in Italy/Serie B/2017
2025-09-03 20:07:46,853 - src.process_pipeline - INFO - Processing Italy/Serie B/2018
2025-09-03 20:07:46,854 - src.process_pipeline - WARNING - Missing fixtures file: data\extracted\Italy\Serie B\2018\fixture_events.csv
2025-09-03 20:07:46,854 - src.process_pipeline - INFO - Processing Italy/Serie B/2019
2025-09-03 20:07:46,864 - src.process_pipeline - WARNING - Missing odds file: data\extracted\Italy\Serie B\2019\odds.csv
2025-09-03 20:07:46,872 - src.process_pipeline - INFO - No new fixtures in Italy/Serie B/2019
2025-09-03 20:07:46,873 - src.process_pipeline - INFO - Processing Italy/Serie B/2020
2025-09-03 20:07:46,883 - src.process_pipeline - WARNING - Missing odds file: data\extracted\Italy\Serie B\2020\odds.csv
2025-09-03 20:07:46,898 - src.process_pipeline - INFO - Successfully merged 2 records with team statistics
2025-09-03 20:07:46,900 - src.process_pipeline - INFO - Saved merged data to data\processed\Italy\Serie B\2020\merged_2020.csv
2025-09-03 20:07:46,900 - src.process_pipeline - INFO - Successfully merged 2 records
2025-09-03 20:07:46,903 - src.process_pipeline - INFO - Processing Italy/Serie B/2021
2025-09-03 20:07:46,913 - src.process_pipeline - WARNING - Missing odds file: data\extracted\Italy\Serie B\2021\odds.csv
2025-09-03 20:07:46,920 - src.process_pipeline - INFO - No new fixtures in Italy/Serie B/2021
2025-09-03 20:07:46,921 - src.process_pipeline - INFO - Processing Italy/Serie B/2022
2025-09-03 20:07:46,931 - src.process_pipeline - WARNING - Missing odds file: data\extracted\Italy\Serie B\2022\odds.csv
2025-09-03 20:07:46,938 - src.process_pipeline - INFO - No new fixtures in Italy/Serie B/2022
2025-09-03 20:07:46,938 - src.process_pipeline - INFO - Processing Italy/Serie B/2023
2025-09-03 20:07:46,948 - src.process_pipeline - WARNING - Missing odds file: data\extracted\Italy\Serie B\2023\odds.csv
2025-09-03 20:07:46,955 - src.process_pipeline - INFO - No new fixtures in Italy/Serie B/2023
2025-09-03 20:07:46,956 - src.process_pipeline - INFO - Processing Italy/Serie B/2024
2025-09-03 20:07:46,965 - src.process_pipeline - WARNING - Missing odds file: data\extracted\Italy\Serie B\2024\odds.csv
2025-09-03 20:07:46,973 - src.process_pipeline - INFO - No new fixtures in Italy/Serie B/2024
2025-09-03 20:07:46,974 - src.process_pipeline - INFO - Processing Italy/Serie B/2025
2025-09-03 20:07:46,974 - src.process_pipeline - WARNING - Missing fixtures file: data\extracted\Italy\Serie B\2025\fixture_events.csv
2025-09-03 20:07:46,975 - src.process_pipeline - INFO - Processing Italy/Serie C/2025
2025-09-03 20:07:46,975 - src.process_pipeline - WARNING - Missing team stats file: data\extracted\Italy\Serie C\2025\team_statistics.csv
2025-09-03 20:07:46,975 - src.process_pipeline - INFO - Processing Netherlands/Eerste Divisie/2020
2025-09-03 20:07:46,984 - src.process_pipeline - WARNING - Missing odds file: data\extracted\Netherlands\Eerste Divisie\2020\odds.csv
2025-09-03 20:07:46,992 - src.process_pipeline - INFO - No new fixtures in Netherlands/Eerste Divisie/2020
2025-09-03 20:07:46,992 - src.process_pipeline - INFO - Processing Netherlands/Eerste Divisie/2021
2025-09-03 20:07:47,001 - src.process_pipeline - WARNING - Missing odds file: data\extracted\Netherlands\Eerste Divisie\2021\odds.csv
2025-09-03 20:07:47,011 - src.process_pipeline - INFO - No new fixtures in Netherlands/Eerste Divisie/2021
2025-09-03 20:07:47,011 - src.process_pipeline - INFO - Processing Netherlands/Eerste Divisie/2022
2025-09-03 20:07:47,020 - src.process_pipeline - WARNING - Missing odds file: data\extracted\Netherlands\Eerste Divisie\2022\odds.csv
2025-09-03 20:07:47,028 - src.process_pipeline - INFO - No new fixtures in Netherlands/Eerste Divisie/2022
2025-09-03 20:07:47,029 - src.process_pipeline - INFO - Processing Netherlands/Eerste Divisie/2023
2025-09-03 20:07:47,038 - src.process_pipeline - WARNING - Missing odds file: data\extracted\Netherlands\Eerste Divisie\2023\odds.csv
2025-09-03 20:07:47,046 - src.process_pipeline - INFO - No new fixtures in Netherlands/Eerste Divisie/2023
2025-09-03 20:07:47,047 - src.process_pipeline - INFO - Processing Netherlands/Eerste Divisie/2024
2025-09-03 20:07:47,057 - src.process_pipeline - WARNING - Missing odds file: data\extracted\Netherlands\Eerste Divisie\2024\odds.csv
2025-09-03 20:07:47,065 - src.process_pipeline - INFO - No new fixtures in Netherlands/Eerste Divisie/2024
2025-09-03 20:07:47,066 - src.process_pipeline - INFO - Processing Netherlands/Eredivisie/2017
2025-09-03 20:07:47,076 - src.process_pipeline - WARNING - Missing odds file: data\extracted\Netherlands\Eredivisie\2017\odds.csv
2025-09-03 20:07:47,083 - src.process_pipeline - INFO - No new fixtures in Netherlands/Eredivisie/2017
2025-09-03 20:07:47,084 - src.process_pipeline - INFO - Processing Netherlands/Eredivisie/2018
2025-09-03 20:07:47,093 - src.process_pipeline - WARNING - Missing odds file: data\extracted\Netherlands\Eredivisie\2018\odds.csv
2025-09-03 20:07:47,101 - src.process_pipeline - INFO - No new fixtures in Netherlands/Eredivisie/2018
2025-09-03 20:07:47,101 - src.process_pipeline - INFO - Processing Netherlands/Eredivisie/2019
2025-09-03 20:07:47,112 - src.process_pipeline - WARNING - Missing odds file: data\extracted\Netherlands\Eredivisie\2019\odds.csv
2025-09-03 20:07:47,129 - src.process_pipeline - ERROR - No home or away data found after splitting
2025-09-03 20:07:47,129 - src.process_pipeline - ERROR - Error processing Netherlands/Eredivisie/2019: No home or away data found after splitting
2025-09-03 20:07:47,130 - src.process_pipeline - INFO - Processing Netherlands/Eredivisie/2020
2025-09-03 20:07:47,144 - src.process_pipeline - WARNING - Missing odds file: data\extracted\Netherlands\Eredivisie\2020\odds.csv
2025-09-03 20:07:47,152 - src.process_pipeline - INFO - No new fixtures in Netherlands/Eredivisie/2020
2025-09-03 20:07:47,152 - src.process_pipeline - INFO - Processing Netherlands/Eredivisie/2021
2025-09-03 20:07:47,168 - src.process_pipeline - WARNING - Missing odds file: data\extracted\Netherlands\Eredivisie\2021\odds.csv
2025-09-03 20:07:47,183 - src.process_pipeline - INFO - No new fixtures in Netherlands/Eredivisie/2021
2025-09-03 20:07:47,183 - src.process_pipeline - INFO - Processing Netherlands/Eredivisie/2022
2025-09-03 20:07:47,200 - src.process_pipeline - WARNING - Missing odds file: data\extracted\Netherlands\Eredivisie\2022\odds.csv
2025-09-03 20:07:47,210 - src.process_pipeline - INFO - No new fixtures in Netherlands/Eredivisie/2022
2025-09-03 20:07:47,210 - src.process_pipeline - INFO - Processing Netherlands/Eredivisie/2023
2025-09-03 20:07:47,219 - src.process_pipeline - WARNING - Missing odds file: data\extracted\Netherlands\Eredivisie\2023\odds.csv
2025-09-03 20:07:47,230 - src.process_pipeline - INFO - No new fixtures in Netherlands/Eredivisie/2023
2025-09-03 20:07:47,231 - src.process_pipeline - INFO - Processing Netherlands/Eredivisie/2024
2025-09-03 20:07:47,241 - src.process_pipeline - WARNING - Missing odds file: data\extracted\Netherlands\Eredivisie\2024\odds.csv
2025-09-03 20:07:47,248 - src.process_pipeline - INFO - No new fixtures in Netherlands/Eredivisie/2024
2025-09-03 20:07:47,249 - src.process_pipeline - INFO - Processing Netherlands/Eredivisie/2025
2025-09-03 20:07:47,255 - src.process_pipeline - INFO - Odds data found for Netherlands/Eredivisie/2025
2025-09-03 20:07:47,262 - src.process_pipeline - INFO - No new fixtures in Netherlands/Eredivisie/2025
2025-09-03 20:07:47,263 - src.process_pipeline - INFO - Processing Portugal/Primeira Liga/2019
2025-09-03 20:07:47,270 - src.process_pipeline - WARNING - Missing odds file: data\extracted\Portugal\Primeira Liga\2019\odds.csv
2025-09-03 20:07:47,278 - src.process_pipeline - INFO - No new fixtures in Portugal/Primeira Liga/2019
2025-09-03 20:07:47,279 - src.process_pipeline - INFO - Processing Portugal/Primeira Liga/2020
2025-09-03 20:07:47,279 - src.process_pipeline - WARNING - Missing team stats file: data\extracted\Portugal\Primeira Liga\2020\team_statistics.csv
2025-09-03 20:07:47,279 - src.process_pipeline - INFO - Processing Portugal/Primeira Liga/2021
2025-09-03 20:07:47,289 - src.process_pipeline - WARNING - Missing odds file: data\extracted\Portugal\Primeira Liga\2021\odds.csv
2025-09-03 20:07:47,300 - src.process_pipeline - INFO - No new fixtures in Portugal/Primeira Liga/2021
2025-09-03 20:07:47,301 - src.process_pipeline - INFO - Processing Portugal/Primeira Liga/2022
2025-09-03 20:07:47,312 - src.process_pipeline - WARNING - Missing odds file: data\extracted\Portugal\Primeira Liga\2022\odds.csv
2025-09-03 20:07:47,322 - src.process_pipeline - INFO - No new fixtures in Portugal/Primeira Liga/2022
2025-09-03 20:07:47,323 - src.process_pipeline - INFO - Processing Portugal/Primeira Liga/2023
2025-09-03 20:07:47,334 - src.process_pipeline - WARNING - Missing odds file: data\extracted\Portugal\Primeira Liga\2023\odds.csv
2025-09-03 20:07:47,347 - src.process_pipeline - INFO - No new fixtures in Portugal/Primeira Liga/2023
2025-09-03 20:07:47,348 - src.process_pipeline - INFO - Processing Portugal/Primeira Liga/2024
2025-09-03 20:07:47,364 - src.process_pipeline - WARNING - Missing odds file: data\extracted\Portugal\Primeira Liga\2024\odds.csv
2025-09-03 20:07:47,378 - src.process_pipeline - INFO - No new fixtures in Portugal/Primeira Liga/2024
2025-09-03 20:07:47,378 - src.process_pipeline - INFO - Processing Portugal/Primeira Liga/2025
2025-09-03 20:07:47,386 - src.process_pipeline - INFO - Odds data found for Portugal/Primeira Liga/2025
2025-09-03 20:07:47,396 - src.process_pipeline - INFO - No new fixtures in Portugal/Primeira Liga/2025
2025-09-03 20:07:47,397 - src.process_pipeline - INFO - Processing Portugal/Segunda Liga/2017
2025-09-03 20:07:47,397 - src.process_pipeline - WARNING - Missing team stats file: data\extracted\Portugal\Segunda Liga\2017\team_statistics.csv
2025-09-03 20:07:47,397 - src.process_pipeline - INFO - Processing Portugal/Segunda Liga/2019
2025-09-03 20:07:47,406 - src.process_pipeline - WARNING - Missing odds file: data\extracted\Portugal\Segunda Liga\2019\odds.csv
2025-09-03 20:07:47,418 - src.process_pipeline - ERROR - No home or away data found after splitting
2025-09-03 20:07:47,419 - src.process_pipeline - ERROR - Error processing Portugal/Segunda Liga/2019: No home or away data found after splitting
2025-09-03 20:07:47,419 - src.process_pipeline - INFO - Processing Portugal/Segunda Liga/2020
2025-09-03 20:07:47,433 - src.process_pipeline - WARNING - Missing odds file: data\extracted\Portugal\Segunda Liga\2020\odds.csv
2025-09-03 20:07:47,444 - src.process_pipeline - INFO - No new fixtures in Portugal/Segunda Liga/2020
2025-09-03 20:07:47,445 - src.process_pipeline - INFO - Processing Portugal/Segunda Liga/2021
2025-09-03 20:07:47,454 - src.process_pipeline - WARNING - Missing odds file: data\extracted\Portugal\Segunda Liga\2021\odds.csv
2025-09-03 20:07:47,466 - src.process_pipeline - INFO - No new fixtures in Portugal/Segunda Liga/2021
2025-09-03 20:07:47,466 - src.process_pipeline - INFO - Processing Portugal/Segunda Liga/2022
2025-09-03 20:07:47,479 - src.process_pipeline - WARNING - Missing odds file: data\extracted\Portugal\Segunda Liga\2022\odds.csv
2025-09-03 20:07:47,496 - src.process_pipeline - INFO - No new fixtures in Portugal/Segunda Liga/2022
2025-09-03 20:07:47,496 - src.process_pipeline - INFO - Processing Portugal/Segunda Liga/2023
2025-09-03 20:07:47,506 - src.process_pipeline - WARNING - Missing odds file: data\extracted\Portugal\Segunda Liga\2023\odds.csv
2025-09-03 20:07:47,517 - src.process_pipeline - INFO - No new fixtures in Portugal/Segunda Liga/2023
2025-09-03 20:07:47,517 - src.process_pipeline - INFO - Processing Portugal/Segunda Liga/2024
2025-09-03 20:07:47,527 - src.process_pipeline - WARNING - Missing odds file: data\extracted\Portugal\Segunda Liga\2024\odds.csv
2025-09-03 20:07:47,535 - src.process_pipeline - INFO - No new fixtures in Portugal/Segunda Liga/2024
2025-09-03 20:07:47,536 - src.process_pipeline - INFO - Processing Spain/Copa del Rey/2018
2025-09-03 20:07:47,543 - src.process_pipeline - WARNING - Missing odds file: data\extracted\Spain\Copa del Rey\2018\odds.csv
2025-09-03 20:07:47,552 - src.process_pipeline - INFO - No new fixtures in Spain/Copa del Rey/2018
2025-09-03 20:07:47,553 - src.process_pipeline - INFO - Processing Spain/Copa del Rey/2019
2025-09-03 20:07:47,561 - src.process_pipeline - WARNING - Missing odds file: data\extracted\Spain\Copa del Rey\2019\odds.csv
2025-09-03 20:07:47,573 - src.process_pipeline - ERROR - No home or away data found after splitting
2025-09-03 20:07:47,574 - src.process_pipeline - ERROR - Error processing Spain/Copa del Rey/2019: No home or away data found after splitting
2025-09-03 20:07:47,575 - src.process_pipeline - INFO - Processing Spain/Copa del Rey/2020
2025-09-03 20:07:47,582 - src.process_pipeline - WARNING - Missing odds file: data\extracted\Spain\Copa del Rey\2020\odds.csv
2025-09-03 20:07:47,596 - src.process_pipeline - ERROR - No home or away data found after splitting
2025-09-03 20:07:47,596 - src.process_pipeline - ERROR - Error processing Spain/Copa del Rey/2020: No home or away data found after splitting
2025-09-03 20:07:47,597 - src.process_pipeline - INFO - Processing Spain/Copa del Rey/2021
2025-09-03 20:07:47,603 - src.process_pipeline - WARNING - Missing odds file: data\extracted\Spain\Copa del Rey\2021\odds.csv
2025-09-03 20:07:47,617 - src.process_pipeline - ERROR - No home or away data found after splitting
2025-09-03 20:07:47,617 - src.process_pipeline - ERROR - Error processing Spain/Copa del Rey/2021: No home or away data found after splitting
2025-09-03 20:07:47,618 - src.process_pipeline - INFO - Processing Spain/Copa del Rey/2022
2025-09-03 20:07:47,625 - src.process_pipeline - WARNING - Missing odds file: data\extracted\Spain\Copa del Rey\2022\odds.csv
2025-09-03 20:07:47,633 - src.process_pipeline - INFO - No new fixtures in Spain/Copa del Rey/2022
2025-09-03 20:07:47,634 - src.process_pipeline - INFO - Processing Spain/Copa del Rey/2023
2025-09-03 20:07:47,640 - src.process_pipeline - WARNING - Missing odds file: data\extracted\Spain\Copa del Rey\2023\odds.csv
2025-09-03 20:07:47,650 - src.process_pipeline - INFO - No new fixtures in Spain/Copa del Rey/2023
2025-09-03 20:07:47,650 - src.process_pipeline - INFO - Processing Spain/Copa del Rey/2024
2025-09-03 20:07:47,657 - src.process_pipeline - WARNING - Missing odds file: data\extracted\Spain\Copa del Rey\2024\odds.csv
2025-09-03 20:07:47,670 - src.process_pipeline - ERROR - No home or away data found after splitting
2025-09-03 20:07:47,670 - src.process_pipeline - ERROR - Error processing Spain/Copa del Rey/2024: No home or away data found after splitting
2025-09-03 20:07:47,671 - src.process_pipeline - INFO - Processing Spain/Copa del Rey/2025
2025-09-03 20:07:47,671 - src.process_pipeline - WARNING - Missing fixtures file: data\extracted\Spain\Copa del Rey\2025\fixture_events.csv
2025-09-03 20:07:47,671 - src.process_pipeline - INFO - Processing Spain/La Liga/2018
2025-09-03 20:07:47,682 - src.process_pipeline - WARNING - Missing odds file: data\extracted\Spain\La Liga\2018\odds.csv
2025-09-03 20:07:47,691 - src.process_pipeline - INFO - No new fixtures in Spain/La Liga/2018
2025-09-03 20:07:47,691 - src.process_pipeline - INFO - Processing Spain/La Liga/2019
2025-09-03 20:07:47,700 - src.process_pipeline - WARNING - Missing odds file: data\extracted\Spain\La Liga\2019\odds.csv
2025-09-03 20:07:47,708 - src.process_pipeline - INFO - No new fixtures in Spain/La Liga/2019
2025-09-03 20:07:47,708 - src.process_pipeline - INFO - Processing Spain/La Liga/2020
2025-09-03 20:07:47,717 - src.process_pipeline - WARNING - Missing odds file: data\extracted\Spain\La Liga\2020\odds.csv
2025-09-03 20:07:47,725 - src.process_pipeline - INFO - No new fixtures in Spain/La Liga/2020
2025-09-03 20:07:47,726 - src.process_pipeline - INFO - Processing Spain/La Liga/2021
2025-09-03 20:07:47,734 - src.process_pipeline - WARNING - Missing odds file: data\extracted\Spain\La Liga\2021\odds.csv
2025-09-03 20:07:47,742 - src.process_pipeline - INFO - No new fixtures in Spain/La Liga/2021
2025-09-03 20:07:47,743 - src.process_pipeline - INFO - Processing Spain/La Liga/2022
2025-09-03 20:07:47,751 - src.process_pipeline - WARNING - Missing odds file: data\extracted\Spain\La Liga\2022\odds.csv
2025-09-03 20:07:47,761 - src.process_pipeline - INFO - No new fixtures in Spain/La Liga/2022
2025-09-03 20:07:47,762 - src.process_pipeline - INFO - Processing Spain/La Liga/2023
2025-09-03 20:07:47,774 - src.process_pipeline - WARNING - Missing odds file: data\extracted\Spain\La Liga\2023\odds.csv
2025-09-03 20:07:47,783 - src.process_pipeline - INFO - No new fixtures in Spain/La Liga/2023
2025-09-03 20:07:47,783 - src.process_pipeline - INFO - Processing Spain/La Liga/2024
2025-09-03 20:07:47,795 - src.process_pipeline - WARNING - Missing odds file: data\extracted\Spain\La Liga\2024\odds.csv
2025-09-03 20:07:47,804 - src.process_pipeline - INFO - No new fixtures in Spain/La Liga/2024
2025-09-03 20:07:47,805 - src.process_pipeline - INFO - Processing Spain/La Liga/2025
2025-09-03 20:07:47,816 - src.process_pipeline - INFO - Odds data found for Spain/La Liga/2025
2025-09-03 20:07:47,833 - src.process_pipeline - INFO - No new fixtures in Spain/La Liga/2025
2025-09-03 20:07:47,834 - src.process_pipeline - INFO - Processing Spain/Segunda Division/2017
2025-09-03 20:07:47,851 - src.process_pipeline - WARNING - Missing odds file: data\extracted\Spain\Segunda Division\2017\odds.csv
2025-09-03 20:07:47,862 - src.process_pipeline - INFO - No new fixtures in Spain/Segunda Division/2017
2025-09-03 20:07:47,863 - src.process_pipeline - INFO - Processing Spain/Segunda Division/2018
2025-09-03 20:07:47,879 - src.process_pipeline - WARNING - Missing odds file: data\extracted\Spain\Segunda Division\2018\odds.csv
2025-09-03 20:07:47,900 - src.process_pipeline - ERROR - No home or away data found after splitting
2025-09-03 20:07:47,900 - src.process_pipeline - ERROR - Error processing Spain/Segunda Division/2018: No home or away data found after splitting
2025-09-03 20:07:47,901 - src.process_pipeline - INFO - Processing Spain/Segunda Division/2019
2025-09-03 20:07:47,915 - src.process_pipeline - WARNING - Missing odds file: data\extracted\Spain\Segunda Division\2019\odds.csv
2025-09-03 20:07:47,925 - src.process_pipeline - INFO - No new fixtures in Spain/Segunda Division/2019
2025-09-03 20:07:47,926 - src.process_pipeline - INFO - Processing Spain/Segunda Division/2020
2025-09-03 20:07:47,943 - src.process_pipeline - WARNING - Missing odds file: data\extracted\Spain\Segunda Division\2020\odds.csv
2025-09-03 20:07:47,953 - src.process_pipeline - INFO - No new fixtures in Spain/Segunda Division/2020
2025-09-03 20:07:47,954 - src.process_pipeline - INFO - Processing Spain/Segunda Division/2021
2025-09-03 20:07:47,969 - src.process_pipeline - WARNING - Missing odds file: data\extracted\Spain\Segunda Division\2021\odds.csv
2025-09-03 20:07:47,979 - src.process_pipeline - INFO - No new fixtures in Spain/Segunda Division/2021
2025-09-03 20:07:47,979 - src.process_pipeline - INFO - Processing Spain/Segunda Division/2022
2025-09-03 20:07:47,993 - src.process_pipeline - WARNING - Missing odds file: data\extracted\Spain\Segunda Division\2022\odds.csv
2025-09-03 20:07:48,001 - src.process_pipeline - INFO - No new fixtures in Spain/Segunda Division/2022
2025-09-03 20:07:48,001 - src.process_pipeline - INFO - Processing Spain/Segunda Division/2023
2025-09-03 20:07:48,014 - src.process_pipeline - WARNING - Missing odds file: data\extracted\Spain\Segunda Division\2023\odds.csv
2025-09-03 20:07:48,021 - src.process_pipeline - INFO - No new fixtures in Spain/Segunda Division/2023
2025-09-03 20:07:48,022 - src.process_pipeline - INFO - Processing Spain/Segunda Division/2024
2025-09-03 20:07:48,035 - src.process_pipeline - WARNING - Missing odds file: data\extracted\Spain\Segunda Division\2024\odds.csv
2025-09-03 20:07:48,042 - src.process_pipeline - INFO - No new fixtures in Spain/Segunda Division/2024
2025-09-03 20:07:48,043 - src.process_pipeline - INFO - Processing Spain/Segunda Division/2025
2025-09-03 20:07:48,050 - src.process_pipeline - INFO - Odds data found for Spain/Segunda Division/2025
2025-09-03 20:07:48,057 - src.process_pipeline - INFO - No new fixtures in Spain/Segunda Division/2025
2025-09-03 20:07:48,058 - src.process_pipeline - INFO - Starting preprocessing and feature engineering
2025-09-03 20:07:48,058 - src.process_pipeline - INFO - Initial data shape: (14, 72)
2025-09-03 20:07:48,058 - src.process_pipeline - INFO - Cleaning data
2025-09-03 20:07:48,096 - src.process_pipeline - INFO - Adding competition info from league names
