2025-09-03 20:57:17,928 - src.process_pipeline - INFO - Logging initialized. Log file: logs/process\process_20250903_205717.log
2025-09-03 20:57:18,909 - src.process_pipeline - INFO - Loaded H2H data with 11835 team pairs
2025-09-03 20:57:18,921 - src.process_pipeline - INFO - Loaded standings data for 1964 teams
2025-09-03 20:57:19,124 - src.process_pipeline - INFO - Processing Europe/Champions League/2020
2025-09-03 20:57:19,131 - src.process_pipeline - WARNING - Missing odds file: data\extracted\Europe\Champions League\2020\odds.csv
2025-09-03 20:57:19,139 - src.process_pipeline - INFO - Successfully merged 178 records with team statistics
2025-09-03 20:57:19,149 - src.process_pipeline - INFO - Saved merged data to data\processed\Europe\Champions League\2020\merged_2020.csv
2025-09-03 20:57:19,150 - src.process_pipeline - INFO - Successfully merged 178 records
2025-09-03 20:57:19,151 - src.process_pipeline - INFO - Processing Europe/Champions League/2021
2025-09-03 20:57:19,159 - src.process_pipeline - WARNING - Missing odds file: data\extracted\Europe\Champions League\2021\odds.csv
2025-09-03 20:57:19,169 - src.process_pipeline - INFO - Successfully merged 157 records with team statistics
2025-09-03 20:57:19,177 - src.process_pipeline - INFO - Saved merged data to data\processed\Europe\Champions League\2021\merged_2021.csv
2025-09-03 20:57:19,178 - src.process_pipeline - INFO - Successfully merged 157 records
2025-09-03 20:57:19,180 - src.process_pipeline - INFO - Processing Europe/Champions League/2022
2025-09-03 20:57:19,188 - src.process_pipeline - WARNING - Missing odds file: data\extracted\Europe\Champions League\2022\odds.csv
2025-09-03 20:57:19,197 - src.process_pipeline - INFO - Successfully merged 210 records with team statistics
2025-09-03 20:57:19,206 - src.process_pipeline - INFO - Saved merged data to data\processed\Europe\Champions League\2022\merged_2022.csv
2025-09-03 20:57:19,207 - src.process_pipeline - INFO - Successfully merged 210 records
2025-09-03 20:57:19,210 - src.process_pipeline - INFO - Processing Europe/Champions League/2023
2025-09-03 20:57:19,218 - src.process_pipeline - WARNING - Missing odds file: data\extracted\Europe\Champions League\2023\odds.csv
2025-09-03 20:57:19,227 - src.process_pipeline - INFO - Successfully merged 211 records with team statistics
2025-09-03 20:57:19,235 - src.process_pipeline - INFO - Saved merged data to data\processed\Europe\Champions League\2023\merged_2023.csv
2025-09-03 20:57:19,235 - src.process_pipeline - INFO - Successfully merged 211 records
2025-09-03 20:57:19,239 - src.process_pipeline - INFO - Processing Europe/Champions League/2024
2025-09-03 20:57:19,249 - src.process_pipeline - WARNING - Missing odds file: data\extracted\Europe\Champions League\2024\odds.csv
2025-09-03 20:57:19,257 - src.process_pipeline - INFO - Successfully merged 279 records with team statistics
2025-09-03 20:57:19,269 - src.process_pipeline - INFO - Saved merged data to data\processed\Europe\Champions League\2024\merged_2024.csv
2025-09-03 20:57:19,269 - src.process_pipeline - INFO - Successfully merged 279 records
2025-09-03 20:57:19,272 - src.process_pipeline - INFO - Processing Europe/Champions League/2025
2025-09-03 20:57:19,280 - src.process_pipeline - INFO - Odds data found for Europe/Champions League/2025
2025-09-03 20:57:19,304 - src.process_pipeline - INFO - Added odds data for 7 fixtures
2025-09-03 20:57:19,304 - src.process_pipeline - INFO - Successfully merged 34 records with team statistics
2025-09-03 20:57:19,308 - src.process_pipeline - INFO - Saved merged data to data\processed\Europe\Champions League\2025\merged_2025.csv
2025-09-03 20:57:19,308 - src.process_pipeline - INFO - Successfully merged 34 records
2025-09-03 20:57:19,311 - src.process_pipeline - INFO - Processing Europe/Conference League/2021
2025-09-03 20:57:19,320 - src.process_pipeline - WARNING - Missing odds file: data\extracted\Europe\Conference League\2021\odds.csv
2025-09-03 20:57:19,328 - src.process_pipeline - INFO - Successfully merged 423 records with team statistics
2025-09-03 20:57:19,343 - src.process_pipeline - INFO - Saved merged data to data\processed\Europe\Conference League\2021\merged_2021.csv
2025-09-03 20:57:19,343 - src.process_pipeline - INFO - Successfully merged 423 records
2025-09-03 20:57:19,346 - src.process_pipeline - INFO - Processing Europe/Conference League/2022
2025-09-03 20:57:19,356 - src.process_pipeline - WARNING - Missing odds file: data\extracted\Europe\Conference League\2022\odds.csv
2025-09-03 20:57:19,365 - src.process_pipeline - INFO - Successfully merged 414 records with team statistics
2025-09-03 20:57:19,382 - src.process_pipeline - INFO - Saved merged data to data\processed\Europe\Conference League\2022\merged_2022.csv
2025-09-03 20:57:19,382 - src.process_pipeline - INFO - Successfully merged 414 records
2025-09-03 20:57:19,386 - src.process_pipeline - INFO - Processing Europe/Conference League/2023
2025-09-03 20:57:19,397 - src.process_pipeline - WARNING - Missing odds file: data\extracted\Europe\Conference League\2023\odds.csv
2025-09-03 20:57:19,406 - src.process_pipeline - INFO - Successfully merged 417 records with team statistics
2025-09-03 20:57:19,425 - src.process_pipeline - INFO - Saved merged data to data\processed\Europe\Conference League\2023\merged_2023.csv
2025-09-03 20:57:19,425 - src.process_pipeline - INFO - Successfully merged 417 records
2025-09-03 20:57:19,429 - src.process_pipeline - INFO - Processing Europe/Conference League/2024
2025-09-03 20:57:19,429 - src.process_pipeline - WARNING - Missing team stats file: data\extracted\Europe\Conference League\2024\team_statistics.csv
2025-09-03 20:57:19,430 - src.process_pipeline - INFO - Processing Europe/Conference League/2025
2025-09-03 20:57:19,437 - src.process_pipeline - INFO - Odds data found for Europe/Conference League/2025
2025-09-03 20:57:19,496 - src.process_pipeline - INFO - Added odds data for 24 fixtures
2025-09-03 20:57:19,496 - src.process_pipeline - INFO - Successfully merged 108 records with team statistics
2025-09-03 20:57:19,502 - src.process_pipeline - INFO - Saved merged data to data\processed\Europe\Conference League\2025\merged_2025.csv
2025-09-03 20:57:19,502 - src.process_pipeline - INFO - Successfully merged 108 records
2025-09-03 20:57:19,505 - src.process_pipeline - INFO - Processing Europe/Europa League/2020
2025-09-03 20:57:19,515 - src.process_pipeline - WARNING - Missing odds file: data\extracted\Europe\Europa League\2020\odds.csv
2025-09-03 20:57:19,523 - src.process_pipeline - INFO - Successfully merged 362 records with team statistics
2025-09-03 20:57:19,537 - src.process_pipeline - INFO - Saved merged data to data\processed\Europe\Europa League\2020\merged_2020.csv
2025-09-03 20:57:19,537 - src.process_pipeline - INFO - Successfully merged 362 records
2025-09-03 20:57:19,541 - src.process_pipeline - INFO - Processing Europe/Europa League/2021
2025-09-03 20:57:19,549 - src.process_pipeline - WARNING - Missing odds file: data\extracted\Europe\Europa League\2021\odds.csv
2025-09-03 20:57:19,556 - src.process_pipeline - INFO - Successfully merged 177 records with team statistics
2025-09-03 20:57:19,565 - src.process_pipeline - INFO - Saved merged data to data\processed\Europe\Europa League\2021\merged_2021.csv
2025-09-03 20:57:19,565 - src.process_pipeline - INFO - Successfully merged 177 records
2025-09-03 20:57:19,569 - src.process_pipeline - INFO - Processing Europe/Europa League/2022
2025-09-03 20:57:19,576 - src.process_pipeline - WARNING - Missing odds file: data\extracted\Europe\Europa League\2022\odds.csv
2025-09-03 20:57:19,584 - src.process_pipeline - INFO - Successfully merged 175 records with team statistics
2025-09-03 20:57:19,592 - src.process_pipeline - INFO - Saved merged data to data\processed\Europe\Europa League\2022\merged_2022.csv
2025-09-03 20:57:19,592 - src.process_pipeline - INFO - Successfully merged 175 records
2025-09-03 20:57:19,596 - src.process_pipeline - INFO - Processing Europe/Europa League/2023
2025-09-03 20:57:19,602 - src.process_pipeline - WARNING - Missing odds file: data\extracted\Europe\Europa League\2023\odds.csv
2025-09-03 20:57:19,610 - src.process_pipeline - INFO - Successfully merged 175 records with team statistics
2025-09-03 20:57:19,618 - src.process_pipeline - INFO - Saved merged data to data\processed\Europe\Europa League\2023\merged_2023.csv
2025-09-03 20:57:19,618 - src.process_pipeline - INFO - Successfully merged 175 records
2025-09-03 20:57:19,622 - src.process_pipeline - INFO - Processing Europe/Europa League/2024
2025-09-03 20:57:19,631 - src.process_pipeline - WARNING - Missing odds file: data\extracted\Europe\Europa League\2024\odds.csv
2025-09-03 20:57:19,639 - src.process_pipeline - INFO - Successfully merged 269 records with team statistics
2025-09-03 20:57:19,650 - src.process_pipeline - INFO - Saved merged data to data\processed\Europe\Europa League\2024\merged_2024.csv
2025-09-03 20:57:19,650 - src.process_pipeline - INFO - Successfully merged 269 records
2025-09-03 20:57:19,653 - src.process_pipeline - INFO - Processing Europe/Europa League/2025
2025-09-03 20:57:19,662 - src.process_pipeline - INFO - Odds data found for Europe/Europa League/2025
2025-09-03 20:57:19,695 - src.process_pipeline - INFO - Added odds data for 12 fixtures
2025-09-03 20:57:19,695 - src.process_pipeline - INFO - Successfully merged 50 records with team statistics
2025-09-03 20:57:19,698 - src.process_pipeline - INFO - Saved merged data to data\processed\Europe\Europa League\2025\merged_2025.csv
2025-09-03 20:57:19,698 - src.process_pipeline - INFO - Successfully merged 50 records
2025-09-03 20:57:19,702 - src.process_pipeline - INFO - Processing Italy/Coppa Italia/2020
2025-09-03 20:57:19,708 - src.process_pipeline - WARNING - Missing odds file: data\extracted\Italy\Coppa Italia\2020\odds.csv
2025-09-03 20:57:19,716 - src.process_pipeline - INFO - Successfully merged 79 records with team statistics
2025-09-03 20:57:19,720 - src.process_pipeline - INFO - Saved merged data to data\processed\Italy\Coppa Italia\2020\merged_2020.csv
2025-09-03 20:57:19,720 - src.process_pipeline - INFO - Successfully merged 79 records
2025-09-03 20:57:19,724 - src.process_pipeline - INFO - Processing Italy/Coppa Italia/2021
2025-09-03 20:57:19,730 - src.process_pipeline - WARNING - Missing odds file: data\extracted\Italy\Coppa Italia\2021\odds.csv
2025-09-03 20:57:19,738 - src.process_pipeline - INFO - Successfully merged 45 records with team statistics
2025-09-03 20:57:19,741 - src.process_pipeline - INFO - Saved merged data to data\processed\Italy\Coppa Italia\2021\merged_2021.csv
2025-09-03 20:57:19,742 - src.process_pipeline - INFO - Successfully merged 45 records
2025-09-03 20:57:19,746 - src.process_pipeline - INFO - Processing Italy/Coppa Italia/2022
2025-09-03 20:57:19,751 - src.process_pipeline - WARNING - Missing odds file: data\extracted\Italy\Coppa Italia\2022\odds.csv
2025-09-03 20:57:19,759 - src.process_pipeline - INFO - Successfully merged 41 records with team statistics
2025-09-03 20:57:19,762 - src.process_pipeline - INFO - Saved merged data to data\processed\Italy\Coppa Italia\2022\merged_2022.csv
2025-09-03 20:57:19,762 - src.process_pipeline - INFO - Successfully merged 41 records
2025-09-03 20:57:19,766 - src.process_pipeline - INFO - Processing Italy/Coppa Italia/2023
2025-09-03 20:57:19,771 - src.process_pipeline - WARNING - Missing odds file: data\extracted\Italy\Coppa Italia\2023\odds.csv
2025-09-03 20:57:19,779 - src.process_pipeline - INFO - Successfully merged 45 records with team statistics
2025-09-03 20:57:19,783 - src.process_pipeline - INFO - Saved merged data to data\processed\Italy\Coppa Italia\2023\merged_2023.csv
2025-09-03 20:57:19,783 - src.process_pipeline - INFO - Successfully merged 45 records
2025-09-03 20:57:19,787 - src.process_pipeline - INFO - Processing Italy/Coppa Italia/2024
2025-09-03 20:57:19,792 - src.process_pipeline - WARNING - Missing odds file: data\extracted\Italy\Coppa Italia\2024\odds.csv
2025-09-03 20:57:19,800 - src.process_pipeline - INFO - Successfully merged 45 records with team statistics
2025-09-03 20:57:19,803 - src.process_pipeline - INFO - Saved merged data to data\processed\Italy\Coppa Italia\2024\merged_2024.csv
2025-09-03 20:57:19,803 - src.process_pipeline - INFO - Successfully merged 45 records
2025-09-03 20:57:19,808 - src.process_pipeline - INFO - Processing Italy/Coppa Italia/2025
2025-09-03 20:57:19,808 - src.process_pipeline - WARNING - Missing fixtures file: data\extracted\Italy\Coppa Italia\2025\fixture_events.csv
2025-09-03 20:57:19,808 - src.process_pipeline - INFO - Processing Italy/Serie A/2020
2025-09-03 20:57:19,818 - src.process_pipeline - WARNING - Missing odds file: data\extracted\Italy\Serie A\2020\odds.csv
2025-09-03 20:57:19,826 - src.process_pipeline - INFO - Successfully merged 380 records with team statistics
2025-09-03 20:57:19,837 - src.process_pipeline - INFO - Saved merged data to data\processed\Italy\Serie A\2020\merged_2020.csv
2025-09-03 20:57:19,837 - src.process_pipeline - INFO - Successfully merged 380 records
2025-09-03 20:57:19,841 - src.process_pipeline - INFO - Processing Italy/Serie A/2021
2025-09-03 20:57:19,851 - src.process_pipeline - WARNING - Missing odds file: data\extracted\Italy\Serie A\2021\odds.csv
2025-09-03 20:57:19,858 - src.process_pipeline - INFO - Successfully merged 380 records with team statistics
2025-09-03 20:57:19,869 - src.process_pipeline - INFO - Saved merged data to data\processed\Italy\Serie A\2021\merged_2021.csv
2025-09-03 20:57:19,869 - src.process_pipeline - INFO - Successfully merged 380 records
2025-09-03 20:57:19,874 - src.process_pipeline - INFO - Processing Italy/Serie A/2022
2025-09-03 20:57:19,885 - src.process_pipeline - WARNING - Missing odds file: data\extracted\Italy\Serie A\2022\odds.csv
2025-09-03 20:57:19,895 - src.process_pipeline - INFO - Successfully merged 370 records with team statistics
2025-09-03 20:57:19,909 - src.process_pipeline - INFO - Saved merged data to data\processed\Italy\Serie A\2022\merged_2022.csv
2025-09-03 20:57:19,909 - src.process_pipeline - INFO - Successfully merged 370 records
2025-09-03 20:57:19,914 - src.process_pipeline - INFO - Processing Italy/Serie A/2023
2025-09-03 20:57:19,924 - src.process_pipeline - WARNING - Missing odds file: data\extracted\Italy\Serie A\2023\odds.csv
2025-09-03 20:57:19,932 - src.process_pipeline - INFO - Successfully merged 379 records with team statistics
2025-09-03 20:57:19,944 - src.process_pipeline - INFO - Saved merged data to data\processed\Italy\Serie A\2023\merged_2023.csv
2025-09-03 20:57:19,944 - src.process_pipeline - INFO - Successfully merged 379 records
2025-09-03 20:57:19,948 - src.process_pipeline - INFO - Processing Italy/Serie A/2024
2025-09-03 20:57:19,958 - src.process_pipeline - WARNING - Missing odds file: data\extracted\Italy\Serie A\2024\odds.csv
2025-09-03 20:57:19,966 - src.process_pipeline - INFO - Successfully merged 380 records with team statistics
2025-09-03 20:57:19,980 - src.process_pipeline - INFO - Saved merged data to data\processed\Italy\Serie A\2024\merged_2024.csv
2025-09-03 20:57:19,981 - src.process_pipeline - INFO - Successfully merged 380 records
2025-09-03 20:57:19,985 - src.process_pipeline - INFO - Processing Italy/Serie A/2025
2025-09-03 20:57:19,994 - src.process_pipeline - INFO - Odds data found for Italy/Serie A/2025
2025-09-03 20:57:20,036 - src.process_pipeline - INFO - Added odds data for 18 fixtures
2025-09-03 20:57:20,036 - src.process_pipeline - INFO - Successfully merged 18 records with team statistics
2025-09-03 20:57:20,039 - src.process_pipeline - INFO - Saved merged data to data\processed\Italy\Serie A\2025\merged_2025.csv
2025-09-03 20:57:20,039 - src.process_pipeline - INFO - Successfully merged 18 records
2025-09-03 20:57:20,045 - src.process_pipeline - INFO - Processing Italy/Serie B/2020
2025-09-03 20:57:20,056 - src.process_pipeline - WARNING - Missing odds file: data\extracted\Italy\Serie B\2020\odds.csv
2025-09-03 20:57:20,065 - src.process_pipeline - INFO - Successfully merged 388 records with team statistics
2025-09-03 20:57:20,081 - src.process_pipeline - INFO - Saved merged data to data\processed\Italy\Serie B\2020\merged_2020.csv
2025-09-03 20:57:20,081 - src.process_pipeline - INFO - Successfully merged 388 records
2025-09-03 20:57:20,086 - src.process_pipeline - INFO - Processing Italy/Serie B/2021
2025-09-03 20:57:20,097 - src.process_pipeline - WARNING - Missing odds file: data\extracted\Italy\Serie B\2021\odds.csv
2025-09-03 20:57:20,105 - src.process_pipeline - INFO - Successfully merged 390 records with team statistics
2025-09-03 20:57:20,118 - src.process_pipeline - INFO - Saved merged data to data\processed\Italy\Serie B\2021\merged_2021.csv
2025-09-03 20:57:20,118 - src.process_pipeline - INFO - Successfully merged 390 records
2025-09-03 20:57:20,123 - src.process_pipeline - INFO - Processing Italy/Serie B/2022
2025-09-03 20:57:20,132 - src.process_pipeline - WARNING - Missing odds file: data\extracted\Italy\Serie B\2022\odds.csv
2025-09-03 20:57:20,141 - src.process_pipeline - INFO - Successfully merged 385 records with team statistics
2025-09-03 20:57:20,152 - src.process_pipeline - INFO - Saved merged data to data\processed\Italy\Serie B\2022\merged_2022.csv
2025-09-03 20:57:20,153 - src.process_pipeline - INFO - Successfully merged 385 records
2025-09-03 20:57:20,158 - src.process_pipeline - INFO - Processing Italy/Serie B/2023
2025-09-03 20:57:20,167 - src.process_pipeline - WARNING - Missing odds file: data\extracted\Italy\Serie B\2023\odds.csv
2025-09-03 20:57:20,176 - src.process_pipeline - INFO - Successfully merged 389 records with team statistics
2025-09-03 20:57:20,191 - src.process_pipeline - INFO - Saved merged data to data\processed\Italy\Serie B\2023\merged_2023.csv
2025-09-03 20:57:20,191 - src.process_pipeline - INFO - Successfully merged 389 records
2025-09-03 20:57:20,197 - src.process_pipeline - INFO - Processing Italy/Serie B/2024
2025-09-03 20:57:20,206 - src.process_pipeline - WARNING - Missing odds file: data\extracted\Italy\Serie B\2024\odds.csv
2025-09-03 20:57:20,215 - src.process_pipeline - INFO - Successfully merged 387 records with team statistics
2025-09-03 20:57:20,228 - src.process_pipeline - INFO - Saved merged data to data\processed\Italy\Serie B\2024\merged_2024.csv
2025-09-03 20:57:20,228 - src.process_pipeline - INFO - Successfully merged 387 records
2025-09-03 20:57:20,234 - src.process_pipeline - INFO - Processing Italy/Serie B/2025
2025-09-03 20:57:20,234 - src.process_pipeline - WARNING - Missing fixtures file: data\extracted\Italy\Serie B\2025\fixture_events.csv
2025-09-03 20:57:20,234 - src.process_pipeline - INFO - Starting preprocessing and feature engineering
2025-09-03 20:57:20,234 - src.process_pipeline - INFO - Initial data shape: (7740, 72)
2025-09-03 20:57:20,234 - src.process_pipeline - INFO - Cleaning data
2025-09-03 20:57:20,951 - src.process_pipeline - INFO - Adding competition info from league names
2025-09-03 20:57:21,009 - src.process_pipeline - INFO - Competition Distribution:
2025-09-03 20:57:21,009 - src.process_pipeline - INFO -   Cup matches: 251 (3.2%)
2025-09-03 20:57:21,009 - src.process_pipeline - INFO -   European matches: 3632 (47.0%)
2025-09-03 20:57:21,009 - src.process_pipeline - INFO -   League matches: 3844 (49.7%)
2025-09-03 20:57:21,011 - src.process_pipeline - INFO - Adding competition context
2025-09-03 20:57:21,774 - src.process_pipeline - INFO - Adding competition metrics
2025-09-03 20:57:22,168 - src.process_pipeline - INFO - Calculating proper standings for 7727 matches...
2025-09-03 20:57:22,787 - src.process_pipeline - INFO - Standings progress: 12.9% (1000/7727)
2025-09-03 20:57:23,419 - src.process_pipeline - INFO - Standings progress: 25.9% (2000/7727)
2025-09-03 20:57:24,003 - src.process_pipeline - INFO - Standings progress: 38.8% (3000/7727)
2025-09-03 20:57:24,594 - src.process_pipeline - INFO - Standings progress: 51.8% (4000/7727)
2025-09-03 20:57:25,162 - src.process_pipeline - INFO - Standings progress: 64.7% (5000/7727)
2025-09-03 20:57:25,744 - src.process_pipeline - INFO - Standings progress: 77.6% (6000/7727)
2025-09-03 20:57:26,547 - src.process_pipeline - INFO - Standings progress: 90.6% (7000/7727)
2025-09-03 20:57:27,097 - src.process_pipeline - INFO - Standings progress: 100.0% (7727/7727)
2025-09-03 20:57:27,769 - src.process_pipeline - INFO - Dropped 6 non rolled standings metrics
2025-09-03 20:57:35,973 - src.process_pipeline - INFO - Completed: Processing 7719 matches...
2025-09-03 20:57:41,658 - src.process_pipeline - INFO - H2H Progress: 10% (771/7719) - 5.7s
2025-09-03 20:57:51,258 - src.process_pipeline - INFO - H2H Progress: 20% (1542/7719) - 15.3s
2025-09-03 20:57:59,742 - src.process_pipeline - INFO - H2H Progress: 30% (2313/7719) - 23.8s
