2025-09-01 16:35:20,752 - src.process_pipeline - INFO - Logging initialized. Log file: logs/process\process_20250901_163520.log
2025-09-01 16:35:21,536 - src.process_pipeline - INFO - Loaded H2H data with 6740 team pairs
2025-09-01 16:35:21,544 - src.process_pipeline - INFO - Loaded standings data for 4512 teams
2025-09-01 16:35:22,183 - src.process_pipeline - INFO - Processing England/Championship/2017
2025-09-01 16:35:22,219 - src.process_pipeline - INFO - Successfully merged 557 records with team statistics
2025-09-01 16:35:22,247 - src.process_pipeline - INFO - Saved merged data to data\processed\England\Championship\2017\merged_2017.csv
2025-09-01 16:35:22,247 - src.process_pipeline - INFO - Successfully merged 557 records
2025-09-01 16:35:22,249 - src.process_pipeline - INFO - Processing England/Championship/2018
2025-09-01 16:35:22,273 - src.process_pipeline - INFO - Successfully merged 557 records with team statistics
2025-09-01 16:35:22,296 - src.process_pipeline - INFO - Saved merged data to data\processed\England\Championship\2018\merged_2018.csv
2025-09-01 16:35:22,297 - src.process_pipeline - INFO - Successfully merged 557 records
2025-09-01 16:35:22,299 - src.process_pipeline - INFO - Processing England/Championship/2019
2025-09-01 16:35:22,319 - src.process_pipeline - INFO - Successfully merged 444 records with team statistics
2025-09-01 16:35:22,333 - src.process_pipeline - INFO - Saved merged data to data\processed\England\Championship\2019\merged_2019.csv
2025-09-01 16:35:22,333 - src.process_pipeline - INFO - Successfully merged 444 records
2025-09-01 16:35:22,336 - src.process_pipeline - INFO - Processing England/Championship/2020
2025-09-01 16:35:22,361 - src.process_pipeline - INFO - Successfully merged 557 records with team statistics
2025-09-01 16:35:22,379 - src.process_pipeline - INFO - Saved merged data to data\processed\England\Championship\2020\merged_2020.csv
2025-09-01 16:35:22,379 - src.process_pipeline - INFO - Successfully merged 557 records
2025-09-01 16:35:22,383 - src.process_pipeline - INFO - Processing England/Championship/2021
2025-09-01 16:35:22,417 - src.process_pipeline - INFO - Successfully merged 557 records with team statistics
2025-09-01 16:35:22,435 - src.process_pipeline - INFO - Saved merged data to data\processed\England\Championship\2021\merged_2021.csv
2025-09-01 16:35:22,436 - src.process_pipeline - INFO - Successfully merged 557 records
2025-09-01 16:35:22,439 - src.process_pipeline - INFO - Processing England/Championship/2022
2025-09-01 16:35:22,474 - src.process_pipeline - INFO - Successfully merged 546 records with team statistics
2025-09-01 16:35:22,497 - src.process_pipeline - INFO - Saved merged data to data\processed\England\Championship\2022\merged_2022.csv
2025-09-01 16:35:22,497 - src.process_pipeline - INFO - Successfully merged 546 records
2025-09-01 16:35:22,500 - src.process_pipeline - INFO - Processing England/Championship/2023
2025-09-01 16:35:22,529 - src.process_pipeline - INFO - Successfully merged 557 records with team statistics
2025-09-01 16:35:22,564 - src.process_pipeline - INFO - Saved merged data to data\processed\England\Championship\2023\merged_2023.csv
2025-09-01 16:35:22,564 - src.process_pipeline - INFO - Successfully merged 557 records
2025-09-01 16:35:22,569 - src.process_pipeline - INFO - Processing England/Championship/2024
2025-09-01 16:35:22,611 - src.process_pipeline - INFO - Successfully merged 557 records with team statistics
2025-09-01 16:35:22,636 - src.process_pipeline - INFO - Saved merged data to data\processed\England\Championship\2024\merged_2024.csv
2025-09-01 16:35:22,637 - src.process_pipeline - INFO - Successfully merged 557 records
2025-09-01 16:35:22,643 - src.process_pipeline - INFO - Processing England/Championship/2025
2025-09-01 16:35:22,668 - src.process_pipeline - INFO - Successfully merged 24 records with team statistics
2025-09-01 16:35:22,672 - src.process_pipeline - INFO - Saved merged data to data\processed\England\Championship\2025\merged_2025.csv
2025-09-01 16:35:22,672 - src.process_pipeline - INFO - Successfully merged 24 records
2025-09-01 16:35:22,677 - src.process_pipeline - INFO - Processing England/EFL Trophy/2021
2025-09-01 16:35:22,702 - src.process_pipeline - INFO - Successfully merged 127 records with team statistics
2025-09-01 16:35:22,711 - src.process_pipeline - INFO - Saved merged data to data\processed\England\EFL Trophy\2021\merged_2021.csv
2025-09-01 16:35:22,711 - src.process_pipeline - INFO - Successfully merged 127 records
2025-09-01 16:35:22,717 - src.process_pipeline - INFO - Processing England/EFL Trophy/2022
2025-09-01 16:35:22,740 - src.process_pipeline - INFO - Successfully merged 127 records with team statistics
2025-09-01 16:35:22,750 - src.process_pipeline - INFO - Saved merged data to data\processed\England\EFL Trophy\2022\merged_2022.csv
2025-09-01 16:35:22,750 - src.process_pipeline - INFO - Successfully merged 127 records
2025-09-01 16:35:22,754 - src.process_pipeline - INFO - Processing England/EFL Trophy/2023
2025-09-01 16:35:22,775 - src.process_pipeline - INFO - Successfully merged 127 records with team statistics
2025-09-01 16:35:22,782 - src.process_pipeline - INFO - Saved merged data to data\processed\England\EFL Trophy\2023\merged_2023.csv
2025-09-01 16:35:22,782 - src.process_pipeline - INFO - Successfully merged 127 records
2025-09-01 16:35:22,787 - src.process_pipeline - INFO - Processing England/EFL Trophy/2024
2025-09-01 16:35:22,812 - src.process_pipeline - INFO - Successfully merged 127 records with team statistics
2025-09-01 16:35:22,823 - src.process_pipeline - INFO - Saved merged data to data\processed\England\EFL Trophy\2024\merged_2024.csv
2025-09-01 16:35:22,823 - src.process_pipeline - INFO - Successfully merged 127 records
2025-09-01 16:35:22,829 - src.process_pipeline - INFO - Processing England/FA Cup/2018
2025-09-01 16:35:22,852 - src.process_pipeline - INFO - Successfully merged 150 records with team statistics
2025-09-01 16:35:22,862 - src.process_pipeline - INFO - Saved merged data to data\processed\England\FA Cup\2018\merged_2018.csv
2025-09-01 16:35:22,862 - src.process_pipeline - INFO - Successfully merged 150 records
2025-09-01 16:35:22,867 - src.process_pipeline - INFO - Processing England/FA Cup/2019
2025-09-01 16:35:22,893 - src.process_pipeline - INFO - Successfully merged 149 records with team statistics
2025-09-01 16:35:22,903 - src.process_pipeline - INFO - Saved merged data to data\processed\England\FA Cup\2019\merged_2019.csv
2025-09-01 16:35:22,904 - src.process_pipeline - INFO - Successfully merged 149 records
2025-09-01 16:35:22,910 - src.process_pipeline - INFO - Processing England/FA Cup/2020
2025-09-01 16:35:22,930 - src.process_pipeline - INFO - Successfully merged 124 records with team statistics
2025-09-01 16:35:22,939 - src.process_pipeline - INFO - Saved merged data to data\processed\England\FA Cup\2020\merged_2020.csv
2025-09-01 16:35:22,940 - src.process_pipeline - INFO - Successfully merged 124 records
2025-09-01 16:35:22,947 - src.process_pipeline - INFO - Processing England/FA Cup/2021
2025-09-01 16:35:22,973 - src.process_pipeline - INFO - Successfully merged 136 records with team statistics
2025-09-01 16:35:22,982 - src.process_pipeline - INFO - Saved merged data to data\processed\England\FA Cup\2021\merged_2021.csv
2025-09-01 16:35:22,983 - src.process_pipeline - INFO - Successfully merged 136 records
2025-09-01 16:35:22,988 - src.process_pipeline - INFO - Processing England/FA Cup/2022
2025-09-01 16:35:23,009 - src.process_pipeline - INFO - Successfully merged 143 records with team statistics
2025-09-01 16:35:23,017 - src.process_pipeline - INFO - Saved merged data to data\processed\England\FA Cup\2022\merged_2022.csv
2025-09-01 16:35:23,017 - src.process_pipeline - INFO - Successfully merged 143 records
2025-09-01 16:35:23,022 - src.process_pipeline - INFO - Processing England/FA Cup/2023
2025-09-01 16:35:23,045 - src.process_pipeline - INFO - Successfully merged 149 records with team statistics
2025-09-01 16:35:23,055 - src.process_pipeline - INFO - Saved merged data to data\processed\England\FA Cup\2023\merged_2023.csv
2025-09-01 16:35:23,056 - src.process_pipeline - INFO - Successfully merged 149 records
2025-09-01 16:35:23,063 - src.process_pipeline - INFO - Processing England/FA Cup/2024
2025-09-01 16:35:23,081 - src.process_pipeline - INFO - Successfully merged 123 records with team statistics
2025-09-01 16:35:23,088 - src.process_pipeline - INFO - Saved merged data to data\processed\England\FA Cup\2024\merged_2024.csv
2025-09-01 16:35:23,089 - src.process_pipeline - INFO - Successfully merged 123 records
2025-09-01 16:35:23,098 - src.process_pipeline - INFO - Processing England/FA Trophy/2023
2025-09-01 16:35:23,098 - src.process_pipeline - WARNING - Missing team stats file: data\extracted\England\FA Trophy\2023\team_statistics.csv
2025-09-01 16:35:23,099 - src.process_pipeline - INFO - Processing England/FA Trophy/2024
2025-09-01 16:35:23,099 - src.process_pipeline - WARNING - Missing fixtures file: data\extracted\England\FA Trophy\2024\fixture_events.csv
2025-09-01 16:35:23,100 - src.process_pipeline - INFO - Processing England/Premier League/2018
2025-09-01 16:35:23,119 - src.process_pipeline - INFO - Successfully merged 380 records with team statistics
2025-09-01 16:35:23,138 - src.process_pipeline - INFO - Saved merged data to data\processed\England\Premier League\2018\merged_2018.csv
2025-09-01 16:35:23,138 - src.process_pipeline - INFO - Successfully merged 380 records
2025-09-01 16:35:23,146 - src.process_pipeline - INFO - Processing England/Premier League/2019
2025-09-01 16:35:23,167 - src.process_pipeline - INFO - Successfully merged 288 records with team statistics
2025-09-01 16:35:23,180 - src.process_pipeline - INFO - Saved merged data to data\processed\England\Premier League\2019\merged_2019.csv
2025-09-01 16:35:23,181 - src.process_pipeline - INFO - Successfully merged 288 records
2025-09-01 16:35:23,186 - src.process_pipeline - INFO - Processing England/Premier League/2020
2025-09-01 16:35:23,212 - src.process_pipeline - INFO - Successfully merged 380 records with team statistics
2025-09-01 16:35:23,231 - src.process_pipeline - INFO - Saved merged data to data\processed\England\Premier League\2020\merged_2020.csv
2025-09-01 16:35:23,231 - src.process_pipeline - INFO - Successfully merged 380 records
2025-09-01 16:35:23,237 - src.process_pipeline - INFO - Processing England/Premier League/2021
2025-09-01 16:35:23,266 - src.process_pipeline - INFO - Successfully merged 380 records with team statistics
2025-09-01 16:35:23,281 - src.process_pipeline - INFO - Saved merged data to data\processed\England\Premier League\2021\merged_2021.csv
2025-09-01 16:35:23,281 - src.process_pipeline - INFO - Successfully merged 380 records
2025-09-01 16:35:23,286 - src.process_pipeline - INFO - Processing England/Premier League/2022
2025-09-01 16:35:23,314 - src.process_pipeline - INFO - Successfully merged 380 records with team statistics
2025-09-01 16:35:23,329 - src.process_pipeline - INFO - Saved merged data to data\processed\England\Premier League\2022\merged_2022.csv
2025-09-01 16:35:23,329 - src.process_pipeline - INFO - Successfully merged 380 records
2025-09-01 16:35:23,337 - src.process_pipeline - INFO - Processing England/Premier League/2023
2025-09-01 16:35:23,362 - src.process_pipeline - INFO - Successfully merged 380 records with team statistics
2025-09-01 16:35:23,376 - src.process_pipeline - INFO - Saved merged data to data\processed\England\Premier League\2023\merged_2023.csv
2025-09-01 16:35:23,376 - src.process_pipeline - INFO - Successfully merged 380 records
2025-09-01 16:35:23,383 - src.process_pipeline - INFO - Processing England/Premier League/2024
2025-09-01 16:35:23,404 - src.process_pipeline - INFO - Successfully merged 380 records with team statistics
2025-09-01 16:35:23,418 - src.process_pipeline - INFO - Saved merged data to data\processed\England\Premier League\2024\merged_2024.csv
2025-09-01 16:35:23,418 - src.process_pipeline - INFO - Successfully merged 380 records
2025-09-01 16:35:23,427 - src.process_pipeline - INFO - Processing England/Premier League/2025
2025-09-01 16:35:23,446 - src.process_pipeline - INFO - Successfully merged 30 records with team statistics
2025-09-01 16:35:23,450 - src.process_pipeline - INFO - Saved merged data to data\processed\England\Premier League\2025\merged_2025.csv
2025-09-01 16:35:23,450 - src.process_pipeline - INFO - Successfully merged 30 records
2025-09-01 16:35:23,460 - src.process_pipeline - INFO - Processing Europe/Champions League/2018
2025-09-01 16:35:23,478 - src.process_pipeline - INFO - Successfully merged 166 records with team statistics
2025-09-01 16:35:23,486 - src.process_pipeline - INFO - Saved merged data to data\processed\Europe\Champions League\2018\merged_2018.csv
2025-09-01 16:35:23,486 - src.process_pipeline - INFO - Successfully merged 166 records
2025-09-01 16:35:23,494 - src.process_pipeline - INFO - Processing Europe/Champions League/2019
2025-09-01 16:35:23,510 - src.process_pipeline - INFO - Successfully merged 140 records with team statistics
2025-09-01 16:35:23,517 - src.process_pipeline - INFO - Saved merged data to data\processed\Europe\Champions League\2019\merged_2019.csv
2025-09-01 16:35:23,518 - src.process_pipeline - INFO - Successfully merged 140 records
2025-09-01 16:35:23,525 - src.process_pipeline - INFO - Processing Europe/Champions League/2020
2025-09-01 16:35:23,545 - src.process_pipeline - INFO - Successfully merged 178 records with team statistics
2025-09-01 16:35:23,553 - src.process_pipeline - INFO - Saved merged data to data\processed\Europe\Champions League\2020\merged_2020.csv
2025-09-01 16:35:23,553 - src.process_pipeline - INFO - Successfully merged 178 records
2025-09-01 16:35:23,566 - src.process_pipeline - INFO - Processing Europe/Champions League/2021
2025-09-01 16:35:23,586 - src.process_pipeline - INFO - Successfully merged 157 records with team statistics
2025-09-01 16:35:23,598 - src.process_pipeline - INFO - Saved merged data to data\processed\Europe\Champions League\2021\merged_2021.csv
2025-09-01 16:35:23,598 - src.process_pipeline - INFO - Successfully merged 157 records
2025-09-01 16:35:23,609 - src.process_pipeline - INFO - Processing Europe/Champions League/2022
2025-09-01 16:35:23,633 - src.process_pipeline - INFO - Successfully merged 210 records with team statistics
2025-09-01 16:35:23,646 - src.process_pipeline - INFO - Saved merged data to data\processed\Europe\Champions League\2022\merged_2022.csv
2025-09-01 16:35:23,646 - src.process_pipeline - INFO - Successfully merged 210 records
2025-09-01 16:35:23,652 - src.process_pipeline - INFO - Processing Europe/Champions League/2023
2025-09-01 16:35:23,676 - src.process_pipeline - INFO - Successfully merged 211 records with team statistics
2025-09-01 16:35:23,687 - src.process_pipeline - INFO - Saved merged data to data\processed\Europe\Champions League\2023\merged_2023.csv
2025-09-01 16:35:23,687 - src.process_pipeline - INFO - Successfully merged 211 records
2025-09-01 16:35:23,698 - src.process_pipeline - INFO - Processing Europe/Champions League/2024
2025-09-01 16:35:23,721 - src.process_pipeline - INFO - Successfully merged 279 records with team statistics
2025-09-01 16:35:23,735 - src.process_pipeline - INFO - Saved merged data to data\processed\Europe\Champions League\2024\merged_2024.csv
2025-09-01 16:35:23,736 - src.process_pipeline - INFO - Successfully merged 279 records
2025-09-01 16:35:23,749 - src.process_pipeline - INFO - Processing Europe/Champions League/2025
2025-09-01 16:35:23,771 - src.process_pipeline - INFO - Successfully merged 30 records with team statistics
2025-09-01 16:35:23,777 - src.process_pipeline - INFO - Saved merged data to data\processed\Europe\Champions League\2025\merged_2025.csv
2025-09-01 16:35:23,777 - src.process_pipeline - INFO - Successfully merged 30 records
2025-09-01 16:35:23,786 - src.process_pipeline - INFO - Processing Europe/Conference League/2021
2025-09-01 16:35:23,810 - src.process_pipeline - INFO - Successfully merged 423 records with team statistics
2025-09-01 16:35:23,830 - src.process_pipeline - INFO - Saved merged data to data\processed\Europe\Conference League\2021\merged_2021.csv
2025-09-01 16:35:23,831 - src.process_pipeline - INFO - Successfully merged 423 records
2025-09-01 16:35:23,840 - src.process_pipeline - INFO - Processing Europe/Conference League/2022
2025-09-01 16:35:23,864 - src.process_pipeline - INFO - Successfully merged 414 records with team statistics
2025-09-01 16:35:23,882 - src.process_pipeline - INFO - Saved merged data to data\processed\Europe\Conference League\2022\merged_2022.csv
2025-09-01 16:35:23,882 - src.process_pipeline - INFO - Successfully merged 414 records
2025-09-01 16:35:23,892 - src.process_pipeline - INFO - Processing Europe/Conference League/2023
2025-09-01 16:35:23,925 - src.process_pipeline - INFO - Successfully merged 417 records with team statistics
2025-09-01 16:35:23,946 - src.process_pipeline - INFO - Saved merged data to data\processed\Europe\Conference League\2023\merged_2023.csv
2025-09-01 16:35:23,946 - src.process_pipeline - INFO - Successfully merged 417 records
2025-09-01 16:35:23,958 - src.process_pipeline - INFO - Processing Europe/Conference League/2024
2025-09-01 16:35:23,959 - src.process_pipeline - WARNING - Missing team stats file: data\extracted\Europe\Conference League\2024\team_statistics.csv
2025-09-01 16:35:23,959 - src.process_pipeline - INFO - Processing Europe/Conference League/2025
2025-09-01 16:35:23,980 - src.process_pipeline - INFO - Successfully merged 84 records with team statistics
2025-09-01 16:35:23,986 - src.process_pipeline - INFO - Saved merged data to data\processed\Europe\Conference League\2025\merged_2025.csv
2025-09-01 16:35:23,986 - src.process_pipeline - INFO - Successfully merged 84 records
2025-09-01 16:35:24,000 - src.process_pipeline - INFO - Processing Europe/Europa League/2018
2025-09-01 16:35:24,027 - src.process_pipeline - INFO - Successfully merged 364 records with team statistics
2025-09-01 16:35:24,045 - src.process_pipeline - INFO - Saved merged data to data\processed\Europe\Europa League\2018\merged_2018.csv
2025-09-01 16:35:24,045 - src.process_pipeline - INFO - Successfully merged 364 records
2025-09-01 16:35:24,058 - src.process_pipeline - INFO - Processing Europe/Europa League/2019
2025-09-01 16:35:24,093 - src.process_pipeline - INFO - Successfully merged 337 records with team statistics
2025-09-01 16:35:24,119 - src.process_pipeline - INFO - Saved merged data to data\processed\Europe\Europa League\2019\merged_2019.csv
2025-09-01 16:35:24,119 - src.process_pipeline - INFO - Successfully merged 337 records
2025-09-01 16:35:24,132 - src.process_pipeline - INFO - Processing Europe/Europa League/2020
2025-09-01 16:35:24,165 - src.process_pipeline - INFO - Successfully merged 362 records with team statistics
2025-09-01 16:35:24,188 - src.process_pipeline - INFO - Saved merged data to data\processed\Europe\Europa League\2020\merged_2020.csv
2025-09-01 16:35:24,189 - src.process_pipeline - INFO - Successfully merged 362 records
2025-09-01 16:35:24,200 - src.process_pipeline - INFO - Processing Europe/Europa League/2021
2025-09-01 16:35:24,226 - src.process_pipeline - INFO - Successfully merged 177 records with team statistics
2025-09-01 16:35:24,236 - src.process_pipeline - INFO - Saved merged data to data\processed\Europe\Europa League\2021\merged_2021.csv
2025-09-01 16:35:24,236 - src.process_pipeline - INFO - Successfully merged 177 records
2025-09-01 16:35:24,248 - src.process_pipeline - INFO - Processing Europe/Europa League/2022
2025-09-01 16:35:24,269 - src.process_pipeline - INFO - Successfully merged 175 records with team statistics
2025-09-01 16:35:24,281 - src.process_pipeline - INFO - Saved merged data to data\processed\Europe\Europa League\2022\merged_2022.csv
2025-09-01 16:35:24,281 - src.process_pipeline - INFO - Successfully merged 175 records
2025-09-01 16:35:24,295 - src.process_pipeline - INFO - Processing Europe/Europa League/2023
2025-09-01 16:35:24,320 - src.process_pipeline - INFO - Successfully merged 175 records with team statistics
2025-09-01 16:35:24,333 - src.process_pipeline - INFO - Saved merged data to data\processed\Europe\Europa League\2023\merged_2023.csv
2025-09-01 16:35:24,333 - src.process_pipeline - INFO - Successfully merged 175 records
2025-09-01 16:35:24,349 - src.process_pipeline - INFO - Processing Europe/Europa League/2024
2025-09-01 16:35:24,393 - src.process_pipeline - INFO - Successfully merged 269 records with team statistics
2025-09-01 16:35:24,412 - src.process_pipeline - INFO - Saved merged data to data\processed\Europe\Europa League\2024\merged_2024.csv
2025-09-01 16:35:24,412 - src.process_pipeline - INFO - Successfully merged 269 records
2025-09-01 16:35:24,426 - src.process_pipeline - INFO - Processing Europe/Europa League/2025
2025-09-01 16:35:24,450 - src.process_pipeline - INFO - Successfully merged 38 records with team statistics
2025-09-01 16:35:24,453 - src.process_pipeline - INFO - Saved merged data to data\processed\Europe\Europa League\2025\merged_2025.csv
2025-09-01 16:35:24,454 - src.process_pipeline - INFO - Successfully merged 38 records
2025-09-01 16:35:24,468 - src.process_pipeline - INFO - Processing France/Coupe de France/2018
2025-09-01 16:35:24,487 - src.process_pipeline - INFO - Successfully merged 195 records with team statistics
2025-09-01 16:35:24,499 - src.process_pipeline - INFO - Saved merged data to data\processed\France\Coupe de France\2018\merged_2018.csv
2025-09-01 16:35:24,499 - src.process_pipeline - INFO - Successfully merged 195 records
2025-09-01 16:35:24,513 - src.process_pipeline - INFO - Processing France/Coupe de France/2019
2025-09-01 16:35:24,535 - src.process_pipeline - INFO - Successfully merged 194 records with team statistics
2025-09-01 16:35:24,547 - src.process_pipeline - INFO - Saved merged data to data\processed\France\Coupe de France\2019\merged_2019.csv
2025-09-01 16:35:24,547 - src.process_pipeline - INFO - Successfully merged 194 records
2025-09-01 16:35:24,557 - src.process_pipeline - INFO - Processing France/Coupe de France/2020
2025-09-01 16:35:24,575 - src.process_pipeline - INFO - Successfully merged 170 records with team statistics
2025-09-01 16:35:24,585 - src.process_pipeline - INFO - Saved merged data to data\processed\France\Coupe de France\2020\merged_2020.csv
2025-09-01 16:35:24,585 - src.process_pipeline - INFO - Successfully merged 170 records
2025-09-01 16:35:24,602 - src.process_pipeline - INFO - Processing France/Coupe de France/2021
2025-09-01 16:35:24,625 - src.process_pipeline - INFO - Successfully merged 193 records with team statistics
2025-09-01 16:35:24,634 - src.process_pipeline - INFO - Saved merged data to data\processed\France\Coupe de France\2021\merged_2021.csv
2025-09-01 16:35:24,635 - src.process_pipeline - INFO - Successfully merged 193 records
2025-09-01 16:35:24,646 - src.process_pipeline - INFO - Processing France/Coupe de France/2022
2025-09-01 16:35:24,664 - src.process_pipeline - INFO - Successfully merged 195 records with team statistics
2025-09-01 16:35:24,673 - src.process_pipeline - INFO - Saved merged data to data\processed\France\Coupe de France\2022\merged_2022.csv
2025-09-01 16:35:24,673 - src.process_pipeline - INFO - Successfully merged 195 records
2025-09-01 16:35:24,684 - src.process_pipeline - INFO - Processing France/Coupe de France/2023
2025-09-01 16:35:24,706 - src.process_pipeline - INFO - Successfully merged 197 records with team statistics
2025-09-01 16:35:24,716 - src.process_pipeline - INFO - Saved merged data to data\processed\France\Coupe de France\2023\merged_2023.csv
2025-09-01 16:35:24,716 - src.process_pipeline - INFO - Successfully merged 197 records
2025-09-01 16:35:24,729 - src.process_pipeline - INFO - Processing France/Coupe de France/2024
2025-09-01 16:35:24,746 - src.process_pipeline - INFO - Successfully merged 199 records with team statistics
2025-09-01 16:35:24,754 - src.process_pipeline - INFO - Saved merged data to data\processed\France\Coupe de France\2024\merged_2024.csv
2025-09-01 16:35:24,754 - src.process_pipeline - INFO - Successfully merged 199 records
2025-09-01 16:35:24,764 - src.process_pipeline - INFO - Processing France/Ligue 1/2018
2025-09-01 16:35:24,783 - src.process_pipeline - INFO - Successfully merged 380 records with team statistics
2025-09-01 16:35:24,796 - src.process_pipeline - INFO - Saved merged data to data\processed\France\Ligue 1\2018\merged_2018.csv
2025-09-01 16:35:24,796 - src.process_pipeline - INFO - Successfully merged 380 records
2025-09-01 16:35:24,806 - src.process_pipeline - INFO - Processing France/Ligue 1/2019
2025-09-01 16:35:24,829 - src.process_pipeline - INFO - Successfully merged 380 records with team statistics
2025-09-01 16:35:24,853 - src.process_pipeline - INFO - Saved merged data to data\processed\France\Ligue 1\2019\merged_2019.csv
2025-09-01 16:35:24,853 - src.process_pipeline - INFO - Successfully merged 380 records
2025-09-01 16:35:24,868 - src.process_pipeline - INFO - Processing France/Ligue 1/2020
2025-09-01 16:35:24,888 - src.process_pipeline - INFO - Successfully merged 382 records with team statistics
2025-09-01 16:35:24,903 - src.process_pipeline - INFO - Saved merged data to data\processed\France\Ligue 1\2020\merged_2020.csv
2025-09-01 16:35:24,903 - src.process_pipeline - INFO - Successfully merged 382 records
2025-09-01 16:35:24,916 - src.process_pipeline - INFO - Processing France/Ligue 1/2021
2025-09-01 16:35:24,938 - src.process_pipeline - INFO - Successfully merged 382 records with team statistics
2025-09-01 16:35:24,951 - src.process_pipeline - INFO - Saved merged data to data\processed\France\Ligue 1\2021\merged_2021.csv
2025-09-01 16:35:24,952 - src.process_pipeline - INFO - Successfully merged 382 records
2025-09-01 16:35:24,963 - src.process_pipeline - INFO - Processing France/Ligue 1/2022
2025-09-01 16:35:24,981 - src.process_pipeline - INFO - Successfully merged 370 records with team statistics
2025-09-01 16:35:24,993 - src.process_pipeline - INFO - Saved merged data to data\processed\France\Ligue 1\2022\merged_2022.csv
2025-09-01 16:35:24,993 - src.process_pipeline - INFO - Successfully merged 370 records
2025-09-01 16:35:25,002 - src.process_pipeline - INFO - Processing France/Ligue 1/2023
2025-09-01 16:35:25,021 - src.process_pipeline - INFO - Successfully merged 307 records with team statistics
2025-09-01 16:35:25,031 - src.process_pipeline - INFO - Saved merged data to data\processed\France\Ligue 1\2023\merged_2023.csv
2025-09-01 16:35:25,031 - src.process_pipeline - INFO - Successfully merged 307 records
2025-09-01 16:35:25,042 - src.process_pipeline - INFO - Processing France/Ligue 1/2024
2025-09-01 16:35:25,060 - src.process_pipeline - INFO - Successfully merged 308 records with team statistics
2025-09-01 16:35:25,070 - src.process_pipeline - INFO - Saved merged data to data\processed\France\Ligue 1\2024\merged_2024.csv
2025-09-01 16:35:25,070 - src.process_pipeline - INFO - Successfully merged 308 records
2025-09-01 16:35:25,080 - src.process_pipeline - INFO - Processing France/Ligue 1/2025
2025-09-01 16:35:25,094 - src.process_pipeline - INFO - Successfully merged 26 records with team statistics
2025-09-01 16:35:25,097 - src.process_pipeline - INFO - Saved merged data to data\processed\France\Ligue 1\2025\merged_2025.csv
2025-09-01 16:35:25,097 - src.process_pipeline - INFO - Successfully merged 26 records
2025-09-01 16:35:25,108 - src.process_pipeline - INFO - Processing France/Ligue 2/2018
2025-09-01 16:35:25,127 - src.process_pipeline - INFO - Successfully merged 370 records with team statistics
2025-09-01 16:35:25,139 - src.process_pipeline - INFO - Saved merged data to data\processed\France\Ligue 2\2018\merged_2018.csv
2025-09-01 16:35:25,139 - src.process_pipeline - INFO - Successfully merged 370 records
2025-09-01 16:35:25,150 - src.process_pipeline - INFO - Processing France/Ligue 2/2019
2025-09-01 16:35:25,174 - src.process_pipeline - INFO - Successfully merged 370 records with team statistics
2025-09-01 16:35:25,188 - src.process_pipeline - INFO - Saved merged data to data\processed\France\Ligue 2\2019\merged_2019.csv
2025-09-01 16:35:25,188 - src.process_pipeline - INFO - Successfully merged 370 records
2025-09-01 16:35:25,203 - src.process_pipeline - INFO - Processing France/Ligue 2/2020
2025-09-01 16:35:25,225 - src.process_pipeline - INFO - Successfully merged 384 records with team statistics
2025-09-01 16:35:25,242 - src.process_pipeline - INFO - Saved merged data to data\processed\France\Ligue 2\2020\merged_2020.csv
2025-09-01 16:35:25,242 - src.process_pipeline - INFO - Successfully merged 384 records
2025-09-01 16:35:25,254 - src.process_pipeline - INFO - Processing France/Ligue 2/2021
2025-09-01 16:35:25,277 - src.process_pipeline - INFO - Successfully merged 366 records with team statistics
2025-09-01 16:35:25,292 - src.process_pipeline - INFO - Saved merged data to data\processed\France\Ligue 2\2021\merged_2021.csv
2025-09-01 16:35:25,292 - src.process_pipeline - INFO - Successfully merged 366 records
2025-09-01 16:35:25,303 - src.process_pipeline - INFO - Processing France/Ligue 2/2022
2025-09-01 16:35:25,328 - src.process_pipeline - INFO - Successfully merged 361 records with team statistics
2025-09-01 16:35:25,341 - src.process_pipeline - INFO - Saved merged data to data\processed\France\Ligue 2\2022\merged_2022.csv
2025-09-01 16:35:25,341 - src.process_pipeline - INFO - Successfully merged 361 records
2025-09-01 16:35:25,353 - src.process_pipeline - INFO - Processing France/Ligue 2/2023
2025-09-01 16:35:25,374 - src.process_pipeline - INFO - Successfully merged 382 records with team statistics
2025-09-01 16:35:25,392 - src.process_pipeline - INFO - Saved merged data to data\processed\France\Ligue 2\2023\merged_2023.csv
2025-09-01 16:35:25,392 - src.process_pipeline - INFO - Successfully merged 382 records
2025-09-01 16:35:25,411 - src.process_pipeline - INFO - Processing France/Ligue 2/2024
2025-09-01 16:35:25,435 - src.process_pipeline - INFO - Successfully merged 310 records with team statistics
2025-09-01 16:35:25,454 - src.process_pipeline - INFO - Saved merged data to data\processed\France\Ligue 2\2024\merged_2024.csv
2025-09-01 16:35:25,454 - src.process_pipeline - INFO - Successfully merged 310 records
2025-09-01 16:35:25,471 - src.process_pipeline - INFO - Processing France/Ligue 2/2025
2025-09-01 16:35:25,493 - src.process_pipeline - INFO - Successfully merged 17 records with team statistics
2025-09-01 16:35:25,496 - src.process_pipeline - INFO - Saved merged data to data\processed\France\Ligue 2\2025\merged_2025.csv
2025-09-01 16:35:25,496 - src.process_pipeline - INFO - Successfully merged 17 records
2025-09-01 16:35:25,511 - src.process_pipeline - INFO - Processing Germany/2. Bundesliga/2017
2025-09-01 16:35:25,511 - src.process_pipeline - WARNING - Missing fixtures file: data\extracted\Germany\2. Bundesliga\2017\fixture_events.csv
2025-09-01 16:35:25,512 - src.process_pipeline - INFO - Processing Germany/2. Bundesliga/2018
2025-09-01 16:35:25,535 - src.process_pipeline - INFO - Successfully merged 306 records with team statistics
2025-09-01 16:35:25,549 - src.process_pipeline - INFO - Saved merged data to data\processed\Germany\2. Bundesliga\2018\merged_2018.csv
2025-09-01 16:35:25,549 - src.process_pipeline - INFO - Successfully merged 306 records
2025-09-01 16:35:25,564 - src.process_pipeline - INFO - Processing Germany/2. Bundesliga/2019
2025-09-01 16:35:25,585 - src.process_pipeline - INFO - Successfully merged 249 records with team statistics
2025-09-01 16:35:25,596 - src.process_pipeline - INFO - Saved merged data to data\processed\Germany\2. Bundesliga\2019\merged_2019.csv
2025-09-01 16:35:25,596 - src.process_pipeline - INFO - Successfully merged 249 records
2025-09-01 16:35:25,611 - src.process_pipeline - INFO - Processing Germany/2. Bundesliga/2020
2025-09-01 16:35:25,629 - src.process_pipeline - INFO - Successfully merged 308 records with team statistics
2025-09-01 16:35:25,639 - src.process_pipeline - INFO - Saved merged data to data\processed\Germany\2. Bundesliga\2020\merged_2020.csv
2025-09-01 16:35:25,640 - src.process_pipeline - INFO - Successfully merged 308 records
2025-09-01 16:35:25,651 - src.process_pipeline - INFO - Processing Germany/2. Bundesliga/2021
2025-09-01 16:35:25,671 - src.process_pipeline - INFO - Successfully merged 293 records with team statistics
2025-09-01 16:35:25,681 - src.process_pipeline - INFO - Saved merged data to data\processed\Germany\2. Bundesliga\2021\merged_2021.csv
2025-09-01 16:35:25,681 - src.process_pipeline - INFO - Successfully merged 293 records
2025-09-01 16:35:25,696 - src.process_pipeline - INFO - Processing Germany/2. Bundesliga/2022
2025-09-01 16:35:25,716 - src.process_pipeline - INFO - Successfully merged 288 records with team statistics
2025-09-01 16:35:25,726 - src.process_pipeline - INFO - Saved merged data to data\processed\Germany\2. Bundesliga\2022\merged_2022.csv
2025-09-01 16:35:25,726 - src.process_pipeline - INFO - Successfully merged 288 records
2025-09-01 16:35:25,740 - src.process_pipeline - INFO - Processing Germany/2. Bundesliga/2023
2025-09-01 16:35:25,762 - src.process_pipeline - INFO - Successfully merged 299 records with team statistics
2025-09-01 16:35:25,779 - src.process_pipeline - INFO - Saved merged data to data\processed\Germany\2. Bundesliga\2023\merged_2023.csv
2025-09-01 16:35:25,779 - src.process_pipeline - INFO - Successfully merged 299 records
2025-09-01 16:35:25,791 - src.process_pipeline - INFO - Processing Germany/2. Bundesliga/2024
2025-09-01 16:35:25,814 - src.process_pipeline - INFO - Successfully merged 308 records with team statistics
2025-09-01 16:35:25,824 - src.process_pipeline - INFO - Saved merged data to data\processed\Germany\2. Bundesliga\2024\merged_2024.csv
2025-09-01 16:35:25,824 - src.process_pipeline - INFO - Successfully merged 308 records
2025-09-01 16:35:25,837 - src.process_pipeline - INFO - Processing Germany/2. Bundesliga/2025
2025-09-01 16:35:25,852 - src.process_pipeline - INFO - Successfully merged 18 records with team statistics
2025-09-01 16:35:25,855 - src.process_pipeline - INFO - Saved merged data to data\processed\Germany\2. Bundesliga\2025\merged_2025.csv
2025-09-01 16:35:25,855 - src.process_pipeline - INFO - Successfully merged 18 records
2025-09-01 16:35:25,874 - src.process_pipeline - INFO - Processing Germany/Bundesliga/2018
2025-09-01 16:35:25,900 - src.process_pipeline - INFO - Successfully merged 308 records with team statistics
2025-09-01 16:35:25,913 - src.process_pipeline - INFO - Saved merged data to data\processed\Germany\Bundesliga\2018\merged_2018.csv
2025-09-01 16:35:25,913 - src.process_pipeline - INFO - Successfully merged 308 records
2025-09-01 16:35:25,932 - src.process_pipeline - INFO - Processing Germany/Bundesliga/2019
2025-09-01 16:35:25,957 - src.process_pipeline - INFO - Successfully merged 260 records with team statistics
2025-09-01 16:35:25,968 - src.process_pipeline - INFO - Saved merged data to data\processed\Germany\Bundesliga\2019\merged_2019.csv
2025-09-01 16:35:25,968 - src.process_pipeline - INFO - Successfully merged 260 records
2025-09-01 16:35:25,986 - src.process_pipeline - INFO - Processing Germany/Bundesliga/2020
2025-09-01 16:35:26,012 - src.process_pipeline - INFO - Successfully merged 308 records with team statistics
2025-09-01 16:35:26,025 - src.process_pipeline - INFO - Saved merged data to data\processed\Germany\Bundesliga\2020\merged_2020.csv
2025-09-01 16:35:26,025 - src.process_pipeline - INFO - Successfully merged 308 records
2025-09-01 16:35:26,044 - src.process_pipeline - INFO - Processing Germany/Bundesliga/2021
2025-09-01 16:35:26,066 - src.process_pipeline - INFO - Successfully merged 308 records with team statistics
2025-09-01 16:35:26,080 - src.process_pipeline - INFO - Saved merged data to data\processed\Germany\Bundesliga\2021\merged_2021.csv
2025-09-01 16:35:26,080 - src.process_pipeline - INFO - Successfully merged 308 records
2025-09-01 16:35:26,097 - src.process_pipeline - INFO - Processing Germany/Bundesliga/2022
2025-09-01 16:35:26,124 - src.process_pipeline - INFO - Successfully merged 307 records with team statistics
2025-09-01 16:35:26,139 - src.process_pipeline - INFO - Saved merged data to data\processed\Germany\Bundesliga\2022\merged_2022.csv
2025-09-01 16:35:26,140 - src.process_pipeline - INFO - Successfully merged 307 records
2025-09-01 16:35:26,157 - src.process_pipeline - INFO - Processing Germany/Bundesliga/2023
2025-09-01 16:35:26,181 - src.process_pipeline - INFO - Successfully merged 308 records with team statistics
2025-09-01 16:35:26,194 - src.process_pipeline - INFO - Saved merged data to data\processed\Germany\Bundesliga\2023\merged_2023.csv
2025-09-01 16:35:26,194 - src.process_pipeline - INFO - Successfully merged 308 records
2025-09-01 16:35:26,214 - src.process_pipeline - INFO - Processing Germany/Bundesliga/2024
2025-09-01 16:35:26,250 - src.process_pipeline - INFO - Successfully merged 308 records with team statistics
2025-09-01 16:35:26,267 - src.process_pipeline - INFO - Saved merged data to data\processed\Germany\Bundesliga\2024\merged_2024.csv
2025-09-01 16:35:26,268 - src.process_pipeline - INFO - Successfully merged 308 records
2025-09-01 16:35:26,292 - src.process_pipeline - INFO - Processing Germany/Bundesliga/2025
2025-09-01 16:35:26,314 - src.process_pipeline - INFO - Successfully merged 17 records with team statistics
2025-09-01 16:35:26,317 - src.process_pipeline - INFO - Saved merged data to data\processed\Germany\Bundesliga\2025\merged_2025.csv
2025-09-01 16:35:26,318 - src.process_pipeline - INFO - Successfully merged 17 records
2025-09-01 16:35:26,336 - src.process_pipeline - INFO - Processing Germany/DFB Pokal/2018
2025-09-01 16:35:26,351 - src.process_pipeline - INFO - Successfully merged 63 records with team statistics
2025-09-01 16:35:26,355 - src.process_pipeline - INFO - Saved merged data to data\processed\Germany\DFB Pokal\2018\merged_2018.csv
2025-09-01 16:35:26,355 - src.process_pipeline - INFO - Successfully merged 63 records
2025-09-01 16:35:26,374 - src.process_pipeline - INFO - Processing Germany/DFB Pokal/2019
2025-09-01 16:35:26,393 - src.process_pipeline - INFO - Successfully merged 60 records with team statistics
2025-09-01 16:35:26,398 - src.process_pipeline - INFO - Saved merged data to data\processed\Germany\DFB Pokal\2019\merged_2019.csv
2025-09-01 16:35:26,398 - src.process_pipeline - INFO - Successfully merged 60 records
2025-09-01 16:35:26,416 - src.process_pipeline - INFO - Processing Germany/DFB Pokal/2020
2025-09-01 16:35:26,431 - src.process_pipeline - INFO - Successfully merged 63 records with team statistics
2025-09-01 16:35:26,436 - src.process_pipeline - INFO - Saved merged data to data\processed\Germany\DFB Pokal\2020\merged_2020.csv
2025-09-01 16:35:26,436 - src.process_pipeline - INFO - Successfully merged 63 records
2025-09-01 16:35:26,458 - src.process_pipeline - INFO - Processing Germany/DFB Pokal/2021
2025-09-01 16:35:26,478 - src.process_pipeline - INFO - Successfully merged 63 records with team statistics
2025-09-01 16:35:26,483 - src.process_pipeline - INFO - Saved merged data to data\processed\Germany\DFB Pokal\2021\merged_2021.csv
2025-09-01 16:35:26,483 - src.process_pipeline - INFO - Successfully merged 63 records
2025-09-01 16:35:26,504 - src.process_pipeline - INFO - Processing Germany/DFB Pokal/2022
2025-09-01 16:35:26,520 - src.process_pipeline - INFO - Successfully merged 36 records with team statistics
2025-09-01 16:35:26,525 - src.process_pipeline - INFO - Saved merged data to data\processed\Germany\DFB Pokal\2022\merged_2022.csv
2025-09-01 16:35:26,525 - src.process_pipeline - INFO - Successfully merged 36 records
2025-09-01 16:35:26,546 - src.process_pipeline - INFO - Processing Germany/DFB Pokal/2023
2025-09-01 16:35:26,564 - src.process_pipeline - INFO - Successfully merged 63 records with team statistics
2025-09-01 16:35:26,568 - src.process_pipeline - INFO - Saved merged data to data\processed\Germany\DFB Pokal\2023\merged_2023.csv
2025-09-01 16:35:26,568 - src.process_pipeline - INFO - Successfully merged 63 records
2025-09-01 16:35:26,589 - src.process_pipeline - INFO - Processing Germany/DFB Pokal/2024
2025-09-01 16:35:26,604 - src.process_pipeline - INFO - Successfully merged 63 records with team statistics
2025-09-01 16:35:26,609 - src.process_pipeline - INFO - Saved merged data to data\processed\Germany\DFB Pokal\2024\merged_2024.csv
2025-09-01 16:35:26,609 - src.process_pipeline - INFO - Successfully merged 63 records
2025-09-01 16:35:26,623 - src.process_pipeline - INFO - Processing Greece/Super League/2021
2025-09-01 16:35:26,639 - src.process_pipeline - INFO - Successfully merged 240 records with team statistics
2025-09-01 16:35:26,648 - src.process_pipeline - INFO - Saved merged data to data\processed\Greece\Super League\2021\merged_2021.csv
2025-09-01 16:35:26,648 - src.process_pipeline - INFO - Successfully merged 240 records
2025-09-01 16:35:26,664 - src.process_pipeline - INFO - Processing Greece/Super League/2022
2025-09-01 16:35:26,683 - src.process_pipeline - INFO - Successfully merged 240 records with team statistics
2025-09-01 16:35:26,698 - src.process_pipeline - INFO - Saved merged data to data\processed\Greece\Super League\2022\merged_2022.csv
2025-09-01 16:35:26,698 - src.process_pipeline - INFO - Successfully merged 240 records
2025-09-01 16:35:26,715 - src.process_pipeline - INFO - Processing Greece/Super League/2023
2025-09-01 16:35:26,734 - src.process_pipeline - INFO - Successfully merged 240 records with team statistics
2025-09-01 16:35:26,746 - src.process_pipeline - INFO - Saved merged data to data\processed\Greece\Super League\2023\merged_2023.csv
2025-09-01 16:35:26,746 - src.process_pipeline - INFO - Successfully merged 240 records
2025-09-01 16:35:26,763 - src.process_pipeline - INFO - Processing Greece/Super League/2024
2025-09-01 16:35:26,784 - src.process_pipeline - INFO - Successfully merged 236 records with team statistics
2025-09-01 16:35:26,798 - src.process_pipeline - INFO - Saved merged data to data\processed\Greece\Super League\2024\merged_2024.csv
2025-09-01 16:35:26,798 - src.process_pipeline - INFO - Successfully merged 236 records
2025-09-01 16:35:26,817 - src.process_pipeline - INFO - Processing Greece/Super League/2025
2025-09-01 16:35:26,818 - src.process_pipeline - WARNING - Missing team stats file: data\extracted\Greece\Super League\2025\team_statistics.csv
2025-09-01 16:35:26,819 - src.process_pipeline - INFO - Processing Italy/Coppa Italia/2018
2025-09-01 16:35:26,834 - src.process_pipeline - INFO - Successfully merged 61 records with team statistics
2025-09-01 16:35:26,841 - src.process_pipeline - INFO - Saved merged data to data\processed\Italy\Coppa Italia\2018\merged_2018.csv
2025-09-01 16:35:26,842 - src.process_pipeline - INFO - Successfully merged 61 records
2025-09-01 16:35:26,863 - src.process_pipeline - INFO - Processing Italy/Coppa Italia/2019
2025-09-01 16:35:26,863 - src.process_pipeline - WARNING - Missing fixtures file: data\extracted\Italy\Coppa Italia\2019\fixture_events.csv
2025-09-01 16:35:26,863 - src.process_pipeline - INFO - Processing Italy/Coppa Italia/2020
2025-09-01 16:35:26,879 - src.process_pipeline - INFO - Successfully merged 79 records with team statistics
2025-09-01 16:35:26,884 - src.process_pipeline - INFO - Saved merged data to data\processed\Italy\Coppa Italia\2020\merged_2020.csv
2025-09-01 16:35:26,884 - src.process_pipeline - INFO - Successfully merged 79 records
2025-09-01 16:35:26,906 - src.process_pipeline - INFO - Processing Italy/Coppa Italia/2021
2025-09-01 16:35:26,921 - src.process_pipeline - INFO - Successfully merged 45 records with team statistics
2025-09-01 16:35:26,927 - src.process_pipeline - INFO - Saved merged data to data\processed\Italy\Coppa Italia\2021\merged_2021.csv
2025-09-01 16:35:26,927 - src.process_pipeline - INFO - Successfully merged 45 records
2025-09-01 16:35:26,946 - src.process_pipeline - INFO - Processing Italy/Coppa Italia/2022
2025-09-01 16:35:26,961 - src.process_pipeline - INFO - Successfully merged 41 records with team statistics
2025-09-01 16:35:26,964 - src.process_pipeline - INFO - Saved merged data to data\processed\Italy\Coppa Italia\2022\merged_2022.csv
2025-09-01 16:35:26,964 - src.process_pipeline - INFO - Successfully merged 41 records
2025-09-01 16:35:26,986 - src.process_pipeline - INFO - Processing Italy/Coppa Italia/2023
2025-09-01 16:35:27,003 - src.process_pipeline - INFO - Successfully merged 45 records with team statistics
2025-09-01 16:35:27,009 - src.process_pipeline - INFO - Saved merged data to data\processed\Italy\Coppa Italia\2023\merged_2023.csv
2025-09-01 16:35:27,009 - src.process_pipeline - INFO - Successfully merged 45 records
2025-09-01 16:35:27,031 - src.process_pipeline - INFO - Processing Italy/Coppa Italia/2024
2025-09-01 16:35:27,052 - src.process_pipeline - INFO - Successfully merged 45 records with team statistics
2025-09-01 16:35:27,058 - src.process_pipeline - INFO - Saved merged data to data\processed\Italy\Coppa Italia\2024\merged_2024.csv
2025-09-01 16:35:27,058 - src.process_pipeline - INFO - Successfully merged 45 records
2025-09-01 16:35:27,081 - src.process_pipeline - INFO - Processing Italy/Serie A/2016
2025-09-01 16:35:27,104 - src.process_pipeline - INFO - Successfully merged 380 records with team statistics
2025-09-01 16:35:27,124 - src.process_pipeline - INFO - Saved merged data to data\processed\Italy\Serie A\2016\merged_2016.csv
2025-09-01 16:35:27,124 - src.process_pipeline - INFO - Successfully merged 380 records
2025-09-01 16:35:27,146 - src.process_pipeline - INFO - Processing Italy/Serie A/2017
2025-09-01 16:35:27,169 - src.process_pipeline - INFO - Successfully merged 380 records with team statistics
2025-09-01 16:35:27,185 - src.process_pipeline - INFO - Saved merged data to data\processed\Italy\Serie A\2017\merged_2017.csv
2025-09-01 16:35:27,186 - src.process_pipeline - INFO - Successfully merged 380 records
2025-09-01 16:35:27,204 - src.process_pipeline - INFO - Processing Italy/Serie A/2018
2025-09-01 16:35:27,228 - src.process_pipeline - INFO - Successfully merged 380 records with team statistics
2025-09-01 16:35:27,242 - src.process_pipeline - INFO - Saved merged data to data\processed\Italy\Serie A\2018\merged_2018.csv
2025-09-01 16:35:27,242 - src.process_pipeline - INFO - Successfully merged 380 records
2025-09-01 16:35:27,260 - src.process_pipeline - INFO - Processing Italy/Serie A/2019
2025-09-01 16:35:27,278 - src.process_pipeline - INFO - Successfully merged 256 records with team statistics
2025-09-01 16:35:27,286 - src.process_pipeline - INFO - Saved merged data to data\processed\Italy\Serie A\2019\merged_2019.csv
2025-09-01 16:35:27,286 - src.process_pipeline - INFO - Successfully merged 256 records
2025-09-01 16:35:27,307 - src.process_pipeline - INFO - Processing Italy/Serie A/2020
2025-09-01 16:35:27,327 - src.process_pipeline - INFO - Successfully merged 380 records with team statistics
2025-09-01 16:35:27,341 - src.process_pipeline - INFO - Saved merged data to data\processed\Italy\Serie A\2020\merged_2020.csv
2025-09-01 16:35:27,341 - src.process_pipeline - INFO - Successfully merged 380 records
2025-09-01 16:35:27,358 - src.process_pipeline - INFO - Processing Italy/Serie A/2021
2025-09-01 16:35:27,379 - src.process_pipeline - INFO - Successfully merged 380 records with team statistics
2025-09-01 16:35:27,395 - src.process_pipeline - INFO - Saved merged data to data\processed\Italy\Serie A\2021\merged_2021.csv
2025-09-01 16:35:27,395 - src.process_pipeline - INFO - Successfully merged 380 records
2025-09-01 16:35:27,418 - src.process_pipeline - INFO - Processing Italy/Serie A/2022
2025-09-01 16:35:27,438 - src.process_pipeline - INFO - Successfully merged 370 records with team statistics
2025-09-01 16:35:27,451 - src.process_pipeline - INFO - Saved merged data to data\processed\Italy\Serie A\2022\merged_2022.csv
2025-09-01 16:35:27,452 - src.process_pipeline - INFO - Successfully merged 370 records
2025-09-01 16:35:27,469 - src.process_pipeline - INFO - Processing Italy/Serie A/2023
2025-09-01 16:35:27,488 - src.process_pipeline - INFO - Successfully merged 379 records with team statistics
2025-09-01 16:35:27,502 - src.process_pipeline - INFO - Saved merged data to data\processed\Italy\Serie A\2023\merged_2023.csv
2025-09-01 16:35:27,502 - src.process_pipeline - INFO - Successfully merged 379 records
2025-09-01 16:35:27,528 - src.process_pipeline - INFO - Processing Italy/Serie A/2024
2025-09-01 16:35:27,559 - src.process_pipeline - INFO - Successfully merged 380 records with team statistics
2025-09-01 16:35:27,586 - src.process_pipeline - INFO - Saved merged data to data\processed\Italy\Serie A\2024\merged_2024.csv
2025-09-01 16:35:27,586 - src.process_pipeline - INFO - Successfully merged 380 records
2025-09-01 16:35:27,620 - src.process_pipeline - INFO - Processing Italy/Serie A/2025
2025-09-01 16:35:27,646 - src.process_pipeline - INFO - Successfully merged 18 records with team statistics
2025-09-01 16:35:27,650 - src.process_pipeline - INFO - Saved merged data to data\processed\Italy\Serie A\2025\merged_2025.csv
2025-09-01 16:35:27,651 - src.process_pipeline - INFO - Successfully merged 18 records
2025-09-01 16:35:27,677 - src.process_pipeline - INFO - Processing Italy/Serie B/2017
2025-09-01 16:35:27,703 - src.process_pipeline - INFO - Successfully merged 464 records with team statistics
2025-09-01 16:35:27,721 - src.process_pipeline - INFO - Saved merged data to data\processed\Italy\Serie B\2017\merged_2017.csv
2025-09-01 16:35:27,722 - src.process_pipeline - INFO - Successfully merged 464 records
2025-09-01 16:35:27,743 - src.process_pipeline - INFO - Processing Italy/Serie B/2018
2025-09-01 16:35:27,744 - src.process_pipeline - WARNING - Missing fixtures file: data\extracted\Italy\Serie B\2018\fixture_events.csv
2025-09-01 16:35:27,744 - src.process_pipeline - INFO - Processing Italy/Serie B/2019
2025-09-01 16:35:27,763 - src.process_pipeline - INFO - Successfully merged 279 records with team statistics
2025-09-01 16:35:27,773 - src.process_pipeline - INFO - Saved merged data to data\processed\Italy\Serie B\2019\merged_2019.csv
2025-09-01 16:35:27,773 - src.process_pipeline - INFO - Successfully merged 279 records
2025-09-01 16:35:27,794 - src.process_pipeline - INFO - Processing Italy/Serie B/2020
2025-09-01 16:35:27,815 - src.process_pipeline - INFO - Successfully merged 388 records with team statistics
2025-09-01 16:35:27,834 - src.process_pipeline - INFO - Saved merged data to data\processed\Italy\Serie B\2020\merged_2020.csv
2025-09-01 16:35:27,834 - src.process_pipeline - INFO - Successfully merged 388 records
2025-09-01 16:35:27,857 - src.process_pipeline - INFO - Processing Italy/Serie B/2021
2025-09-01 16:35:27,882 - src.process_pipeline - INFO - Successfully merged 390 records with team statistics
2025-09-01 16:35:27,898 - src.process_pipeline - INFO - Saved merged data to data\processed\Italy\Serie B\2021\merged_2021.csv
2025-09-01 16:35:27,898 - src.process_pipeline - INFO - Successfully merged 390 records
2025-09-01 16:35:27,921 - src.process_pipeline - INFO - Processing Italy/Serie B/2022
2025-09-01 16:35:27,942 - src.process_pipeline - INFO - Successfully merged 385 records with team statistics
2025-09-01 16:35:27,953 - src.process_pipeline - INFO - Saved merged data to data\processed\Italy\Serie B\2022\merged_2022.csv
2025-09-01 16:35:27,953 - src.process_pipeline - INFO - Successfully merged 385 records
2025-09-01 16:35:27,978 - src.process_pipeline - INFO - Processing Italy/Serie B/2023
2025-09-01 16:35:27,998 - src.process_pipeline - INFO - Successfully merged 389 records with team statistics
2025-09-01 16:35:28,011 - src.process_pipeline - INFO - Saved merged data to data\processed\Italy\Serie B\2023\merged_2023.csv
2025-09-01 16:35:28,011 - src.process_pipeline - INFO - Successfully merged 389 records
2025-09-01 16:35:28,034 - src.process_pipeline - INFO - Processing Italy/Serie B/2024
2025-09-01 16:35:28,054 - src.process_pipeline - INFO - Successfully merged 387 records with team statistics
2025-09-01 16:35:28,070 - src.process_pipeline - INFO - Saved merged data to data\processed\Italy\Serie B\2024\merged_2024.csv
2025-09-01 16:35:28,070 - src.process_pipeline - INFO - Successfully merged 387 records
2025-09-01 16:35:28,090 - src.process_pipeline - INFO - Processing Italy/Serie B/2025
2025-09-01 16:35:28,090 - src.process_pipeline - WARNING - Missing fixtures file: data\extracted\Italy\Serie B\2025\fixture_events.csv
2025-09-01 16:35:28,091 - src.process_pipeline - INFO - Processing Spain/Copa del Rey/2018
2025-09-01 16:35:28,108 - src.process_pipeline - INFO - Successfully merged 71 records with team statistics
2025-09-01 16:35:28,114 - src.process_pipeline - INFO - Saved merged data to data\processed\Spain\Copa del Rey\2018\merged_2018.csv
2025-09-01 16:35:28,114 - src.process_pipeline - INFO - Successfully merged 71 records
2025-09-01 16:35:28,141 - src.process_pipeline - INFO - Processing Spain/Copa del Rey/2019
2025-09-01 16:35:28,162 - src.process_pipeline - INFO - Successfully merged 127 records with team statistics
2025-09-01 16:35:28,169 - src.process_pipeline - INFO - Saved merged data to data\processed\Spain\Copa del Rey\2019\merged_2019.csv
2025-09-01 16:35:28,170 - src.process_pipeline - INFO - Successfully merged 127 records
2025-09-01 16:35:28,199 - src.process_pipeline - INFO - Processing Spain/Copa del Rey/2020
2025-09-01 16:35:28,222 - src.process_pipeline - INFO - Successfully merged 127 records with team statistics
2025-09-01 16:35:28,231 - src.process_pipeline - INFO - Saved merged data to data\processed\Spain\Copa del Rey\2020\merged_2020.csv
2025-09-01 16:35:28,231 - src.process_pipeline - INFO - Successfully merged 127 records
2025-09-01 16:35:28,264 - src.process_pipeline - INFO - Processing Spain/Copa del Rey/2021
2025-09-01 16:35:28,283 - src.process_pipeline - INFO - Successfully merged 127 records with team statistics
2025-09-01 16:35:28,293 - src.process_pipeline - INFO - Saved merged data to data\processed\Spain\Copa del Rey\2021\merged_2021.csv
2025-09-01 16:35:28,293 - src.process_pipeline - INFO - Successfully merged 127 records
2025-09-01 16:35:28,320 - src.process_pipeline - INFO - Processing Spain/Copa del Rey/2022
2025-09-01 16:35:28,344 - src.process_pipeline - INFO - Successfully merged 125 records with team statistics
2025-09-01 16:35:28,353 - src.process_pipeline - INFO - Saved merged data to data\processed\Spain\Copa del Rey\2022\merged_2022.csv
2025-09-01 16:35:28,353 - src.process_pipeline - INFO - Successfully merged 125 records
2025-09-01 16:35:28,376 - src.process_pipeline - INFO - Processing Spain/Copa del Rey/2023
2025-09-01 16:35:28,392 - src.process_pipeline - INFO - Successfully merged 126 records with team statistics
2025-09-01 16:35:28,399 - src.process_pipeline - INFO - Saved merged data to data\processed\Spain\Copa del Rey\2023\merged_2023.csv
2025-09-01 16:35:28,399 - src.process_pipeline - INFO - Successfully merged 126 records
2025-09-01 16:35:28,425 - src.process_pipeline - INFO - Processing Spain/Copa del Rey/2024
2025-09-01 16:35:28,440 - src.process_pipeline - INFO - Successfully merged 126 records with team statistics
2025-09-01 16:35:28,447 - src.process_pipeline - INFO - Saved merged data to data\processed\Spain\Copa del Rey\2024\merged_2024.csv
2025-09-01 16:35:28,447 - src.process_pipeline - INFO - Successfully merged 126 records
2025-09-01 16:35:28,572 - src.process_pipeline - INFO - Processing Spain/La Liga/2020
2025-09-01 16:35:28,596 - src.process_pipeline - INFO - Successfully merged 380 records with team statistics
2025-09-01 16:35:28,613 - src.process_pipeline - INFO - Saved merged data to data\processed\Spain\La Liga\2020\merged_2020.csv
2025-09-01 16:35:28,613 - src.process_pipeline - INFO - Successfully merged 380 records
2025-09-01 16:35:28,636 - src.process_pipeline - INFO - Processing Spain/La Liga/2021
2025-09-01 16:35:28,661 - src.process_pipeline - INFO - Successfully merged 380 records with team statistics
2025-09-01 16:35:28,677 - src.process_pipeline - INFO - Saved merged data to data\processed\Spain\La Liga\2021\merged_2021.csv
2025-09-01 16:35:28,677 - src.process_pipeline - INFO - Successfully merged 380 records
2025-09-01 16:35:28,701 - src.process_pipeline - INFO - Processing Spain/La Liga/2022
2025-09-01 16:35:28,726 - src.process_pipeline - INFO - Successfully merged 370 records with team statistics
2025-09-01 16:35:28,745 - src.process_pipeline - INFO - Saved merged data to data\processed\Spain\La Liga\2022\merged_2022.csv
2025-09-01 16:35:28,745 - src.process_pipeline - INFO - Successfully merged 370 records
2025-09-01 16:35:28,770 - src.process_pipeline - INFO - Processing Spain/La Liga/2023
2025-09-01 16:35:28,795 - src.process_pipeline - INFO - Successfully merged 380 records with team statistics
2025-09-01 16:35:28,809 - src.process_pipeline - INFO - Saved merged data to data\processed\Spain\La Liga\2023\merged_2023.csv
2025-09-01 16:35:28,810 - src.process_pipeline - INFO - Successfully merged 380 records
2025-09-01 16:35:28,833 - src.process_pipeline - INFO - Processing Spain/La Liga/2024
2025-09-01 16:35:28,855 - src.process_pipeline - INFO - Successfully merged 380 records with team statistics
2025-09-01 16:35:28,869 - src.process_pipeline - INFO - Saved merged data to data\processed\Spain\La Liga\2024\merged_2024.csv
2025-09-01 16:35:28,869 - src.process_pipeline - INFO - Successfully merged 380 records
2025-09-01 16:35:28,894 - src.process_pipeline - INFO - Processing Spain/La Liga/2025
2025-09-01 16:35:28,912 - src.process_pipeline - INFO - Successfully merged 28 records with team statistics
2025-09-01 16:35:28,917 - src.process_pipeline - INFO - Saved merged data to data\processed\Spain\La Liga\2025\merged_2025.csv
2025-09-01 16:35:28,917 - src.process_pipeline - INFO - Successfully merged 28 records
2025-09-01 16:35:28,945 - src.process_pipeline - INFO - Processing Spain/Segunda Division/2017
2025-09-01 16:35:28,973 - src.process_pipeline - INFO - Successfully merged 468 records with team statistics
2025-09-01 16:35:28,995 - src.process_pipeline - INFO - Saved merged data to data\processed\Spain\Segunda Division\2017\merged_2017.csv
2025-09-01 16:35:28,995 - src.process_pipeline - INFO - Successfully merged 468 records
2025-09-01 16:35:29,015 - src.process_pipeline - INFO - Processing Spain/Segunda Division/2018
2025-09-01 16:35:29,040 - src.process_pipeline - INFO - Successfully merged 466 records with team statistics
2025-09-01 16:35:29,062 - src.process_pipeline - INFO - Saved merged data to data\processed\Spain\Segunda Division\2018\merged_2018.csv
2025-09-01 16:35:29,062 - src.process_pipeline - INFO - Successfully merged 466 records
2025-09-01 16:35:29,086 - src.process_pipeline - INFO - Processing Spain/Segunda Division/2019
2025-09-01 16:35:29,111 - src.process_pipeline - INFO - Successfully merged 398 records with team statistics
2025-09-01 16:35:29,125 - src.process_pipeline - INFO - Saved merged data to data\processed\Spain\Segunda Division\2019\merged_2019.csv
2025-09-01 16:35:29,125 - src.process_pipeline - INFO - Successfully merged 398 records
2025-09-01 16:35:29,150 - src.process_pipeline - INFO - Processing Spain/Segunda Division/2020
2025-09-01 16:35:29,172 - src.process_pipeline - INFO - Successfully merged 468 records with team statistics
2025-09-01 16:35:29,193 - src.process_pipeline - INFO - Saved merged data to data\processed\Spain\Segunda Division\2020\merged_2020.csv
2025-09-01 16:35:29,193 - src.process_pipeline - INFO - Successfully merged 468 records
2025-09-01 16:35:29,224 - src.process_pipeline - INFO - Processing Spain/Segunda Division/2021
2025-09-01 16:35:29,265 - src.process_pipeline - INFO - Successfully merged 468 records with team statistics
2025-09-01 16:35:29,289 - src.process_pipeline - INFO - Saved merged data to data\processed\Spain\Segunda Division\2021\merged_2021.csv
2025-09-01 16:35:29,289 - src.process_pipeline - INFO - Successfully merged 468 records
2025-09-01 16:35:29,319 - src.process_pipeline - INFO - Processing Spain/Segunda Division/2022
2025-09-01 16:35:29,347 - src.process_pipeline - INFO - Successfully merged 468 records with team statistics
2025-09-01 16:35:29,365 - src.process_pipeline - INFO - Saved merged data to data\processed\Spain\Segunda Division\2022\merged_2022.csv
2025-09-01 16:35:29,365 - src.process_pipeline - INFO - Successfully merged 468 records
2025-09-01 16:35:29,391 - src.process_pipeline - INFO - Processing Spain/Segunda Division/2023
2025-09-01 16:35:29,416 - src.process_pipeline - INFO - Successfully merged 468 records with team statistics
2025-09-01 16:35:29,437 - src.process_pipeline - INFO - Saved merged data to data\processed\Spain\Segunda Division\2023\merged_2023.csv
2025-09-01 16:35:29,437 - src.process_pipeline - INFO - Successfully merged 468 records
2025-09-01 16:35:29,463 - src.process_pipeline - INFO - Processing Spain/Segunda Division/2024
2025-09-01 16:35:29,486 - src.process_pipeline - INFO - Successfully merged 468 records with team statistics
2025-09-01 16:35:29,507 - src.process_pipeline - INFO - Saved merged data to data\processed\Spain\Segunda Division\2024\merged_2024.csv
2025-09-01 16:35:29,507 - src.process_pipeline - INFO - Successfully merged 468 records
2025-09-01 16:35:29,528 - src.process_pipeline - INFO - Processing Spain/Segunda Division/2025
2025-09-01 16:35:29,542 - src.process_pipeline - INFO - Successfully merged 11 records with team statistics
2025-09-01 16:35:29,544 - src.process_pipeline - INFO - Saved merged data to data\processed\Spain\Segunda Division\2025\merged_2025.csv
2025-09-01 16:35:29,544 - src.process_pipeline - INFO - Successfully merged 11 records
2025-09-01 16:35:29,568 - src.process_pipeline - INFO - Starting preprocessing and feature engineering
2025-09-01 16:35:29,568 - src.process_pipeline - INFO - Initial data shape: (37771, 71)
2025-09-01 16:35:29,568 - src.process_pipeline - INFO - Cleaning data
2025-09-01 16:35:33,154 - src.process_pipeline - INFO - Adding competition info from league names
2025-09-01 16:35:33,476 - src.process_pipeline - INFO - Competition Distribution:
2025-09-01 16:35:33,476 - src.process_pipeline - INFO -   Cup matches: 4343 (11.6%)
2025-09-01 16:35:33,476 - src.process_pipeline - INFO -   European matches: 8954 (23.9%)
2025-09-01 16:35:33,476 - src.process_pipeline - INFO -   League matches: 24200 (64.5%)
2025-09-01 16:35:33,485 - src.process_pipeline - INFO - Adding competition context
2025-09-01 16:35:35,826 - src.process_pipeline - INFO - Adding competition metrics
2025-09-01 16:35:37,123 - src.process_pipeline - INFO - Calculating proper standings for 37497 matches...
2025-09-01 16:35:37,851 - src.process_pipeline - INFO - Standings progress: 2.7% (1000/37497)
2025-09-01 16:35:38,510 - src.process_pipeline - INFO - Standings progress: 5.3% (2000/37497)
2025-09-01 16:35:39,267 - src.process_pipeline - INFO - Standings progress: 8.0% (3000/37497)
2025-09-01 16:35:39,947 - src.process_pipeline - INFO - Standings progress: 10.7% (4000/37497)
2025-09-01 16:35:40,678 - src.process_pipeline - INFO - Standings progress: 13.3% (5000/37497)
2025-09-01 16:35:41,383 - src.process_pipeline - INFO - Standings progress: 16.0% (6000/37497)
2025-09-01 16:35:42,018 - src.process_pipeline - INFO - Standings progress: 18.7% (7000/37497)
2025-09-01 16:35:42,658 - src.process_pipeline - INFO - Standings progress: 21.3% (8000/37497)
2025-09-01 16:35:43,295 - src.process_pipeline - INFO - Standings progress: 24.0% (9000/37497)
2025-09-01 16:35:43,939 - src.process_pipeline - INFO - Standings progress: 26.7% (10000/37497)
2025-09-01 16:35:44,668 - src.process_pipeline - INFO - Standings progress: 29.3% (11000/37497)
2025-09-01 16:35:45,421 - src.process_pipeline - INFO - Standings progress: 32.0% (12000/37497)
2025-09-01 16:35:46,145 - src.process_pipeline - INFO - Standings progress: 34.7% (13000/37497)
2025-09-01 16:35:46,882 - src.process_pipeline - INFO - Standings progress: 37.3% (14000/37497)
2025-09-01 16:35:47,619 - src.process_pipeline - INFO - Standings progress: 40.0% (15000/37497)
2025-09-01 16:35:48,356 - src.process_pipeline - INFO - Standings progress: 42.7% (16000/37497)
2025-09-01 16:35:49,210 - src.process_pipeline - INFO - Standings progress: 45.3% (17000/37497)
2025-09-01 16:35:50,191 - src.process_pipeline - INFO - Standings progress: 48.0% (18000/37497)
2025-09-01 16:35:51,031 - src.process_pipeline - INFO - Standings progress: 50.7% (19000/37497)
2025-09-01 16:35:51,887 - src.process_pipeline - INFO - Standings progress: 53.3% (20000/37497)
2025-09-01 16:35:52,774 - src.process_pipeline - INFO - Standings progress: 56.0% (21000/37497)
2025-09-01 16:35:53,709 - src.process_pipeline - INFO - Standings progress: 58.7% (22000/37497)
2025-09-01 16:35:54,637 - src.process_pipeline - INFO - Standings progress: 61.3% (23000/37497)
2025-09-01 16:35:55,576 - src.process_pipeline - INFO - Standings progress: 64.0% (24000/37497)
2025-09-01 16:35:56,499 - src.process_pipeline - INFO - Standings progress: 66.7% (25000/37497)
2025-09-01 16:35:57,419 - src.process_pipeline - INFO - Standings progress: 69.3% (26000/37497)
2025-09-01 16:35:58,357 - src.process_pipeline - INFO - Standings progress: 72.0% (27000/37497)
2025-09-01 16:35:59,375 - src.process_pipeline - INFO - Standings progress: 74.7% (28000/37497)
2025-09-01 16:36:00,422 - src.process_pipeline - INFO - Standings progress: 77.3% (29000/37497)
2025-09-01 16:36:01,497 - src.process_pipeline - INFO - Standings progress: 80.0% (30000/37497)
2025-09-01 16:36:02,741 - src.process_pipeline - INFO - Standings progress: 82.7% (31000/37497)
2025-09-01 16:36:03,836 - src.process_pipeline - INFO - Standings progress: 85.3% (32000/37497)
2025-09-01 16:36:04,856 - src.process_pipeline - INFO - Standings progress: 88.0% (33000/37497)
2025-09-01 16:36:05,844 - src.process_pipeline - INFO - Standings progress: 90.7% (34000/37497)
2025-09-01 16:36:06,924 - src.process_pipeline - INFO - Standings progress: 93.3% (35000/37497)
2025-09-01 16:36:08,015 - src.process_pipeline - INFO - Standings progress: 96.0% (36000/37497)
2025-09-01 16:36:09,300 - src.process_pipeline - INFO - Standings progress: 98.7% (37000/37497)
2025-09-01 16:36:09,945 - src.process_pipeline - INFO - Standings progress: 100.0% (37497/37497)
2025-09-01 16:36:12,147 - src.process_pipeline - INFO - Dropped 6 non rolled standings metrics
2025-09-01 16:36:43,995 - src.process_pipeline - INFO - Completed: Processing 37455 matches...
2025-09-01 16:37:21,400 - src.process_pipeline - INFO - H2H Progress: 10% (3745/37455) - 37.4s
2025-09-01 16:38:05,861 - src.process_pipeline - INFO - H2H Progress: 20% (7490/37455) - 81.9s
2025-09-01 16:38:50,206 - src.process_pipeline - INFO - H2H Progress: 30% (11235/37455) - 126.2s
2025-09-01 16:39:39,222 - src.process_pipeline - INFO - H2H Progress: 40% (14980/37455) - 175.2s
2025-09-01 16:40:24,335 - src.process_pipeline - INFO - H2H Progress: 50% (18725/37455) - 220.3s
2025-09-01 16:41:19,550 - src.process_pipeline - INFO - H2H Progress: 60% (22470/37455) - 275.6s
2025-09-01 16:42:18,782 - src.process_pipeline - INFO - H2H Progress: 70% (26215/37455) - 334.8s
2025-09-01 16:43:06,297 - src.process_pipeline - INFO - H2H Progress: 80% (29960/37455) - 382.3s
2025-09-01 16:44:01,699 - src.process_pipeline - INFO - H2H Progress: 90% (33705/37455) - 437.7s
2025-09-01 16:44:57,703 - src.process_pipeline - INFO - H2H Progress: 100% (37450/37455) - 493.7s
2025-09-01 16:44:57,784 - src.process_pipeline - INFO - H2H Progress: 100% (37455/37455) - 493.8s
2025-09-01 16:44:57,806 - src.process_pipeline - INFO - Upcoming: Processing 42 matches...
2025-09-01 16:44:57,939 - src.process_pipeline - INFO - H2H Progress: 10% (4/42) - 0.1s
2025-09-01 16:44:58,005 - src.process_pipeline - INFO - H2H Progress: 19% (8/42) - 0.2s
2025-09-01 16:44:58,071 - src.process_pipeline - INFO - H2H Progress: 29% (12/42) - 0.3s
2025-09-01 16:44:58,140 - src.process_pipeline - INFO - H2H Progress: 38% (16/42) - 0.3s
2025-09-01 16:44:58,183 - src.process_pipeline - INFO - H2H Progress: 48% (20/42) - 0.4s
2025-09-01 16:44:58,257 - src.process_pipeline - INFO - H2H Progress: 57% (24/42) - 0.5s
2025-09-01 16:44:58,327 - src.process_pipeline - INFO - H2H Progress: 67% (28/42) - 0.5s
2025-09-01 16:44:58,398 - src.process_pipeline - INFO - H2H Progress: 76% (32/42) - 0.6s
2025-09-01 16:44:58,471 - src.process_pipeline - INFO - H2H Progress: 86% (36/42) - 0.7s
2025-09-01 16:44:58,548 - src.process_pipeline - INFO - H2H Progress: 95% (40/42) - 0.7s
2025-09-01 16:44:58,588 - src.process_pipeline - INFO - H2H Progress: 100% (42/42) - 0.8s
2025-09-01 16:45:02,801 - src.process_pipeline - INFO - Dropped 36 original metrics
2025-09-01 16:45:02,904 - src.process_pipeline - INFO - Calculating rolling averages for 85 metrics with windows [5]
2025-09-01 16:46:05,478 - src.process_pipeline - INFO - Dropped 49 non rolled metrics
2025-09-01 16:46:05,478 - src.process_pipeline - INFO - Calculated rolling averages completed
2025-09-01 16:46:05,557 - src.process_pipeline - INFO - Final shape: (37497, 165)
2025-09-01 16:46:17,361 - src.process_pipeline - INFO - Saved H2H data with 10532 team pairs
2025-09-01 16:46:17,369 - src.process_pipeline - INFO - Saved standings data for 7622 teams
2025-09-01 16:46:17,369 - src.process_pipeline - INFO - Incremental processing complete. Total records: 37497
2025-09-01 16:46:17,369 - src.process_pipeline - INFO - New records processed: 37497
