2025-08-28 21:53:58,684 - src.process_pipeline - INFO - Logging initialized. Log file: logs/process\process_20250828_215358.log
2025-08-28 21:53:59,351 - src.process_pipeline - INFO - Loaded H2H data with 6292 team pairs
2025-08-28 21:53:59,366 - src.process_pipeline - INFO - Loaded standings data for 2401 teams
2025-08-28 21:53:59,659 - src.process_pipeline - INFO - Processing Europe/Champions League/2018
2025-08-28 21:53:59,675 - src.process_pipeline - INFO - Successfully merged 166 records with team statistics
2025-08-28 21:53:59,685 - src.process_pipeline - INFO - Saved merged data to data\processed\Europe\Champions League\2018\merged_2018.csv
2025-08-28 21:53:59,685 - src.process_pipeline - INFO - Successfully merged 166 records
2025-08-28 21:53:59,686 - src.process_pipeline - INFO - Processing Europe/Champions League/2019
2025-08-28 21:53:59,701 - src.process_pipeline - INFO - Successfully merged 140 records with team statistics
2025-08-28 21:53:59,708 - src.process_pipeline - INFO - Saved merged data to data\processed\Europe\Champions League\2019\merged_2019.csv
2025-08-28 21:53:59,708 - src.process_pipeline - INFO - Successfully merged 140 records
2025-08-28 21:53:59,710 - src.process_pipeline - INFO - Processing Europe/Champions League/2020
2025-08-28 21:53:59,724 - src.process_pipeline - INFO - Successfully merged 178 records with team statistics
2025-08-28 21:53:59,731 - src.process_pipeline - INFO - Saved merged data to data\processed\Europe\Champions League\2020\merged_2020.csv
2025-08-28 21:53:59,732 - src.process_pipeline - INFO - Successfully merged 178 records
2025-08-28 21:53:59,734 - src.process_pipeline - INFO - Processing Europe/Champions League/2021
2025-08-28 21:53:59,750 - src.process_pipeline - INFO - Successfully merged 157 records with team statistics
2025-08-28 21:53:59,759 - src.process_pipeline - INFO - Saved merged data to data\processed\Europe\Champions League\2021\merged_2021.csv
2025-08-28 21:53:59,759 - src.process_pipeline - INFO - Successfully merged 157 records
2025-08-28 21:53:59,763 - src.process_pipeline - INFO - Processing Europe/Champions League/2022
2025-08-28 21:53:59,783 - src.process_pipeline - INFO - Successfully merged 210 records with team statistics
2025-08-28 21:53:59,795 - src.process_pipeline - INFO - Saved merged data to data\processed\Europe\Champions League\2022\merged_2022.csv
2025-08-28 21:53:59,795 - src.process_pipeline - INFO - Successfully merged 210 records
2025-08-28 21:53:59,799 - src.process_pipeline - INFO - Processing Europe/Champions League/2023
2025-08-28 21:53:59,819 - src.process_pipeline - INFO - Successfully merged 211 records with team statistics
2025-08-28 21:53:59,827 - src.process_pipeline - INFO - Saved merged data to data\processed\Europe\Champions League\2023\merged_2023.csv
2025-08-28 21:53:59,827 - src.process_pipeline - INFO - Successfully merged 211 records
2025-08-28 21:53:59,830 - src.process_pipeline - INFO - Processing Europe/Champions League/2024
2025-08-28 21:53:59,847 - src.process_pipeline - INFO - Successfully merged 279 records with team statistics
2025-08-28 21:53:59,859 - src.process_pipeline - INFO - Saved merged data to data\processed\Europe\Champions League\2024\merged_2024.csv
2025-08-28 21:53:59,859 - src.process_pipeline - INFO - Successfully merged 279 records
2025-08-28 21:53:59,862 - src.process_pipeline - INFO - Processing Europe/Champions League/2025
2025-08-28 21:53:59,875 - src.process_pipeline - INFO - Successfully merged 30 records with team statistics
2025-08-28 21:53:59,878 - src.process_pipeline - INFO - Saved merged data to data\processed\Europe\Champions League\2025\merged_2025.csv
2025-08-28 21:53:59,879 - src.process_pipeline - INFO - Successfully merged 30 records
2025-08-28 21:53:59,881 - src.process_pipeline - INFO - Processing Europe/Conference League/2021
2025-08-28 21:53:59,898 - src.process_pipeline - INFO - Successfully merged 423 records with team statistics
2025-08-28 21:53:59,912 - src.process_pipeline - INFO - Saved merged data to data\processed\Europe\Conference League\2021\merged_2021.csv
2025-08-28 21:53:59,912 - src.process_pipeline - INFO - Successfully merged 423 records
2025-08-28 21:53:59,915 - src.process_pipeline - INFO - Processing Europe/Conference League/2022
2025-08-28 21:53:59,933 - src.process_pipeline - INFO - Successfully merged 414 records with team statistics
2025-08-28 21:53:59,947 - src.process_pipeline - INFO - Saved merged data to data\processed\Europe\Conference League\2022\merged_2022.csv
2025-08-28 21:53:59,947 - src.process_pipeline - INFO - Successfully merged 414 records
2025-08-28 21:53:59,952 - src.process_pipeline - INFO - Processing Europe/Conference League/2023
2025-08-28 21:53:59,970 - src.process_pipeline - INFO - Successfully merged 417 records with team statistics
2025-08-28 21:53:59,987 - src.process_pipeline - INFO - Saved merged data to data\processed\Europe\Conference League\2023\merged_2023.csv
2025-08-28 21:53:59,987 - src.process_pipeline - INFO - Successfully merged 417 records
2025-08-28 21:53:59,993 - src.process_pipeline - INFO - Processing Europe/Conference League/2024
2025-08-28 21:53:59,993 - src.process_pipeline - WARNING - Missing team stats file: data\extracted\Europe\Conference League\2024\team_statistics.csv
2025-08-28 21:53:59,994 - src.process_pipeline - INFO - Processing Europe/Conference League/2025
2025-08-28 21:54:00,007 - src.process_pipeline - INFO - Successfully merged 84 records with team statistics
2025-08-28 21:54:00,012 - src.process_pipeline - INFO - Saved merged data to data\processed\Europe\Conference League\2025\merged_2025.csv
2025-08-28 21:54:00,012 - src.process_pipeline - INFO - Successfully merged 84 records
2025-08-28 21:54:00,015 - src.process_pipeline - INFO - Processing Europe/Europa League/2018
2025-08-28 21:54:00,033 - src.process_pipeline - INFO - Successfully merged 364 records with team statistics
2025-08-28 21:54:00,046 - src.process_pipeline - INFO - Saved merged data to data\processed\Europe\Europa League\2018\merged_2018.csv
2025-08-28 21:54:00,046 - src.process_pipeline - INFO - Successfully merged 364 records
2025-08-28 21:54:00,049 - src.process_pipeline - INFO - Processing Europe/Europa League/2019
2025-08-28 21:54:00,066 - src.process_pipeline - INFO - Successfully merged 337 records with team statistics
2025-08-28 21:54:00,078 - src.process_pipeline - INFO - Saved merged data to data\processed\Europe\Europa League\2019\merged_2019.csv
2025-08-28 21:54:00,078 - src.process_pipeline - INFO - Successfully merged 337 records
2025-08-28 21:54:00,083 - src.process_pipeline - INFO - Processing Europe/Europa League/2020
2025-08-28 21:54:00,099 - src.process_pipeline - INFO - Successfully merged 362 records with team statistics
2025-08-28 21:54:00,112 - src.process_pipeline - INFO - Saved merged data to data\processed\Europe\Europa League\2020\merged_2020.csv
2025-08-28 21:54:00,112 - src.process_pipeline - INFO - Successfully merged 362 records
2025-08-28 21:54:00,116 - src.process_pipeline - INFO - Processing Europe/Europa League/2021
2025-08-28 21:54:00,131 - src.process_pipeline - INFO - Successfully merged 177 records with team statistics
2025-08-28 21:54:00,139 - src.process_pipeline - INFO - Saved merged data to data\processed\Europe\Europa League\2021\merged_2021.csv
2025-08-28 21:54:00,140 - src.process_pipeline - INFO - Successfully merged 177 records
2025-08-28 21:54:00,144 - src.process_pipeline - INFO - Processing Europe/Europa League/2022
2025-08-28 21:54:00,159 - src.process_pipeline - INFO - Successfully merged 175 records with team statistics
2025-08-28 21:54:00,166 - src.process_pipeline - INFO - Saved merged data to data\processed\Europe\Europa League\2022\merged_2022.csv
2025-08-28 21:54:00,166 - src.process_pipeline - INFO - Successfully merged 175 records
2025-08-28 21:54:00,170 - src.process_pipeline - INFO - Processing Europe/Europa League/2023
2025-08-28 21:54:00,186 - src.process_pipeline - INFO - Successfully merged 175 records with team statistics
2025-08-28 21:54:00,193 - src.process_pipeline - INFO - Saved merged data to data\processed\Europe\Europa League\2023\merged_2023.csv
2025-08-28 21:54:00,193 - src.process_pipeline - INFO - Successfully merged 175 records
2025-08-28 21:54:00,197 - src.process_pipeline - INFO - Processing Europe/Europa League/2024
2025-08-28 21:54:00,213 - src.process_pipeline - INFO - Successfully merged 269 records with team statistics
2025-08-28 21:54:00,223 - src.process_pipeline - INFO - Saved merged data to data\processed\Europe\Europa League\2024\merged_2024.csv
2025-08-28 21:54:00,223 - src.process_pipeline - INFO - Successfully merged 269 records
2025-08-28 21:54:00,226 - src.process_pipeline - INFO - Processing Europe/Europa League/2025
2025-08-28 21:54:00,238 - src.process_pipeline - INFO - Successfully merged 38 records with team statistics
2025-08-28 21:54:00,241 - src.process_pipeline - INFO - Saved merged data to data\processed\Europe\Europa League\2025\merged_2025.csv
2025-08-28 21:54:00,241 - src.process_pipeline - INFO - Successfully merged 38 records
2025-08-28 21:54:00,245 - src.process_pipeline - INFO - Processing Italy/Coppa Italia/2020
2025-08-28 21:54:00,258 - src.process_pipeline - INFO - Successfully merged 79 records with team statistics
2025-08-28 21:54:00,261 - src.process_pipeline - INFO - Saved merged data to data\processed\Italy\Coppa Italia\2020\merged_2020.csv
2025-08-28 21:54:00,262 - src.process_pipeline - INFO - Successfully merged 79 records
2025-08-28 21:54:00,265 - src.process_pipeline - INFO - Processing Italy/Coppa Italia/2021
2025-08-28 21:54:00,277 - src.process_pipeline - INFO - Successfully merged 45 records with team statistics
2025-08-28 21:54:00,280 - src.process_pipeline - INFO - Saved merged data to data\processed\Italy\Coppa Italia\2021\merged_2021.csv
2025-08-28 21:54:00,280 - src.process_pipeline - INFO - Successfully merged 45 records
2025-08-28 21:54:00,284 - src.process_pipeline - INFO - Processing Italy/Coppa Italia/2022
2025-08-28 21:54:00,296 - src.process_pipeline - INFO - Successfully merged 41 records with team statistics
2025-08-28 21:54:00,299 - src.process_pipeline - INFO - Saved merged data to data\processed\Italy\Coppa Italia\2022\merged_2022.csv
2025-08-28 21:54:00,299 - src.process_pipeline - INFO - Successfully merged 41 records
2025-08-28 21:54:00,303 - src.process_pipeline - INFO - Processing Italy/Coppa Italia/2023
2025-08-28 21:54:00,315 - src.process_pipeline - INFO - Successfully merged 45 records with team statistics
2025-08-28 21:54:00,318 - src.process_pipeline - INFO - Saved merged data to data\processed\Italy\Coppa Italia\2023\merged_2023.csv
2025-08-28 21:54:00,318 - src.process_pipeline - INFO - Successfully merged 45 records
2025-08-28 21:54:00,322 - src.process_pipeline - INFO - Processing Italy/Coppa Italia/2024
2025-08-28 21:54:00,334 - src.process_pipeline - INFO - Successfully merged 45 records with team statistics
2025-08-28 21:54:00,337 - src.process_pipeline - INFO - Saved merged data to data\processed\Italy\Coppa Italia\2024\merged_2024.csv
2025-08-28 21:54:00,337 - src.process_pipeline - INFO - Successfully merged 45 records
2025-08-28 21:54:00,341 - src.process_pipeline - INFO - Processing Italy/Serie A/2018
2025-08-28 21:54:00,359 - src.process_pipeline - INFO - Successfully merged 380 records with team statistics
2025-08-28 21:54:00,372 - src.process_pipeline - INFO - Saved merged data to data\processed\Italy\Serie A\2018\merged_2018.csv
2025-08-28 21:54:00,372 - src.process_pipeline - INFO - Successfully merged 380 records
2025-08-28 21:54:00,377 - src.process_pipeline - INFO - Processing Italy/Serie A/2019
2025-08-28 21:54:00,393 - src.process_pipeline - INFO - Successfully merged 256 records with team statistics
2025-08-28 21:54:00,401 - src.process_pipeline - INFO - Saved merged data to data\processed\Italy\Serie A\2019\merged_2019.csv
2025-08-28 21:54:00,401 - src.process_pipeline - INFO - Successfully merged 256 records
2025-08-28 21:54:00,410 - src.process_pipeline - INFO - Processing Italy/Serie A/2020
2025-08-28 21:54:00,427 - src.process_pipeline - INFO - Successfully merged 380 records with team statistics
2025-08-28 21:54:00,438 - src.process_pipeline - INFO - Saved merged data to data\processed\Italy\Serie A\2020\merged_2020.csv
2025-08-28 21:54:00,439 - src.process_pipeline - INFO - Successfully merged 380 records
2025-08-28 21:54:00,445 - src.process_pipeline - INFO - Processing Italy/Serie A/2021
2025-08-28 21:54:00,464 - src.process_pipeline - INFO - Successfully merged 380 records with team statistics
2025-08-28 21:54:00,475 - src.process_pipeline - INFO - Saved merged data to data\processed\Italy\Serie A\2021\merged_2021.csv
2025-08-28 21:54:00,475 - src.process_pipeline - INFO - Successfully merged 380 records
2025-08-28 21:54:00,480 - src.process_pipeline - INFO - Processing Italy/Serie A/2022
2025-08-28 21:54:00,498 - src.process_pipeline - INFO - Successfully merged 370 records with team statistics
2025-08-28 21:54:00,509 - src.process_pipeline - INFO - Saved merged data to data\processed\Italy\Serie A\2022\merged_2022.csv
2025-08-28 21:54:00,509 - src.process_pipeline - INFO - Successfully merged 370 records
2025-08-28 21:54:00,517 - src.process_pipeline - INFO - Processing Italy/Serie A/2023
2025-08-28 21:54:00,535 - src.process_pipeline - INFO - Successfully merged 379 records with team statistics
2025-08-28 21:54:00,547 - src.process_pipeline - INFO - Saved merged data to data\processed\Italy\Serie A\2023\merged_2023.csv
2025-08-28 21:54:00,547 - src.process_pipeline - INFO - Successfully merged 379 records
2025-08-28 21:54:00,555 - src.process_pipeline - INFO - Processing Italy/Serie A/2024
2025-08-28 21:54:00,574 - src.process_pipeline - INFO - Successfully merged 380 records with team statistics
2025-08-28 21:54:00,589 - src.process_pipeline - INFO - Saved merged data to data\processed\Italy\Serie A\2024\merged_2024.csv
2025-08-28 21:54:00,590 - src.process_pipeline - INFO - Successfully merged 380 records
2025-08-28 21:54:00,598 - src.process_pipeline - INFO - Processing Italy/Serie A/2025
2025-08-28 21:54:00,610 - src.process_pipeline - INFO - Successfully merged 10 records with team statistics
2025-08-28 21:54:00,612 - src.process_pipeline - INFO - Saved merged data to data\processed\Italy\Serie A\2025\merged_2025.csv
2025-08-28 21:54:00,612 - src.process_pipeline - INFO - Successfully merged 10 records
2025-08-28 21:54:00,620 - src.process_pipeline - INFO - Processing Italy/Serie B/2021
2025-08-28 21:54:00,639 - src.process_pipeline - INFO - Successfully merged 390 records with team statistics
2025-08-28 21:54:00,650 - src.process_pipeline - INFO - Saved merged data to data\processed\Italy\Serie B\2021\merged_2021.csv
2025-08-28 21:54:00,651 - src.process_pipeline - INFO - Successfully merged 390 records
2025-08-28 21:54:00,657 - src.process_pipeline - INFO - Processing Italy/Serie B/2022
2025-08-28 21:54:00,676 - src.process_pipeline - INFO - Successfully merged 385 records with team statistics
2025-08-28 21:54:00,687 - src.process_pipeline - INFO - Saved merged data to data\processed\Italy\Serie B\2022\merged_2022.csv
2025-08-28 21:54:00,688 - src.process_pipeline - INFO - Successfully merged 385 records
2025-08-28 21:54:00,696 - src.process_pipeline - INFO - Processing Italy/Serie B/2023
2025-08-28 21:54:00,714 - src.process_pipeline - INFO - Successfully merged 389 records with team statistics
2025-08-28 21:54:00,726 - src.process_pipeline - INFO - Saved merged data to data\processed\Italy\Serie B\2023\merged_2023.csv
2025-08-28 21:54:00,726 - src.process_pipeline - INFO - Successfully merged 389 records
2025-08-28 21:54:00,733 - src.process_pipeline - INFO - Processing Italy/Serie B/2024
2025-08-28 21:54:00,751 - src.process_pipeline - INFO - Successfully merged 387 records with team statistics
2025-08-28 21:54:00,763 - src.process_pipeline - INFO - Saved merged data to data\processed\Italy\Serie B\2024\merged_2024.csv
2025-08-28 21:54:00,764 - src.process_pipeline - INFO - Successfully merged 387 records
2025-08-28 21:54:00,772 - src.process_pipeline - INFO - Processing Italy/Serie B/2025
2025-08-28 21:54:00,772 - src.process_pipeline - WARNING - Missing fixtures file: data\extracted\Italy\Serie B\2025\fixture_events.csv
2025-08-28 21:54:00,772 - src.process_pipeline - INFO - Starting preprocessing and feature engineering
2025-08-28 21:54:00,773 - src.process_pipeline - INFO - Initial data shape: (8947, 71)
2025-08-28 21:54:00,773 - src.process_pipeline - INFO - Cleaning data
2025-08-28 21:54:01,537 - src.process_pipeline - INFO - Adding competition info from league names
2025-08-28 21:54:01,607 - src.process_pipeline - INFO - Competition Distribution:
2025-08-28 21:54:01,607 - src.process_pipeline - INFO -   Cup matches: 251 (2.8%)
2025-08-28 21:54:01,607 - src.process_pipeline - INFO -   European matches: 4599 (51.5%)
2025-08-28 21:54:01,607 - src.process_pipeline - INFO -   League matches: 4086 (45.7%)
2025-08-28 21:54:01,609 - src.process_pipeline - INFO - Adding competition context
2025-08-28 21:54:02,191 - src.process_pipeline - INFO - Adding competition metrics
2025-08-28 21:54:02,618 - src.process_pipeline - INFO - Calculating proper standings for 8936 matches...
2025-08-28 21:54:03,221 - src.process_pipeline - INFO - Standings progress: 11.2% (1000/8936)
2025-08-28 21:54:03,888 - src.process_pipeline - INFO - Standings progress: 22.4% (2000/8936)
2025-08-28 21:54:04,585 - src.process_pipeline - INFO - Standings progress: 33.6% (3000/8936)
2025-08-28 21:54:05,211 - src.process_pipeline - INFO - Standings progress: 44.8% (4000/8936)
2025-08-28 21:54:05,820 - src.process_pipeline - INFO - Standings progress: 56.0% (5000/8936)
2025-08-28 21:54:06,449 - src.process_pipeline - INFO - Standings progress: 67.1% (6000/8936)
2025-08-28 21:54:07,079 - src.process_pipeline - INFO - Standings progress: 78.3% (7000/8936)
2025-08-28 21:54:07,783 - src.process_pipeline - INFO - Standings progress: 89.5% (8000/8936)
2025-08-28 21:54:08,550 - src.process_pipeline - INFO - Standings progress: 100.0% (8936/8936)
2025-08-28 21:54:18,528 - src.process_pipeline - INFO - Completed: Processing 8936 matches...
2025-08-28 21:54:24,519 - src.process_pipeline - INFO - Progress: 10% (893/8936) - 6.0s
2025-08-28 21:54:31,062 - src.process_pipeline - INFO - Progress: 20% (1786/8936) - 12.5s
2025-08-28 21:54:38,684 - src.process_pipeline - INFO - Progress: 30% (2679/8936) - 20.2s
2025-08-28 21:54:45,163 - src.process_pipeline - INFO - Progress: 40% (3572/8936) - 26.6s
2025-08-28 21:54:53,666 - src.process_pipeline - INFO - Progress: 50% (4465/8936) - 35.1s
2025-08-28 21:55:02,181 - src.process_pipeline - INFO - Progress: 60% (5358/8936) - 43.7s
2025-08-28 21:55:11,178 - src.process_pipeline - INFO - Progress: 70% (6251/8936) - 52.6s
2025-08-28 21:55:20,100 - src.process_pipeline - INFO - Progress: 80% (7144/8936) - 61.6s
2025-08-28 21:55:28,337 - src.process_pipeline - INFO - Progress: 90% (8037/8936) - 69.8s
2025-08-28 21:55:37,354 - src.process_pipeline - INFO - Progress: 100% (8930/8936) - 78.8s
2025-08-28 21:55:37,420 - src.process_pipeline - INFO - Progress: 100% (8936/8936) - 78.9s
2025-08-28 21:55:37,423 - src.process_pipeline - INFO - Upcoming: No matches to process
2025-08-28 21:55:38,390 - src.process_pipeline - INFO - Dropped 36 original metrics
2025-08-28 21:55:38,414 - src.process_pipeline - INFO - Calculating rolling averages for 85 metrics with windows [5]
2025-08-28 21:55:56,838 - src.process_pipeline - INFO - Dropped 49 non rolled metrics
2025-08-28 21:55:56,838 - src.process_pipeline - INFO - Calculated rolling averages completed
2025-08-28 21:55:56,859 - src.process_pipeline - INFO - Final shape: (8936, 171)
2025-08-28 21:56:00,167 - src.process_pipeline - INFO - Saved H2H data with 6292 team pairs
2025-08-28 21:56:00,170 - src.process_pipeline - INFO - Saved standings data for 2401 teams
2025-08-28 21:56:00,170 - src.process_pipeline - INFO - Incremental processing complete. Total records: 8936
2025-08-28 21:56:00,170 - src.process_pipeline - INFO - New records processed: 8936
