2025-09-03 21:15:13,320 - src.process_pipeline - INFO - Logging initialized. Log file: logs/process\process_20250903_211513.log
2025-09-03 21:15:14,251 - src.process_pipeline - INFO - Loaded H2H data with 11835 team pairs
2025-09-03 21:15:14,254 - src.process_pipeline - INFO - Loaded standings data for 1964 teams
2025-09-03 21:15:14,269 - src.process_pipeline - INFO - Found 178 new fixtures in Europe/Champions League/2020
2025-09-03 21:15:14,269 - src.process_pipeline - INFO - New data check: True
2025-09-03 21:15:14,270 - src.process_pipeline - INFO - Already processed fixtures: 0
2025-09-03 21:15:14,276 - src.process_pipeline - INFO - Processing Europe - Champions League - 2020
2025-09-03 21:15:14,276 - src.process_pipeline - INFO - Processing Europe/Champions League/2020
2025-09-03 21:15:14,285 - src.process_pipeline - WARNING - Missing odds file: data\extracted\Europe\Champions League\2020\odds.csv
2025-09-03 21:15:14,294 - src.process_pipeline - INFO - Successfully merged 178 records with team statistics
2025-09-03 21:15:14,303 - src.process_pipeline - INFO - Saved merged data to data\processed\Europe\Champions League\2020\merged_2020.csv
2025-09-03 21:15:14,304 - src.process_pipeline - INFO - Successfully merged 178 records
2025-09-03 21:15:14,304 - src.process_pipeline - INFO -   Found 178 new matches
2025-09-03 21:15:14,304 - src.process_pipeline - INFO - Processing Europe - Champions League - 2021
2025-09-03 21:15:14,304 - src.process_pipeline - INFO - Processing Europe/Champions League/2021
2025-09-03 21:15:14,312 - src.process_pipeline - WARNING - Missing odds file: data\extracted\Europe\Champions League\2021\odds.csv
2025-09-03 21:15:14,320 - src.process_pipeline - INFO - Successfully merged 157 records with team statistics
2025-09-03 21:15:14,327 - src.process_pipeline - INFO - Saved merged data to data\processed\Europe\Champions League\2021\merged_2021.csv
2025-09-03 21:15:14,327 - src.process_pipeline - INFO - Successfully merged 157 records
2025-09-03 21:15:14,327 - src.process_pipeline - INFO -   Found 157 new matches
2025-09-03 21:15:14,330 - src.process_pipeline - INFO - Processing Europe - Champions League - 2022
2025-09-03 21:15:14,330 - src.process_pipeline - INFO - Processing Europe/Champions League/2022
2025-09-03 21:15:14,339 - src.process_pipeline - WARNING - Missing odds file: data\extracted\Europe\Champions League\2022\odds.csv
2025-09-03 21:15:14,347 - src.process_pipeline - INFO - Successfully merged 210 records with team statistics
2025-09-03 21:15:14,357 - src.process_pipeline - INFO - Saved merged data to data\processed\Europe\Champions League\2022\merged_2022.csv
2025-09-03 21:15:14,357 - src.process_pipeline - INFO - Successfully merged 210 records
2025-09-03 21:15:14,358 - src.process_pipeline - INFO -   Found 210 new matches
2025-09-03 21:15:14,360 - src.process_pipeline - INFO - Processing Europe - Champions League - 2023
2025-09-03 21:15:14,361 - src.process_pipeline - INFO - Processing Europe/Champions League/2023
2025-09-03 21:15:14,370 - src.process_pipeline - WARNING - Missing odds file: data\extracted\Europe\Champions League\2023\odds.csv
2025-09-03 21:15:14,381 - src.process_pipeline - INFO - Successfully merged 211 records with team statistics
2025-09-03 21:15:14,393 - src.process_pipeline - INFO - Saved merged data to data\processed\Europe\Champions League\2023\merged_2023.csv
2025-09-03 21:15:14,393 - src.process_pipeline - INFO - Successfully merged 211 records
2025-09-03 21:15:14,394 - src.process_pipeline - INFO -   Found 211 new matches
2025-09-03 21:15:14,398 - src.process_pipeline - INFO - Processing Europe - Champions League - 2024
2025-09-03 21:15:14,398 - src.process_pipeline - INFO - Processing Europe/Champions League/2024
2025-09-03 21:15:14,408 - src.process_pipeline - WARNING - Missing odds file: data\extracted\Europe\Champions League\2024\odds.csv
2025-09-03 21:15:14,420 - src.process_pipeline - INFO - Successfully merged 279 records with team statistics
2025-09-03 21:15:14,432 - src.process_pipeline - INFO - Saved merged data to data\processed\Europe\Champions League\2024\merged_2024.csv
2025-09-03 21:15:14,432 - src.process_pipeline - INFO - Successfully merged 279 records
2025-09-03 21:15:14,433 - src.process_pipeline - INFO -   Found 279 new matches
2025-09-03 21:15:14,435 - src.process_pipeline - INFO - Processing Europe - Champions League - 2025
2025-09-03 21:15:14,436 - src.process_pipeline - INFO - Processing Europe/Champions League/2025
2025-09-03 21:15:14,444 - src.process_pipeline - INFO - Odds data found for Europe/Champions League/2025
2025-09-03 21:15:14,493 - src.process_pipeline - INFO - Added odds data for 7 fixtures
2025-09-03 21:15:14,493 - src.process_pipeline - INFO - Successfully merged 34 records with team statistics
2025-09-03 21:15:14,500 - src.process_pipeline - INFO - Saved merged data to data\processed\Europe\Champions League\2025\merged_2025.csv
2025-09-03 21:15:14,507 - src.process_pipeline - INFO - Successfully merged 34 records
2025-09-03 21:15:14,507 - src.process_pipeline - INFO -   Found 34 new matches
2025-09-03 21:15:14,513 - src.process_pipeline - INFO - Processing Europe - Conference League - 2021
2025-09-03 21:15:14,514 - src.process_pipeline - INFO - Processing Europe/Conference League/2021
2025-09-03 21:15:14,531 - src.process_pipeline - WARNING - Missing odds file: data\extracted\Europe\Conference League\2021\odds.csv
2025-09-03 21:15:14,555 - src.process_pipeline - INFO - Successfully merged 423 records with team statistics
2025-09-03 21:15:14,581 - src.process_pipeline - INFO - Saved merged data to data\processed\Europe\Conference League\2021\merged_2021.csv
2025-09-03 21:15:14,582 - src.process_pipeline - INFO - Successfully merged 423 records
2025-09-03 21:15:14,582 - src.process_pipeline - INFO -   Found 423 new matches
2025-09-03 21:15:14,587 - src.process_pipeline - INFO - Processing Europe - Conference League - 2022
2025-09-03 21:15:14,588 - src.process_pipeline - INFO - Processing Europe/Conference League/2022
2025-09-03 21:15:14,601 - src.process_pipeline - WARNING - Missing odds file: data\extracted\Europe\Conference League\2022\odds.csv
2025-09-03 21:15:14,613 - src.process_pipeline - INFO - Successfully merged 414 records with team statistics
2025-09-03 21:15:14,635 - src.process_pipeline - INFO - Saved merged data to data\processed\Europe\Conference League\2022\merged_2022.csv
2025-09-03 21:15:14,635 - src.process_pipeline - INFO - Successfully merged 414 records
2025-09-03 21:15:14,636 - src.process_pipeline - INFO -   Found 414 new matches
2025-09-03 21:15:14,640 - src.process_pipeline - INFO - Processing Europe - Conference League - 2023
2025-09-03 21:15:14,641 - src.process_pipeline - INFO - Processing Europe/Conference League/2023
2025-09-03 21:15:14,657 - src.process_pipeline - WARNING - Missing odds file: data\extracted\Europe\Conference League\2023\odds.csv
2025-09-03 21:15:14,671 - src.process_pipeline - INFO - Successfully merged 417 records with team statistics
2025-09-03 21:15:14,689 - src.process_pipeline - INFO - Saved merged data to data\processed\Europe\Conference League\2023\merged_2023.csv
2025-09-03 21:15:14,689 - src.process_pipeline - INFO - Successfully merged 417 records
2025-09-03 21:15:14,690 - src.process_pipeline - INFO -   Found 417 new matches
2025-09-03 21:15:14,693 - src.process_pipeline - INFO - Processing Europe - Conference League - 2024
2025-09-03 21:15:14,694 - src.process_pipeline - INFO - Processing Europe/Conference League/2024
2025-09-03 21:15:14,694 - src.process_pipeline - WARNING - Missing team stats file: data\extracted\Europe\Conference League\2024\team_statistics.csv
2025-09-03 21:15:14,694 - src.process_pipeline - INFO -   No new matches found
2025-09-03 21:15:14,694 - src.process_pipeline - INFO - Processing Europe - Conference League - 2025
2025-09-03 21:15:14,695 - src.process_pipeline - INFO - Processing Europe/Conference League/2025
2025-09-03 21:15:14,704 - src.process_pipeline - INFO - Odds data found for Europe/Conference League/2025
2025-09-03 21:15:14,770 - src.process_pipeline - INFO - Added odds data for 24 fixtures
2025-09-03 21:15:14,770 - src.process_pipeline - INFO - Successfully merged 108 records with team statistics
2025-09-03 21:15:14,775 - src.process_pipeline - INFO - Saved merged data to data\processed\Europe\Conference League\2025\merged_2025.csv
2025-09-03 21:15:14,775 - src.process_pipeline - INFO - Successfully merged 108 records
2025-09-03 21:15:14,776 - src.process_pipeline - INFO -   Found 108 new matches
2025-09-03 21:15:14,779 - src.process_pipeline - INFO - Processing Europe - Europa League - 2020
2025-09-03 21:15:14,780 - src.process_pipeline - INFO - Processing Europe/Europa League/2020
2025-09-03 21:15:14,790 - src.process_pipeline - WARNING - Missing odds file: data\extracted\Europe\Europa League\2020\odds.csv
2025-09-03 21:15:14,799 - src.process_pipeline - INFO - Successfully merged 362 records with team statistics
2025-09-03 21:15:14,812 - src.process_pipeline - INFO - Saved merged data to data\processed\Europe\Europa League\2020\merged_2020.csv
2025-09-03 21:15:14,812 - src.process_pipeline - INFO - Successfully merged 362 records
2025-09-03 21:15:14,813 - src.process_pipeline - INFO -   Found 362 new matches
2025-09-03 21:15:14,816 - src.process_pipeline - INFO - Processing Europe - Europa League - 2021
2025-09-03 21:15:14,816 - src.process_pipeline - INFO - Processing Europe/Europa League/2021
2025-09-03 21:15:14,824 - src.process_pipeline - WARNING - Missing odds file: data\extracted\Europe\Europa League\2021\odds.csv
2025-09-03 21:15:14,833 - src.process_pipeline - INFO - Successfully merged 177 records with team statistics
2025-09-03 21:15:14,843 - src.process_pipeline - INFO - Saved merged data to data\processed\Europe\Europa League\2021\merged_2021.csv
2025-09-03 21:15:14,843 - src.process_pipeline - INFO - Successfully merged 177 records
2025-09-03 21:15:14,844 - src.process_pipeline - INFO -   Found 177 new matches
2025-09-03 21:15:14,849 - src.process_pipeline - INFO - Processing Europe - Europa League - 2022
2025-09-03 21:15:14,850 - src.process_pipeline - INFO - Processing Europe/Europa League/2022
2025-09-03 21:15:14,858 - src.process_pipeline - WARNING - Missing odds file: data\extracted\Europe\Europa League\2022\odds.csv
2025-09-03 21:15:14,868 - src.process_pipeline - INFO - Successfully merged 175 records with team statistics
2025-09-03 21:15:14,877 - src.process_pipeline - INFO - Saved merged data to data\processed\Europe\Europa League\2022\merged_2022.csv
2025-09-03 21:15:14,878 - src.process_pipeline - INFO - Successfully merged 175 records
2025-09-03 21:15:14,878 - src.process_pipeline - INFO -   Found 175 new matches
2025-09-03 21:15:14,882 - src.process_pipeline - INFO - Processing Europe - Europa League - 2023
2025-09-03 21:15:14,883 - src.process_pipeline - INFO - Processing Europe/Europa League/2023
2025-09-03 21:15:14,890 - src.process_pipeline - WARNING - Missing odds file: data\extracted\Europe\Europa League\2023\odds.csv
2025-09-03 21:15:14,901 - src.process_pipeline - INFO - Successfully merged 175 records with team statistics
2025-09-03 21:15:14,912 - src.process_pipeline - INFO - Saved merged data to data\processed\Europe\Europa League\2023\merged_2023.csv
2025-09-03 21:15:14,912 - src.process_pipeline - INFO - Successfully merged 175 records
2025-09-03 21:15:14,912 - src.process_pipeline - INFO -   Found 175 new matches
2025-09-03 21:15:14,916 - src.process_pipeline - INFO - Processing Europe - Europa League - 2024
2025-09-03 21:15:14,917 - src.process_pipeline - INFO - Processing Europe/Europa League/2024
2025-09-03 21:15:14,927 - src.process_pipeline - WARNING - Missing odds file: data\extracted\Europe\Europa League\2024\odds.csv
2025-09-03 21:15:14,936 - src.process_pipeline - INFO - Successfully merged 269 records with team statistics
2025-09-03 21:15:14,946 - src.process_pipeline - INFO - Saved merged data to data\processed\Europe\Europa League\2024\merged_2024.csv
2025-09-03 21:15:14,946 - src.process_pipeline - INFO - Successfully merged 269 records
2025-09-03 21:15:14,947 - src.process_pipeline - INFO -   Found 269 new matches
2025-09-03 21:15:14,950 - src.process_pipeline - INFO - Processing Europe - Europa League - 2025
2025-09-03 21:15:14,951 - src.process_pipeline - INFO - Processing Europe/Europa League/2025
2025-09-03 21:15:14,957 - src.process_pipeline - INFO - Odds data found for Europe/Europa League/2025
2025-09-03 21:15:14,992 - src.process_pipeline - INFO - Added odds data for 12 fixtures
2025-09-03 21:15:14,992 - src.process_pipeline - INFO - Successfully merged 50 records with team statistics
2025-09-03 21:15:14,996 - src.process_pipeline - INFO - Saved merged data to data\processed\Europe\Europa League\2025\merged_2025.csv
2025-09-03 21:15:14,996 - src.process_pipeline - INFO - Successfully merged 50 records
2025-09-03 21:15:14,996 - src.process_pipeline - INFO -   Found 50 new matches
2025-09-03 21:15:14,999 - src.process_pipeline - INFO - Processing Italy - Coppa Italia - 2020
2025-09-03 21:15:14,999 - src.process_pipeline - INFO - Processing Italy/Coppa Italia/2020
2025-09-03 21:15:15,005 - src.process_pipeline - WARNING - Missing odds file: data\extracted\Italy\Coppa Italia\2020\odds.csv
2025-09-03 21:15:15,013 - src.process_pipeline - INFO - Successfully merged 79 records with team statistics
2025-09-03 21:15:15,017 - src.process_pipeline - INFO - Saved merged data to data\processed\Italy\Coppa Italia\2020\merged_2020.csv
2025-09-03 21:15:15,017 - src.process_pipeline - INFO - Successfully merged 79 records
2025-09-03 21:15:15,018 - src.process_pipeline - INFO -   Found 79 new matches
2025-09-03 21:15:15,021 - src.process_pipeline - INFO - Processing Italy - Coppa Italia - 2021
2025-09-03 21:15:15,021 - src.process_pipeline - INFO - Processing Italy/Coppa Italia/2021
2025-09-03 21:15:15,026 - src.process_pipeline - WARNING - Missing odds file: data\extracted\Italy\Coppa Italia\2021\odds.csv
2025-09-03 21:15:15,034 - src.process_pipeline - INFO - Successfully merged 45 records with team statistics
2025-09-03 21:15:15,038 - src.process_pipeline - INFO - Saved merged data to data\processed\Italy\Coppa Italia\2021\merged_2021.csv
2025-09-03 21:15:15,038 - src.process_pipeline - INFO - Successfully merged 45 records
2025-09-03 21:15:15,038 - src.process_pipeline - INFO -   Found 45 new matches
2025-09-03 21:15:15,042 - src.process_pipeline - INFO - Processing Italy - Coppa Italia - 2022
2025-09-03 21:15:15,043 - src.process_pipeline - INFO - Processing Italy/Coppa Italia/2022
2025-09-03 21:15:15,048 - src.process_pipeline - WARNING - Missing odds file: data\extracted\Italy\Coppa Italia\2022\odds.csv
2025-09-03 21:15:15,055 - src.process_pipeline - INFO - Successfully merged 41 records with team statistics
2025-09-03 21:15:15,059 - src.process_pipeline - INFO - Saved merged data to data\processed\Italy\Coppa Italia\2022\merged_2022.csv
2025-09-03 21:15:15,059 - src.process_pipeline - INFO - Successfully merged 41 records
2025-09-03 21:15:15,059 - src.process_pipeline - INFO -   Found 41 new matches
2025-09-03 21:15:15,066 - src.process_pipeline - INFO - Processing Italy - Coppa Italia - 2023
2025-09-03 21:15:15,067 - src.process_pipeline - INFO - Processing Italy/Coppa Italia/2023
2025-09-03 21:15:15,077 - src.process_pipeline - WARNING - Missing odds file: data\extracted\Italy\Coppa Italia\2023\odds.csv
2025-09-03 21:15:15,090 - src.process_pipeline - INFO - Successfully merged 45 records with team statistics
2025-09-03 21:15:15,093 - src.process_pipeline - INFO - Saved merged data to data\processed\Italy\Coppa Italia\2023\merged_2023.csv
2025-09-03 21:15:15,094 - src.process_pipeline - INFO - Successfully merged 45 records
2025-09-03 21:15:15,094 - src.process_pipeline - INFO -   Found 45 new matches
2025-09-03 21:15:15,099 - src.process_pipeline - INFO - Processing Italy - Coppa Italia - 2024
2025-09-03 21:15:15,099 - src.process_pipeline - INFO - Processing Italy/Coppa Italia/2024
2025-09-03 21:15:15,104 - src.process_pipeline - WARNING - Missing odds file: data\extracted\Italy\Coppa Italia\2024\odds.csv
2025-09-03 21:15:15,112 - src.process_pipeline - INFO - Successfully merged 45 records with team statistics
2025-09-03 21:15:15,116 - src.process_pipeline - INFO - Saved merged data to data\processed\Italy\Coppa Italia\2024\merged_2024.csv
2025-09-03 21:15:15,116 - src.process_pipeline - INFO - Successfully merged 45 records
2025-09-03 21:15:15,116 - src.process_pipeline - INFO -   Found 45 new matches
2025-09-03 21:15:15,120 - src.process_pipeline - INFO - Processing Italy - Coppa Italia - 2025
2025-09-03 21:15:15,121 - src.process_pipeline - INFO - Processing Italy/Coppa Italia/2025
2025-09-03 21:15:15,121 - src.process_pipeline - WARNING - Missing fixtures file: data\extracted\Italy\Coppa Italia\2025\fixture_events.csv
2025-09-03 21:15:15,121 - src.process_pipeline - INFO -   No new matches found
2025-09-03 21:15:15,121 - src.process_pipeline - INFO - Processing Italy - Serie A - 2020
2025-09-03 21:15:15,121 - src.process_pipeline - INFO - Processing Italy/Serie A/2020
2025-09-03 21:15:15,132 - src.process_pipeline - WARNING - Missing odds file: data\extracted\Italy\Serie A\2020\odds.csv
2025-09-03 21:15:15,140 - src.process_pipeline - INFO - Successfully merged 380 records with team statistics
2025-09-03 21:15:15,152 - src.process_pipeline - INFO - Saved merged data to data\processed\Italy\Serie A\2020\merged_2020.csv
2025-09-03 21:15:15,152 - src.process_pipeline - INFO - Successfully merged 380 records
2025-09-03 21:15:15,152 - src.process_pipeline - INFO -   Found 380 new matches
2025-09-03 21:15:15,156 - src.process_pipeline - INFO - Processing Italy - Serie A - 2021
2025-09-03 21:15:15,156 - src.process_pipeline - INFO - Processing Italy/Serie A/2021
2025-09-03 21:15:15,166 - src.process_pipeline - WARNING - Missing odds file: data\extracted\Italy\Serie A\2021\odds.csv
2025-09-03 21:15:15,174 - src.process_pipeline - INFO - Successfully merged 380 records with team statistics
2025-09-03 21:15:15,186 - src.process_pipeline - INFO - Saved merged data to data\processed\Italy\Serie A\2021\merged_2021.csv
2025-09-03 21:15:15,186 - src.process_pipeline - INFO - Successfully merged 380 records
2025-09-03 21:15:15,186 - src.process_pipeline - INFO -   Found 380 new matches
2025-09-03 21:15:15,190 - src.process_pipeline - INFO - Processing Italy - Serie A - 2022
2025-09-03 21:15:15,191 - src.process_pipeline - INFO - Processing Italy/Serie A/2022
2025-09-03 21:15:15,201 - src.process_pipeline - WARNING - Missing odds file: data\extracted\Italy\Serie A\2022\odds.csv
2025-09-03 21:15:15,209 - src.process_pipeline - INFO - Successfully merged 370 records with team statistics
2025-09-03 21:15:15,224 - src.process_pipeline - INFO - Saved merged data to data\processed\Italy\Serie A\2022\merged_2022.csv
2025-09-03 21:15:15,224 - src.process_pipeline - INFO - Successfully merged 370 records
2025-09-03 21:15:15,224 - src.process_pipeline - INFO -   Found 370 new matches
2025-09-03 21:15:15,230 - src.process_pipeline - INFO - Processing Italy - Serie A - 2023
2025-09-03 21:15:15,231 - src.process_pipeline - INFO - Processing Italy/Serie A/2023
2025-09-03 21:15:15,242 - src.process_pipeline - WARNING - Missing odds file: data\extracted\Italy\Serie A\2023\odds.csv
2025-09-03 21:15:15,252 - src.process_pipeline - INFO - Successfully merged 379 records with team statistics
2025-09-03 21:15:15,267 - src.process_pipeline - INFO - Saved merged data to data\processed\Italy\Serie A\2023\merged_2023.csv
2025-09-03 21:15:15,267 - src.process_pipeline - INFO - Successfully merged 379 records
2025-09-03 21:15:15,268 - src.process_pipeline - INFO -   Found 379 new matches
2025-09-03 21:15:15,274 - src.process_pipeline - INFO - Processing Italy - Serie A - 2024
2025-09-03 21:15:15,275 - src.process_pipeline - INFO - Processing Italy/Serie A/2024
2025-09-03 21:15:15,287 - src.process_pipeline - WARNING - Missing odds file: data\extracted\Italy\Serie A\2024\odds.csv
2025-09-03 21:15:15,296 - src.process_pipeline - INFO - Successfully merged 380 records with team statistics
2025-09-03 21:15:15,311 - src.process_pipeline - INFO - Saved merged data to data\processed\Italy\Serie A\2024\merged_2024.csv
2025-09-03 21:15:15,311 - src.process_pipeline - INFO - Successfully merged 380 records
2025-09-03 21:15:15,312 - src.process_pipeline - INFO -   Found 380 new matches
2025-09-03 21:15:15,317 - src.process_pipeline - INFO - Processing Italy - Serie A - 2025
2025-09-03 21:15:15,318 - src.process_pipeline - INFO - Processing Italy/Serie A/2025
2025-09-03 21:15:15,328 - src.process_pipeline - INFO - Odds data found for Italy/Serie A/2025
2025-09-03 21:15:15,381 - src.process_pipeline - INFO - Added odds data for 18 fixtures
2025-09-03 21:15:15,381 - src.process_pipeline - INFO - Successfully merged 18 records with team statistics
2025-09-03 21:15:15,384 - src.process_pipeline - INFO - Saved merged data to data\processed\Italy\Serie A\2025\merged_2025.csv
2025-09-03 21:15:15,384 - src.process_pipeline - INFO - Successfully merged 18 records
2025-09-03 21:15:15,385 - src.process_pipeline - INFO -   Found 18 new matches
2025-09-03 21:15:15,389 - src.process_pipeline - INFO - Processing Italy - Serie B - 2020
2025-09-03 21:15:15,389 - src.process_pipeline - INFO - Processing Italy/Serie B/2020
2025-09-03 21:15:15,400 - src.process_pipeline - WARNING - Missing odds file: data\extracted\Italy\Serie B\2020\odds.csv
2025-09-03 21:15:15,409 - src.process_pipeline - INFO - Successfully merged 388 records with team statistics
2025-09-03 21:15:15,426 - src.process_pipeline - INFO - Saved merged data to data\processed\Italy\Serie B\2020\merged_2020.csv
2025-09-03 21:15:15,426 - src.process_pipeline - INFO - Successfully merged 388 records
2025-09-03 21:15:15,427 - src.process_pipeline - INFO -   Found 388 new matches
2025-09-03 21:15:15,433 - src.process_pipeline - INFO - Processing Italy - Serie B - 2021
2025-09-03 21:15:15,433 - src.process_pipeline - INFO - Processing Italy/Serie B/2021
2025-09-03 21:15:15,443 - src.process_pipeline - WARNING - Missing odds file: data\extracted\Italy\Serie B\2021\odds.csv
2025-09-03 21:15:15,452 - src.process_pipeline - INFO - Successfully merged 390 records with team statistics
2025-09-03 21:15:15,464 - src.process_pipeline - INFO - Saved merged data to data\processed\Italy\Serie B\2021\merged_2021.csv
2025-09-03 21:15:15,464 - src.process_pipeline - INFO - Successfully merged 390 records
2025-09-03 21:15:15,465 - src.process_pipeline - INFO -   Found 390 new matches
2025-09-03 21:15:15,469 - src.process_pipeline - INFO - Processing Italy - Serie B - 2022
2025-09-03 21:15:15,469 - src.process_pipeline - INFO - Processing Italy/Serie B/2022
2025-09-03 21:15:15,480 - src.process_pipeline - WARNING - Missing odds file: data\extracted\Italy\Serie B\2022\odds.csv
2025-09-03 21:15:15,488 - src.process_pipeline - INFO - Successfully merged 385 records with team statistics
2025-09-03 21:15:15,501 - src.process_pipeline - INFO - Saved merged data to data\processed\Italy\Serie B\2022\merged_2022.csv
2025-09-03 21:15:15,501 - src.process_pipeline - INFO - Successfully merged 385 records
2025-09-03 21:15:15,501 - src.process_pipeline - INFO -   Found 385 new matches
2025-09-03 21:15:15,506 - src.process_pipeline - INFO - Processing Italy - Serie B - 2023
2025-09-03 21:15:15,506 - src.process_pipeline - INFO - Processing Italy/Serie B/2023
2025-09-03 21:15:15,516 - src.process_pipeline - WARNING - Missing odds file: data\extracted\Italy\Serie B\2023\odds.csv
2025-09-03 21:15:15,525 - src.process_pipeline - INFO - Successfully merged 389 records with team statistics
2025-09-03 21:15:15,539 - src.process_pipeline - INFO - Saved merged data to data\processed\Italy\Serie B\2023\merged_2023.csv
2025-09-03 21:15:15,539 - src.process_pipeline - INFO - Successfully merged 389 records
2025-09-03 21:15:15,539 - src.process_pipeline - INFO -   Found 389 new matches
2025-09-03 21:15:15,546 - src.process_pipeline - INFO - Processing Italy - Serie B - 2024
2025-09-03 21:15:15,546 - src.process_pipeline - INFO - Processing Italy/Serie B/2024
2025-09-03 21:15:15,556 - src.process_pipeline - WARNING - Missing odds file: data\extracted\Italy\Serie B\2024\odds.csv
2025-09-03 21:15:15,565 - src.process_pipeline - INFO - Successfully merged 387 records with team statistics
2025-09-03 21:15:15,576 - src.process_pipeline - INFO - Saved merged data to data\processed\Italy\Serie B\2024\merged_2024.csv
2025-09-03 21:15:15,576 - src.process_pipeline - INFO - Successfully merged 387 records
2025-09-03 21:15:15,577 - src.process_pipeline - INFO -   Found 387 new matches
2025-09-03 21:15:15,581 - src.process_pipeline - INFO - Processing Italy - Serie B - 2025
2025-09-03 21:15:15,582 - src.process_pipeline - INFO - Processing Italy/Serie B/2025
2025-09-03 21:15:15,582 - src.process_pipeline - WARNING - Missing fixtures file: data\extracted\Italy\Serie B\2025\fixture_events.csv
2025-09-03 21:15:15,583 - src.process_pipeline - INFO -   No new matches found
2025-09-03 21:15:15,583 - src.process_pipeline - INFO - Total new matches to process: 7740
2025-09-03 21:15:15,583 - src.process_pipeline - INFO - Starting preprocessing and feature engineering
2025-09-03 21:15:15,583 - src.process_pipeline - INFO - Initial data shape: (7740, 72)
2025-09-03 21:15:15,583 - src.process_pipeline - INFO - Cleaning data
2025-09-03 21:15:16,159 - src.process_pipeline - INFO - Final shape: (7727, 71)
2025-09-03 21:15:16,160 - src.process_pipeline - INFO - New processed data shape: (7727, 71)
2025-09-03 21:15:19,122 - src.process_pipeline - INFO - Saved H2H data with 11835 team pairs
2025-09-03 21:15:19,125 - src.process_pipeline - INFO - Saved standings data for 1964 teams
2025-09-03 21:15:19,125 - src.process_pipeline - INFO - Incremental processing complete. Total records: 7727
2025-09-03 21:15:19,125 - src.process_pipeline - INFO - New records processed: 7727
