2025-09-01 20:58:42,409 - src.process_pipeline - INFO - Logging initialized. Log file: logs/process\process_20250901_205842.log
2025-09-01 20:58:43,278 - src.process_pipeline - INFO - Loaded H2H data with 10532 team pairs
2025-09-01 20:58:43,285 - src.process_pipeline - INFO - Loaded standings data for 7622 teams
2025-09-01 20:58:44,198 - src.process_pipeline - INFO - Found 1 new fixtures in England/Championship/2018
2025-09-01 20:58:45,011 - src.process_pipeline - INFO - Processing England/Championship/2017
2025-09-01 20:58:45,025 - src.process_pipeline - WARNING - Missing odds file: data\extracted\England\Championship\2017\odds.csv
2025-09-01 20:58:45,031 - src.process_pipeline - INFO - No new fixtures in England/Championship/2017
2025-09-01 20:58:45,032 - src.process_pipeline - INFO - Processing England/Championship/2018
2025-09-01 20:58:45,046 - src.process_pipeline - WARNING - Missing odds file: data\extracted\England\Championship\2018\odds.csv
2025-09-01 20:58:45,059 - src.process_pipeline - ERROR - No home or away data found after splitting
2025-09-01 20:58:45,059 - src.process_pipeline - ERROR - Error processing England/Championship/2018: No home or away data found after splitting
2025-09-01 20:58:45,061 - src.process_pipeline - INFO - Processing England/Championship/2019
2025-09-01 20:58:45,072 - src.process_pipeline - WARNING - Missing odds file: data\extracted\England\Championship\2019\odds.csv
2025-09-01 20:58:45,080 - src.process_pipeline - INFO - No new fixtures in England/Championship/2019
2025-09-01 20:58:45,080 - src.process_pipeline - INFO - Processing England/Championship/2020
2025-09-01 20:58:45,095 - src.process_pipeline - WARNING - Missing odds file: data\extracted\England\Championship\2020\odds.csv
2025-09-01 20:58:45,100 - src.process_pipeline - INFO - No new fixtures in England/Championship/2020
2025-09-01 20:58:45,101 - src.process_pipeline - INFO - Processing England/Championship/2021
2025-09-01 20:58:45,115 - src.process_pipeline - WARNING - Missing odds file: data\extracted\England\Championship\2021\odds.csv
2025-09-01 20:58:45,122 - src.process_pipeline - INFO - No new fixtures in England/Championship/2021
2025-09-01 20:58:45,122 - src.process_pipeline - INFO - Processing England/Championship/2022
2025-09-01 20:58:45,137 - src.process_pipeline - WARNING - Missing odds file: data\extracted\England\Championship\2022\odds.csv
2025-09-01 20:58:45,144 - src.process_pipeline - INFO - No new fixtures in England/Championship/2022
2025-09-01 20:58:45,144 - src.process_pipeline - INFO - Processing England/Championship/2023
2025-09-01 20:58:45,159 - src.process_pipeline - WARNING - Missing odds file: data\extracted\England\Championship\2023\odds.csv
2025-09-01 20:58:45,164 - src.process_pipeline - INFO - No new fixtures in England/Championship/2023
2025-09-01 20:58:45,165 - src.process_pipeline - INFO - Processing England/Championship/2024
2025-09-01 20:58:45,178 - src.process_pipeline - WARNING - Missing odds file: data\extracted\England\Championship\2024\odds.csv
2025-09-01 20:58:45,184 - src.process_pipeline - INFO - No new fixtures in England/Championship/2024
2025-09-01 20:58:45,184 - src.process_pipeline - INFO - Processing England/Championship/2025
2025-09-01 20:58:45,191 - src.process_pipeline - INFO - Odds data found for England/Championship/2025
2025-09-01 20:58:45,197 - src.process_pipeline - INFO - No new fixtures in England/Championship/2025
2025-09-01 20:58:45,197 - src.process_pipeline - INFO - Processing England/EFL Trophy/2021
2025-09-01 20:58:45,204 - src.process_pipeline - WARNING - Missing odds file: data\extracted\England\EFL Trophy\2021\odds.csv
2025-09-01 20:58:45,210 - src.process_pipeline - INFO - No new fixtures in England/EFL Trophy/2021
2025-09-01 20:58:45,211 - src.process_pipeline - INFO - Processing England/EFL Trophy/2022
2025-09-01 20:58:45,218 - src.process_pipeline - WARNING - Missing odds file: data\extracted\England\EFL Trophy\2022\odds.csv
2025-09-01 20:58:45,224 - src.process_pipeline - INFO - No new fixtures in England/EFL Trophy/2022
2025-09-01 20:58:45,225 - src.process_pipeline - INFO - Processing England/EFL Trophy/2023
2025-09-01 20:58:45,232 - src.process_pipeline - WARNING - Missing odds file: data\extracted\England\EFL Trophy\2023\odds.csv
2025-09-01 20:58:45,242 - src.process_pipeline - INFO - No new fixtures in England/EFL Trophy/2023
2025-09-01 20:58:45,243 - src.process_pipeline - INFO - Processing England/EFL Trophy/2024
2025-09-01 20:58:45,253 - src.process_pipeline - WARNING - Missing odds file: data\extracted\England\EFL Trophy\2024\odds.csv
2025-09-01 20:58:45,262 - src.process_pipeline - INFO - No new fixtures in England/EFL Trophy/2024
2025-09-01 20:58:45,262 - src.process_pipeline - INFO - Processing England/FA Cup/2018
2025-09-01 20:58:45,269 - src.process_pipeline - WARNING - Missing odds file: data\extracted\England\FA Cup\2018\odds.csv
2025-09-01 20:58:45,276 - src.process_pipeline - INFO - No new fixtures in England/FA Cup/2018
2025-09-01 20:58:45,276 - src.process_pipeline - INFO - Processing England/FA Cup/2019
2025-09-01 20:58:45,283 - src.process_pipeline - WARNING - Missing odds file: data\extracted\England\FA Cup\2019\odds.csv
2025-09-01 20:58:45,289 - src.process_pipeline - INFO - No new fixtures in England/FA Cup/2019
2025-09-01 20:58:45,290 - src.process_pipeline - INFO - Processing England/FA Cup/2020
2025-09-01 20:58:45,296 - src.process_pipeline - WARNING - Missing odds file: data\extracted\England\FA Cup\2020\odds.csv
2025-09-01 20:58:45,302 - src.process_pipeline - INFO - No new fixtures in England/FA Cup/2020
2025-09-01 20:58:45,303 - src.process_pipeline - INFO - Processing England/FA Cup/2021
2025-09-01 20:58:45,310 - src.process_pipeline - WARNING - Missing odds file: data\extracted\England\FA Cup\2021\odds.csv
2025-09-01 20:58:45,316 - src.process_pipeline - INFO - No new fixtures in England/FA Cup/2021
2025-09-01 20:58:45,316 - src.process_pipeline - INFO - Processing England/FA Cup/2022
2025-09-01 20:58:45,323 - src.process_pipeline - WARNING - Missing odds file: data\extracted\England\FA Cup\2022\odds.csv
2025-09-01 20:58:45,329 - src.process_pipeline - INFO - No new fixtures in England/FA Cup/2022
2025-09-01 20:58:45,330 - src.process_pipeline - INFO - Processing England/FA Cup/2023
2025-09-01 20:58:45,336 - src.process_pipeline - WARNING - Missing odds file: data\extracted\England\FA Cup\2023\odds.csv
2025-09-01 20:58:45,342 - src.process_pipeline - INFO - No new fixtures in England/FA Cup/2023
2025-09-01 20:58:45,343 - src.process_pipeline - INFO - Processing England/FA Cup/2024
2025-09-01 20:58:45,349 - src.process_pipeline - WARNING - Missing odds file: data\extracted\England\FA Cup\2024\odds.csv
2025-09-01 20:58:45,355 - src.process_pipeline - INFO - No new fixtures in England/FA Cup/2024
2025-09-01 20:58:45,356 - src.process_pipeline - INFO - Processing England/FA Trophy/2023
2025-09-01 20:58:45,356 - src.process_pipeline - WARNING - Missing team stats file: data\extracted\England\FA Trophy\2023\team_statistics.csv
2025-09-01 20:58:45,356 - src.process_pipeline - INFO - Processing England/FA Trophy/2024
2025-09-01 20:58:45,356 - src.process_pipeline - WARNING - Missing fixtures file: data\extracted\England\FA Trophy\2024\fixture_events.csv
2025-09-01 20:58:45,357 - src.process_pipeline - INFO - Processing England/Premier League/2018
2025-09-01 20:58:45,366 - src.process_pipeline - WARNING - Missing odds file: data\extracted\England\Premier League\2018\odds.csv
2025-09-01 20:58:45,372 - src.process_pipeline - INFO - No new fixtures in England/Premier League/2018
2025-09-01 20:58:45,373 - src.process_pipeline - INFO - Processing England/Premier League/2019
2025-09-01 20:58:45,382 - src.process_pipeline - WARNING - Missing odds file: data\extracted\England\Premier League\2019\odds.csv
2025-09-01 20:58:45,389 - src.process_pipeline - INFO - No new fixtures in England/Premier League/2019
2025-09-01 20:58:45,389 - src.process_pipeline - INFO - Processing England/Premier League/2020
2025-09-01 20:58:45,399 - src.process_pipeline - WARNING - Missing odds file: data\extracted\England\Premier League\2020\odds.csv
2025-09-01 20:58:45,405 - src.process_pipeline - INFO - No new fixtures in England/Premier League/2020
2025-09-01 20:58:45,406 - src.process_pipeline - INFO - Processing England/Premier League/2021
2025-09-01 20:58:45,415 - src.process_pipeline - WARNING - Missing odds file: data\extracted\England\Premier League\2021\odds.csv
2025-09-01 20:58:45,421 - src.process_pipeline - INFO - No new fixtures in England/Premier League/2021
2025-09-01 20:58:45,421 - src.process_pipeline - INFO - Processing England/Premier League/2022
2025-09-01 20:58:45,431 - src.process_pipeline - WARNING - Missing odds file: data\extracted\England\Premier League\2022\odds.csv
2025-09-01 20:58:45,437 - src.process_pipeline - INFO - No new fixtures in England/Premier League/2022
2025-09-01 20:58:45,438 - src.process_pipeline - INFO - Processing England/Premier League/2023
2025-09-01 20:58:45,448 - src.process_pipeline - WARNING - Missing odds file: data\extracted\England\Premier League\2023\odds.csv
2025-09-01 20:58:45,454 - src.process_pipeline - INFO - No new fixtures in England/Premier League/2023
2025-09-01 20:58:45,455 - src.process_pipeline - INFO - Processing England/Premier League/2024
2025-09-01 20:58:45,464 - src.process_pipeline - WARNING - Missing odds file: data\extracted\England\Premier League\2024\odds.csv
2025-09-01 20:58:45,470 - src.process_pipeline - INFO - No new fixtures in England/Premier League/2024
2025-09-01 20:58:45,471 - src.process_pipeline - INFO - Processing England/Premier League/2025
2025-09-01 20:58:45,478 - src.process_pipeline - INFO - Odds data found for England/Premier League/2025
2025-09-01 20:58:45,484 - src.process_pipeline - INFO - No new fixtures in England/Premier League/2025
2025-09-01 20:58:45,484 - src.process_pipeline - INFO - Processing Europe/Champions League/2018
2025-09-01 20:58:45,492 - src.process_pipeline - WARNING - Missing odds file: data\extracted\Europe\Champions League\2018\odds.csv
2025-09-01 20:58:45,497 - src.process_pipeline - INFO - No new fixtures in Europe/Champions League/2018
2025-09-01 20:58:45,498 - src.process_pipeline - INFO - Processing Europe/Champions League/2019
2025-09-01 20:58:45,505 - src.process_pipeline - WARNING - Missing odds file: data\extracted\Europe\Champions League\2019\odds.csv
2025-09-01 20:58:45,510 - src.process_pipeline - INFO - No new fixtures in Europe/Champions League/2019
2025-09-01 20:58:45,511 - src.process_pipeline - INFO - Processing Europe/Champions League/2020
2025-09-01 20:58:45,519 - src.process_pipeline - WARNING - Missing odds file: data\extracted\Europe\Champions League\2020\odds.csv
2025-09-01 20:58:45,528 - src.process_pipeline - ERROR - No home or away data found after splitting
2025-09-01 20:58:45,529 - src.process_pipeline - ERROR - Error processing Europe/Champions League/2020: No home or away data found after splitting
2025-09-01 20:58:45,529 - src.process_pipeline - INFO - Processing Europe/Champions League/2021
2025-09-01 20:58:45,536 - src.process_pipeline - WARNING - Missing odds file: data\extracted\Europe\Champions League\2021\odds.csv
2025-09-01 20:58:45,543 - src.process_pipeline - INFO - No new fixtures in Europe/Champions League/2021
2025-09-01 20:58:45,544 - src.process_pipeline - INFO - Processing Europe/Champions League/2022
2025-09-01 20:58:45,553 - src.process_pipeline - WARNING - Missing odds file: data\extracted\Europe\Champions League\2022\odds.csv
2025-09-01 20:58:45,572 - src.process_pipeline - INFO - No new fixtures in Europe/Champions League/2022
2025-09-01 20:58:45,573 - src.process_pipeline - INFO - Processing Europe/Champions League/2023
2025-09-01 20:58:45,580 - src.process_pipeline - WARNING - Missing odds file: data\extracted\Europe\Champions League\2023\odds.csv
2025-09-01 20:58:45,587 - src.process_pipeline - INFO - No new fixtures in Europe/Champions League/2023
2025-09-01 20:58:45,588 - src.process_pipeline - INFO - Processing Europe/Champions League/2024
2025-09-01 20:58:45,597 - src.process_pipeline - WARNING - Missing odds file: data\extracted\Europe\Champions League\2024\odds.csv
2025-09-01 20:58:45,604 - src.process_pipeline - INFO - No new fixtures in Europe/Champions League/2024
2025-09-01 20:58:45,605 - src.process_pipeline - INFO - Processing Europe/Champions League/2025
2025-09-01 20:58:45,612 - src.process_pipeline - INFO - Odds data found for Europe/Champions League/2025
2025-09-01 20:58:45,618 - src.process_pipeline - INFO - No new fixtures in Europe/Champions League/2025
2025-09-01 20:58:45,618 - src.process_pipeline - INFO - Processing Europe/Conference League/2021
2025-09-01 20:58:45,629 - src.process_pipeline - WARNING - Missing odds file: data\extracted\Europe\Conference League\2021\odds.csv
2025-09-01 20:58:45,639 - src.process_pipeline - ERROR - No home or away data found after splitting
2025-09-01 20:58:45,639 - src.process_pipeline - ERROR - Error processing Europe/Conference League/2021: No home or away data found after splitting
2025-09-01 20:58:45,640 - src.process_pipeline - INFO - Processing Europe/Conference League/2022
2025-09-01 20:58:45,651 - src.process_pipeline - WARNING - Missing odds file: data\extracted\Europe\Conference League\2022\odds.csv
2025-09-01 20:58:45,657 - src.process_pipeline - INFO - No new fixtures in Europe/Conference League/2022
2025-09-01 20:58:45,657 - src.process_pipeline - INFO - Processing Europe/Conference League/2023
2025-09-01 20:58:45,668 - src.process_pipeline - WARNING - Missing odds file: data\extracted\Europe\Conference League\2023\odds.csv
2025-09-01 20:58:45,674 - src.process_pipeline - INFO - No new fixtures in Europe/Conference League/2023
2025-09-01 20:58:45,675 - src.process_pipeline - INFO - Processing Europe/Conference League/2024
2025-09-01 20:58:45,675 - src.process_pipeline - WARNING - Missing team stats file: data\extracted\Europe\Conference League\2024\team_statistics.csv
2025-09-01 20:58:45,675 - src.process_pipeline - INFO - Processing Europe/Conference League/2025
2025-09-01 20:58:45,683 - src.process_pipeline - INFO - Odds data found for Europe/Conference League/2025
2025-09-01 20:58:45,689 - src.process_pipeline - INFO - No new fixtures in Europe/Conference League/2025
2025-09-01 20:58:45,689 - src.process_pipeline - INFO - Processing Europe/Europa League/2018
2025-09-01 20:58:45,699 - src.process_pipeline - WARNING - Missing odds file: data\extracted\Europe\Europa League\2018\odds.csv
2025-09-01 20:58:45,705 - src.process_pipeline - INFO - No new fixtures in Europe/Europa League/2018
2025-09-01 20:58:45,706 - src.process_pipeline - INFO - Processing Europe/Europa League/2019
2025-09-01 20:58:45,716 - src.process_pipeline - WARNING - Missing odds file: data\extracted\Europe\Europa League\2019\odds.csv
2025-09-01 20:58:45,722 - src.process_pipeline - INFO - No new fixtures in Europe/Europa League/2019
2025-09-01 20:58:45,723 - src.process_pipeline - INFO - Processing Europe/Europa League/2020
2025-09-01 20:58:45,732 - src.process_pipeline - WARNING - Missing odds file: data\extracted\Europe\Europa League\2020\odds.csv
2025-09-01 20:58:45,742 - src.process_pipeline - ERROR - No home or away data found after splitting
2025-09-01 20:58:45,742 - src.process_pipeline - ERROR - Error processing Europe/Europa League/2020: No home or away data found after splitting
2025-09-01 20:58:45,742 - src.process_pipeline - INFO - Processing Europe/Europa League/2021
2025-09-01 20:58:45,749 - src.process_pipeline - WARNING - Missing odds file: data\extracted\Europe\Europa League\2021\odds.csv
2025-09-01 20:58:45,758 - src.process_pipeline - ERROR - No home or away data found after splitting
2025-09-01 20:58:45,759 - src.process_pipeline - ERROR - Error processing Europe/Europa League/2021: No home or away data found after splitting
2025-09-01 20:58:45,759 - src.process_pipeline - INFO - Processing Europe/Europa League/2022
2025-09-01 20:58:45,766 - src.process_pipeline - WARNING - Missing odds file: data\extracted\Europe\Europa League\2022\odds.csv
2025-09-01 20:58:45,772 - src.process_pipeline - INFO - No new fixtures in Europe/Europa League/2022
2025-09-01 20:58:45,773 - src.process_pipeline - INFO - Processing Europe/Europa League/2023
2025-09-01 20:58:45,780 - src.process_pipeline - WARNING - Missing odds file: data\extracted\Europe\Europa League\2023\odds.csv
2025-09-01 20:58:45,786 - src.process_pipeline - INFO - No new fixtures in Europe/Europa League/2023
2025-09-01 20:58:45,786 - src.process_pipeline - INFO - Processing Europe/Europa League/2024
2025-09-01 20:58:45,795 - src.process_pipeline - WARNING - Missing odds file: data\extracted\Europe\Europa League\2024\odds.csv
2025-09-01 20:58:45,801 - src.process_pipeline - INFO - No new fixtures in Europe/Europa League/2024
2025-09-01 20:58:45,801 - src.process_pipeline - INFO - Processing Europe/Europa League/2025
2025-09-01 20:58:45,809 - src.process_pipeline - INFO - Odds data found for Europe/Europa League/2025
2025-09-01 20:58:45,815 - src.process_pipeline - INFO - No new fixtures in Europe/Europa League/2025
2025-09-01 20:58:45,815 - src.process_pipeline - INFO - Processing France/Coupe de France/2018
2025-09-01 20:58:45,822 - src.process_pipeline - WARNING - Missing odds file: data\extracted\France\Coupe de France\2018\odds.csv
2025-09-01 20:58:45,829 - src.process_pipeline - INFO - No new fixtures in France/Coupe de France/2018
2025-09-01 20:58:45,829 - src.process_pipeline - INFO - Processing France/Coupe de France/2019
2025-09-01 20:58:45,836 - src.process_pipeline - WARNING - Missing odds file: data\extracted\France\Coupe de France\2019\odds.csv
2025-09-01 20:58:45,842 - src.process_pipeline - INFO - No new fixtures in France/Coupe de France/2019
2025-09-01 20:58:45,842 - src.process_pipeline - INFO - Processing France/Coupe de France/2020
2025-09-01 20:58:45,849 - src.process_pipeline - WARNING - Missing odds file: data\extracted\France\Coupe de France\2020\odds.csv
2025-09-01 20:58:45,855 - src.process_pipeline - INFO - No new fixtures in France/Coupe de France/2020
2025-09-01 20:58:45,855 - src.process_pipeline - INFO - Processing France/Coupe de France/2021
2025-09-01 20:58:45,862 - src.process_pipeline - WARNING - Missing odds file: data\extracted\France\Coupe de France\2021\odds.csv
2025-09-01 20:58:45,876 - src.process_pipeline - INFO - Successfully merged 5 records with team statistics
2025-09-01 20:58:45,879 - src.process_pipeline - INFO - Saved merged data to data\processed\France\Coupe de France\2021\merged_2021.csv
2025-09-01 20:58:45,879 - src.process_pipeline - INFO - Successfully merged 5 records
2025-09-01 20:58:45,880 - src.process_pipeline - INFO - Processing France/Coupe de France/2022
2025-09-01 20:58:45,887 - src.process_pipeline - WARNING - Missing odds file: data\extracted\France\Coupe de France\2022\odds.csv
2025-09-01 20:58:45,893 - src.process_pipeline - INFO - No new fixtures in France/Coupe de France/2022
2025-09-01 20:58:45,894 - src.process_pipeline - INFO - Processing France/Coupe de France/2023
2025-09-01 20:58:45,901 - src.process_pipeline - WARNING - Missing odds file: data\extracted\France\Coupe de France\2023\odds.csv
2025-09-01 20:58:45,907 - src.process_pipeline - INFO - No new fixtures in France/Coupe de France/2023
2025-09-01 20:58:45,908 - src.process_pipeline - INFO - Processing France/Coupe de France/2024
2025-09-01 20:58:45,914 - src.process_pipeline - WARNING - Missing odds file: data\extracted\France\Coupe de France\2024\odds.csv
2025-09-01 20:58:45,924 - src.process_pipeline - ERROR - No home or away data found after splitting
2025-09-01 20:58:45,924 - src.process_pipeline - ERROR - Error processing France/Coupe de France/2024: No home or away data found after splitting
2025-09-01 20:58:45,925 - src.process_pipeline - INFO - Processing France/Ligue 1/2018
2025-09-01 20:58:45,934 - src.process_pipeline - WARNING - Missing odds file: data\extracted\France\Ligue 1\2018\odds.csv
2025-09-01 20:58:45,941 - src.process_pipeline - INFO - No new fixtures in France/Ligue 1/2018
2025-09-01 20:58:45,941 - src.process_pipeline - INFO - Processing France/Ligue 1/2019
2025-09-01 20:58:45,950 - src.process_pipeline - WARNING - Missing odds file: data\extracted\France\Ligue 1\2019\odds.csv
2025-09-01 20:58:45,960 - src.process_pipeline - ERROR - No home or away data found after splitting
2025-09-01 20:58:45,960 - src.process_pipeline - ERROR - Error processing France/Ligue 1/2019: No home or away data found after splitting
2025-09-01 20:58:45,961 - src.process_pipeline - INFO - Processing France/Ligue 1/2020
2025-09-01 20:58:45,970 - src.process_pipeline - WARNING - Missing odds file: data\extracted\France\Ligue 1\2020\odds.csv
2025-09-01 20:58:45,977 - src.process_pipeline - INFO - No new fixtures in France/Ligue 1/2020
2025-09-01 20:58:45,977 - src.process_pipeline - INFO - Processing France/Ligue 1/2021
2025-09-01 20:58:45,987 - src.process_pipeline - WARNING - Missing odds file: data\extracted\France\Ligue 1\2021\odds.csv
2025-09-01 20:58:45,993 - src.process_pipeline - INFO - No new fixtures in France/Ligue 1/2021
2025-09-01 20:58:45,993 - src.process_pipeline - INFO - Processing France/Ligue 1/2022
2025-09-01 20:58:46,002 - src.process_pipeline - WARNING - Missing odds file: data\extracted\France\Ligue 1\2022\odds.csv
2025-09-01 20:58:46,008 - src.process_pipeline - INFO - No new fixtures in France/Ligue 1/2022
2025-09-01 20:58:46,008 - src.process_pipeline - INFO - Processing France/Ligue 1/2023
2025-09-01 20:58:46,016 - src.process_pipeline - WARNING - Missing odds file: data\extracted\France\Ligue 1\2023\odds.csv
2025-09-01 20:58:46,022 - src.process_pipeline - INFO - No new fixtures in France/Ligue 1/2023
2025-09-01 20:58:46,023 - src.process_pipeline - INFO - Processing France/Ligue 1/2024
2025-09-01 20:58:46,033 - src.process_pipeline - WARNING - Missing odds file: data\extracted\France\Ligue 1\2024\odds.csv
2025-09-01 20:58:46,039 - src.process_pipeline - INFO - No new fixtures in France/Ligue 1/2024
2025-09-01 20:58:46,039 - src.process_pipeline - INFO - Processing France/Ligue 1/2025
2025-09-01 20:58:46,046 - src.process_pipeline - INFO - Odds data found for France/Ligue 1/2025
2025-09-01 20:58:46,052 - src.process_pipeline - INFO - No new fixtures in France/Ligue 1/2025
2025-09-01 20:58:46,052 - src.process_pipeline - INFO - Processing France/Ligue 2/2018
2025-09-01 20:58:46,062 - src.process_pipeline - WARNING - Missing odds file: data\extracted\France\Ligue 2\2018\odds.csv
2025-09-01 20:58:46,069 - src.process_pipeline - INFO - No new fixtures in France/Ligue 2/2018
2025-09-01 20:58:46,070 - src.process_pipeline - INFO - Processing France/Ligue 2/2019
2025-09-01 20:58:46,079 - src.process_pipeline - WARNING - Missing odds file: data\extracted\France\Ligue 2\2019\odds.csv
2025-09-01 20:58:46,090 - src.process_pipeline - ERROR - No home or away data found after splitting
2025-09-01 20:58:46,090 - src.process_pipeline - ERROR - Error processing France/Ligue 2/2019: No home or away data found after splitting
2025-09-01 20:58:46,091 - src.process_pipeline - INFO - Processing France/Ligue 2/2020
2025-09-01 20:58:46,101 - src.process_pipeline - WARNING - Missing odds file: data\extracted\France\Ligue 2\2020\odds.csv
2025-09-01 20:58:46,111 - src.process_pipeline - ERROR - No home or away data found after splitting
2025-09-01 20:58:46,111 - src.process_pipeline - ERROR - Error processing France/Ligue 2/2020: No home or away data found after splitting
2025-09-01 20:58:46,112 - src.process_pipeline - INFO - Processing France/Ligue 2/2021
2025-09-01 20:58:46,121 - src.process_pipeline - WARNING - Missing odds file: data\extracted\France\Ligue 2\2021\odds.csv
2025-09-01 20:58:46,136 - src.process_pipeline - INFO - Successfully merged 1 records with team statistics
2025-09-01 20:58:46,138 - src.process_pipeline - INFO - Saved merged data to data\processed\France\Ligue 2\2021\merged_2021.csv
2025-09-01 20:58:46,138 - src.process_pipeline - INFO - Successfully merged 1 records
2025-09-01 20:58:46,140 - src.process_pipeline - INFO - Processing France/Ligue 2/2022
2025-09-01 20:58:46,151 - src.process_pipeline - WARNING - Missing odds file: data\extracted\France\Ligue 2\2022\odds.csv
2025-09-01 20:58:46,158 - src.process_pipeline - INFO - No new fixtures in France/Ligue 2/2022
2025-09-01 20:58:46,158 - src.process_pipeline - INFO - Processing France/Ligue 2/2023
2025-09-01 20:58:46,168 - src.process_pipeline - WARNING - Missing odds file: data\extracted\France\Ligue 2\2023\odds.csv
2025-09-01 20:58:46,174 - src.process_pipeline - INFO - No new fixtures in France/Ligue 2/2023
2025-09-01 20:58:46,175 - src.process_pipeline - INFO - Processing France/Ligue 2/2024
2025-09-01 20:58:46,185 - src.process_pipeline - WARNING - Missing odds file: data\extracted\France\Ligue 2\2024\odds.csv
2025-09-01 20:58:46,191 - src.process_pipeline - INFO - No new fixtures in France/Ligue 2/2024
2025-09-01 20:58:46,192 - src.process_pipeline - INFO - Processing France/Ligue 2/2025
2025-09-01 20:58:46,198 - src.process_pipeline - INFO - Odds data found for France/Ligue 2/2025
2025-09-01 20:58:46,203 - src.process_pipeline - INFO - No new fixtures in France/Ligue 2/2025
2025-09-01 20:58:46,204 - src.process_pipeline - INFO - Processing Germany/2. Bundesliga/2017
2025-09-01 20:58:46,204 - src.process_pipeline - WARNING - Missing fixtures file: data\extracted\Germany\2. Bundesliga\2017\fixture_events.csv
2025-09-01 20:58:46,204 - src.process_pipeline - INFO - Processing Germany/2. Bundesliga/2018
2025-09-01 20:58:46,213 - src.process_pipeline - WARNING - Missing odds file: data\extracted\Germany\2. Bundesliga\2018\odds.csv
2025-09-01 20:58:46,219 - src.process_pipeline - INFO - No new fixtures in Germany/2. Bundesliga/2018
2025-09-01 20:58:46,220 - src.process_pipeline - INFO - Processing Germany/2. Bundesliga/2019
2025-09-01 20:58:46,229 - src.process_pipeline - WARNING - Missing odds file: data\extracted\Germany\2. Bundesliga\2019\odds.csv
2025-09-01 20:58:46,235 - src.process_pipeline - INFO - No new fixtures in Germany/2. Bundesliga/2019
2025-09-01 20:58:46,235 - src.process_pipeline - INFO - Processing Germany/2. Bundesliga/2020
2025-09-01 20:58:46,244 - src.process_pipeline - WARNING - Missing odds file: data\extracted\Germany\2. Bundesliga\2020\odds.csv
2025-09-01 20:58:46,250 - src.process_pipeline - INFO - No new fixtures in Germany/2. Bundesliga/2020
2025-09-01 20:58:46,251 - src.process_pipeline - INFO - Processing Germany/2. Bundesliga/2021
2025-09-01 20:58:46,259 - src.process_pipeline - WARNING - Missing odds file: data\extracted\Germany\2. Bundesliga\2021\odds.csv
2025-09-01 20:58:46,265 - src.process_pipeline - INFO - No new fixtures in Germany/2. Bundesliga/2021
2025-09-01 20:58:46,266 - src.process_pipeline - INFO - Processing Germany/2. Bundesliga/2022
2025-09-01 20:58:46,274 - src.process_pipeline - WARNING - Missing odds file: data\extracted\Germany\2. Bundesliga\2022\odds.csv
2025-09-01 20:58:46,280 - src.process_pipeline - INFO - No new fixtures in Germany/2. Bundesliga/2022
2025-09-01 20:58:46,281 - src.process_pipeline - INFO - Processing Germany/2. Bundesliga/2023
2025-09-01 20:58:46,290 - src.process_pipeline - WARNING - Missing odds file: data\extracted\Germany\2. Bundesliga\2023\odds.csv
2025-09-01 20:58:46,296 - src.process_pipeline - INFO - No new fixtures in Germany/2. Bundesliga/2023
2025-09-01 20:58:46,297 - src.process_pipeline - INFO - Processing Germany/2. Bundesliga/2024
2025-09-01 20:58:46,306 - src.process_pipeline - WARNING - Missing odds file: data\extracted\Germany\2. Bundesliga\2024\odds.csv
2025-09-01 20:58:46,312 - src.process_pipeline - INFO - No new fixtures in Germany/2. Bundesliga/2024
2025-09-01 20:58:46,312 - src.process_pipeline - INFO - Processing Germany/2. Bundesliga/2025
2025-09-01 20:58:46,318 - src.process_pipeline - WARNING - Missing odds file: data\extracted\Germany\2. Bundesliga\2025\odds.csv
2025-09-01 20:58:46,324 - src.process_pipeline - INFO - No new fixtures in Germany/2. Bundesliga/2025
2025-09-01 20:58:46,324 - src.process_pipeline - INFO - Processing Germany/Bundesliga/2018
2025-09-01 20:58:46,333 - src.process_pipeline - WARNING - Missing odds file: data\extracted\Germany\Bundesliga\2018\odds.csv
2025-09-01 20:58:46,339 - src.process_pipeline - INFO - No new fixtures in Germany/Bundesliga/2018
2025-09-01 20:58:46,340 - src.process_pipeline - INFO - Processing Germany/Bundesliga/2019
2025-09-01 20:58:46,348 - src.process_pipeline - WARNING - Missing odds file: data\extracted\Germany\Bundesliga\2019\odds.csv
2025-09-01 20:58:46,354 - src.process_pipeline - INFO - No new fixtures in Germany/Bundesliga/2019
2025-09-01 20:58:46,355 - src.process_pipeline - INFO - Processing Germany/Bundesliga/2020
2025-09-01 20:58:46,363 - src.process_pipeline - WARNING - Missing odds file: data\extracted\Germany\Bundesliga\2020\odds.csv
2025-09-01 20:58:46,369 - src.process_pipeline - INFO - No new fixtures in Germany/Bundesliga/2020
2025-09-01 20:58:46,369 - src.process_pipeline - INFO - Processing Germany/Bundesliga/2021
2025-09-01 20:58:46,377 - src.process_pipeline - WARNING - Missing odds file: data\extracted\Germany\Bundesliga\2021\odds.csv
2025-09-01 20:58:46,383 - src.process_pipeline - INFO - No new fixtures in Germany/Bundesliga/2021
2025-09-01 20:58:46,384 - src.process_pipeline - INFO - Processing Germany/Bundesliga/2022
2025-09-01 20:58:46,392 - src.process_pipeline - WARNING - Missing odds file: data\extracted\Germany\Bundesliga\2022\odds.csv
2025-09-01 20:58:46,397 - src.process_pipeline - INFO - No new fixtures in Germany/Bundesliga/2022
2025-09-01 20:58:46,398 - src.process_pipeline - INFO - Processing Germany/Bundesliga/2023
2025-09-01 20:58:46,406 - src.process_pipeline - WARNING - Missing odds file: data\extracted\Germany\Bundesliga\2023\odds.csv
2025-09-01 20:58:46,412 - src.process_pipeline - INFO - No new fixtures in Germany/Bundesliga/2023
2025-09-01 20:58:46,412 - src.process_pipeline - INFO - Processing Germany/Bundesliga/2024
2025-09-01 20:58:46,421 - src.process_pipeline - WARNING - Missing odds file: data\extracted\Germany\Bundesliga\2024\odds.csv
2025-09-01 20:58:46,426 - src.process_pipeline - INFO - No new fixtures in Germany/Bundesliga/2024
2025-09-01 20:58:46,427 - src.process_pipeline - INFO - Processing Germany/Bundesliga/2025
2025-09-01 20:58:46,433 - src.process_pipeline - INFO - Odds data found for Germany/Bundesliga/2025
2025-09-01 20:58:46,439 - src.process_pipeline - INFO - No new fixtures in Germany/Bundesliga/2025
2025-09-01 20:58:46,440 - src.process_pipeline - INFO - Processing Germany/DFB Pokal/2018
2025-09-01 20:58:46,445 - src.process_pipeline - WARNING - Missing odds file: data\extracted\Germany\DFB Pokal\2018\odds.csv
2025-09-01 20:58:46,451 - src.process_pipeline - INFO - No new fixtures in Germany/DFB Pokal/2018
2025-09-01 20:58:46,451 - src.process_pipeline - INFO - Processing Germany/DFB Pokal/2019
2025-09-01 20:58:46,457 - src.process_pipeline - WARNING - Missing odds file: data\extracted\Germany\DFB Pokal\2019\odds.csv
2025-09-01 20:58:46,463 - src.process_pipeline - INFO - No new fixtures in Germany/DFB Pokal/2019
2025-09-01 20:58:46,464 - src.process_pipeline - INFO - Processing Germany/DFB Pokal/2020
2025-09-01 20:58:46,469 - src.process_pipeline - WARNING - Missing odds file: data\extracted\Germany\DFB Pokal\2020\odds.csv
2025-09-01 20:58:46,475 - src.process_pipeline - INFO - No new fixtures in Germany/DFB Pokal/2020
2025-09-01 20:58:46,475 - src.process_pipeline - INFO - Processing Germany/DFB Pokal/2021
2025-09-01 20:58:46,481 - src.process_pipeline - WARNING - Missing odds file: data\extracted\Germany\DFB Pokal\2021\odds.csv
2025-09-01 20:58:46,486 - src.process_pipeline - INFO - No new fixtures in Germany/DFB Pokal/2021
2025-09-01 20:58:46,487 - src.process_pipeline - INFO - Processing Germany/DFB Pokal/2022
2025-09-01 20:58:46,492 - src.process_pipeline - WARNING - Missing odds file: data\extracted\Germany\DFB Pokal\2022\odds.csv
2025-09-01 20:58:46,498 - src.process_pipeline - INFO - No new fixtures in Germany/DFB Pokal/2022
2025-09-01 20:58:46,498 - src.process_pipeline - INFO - Processing Germany/DFB Pokal/2023
2025-09-01 20:58:46,503 - src.process_pipeline - WARNING - Missing odds file: data\extracted\Germany\DFB Pokal\2023\odds.csv
2025-09-01 20:58:46,509 - src.process_pipeline - INFO - No new fixtures in Germany/DFB Pokal/2023
2025-09-01 20:58:46,510 - src.process_pipeline - INFO - Processing Germany/DFB Pokal/2024
2025-09-01 20:58:46,515 - src.process_pipeline - WARNING - Missing odds file: data\extracted\Germany\DFB Pokal\2024\odds.csv
2025-09-01 20:58:46,521 - src.process_pipeline - INFO - No new fixtures in Germany/DFB Pokal/2024
2025-09-01 20:58:46,522 - src.process_pipeline - INFO - Processing Greece/Super League/2021
2025-09-01 20:58:46,530 - src.process_pipeline - WARNING - Missing odds file: data\extracted\Greece\Super League\2021\odds.csv
2025-09-01 20:58:46,535 - src.process_pipeline - INFO - No new fixtures in Greece/Super League/2021
2025-09-01 20:58:46,536 - src.process_pipeline - INFO - Processing Greece/Super League/2022
2025-09-01 20:58:46,544 - src.process_pipeline - WARNING - Missing odds file: data\extracted\Greece\Super League\2022\odds.csv
2025-09-01 20:58:46,550 - src.process_pipeline - INFO - No new fixtures in Greece/Super League/2022
2025-09-01 20:58:46,550 - src.process_pipeline - INFO - Processing Greece/Super League/2023
2025-09-01 20:58:46,558 - src.process_pipeline - WARNING - Missing odds file: data\extracted\Greece\Super League\2023\odds.csv
2025-09-01 20:58:46,571 - src.process_pipeline - INFO - Successfully merged 1 records with team statistics
2025-09-01 20:58:46,573 - src.process_pipeline - INFO - Saved merged data to data\processed\Greece\Super League\2023\merged_2023.csv
2025-09-01 20:58:46,573 - src.process_pipeline - INFO - Successfully merged 1 records
2025-09-01 20:58:46,575 - src.process_pipeline - INFO - Processing Greece/Super League/2024
2025-09-01 20:58:46,583 - src.process_pipeline - WARNING - Missing odds file: data\extracted\Greece\Super League\2024\odds.csv
2025-09-01 20:58:46,589 - src.process_pipeline - INFO - No new fixtures in Greece/Super League/2024
2025-09-01 20:58:46,589 - src.process_pipeline - INFO - Processing Greece/Super League/2025
2025-09-01 20:58:46,589 - src.process_pipeline - WARNING - Missing team stats file: data\extracted\Greece\Super League\2025\team_statistics.csv
2025-09-01 20:58:46,590 - src.process_pipeline - INFO - Processing Italy/Coppa Italia/2018
2025-09-01 20:58:46,595 - src.process_pipeline - WARNING - Missing odds file: data\extracted\Italy\Coppa Italia\2018\odds.csv
2025-09-01 20:58:46,600 - src.process_pipeline - INFO - No new fixtures in Italy/Coppa Italia/2018
2025-09-01 20:58:46,601 - src.process_pipeline - INFO - Processing Italy/Coppa Italia/2019
2025-09-01 20:58:46,601 - src.process_pipeline - WARNING - Missing fixtures file: data\extracted\Italy\Coppa Italia\2019\fixture_events.csv
2025-09-01 20:58:46,601 - src.process_pipeline - INFO - Processing Italy/Coppa Italia/2020
2025-09-01 20:58:46,607 - src.process_pipeline - WARNING - Missing odds file: data\extracted\Italy\Coppa Italia\2020\odds.csv
2025-09-01 20:58:46,620 - src.process_pipeline - INFO - Successfully merged 4 records with team statistics
2025-09-01 20:58:46,622 - src.process_pipeline - INFO - Saved merged data to data\processed\Italy\Coppa Italia\2020\merged_2020.csv
2025-09-01 20:58:46,622 - src.process_pipeline - INFO - Successfully merged 4 records
2025-09-01 20:58:46,624 - src.process_pipeline - INFO - Processing Italy/Coppa Italia/2021
2025-09-01 20:58:46,629 - src.process_pipeline - WARNING - Missing odds file: data\extracted\Italy\Coppa Italia\2021\odds.csv
2025-09-01 20:58:46,635 - src.process_pipeline - INFO - No new fixtures in Italy/Coppa Italia/2021
2025-09-01 20:58:46,636 - src.process_pipeline - INFO - Processing Italy/Coppa Italia/2022
2025-09-01 20:58:46,641 - src.process_pipeline - WARNING - Missing odds file: data\extracted\Italy\Coppa Italia\2022\odds.csv
2025-09-01 20:58:46,647 - src.process_pipeline - INFO - No new fixtures in Italy/Coppa Italia/2022
2025-09-01 20:58:46,648 - src.process_pipeline - INFO - Processing Italy/Coppa Italia/2023
2025-09-01 20:58:46,653 - src.process_pipeline - WARNING - Missing odds file: data\extracted\Italy\Coppa Italia\2023\odds.csv
2025-09-01 20:58:46,659 - src.process_pipeline - INFO - No new fixtures in Italy/Coppa Italia/2023
2025-09-01 20:58:46,660 - src.process_pipeline - INFO - Processing Italy/Coppa Italia/2024
2025-09-01 20:58:46,665 - src.process_pipeline - WARNING - Missing odds file: data\extracted\Italy\Coppa Italia\2024\odds.csv
2025-09-01 20:58:46,674 - src.process_pipeline - INFO - No new fixtures in Italy/Coppa Italia/2024
2025-09-01 20:58:46,674 - src.process_pipeline - INFO - Processing Italy/Serie A/2016
2025-09-01 20:58:46,687 - src.process_pipeline - WARNING - Missing odds file: data\extracted\Italy\Serie A\2016\odds.csv
2025-09-01 20:58:46,701 - src.process_pipeline - INFO - Successfully merged 1 records with team statistics
2025-09-01 20:58:46,703 - src.process_pipeline - INFO - Saved merged data to data\processed\Italy\Serie A\2016\merged_2016.csv
2025-09-01 20:58:46,703 - src.process_pipeline - INFO - Successfully merged 1 records
2025-09-01 20:58:46,706 - src.process_pipeline - INFO - Processing Italy/Serie A/2017
2025-09-01 20:58:46,715 - src.process_pipeline - WARNING - Missing odds file: data\extracted\Italy\Serie A\2017\odds.csv
2025-09-01 20:58:46,721 - src.process_pipeline - INFO - No new fixtures in Italy/Serie A/2017
2025-09-01 20:58:46,722 - src.process_pipeline - INFO - Processing Italy/Serie A/2018
2025-09-01 20:58:46,733 - src.process_pipeline - WARNING - Missing odds file: data\extracted\Italy\Serie A\2018\odds.csv
2025-09-01 20:58:46,739 - src.process_pipeline - INFO - No new fixtures in Italy/Serie A/2018
2025-09-01 20:58:46,740 - src.process_pipeline - INFO - Processing Italy/Serie A/2019
2025-09-01 20:58:46,747 - src.process_pipeline - WARNING - Missing odds file: data\extracted\Italy\Serie A\2019\odds.csv
2025-09-01 20:58:46,753 - src.process_pipeline - INFO - No new fixtures in Italy/Serie A/2019
2025-09-01 20:58:46,754 - src.process_pipeline - INFO - Processing Italy/Serie A/2020
2025-09-01 20:58:46,762 - src.process_pipeline - WARNING - Missing odds file: data\extracted\Italy\Serie A\2020\odds.csv
2025-09-01 20:58:46,768 - src.process_pipeline - INFO - No new fixtures in Italy/Serie A/2020
2025-09-01 20:58:46,769 - src.process_pipeline - INFO - Processing Italy/Serie A/2021
2025-09-01 20:58:46,778 - src.process_pipeline - WARNING - Missing odds file: data\extracted\Italy\Serie A\2021\odds.csv
2025-09-01 20:58:46,784 - src.process_pipeline - INFO - No new fixtures in Italy/Serie A/2021
2025-09-01 20:58:46,784 - src.process_pipeline - INFO - Processing Italy/Serie A/2022
2025-09-01 20:58:46,794 - src.process_pipeline - WARNING - Missing odds file: data\extracted\Italy\Serie A\2022\odds.csv
2025-09-01 20:58:46,800 - src.process_pipeline - INFO - No new fixtures in Italy/Serie A/2022
2025-09-01 20:58:46,801 - src.process_pipeline - INFO - Processing Italy/Serie A/2023
2025-09-01 20:58:46,810 - src.process_pipeline - WARNING - Missing odds file: data\extracted\Italy\Serie A\2023\odds.csv
2025-09-01 20:58:46,817 - src.process_pipeline - INFO - No new fixtures in Italy/Serie A/2023
2025-09-01 20:58:46,817 - src.process_pipeline - INFO - Processing Italy/Serie A/2024
2025-09-01 20:58:46,826 - src.process_pipeline - WARNING - Missing odds file: data\extracted\Italy\Serie A\2024\odds.csv
2025-09-01 20:58:46,832 - src.process_pipeline - INFO - No new fixtures in Italy/Serie A/2024
2025-09-01 20:58:46,833 - src.process_pipeline - INFO - Processing Italy/Serie A/2025
2025-09-01 20:58:46,839 - src.process_pipeline - INFO - Odds data found for Italy/Serie A/2025
2025-09-01 20:58:46,845 - src.process_pipeline - INFO - No new fixtures in Italy/Serie A/2025
2025-09-01 20:58:46,845 - src.process_pipeline - INFO - Processing Italy/Serie B/2017
2025-09-01 20:58:46,855 - src.process_pipeline - WARNING - Missing odds file: data\extracted\Italy\Serie B\2017\odds.csv
2025-09-01 20:58:46,861 - src.process_pipeline - INFO - No new fixtures in Italy/Serie B/2017
2025-09-01 20:58:46,861 - src.process_pipeline - INFO - Processing Italy/Serie B/2018
2025-09-01 20:58:46,862 - src.process_pipeline - WARNING - Missing fixtures file: data\extracted\Italy\Serie B\2018\fixture_events.csv
2025-09-01 20:58:46,862 - src.process_pipeline - INFO - Processing Italy/Serie B/2019
2025-09-01 20:58:46,869 - src.process_pipeline - WARNING - Missing odds file: data\extracted\Italy\Serie B\2019\odds.csv
2025-09-01 20:58:46,875 - src.process_pipeline - INFO - No new fixtures in Italy/Serie B/2019
2025-09-01 20:58:46,876 - src.process_pipeline - INFO - Processing Italy/Serie B/2020
2025-09-01 20:58:46,885 - src.process_pipeline - WARNING - Missing odds file: data\extracted\Italy\Serie B\2020\odds.csv
2025-09-01 20:58:46,898 - src.process_pipeline - INFO - Successfully merged 2 records with team statistics
2025-09-01 20:58:46,900 - src.process_pipeline - INFO - Saved merged data to data\processed\Italy\Serie B\2020\merged_2020.csv
2025-09-01 20:58:46,900 - src.process_pipeline - INFO - Successfully merged 2 records
2025-09-01 20:58:46,903 - src.process_pipeline - INFO - Processing Italy/Serie B/2021
2025-09-01 20:58:46,913 - src.process_pipeline - WARNING - Missing odds file: data\extracted\Italy\Serie B\2021\odds.csv
2025-09-01 20:58:46,919 - src.process_pipeline - INFO - No new fixtures in Italy/Serie B/2021
2025-09-01 20:58:46,920 - src.process_pipeline - INFO - Processing Italy/Serie B/2022
2025-09-01 20:58:46,929 - src.process_pipeline - WARNING - Missing odds file: data\extracted\Italy\Serie B\2022\odds.csv
2025-09-01 20:58:46,935 - src.process_pipeline - INFO - No new fixtures in Italy/Serie B/2022
2025-09-01 20:58:46,935 - src.process_pipeline - INFO - Processing Italy/Serie B/2023
2025-09-01 20:58:46,945 - src.process_pipeline - WARNING - Missing odds file: data\extracted\Italy\Serie B\2023\odds.csv
2025-09-01 20:58:46,951 - src.process_pipeline - INFO - No new fixtures in Italy/Serie B/2023
2025-09-01 20:58:46,951 - src.process_pipeline - INFO - Processing Italy/Serie B/2024
2025-09-01 20:58:46,961 - src.process_pipeline - WARNING - Missing odds file: data\extracted\Italy\Serie B\2024\odds.csv
2025-09-01 20:58:46,967 - src.process_pipeline - INFO - No new fixtures in Italy/Serie B/2024
2025-09-01 20:58:46,967 - src.process_pipeline - INFO - Processing Italy/Serie B/2025
2025-09-01 20:58:46,968 - src.process_pipeline - WARNING - Missing fixtures file: data\extracted\Italy\Serie B\2025\fixture_events.csv
2025-09-01 20:58:46,968 - src.process_pipeline - INFO - Processing Spain/Copa del Rey/2018
2025-09-01 20:58:46,974 - src.process_pipeline - WARNING - Missing odds file: data\extracted\Spain\Copa del Rey\2018\odds.csv
2025-09-01 20:58:46,980 - src.process_pipeline - INFO - No new fixtures in Spain/Copa del Rey/2018
2025-09-01 20:58:46,981 - src.process_pipeline - INFO - Processing Spain/Copa del Rey/2019
2025-09-01 20:58:46,987 - src.process_pipeline - WARNING - Missing odds file: data\extracted\Spain\Copa del Rey\2019\odds.csv
2025-09-01 20:58:46,998 - src.process_pipeline - ERROR - No home or away data found after splitting
2025-09-01 20:58:46,998 - src.process_pipeline - ERROR - Error processing Spain/Copa del Rey/2019: No home or away data found after splitting
2025-09-01 20:58:46,999 - src.process_pipeline - INFO - Processing Spain/Copa del Rey/2020
2025-09-01 20:58:47,005 - src.process_pipeline - WARNING - Missing odds file: data\extracted\Spain\Copa del Rey\2020\odds.csv
2025-09-01 20:58:47,015 - src.process_pipeline - ERROR - No home or away data found after splitting
2025-09-01 20:58:47,015 - src.process_pipeline - ERROR - Error processing Spain/Copa del Rey/2020: No home or away data found after splitting
2025-09-01 20:58:47,015 - src.process_pipeline - INFO - Processing Spain/Copa del Rey/2021
2025-09-01 20:58:47,022 - src.process_pipeline - WARNING - Missing odds file: data\extracted\Spain\Copa del Rey\2021\odds.csv
2025-09-01 20:58:47,032 - src.process_pipeline - ERROR - No home or away data found after splitting
2025-09-01 20:58:47,032 - src.process_pipeline - ERROR - Error processing Spain/Copa del Rey/2021: No home or away data found after splitting
2025-09-01 20:58:47,032 - src.process_pipeline - INFO - Processing Spain/Copa del Rey/2022
2025-09-01 20:58:47,038 - src.process_pipeline - WARNING - Missing odds file: data\extracted\Spain\Copa del Rey\2022\odds.csv
2025-09-01 20:58:47,044 - src.process_pipeline - INFO - No new fixtures in Spain/Copa del Rey/2022
2025-09-01 20:58:47,045 - src.process_pipeline - INFO - Processing Spain/Copa del Rey/2023
2025-09-01 20:58:47,050 - src.process_pipeline - WARNING - Missing odds file: data\extracted\Spain\Copa del Rey\2023\odds.csv
2025-09-01 20:58:47,056 - src.process_pipeline - INFO - No new fixtures in Spain/Copa del Rey/2023
2025-09-01 20:58:47,057 - src.process_pipeline - INFO - Processing Spain/Copa del Rey/2024
2025-09-01 20:58:47,062 - src.process_pipeline - WARNING - Missing odds file: data\extracted\Spain\Copa del Rey\2024\odds.csv
2025-09-01 20:58:47,073 - src.process_pipeline - ERROR - No home or away data found after splitting
2025-09-01 20:58:47,073 - src.process_pipeline - ERROR - Error processing Spain/Copa del Rey/2024: No home or away data found after splitting
2025-09-01 20:58:47,073 - src.process_pipeline - INFO - Processing Spain/La Liga/2020
2025-09-01 20:58:47,082 - src.process_pipeline - WARNING - Missing odds file: data\extracted\Spain\La Liga\2020\odds.csv
2025-09-01 20:58:47,088 - src.process_pipeline - INFO - No new fixtures in Spain/La Liga/2020
2025-09-01 20:58:47,088 - src.process_pipeline - INFO - Processing Spain/La Liga/2021
2025-09-01 20:58:47,098 - src.process_pipeline - WARNING - Missing odds file: data\extracted\Spain\La Liga\2021\odds.csv
2025-09-01 20:58:47,104 - src.process_pipeline - INFO - No new fixtures in Spain/La Liga/2021
2025-09-01 20:58:47,105 - src.process_pipeline - INFO - Processing Spain/La Liga/2022
2025-09-01 20:58:47,115 - src.process_pipeline - WARNING - Missing odds file: data\extracted\Spain\La Liga\2022\odds.csv
2025-09-01 20:58:47,125 - src.process_pipeline - INFO - No new fixtures in Spain/La Liga/2022
2025-09-01 20:58:47,127 - src.process_pipeline - INFO - Processing Spain/La Liga/2023
2025-09-01 20:58:47,139 - src.process_pipeline - WARNING - Missing odds file: data\extracted\Spain\La Liga\2023\odds.csv
2025-09-01 20:58:47,146 - src.process_pipeline - INFO - No new fixtures in Spain/La Liga/2023
2025-09-01 20:58:47,147 - src.process_pipeline - INFO - Processing Spain/La Liga/2024
2025-09-01 20:58:47,161 - src.process_pipeline - WARNING - Missing odds file: data\extracted\Spain\La Liga\2024\odds.csv
2025-09-01 20:58:47,170 - src.process_pipeline - INFO - No new fixtures in Spain/La Liga/2024
2025-09-01 20:58:47,171 - src.process_pipeline - INFO - Processing Spain/La Liga/2025
2025-09-01 20:58:47,178 - src.process_pipeline - INFO - Odds data found for Spain/La Liga/2025
2025-09-01 20:58:47,186 - src.process_pipeline - INFO - No new fixtures in Spain/La Liga/2025
2025-09-01 20:58:47,186 - src.process_pipeline - INFO - Processing Spain/Segunda Division/2017
2025-09-01 20:58:47,200 - src.process_pipeline - WARNING - Missing odds file: data\extracted\Spain\Segunda Division\2017\odds.csv
2025-09-01 20:58:47,206 - src.process_pipeline - INFO - No new fixtures in Spain/Segunda Division/2017
2025-09-01 20:58:47,207 - src.process_pipeline - INFO - Processing Spain/Segunda Division/2018
2025-09-01 20:58:47,220 - src.process_pipeline - WARNING - Missing odds file: data\extracted\Spain\Segunda Division\2018\odds.csv
2025-09-01 20:58:47,233 - src.process_pipeline - ERROR - No home or away data found after splitting
2025-09-01 20:58:47,233 - src.process_pipeline - ERROR - Error processing Spain/Segunda Division/2018: No home or away data found after splitting
2025-09-01 20:58:47,233 - src.process_pipeline - INFO - Processing Spain/Segunda Division/2019
2025-09-01 20:58:47,247 - src.process_pipeline - WARNING - Missing odds file: data\extracted\Spain\Segunda Division\2019\odds.csv
2025-09-01 20:58:47,254 - src.process_pipeline - INFO - No new fixtures in Spain/Segunda Division/2019
2025-09-01 20:58:47,255 - src.process_pipeline - INFO - Processing Spain/Segunda Division/2020
2025-09-01 20:58:47,267 - src.process_pipeline - WARNING - Missing odds file: data\extracted\Spain\Segunda Division\2020\odds.csv
2025-09-01 20:58:47,274 - src.process_pipeline - INFO - No new fixtures in Spain/Segunda Division/2020
2025-09-01 20:58:47,275 - src.process_pipeline - INFO - Processing Spain/Segunda Division/2021
2025-09-01 20:58:47,289 - src.process_pipeline - WARNING - Missing odds file: data\extracted\Spain\Segunda Division\2021\odds.csv
2025-09-01 20:58:47,296 - src.process_pipeline - INFO - No new fixtures in Spain/Segunda Division/2021
2025-09-01 20:58:47,296 - src.process_pipeline - INFO - Processing Spain/Segunda Division/2022
2025-09-01 20:58:47,309 - src.process_pipeline - WARNING - Missing odds file: data\extracted\Spain\Segunda Division\2022\odds.csv
2025-09-01 20:58:47,316 - src.process_pipeline - INFO - No new fixtures in Spain/Segunda Division/2022
2025-09-01 20:58:47,316 - src.process_pipeline - INFO - Processing Spain/Segunda Division/2023
2025-09-01 20:58:47,328 - src.process_pipeline - WARNING - Missing odds file: data\extracted\Spain\Segunda Division\2023\odds.csv
2025-09-01 20:58:47,334 - src.process_pipeline - INFO - No new fixtures in Spain/Segunda Division/2023
2025-09-01 20:58:47,334 - src.process_pipeline - INFO - Processing Spain/Segunda Division/2024
2025-09-01 20:58:47,346 - src.process_pipeline - WARNING - Missing odds file: data\extracted\Spain\Segunda Division\2024\odds.csv
2025-09-01 20:58:47,352 - src.process_pipeline - INFO - No new fixtures in Spain/Segunda Division/2024
2025-09-01 20:58:47,353 - src.process_pipeline - INFO - Processing Spain/Segunda Division/2025
2025-09-01 20:58:47,359 - src.process_pipeline - INFO - Odds data found for Spain/Segunda Division/2025
2025-09-01 20:58:47,365 - src.process_pipeline - INFO - No new fixtures in Spain/Segunda Division/2025
2025-09-01 20:58:47,365 - src.process_pipeline - INFO - Starting preprocessing and feature engineering
2025-09-01 20:58:47,365 - src.process_pipeline - INFO - Initial data shape: (14, 72)
2025-09-01 20:58:47,365 - src.process_pipeline - INFO - Cleaning data
2025-09-01 20:58:47,408 - src.process_pipeline - INFO - Adding competition info from league names
