2025-09-01 20:45:15,429 - src.process_pipeline - INFO - Logging initialized. Log file: logs/process\process_20250901_204515.log
2025-09-01 20:45:16,323 - src.process_pipeline - INFO - Loaded H2H data with 10532 team pairs
2025-09-01 20:45:16,341 - src.process_pipeline - INFO - Loaded standings data for 7622 teams
2025-09-01 20:45:17,222 - src.process_pipeline - INFO - Found 1 new fixtures in England/Championship/2018
2025-09-01 20:45:18,022 - src.process_pipeline - INFO - Processing England/Championship/2017
2025-09-01 20:45:18,037 - src.process_pipeline - WARNING - Missing odds file: data\extracted\England\Championship\2017\odds.csv
2025-09-01 20:45:18,043 - src.process_pipeline - INFO - No new fixtures in England/Championship/2017
2025-09-01 20:45:18,044 - src.process_pipeline - INFO - Processing England/Championship/2018
2025-09-01 20:45:18,057 - src.process_pipeline - WARNING - Missing odds file: data\extracted\England\Championship\2018\odds.csv
2025-09-01 20:45:18,070 - src.process_pipeline - ERROR - No home or away data found after splitting
2025-09-01 20:45:18,070 - src.process_pipeline - ERROR - Error processing England/Championship/2018: No home or away data found after splitting
2025-09-01 20:45:18,071 - src.process_pipeline - INFO - Processing England/Championship/2019
2025-09-01 20:45:18,083 - src.process_pipeline - WARNING - Missing odds file: data\extracted\England\Championship\2019\odds.csv
2025-09-01 20:45:18,089 - src.process_pipeline - INFO - No new fixtures in England/Championship/2019
2025-09-01 20:45:18,090 - src.process_pipeline - INFO - Processing England/Championship/2020
2025-09-01 20:45:18,104 - src.process_pipeline - WARNING - Missing odds file: data\extracted\England\Championship\2020\odds.csv
2025-09-01 20:45:18,111 - src.process_pipeline - INFO - No new fixtures in England/Championship/2020
2025-09-01 20:45:18,112 - src.process_pipeline - INFO - Processing England/Championship/2021
2025-09-01 20:45:18,125 - src.process_pipeline - WARNING - Missing odds file: data\extracted\England\Championship\2021\odds.csv
2025-09-01 20:45:18,131 - src.process_pipeline - INFO - No new fixtures in England/Championship/2021
2025-09-01 20:45:18,132 - src.process_pipeline - INFO - Processing England/Championship/2022
2025-09-01 20:45:18,145 - src.process_pipeline - WARNING - Missing odds file: data\extracted\England\Championship\2022\odds.csv
2025-09-01 20:45:18,151 - src.process_pipeline - INFO - No new fixtures in England/Championship/2022
2025-09-01 20:45:18,151 - src.process_pipeline - INFO - Processing England/Championship/2023
2025-09-01 20:45:18,165 - src.process_pipeline - WARNING - Missing odds file: data\extracted\England\Championship\2023\odds.csv
2025-09-01 20:45:18,171 - src.process_pipeline - INFO - No new fixtures in England/Championship/2023
2025-09-01 20:45:18,171 - src.process_pipeline - INFO - Processing England/Championship/2024
2025-09-01 20:45:18,185 - src.process_pipeline - WARNING - Missing odds file: data\extracted\England\Championship\2024\odds.csv
2025-09-01 20:45:18,192 - src.process_pipeline - INFO - No new fixtures in England/Championship/2024
2025-09-01 20:45:18,192 - src.process_pipeline - INFO - Processing England/Championship/2025
2025-09-01 20:45:18,202 - src.process_pipeline - INFO - Odds data found for England/Championship/2025
2025-09-01 20:45:18,208 - src.process_pipeline - INFO - No new fixtures in England/Championship/2025
2025-09-01 20:45:18,208 - src.process_pipeline - INFO - Processing England/EFL Trophy/2021
2025-09-01 20:45:18,215 - src.process_pipeline - WARNING - Missing odds file: data\extracted\England\EFL Trophy\2021\odds.csv
2025-09-01 20:45:18,221 - src.process_pipeline - INFO - No new fixtures in England/EFL Trophy/2021
2025-09-01 20:45:18,221 - src.process_pipeline - INFO - Processing England/EFL Trophy/2022
2025-09-01 20:45:18,228 - src.process_pipeline - WARNING - Missing odds file: data\extracted\England\EFL Trophy\2022\odds.csv
2025-09-01 20:45:18,234 - src.process_pipeline - INFO - No new fixtures in England/EFL Trophy/2022
2025-09-01 20:45:18,235 - src.process_pipeline - INFO - Processing England/EFL Trophy/2023
2025-09-01 20:45:18,241 - src.process_pipeline - WARNING - Missing odds file: data\extracted\England\EFL Trophy\2023\odds.csv
2025-09-01 20:45:18,249 - src.process_pipeline - INFO - No new fixtures in England/EFL Trophy/2023
2025-09-01 20:45:18,249 - src.process_pipeline - INFO - Processing England/EFL Trophy/2024
2025-09-01 20:45:18,256 - src.process_pipeline - WARNING - Missing odds file: data\extracted\England\EFL Trophy\2024\odds.csv
2025-09-01 20:45:18,262 - src.process_pipeline - INFO - No new fixtures in England/EFL Trophy/2024
2025-09-01 20:45:18,262 - src.process_pipeline - INFO - Processing England/FA Cup/2018
2025-09-01 20:45:18,269 - src.process_pipeline - WARNING - Missing odds file: data\extracted\England\FA Cup\2018\odds.csv
2025-09-01 20:45:18,275 - src.process_pipeline - INFO - No new fixtures in England/FA Cup/2018
2025-09-01 20:45:18,275 - src.process_pipeline - INFO - Processing England/FA Cup/2019
2025-09-01 20:45:18,282 - src.process_pipeline - WARNING - Missing odds file: data\extracted\England\FA Cup\2019\odds.csv
2025-09-01 20:45:18,288 - src.process_pipeline - INFO - No new fixtures in England/FA Cup/2019
2025-09-01 20:45:18,289 - src.process_pipeline - INFO - Processing England/FA Cup/2020
2025-09-01 20:45:18,294 - src.process_pipeline - WARNING - Missing odds file: data\extracted\England\FA Cup\2020\odds.csv
2025-09-01 20:45:18,300 - src.process_pipeline - INFO - No new fixtures in England/FA Cup/2020
2025-09-01 20:45:18,300 - src.process_pipeline - INFO - Processing England/FA Cup/2021
2025-09-01 20:45:18,306 - src.process_pipeline - WARNING - Missing odds file: data\extracted\England\FA Cup\2021\odds.csv
2025-09-01 20:45:18,312 - src.process_pipeline - INFO - No new fixtures in England/FA Cup/2021
2025-09-01 20:45:18,313 - src.process_pipeline - INFO - Processing England/FA Cup/2022
2025-09-01 20:45:18,319 - src.process_pipeline - WARNING - Missing odds file: data\extracted\England\FA Cup\2022\odds.csv
2025-09-01 20:45:18,325 - src.process_pipeline - INFO - No new fixtures in England/FA Cup/2022
2025-09-01 20:45:18,326 - src.process_pipeline - INFO - Processing England/FA Cup/2023
2025-09-01 20:45:18,332 - src.process_pipeline - WARNING - Missing odds file: data\extracted\England\FA Cup\2023\odds.csv
2025-09-01 20:45:18,338 - src.process_pipeline - INFO - No new fixtures in England/FA Cup/2023
2025-09-01 20:45:18,339 - src.process_pipeline - INFO - Processing England/FA Cup/2024
2025-09-01 20:45:18,345 - src.process_pipeline - WARNING - Missing odds file: data\extracted\England\FA Cup\2024\odds.csv
2025-09-01 20:45:18,351 - src.process_pipeline - INFO - No new fixtures in England/FA Cup/2024
2025-09-01 20:45:18,352 - src.process_pipeline - INFO - Processing England/FA Trophy/2023
2025-09-01 20:45:18,352 - src.process_pipeline - WARNING - Missing team stats file: data\extracted\England\FA Trophy\2023\team_statistics.csv
2025-09-01 20:45:18,352 - src.process_pipeline - INFO - Processing England/FA Trophy/2024
2025-09-01 20:45:18,352 - src.process_pipeline - WARNING - Missing fixtures file: data\extracted\England\FA Trophy\2024\fixture_events.csv
2025-09-01 20:45:18,353 - src.process_pipeline - INFO - Processing England/Premier League/2018
2025-09-01 20:45:18,362 - src.process_pipeline - WARNING - Missing odds file: data\extracted\England\Premier League\2018\odds.csv
2025-09-01 20:45:18,368 - src.process_pipeline - INFO - No new fixtures in England/Premier League/2018
2025-09-01 20:45:18,369 - src.process_pipeline - INFO - Processing England/Premier League/2019
2025-09-01 20:45:18,377 - src.process_pipeline - WARNING - Missing odds file: data\extracted\England\Premier League\2019\odds.csv
2025-09-01 20:45:18,383 - src.process_pipeline - INFO - No new fixtures in England/Premier League/2019
2025-09-01 20:45:18,384 - src.process_pipeline - INFO - Processing England/Premier League/2020
2025-09-01 20:45:18,395 - src.process_pipeline - WARNING - Missing odds file: data\extracted\England\Premier League\2020\odds.csv
2025-09-01 20:45:18,403 - src.process_pipeline - INFO - No new fixtures in England/Premier League/2020
2025-09-01 20:45:18,404 - src.process_pipeline - INFO - Processing England/Premier League/2021
2025-09-01 20:45:18,414 - src.process_pipeline - WARNING - Missing odds file: data\extracted\England\Premier League\2021\odds.csv
2025-09-01 20:45:18,422 - src.process_pipeline - INFO - No new fixtures in England/Premier League/2021
2025-09-01 20:45:18,423 - src.process_pipeline - INFO - Processing England/Premier League/2022
2025-09-01 20:45:18,433 - src.process_pipeline - WARNING - Missing odds file: data\extracted\England\Premier League\2022\odds.csv
2025-09-01 20:45:18,440 - src.process_pipeline - INFO - No new fixtures in England/Premier League/2022
2025-09-01 20:45:18,440 - src.process_pipeline - INFO - Processing England/Premier League/2023
2025-09-01 20:45:18,450 - src.process_pipeline - WARNING - Missing odds file: data\extracted\England\Premier League\2023\odds.csv
2025-09-01 20:45:18,456 - src.process_pipeline - INFO - No new fixtures in England/Premier League/2023
2025-09-01 20:45:18,457 - src.process_pipeline - INFO - Processing England/Premier League/2024
2025-09-01 20:45:18,468 - src.process_pipeline - WARNING - Missing odds file: data\extracted\England\Premier League\2024\odds.csv
2025-09-01 20:45:18,474 - src.process_pipeline - INFO - No new fixtures in England/Premier League/2024
2025-09-01 20:45:18,475 - src.process_pipeline - INFO - Processing England/Premier League/2025
2025-09-01 20:45:18,482 - src.process_pipeline - INFO - Odds data found for England/Premier League/2025
2025-09-01 20:45:18,489 - src.process_pipeline - INFO - No new fixtures in England/Premier League/2025
2025-09-01 20:45:18,489 - src.process_pipeline - INFO - Processing Europe/Champions League/2018
2025-09-01 20:45:18,498 - src.process_pipeline - WARNING - Missing odds file: data\extracted\Europe\Champions League\2018\odds.csv
2025-09-01 20:45:18,506 - src.process_pipeline - INFO - No new fixtures in Europe/Champions League/2018
2025-09-01 20:45:18,506 - src.process_pipeline - INFO - Processing Europe/Champions League/2019
2025-09-01 20:45:18,513 - src.process_pipeline - WARNING - Missing odds file: data\extracted\Europe\Champions League\2019\odds.csv
2025-09-01 20:45:18,520 - src.process_pipeline - INFO - No new fixtures in Europe/Champions League/2019
2025-09-01 20:45:18,520 - src.process_pipeline - INFO - Processing Europe/Champions League/2020
2025-09-01 20:45:18,527 - src.process_pipeline - WARNING - Missing odds file: data\extracted\Europe\Champions League\2020\odds.csv
2025-09-01 20:45:18,540 - src.process_pipeline - ERROR - No home or away data found after splitting
2025-09-01 20:45:18,540 - src.process_pipeline - ERROR - Error processing Europe/Champions League/2020: No home or away data found after splitting
2025-09-01 20:45:18,541 - src.process_pipeline - INFO - Processing Europe/Champions League/2021
2025-09-01 20:45:18,548 - src.process_pipeline - WARNING - Missing odds file: data\extracted\Europe\Champions League\2021\odds.csv
2025-09-01 20:45:18,556 - src.process_pipeline - INFO - No new fixtures in Europe/Champions League/2021
2025-09-01 20:45:18,557 - src.process_pipeline - INFO - Processing Europe/Champions League/2022
2025-09-01 20:45:18,564 - src.process_pipeline - WARNING - Missing odds file: data\extracted\Europe\Champions League\2022\odds.csv
2025-09-01 20:45:18,571 - src.process_pipeline - INFO - No new fixtures in Europe/Champions League/2022
2025-09-01 20:45:18,572 - src.process_pipeline - INFO - Processing Europe/Champions League/2023
2025-09-01 20:45:18,580 - src.process_pipeline - WARNING - Missing odds file: data\extracted\Europe\Champions League\2023\odds.csv
2025-09-01 20:45:18,587 - src.process_pipeline - INFO - No new fixtures in Europe/Champions League/2023
2025-09-01 20:45:18,588 - src.process_pipeline - INFO - Processing Europe/Champions League/2024
2025-09-01 20:45:18,597 - src.process_pipeline - WARNING - Missing odds file: data\extracted\Europe\Champions League\2024\odds.csv
2025-09-01 20:45:18,603 - src.process_pipeline - INFO - No new fixtures in Europe/Champions League/2024
2025-09-01 20:45:18,603 - src.process_pipeline - INFO - Processing Europe/Champions League/2025
2025-09-01 20:45:18,610 - src.process_pipeline - INFO - Odds data found for Europe/Champions League/2025
2025-09-01 20:45:18,616 - src.process_pipeline - INFO - No new fixtures in Europe/Champions League/2025
2025-09-01 20:45:18,616 - src.process_pipeline - INFO - Processing Europe/Conference League/2021
2025-09-01 20:45:18,626 - src.process_pipeline - WARNING - Missing odds file: data\extracted\Europe\Conference League\2021\odds.csv
2025-09-01 20:45:18,635 - src.process_pipeline - ERROR - No home or away data found after splitting
2025-09-01 20:45:18,635 - src.process_pipeline - ERROR - Error processing Europe/Conference League/2021: No home or away data found after splitting
2025-09-01 20:45:18,636 - src.process_pipeline - INFO - Processing Europe/Conference League/2022
2025-09-01 20:45:18,645 - src.process_pipeline - WARNING - Missing odds file: data\extracted\Europe\Conference League\2022\odds.csv
2025-09-01 20:45:18,651 - src.process_pipeline - INFO - No new fixtures in Europe/Conference League/2022
2025-09-01 20:45:18,652 - src.process_pipeline - INFO - Processing Europe/Conference League/2023
2025-09-01 20:45:18,662 - src.process_pipeline - WARNING - Missing odds file: data\extracted\Europe\Conference League\2023\odds.csv
2025-09-01 20:45:18,667 - src.process_pipeline - INFO - No new fixtures in Europe/Conference League/2023
2025-09-01 20:45:18,668 - src.process_pipeline - INFO - Processing Europe/Conference League/2024
2025-09-01 20:45:18,668 - src.process_pipeline - WARNING - Missing team stats file: data\extracted\Europe\Conference League\2024\team_statistics.csv
2025-09-01 20:45:18,669 - src.process_pipeline - INFO - Processing Europe/Conference League/2025
2025-09-01 20:45:18,676 - src.process_pipeline - INFO - Odds data found for Europe/Conference League/2025
2025-09-01 20:45:18,681 - src.process_pipeline - INFO - No new fixtures in Europe/Conference League/2025
2025-09-01 20:45:18,682 - src.process_pipeline - INFO - Processing Europe/Europa League/2018
2025-09-01 20:45:18,690 - src.process_pipeline - WARNING - Missing odds file: data\extracted\Europe\Europa League\2018\odds.csv
2025-09-01 20:45:18,696 - src.process_pipeline - INFO - No new fixtures in Europe/Europa League/2018
2025-09-01 20:45:18,697 - src.process_pipeline - INFO - Processing Europe/Europa League/2019
2025-09-01 20:45:18,707 - src.process_pipeline - WARNING - Missing odds file: data\extracted\Europe\Europa League\2019\odds.csv
2025-09-01 20:45:18,714 - src.process_pipeline - INFO - No new fixtures in Europe/Europa League/2019
2025-09-01 20:45:18,715 - src.process_pipeline - INFO - Processing Europe/Europa League/2020
2025-09-01 20:45:18,725 - src.process_pipeline - WARNING - Missing odds file: data\extracted\Europe\Europa League\2020\odds.csv
2025-09-01 20:45:18,735 - src.process_pipeline - ERROR - No home or away data found after splitting
2025-09-01 20:45:18,735 - src.process_pipeline - ERROR - Error processing Europe/Europa League/2020: No home or away data found after splitting
2025-09-01 20:45:18,736 - src.process_pipeline - INFO - Processing Europe/Europa League/2021
2025-09-01 20:45:18,742 - src.process_pipeline - WARNING - Missing odds file: data\extracted\Europe\Europa League\2021\odds.csv
2025-09-01 20:45:18,752 - src.process_pipeline - ERROR - No home or away data found after splitting
2025-09-01 20:45:18,752 - src.process_pipeline - ERROR - Error processing Europe/Europa League/2021: No home or away data found after splitting
2025-09-01 20:45:18,753 - src.process_pipeline - INFO - Processing Europe/Europa League/2022
2025-09-01 20:45:18,759 - src.process_pipeline - WARNING - Missing odds file: data\extracted\Europe\Europa League\2022\odds.csv
2025-09-01 20:45:18,764 - src.process_pipeline - INFO - No new fixtures in Europe/Europa League/2022
2025-09-01 20:45:18,765 - src.process_pipeline - INFO - Processing Europe/Europa League/2023
2025-09-01 20:45:18,771 - src.process_pipeline - WARNING - Missing odds file: data\extracted\Europe\Europa League\2023\odds.csv
2025-09-01 20:45:18,778 - src.process_pipeline - INFO - No new fixtures in Europe/Europa League/2023
2025-09-01 20:45:18,778 - src.process_pipeline - INFO - Processing Europe/Europa League/2024
2025-09-01 20:45:18,787 - src.process_pipeline - WARNING - Missing odds file: data\extracted\Europe\Europa League\2024\odds.csv
2025-09-01 20:45:18,794 - src.process_pipeline - INFO - No new fixtures in Europe/Europa League/2024
2025-09-01 20:45:18,795 - src.process_pipeline - INFO - Processing Europe/Europa League/2025
2025-09-01 20:45:18,804 - src.process_pipeline - INFO - Odds data found for Europe/Europa League/2025
2025-09-01 20:45:18,816 - src.process_pipeline - INFO - No new fixtures in Europe/Europa League/2025
2025-09-01 20:45:18,818 - src.process_pipeline - INFO - Processing France/Coupe de France/2018
2025-09-01 20:45:18,831 - src.process_pipeline - WARNING - Missing odds file: data\extracted\France\Coupe de France\2018\odds.csv
2025-09-01 20:45:18,842 - src.process_pipeline - INFO - No new fixtures in France/Coupe de France/2018
2025-09-01 20:45:18,843 - src.process_pipeline - INFO - Processing France/Coupe de France/2019
2025-09-01 20:45:18,856 - src.process_pipeline - WARNING - Missing odds file: data\extracted\France\Coupe de France\2019\odds.csv
2025-09-01 20:45:18,865 - src.process_pipeline - INFO - No new fixtures in France/Coupe de France/2019
2025-09-01 20:45:18,865 - src.process_pipeline - INFO - Processing France/Coupe de France/2020
2025-09-01 20:45:18,875 - src.process_pipeline - WARNING - Missing odds file: data\extracted\France\Coupe de France\2020\odds.csv
2025-09-01 20:45:18,884 - src.process_pipeline - INFO - No new fixtures in France/Coupe de France/2020
2025-09-01 20:45:18,885 - src.process_pipeline - INFO - Processing France/Coupe de France/2021
2025-09-01 20:45:18,893 - src.process_pipeline - WARNING - Missing odds file: data\extracted\France\Coupe de France\2021\odds.csv
2025-09-01 20:45:18,910 - src.process_pipeline - INFO - Successfully merged 5 records with team statistics
2025-09-01 20:45:18,914 - src.process_pipeline - INFO - Saved merged data to data\processed\France\Coupe de France\2021\merged_2021.csv
2025-09-01 20:45:18,914 - src.process_pipeline - INFO - Successfully merged 5 records
2025-09-01 20:45:18,915 - src.process_pipeline - INFO - Processing France/Coupe de France/2022
2025-09-01 20:45:18,926 - src.process_pipeline - WARNING - Missing odds file: data\extracted\France\Coupe de France\2022\odds.csv
2025-09-01 20:45:18,937 - src.process_pipeline - INFO - No new fixtures in France/Coupe de France/2022
2025-09-01 20:45:18,938 - src.process_pipeline - INFO - Processing France/Coupe de France/2023
2025-09-01 20:45:18,945 - src.process_pipeline - WARNING - Missing odds file: data\extracted\France\Coupe de France\2023\odds.csv
2025-09-01 20:45:18,951 - src.process_pipeline - INFO - No new fixtures in France/Coupe de France/2023
2025-09-01 20:45:18,952 - src.process_pipeline - INFO - Processing France/Coupe de France/2024
2025-09-01 20:45:18,959 - src.process_pipeline - WARNING - Missing odds file: data\extracted\France\Coupe de France\2024\odds.csv
2025-09-01 20:45:18,972 - src.process_pipeline - ERROR - No home or away data found after splitting
2025-09-01 20:45:18,972 - src.process_pipeline - ERROR - Error processing France/Coupe de France/2024: No home or away data found after splitting
2025-09-01 20:45:18,973 - src.process_pipeline - INFO - Processing France/Ligue 1/2018
2025-09-01 20:45:18,984 - src.process_pipeline - WARNING - Missing odds file: data\extracted\France\Ligue 1\2018\odds.csv
2025-09-01 20:45:18,992 - src.process_pipeline - INFO - No new fixtures in France/Ligue 1/2018
2025-09-01 20:45:18,993 - src.process_pipeline - INFO - Processing France/Ligue 1/2019
2025-09-01 20:45:19,004 - src.process_pipeline - WARNING - Missing odds file: data\extracted\France\Ligue 1\2019\odds.csv
2025-09-01 20:45:19,014 - src.process_pipeline - ERROR - No home or away data found after splitting
2025-09-01 20:45:19,015 - src.process_pipeline - ERROR - Error processing France/Ligue 1/2019: No home or away data found after splitting
2025-09-01 20:45:19,015 - src.process_pipeline - INFO - Processing France/Ligue 1/2020
2025-09-01 20:45:19,026 - src.process_pipeline - WARNING - Missing odds file: data\extracted\France\Ligue 1\2020\odds.csv
2025-09-01 20:45:19,032 - src.process_pipeline - INFO - No new fixtures in France/Ligue 1/2020
2025-09-01 20:45:19,034 - src.process_pipeline - INFO - Processing France/Ligue 1/2021
2025-09-01 20:45:19,044 - src.process_pipeline - WARNING - Missing odds file: data\extracted\France\Ligue 1\2021\odds.csv
2025-09-01 20:45:19,053 - src.process_pipeline - INFO - No new fixtures in France/Ligue 1/2021
2025-09-01 20:45:19,053 - src.process_pipeline - INFO - Processing France/Ligue 1/2022
2025-09-01 20:45:19,064 - src.process_pipeline - WARNING - Missing odds file: data\extracted\France\Ligue 1\2022\odds.csv
2025-09-01 20:45:19,071 - src.process_pipeline - INFO - No new fixtures in France/Ligue 1/2022
2025-09-01 20:45:19,072 - src.process_pipeline - INFO - Processing France/Ligue 1/2023
2025-09-01 20:45:19,083 - src.process_pipeline - WARNING - Missing odds file: data\extracted\France\Ligue 1\2023\odds.csv
2025-09-01 20:45:19,090 - src.process_pipeline - INFO - No new fixtures in France/Ligue 1/2023
2025-09-01 20:45:19,091 - src.process_pipeline - INFO - Processing France/Ligue 1/2024
2025-09-01 20:45:19,101 - src.process_pipeline - WARNING - Missing odds file: data\extracted\France\Ligue 1\2024\odds.csv
2025-09-01 20:45:19,108 - src.process_pipeline - INFO - No new fixtures in France/Ligue 1/2024
2025-09-01 20:45:19,108 - src.process_pipeline - INFO - Processing France/Ligue 1/2025
2025-09-01 20:45:19,115 - src.process_pipeline - INFO - Odds data found for France/Ligue 1/2025
2025-09-01 20:45:19,121 - src.process_pipeline - INFO - No new fixtures in France/Ligue 1/2025
2025-09-01 20:45:19,121 - src.process_pipeline - INFO - Processing France/Ligue 2/2018
2025-09-01 20:45:19,130 - src.process_pipeline - WARNING - Missing odds file: data\extracted\France\Ligue 2\2018\odds.csv
2025-09-01 20:45:19,136 - src.process_pipeline - INFO - No new fixtures in France/Ligue 2/2018
2025-09-01 20:45:19,137 - src.process_pipeline - INFO - Processing France/Ligue 2/2019
2025-09-01 20:45:19,145 - src.process_pipeline - WARNING - Missing odds file: data\extracted\France\Ligue 2\2019\odds.csv
2025-09-01 20:45:19,156 - src.process_pipeline - ERROR - No home or away data found after splitting
2025-09-01 20:45:19,156 - src.process_pipeline - ERROR - Error processing France/Ligue 2/2019: No home or away data found after splitting
2025-09-01 20:45:19,158 - src.process_pipeline - INFO - Processing France/Ligue 2/2020
2025-09-01 20:45:19,170 - src.process_pipeline - WARNING - Missing odds file: data\extracted\France\Ligue 2\2020\odds.csv
2025-09-01 20:45:19,181 - src.process_pipeline - ERROR - No home or away data found after splitting
2025-09-01 20:45:19,181 - src.process_pipeline - ERROR - Error processing France/Ligue 2/2020: No home or away data found after splitting
2025-09-01 20:45:19,182 - src.process_pipeline - INFO - Processing France/Ligue 2/2021
2025-09-01 20:45:19,193 - src.process_pipeline - WARNING - Missing odds file: data\extracted\France\Ligue 2\2021\odds.csv
2025-09-01 20:45:19,206 - src.process_pipeline - INFO - Successfully merged 1 records with team statistics
2025-09-01 20:45:19,208 - src.process_pipeline - INFO - Saved merged data to data\processed\France\Ligue 2\2021\merged_2021.csv
2025-09-01 20:45:19,208 - src.process_pipeline - INFO - Successfully merged 1 records
2025-09-01 20:45:19,211 - src.process_pipeline - INFO - Processing France/Ligue 2/2022
2025-09-01 20:45:19,220 - src.process_pipeline - WARNING - Missing odds file: data\extracted\France\Ligue 2\2022\odds.csv
2025-09-01 20:45:19,226 - src.process_pipeline - INFO - No new fixtures in France/Ligue 2/2022
2025-09-01 20:45:19,227 - src.process_pipeline - INFO - Processing France/Ligue 2/2023
2025-09-01 20:45:19,236 - src.process_pipeline - WARNING - Missing odds file: data\extracted\France\Ligue 2\2023\odds.csv
2025-09-01 20:45:19,242 - src.process_pipeline - INFO - No new fixtures in France/Ligue 2/2023
2025-09-01 20:45:19,242 - src.process_pipeline - INFO - Processing France/Ligue 2/2024
2025-09-01 20:45:19,251 - src.process_pipeline - WARNING - Missing odds file: data\extracted\France\Ligue 2\2024\odds.csv
2025-09-01 20:45:19,257 - src.process_pipeline - INFO - No new fixtures in France/Ligue 2/2024
2025-09-01 20:45:19,258 - src.process_pipeline - INFO - Processing France/Ligue 2/2025
2025-09-01 20:45:19,264 - src.process_pipeline - INFO - Odds data found for France/Ligue 2/2025
2025-09-01 20:45:19,270 - src.process_pipeline - INFO - No new fixtures in France/Ligue 2/2025
2025-09-01 20:45:19,271 - src.process_pipeline - INFO - Processing Germany/2. Bundesliga/2017
2025-09-01 20:45:19,271 - src.process_pipeline - WARNING - Missing fixtures file: data\extracted\Germany\2. Bundesliga\2017\fixture_events.csv
2025-09-01 20:45:19,271 - src.process_pipeline - INFO - Processing Germany/2. Bundesliga/2018
2025-09-01 20:45:19,280 - src.process_pipeline - WARNING - Missing odds file: data\extracted\Germany\2. Bundesliga\2018\odds.csv
2025-09-01 20:45:19,286 - src.process_pipeline - INFO - No new fixtures in Germany/2. Bundesliga/2018
2025-09-01 20:45:19,287 - src.process_pipeline - INFO - Processing Germany/2. Bundesliga/2019
2025-09-01 20:45:19,295 - src.process_pipeline - WARNING - Missing odds file: data\extracted\Germany\2. Bundesliga\2019\odds.csv
2025-09-01 20:45:19,301 - src.process_pipeline - INFO - No new fixtures in Germany/2. Bundesliga/2019
2025-09-01 20:45:19,302 - src.process_pipeline - INFO - Processing Germany/2. Bundesliga/2020
2025-09-01 20:45:19,311 - src.process_pipeline - WARNING - Missing odds file: data\extracted\Germany\2. Bundesliga\2020\odds.csv
2025-09-01 20:45:19,318 - src.process_pipeline - INFO - No new fixtures in Germany/2. Bundesliga/2020
2025-09-01 20:45:19,318 - src.process_pipeline - INFO - Processing Germany/2. Bundesliga/2021
2025-09-01 20:45:19,326 - src.process_pipeline - WARNING - Missing odds file: data\extracted\Germany\2. Bundesliga\2021\odds.csv
2025-09-01 20:45:19,332 - src.process_pipeline - INFO - No new fixtures in Germany/2. Bundesliga/2021
2025-09-01 20:45:19,333 - src.process_pipeline - INFO - Processing Germany/2. Bundesliga/2022
2025-09-01 20:45:19,341 - src.process_pipeline - WARNING - Missing odds file: data\extracted\Germany\2. Bundesliga\2022\odds.csv
2025-09-01 20:45:19,349 - src.process_pipeline - INFO - No new fixtures in Germany/2. Bundesliga/2022
2025-09-01 20:45:19,350 - src.process_pipeline - INFO - Processing Germany/2. Bundesliga/2023
2025-09-01 20:45:19,361 - src.process_pipeline - WARNING - Missing odds file: data\extracted\Germany\2. Bundesliga\2023\odds.csv
2025-09-01 20:45:19,368 - src.process_pipeline - INFO - No new fixtures in Germany/2. Bundesliga/2023
2025-09-01 20:45:19,369 - src.process_pipeline - INFO - Processing Germany/2. Bundesliga/2024
2025-09-01 20:45:19,378 - src.process_pipeline - WARNING - Missing odds file: data\extracted\Germany\2. Bundesliga\2024\odds.csv
2025-09-01 20:45:19,385 - src.process_pipeline - INFO - No new fixtures in Germany/2. Bundesliga/2024
2025-09-01 20:45:19,385 - src.process_pipeline - INFO - Processing Germany/2. Bundesliga/2025
2025-09-01 20:45:19,391 - src.process_pipeline - WARNING - Missing odds file: data\extracted\Germany\2. Bundesliga\2025\odds.csv
2025-09-01 20:45:19,396 - src.process_pipeline - INFO - No new fixtures in Germany/2. Bundesliga/2025
2025-09-01 20:45:19,397 - src.process_pipeline - INFO - Processing Germany/Bundesliga/2018
2025-09-01 20:45:19,406 - src.process_pipeline - WARNING - Missing odds file: data\extracted\Germany\Bundesliga\2018\odds.csv
2025-09-01 20:45:19,411 - src.process_pipeline - INFO - No new fixtures in Germany/Bundesliga/2018
2025-09-01 20:45:19,412 - src.process_pipeline - INFO - Processing Germany/Bundesliga/2019
2025-09-01 20:45:19,421 - src.process_pipeline - WARNING - Missing odds file: data\extracted\Germany\Bundesliga\2019\odds.csv
2025-09-01 20:45:19,427 - src.process_pipeline - INFO - No new fixtures in Germany/Bundesliga/2019
2025-09-01 20:45:19,428 - src.process_pipeline - INFO - Processing Germany/Bundesliga/2020
2025-09-01 20:45:19,437 - src.process_pipeline - WARNING - Missing odds file: data\extracted\Germany\Bundesliga\2020\odds.csv
2025-09-01 20:45:19,444 - src.process_pipeline - INFO - No new fixtures in Germany/Bundesliga/2020
2025-09-01 20:45:19,445 - src.process_pipeline - INFO - Processing Germany/Bundesliga/2021
2025-09-01 20:45:19,456 - src.process_pipeline - WARNING - Missing odds file: data\extracted\Germany\Bundesliga\2021\odds.csv
2025-09-01 20:45:19,463 - src.process_pipeline - INFO - No new fixtures in Germany/Bundesliga/2021
2025-09-01 20:45:19,464 - src.process_pipeline - INFO - Processing Germany/Bundesliga/2022
2025-09-01 20:45:19,474 - src.process_pipeline - WARNING - Missing odds file: data\extracted\Germany\Bundesliga\2022\odds.csv
2025-09-01 20:45:19,481 - src.process_pipeline - INFO - No new fixtures in Germany/Bundesliga/2022
2025-09-01 20:45:19,482 - src.process_pipeline - INFO - Processing Germany/Bundesliga/2023
2025-09-01 20:45:19,492 - src.process_pipeline - WARNING - Missing odds file: data\extracted\Germany\Bundesliga\2023\odds.csv
2025-09-01 20:45:19,499 - src.process_pipeline - INFO - No new fixtures in Germany/Bundesliga/2023
2025-09-01 20:45:19,499 - src.process_pipeline - INFO - Processing Germany/Bundesliga/2024
2025-09-01 20:45:19,510 - src.process_pipeline - WARNING - Missing odds file: data\extracted\Germany\Bundesliga\2024\odds.csv
2025-09-01 20:45:19,517 - src.process_pipeline - INFO - No new fixtures in Germany/Bundesliga/2024
2025-09-01 20:45:19,518 - src.process_pipeline - INFO - Processing Germany/Bundesliga/2025
2025-09-01 20:45:19,527 - src.process_pipeline - INFO - Odds data found for Germany/Bundesliga/2025
2025-09-01 20:45:19,533 - src.process_pipeline - INFO - No new fixtures in Germany/Bundesliga/2025
2025-09-01 20:45:19,534 - src.process_pipeline - INFO - Processing Germany/DFB Pokal/2018
2025-09-01 20:45:19,540 - src.process_pipeline - WARNING - Missing odds file: data\extracted\Germany\DFB Pokal\2018\odds.csv
2025-09-01 20:45:19,546 - src.process_pipeline - INFO - No new fixtures in Germany/DFB Pokal/2018
2025-09-01 20:45:19,547 - src.process_pipeline - INFO - Processing Germany/DFB Pokal/2019
2025-09-01 20:45:19,552 - src.process_pipeline - WARNING - Missing odds file: data\extracted\Germany\DFB Pokal\2019\odds.csv
2025-09-01 20:45:19,558 - src.process_pipeline - INFO - No new fixtures in Germany/DFB Pokal/2019
2025-09-01 20:45:19,559 - src.process_pipeline - INFO - Processing Germany/DFB Pokal/2020
2025-09-01 20:45:19,564 - src.process_pipeline - WARNING - Missing odds file: data\extracted\Germany\DFB Pokal\2020\odds.csv
2025-09-01 20:45:19,570 - src.process_pipeline - INFO - No new fixtures in Germany/DFB Pokal/2020
2025-09-01 20:45:19,571 - src.process_pipeline - INFO - Processing Germany/DFB Pokal/2021
2025-09-01 20:45:19,576 - src.process_pipeline - WARNING - Missing odds file: data\extracted\Germany\DFB Pokal\2021\odds.csv
2025-09-01 20:45:19,582 - src.process_pipeline - INFO - No new fixtures in Germany/DFB Pokal/2021
2025-09-01 20:45:19,582 - src.process_pipeline - INFO - Processing Germany/DFB Pokal/2022
2025-09-01 20:45:19,587 - src.process_pipeline - WARNING - Missing odds file: data\extracted\Germany\DFB Pokal\2022\odds.csv
2025-09-01 20:45:19,593 - src.process_pipeline - INFO - No new fixtures in Germany/DFB Pokal/2022
2025-09-01 20:45:19,594 - src.process_pipeline - INFO - Processing Germany/DFB Pokal/2023
2025-09-01 20:45:19,599 - src.process_pipeline - WARNING - Missing odds file: data\extracted\Germany\DFB Pokal\2023\odds.csv
2025-09-01 20:45:19,605 - src.process_pipeline - INFO - No new fixtures in Germany/DFB Pokal/2023
2025-09-01 20:45:19,606 - src.process_pipeline - INFO - Processing Germany/DFB Pokal/2024
2025-09-01 20:45:19,611 - src.process_pipeline - WARNING - Missing odds file: data\extracted\Germany\DFB Pokal\2024\odds.csv
2025-09-01 20:45:19,617 - src.process_pipeline - INFO - No new fixtures in Germany/DFB Pokal/2024
2025-09-01 20:45:19,618 - src.process_pipeline - INFO - Processing Greece/Super League/2021
2025-09-01 20:45:19,626 - src.process_pipeline - WARNING - Missing odds file: data\extracted\Greece\Super League\2021\odds.csv
2025-09-01 20:45:19,632 - src.process_pipeline - INFO - No new fixtures in Greece/Super League/2021
2025-09-01 20:45:19,632 - src.process_pipeline - INFO - Processing Greece/Super League/2022
2025-09-01 20:45:19,640 - src.process_pipeline - WARNING - Missing odds file: data\extracted\Greece\Super League\2022\odds.csv
2025-09-01 20:45:19,646 - src.process_pipeline - INFO - No new fixtures in Greece/Super League/2022
2025-09-01 20:45:19,647 - src.process_pipeline - INFO - Processing Greece/Super League/2023
2025-09-01 20:45:19,655 - src.process_pipeline - WARNING - Missing odds file: data\extracted\Greece\Super League\2023\odds.csv
2025-09-01 20:45:19,668 - src.process_pipeline - INFO - Successfully merged 1 records with team statistics
2025-09-01 20:45:19,670 - src.process_pipeline - INFO - Saved merged data to data\processed\Greece\Super League\2023\merged_2023.csv
2025-09-01 20:45:19,670 - src.process_pipeline - INFO - Successfully merged 1 records
2025-09-01 20:45:19,672 - src.process_pipeline - INFO - Processing Greece/Super League/2024
2025-09-01 20:45:19,681 - src.process_pipeline - WARNING - Missing odds file: data\extracted\Greece\Super League\2024\odds.csv
2025-09-01 20:45:19,687 - src.process_pipeline - INFO - No new fixtures in Greece/Super League/2024
2025-09-01 20:45:19,688 - src.process_pipeline - INFO - Processing Greece/Super League/2025
2025-09-01 20:45:19,688 - src.process_pipeline - WARNING - Missing team stats file: data\extracted\Greece\Super League\2025\team_statistics.csv
2025-09-01 20:45:19,689 - src.process_pipeline - INFO - Processing Italy/Coppa Italia/2018
2025-09-01 20:45:19,694 - src.process_pipeline - WARNING - Missing odds file: data\extracted\Italy\Coppa Italia\2018\odds.csv
2025-09-01 20:45:19,700 - src.process_pipeline - INFO - No new fixtures in Italy/Coppa Italia/2018
2025-09-01 20:45:19,701 - src.process_pipeline - INFO - Processing Italy/Coppa Italia/2019
2025-09-01 20:45:19,701 - src.process_pipeline - WARNING - Missing fixtures file: data\extracted\Italy\Coppa Italia\2019\fixture_events.csv
2025-09-01 20:45:19,702 - src.process_pipeline - INFO - Processing Italy/Coppa Italia/2020
2025-09-01 20:45:19,707 - src.process_pipeline - WARNING - Missing odds file: data\extracted\Italy\Coppa Italia\2020\odds.csv
2025-09-01 20:45:19,720 - src.process_pipeline - INFO - Successfully merged 4 records with team statistics
2025-09-01 20:45:19,722 - src.process_pipeline - INFO - Saved merged data to data\processed\Italy\Coppa Italia\2020\merged_2020.csv
2025-09-01 20:45:19,722 - src.process_pipeline - INFO - Successfully merged 4 records
2025-09-01 20:45:19,725 - src.process_pipeline - INFO - Processing Italy/Coppa Italia/2021
2025-09-01 20:45:19,730 - src.process_pipeline - WARNING - Missing odds file: data\extracted\Italy\Coppa Italia\2021\odds.csv
2025-09-01 20:45:19,736 - src.process_pipeline - INFO - No new fixtures in Italy/Coppa Italia/2021
2025-09-01 20:45:19,737 - src.process_pipeline - INFO - Processing Italy/Coppa Italia/2022
2025-09-01 20:45:19,742 - src.process_pipeline - WARNING - Missing odds file: data\extracted\Italy\Coppa Italia\2022\odds.csv
2025-09-01 20:45:19,747 - src.process_pipeline - INFO - No new fixtures in Italy/Coppa Italia/2022
2025-09-01 20:45:19,748 - src.process_pipeline - INFO - Processing Italy/Coppa Italia/2023
2025-09-01 20:45:19,753 - src.process_pipeline - WARNING - Missing odds file: data\extracted\Italy\Coppa Italia\2023\odds.csv
2025-09-01 20:45:19,759 - src.process_pipeline - INFO - No new fixtures in Italy/Coppa Italia/2023
2025-09-01 20:45:19,760 - src.process_pipeline - INFO - Processing Italy/Coppa Italia/2024
2025-09-01 20:45:19,765 - src.process_pipeline - WARNING - Missing odds file: data\extracted\Italy\Coppa Italia\2024\odds.csv
2025-09-01 20:45:19,771 - src.process_pipeline - INFO - No new fixtures in Italy/Coppa Italia/2024
2025-09-01 20:45:19,771 - src.process_pipeline - INFO - Processing Italy/Serie A/2016
2025-09-01 20:45:19,780 - src.process_pipeline - WARNING - Missing odds file: data\extracted\Italy\Serie A\2016\odds.csv
2025-09-01 20:45:19,793 - src.process_pipeline - INFO - Successfully merged 1 records with team statistics
2025-09-01 20:45:19,795 - src.process_pipeline - INFO - Saved merged data to data\processed\Italy\Serie A\2016\merged_2016.csv
2025-09-01 20:45:19,795 - src.process_pipeline - INFO - Successfully merged 1 records
2025-09-01 20:45:19,798 - src.process_pipeline - INFO - Processing Italy/Serie A/2017
2025-09-01 20:45:19,807 - src.process_pipeline - WARNING - Missing odds file: data\extracted\Italy\Serie A\2017\odds.csv
2025-09-01 20:45:19,814 - src.process_pipeline - INFO - No new fixtures in Italy/Serie A/2017
2025-09-01 20:45:19,814 - src.process_pipeline - INFO - Processing Italy/Serie A/2018
2025-09-01 20:45:19,825 - src.process_pipeline - WARNING - Missing odds file: data\extracted\Italy\Serie A\2018\odds.csv
2025-09-01 20:45:19,831 - src.process_pipeline - INFO - No new fixtures in Italy/Serie A/2018
2025-09-01 20:45:19,831 - src.process_pipeline - INFO - Processing Italy/Serie A/2019
2025-09-01 20:45:19,839 - src.process_pipeline - WARNING - Missing odds file: data\extracted\Italy\Serie A\2019\odds.csv
2025-09-01 20:45:19,845 - src.process_pipeline - INFO - No new fixtures in Italy/Serie A/2019
2025-09-01 20:45:19,845 - src.process_pipeline - INFO - Processing Italy/Serie A/2020
2025-09-01 20:45:19,854 - src.process_pipeline - WARNING - Missing odds file: data\extracted\Italy\Serie A\2020\odds.csv
2025-09-01 20:45:19,860 - src.process_pipeline - INFO - No new fixtures in Italy/Serie A/2020
2025-09-01 20:45:19,861 - src.process_pipeline - INFO - Processing Italy/Serie A/2021
2025-09-01 20:45:19,871 - src.process_pipeline - WARNING - Missing odds file: data\extracted\Italy\Serie A\2021\odds.csv
2025-09-01 20:45:19,879 - src.process_pipeline - INFO - No new fixtures in Italy/Serie A/2021
2025-09-01 20:45:19,879 - src.process_pipeline - INFO - Processing Italy/Serie A/2022
2025-09-01 20:45:19,890 - src.process_pipeline - WARNING - Missing odds file: data\extracted\Italy\Serie A\2022\odds.csv
2025-09-01 20:45:19,896 - src.process_pipeline - INFO - No new fixtures in Italy/Serie A/2022
2025-09-01 20:45:19,897 - src.process_pipeline - INFO - Processing Italy/Serie A/2023
2025-09-01 20:45:19,908 - src.process_pipeline - WARNING - Missing odds file: data\extracted\Italy\Serie A\2023\odds.csv
2025-09-01 20:45:19,914 - src.process_pipeline - INFO - No new fixtures in Italy/Serie A/2023
2025-09-01 20:45:19,914 - src.process_pipeline - INFO - Processing Italy/Serie A/2024
2025-09-01 20:45:19,924 - src.process_pipeline - WARNING - Missing odds file: data\extracted\Italy\Serie A\2024\odds.csv
2025-09-01 20:45:19,930 - src.process_pipeline - INFO - No new fixtures in Italy/Serie A/2024
2025-09-01 20:45:19,930 - src.process_pipeline - INFO - Processing Italy/Serie A/2025
2025-09-01 20:45:19,937 - src.process_pipeline - INFO - Odds data found for Italy/Serie A/2025
2025-09-01 20:45:19,943 - src.process_pipeline - INFO - No new fixtures in Italy/Serie A/2025
2025-09-01 20:45:19,944 - src.process_pipeline - INFO - Processing Italy/Serie B/2017
2025-09-01 20:45:19,954 - src.process_pipeline - WARNING - Missing odds file: data\extracted\Italy\Serie B\2017\odds.csv
2025-09-01 20:45:19,960 - src.process_pipeline - INFO - No new fixtures in Italy/Serie B/2017
2025-09-01 20:45:19,961 - src.process_pipeline - INFO - Processing Italy/Serie B/2018
2025-09-01 20:45:19,961 - src.process_pipeline - WARNING - Missing fixtures file: data\extracted\Italy\Serie B\2018\fixture_events.csv
2025-09-01 20:45:19,961 - src.process_pipeline - INFO - Processing Italy/Serie B/2019
2025-09-01 20:45:19,970 - src.process_pipeline - WARNING - Missing odds file: data\extracted\Italy\Serie B\2019\odds.csv
2025-09-01 20:45:19,976 - src.process_pipeline - INFO - No new fixtures in Italy/Serie B/2019
2025-09-01 20:45:19,977 - src.process_pipeline - INFO - Processing Italy/Serie B/2020
2025-09-01 20:45:19,986 - src.process_pipeline - WARNING - Missing odds file: data\extracted\Italy\Serie B\2020\odds.csv
2025-09-01 20:45:19,999 - src.process_pipeline - INFO - Successfully merged 2 records with team statistics
2025-09-01 20:45:20,001 - src.process_pipeline - INFO - Saved merged data to data\processed\Italy\Serie B\2020\merged_2020.csv
2025-09-01 20:45:20,001 - src.process_pipeline - INFO - Successfully merged 2 records
2025-09-01 20:45:20,005 - src.process_pipeline - INFO - Processing Italy/Serie B/2021
2025-09-01 20:45:20,015 - src.process_pipeline - WARNING - Missing odds file: data\extracted\Italy\Serie B\2021\odds.csv
2025-09-01 20:45:20,021 - src.process_pipeline - INFO - No new fixtures in Italy/Serie B/2021
2025-09-01 20:45:20,021 - src.process_pipeline - INFO - Processing Italy/Serie B/2022
2025-09-01 20:45:20,030 - src.process_pipeline - WARNING - Missing odds file: data\extracted\Italy\Serie B\2022\odds.csv
2025-09-01 20:45:20,037 - src.process_pipeline - INFO - No new fixtures in Italy/Serie B/2022
2025-09-01 20:45:20,037 - src.process_pipeline - INFO - Processing Italy/Serie B/2023
2025-09-01 20:45:20,047 - src.process_pipeline - WARNING - Missing odds file: data\extracted\Italy\Serie B\2023\odds.csv
2025-09-01 20:45:20,053 - src.process_pipeline - INFO - No new fixtures in Italy/Serie B/2023
2025-09-01 20:45:20,054 - src.process_pipeline - INFO - Processing Italy/Serie B/2024
2025-09-01 20:45:20,064 - src.process_pipeline - WARNING - Missing odds file: data\extracted\Italy\Serie B\2024\odds.csv
2025-09-01 20:45:20,071 - src.process_pipeline - INFO - No new fixtures in Italy/Serie B/2024
2025-09-01 20:45:20,071 - src.process_pipeline - INFO - Processing Italy/Serie B/2025
2025-09-01 20:45:20,071 - src.process_pipeline - WARNING - Missing fixtures file: data\extracted\Italy\Serie B\2025\fixture_events.csv
2025-09-01 20:45:20,072 - src.process_pipeline - INFO - Processing Spain/Copa del Rey/2018
2025-09-01 20:45:20,078 - src.process_pipeline - WARNING - Missing odds file: data\extracted\Spain\Copa del Rey\2018\odds.csv
2025-09-01 20:45:20,086 - src.process_pipeline - INFO - No new fixtures in Spain/Copa del Rey/2018
2025-09-01 20:45:20,086 - src.process_pipeline - INFO - Processing Spain/Copa del Rey/2019
2025-09-01 20:45:20,093 - src.process_pipeline - WARNING - Missing odds file: data\extracted\Spain\Copa del Rey\2019\odds.csv
2025-09-01 20:45:20,103 - src.process_pipeline - ERROR - No home or away data found after splitting
2025-09-01 20:45:20,103 - src.process_pipeline - ERROR - Error processing Spain/Copa del Rey/2019: No home or away data found after splitting
2025-09-01 20:45:20,104 - src.process_pipeline - INFO - Processing Spain/Copa del Rey/2020
2025-09-01 20:45:20,110 - src.process_pipeline - WARNING - Missing odds file: data\extracted\Spain\Copa del Rey\2020\odds.csv
2025-09-01 20:45:20,120 - src.process_pipeline - ERROR - No home or away data found after splitting
2025-09-01 20:45:20,120 - src.process_pipeline - ERROR - Error processing Spain/Copa del Rey/2020: No home or away data found after splitting
2025-09-01 20:45:20,120 - src.process_pipeline - INFO - Processing Spain/Copa del Rey/2021
2025-09-01 20:45:20,126 - src.process_pipeline - WARNING - Missing odds file: data\extracted\Spain\Copa del Rey\2021\odds.csv
2025-09-01 20:45:20,136 - src.process_pipeline - ERROR - No home or away data found after splitting
2025-09-01 20:45:20,136 - src.process_pipeline - ERROR - Error processing Spain/Copa del Rey/2021: No home or away data found after splitting
2025-09-01 20:45:20,136 - src.process_pipeline - INFO - Processing Spain/Copa del Rey/2022
2025-09-01 20:45:20,142 - src.process_pipeline - WARNING - Missing odds file: data\extracted\Spain\Copa del Rey\2022\odds.csv
2025-09-01 20:45:20,148 - src.process_pipeline - INFO - No new fixtures in Spain/Copa del Rey/2022
2025-09-01 20:45:20,149 - src.process_pipeline - INFO - Processing Spain/Copa del Rey/2023
2025-09-01 20:45:20,155 - src.process_pipeline - WARNING - Missing odds file: data\extracted\Spain\Copa del Rey\2023\odds.csv
2025-09-01 20:45:20,160 - src.process_pipeline - INFO - No new fixtures in Spain/Copa del Rey/2023
2025-09-01 20:45:20,161 - src.process_pipeline - INFO - Processing Spain/Copa del Rey/2024
2025-09-01 20:45:20,167 - src.process_pipeline - WARNING - Missing odds file: data\extracted\Spain\Copa del Rey\2024\odds.csv
2025-09-01 20:45:20,177 - src.process_pipeline - ERROR - No home or away data found after splitting
2025-09-01 20:45:20,177 - src.process_pipeline - ERROR - Error processing Spain/Copa del Rey/2024: No home or away data found after splitting
2025-09-01 20:45:20,177 - src.process_pipeline - INFO - Processing Spain/La Liga/2020
2025-09-01 20:45:20,186 - src.process_pipeline - WARNING - Missing odds file: data\extracted\Spain\La Liga\2020\odds.csv
2025-09-01 20:45:20,192 - src.process_pipeline - INFO - No new fixtures in Spain/La Liga/2020
2025-09-01 20:45:20,193 - src.process_pipeline - INFO - Processing Spain/La Liga/2021
2025-09-01 20:45:20,202 - src.process_pipeline - WARNING - Missing odds file: data\extracted\Spain\La Liga\2021\odds.csv
2025-09-01 20:45:20,208 - src.process_pipeline - INFO - No new fixtures in Spain/La Liga/2021
2025-09-01 20:45:20,209 - src.process_pipeline - INFO - Processing Spain/La Liga/2022
2025-09-01 20:45:20,220 - src.process_pipeline - WARNING - Missing odds file: data\extracted\Spain\La Liga\2022\odds.csv
2025-09-01 20:45:20,226 - src.process_pipeline - INFO - No new fixtures in Spain/La Liga/2022
2025-09-01 20:45:20,227 - src.process_pipeline - INFO - Processing Spain/La Liga/2023
2025-09-01 20:45:20,238 - src.process_pipeline - WARNING - Missing odds file: data\extracted\Spain\La Liga\2023\odds.csv
2025-09-01 20:45:20,245 - src.process_pipeline - INFO - No new fixtures in Spain/La Liga/2023
2025-09-01 20:45:20,246 - src.process_pipeline - INFO - Processing Spain/La Liga/2024
2025-09-01 20:45:20,256 - src.process_pipeline - WARNING - Missing odds file: data\extracted\Spain\La Liga\2024\odds.csv
2025-09-01 20:45:20,262 - src.process_pipeline - INFO - No new fixtures in Spain/La Liga/2024
2025-09-01 20:45:20,263 - src.process_pipeline - INFO - Processing Spain/La Liga/2025
2025-09-01 20:45:20,270 - src.process_pipeline - INFO - Odds data found for Spain/La Liga/2025
2025-09-01 20:45:20,277 - src.process_pipeline - INFO - No new fixtures in Spain/La Liga/2025
2025-09-01 20:45:20,277 - src.process_pipeline - INFO - Processing Spain/Segunda Division/2017
2025-09-01 20:45:20,290 - src.process_pipeline - WARNING - Missing odds file: data\extracted\Spain\Segunda Division\2017\odds.csv
2025-09-01 20:45:20,296 - src.process_pipeline - INFO - No new fixtures in Spain/Segunda Division/2017
2025-09-01 20:45:20,297 - src.process_pipeline - INFO - Processing Spain/Segunda Division/2018
2025-09-01 20:45:20,308 - src.process_pipeline - WARNING - Missing odds file: data\extracted\Spain\Segunda Division\2018\odds.csv
2025-09-01 20:45:20,318 - src.process_pipeline - ERROR - No home or away data found after splitting
2025-09-01 20:45:20,318 - src.process_pipeline - ERROR - Error processing Spain/Segunda Division/2018: No home or away data found after splitting
2025-09-01 20:45:20,318 - src.process_pipeline - INFO - Processing Spain/Segunda Division/2019
2025-09-01 20:45:20,328 - src.process_pipeline - WARNING - Missing odds file: data\extracted\Spain\Segunda Division\2019\odds.csv
2025-09-01 20:45:20,334 - src.process_pipeline - INFO - No new fixtures in Spain/Segunda Division/2019
2025-09-01 20:45:20,335 - src.process_pipeline - INFO - Processing Spain/Segunda Division/2020
2025-09-01 20:45:20,347 - src.process_pipeline - WARNING - Missing odds file: data\extracted\Spain\Segunda Division\2020\odds.csv
2025-09-01 20:45:20,353 - src.process_pipeline - INFO - No new fixtures in Spain/Segunda Division/2020
2025-09-01 20:45:20,353 - src.process_pipeline - INFO - Processing Spain/Segunda Division/2021
2025-09-01 20:45:20,365 - src.process_pipeline - WARNING - Missing odds file: data\extracted\Spain\Segunda Division\2021\odds.csv
2025-09-01 20:45:20,372 - src.process_pipeline - INFO - No new fixtures in Spain/Segunda Division/2021
2025-09-01 20:45:20,373 - src.process_pipeline - INFO - Processing Spain/Segunda Division/2022
2025-09-01 20:45:20,385 - src.process_pipeline - WARNING - Missing odds file: data\extracted\Spain\Segunda Division\2022\odds.csv
2025-09-01 20:45:20,392 - src.process_pipeline - INFO - No new fixtures in Spain/Segunda Division/2022
2025-09-01 20:45:20,392 - src.process_pipeline - INFO - Processing Spain/Segunda Division/2023
2025-09-01 20:45:20,405 - src.process_pipeline - WARNING - Missing odds file: data\extracted\Spain\Segunda Division\2023\odds.csv
2025-09-01 20:45:20,411 - src.process_pipeline - INFO - No new fixtures in Spain/Segunda Division/2023
2025-09-01 20:45:20,412 - src.process_pipeline - INFO - Processing Spain/Segunda Division/2024
2025-09-01 20:45:20,425 - src.process_pipeline - WARNING - Missing odds file: data\extracted\Spain\Segunda Division\2024\odds.csv
2025-09-01 20:45:20,430 - src.process_pipeline - INFO - No new fixtures in Spain/Segunda Division/2024
2025-09-01 20:45:20,431 - src.process_pipeline - INFO - Processing Spain/Segunda Division/2025
2025-09-01 20:45:20,438 - src.process_pipeline - INFO - Odds data found for Spain/Segunda Division/2025
2025-09-01 20:45:20,443 - src.process_pipeline - INFO - No new fixtures in Spain/Segunda Division/2025
2025-09-01 20:45:20,444 - src.process_pipeline - INFO - Starting preprocessing and feature engineering
2025-09-01 20:45:20,444 - src.process_pipeline - INFO - Initial data shape: (14, 72)
2025-09-01 20:45:20,444 - src.process_pipeline - INFO - Cleaning data
