2025-09-01 20:08:51,952 - src.process_pipeline - INFO - Logging initialized. Log file: logs/process\process_20250901_200851.log
2025-09-01 20:08:52,848 - src.process_pipeline - INFO - Loaded H2H data with 10532 team pairs
2025-09-01 20:08:52,857 - src.process_pipeline - INFO - Loaded standings data for 7622 teams
2025-09-01 20:08:53,747 - src.process_pipeline - INFO - Processing England/Championship/2017
2025-09-01 20:08:53,747 - src.process_pipeline - ERROR - Error processing England/Championship/2017: 'odds'
2025-09-01 20:08:53,749 - src.process_pipeline - INFO - Processing England/Championship/2018
2025-09-01 20:08:53,749 - src.process_pipeline - ERROR - Error processing England/Championship/2018: 'odds'
2025-09-01 20:08:53,749 - src.process_pipeline - INFO - Processing England/Championship/2019
2025-09-01 20:08:53,750 - src.process_pipeline - ERROR - Error processing England/Championship/2019: 'odds'
2025-09-01 20:08:53,750 - src.process_pipeline - INFO - Processing England/Championship/2020
2025-09-01 20:08:53,750 - src.process_pipeline - ERROR - Error processing England/Championship/2020: 'odds'
2025-09-01 20:08:53,751 - src.process_pipeline - INFO - Processing England/Championship/2021
2025-09-01 20:08:53,751 - src.process_pipeline - ERROR - Error processing England/Championship/2021: 'odds'
2025-09-01 20:08:53,751 - src.process_pipeline - INFO - Processing England/Championship/2022
2025-09-01 20:08:53,751 - src.process_pipeline - ERROR - Error processing England/Championship/2022: 'odds'
2025-09-01 20:08:53,752 - src.process_pipeline - INFO - Processing England/Championship/2023
2025-09-01 20:08:53,752 - src.process_pipeline - ERROR - Error processing England/Championship/2023: 'odds'
2025-09-01 20:08:53,752 - src.process_pipeline - INFO - Processing England/Championship/2024
2025-09-01 20:08:53,752 - src.process_pipeline - ERROR - Error processing England/Championship/2024: 'odds'
2025-09-01 20:08:53,753 - src.process_pipeline - INFO - Processing England/Championship/2025
2025-09-01 20:08:53,753 - src.process_pipeline - ERROR - Error processing England/Championship/2025: 'odds'
2025-09-01 20:08:53,753 - src.process_pipeline - INFO - Processing England/EFL Trophy/2021
2025-09-01 20:08:53,753 - src.process_pipeline - ERROR - Error processing England/EFL Trophy/2021: 'odds'
2025-09-01 20:08:53,754 - src.process_pipeline - INFO - Processing England/EFL Trophy/2022
2025-09-01 20:08:53,754 - src.process_pipeline - ERROR - Error processing England/EFL Trophy/2022: 'odds'
2025-09-01 20:08:53,754 - src.process_pipeline - INFO - Processing England/EFL Trophy/2023
2025-09-01 20:08:53,754 - src.process_pipeline - ERROR - Error processing England/EFL Trophy/2023: 'odds'
2025-09-01 20:08:53,755 - src.process_pipeline - INFO - Processing England/EFL Trophy/2024
2025-09-01 20:08:53,755 - src.process_pipeline - ERROR - Error processing England/EFL Trophy/2024: 'odds'
2025-09-01 20:08:53,755 - src.process_pipeline - INFO - Processing England/FA Cup/2018
2025-09-01 20:08:53,755 - src.process_pipeline - ERROR - Error processing England/FA Cup/2018: 'odds'
2025-09-01 20:08:53,756 - src.process_pipeline - INFO - Processing England/FA Cup/2019
2025-09-01 20:08:53,756 - src.process_pipeline - ERROR - Error processing England/FA Cup/2019: 'odds'
2025-09-01 20:08:53,756 - src.process_pipeline - INFO - Processing England/FA Cup/2020
2025-09-01 20:08:53,756 - src.process_pipeline - ERROR - Error processing England/FA Cup/2020: 'odds'
2025-09-01 20:08:53,757 - src.process_pipeline - INFO - Processing England/FA Cup/2021
2025-09-01 20:08:53,757 - src.process_pipeline - ERROR - Error processing England/FA Cup/2021: 'odds'
2025-09-01 20:08:53,757 - src.process_pipeline - INFO - Processing England/FA Cup/2022
2025-09-01 20:08:53,757 - src.process_pipeline - ERROR - Error processing England/FA Cup/2022: 'odds'
2025-09-01 20:08:53,758 - src.process_pipeline - INFO - Processing England/FA Cup/2023
2025-09-01 20:08:53,758 - src.process_pipeline - ERROR - Error processing England/FA Cup/2023: 'odds'
2025-09-01 20:08:53,758 - src.process_pipeline - INFO - Processing England/FA Cup/2024
2025-09-01 20:08:53,758 - src.process_pipeline - ERROR - Error processing England/FA Cup/2024: 'odds'
2025-09-01 20:08:53,759 - src.process_pipeline - INFO - Processing England/FA Trophy/2023
2025-09-01 20:08:53,759 - src.process_pipeline - ERROR - Error processing England/FA Trophy/2023: 'odds'
2025-09-01 20:08:53,759 - src.process_pipeline - INFO - Processing England/FA Trophy/2024
2025-09-01 20:08:53,759 - src.process_pipeline - ERROR - Error processing England/FA Trophy/2024: 'odds'
2025-09-01 20:08:53,760 - src.process_pipeline - INFO - Processing England/Premier League/2018
2025-09-01 20:08:53,760 - src.process_pipeline - ERROR - Error processing England/Premier League/2018: 'odds'
2025-09-01 20:08:53,760 - src.process_pipeline - INFO - Processing England/Premier League/2019
2025-09-01 20:08:53,760 - src.process_pipeline - ERROR - Error processing England/Premier League/2019: 'odds'
2025-09-01 20:08:53,761 - src.process_pipeline - INFO - Processing England/Premier League/2020
2025-09-01 20:08:53,761 - src.process_pipeline - ERROR - Error processing England/Premier League/2020: 'odds'
2025-09-01 20:08:53,761 - src.process_pipeline - INFO - Processing England/Premier League/2021
2025-09-01 20:08:53,761 - src.process_pipeline - ERROR - Error processing England/Premier League/2021: 'odds'
2025-09-01 20:08:53,762 - src.process_pipeline - INFO - Processing England/Premier League/2022
2025-09-01 20:08:53,762 - src.process_pipeline - ERROR - Error processing England/Premier League/2022: 'odds'
2025-09-01 20:08:53,762 - src.process_pipeline - INFO - Processing England/Premier League/2023
2025-09-01 20:08:53,762 - src.process_pipeline - ERROR - Error processing England/Premier League/2023: 'odds'
2025-09-01 20:08:53,763 - src.process_pipeline - INFO - Processing England/Premier League/2024
2025-09-01 20:08:53,763 - src.process_pipeline - ERROR - Error processing England/Premier League/2024: 'odds'
2025-09-01 20:08:53,763 - src.process_pipeline - INFO - Processing England/Premier League/2025
2025-09-01 20:08:53,763 - src.process_pipeline - ERROR - Error processing England/Premier League/2025: 'odds'
2025-09-01 20:08:53,764 - src.process_pipeline - INFO - Processing Europe/Champions League/2018
2025-09-01 20:08:53,764 - src.process_pipeline - ERROR - Error processing Europe/Champions League/2018: 'odds'
2025-09-01 20:08:53,764 - src.process_pipeline - INFO - Processing Europe/Champions League/2019
2025-09-01 20:08:53,764 - src.process_pipeline - ERROR - Error processing Europe/Champions League/2019: 'odds'
2025-09-01 20:08:53,765 - src.process_pipeline - INFO - Processing Europe/Champions League/2020
2025-09-01 20:08:53,765 - src.process_pipeline - ERROR - Error processing Europe/Champions League/2020: 'odds'
2025-09-01 20:08:53,765 - src.process_pipeline - INFO - Processing Europe/Champions League/2021
2025-09-01 20:08:53,765 - src.process_pipeline - ERROR - Error processing Europe/Champions League/2021: 'odds'
2025-09-01 20:08:53,766 - src.process_pipeline - INFO - Processing Europe/Champions League/2022
2025-09-01 20:08:53,766 - src.process_pipeline - ERROR - Error processing Europe/Champions League/2022: 'odds'
2025-09-01 20:08:53,766 - src.process_pipeline - INFO - Processing Europe/Champions League/2023
2025-09-01 20:08:53,766 - src.process_pipeline - ERROR - Error processing Europe/Champions League/2023: 'odds'
2025-09-01 20:08:53,767 - src.process_pipeline - INFO - Processing Europe/Champions League/2024
2025-09-01 20:08:53,767 - src.process_pipeline - ERROR - Error processing Europe/Champions League/2024: 'odds'
2025-09-01 20:08:53,767 - src.process_pipeline - INFO - Processing Europe/Champions League/2025
2025-09-01 20:08:53,767 - src.process_pipeline - ERROR - Error processing Europe/Champions League/2025: 'odds'
2025-09-01 20:08:53,768 - src.process_pipeline - INFO - Processing Europe/Conference League/2021
2025-09-01 20:08:53,768 - src.process_pipeline - ERROR - Error processing Europe/Conference League/2021: 'odds'
2025-09-01 20:08:53,768 - src.process_pipeline - INFO - Processing Europe/Conference League/2022
2025-09-01 20:08:53,768 - src.process_pipeline - ERROR - Error processing Europe/Conference League/2022: 'odds'
2025-09-01 20:08:53,769 - src.process_pipeline - INFO - Processing Europe/Conference League/2023
2025-09-01 20:08:53,769 - src.process_pipeline - ERROR - Error processing Europe/Conference League/2023: 'odds'
2025-09-01 20:08:53,769 - src.process_pipeline - INFO - Processing Europe/Conference League/2024
2025-09-01 20:08:53,769 - src.process_pipeline - ERROR - Error processing Europe/Conference League/2024: 'odds'
2025-09-01 20:08:53,770 - src.process_pipeline - INFO - Processing Europe/Conference League/2025
2025-09-01 20:08:53,770 - src.process_pipeline - ERROR - Error processing Europe/Conference League/2025: 'odds'
2025-09-01 20:08:53,770 - src.process_pipeline - INFO - Processing Europe/Europa League/2018
2025-09-01 20:08:53,770 - src.process_pipeline - ERROR - Error processing Europe/Europa League/2018: 'odds'
2025-09-01 20:08:53,771 - src.process_pipeline - INFO - Processing Europe/Europa League/2019
2025-09-01 20:08:53,771 - src.process_pipeline - ERROR - Error processing Europe/Europa League/2019: 'odds'
2025-09-01 20:08:53,771 - src.process_pipeline - INFO - Processing Europe/Europa League/2020
2025-09-01 20:08:53,771 - src.process_pipeline - ERROR - Error processing Europe/Europa League/2020: 'odds'
2025-09-01 20:08:53,772 - src.process_pipeline - INFO - Processing Europe/Europa League/2021
2025-09-01 20:08:53,772 - src.process_pipeline - ERROR - Error processing Europe/Europa League/2021: 'odds'
2025-09-01 20:08:53,772 - src.process_pipeline - INFO - Processing Europe/Europa League/2022
2025-09-01 20:08:53,773 - src.process_pipeline - ERROR - Error processing Europe/Europa League/2022: 'odds'
2025-09-01 20:08:53,773 - src.process_pipeline - INFO - Processing Europe/Europa League/2023
2025-09-01 20:08:53,773 - src.process_pipeline - ERROR - Error processing Europe/Europa League/2023: 'odds'
2025-09-01 20:08:53,773 - src.process_pipeline - INFO - Processing Europe/Europa League/2024
2025-09-01 20:08:53,774 - src.process_pipeline - ERROR - Error processing Europe/Europa League/2024: 'odds'
2025-09-01 20:08:53,774 - src.process_pipeline - INFO - Processing Europe/Europa League/2025
2025-09-01 20:08:53,774 - src.process_pipeline - ERROR - Error processing Europe/Europa League/2025: 'odds'
2025-09-01 20:08:53,775 - src.process_pipeline - INFO - Processing France/Coupe de France/2018
2025-09-01 20:08:53,775 - src.process_pipeline - ERROR - Error processing France/Coupe de France/2018: 'odds'
2025-09-01 20:08:53,775 - src.process_pipeline - INFO - Processing France/Coupe de France/2019
2025-09-01 20:08:53,775 - src.process_pipeline - ERROR - Error processing France/Coupe de France/2019: 'odds'
2025-09-01 20:08:53,776 - src.process_pipeline - INFO - Processing France/Coupe de France/2020
2025-09-01 20:08:53,776 - src.process_pipeline - ERROR - Error processing France/Coupe de France/2020: 'odds'
2025-09-01 20:08:53,776 - src.process_pipeline - INFO - Processing France/Coupe de France/2021
2025-09-01 20:08:53,776 - src.process_pipeline - ERROR - Error processing France/Coupe de France/2021: 'odds'
2025-09-01 20:08:53,777 - src.process_pipeline - INFO - Processing France/Coupe de France/2022
2025-09-01 20:08:53,777 - src.process_pipeline - ERROR - Error processing France/Coupe de France/2022: 'odds'
2025-09-01 20:08:53,777 - src.process_pipeline - INFO - Processing France/Coupe de France/2023
2025-09-01 20:08:53,777 - src.process_pipeline - ERROR - Error processing France/Coupe de France/2023: 'odds'
2025-09-01 20:08:53,778 - src.process_pipeline - INFO - Processing France/Coupe de France/2024
2025-09-01 20:08:53,778 - src.process_pipeline - ERROR - Error processing France/Coupe de France/2024: 'odds'
2025-09-01 20:08:53,778 - src.process_pipeline - INFO - Processing France/Ligue 1/2018
2025-09-01 20:08:53,778 - src.process_pipeline - ERROR - Error processing France/Ligue 1/2018: 'odds'
2025-09-01 20:08:53,779 - src.process_pipeline - INFO - Processing France/Ligue 1/2019
2025-09-01 20:08:53,779 - src.process_pipeline - ERROR - Error processing France/Ligue 1/2019: 'odds'
2025-09-01 20:08:53,779 - src.process_pipeline - INFO - Processing France/Ligue 1/2020
2025-09-01 20:08:53,779 - src.process_pipeline - ERROR - Error processing France/Ligue 1/2020: 'odds'
2025-09-01 20:08:53,780 - src.process_pipeline - INFO - Processing France/Ligue 1/2021
2025-09-01 20:08:53,780 - src.process_pipeline - ERROR - Error processing France/Ligue 1/2021: 'odds'
2025-09-01 20:08:53,780 - src.process_pipeline - INFO - Processing France/Ligue 1/2022
2025-09-01 20:08:53,780 - src.process_pipeline - ERROR - Error processing France/Ligue 1/2022: 'odds'
2025-09-01 20:08:53,781 - src.process_pipeline - INFO - Processing France/Ligue 1/2023
2025-09-01 20:08:53,781 - src.process_pipeline - ERROR - Error processing France/Ligue 1/2023: 'odds'
2025-09-01 20:08:53,781 - src.process_pipeline - INFO - Processing France/Ligue 1/2024
2025-09-01 20:08:53,781 - src.process_pipeline - ERROR - Error processing France/Ligue 1/2024: 'odds'
2025-09-01 20:08:53,782 - src.process_pipeline - INFO - Processing France/Ligue 1/2025
2025-09-01 20:08:53,782 - src.process_pipeline - ERROR - Error processing France/Ligue 1/2025: 'odds'
2025-09-01 20:08:53,782 - src.process_pipeline - INFO - Processing France/Ligue 2/2018
2025-09-01 20:08:53,782 - src.process_pipeline - ERROR - Error processing France/Ligue 2/2018: 'odds'
2025-09-01 20:08:53,783 - src.process_pipeline - INFO - Processing France/Ligue 2/2019
2025-09-01 20:08:53,783 - src.process_pipeline - ERROR - Error processing France/Ligue 2/2019: 'odds'
2025-09-01 20:08:53,783 - src.process_pipeline - INFO - Processing France/Ligue 2/2020
2025-09-01 20:08:53,783 - src.process_pipeline - ERROR - Error processing France/Ligue 2/2020: 'odds'
2025-09-01 20:08:53,784 - src.process_pipeline - INFO - Processing France/Ligue 2/2021
2025-09-01 20:08:53,784 - src.process_pipeline - ERROR - Error processing France/Ligue 2/2021: 'odds'
2025-09-01 20:08:53,784 - src.process_pipeline - INFO - Processing France/Ligue 2/2022
2025-09-01 20:08:53,784 - src.process_pipeline - ERROR - Error processing France/Ligue 2/2022: 'odds'
2025-09-01 20:08:53,785 - src.process_pipeline - INFO - Processing France/Ligue 2/2023
2025-09-01 20:08:53,785 - src.process_pipeline - ERROR - Error processing France/Ligue 2/2023: 'odds'
2025-09-01 20:08:53,785 - src.process_pipeline - INFO - Processing France/Ligue 2/2024
2025-09-01 20:08:53,785 - src.process_pipeline - ERROR - Error processing France/Ligue 2/2024: 'odds'
2025-09-01 20:08:53,786 - src.process_pipeline - INFO - Processing France/Ligue 2/2025
2025-09-01 20:08:53,786 - src.process_pipeline - ERROR - Error processing France/Ligue 2/2025: 'odds'
2025-09-01 20:08:53,786 - src.process_pipeline - INFO - Processing Germany/2. Bundesliga/2017
2025-09-01 20:08:53,786 - src.process_pipeline - ERROR - Error processing Germany/2. Bundesliga/2017: 'odds'
2025-09-01 20:08:53,787 - src.process_pipeline - INFO - Processing Germany/2. Bundesliga/2018
2025-09-01 20:08:53,787 - src.process_pipeline - ERROR - Error processing Germany/2. Bundesliga/2018: 'odds'
2025-09-01 20:08:53,788 - src.process_pipeline - INFO - Processing Germany/2. Bundesliga/2019
2025-09-01 20:08:53,788 - src.process_pipeline - ERROR - Error processing Germany/2. Bundesliga/2019: 'odds'
2025-09-01 20:08:53,788 - src.process_pipeline - INFO - Processing Germany/2. Bundesliga/2020
2025-09-01 20:08:53,788 - src.process_pipeline - ERROR - Error processing Germany/2. Bundesliga/2020: 'odds'
2025-09-01 20:08:53,789 - src.process_pipeline - INFO - Processing Germany/2. Bundesliga/2021
2025-09-01 20:08:53,789 - src.process_pipeline - ERROR - Error processing Germany/2. Bundesliga/2021: 'odds'
2025-09-01 20:08:53,789 - src.process_pipeline - INFO - Processing Germany/2. Bundesliga/2022
2025-09-01 20:08:53,789 - src.process_pipeline - ERROR - Error processing Germany/2. Bundesliga/2022: 'odds'
2025-09-01 20:08:53,790 - src.process_pipeline - INFO - Processing Germany/2. Bundesliga/2023
2025-09-01 20:08:53,790 - src.process_pipeline - ERROR - Error processing Germany/2. Bundesliga/2023: 'odds'
2025-09-01 20:08:53,790 - src.process_pipeline - INFO - Processing Germany/2. Bundesliga/2024
2025-09-01 20:08:53,790 - src.process_pipeline - ERROR - Error processing Germany/2. Bundesliga/2024: 'odds'
2025-09-01 20:08:53,791 - src.process_pipeline - INFO - Processing Germany/2. Bundesliga/2025
2025-09-01 20:08:53,791 - src.process_pipeline - ERROR - Error processing Germany/2. Bundesliga/2025: 'odds'
2025-09-01 20:08:53,791 - src.process_pipeline - INFO - Processing Germany/Bundesliga/2018
2025-09-01 20:08:53,791 - src.process_pipeline - ERROR - Error processing Germany/Bundesliga/2018: 'odds'
2025-09-01 20:08:53,792 - src.process_pipeline - INFO - Processing Germany/Bundesliga/2019
2025-09-01 20:08:53,792 - src.process_pipeline - ERROR - Error processing Germany/Bundesliga/2019: 'odds'
2025-09-01 20:08:53,792 - src.process_pipeline - INFO - Processing Germany/Bundesliga/2020
2025-09-01 20:08:53,792 - src.process_pipeline - ERROR - Error processing Germany/Bundesliga/2020: 'odds'
2025-09-01 20:08:53,793 - src.process_pipeline - INFO - Processing Germany/Bundesliga/2021
2025-09-01 20:08:53,793 - src.process_pipeline - ERROR - Error processing Germany/Bundesliga/2021: 'odds'
2025-09-01 20:08:53,793 - src.process_pipeline - INFO - Processing Germany/Bundesliga/2022
2025-09-01 20:08:53,793 - src.process_pipeline - ERROR - Error processing Germany/Bundesliga/2022: 'odds'
2025-09-01 20:08:53,794 - src.process_pipeline - INFO - Processing Germany/Bundesliga/2023
2025-09-01 20:08:53,794 - src.process_pipeline - ERROR - Error processing Germany/Bundesliga/2023: 'odds'
2025-09-01 20:08:53,794 - src.process_pipeline - INFO - Processing Germany/Bundesliga/2024
2025-09-01 20:08:53,794 - src.process_pipeline - ERROR - Error processing Germany/Bundesliga/2024: 'odds'
2025-09-01 20:08:53,795 - src.process_pipeline - INFO - Processing Germany/Bundesliga/2025
2025-09-01 20:08:53,795 - src.process_pipeline - ERROR - Error processing Germany/Bundesliga/2025: 'odds'
2025-09-01 20:08:53,795 - src.process_pipeline - INFO - Processing Germany/DFB Pokal/2018
2025-09-01 20:08:53,795 - src.process_pipeline - ERROR - Error processing Germany/DFB Pokal/2018: 'odds'
2025-09-01 20:08:53,796 - src.process_pipeline - INFO - Processing Germany/DFB Pokal/2019
2025-09-01 20:08:53,796 - src.process_pipeline - ERROR - Error processing Germany/DFB Pokal/2019: 'odds'
2025-09-01 20:08:53,796 - src.process_pipeline - INFO - Processing Germany/DFB Pokal/2020
2025-09-01 20:08:53,796 - src.process_pipeline - ERROR - Error processing Germany/DFB Pokal/2020: 'odds'
2025-09-01 20:08:53,797 - src.process_pipeline - INFO - Processing Germany/DFB Pokal/2021
2025-09-01 20:08:53,797 - src.process_pipeline - ERROR - Error processing Germany/DFB Pokal/2021: 'odds'
2025-09-01 20:08:53,797 - src.process_pipeline - INFO - Processing Germany/DFB Pokal/2022
2025-09-01 20:08:53,797 - src.process_pipeline - ERROR - Error processing Germany/DFB Pokal/2022: 'odds'
2025-09-01 20:08:53,798 - src.process_pipeline - INFO - Processing Germany/DFB Pokal/2023
2025-09-01 20:08:53,798 - src.process_pipeline - ERROR - Error processing Germany/DFB Pokal/2023: 'odds'
2025-09-01 20:08:53,798 - src.process_pipeline - INFO - Processing Germany/DFB Pokal/2024
2025-09-01 20:08:53,798 - src.process_pipeline - ERROR - Error processing Germany/DFB Pokal/2024: 'odds'
2025-09-01 20:08:53,799 - src.process_pipeline - INFO - Processing Greece/Super League/2021
2025-09-01 20:08:53,799 - src.process_pipeline - ERROR - Error processing Greece/Super League/2021: 'odds'
2025-09-01 20:08:53,799 - src.process_pipeline - INFO - Processing Greece/Super League/2022
2025-09-01 20:08:53,799 - src.process_pipeline - ERROR - Error processing Greece/Super League/2022: 'odds'
2025-09-01 20:08:53,800 - src.process_pipeline - INFO - Processing Greece/Super League/2023
2025-09-01 20:08:53,800 - src.process_pipeline - ERROR - Error processing Greece/Super League/2023: 'odds'
2025-09-01 20:08:53,800 - src.process_pipeline - INFO - Processing Greece/Super League/2024
2025-09-01 20:08:53,801 - src.process_pipeline - ERROR - Error processing Greece/Super League/2024: 'odds'
2025-09-01 20:08:53,801 - src.process_pipeline - INFO - Processing Greece/Super League/2025
2025-09-01 20:08:53,801 - src.process_pipeline - ERROR - Error processing Greece/Super League/2025: 'odds'
2025-09-01 20:08:53,801 - src.process_pipeline - INFO - Processing Italy/Coppa Italia/2018
2025-09-01 20:08:53,801 - src.process_pipeline - ERROR - Error processing Italy/Coppa Italia/2018: 'odds'
2025-09-01 20:08:53,802 - src.process_pipeline - INFO - Processing Italy/Coppa Italia/2019
2025-09-01 20:08:53,802 - src.process_pipeline - ERROR - Error processing Italy/Coppa Italia/2019: 'odds'
2025-09-01 20:08:53,802 - src.process_pipeline - INFO - Processing Italy/Coppa Italia/2020
2025-09-01 20:08:53,802 - src.process_pipeline - ERROR - Error processing Italy/Coppa Italia/2020: 'odds'
2025-09-01 20:08:53,803 - src.process_pipeline - INFO - Processing Italy/Coppa Italia/2021
2025-09-01 20:08:53,803 - src.process_pipeline - ERROR - Error processing Italy/Coppa Italia/2021: 'odds'
2025-09-01 20:08:53,803 - src.process_pipeline - INFO - Processing Italy/Coppa Italia/2022
2025-09-01 20:08:53,803 - src.process_pipeline - ERROR - Error processing Italy/Coppa Italia/2022: 'odds'
2025-09-01 20:08:53,804 - src.process_pipeline - INFO - Processing Italy/Coppa Italia/2023
2025-09-01 20:08:53,804 - src.process_pipeline - ERROR - Error processing Italy/Coppa Italia/2023: 'odds'
2025-09-01 20:08:53,804 - src.process_pipeline - INFO - Processing Italy/Coppa Italia/2024
2025-09-01 20:08:53,804 - src.process_pipeline - ERROR - Error processing Italy/Coppa Italia/2024: 'odds'
2025-09-01 20:08:53,805 - src.process_pipeline - INFO - Processing Italy/Serie A/2016
2025-09-01 20:08:53,805 - src.process_pipeline - ERROR - Error processing Italy/Serie A/2016: 'odds'
2025-09-01 20:08:53,805 - src.process_pipeline - INFO - Processing Italy/Serie A/2017
2025-09-01 20:08:53,805 - src.process_pipeline - ERROR - Error processing Italy/Serie A/2017: 'odds'
2025-09-01 20:08:53,806 - src.process_pipeline - INFO - Processing Italy/Serie A/2018
2025-09-01 20:08:53,806 - src.process_pipeline - ERROR - Error processing Italy/Serie A/2018: 'odds'
2025-09-01 20:08:53,806 - src.process_pipeline - INFO - Processing Italy/Serie A/2019
2025-09-01 20:08:53,807 - src.process_pipeline - ERROR - Error processing Italy/Serie A/2019: 'odds'
2025-09-01 20:08:53,807 - src.process_pipeline - INFO - Processing Italy/Serie A/2020
2025-09-01 20:08:53,807 - src.process_pipeline - ERROR - Error processing Italy/Serie A/2020: 'odds'
2025-09-01 20:08:53,807 - src.process_pipeline - INFO - Processing Italy/Serie A/2021
2025-09-01 20:08:53,808 - src.process_pipeline - ERROR - Error processing Italy/Serie A/2021: 'odds'
2025-09-01 20:08:53,808 - src.process_pipeline - INFO - Processing Italy/Serie A/2022
2025-09-01 20:08:53,808 - src.process_pipeline - ERROR - Error processing Italy/Serie A/2022: 'odds'
2025-09-01 20:08:53,808 - src.process_pipeline - INFO - Processing Italy/Serie A/2023
2025-09-01 20:08:53,809 - src.process_pipeline - ERROR - Error processing Italy/Serie A/2023: 'odds'
2025-09-01 20:08:53,809 - src.process_pipeline - INFO - Processing Italy/Serie A/2024
2025-09-01 20:08:53,809 - src.process_pipeline - ERROR - Error processing Italy/Serie A/2024: 'odds'
2025-09-01 20:08:53,809 - src.process_pipeline - INFO - Processing Italy/Serie A/2025
2025-09-01 20:08:53,810 - src.process_pipeline - ERROR - Error processing Italy/Serie A/2025: 'odds'
2025-09-01 20:08:53,810 - src.process_pipeline - INFO - Processing Italy/Serie B/2017
2025-09-01 20:08:53,810 - src.process_pipeline - ERROR - Error processing Italy/Serie B/2017: 'odds'
2025-09-01 20:08:53,810 - src.process_pipeline - INFO - Processing Italy/Serie B/2018
2025-09-01 20:08:53,810 - src.process_pipeline - ERROR - Error processing Italy/Serie B/2018: 'odds'
2025-09-01 20:08:53,811 - src.process_pipeline - INFO - Processing Italy/Serie B/2019
2025-09-01 20:08:53,811 - src.process_pipeline - ERROR - Error processing Italy/Serie B/2019: 'odds'
2025-09-01 20:08:53,811 - src.process_pipeline - INFO - Processing Italy/Serie B/2020
2025-09-01 20:08:53,811 - src.process_pipeline - ERROR - Error processing Italy/Serie B/2020: 'odds'
2025-09-01 20:08:53,812 - src.process_pipeline - INFO - Processing Italy/Serie B/2021
2025-09-01 20:08:53,812 - src.process_pipeline - ERROR - Error processing Italy/Serie B/2021: 'odds'
2025-09-01 20:08:53,812 - src.process_pipeline - INFO - Processing Italy/Serie B/2022
2025-09-01 20:08:53,812 - src.process_pipeline - ERROR - Error processing Italy/Serie B/2022: 'odds'
2025-09-01 20:08:53,813 - src.process_pipeline - INFO - Processing Italy/Serie B/2023
2025-09-01 20:08:53,813 - src.process_pipeline - ERROR - Error processing Italy/Serie B/2023: 'odds'
2025-09-01 20:08:53,813 - src.process_pipeline - INFO - Processing Italy/Serie B/2024
2025-09-01 20:08:53,813 - src.process_pipeline - ERROR - Error processing Italy/Serie B/2024: 'odds'
2025-09-01 20:08:53,814 - src.process_pipeline - INFO - Processing Italy/Serie B/2025
2025-09-01 20:08:53,814 - src.process_pipeline - ERROR - Error processing Italy/Serie B/2025: 'odds'
2025-09-01 20:08:53,814 - src.process_pipeline - INFO - Processing Spain/Copa del Rey/2018
2025-09-01 20:08:53,814 - src.process_pipeline - ERROR - Error processing Spain/Copa del Rey/2018: 'odds'
2025-09-01 20:08:53,815 - src.process_pipeline - INFO - Processing Spain/Copa del Rey/2019
2025-09-01 20:08:53,815 - src.process_pipeline - ERROR - Error processing Spain/Copa del Rey/2019: 'odds'
2025-09-01 20:08:53,815 - src.process_pipeline - INFO - Processing Spain/Copa del Rey/2020
2025-09-01 20:08:53,815 - src.process_pipeline - ERROR - Error processing Spain/Copa del Rey/2020: 'odds'
2025-09-01 20:08:53,816 - src.process_pipeline - INFO - Processing Spain/Copa del Rey/2021
2025-09-01 20:08:53,816 - src.process_pipeline - ERROR - Error processing Spain/Copa del Rey/2021: 'odds'
2025-09-01 20:08:53,816 - src.process_pipeline - INFO - Processing Spain/Copa del Rey/2022
2025-09-01 20:08:53,816 - src.process_pipeline - ERROR - Error processing Spain/Copa del Rey/2022: 'odds'
2025-09-01 20:08:53,817 - src.process_pipeline - INFO - Processing Spain/Copa del Rey/2023
2025-09-01 20:08:53,817 - src.process_pipeline - ERROR - Error processing Spain/Copa del Rey/2023: 'odds'
2025-09-01 20:08:53,817 - src.process_pipeline - INFO - Processing Spain/Copa del Rey/2024
2025-09-01 20:08:53,817 - src.process_pipeline - ERROR - Error processing Spain/Copa del Rey/2024: 'odds'
2025-09-01 20:08:53,818 - src.process_pipeline - INFO - Processing Spain/La Liga/2020
2025-09-01 20:08:53,818 - src.process_pipeline - ERROR - Error processing Spain/La Liga/2020: 'odds'
2025-09-01 20:08:53,818 - src.process_pipeline - INFO - Processing Spain/La Liga/2021
2025-09-01 20:08:53,818 - src.process_pipeline - ERROR - Error processing Spain/La Liga/2021: 'odds'
2025-09-01 20:08:53,819 - src.process_pipeline - INFO - Processing Spain/La Liga/2022
2025-09-01 20:08:53,819 - src.process_pipeline - ERROR - Error processing Spain/La Liga/2022: 'odds'
2025-09-01 20:08:53,819 - src.process_pipeline - INFO - Processing Spain/La Liga/2023
2025-09-01 20:08:53,819 - src.process_pipeline - ERROR - Error processing Spain/La Liga/2023: 'odds'
2025-09-01 20:08:53,820 - src.process_pipeline - INFO - Processing Spain/La Liga/2024
2025-09-01 20:08:53,820 - src.process_pipeline - ERROR - Error processing Spain/La Liga/2024: 'odds'
2025-09-01 20:08:53,820 - src.process_pipeline - INFO - Processing Spain/La Liga/2025
2025-09-01 20:08:53,820 - src.process_pipeline - ERROR - Error processing Spain/La Liga/2025: 'odds'
2025-09-01 20:08:53,821 - src.process_pipeline - INFO - Processing Spain/Segunda Division/2017
2025-09-01 20:08:53,821 - src.process_pipeline - ERROR - Error processing Spain/Segunda Division/2017: 'odds'
2025-09-01 20:08:53,821 - src.process_pipeline - INFO - Processing Spain/Segunda Division/2018
2025-09-01 20:08:53,822 - src.process_pipeline - ERROR - Error processing Spain/Segunda Division/2018: 'odds'
2025-09-01 20:08:53,822 - src.process_pipeline - INFO - Processing Spain/Segunda Division/2019
2025-09-01 20:08:53,822 - src.process_pipeline - ERROR - Error processing Spain/Segunda Division/2019: 'odds'
2025-09-01 20:08:53,822 - src.process_pipeline - INFO - Processing Spain/Segunda Division/2020
2025-09-01 20:08:53,823 - src.process_pipeline - ERROR - Error processing Spain/Segunda Division/2020: 'odds'
2025-09-01 20:08:53,823 - src.process_pipeline - INFO - Processing Spain/Segunda Division/2021
2025-09-01 20:08:53,823 - src.process_pipeline - ERROR - Error processing Spain/Segunda Division/2021: 'odds'
2025-09-01 20:08:53,823 - src.process_pipeline - INFO - Processing Spain/Segunda Division/2022
2025-09-01 20:08:53,824 - src.process_pipeline - ERROR - Error processing Spain/Segunda Division/2022: 'odds'
2025-09-01 20:08:53,824 - src.process_pipeline - INFO - Processing Spain/Segunda Division/2023
2025-09-01 20:08:53,824 - src.process_pipeline - ERROR - Error processing Spain/Segunda Division/2023: 'odds'
2025-09-01 20:08:53,824 - src.process_pipeline - INFO - Processing Spain/Segunda Division/2024
2025-09-01 20:08:53,824 - src.process_pipeline - ERROR - Error processing Spain/Segunda Division/2024: 'odds'
2025-09-01 20:08:53,825 - src.process_pipeline - INFO - Processing Spain/Segunda Division/2025
2025-09-01 20:08:53,825 - src.process_pipeline - ERROR - Error processing Spain/Segunda Division/2025: 'odds'
2025-09-01 20:08:53,825 - src.process_pipeline - INFO - Starting preprocessing and feature engineering
2025-09-01 20:08:53,825 - src.process_pipeline - INFO - Initial data shape: (0, 0)
2025-09-01 20:08:53,825 - src.process_pipeline - INFO - Cleaning data
