2025-08-29 18:28:50,564 - src.process_pipeline - INFO - Logging initialized. Log file: logs/process\process_20250829_182850.log
2025-08-29 18:28:51,225 - src.process_pipeline - INFO - Loaded H2H data with 6740 team pairs
2025-08-29 18:28:51,232 - src.process_pipeline - INFO - Loaded standings data for 4512 teams
2025-08-29 18:28:51,760 - src.process_pipeline - INFO - Processing England/Championship/2025
2025-08-29 18:28:51,773 - src.process_pipeline - INFO - Successfully merged 24 records with team statistics
2025-08-29 18:28:51,776 - src.process_pipeline - INFO - Saved merged data to data\processed\England\Championship\2025\merged_2025.csv
2025-08-29 18:28:51,777 - src.process_pipeline - INFO - Successfully merged 24 records
2025-08-29 18:28:51,777 - src.process_pipeline - INFO - Processing England/EFL Trophy/2021
2025-08-29 18:28:51,792 - src.process_pipeline - INFO - Successfully merged 127 records with team statistics
2025-08-29 18:28:51,798 - src.process_pipeline - INFO - Saved merged data to data\processed\England\EFL Trophy\2021\merged_2021.csv
2025-08-29 18:28:51,798 - src.process_pipeline - INFO - Successfully merged 127 records
2025-08-29 18:28:51,801 - src.process_pipeline - INFO - Processing England/EFL Trophy/2022
2025-08-29 18:28:51,815 - src.process_pipeline - INFO - Successfully merged 127 records with team statistics
2025-08-29 18:28:51,820 - src.process_pipeline - INFO - Saved merged data to data\processed\England\EFL Trophy\2022\merged_2022.csv
2025-08-29 18:28:51,821 - src.process_pipeline - INFO - Successfully merged 127 records
2025-08-29 18:28:51,822 - src.process_pipeline - INFO - Processing England/EFL Trophy/2023
2025-08-29 18:28:51,837 - src.process_pipeline - INFO - Successfully merged 127 records with team statistics
2025-08-29 18:28:51,842 - src.process_pipeline - INFO - Saved merged data to data\processed\England\EFL Trophy\2023\merged_2023.csv
2025-08-29 18:28:51,843 - src.process_pipeline - INFO - Successfully merged 127 records
2025-08-29 18:28:51,845 - src.process_pipeline - INFO - Processing England/EFL Trophy/2024
2025-08-29 18:28:51,864 - src.process_pipeline - INFO - Successfully merged 127 records with team statistics
2025-08-29 18:28:51,869 - src.process_pipeline - INFO - Saved merged data to data\processed\England\EFL Trophy\2024\merged_2024.csv
2025-08-29 18:28:51,870 - src.process_pipeline - INFO - Successfully merged 127 records
2025-08-29 18:28:51,872 - src.process_pipeline - INFO - Processing England/FA Cup/2021
2025-08-29 18:28:51,872 - src.process_pipeline - WARNING - Missing team stats file: data\extracted\England\FA Cup\2021\team_statistics.csv
2025-08-29 18:28:51,872 - src.process_pipeline - INFO - Processing England/FA Trophy/2023
2025-08-29 18:28:51,872 - src.process_pipeline - WARNING - Missing team stats file: data\extracted\England\FA Trophy\2023\team_statistics.csv
2025-08-29 18:28:51,873 - src.process_pipeline - INFO - Processing England/FA Trophy/2024
2025-08-29 18:28:51,873 - src.process_pipeline - WARNING - Missing fixtures file: data\extracted\England\FA Trophy\2024\fixture_events.csv
2025-08-29 18:28:51,873 - src.process_pipeline - INFO - Processing England/Premier League/2018
2025-08-29 18:28:51,890 - src.process_pipeline - INFO - Successfully merged 380 records with team statistics
2025-08-29 18:28:51,901 - src.process_pipeline - INFO - Saved merged data to data\processed\England\Premier League\2018\merged_2018.csv
2025-08-29 18:28:51,901 - src.process_pipeline - INFO - Successfully merged 380 records
2025-08-29 18:28:51,903 - src.process_pipeline - INFO - Processing England/Premier League/2019
2025-08-29 18:28:51,919 - src.process_pipeline - INFO - Successfully merged 288 records with team statistics
2025-08-29 18:28:51,928 - src.process_pipeline - INFO - Saved merged data to data\processed\England\Premier League\2019\merged_2019.csv
2025-08-29 18:28:51,928 - src.process_pipeline - INFO - Successfully merged 288 records
2025-08-29 18:28:51,931 - src.process_pipeline - INFO - Processing England/Premier League/2020
2025-08-29 18:28:51,948 - src.process_pipeline - INFO - Successfully merged 380 records with team statistics
2025-08-29 18:28:51,958 - src.process_pipeline - INFO - Saved merged data to data\processed\England\Premier League\2020\merged_2020.csv
2025-08-29 18:28:51,958 - src.process_pipeline - INFO - Successfully merged 380 records
2025-08-29 18:28:51,961 - src.process_pipeline - INFO - Processing England/Premier League/2021
2025-08-29 18:28:51,978 - src.process_pipeline - INFO - Successfully merged 380 records with team statistics
2025-08-29 18:28:51,989 - src.process_pipeline - INFO - Saved merged data to data\processed\England\Premier League\2021\merged_2021.csv
2025-08-29 18:28:51,989 - src.process_pipeline - INFO - Successfully merged 380 records
2025-08-29 18:28:51,991 - src.process_pipeline - INFO - Processing England/Premier League/2022
2025-08-29 18:28:52,009 - src.process_pipeline - INFO - Successfully merged 380 records with team statistics
2025-08-29 18:28:52,020 - src.process_pipeline - INFO - Saved merged data to data\processed\England\Premier League\2022\merged_2022.csv
2025-08-29 18:28:52,021 - src.process_pipeline - INFO - Successfully merged 380 records
2025-08-29 18:28:52,023 - src.process_pipeline - INFO - Processing England/Premier League/2023
2025-08-29 18:28:52,042 - src.process_pipeline - INFO - Successfully merged 380 records with team statistics
2025-08-29 18:28:52,055 - src.process_pipeline - INFO - Saved merged data to data\processed\England\Premier League\2023\merged_2023.csv
2025-08-29 18:28:52,055 - src.process_pipeline - INFO - Successfully merged 380 records
2025-08-29 18:28:52,058 - src.process_pipeline - INFO - Processing England/Premier League/2024
2025-08-29 18:28:52,075 - src.process_pipeline - INFO - Successfully merged 380 records with team statistics
2025-08-29 18:28:52,092 - src.process_pipeline - INFO - Saved merged data to data\processed\England\Premier League\2024\merged_2024.csv
2025-08-29 18:28:52,092 - src.process_pipeline - INFO - Successfully merged 380 records
2025-08-29 18:28:52,095 - src.process_pipeline - INFO - Processing England/Premier League/2025
2025-08-29 18:28:52,108 - src.process_pipeline - INFO - Successfully merged 30 records with team statistics
2025-08-29 18:28:52,111 - src.process_pipeline - INFO - Saved merged data to data\processed\England\Premier League\2025\merged_2025.csv
2025-08-29 18:28:52,111 - src.process_pipeline - INFO - Successfully merged 30 records
2025-08-29 18:28:52,114 - src.process_pipeline - INFO - Processing Europe/Champions League/2018
2025-08-29 18:28:52,128 - src.process_pipeline - INFO - Successfully merged 166 records with team statistics
2025-08-29 18:28:52,136 - src.process_pipeline - INFO - Saved merged data to data\processed\Europe\Champions League\2018\merged_2018.csv
2025-08-29 18:28:52,136 - src.process_pipeline - INFO - Successfully merged 166 records
2025-08-29 18:28:52,139 - src.process_pipeline - INFO - Processing Europe/Champions League/2019
2025-08-29 18:28:52,153 - src.process_pipeline - INFO - Successfully merged 140 records with team statistics
2025-08-29 18:28:52,159 - src.process_pipeline - INFO - Saved merged data to data\processed\Europe\Champions League\2019\merged_2019.csv
2025-08-29 18:28:52,159 - src.process_pipeline - INFO - Successfully merged 140 records
2025-08-29 18:28:52,164 - src.process_pipeline - INFO - Processing Europe/Champions League/2020
2025-08-29 18:28:52,178 - src.process_pipeline - INFO - Successfully merged 178 records with team statistics
2025-08-29 18:28:52,186 - src.process_pipeline - INFO - Saved merged data to data\processed\Europe\Champions League\2020\merged_2020.csv
2025-08-29 18:28:52,186 - src.process_pipeline - INFO - Successfully merged 178 records
2025-08-29 18:28:52,190 - src.process_pipeline - INFO - Processing Europe/Champions League/2021
2025-08-29 18:28:52,203 - src.process_pipeline - INFO - Successfully merged 157 records with team statistics
2025-08-29 18:28:52,210 - src.process_pipeline - INFO - Saved merged data to data\processed\Europe\Champions League\2021\merged_2021.csv
2025-08-29 18:28:52,210 - src.process_pipeline - INFO - Successfully merged 157 records
2025-08-29 18:28:52,214 - src.process_pipeline - INFO - Processing Europe/Champions League/2022
2025-08-29 18:28:52,230 - src.process_pipeline - INFO - Successfully merged 210 records with team statistics
2025-08-29 18:28:52,239 - src.process_pipeline - INFO - Saved merged data to data\processed\Europe\Champions League\2022\merged_2022.csv
2025-08-29 18:28:52,239 - src.process_pipeline - INFO - Successfully merged 210 records
2025-08-29 18:28:52,242 - src.process_pipeline - INFO - Processing Europe/Champions League/2023
2025-08-29 18:28:52,259 - src.process_pipeline - INFO - Successfully merged 211 records with team statistics
2025-08-29 18:28:52,269 - src.process_pipeline - INFO - Saved merged data to data\processed\Europe\Champions League\2023\merged_2023.csv
2025-08-29 18:28:52,269 - src.process_pipeline - INFO - Successfully merged 211 records
2025-08-29 18:28:52,274 - src.process_pipeline - INFO - Processing Europe/Champions League/2024
2025-08-29 18:28:52,292 - src.process_pipeline - INFO - Successfully merged 279 records with team statistics
2025-08-29 18:28:52,304 - src.process_pipeline - INFO - Saved merged data to data\processed\Europe\Champions League\2024\merged_2024.csv
2025-08-29 18:28:52,304 - src.process_pipeline - INFO - Successfully merged 279 records
2025-08-29 18:28:52,309 - src.process_pipeline - INFO - Processing Europe/Champions League/2025
2025-08-29 18:28:52,322 - src.process_pipeline - INFO - Successfully merged 30 records with team statistics
2025-08-29 18:28:52,325 - src.process_pipeline - INFO - Saved merged data to data\processed\Europe\Champions League\2025\merged_2025.csv
2025-08-29 18:28:52,326 - src.process_pipeline - INFO - Successfully merged 30 records
2025-08-29 18:28:52,331 - src.process_pipeline - INFO - Processing Europe/Conference League/2021
2025-08-29 18:28:52,350 - src.process_pipeline - INFO - Successfully merged 423 records with team statistics
2025-08-29 18:28:52,365 - src.process_pipeline - INFO - Saved merged data to data\processed\Europe\Conference League\2021\merged_2021.csv
2025-08-29 18:28:52,366 - src.process_pipeline - INFO - Successfully merged 423 records
2025-08-29 18:28:52,370 - src.process_pipeline - INFO - Processing Europe/Conference League/2022
2025-08-29 18:28:52,390 - src.process_pipeline - INFO - Successfully merged 414 records with team statistics
2025-08-29 18:28:52,406 - src.process_pipeline - INFO - Saved merged data to data\processed\Europe\Conference League\2022\merged_2022.csv
2025-08-29 18:28:52,406 - src.process_pipeline - INFO - Successfully merged 414 records
2025-08-29 18:28:52,411 - src.process_pipeline - INFO - Processing Europe/Conference League/2023
2025-08-29 18:28:52,429 - src.process_pipeline - INFO - Successfully merged 417 records with team statistics
2025-08-29 18:28:52,444 - src.process_pipeline - INFO - Saved merged data to data\processed\Europe\Conference League\2023\merged_2023.csv
2025-08-29 18:28:52,444 - src.process_pipeline - INFO - Successfully merged 417 records
2025-08-29 18:28:52,449 - src.process_pipeline - INFO - Processing Europe/Conference League/2024
2025-08-29 18:28:52,449 - src.process_pipeline - WARNING - Missing team stats file: data\extracted\Europe\Conference League\2024\team_statistics.csv
2025-08-29 18:28:52,450 - src.process_pipeline - INFO - Processing Europe/Conference League/2025
2025-08-29 18:28:52,463 - src.process_pipeline - INFO - Successfully merged 84 records with team statistics
2025-08-29 18:28:52,467 - src.process_pipeline - INFO - Saved merged data to data\processed\Europe\Conference League\2025\merged_2025.csv
2025-08-29 18:28:52,467 - src.process_pipeline - INFO - Successfully merged 84 records
2025-08-29 18:28:52,471 - src.process_pipeline - INFO - Processing Europe/Europa League/2018
2025-08-29 18:28:52,487 - src.process_pipeline - INFO - Successfully merged 364 records with team statistics
2025-08-29 18:28:52,501 - src.process_pipeline - INFO - Saved merged data to data\processed\Europe\Europa League\2018\merged_2018.csv
2025-08-29 18:28:52,501 - src.process_pipeline - INFO - Successfully merged 364 records
2025-08-29 18:28:52,505 - src.process_pipeline - INFO - Processing Europe/Europa League/2019
2025-08-29 18:28:52,521 - src.process_pipeline - INFO - Successfully merged 337 records with team statistics
2025-08-29 18:28:52,533 - src.process_pipeline - INFO - Saved merged data to data\processed\Europe\Europa League\2019\merged_2019.csv
2025-08-29 18:28:52,533 - src.process_pipeline - INFO - Successfully merged 337 records
2025-08-29 18:28:52,537 - src.process_pipeline - INFO - Processing Europe/Europa League/2020
2025-08-29 18:28:52,553 - src.process_pipeline - INFO - Successfully merged 362 records with team statistics
2025-08-29 18:28:52,566 - src.process_pipeline - INFO - Saved merged data to data\processed\Europe\Europa League\2020\merged_2020.csv
2025-08-29 18:28:52,566 - src.process_pipeline - INFO - Successfully merged 362 records
2025-08-29 18:28:52,571 - src.process_pipeline - INFO - Processing Europe/Europa League/2021
2025-08-29 18:28:52,585 - src.process_pipeline - INFO - Successfully merged 177 records with team statistics
2025-08-29 18:28:52,593 - src.process_pipeline - INFO - Saved merged data to data\processed\Europe\Europa League\2021\merged_2021.csv
2025-08-29 18:28:52,593 - src.process_pipeline - INFO - Successfully merged 177 records
2025-08-29 18:28:52,599 - src.process_pipeline - INFO - Processing Europe/Europa League/2022
2025-08-29 18:28:52,614 - src.process_pipeline - INFO - Successfully merged 175 records with team statistics
2025-08-29 18:28:52,622 - src.process_pipeline - INFO - Saved merged data to data\processed\Europe\Europa League\2022\merged_2022.csv
2025-08-29 18:28:52,622 - src.process_pipeline - INFO - Successfully merged 175 records
2025-08-29 18:28:52,627 - src.process_pipeline - INFO - Processing Europe/Europa League/2023
2025-08-29 18:28:52,642 - src.process_pipeline - INFO - Successfully merged 175 records with team statistics
2025-08-29 18:28:52,650 - src.process_pipeline - INFO - Saved merged data to data\processed\Europe\Europa League\2023\merged_2023.csv
2025-08-29 18:28:52,650 - src.process_pipeline - INFO - Successfully merged 175 records
2025-08-29 18:28:52,656 - src.process_pipeline - INFO - Processing Europe/Europa League/2024
2025-08-29 18:28:52,672 - src.process_pipeline - INFO - Successfully merged 269 records with team statistics
2025-08-29 18:28:52,683 - src.process_pipeline - INFO - Saved merged data to data\processed\Europe\Europa League\2024\merged_2024.csv
2025-08-29 18:28:52,683 - src.process_pipeline - INFO - Successfully merged 269 records
2025-08-29 18:28:52,688 - src.process_pipeline - INFO - Processing Europe/Europa League/2025
2025-08-29 18:28:52,700 - src.process_pipeline - INFO - Successfully merged 38 records with team statistics
2025-08-29 18:28:52,704 - src.process_pipeline - INFO - Saved merged data to data\processed\Europe\Europa League\2025\merged_2025.csv
2025-08-29 18:28:52,704 - src.process_pipeline - INFO - Successfully merged 38 records
2025-08-29 18:28:52,710 - src.process_pipeline - INFO - Processing France/Coupe de France/2021
2025-08-29 18:28:52,725 - src.process_pipeline - INFO - Successfully merged 193 records with team statistics
2025-08-29 18:28:52,732 - src.process_pipeline - INFO - Saved merged data to data\processed\France\Coupe de France\2021\merged_2021.csv
2025-08-29 18:28:52,733 - src.process_pipeline - INFO - Successfully merged 193 records
2025-08-29 18:28:52,738 - src.process_pipeline - INFO - Processing France/Coupe de France/2022
2025-08-29 18:28:52,753 - src.process_pipeline - INFO - Successfully merged 195 records with team statistics
2025-08-29 18:28:52,759 - src.process_pipeline - INFO - Saved merged data to data\processed\France\Coupe de France\2022\merged_2022.csv
2025-08-29 18:28:52,759 - src.process_pipeline - INFO - Successfully merged 195 records
2025-08-29 18:28:52,769 - src.process_pipeline - INFO - Processing France/Coupe de France/2023
2025-08-29 18:28:52,786 - src.process_pipeline - INFO - Successfully merged 197 records with team statistics
2025-08-29 18:28:52,793 - src.process_pipeline - INFO - Saved merged data to data\processed\France\Coupe de France\2023\merged_2023.csv
2025-08-29 18:28:52,793 - src.process_pipeline - INFO - Successfully merged 197 records
2025-08-29 18:28:52,800 - src.process_pipeline - INFO - Processing France/Coupe de France/2024
2025-08-29 18:28:52,816 - src.process_pipeline - INFO - Successfully merged 199 records with team statistics
2025-08-29 18:28:52,824 - src.process_pipeline - INFO - Saved merged data to data\processed\France\Coupe de France\2024\merged_2024.csv
2025-08-29 18:28:52,824 - src.process_pipeline - INFO - Successfully merged 199 records
2025-08-29 18:28:52,831 - src.process_pipeline - INFO - Processing France/Ligue 1/2018
2025-08-29 18:28:52,849 - src.process_pipeline - INFO - Successfully merged 380 records with team statistics
2025-08-29 18:28:52,862 - src.process_pipeline - INFO - Saved merged data to data\processed\France\Ligue 1\2018\merged_2018.csv
2025-08-29 18:28:52,862 - src.process_pipeline - INFO - Successfully merged 380 records
2025-08-29 18:28:52,868 - src.process_pipeline - INFO - Processing France/Ligue 1/2019
2025-08-29 18:28:52,887 - src.process_pipeline - INFO - Successfully merged 380 records with team statistics
2025-08-29 18:28:52,901 - src.process_pipeline - INFO - Saved merged data to data\processed\France\Ligue 1\2019\merged_2019.csv
2025-08-29 18:28:52,901 - src.process_pipeline - INFO - Successfully merged 380 records
2025-08-29 18:28:52,908 - src.process_pipeline - INFO - Processing France/Ligue 1/2020
2025-08-29 18:28:52,925 - src.process_pipeline - INFO - Successfully merged 382 records with team statistics
2025-08-29 18:28:52,936 - src.process_pipeline - INFO - Saved merged data to data\processed\France\Ligue 1\2020\merged_2020.csv
2025-08-29 18:28:52,936 - src.process_pipeline - INFO - Successfully merged 382 records
2025-08-29 18:28:52,942 - src.process_pipeline - INFO - Processing France/Ligue 1/2021
2025-08-29 18:28:52,959 - src.process_pipeline - INFO - Successfully merged 382 records with team statistics
2025-08-29 18:28:52,971 - src.process_pipeline - INFO - Saved merged data to data\processed\France\Ligue 1\2021\merged_2021.csv
2025-08-29 18:28:52,972 - src.process_pipeline - INFO - Successfully merged 382 records
2025-08-29 18:28:52,978 - src.process_pipeline - INFO - Processing France/Ligue 1/2022
2025-08-29 18:28:52,997 - src.process_pipeline - INFO - Successfully merged 370 records with team statistics
2025-08-29 18:28:53,008 - src.process_pipeline - INFO - Saved merged data to data\processed\France\Ligue 1\2022\merged_2022.csv
2025-08-29 18:28:53,009 - src.process_pipeline - INFO - Successfully merged 370 records
2025-08-29 18:28:53,016 - src.process_pipeline - INFO - Processing France/Ligue 1/2023
2025-08-29 18:28:53,033 - src.process_pipeline - INFO - Successfully merged 307 records with team statistics
2025-08-29 18:28:53,042 - src.process_pipeline - INFO - Saved merged data to data\processed\France\Ligue 1\2023\merged_2023.csv
2025-08-29 18:28:53,043 - src.process_pipeline - INFO - Successfully merged 307 records
2025-08-29 18:28:53,049 - src.process_pipeline - INFO - Processing France/Ligue 1/2024
2025-08-29 18:28:53,066 - src.process_pipeline - INFO - Successfully merged 308 records with team statistics
2025-08-29 18:28:53,075 - src.process_pipeline - INFO - Saved merged data to data\processed\France\Ligue 1\2024\merged_2024.csv
2025-08-29 18:28:53,075 - src.process_pipeline - INFO - Successfully merged 308 records
2025-08-29 18:28:53,083 - src.process_pipeline - INFO - Processing France/Ligue 1/2025
2025-08-29 18:28:53,095 - src.process_pipeline - INFO - Successfully merged 26 records with team statistics
2025-08-29 18:28:53,098 - src.process_pipeline - INFO - Saved merged data to data\processed\France\Ligue 1\2025\merged_2025.csv
2025-08-29 18:28:53,098 - src.process_pipeline - INFO - Successfully merged 26 records
2025-08-29 18:28:53,105 - src.process_pipeline - INFO - Processing France/Ligue 2/2025
2025-08-29 18:28:53,117 - src.process_pipeline - INFO - Successfully merged 17 records with team statistics
2025-08-29 18:28:53,119 - src.process_pipeline - INFO - Saved merged data to data\processed\France\Ligue 2\2025\merged_2025.csv
2025-08-29 18:28:53,119 - src.process_pipeline - INFO - Successfully merged 17 records
2025-08-29 18:28:53,128 - src.process_pipeline - INFO - Processing Germany/2. Bundesliga/2025
2025-08-29 18:28:53,141 - src.process_pipeline - INFO - Successfully merged 18 records with team statistics
2025-08-29 18:28:53,143 - src.process_pipeline - INFO - Saved merged data to data\processed\Germany\2. Bundesliga\2025\merged_2025.csv
2025-08-29 18:28:53,143 - src.process_pipeline - INFO - Successfully merged 18 records
2025-08-29 18:28:53,150 - src.process_pipeline - INFO - Processing Germany/Bundesliga/2018
2025-08-29 18:28:53,167 - src.process_pipeline - INFO - Successfully merged 308 records with team statistics
2025-08-29 18:28:53,178 - src.process_pipeline - INFO - Saved merged data to data\processed\Germany\Bundesliga\2018\merged_2018.csv
2025-08-29 18:28:53,178 - src.process_pipeline - INFO - Successfully merged 308 records
2025-08-29 18:28:53,186 - src.process_pipeline - INFO - Processing Germany/Bundesliga/2019
2025-08-29 18:28:53,203 - src.process_pipeline - INFO - Successfully merged 260 records with team statistics
2025-08-29 18:28:53,211 - src.process_pipeline - INFO - Saved merged data to data\processed\Germany\Bundesliga\2019\merged_2019.csv
2025-08-29 18:28:53,212 - src.process_pipeline - INFO - Successfully merged 260 records
2025-08-29 18:28:53,219 - src.process_pipeline - INFO - Processing Germany/Bundesliga/2020
2025-08-29 18:28:53,235 - src.process_pipeline - INFO - Successfully merged 308 records with team statistics
2025-08-29 18:28:53,244 - src.process_pipeline - INFO - Saved merged data to data\processed\Germany\Bundesliga\2020\merged_2020.csv
2025-08-29 18:28:53,245 - src.process_pipeline - INFO - Successfully merged 308 records
2025-08-29 18:28:53,252 - src.process_pipeline - INFO - Processing Germany/Bundesliga/2021
2025-08-29 18:28:53,268 - src.process_pipeline - INFO - Successfully merged 308 records with team statistics
2025-08-29 18:28:53,278 - src.process_pipeline - INFO - Saved merged data to data\processed\Germany\Bundesliga\2021\merged_2021.csv
2025-08-29 18:28:53,278 - src.process_pipeline - INFO - Successfully merged 308 records
2025-08-29 18:28:53,285 - src.process_pipeline - INFO - Processing Germany/Bundesliga/2022
2025-08-29 18:28:53,302 - src.process_pipeline - INFO - Successfully merged 307 records with team statistics
2025-08-29 18:28:53,313 - src.process_pipeline - INFO - Saved merged data to data\processed\Germany\Bundesliga\2022\merged_2022.csv
2025-08-29 18:28:53,314 - src.process_pipeline - INFO - Successfully merged 307 records
2025-08-29 18:28:53,322 - src.process_pipeline - INFO - Processing Germany/Bundesliga/2023
2025-08-29 18:28:53,340 - src.process_pipeline - INFO - Successfully merged 308 records with team statistics
2025-08-29 18:28:53,351 - src.process_pipeline - INFO - Saved merged data to data\processed\Germany\Bundesliga\2023\merged_2023.csv
2025-08-29 18:28:53,351 - src.process_pipeline - INFO - Successfully merged 308 records
2025-08-29 18:28:53,360 - src.process_pipeline - INFO - Processing Germany/Bundesliga/2024
2025-08-29 18:28:53,380 - src.process_pipeline - INFO - Successfully merged 308 records with team statistics
2025-08-29 18:28:53,390 - src.process_pipeline - INFO - Saved merged data to data\processed\Germany\Bundesliga\2024\merged_2024.csv
2025-08-29 18:28:53,390 - src.process_pipeline - INFO - Successfully merged 308 records
2025-08-29 18:28:53,398 - src.process_pipeline - INFO - Processing Germany/Bundesliga/2025
2025-08-29 18:28:53,410 - src.process_pipeline - INFO - Successfully merged 17 records with team statistics
2025-08-29 18:28:53,413 - src.process_pipeline - INFO - Saved merged data to data\processed\Germany\Bundesliga\2025\merged_2025.csv
2025-08-29 18:28:53,413 - src.process_pipeline - INFO - Successfully merged 17 records
2025-08-29 18:28:53,422 - src.process_pipeline - INFO - Processing Germany/DFB Pokal/2021
2025-08-29 18:28:53,435 - src.process_pipeline - INFO - Successfully merged 63 records with team statistics
2025-08-29 18:28:53,438 - src.process_pipeline - INFO - Saved merged data to data\processed\Germany\DFB Pokal\2021\merged_2021.csv
2025-08-29 18:28:53,438 - src.process_pipeline - INFO - Successfully merged 63 records
2025-08-29 18:28:53,447 - src.process_pipeline - INFO - Processing Germany/DFB Pokal/2022
2025-08-29 18:28:53,459 - src.process_pipeline - INFO - Successfully merged 36 records with team statistics
2025-08-29 18:28:53,462 - src.process_pipeline - INFO - Saved merged data to data\processed\Germany\DFB Pokal\2022\merged_2022.csv
2025-08-29 18:28:53,462 - src.process_pipeline - INFO - Successfully merged 36 records
2025-08-29 18:28:53,470 - src.process_pipeline - INFO - Processing Germany/DFB Pokal/2023
2025-08-29 18:28:53,483 - src.process_pipeline - INFO - Successfully merged 63 records with team statistics
2025-08-29 18:28:53,487 - src.process_pipeline - INFO - Saved merged data to data\processed\Germany\DFB Pokal\2023\merged_2023.csv
2025-08-29 18:28:53,487 - src.process_pipeline - INFO - Successfully merged 63 records
2025-08-29 18:28:53,495 - src.process_pipeline - INFO - Processing Germany/DFB Pokal/2024
2025-08-29 18:28:53,508 - src.process_pipeline - INFO - Successfully merged 63 records with team statistics
2025-08-29 18:28:53,512 - src.process_pipeline - INFO - Saved merged data to data\processed\Germany\DFB Pokal\2024\merged_2024.csv
2025-08-29 18:28:53,512 - src.process_pipeline - INFO - Successfully merged 63 records
2025-08-29 18:28:53,521 - src.process_pipeline - INFO - Processing Greece/Super League/2025
2025-08-29 18:28:53,521 - src.process_pipeline - WARNING - Missing team stats file: data\extracted\Greece\Super League\2025\team_statistics.csv
2025-08-29 18:28:53,521 - src.process_pipeline - INFO - Processing Italy/Coppa Italia/2020
2025-08-29 18:28:53,534 - src.process_pipeline - INFO - Successfully merged 79 records with team statistics
2025-08-29 18:28:53,538 - src.process_pipeline - INFO - Saved merged data to data\processed\Italy\Coppa Italia\2020\merged_2020.csv
2025-08-29 18:28:53,538 - src.process_pipeline - INFO - Successfully merged 79 records
2025-08-29 18:28:53,547 - src.process_pipeline - INFO - Processing Italy/Coppa Italia/2021
2025-08-29 18:28:53,560 - src.process_pipeline - INFO - Successfully merged 45 records with team statistics
2025-08-29 18:28:53,563 - src.process_pipeline - INFO - Saved merged data to data\processed\Italy\Coppa Italia\2021\merged_2021.csv
2025-08-29 18:28:53,563 - src.process_pipeline - INFO - Successfully merged 45 records
2025-08-29 18:28:53,572 - src.process_pipeline - INFO - Processing Italy/Coppa Italia/2022
2025-08-29 18:28:53,585 - src.process_pipeline - INFO - Successfully merged 41 records with team statistics
2025-08-29 18:28:53,588 - src.process_pipeline - INFO - Saved merged data to data\processed\Italy\Coppa Italia\2022\merged_2022.csv
2025-08-29 18:28:53,588 - src.process_pipeline - INFO - Successfully merged 41 records
2025-08-29 18:28:53,596 - src.process_pipeline - INFO - Processing Italy/Coppa Italia/2023
2025-08-29 18:28:53,612 - src.process_pipeline - INFO - Successfully merged 45 records with team statistics
2025-08-29 18:28:53,616 - src.process_pipeline - INFO - Saved merged data to data\processed\Italy\Coppa Italia\2023\merged_2023.csv
2025-08-29 18:28:53,616 - src.process_pipeline - INFO - Successfully merged 45 records
2025-08-29 18:28:53,624 - src.process_pipeline - INFO - Processing Italy/Coppa Italia/2024
2025-08-29 18:28:53,637 - src.process_pipeline - INFO - Successfully merged 45 records with team statistics
2025-08-29 18:28:53,640 - src.process_pipeline - INFO - Saved merged data to data\processed\Italy\Coppa Italia\2024\merged_2024.csv
2025-08-29 18:28:53,640 - src.process_pipeline - INFO - Successfully merged 45 records
2025-08-29 18:28:53,649 - src.process_pipeline - INFO - Processing Italy/Serie A/2016
2025-08-29 18:28:53,666 - src.process_pipeline - INFO - Successfully merged 380 records with team statistics
2025-08-29 18:28:53,677 - src.process_pipeline - INFO - Saved merged data to data\processed\Italy\Serie A\2016\merged_2016.csv
2025-08-29 18:28:53,678 - src.process_pipeline - INFO - Successfully merged 380 records
2025-08-29 18:28:53,686 - src.process_pipeline - INFO - Processing Italy/Serie A/2017
2025-08-29 18:28:53,704 - src.process_pipeline - INFO - Successfully merged 380 records with team statistics
2025-08-29 18:28:53,715 - src.process_pipeline - INFO - Saved merged data to data\processed\Italy\Serie A\2017\merged_2017.csv
2025-08-29 18:28:53,716 - src.process_pipeline - INFO - Successfully merged 380 records
2025-08-29 18:28:53,724 - src.process_pipeline - INFO - Processing Italy/Serie A/2018
2025-08-29 18:28:53,743 - src.process_pipeline - INFO - Successfully merged 380 records with team statistics
2025-08-29 18:28:53,756 - src.process_pipeline - INFO - Saved merged data to data\processed\Italy\Serie A\2018\merged_2018.csv
2025-08-29 18:28:53,756 - src.process_pipeline - INFO - Successfully merged 380 records
2025-08-29 18:28:53,844 - src.process_pipeline - INFO - Processing Italy/Serie A/2019
2025-08-29 18:28:53,860 - src.process_pipeline - INFO - Successfully merged 256 records with team statistics
2025-08-29 18:28:53,869 - src.process_pipeline - INFO - Saved merged data to data\processed\Italy\Serie A\2019\merged_2019.csv
2025-08-29 18:28:53,869 - src.process_pipeline - INFO - Successfully merged 256 records
2025-08-29 18:28:53,878 - src.process_pipeline - INFO - Processing Italy/Serie A/2020
2025-08-29 18:28:53,895 - src.process_pipeline - INFO - Successfully merged 380 records with team statistics
2025-08-29 18:28:53,907 - src.process_pipeline - INFO - Saved merged data to data\processed\Italy\Serie A\2020\merged_2020.csv
2025-08-29 18:28:53,907 - src.process_pipeline - INFO - Successfully merged 380 records
2025-08-29 18:28:53,917 - src.process_pipeline - INFO - Processing Italy/Serie A/2021
2025-08-29 18:28:53,934 - src.process_pipeline - INFO - Successfully merged 380 records with team statistics
2025-08-29 18:28:53,945 - src.process_pipeline - INFO - Saved merged data to data\processed\Italy\Serie A\2021\merged_2021.csv
2025-08-29 18:28:53,945 - src.process_pipeline - INFO - Successfully merged 380 records
2025-08-29 18:28:53,955 - src.process_pipeline - INFO - Processing Italy/Serie A/2022
2025-08-29 18:28:53,972 - src.process_pipeline - INFO - Successfully merged 370 records with team statistics
2025-08-29 18:28:53,983 - src.process_pipeline - INFO - Saved merged data to data\processed\Italy\Serie A\2022\merged_2022.csv
2025-08-29 18:28:53,983 - src.process_pipeline - INFO - Successfully merged 370 records
2025-08-29 18:28:53,993 - src.process_pipeline - INFO - Processing Italy/Serie A/2023
2025-08-29 18:28:54,010 - src.process_pipeline - INFO - Successfully merged 379 records with team statistics
2025-08-29 18:28:54,022 - src.process_pipeline - INFO - Saved merged data to data\processed\Italy\Serie A\2023\merged_2023.csv
2025-08-29 18:28:54,022 - src.process_pipeline - INFO - Successfully merged 379 records
2025-08-29 18:28:54,032 - src.process_pipeline - INFO - Processing Italy/Serie A/2024
2025-08-29 18:28:54,050 - src.process_pipeline - INFO - Successfully merged 380 records with team statistics
2025-08-29 18:28:54,064 - src.process_pipeline - INFO - Saved merged data to data\processed\Italy\Serie A\2024\merged_2024.csv
2025-08-29 18:28:54,064 - src.process_pipeline - INFO - Successfully merged 380 records
2025-08-29 18:28:54,074 - src.process_pipeline - INFO - Processing Italy/Serie A/2025
2025-08-29 18:28:54,087 - src.process_pipeline - INFO - Successfully merged 18 records with team statistics
2025-08-29 18:28:54,089 - src.process_pipeline - INFO - Saved merged data to data\processed\Italy\Serie A\2025\merged_2025.csv
2025-08-29 18:28:54,089 - src.process_pipeline - INFO - Successfully merged 18 records
2025-08-29 18:28:54,100 - src.process_pipeline - INFO - Processing Italy/Serie B/2019
2025-08-29 18:28:54,117 - src.process_pipeline - INFO - Successfully merged 279 records with team statistics
2025-08-29 18:28:54,125 - src.process_pipeline - INFO - Saved merged data to data\processed\Italy\Serie B\2019\merged_2019.csv
2025-08-29 18:28:54,125 - src.process_pipeline - INFO - Successfully merged 279 records
2025-08-29 18:28:54,136 - src.process_pipeline - INFO - Processing Italy/Serie B/2020
2025-08-29 18:28:54,154 - src.process_pipeline - INFO - Successfully merged 388 records with team statistics
2025-08-29 18:28:54,169 - src.process_pipeline - INFO - Saved merged data to data\processed\Italy\Serie B\2020\merged_2020.csv
2025-08-29 18:28:54,169 - src.process_pipeline - INFO - Successfully merged 388 records
2025-08-29 18:28:54,181 - src.process_pipeline - INFO - Processing Italy/Serie B/2021
2025-08-29 18:28:54,198 - src.process_pipeline - INFO - Successfully merged 390 records with team statistics
2025-08-29 18:28:54,210 - src.process_pipeline - INFO - Saved merged data to data\processed\Italy\Serie B\2021\merged_2021.csv
2025-08-29 18:28:54,210 - src.process_pipeline - INFO - Successfully merged 390 records
2025-08-29 18:28:54,221 - src.process_pipeline - INFO - Processing Italy/Serie B/2022
2025-08-29 18:28:54,239 - src.process_pipeline - INFO - Successfully merged 385 records with team statistics
2025-08-29 18:28:54,251 - src.process_pipeline - INFO - Saved merged data to data\processed\Italy\Serie B\2022\merged_2022.csv
2025-08-29 18:28:54,251 - src.process_pipeline - INFO - Successfully merged 385 records
2025-08-29 18:28:54,262 - src.process_pipeline - INFO - Processing Italy/Serie B/2023
2025-08-29 18:28:54,283 - src.process_pipeline - INFO - Successfully merged 389 records with team statistics
2025-08-29 18:28:54,296 - src.process_pipeline - INFO - Saved merged data to data\processed\Italy\Serie B\2023\merged_2023.csv
2025-08-29 18:28:54,297 - src.process_pipeline - INFO - Successfully merged 389 records
2025-08-29 18:28:54,310 - src.process_pipeline - INFO - Processing Italy/Serie B/2024
2025-08-29 18:28:54,328 - src.process_pipeline - INFO - Successfully merged 387 records with team statistics
2025-08-29 18:28:54,341 - src.process_pipeline - INFO - Saved merged data to data\processed\Italy\Serie B\2024\merged_2024.csv
2025-08-29 18:28:54,341 - src.process_pipeline - INFO - Successfully merged 387 records
2025-08-29 18:28:54,354 - src.process_pipeline - INFO - Processing Italy/Serie B/2025
2025-08-29 18:28:54,354 - src.process_pipeline - WARNING - Missing fixtures file: data\extracted\Italy\Serie B\2025\fixture_events.csv
2025-08-29 18:28:54,355 - src.process_pipeline - INFO - Processing Spain/La Liga/2020
2025-08-29 18:28:54,372 - src.process_pipeline - INFO - Successfully merged 380 records with team statistics
2025-08-29 18:28:54,384 - src.process_pipeline - INFO - Saved merged data to data\processed\Spain\La Liga\2020\merged_2020.csv
2025-08-29 18:28:54,384 - src.process_pipeline - INFO - Successfully merged 380 records
2025-08-29 18:28:54,396 - src.process_pipeline - INFO - Processing Spain/La Liga/2021
2025-08-29 18:28:54,413 - src.process_pipeline - INFO - Successfully merged 380 records with team statistics
2025-08-29 18:28:54,425 - src.process_pipeline - INFO - Saved merged data to data\processed\Spain\La Liga\2021\merged_2021.csv
2025-08-29 18:28:54,425 - src.process_pipeline - INFO - Successfully merged 380 records
2025-08-29 18:28:54,437 - src.process_pipeline - INFO - Processing Spain/La Liga/2022
2025-08-29 18:28:54,456 - src.process_pipeline - INFO - Successfully merged 370 records with team statistics
2025-08-29 18:28:54,470 - src.process_pipeline - INFO - Saved merged data to data\processed\Spain\La Liga\2022\merged_2022.csv
2025-08-29 18:28:54,470 - src.process_pipeline - INFO - Successfully merged 370 records
2025-08-29 18:28:54,483 - src.process_pipeline - INFO - Processing Spain/La Liga/2023
2025-08-29 18:28:54,505 - src.process_pipeline - INFO - Successfully merged 380 records with team statistics
2025-08-29 18:28:54,518 - src.process_pipeline - INFO - Saved merged data to data\processed\Spain\La Liga\2023\merged_2023.csv
2025-08-29 18:28:54,518 - src.process_pipeline - INFO - Successfully merged 380 records
2025-08-29 18:28:54,532 - src.process_pipeline - INFO - Processing Spain/La Liga/2024
2025-08-29 18:28:54,551 - src.process_pipeline - INFO - Successfully merged 380 records with team statistics
2025-08-29 18:28:54,564 - src.process_pipeline - INFO - Saved merged data to data\processed\Spain\La Liga\2024\merged_2024.csv
2025-08-29 18:28:54,565 - src.process_pipeline - INFO - Successfully merged 380 records
2025-08-29 18:28:54,581 - src.process_pipeline - INFO - Processing Spain/La Liga/2025
2025-08-29 18:28:54,593 - src.process_pipeline - INFO - Successfully merged 28 records with team statistics
2025-08-29 18:28:54,596 - src.process_pipeline - INFO - Saved merged data to data\processed\Spain\La Liga\2025\merged_2025.csv
2025-08-29 18:28:54,596 - src.process_pipeline - INFO - Successfully merged 28 records
2025-08-29 18:28:54,609 - src.process_pipeline - INFO - Processing Spain/Segunda Division/2021
2025-08-29 18:28:54,631 - src.process_pipeline - INFO - Successfully merged 468 records with team statistics
2025-08-29 18:28:54,645 - src.process_pipeline - INFO - Saved merged data to data\processed\Spain\Segunda Division\2021\merged_2021.csv
2025-08-29 18:28:54,645 - src.process_pipeline - INFO - Successfully merged 468 records
2025-08-29 18:28:54,658 - src.process_pipeline - INFO - Processing Spain/Segunda Division/2022
2025-08-29 18:28:54,681 - src.process_pipeline - INFO - Successfully merged 468 records with team statistics
2025-08-29 18:28:54,697 - src.process_pipeline - INFO - Saved merged data to data\processed\Spain\Segunda Division\2022\merged_2022.csv
2025-08-29 18:28:54,697 - src.process_pipeline - INFO - Successfully merged 468 records
2025-08-29 18:28:54,711 - src.process_pipeline - INFO - Processing Spain/Segunda Division/2023
2025-08-29 18:28:54,733 - src.process_pipeline - INFO - Successfully merged 468 records with team statistics
2025-08-29 18:28:54,751 - src.process_pipeline - INFO - Saved merged data to data\processed\Spain\Segunda Division\2023\merged_2023.csv
2025-08-29 18:28:54,751 - src.process_pipeline - INFO - Successfully merged 468 records
2025-08-29 18:28:54,765 - src.process_pipeline - INFO - Processing Spain/Segunda Division/2024
2025-08-29 18:28:54,788 - src.process_pipeline - INFO - Successfully merged 468 records with team statistics
2025-08-29 18:28:54,807 - src.process_pipeline - INFO - Saved merged data to data\processed\Spain\Segunda Division\2024\merged_2024.csv
2025-08-29 18:28:54,807 - src.process_pipeline - INFO - Successfully merged 468 records
2025-08-29 18:28:54,823 - src.process_pipeline - INFO - Processing Spain/Segunda Division/2025
2025-08-29 18:28:54,836 - src.process_pipeline - INFO - Successfully merged 11 records with team statistics
2025-08-29 18:28:54,838 - src.process_pipeline - INFO - Saved merged data to data\processed\Spain\Segunda Division\2025\merged_2025.csv
2025-08-29 18:28:54,838 - src.process_pipeline - INFO - Successfully merged 11 records
2025-08-29 18:28:54,851 - src.process_pipeline - INFO - Starting preprocessing and feature engineering
2025-08-29 18:28:54,851 - src.process_pipeline - INFO - Initial data shape: (23016, 71)
2025-08-29 18:28:54,851 - src.process_pipeline - INFO - Cleaning data
2025-08-29 18:28:56,610 - src.process_pipeline - INFO - Adding competition info from league names
2025-08-29 18:28:56,800 - src.process_pipeline - INFO - Competition Distribution:
2025-08-29 18:28:56,800 - src.process_pipeline - INFO -   Cup matches: 1762 (7.7%)
2025-08-29 18:28:56,800 - src.process_pipeline - INFO -   European matches: 4623 (20.2%)
2025-08-29 18:28:56,800 - src.process_pipeline - INFO -   League matches: 16510 (72.1%)
2025-08-29 18:28:56,806 - src.process_pipeline - INFO - Adding competition context
2025-08-29 18:28:58,163 - src.process_pipeline - INFO - Adding competition metrics
2025-08-29 18:28:59,024 - src.process_pipeline - INFO - Calculating proper standings for 22895 matches...
2025-08-29 18:28:59,697 - src.process_pipeline - INFO - Standings progress: 4.4% (1000/22895)
2025-08-29 18:29:00,347 - src.process_pipeline - INFO - Standings progress: 8.7% (2000/22895)
2025-08-29 18:29:01,043 - src.process_pipeline - INFO - Standings progress: 13.1% (3000/22895)
2025-08-29 18:29:01,681 - src.process_pipeline - INFO - Standings progress: 17.5% (4000/22895)
2025-08-29 18:29:02,279 - src.process_pipeline - INFO - Standings progress: 21.8% (5000/22895)
2025-08-29 18:29:02,891 - src.process_pipeline - INFO - Standings progress: 26.2% (6000/22895)
2025-08-29 18:29:03,526 - src.process_pipeline - INFO - Standings progress: 30.6% (7000/22895)
2025-08-29 18:29:04,152 - src.process_pipeline - INFO - Standings progress: 34.9% (8000/22895)
2025-08-29 18:29:04,791 - src.process_pipeline - INFO - Standings progress: 39.3% (9000/22895)
2025-08-29 18:29:05,573 - src.process_pipeline - INFO - Standings progress: 43.7% (10000/22895)
2025-08-29 18:29:06,275 - src.process_pipeline - INFO - Standings progress: 48.0% (11000/22895)
2025-08-29 18:29:06,981 - src.process_pipeline - INFO - Standings progress: 52.4% (12000/22895)
2025-08-29 18:29:07,672 - src.process_pipeline - INFO - Standings progress: 56.8% (13000/22895)
2025-08-29 18:29:08,431 - src.process_pipeline - INFO - Standings progress: 61.1% (14000/22895)
2025-08-29 18:29:09,120 - src.process_pipeline - INFO - Standings progress: 65.5% (15000/22895)
2025-08-29 18:29:09,830 - src.process_pipeline - INFO - Standings progress: 69.9% (16000/22895)
2025-08-29 18:29:10,563 - src.process_pipeline - INFO - Standings progress: 74.3% (17000/22895)
2025-08-29 18:29:11,284 - src.process_pipeline - INFO - Standings progress: 78.6% (18000/22895)
2025-08-29 18:29:12,013 - src.process_pipeline - INFO - Standings progress: 83.0% (19000/22895)
2025-08-29 18:29:12,733 - src.process_pipeline - INFO - Standings progress: 87.4% (20000/22895)
2025-08-29 18:29:13,457 - src.process_pipeline - INFO - Standings progress: 91.7% (21000/22895)
2025-08-29 18:29:14,232 - src.process_pipeline - INFO - Standings progress: 96.1% (22000/22895)
2025-08-29 18:29:15,029 - src.process_pipeline - INFO - Standings progress: 100.0% (22895/22895)
2025-08-29 18:29:16,341 - src.process_pipeline - INFO - Dropped 6 non rolled standings metrics
2025-08-29 18:29:34,481 - src.process_pipeline - INFO - Completed: Processing 22853 matches...
2025-08-29 18:29:53,285 - src.process_pipeline - INFO - H2H Progress: 10% (2285/22853) - 18.8s
2025-08-29 18:30:16,938 - src.process_pipeline - INFO - H2H Progress: 20% (4570/22853) - 42.5s
2025-08-29 18:30:38,967 - src.process_pipeline - INFO - H2H Progress: 30% (6855/22853) - 64.5s
2025-08-29 18:30:59,469 - src.process_pipeline - INFO - H2H Progress: 40% (9140/22853) - 85.0s
2025-08-29 18:31:25,522 - src.process_pipeline - INFO - H2H Progress: 50% (11425/22853) - 111.0s
2025-08-29 18:31:47,373 - src.process_pipeline - INFO - H2H Progress: 60% (13710/22853) - 132.9s
2025-08-29 18:32:13,481 - src.process_pipeline - INFO - H2H Progress: 70% (15995/22853) - 159.0s
2025-08-29 18:32:38,382 - src.process_pipeline - INFO - H2H Progress: 80% (18280/22853) - 183.9s
2025-08-29 18:33:03,017 - src.process_pipeline - INFO - H2H Progress: 90% (20565/22853) - 208.5s
2025-08-29 18:33:31,108 - src.process_pipeline - INFO - H2H Progress: 100% (22850/22853) - 236.6s
2025-08-29 18:33:31,143 - src.process_pipeline - INFO - H2H Progress: 100% (22853/22853) - 236.7s
2025-08-29 18:33:31,152 - src.process_pipeline - INFO - Upcoming: Processing 42 matches...
2025-08-29 18:33:31,207 - src.process_pipeline - INFO - H2H Progress: 10% (4/42) - 0.1s
2025-08-29 18:33:31,250 - src.process_pipeline - INFO - H2H Progress: 19% (8/42) - 0.1s
2025-08-29 18:33:31,303 - src.process_pipeline - INFO - H2H Progress: 29% (12/42) - 0.2s
2025-08-29 18:33:31,362 - src.process_pipeline - INFO - H2H Progress: 38% (16/42) - 0.2s
2025-08-29 18:33:31,399 - src.process_pipeline - INFO - H2H Progress: 48% (20/42) - 0.2s
2025-08-29 18:33:31,455 - src.process_pipeline - INFO - H2H Progress: 57% (24/42) - 0.3s
2025-08-29 18:33:31,512 - src.process_pipeline - INFO - H2H Progress: 67% (28/42) - 0.4s
2025-08-29 18:33:31,555 - src.process_pipeline - INFO - H2H Progress: 76% (32/42) - 0.4s
2025-08-29 18:33:31,611 - src.process_pipeline - INFO - H2H Progress: 86% (36/42) - 0.5s
2025-08-29 18:33:31,668 - src.process_pipeline - INFO - H2H Progress: 95% (40/42) - 0.5s
2025-08-29 18:33:31,698 - src.process_pipeline - INFO - H2H Progress: 100% (42/42) - 0.5s
2025-08-29 18:33:33,969 - src.process_pipeline - INFO - Dropped 36 original metrics
2025-08-29 18:33:34,018 - src.process_pipeline - INFO - Calculating rolling averages for 85 metrics with windows [5]
2025-08-29 18:34:09,813 - src.process_pipeline - INFO - Dropped 49 non rolled metrics
2025-08-29 18:34:09,813 - src.process_pipeline - INFO - Calculated rolling averages completed
2025-08-29 18:34:09,874 - src.process_pipeline - INFO - Final shape: (22895, 165)
2025-08-29 18:34:17,262 - src.process_pipeline - INFO - Saved H2H data with 6740 team pairs
2025-08-29 18:34:17,269 - src.process_pipeline - INFO - Saved standings data for 4512 teams
2025-08-29 18:34:17,270 - src.process_pipeline - INFO - Incremental processing complete. Total records: 22895
2025-08-29 18:34:17,270 - src.process_pipeline - INFO - New records processed: 22895
