2025-08-31 21:41:17,139 - src.process_pipeline - INFO - Logging initialized. Log file: logs/process\process_20250831_214117.log
2025-08-31 21:41:18,084 - src.process_pipeline - INFO - Loaded H2H data with 6740 team pairs
2025-08-31 21:41:18,091 - src.process_pipeline - INFO - Loaded standings data for 4512 teams
2025-08-31 21:41:20,349 - src.process_pipeline - INFO - Processing England/Championship/2017
2025-08-31 21:41:20,405 - src.process_pipeline - INFO - Successfully merged 557 records with team statistics
2025-08-31 21:41:20,429 - src.process_pipeline - INFO - Saved merged data to data\processed\England\Championship\2017\merged_2017.csv
2025-08-31 21:41:20,429 - src.process_pipeline - INFO - Successfully merged 557 records
2025-08-31 21:41:20,430 - src.process_pipeline - INFO - Processing England/Championship/2018
2025-08-31 21:41:20,505 - src.process_pipeline - INFO - Successfully merged 557 records with team statistics
2025-08-31 21:41:20,526 - src.process_pipeline - INFO - Saved merged data to data\processed\England\Championship\2018\merged_2018.csv
2025-08-31 21:41:20,526 - src.process_pipeline - INFO - Successfully merged 557 records
2025-08-31 21:41:20,529 - src.process_pipeline - INFO - Processing England/Championship/2019
2025-08-31 21:41:20,627 - src.process_pipeline - INFO - Successfully merged 444 records with team statistics
2025-08-31 21:41:20,658 - src.process_pipeline - INFO - Saved merged data to data\processed\England\Championship\2019\merged_2019.csv
2025-08-31 21:41:20,658 - src.process_pipeline - INFO - Successfully merged 444 records
2025-08-31 21:41:20,662 - src.process_pipeline - INFO - Processing England/Championship/2020
2025-08-31 21:41:20,762 - src.process_pipeline - INFO - Successfully merged 557 records with team statistics
2025-08-31 21:41:20,782 - src.process_pipeline - INFO - Saved merged data to data\processed\England\Championship\2020\merged_2020.csv
2025-08-31 21:41:20,782 - src.process_pipeline - INFO - Successfully merged 557 records
2025-08-31 21:41:20,787 - src.process_pipeline - INFO - Processing England/Championship/2021
2025-08-31 21:41:20,872 - src.process_pipeline - INFO - Successfully merged 557 records with team statistics
2025-08-31 21:41:20,888 - src.process_pipeline - INFO - Saved merged data to data\processed\England\Championship\2021\merged_2021.csv
2025-08-31 21:41:20,888 - src.process_pipeline - INFO - Successfully merged 557 records
2025-08-31 21:41:20,891 - src.process_pipeline - INFO - Processing England/Championship/2022
2025-08-31 21:41:20,974 - src.process_pipeline - INFO - Successfully merged 546 records with team statistics
2025-08-31 21:41:20,989 - src.process_pipeline - INFO - Saved merged data to data\processed\England\Championship\2022\merged_2022.csv
2025-08-31 21:41:20,989 - src.process_pipeline - INFO - Successfully merged 546 records
2025-08-31 21:41:20,993 - src.process_pipeline - INFO - Processing England/Championship/2023
2025-08-31 21:41:21,069 - src.process_pipeline - INFO - Successfully merged 557 records with team statistics
2025-08-31 21:41:21,089 - src.process_pipeline - INFO - Saved merged data to data\processed\England\Championship\2023\merged_2023.csv
2025-08-31 21:41:21,089 - src.process_pipeline - INFO - Successfully merged 557 records
2025-08-31 21:41:21,092 - src.process_pipeline - INFO - Processing England/Championship/2024
2025-08-31 21:41:21,168 - src.process_pipeline - INFO - Successfully merged 557 records with team statistics
2025-08-31 21:41:21,186 - src.process_pipeline - INFO - Saved merged data to data\processed\England\Championship\2024\merged_2024.csv
2025-08-31 21:41:21,186 - src.process_pipeline - INFO - Successfully merged 557 records
2025-08-31 21:41:21,191 - src.process_pipeline - INFO - Processing England/Championship/2025
2025-08-31 21:41:21,252 - src.process_pipeline - INFO - Successfully merged 24 records with team statistics
2025-08-31 21:41:21,255 - src.process_pipeline - INFO - Saved merged data to data\processed\England\Championship\2025\merged_2025.csv
2025-08-31 21:41:21,255 - src.process_pipeline - INFO - Successfully merged 24 records
2025-08-31 21:41:21,258 - src.process_pipeline - INFO - Processing England/EFL Trophy/2021
2025-08-31 21:41:21,319 - src.process_pipeline - INFO - Successfully merged 127 records with team statistics
2025-08-31 21:41:21,327 - src.process_pipeline - INFO - Saved merged data to data\processed\England\EFL Trophy\2021\merged_2021.csv
2025-08-31 21:41:21,327 - src.process_pipeline - INFO - Successfully merged 127 records
2025-08-31 21:41:21,332 - src.process_pipeline - INFO - Processing England/EFL Trophy/2022
2025-08-31 21:41:21,394 - src.process_pipeline - INFO - Successfully merged 127 records with team statistics
2025-08-31 21:41:21,400 - src.process_pipeline - INFO - Saved merged data to data\processed\England\EFL Trophy\2022\merged_2022.csv
2025-08-31 21:41:21,400 - src.process_pipeline - INFO - Successfully merged 127 records
2025-08-31 21:41:21,403 - src.process_pipeline - INFO - Processing England/EFL Trophy/2023
2025-08-31 21:41:21,473 - src.process_pipeline - INFO - Successfully merged 127 records with team statistics
2025-08-31 21:41:21,480 - src.process_pipeline - INFO - Saved merged data to data\processed\England\EFL Trophy\2023\merged_2023.csv
2025-08-31 21:41:21,480 - src.process_pipeline - INFO - Successfully merged 127 records
2025-08-31 21:41:21,486 - src.process_pipeline - INFO - Processing England/EFL Trophy/2024
2025-08-31 21:41:21,561 - src.process_pipeline - INFO - Successfully merged 127 records with team statistics
2025-08-31 21:41:21,568 - src.process_pipeline - INFO - Saved merged data to data\processed\England\EFL Trophy\2024\merged_2024.csv
2025-08-31 21:41:21,568 - src.process_pipeline - INFO - Successfully merged 127 records
2025-08-31 21:41:21,572 - src.process_pipeline - INFO - Processing England/FA Cup/2018
2025-08-31 21:41:21,638 - src.process_pipeline - INFO - Successfully merged 150 records with team statistics
2025-08-31 21:41:21,644 - src.process_pipeline - INFO - Saved merged data to data\processed\England\FA Cup\2018\merged_2018.csv
2025-08-31 21:41:21,645 - src.process_pipeline - INFO - Successfully merged 150 records
2025-08-31 21:41:21,648 - src.process_pipeline - INFO - Processing England/FA Cup/2019
2025-08-31 21:41:21,711 - src.process_pipeline - INFO - Successfully merged 149 records with team statistics
2025-08-31 21:41:21,716 - src.process_pipeline - INFO - Saved merged data to data\processed\England\FA Cup\2019\merged_2019.csv
2025-08-31 21:41:21,717 - src.process_pipeline - INFO - Successfully merged 149 records
2025-08-31 21:41:21,721 - src.process_pipeline - INFO - Processing England/FA Cup/2020
2025-08-31 21:41:21,784 - src.process_pipeline - INFO - Successfully merged 124 records with team statistics
2025-08-31 21:41:21,790 - src.process_pipeline - INFO - Saved merged data to data\processed\England\FA Cup\2020\merged_2020.csv
2025-08-31 21:41:21,790 - src.process_pipeline - INFO - Successfully merged 124 records
2025-08-31 21:41:21,793 - src.process_pipeline - INFO - Processing England/FA Cup/2021
2025-08-31 21:41:21,854 - src.process_pipeline - INFO - Successfully merged 136 records with team statistics
2025-08-31 21:41:21,859 - src.process_pipeline - INFO - Saved merged data to data\processed\England\FA Cup\2021\merged_2021.csv
2025-08-31 21:41:21,859 - src.process_pipeline - INFO - Successfully merged 136 records
2025-08-31 21:41:21,864 - src.process_pipeline - INFO - Processing England/FA Cup/2022
2025-08-31 21:41:21,927 - src.process_pipeline - INFO - Successfully merged 143 records with team statistics
2025-08-31 21:41:21,933 - src.process_pipeline - INFO - Saved merged data to data\processed\England\FA Cup\2022\merged_2022.csv
2025-08-31 21:41:21,933 - src.process_pipeline - INFO - Successfully merged 143 records
2025-08-31 21:41:21,938 - src.process_pipeline - INFO - Processing England/FA Cup/2023
2025-08-31 21:41:22,001 - src.process_pipeline - INFO - Successfully merged 149 records with team statistics
2025-08-31 21:41:22,008 - src.process_pipeline - INFO - Saved merged data to data\processed\England\FA Cup\2023\merged_2023.csv
2025-08-31 21:41:22,009 - src.process_pipeline - INFO - Successfully merged 149 records
2025-08-31 21:41:22,013 - src.process_pipeline - INFO - Processing England/FA Cup/2024
2025-08-31 21:41:22,077 - src.process_pipeline - INFO - Successfully merged 123 records with team statistics
2025-08-31 21:41:22,082 - src.process_pipeline - INFO - Saved merged data to data\processed\England\FA Cup\2024\merged_2024.csv
2025-08-31 21:41:22,082 - src.process_pipeline - INFO - Successfully merged 123 records
2025-08-31 21:41:22,087 - src.process_pipeline - INFO - Processing England/FA Trophy/2023
2025-08-31 21:41:22,088 - src.process_pipeline - WARNING - Missing team stats file: data\extracted\England\FA Trophy\2023\team_statistics.csv
2025-08-31 21:41:22,088 - src.process_pipeline - INFO - Processing England/FA Trophy/2024
2025-08-31 21:41:22,088 - src.process_pipeline - WARNING - Missing fixtures file: data\extracted\England\FA Trophy\2024\fixture_events.csv
2025-08-31 21:41:22,089 - src.process_pipeline - INFO - Processing England/Premier League/2018
2025-08-31 21:41:22,154 - src.process_pipeline - INFO - Successfully merged 380 records with team statistics
2025-08-31 21:41:22,166 - src.process_pipeline - INFO - Saved merged data to data\processed\England\Premier League\2018\merged_2018.csv
2025-08-31 21:41:22,166 - src.process_pipeline - INFO - Successfully merged 380 records
2025-08-31 21:41:22,171 - src.process_pipeline - INFO - Processing England/Premier League/2019
2025-08-31 21:41:22,235 - src.process_pipeline - INFO - Successfully merged 288 records with team statistics
2025-08-31 21:41:22,246 - src.process_pipeline - INFO - Saved merged data to data\processed\England\Premier League\2019\merged_2019.csv
2025-08-31 21:41:22,246 - src.process_pipeline - INFO - Successfully merged 288 records
2025-08-31 21:41:22,250 - src.process_pipeline - INFO - Processing England/Premier League/2020
2025-08-31 21:41:22,319 - src.process_pipeline - INFO - Successfully merged 380 records with team statistics
2025-08-31 21:41:22,330 - src.process_pipeline - INFO - Saved merged data to data\processed\England\Premier League\2020\merged_2020.csv
2025-08-31 21:41:22,330 - src.process_pipeline - INFO - Successfully merged 380 records
2025-08-31 21:41:22,334 - src.process_pipeline - INFO - Processing England/Premier League/2021
2025-08-31 21:41:22,405 - src.process_pipeline - INFO - Successfully merged 380 records with team statistics
2025-08-31 21:41:22,419 - src.process_pipeline - INFO - Saved merged data to data\processed\England\Premier League\2021\merged_2021.csv
2025-08-31 21:41:22,419 - src.process_pipeline - INFO - Successfully merged 380 records
2025-08-31 21:41:22,424 - src.process_pipeline - INFO - Processing England/Premier League/2022
2025-08-31 21:41:22,495 - src.process_pipeline - INFO - Successfully merged 380 records with team statistics
2025-08-31 21:41:22,508 - src.process_pipeline - INFO - Saved merged data to data\processed\England\Premier League\2022\merged_2022.csv
2025-08-31 21:41:22,508 - src.process_pipeline - INFO - Successfully merged 380 records
2025-08-31 21:41:22,513 - src.process_pipeline - INFO - Processing England/Premier League/2023
2025-08-31 21:41:22,580 - src.process_pipeline - INFO - Successfully merged 380 records with team statistics
2025-08-31 21:41:22,591 - src.process_pipeline - INFO - Saved merged data to data\processed\England\Premier League\2023\merged_2023.csv
2025-08-31 21:41:22,591 - src.process_pipeline - INFO - Successfully merged 380 records
2025-08-31 21:41:22,596 - src.process_pipeline - INFO - Processing England/Premier League/2024
2025-08-31 21:41:22,669 - src.process_pipeline - INFO - Successfully merged 380 records with team statistics
2025-08-31 21:41:22,681 - src.process_pipeline - INFO - Saved merged data to data\processed\England\Premier League\2024\merged_2024.csv
2025-08-31 21:41:22,681 - src.process_pipeline - INFO - Successfully merged 380 records
2025-08-31 21:41:22,687 - src.process_pipeline - INFO - Processing England/Premier League/2025
2025-08-31 21:41:22,749 - src.process_pipeline - INFO - Successfully merged 30 records with team statistics
2025-08-31 21:41:22,752 - src.process_pipeline - INFO - Saved merged data to data\processed\England\Premier League\2025\merged_2025.csv
2025-08-31 21:41:22,753 - src.process_pipeline - INFO - Successfully merged 30 records
2025-08-31 21:41:22,759 - src.process_pipeline - INFO - Processing Europe/Champions League/2018
2025-08-31 21:41:22,821 - src.process_pipeline - INFO - Successfully merged 166 records with team statistics
2025-08-31 21:41:22,829 - src.process_pipeline - INFO - Saved merged data to data\processed\Europe\Champions League\2018\merged_2018.csv
2025-08-31 21:41:22,829 - src.process_pipeline - INFO - Successfully merged 166 records
2025-08-31 21:41:22,836 - src.process_pipeline - INFO - Processing Europe/Champions League/2019
2025-08-31 21:41:22,900 - src.process_pipeline - INFO - Successfully merged 140 records with team statistics
2025-08-31 21:41:22,907 - src.process_pipeline - INFO - Saved merged data to data\processed\Europe\Champions League\2019\merged_2019.csv
2025-08-31 21:41:22,907 - src.process_pipeline - INFO - Successfully merged 140 records
2025-08-31 21:41:22,913 - src.process_pipeline - INFO - Processing Europe/Champions League/2020
2025-08-31 21:41:22,979 - src.process_pipeline - INFO - Successfully merged 178 records with team statistics
2025-08-31 21:41:22,988 - src.process_pipeline - INFO - Saved merged data to data\processed\Europe\Champions League\2020\merged_2020.csv
2025-08-31 21:41:22,989 - src.process_pipeline - INFO - Successfully merged 178 records
2025-08-31 21:41:22,996 - src.process_pipeline - INFO - Processing Europe/Champions League/2021
2025-08-31 21:41:23,057 - src.process_pipeline - INFO - Successfully merged 157 records with team statistics
2025-08-31 21:41:23,064 - src.process_pipeline - INFO - Saved merged data to data\processed\Europe\Champions League\2021\merged_2021.csv
2025-08-31 21:41:23,065 - src.process_pipeline - INFO - Successfully merged 157 records
2025-08-31 21:41:23,071 - src.process_pipeline - INFO - Processing Europe/Champions League/2022
2025-08-31 21:41:23,131 - src.process_pipeline - INFO - Successfully merged 210 records with team statistics
2025-08-31 21:41:23,140 - src.process_pipeline - INFO - Saved merged data to data\processed\Europe\Champions League\2022\merged_2022.csv
2025-08-31 21:41:23,141 - src.process_pipeline - INFO - Successfully merged 210 records
2025-08-31 21:41:23,147 - src.process_pipeline - INFO - Processing Europe/Champions League/2023
2025-08-31 21:41:23,207 - src.process_pipeline - INFO - Successfully merged 211 records with team statistics
2025-08-31 21:41:23,215 - src.process_pipeline - INFO - Saved merged data to data\processed\Europe\Champions League\2023\merged_2023.csv
2025-08-31 21:41:23,216 - src.process_pipeline - INFO - Successfully merged 211 records
2025-08-31 21:41:23,223 - src.process_pipeline - INFO - Processing Europe/Champions League/2024
2025-08-31 21:41:23,283 - src.process_pipeline - INFO - Successfully merged 279 records with team statistics
2025-08-31 21:41:23,295 - src.process_pipeline - INFO - Saved merged data to data\processed\Europe\Champions League\2024\merged_2024.csv
2025-08-31 21:41:23,295 - src.process_pipeline - INFO - Successfully merged 279 records
2025-08-31 21:41:23,302 - src.process_pipeline - INFO - Processing Europe/Champions League/2025
2025-08-31 21:41:23,364 - src.process_pipeline - INFO - Successfully merged 30 records with team statistics
2025-08-31 21:41:23,368 - src.process_pipeline - INFO - Saved merged data to data\processed\Europe\Champions League\2025\merged_2025.csv
2025-08-31 21:41:23,368 - src.process_pipeline - INFO - Successfully merged 30 records
2025-08-31 21:41:23,376 - src.process_pipeline - INFO - Processing Europe/Conference League/2021
2025-08-31 21:41:23,444 - src.process_pipeline - INFO - Successfully merged 423 records with team statistics
2025-08-31 21:41:23,460 - src.process_pipeline - INFO - Saved merged data to data\processed\Europe\Conference League\2021\merged_2021.csv
2025-08-31 21:41:23,460 - src.process_pipeline - INFO - Successfully merged 423 records
2025-08-31 21:41:23,468 - src.process_pipeline - INFO - Processing Europe/Conference League/2022
2025-08-31 21:41:23,542 - src.process_pipeline - INFO - Successfully merged 414 records with team statistics
2025-08-31 21:41:23,561 - src.process_pipeline - INFO - Saved merged data to data\processed\Europe\Conference League\2022\merged_2022.csv
2025-08-31 21:41:23,562 - src.process_pipeline - INFO - Successfully merged 414 records
2025-08-31 21:41:23,569 - src.process_pipeline - INFO - Processing Europe/Conference League/2023
2025-08-31 21:41:23,634 - src.process_pipeline - INFO - Successfully merged 417 records with team statistics
2025-08-31 21:41:23,649 - src.process_pipeline - INFO - Saved merged data to data\processed\Europe\Conference League\2023\merged_2023.csv
2025-08-31 21:41:23,649 - src.process_pipeline - INFO - Successfully merged 417 records
2025-08-31 21:41:23,656 - src.process_pipeline - INFO - Processing Europe/Conference League/2024
2025-08-31 21:41:23,657 - src.process_pipeline - WARNING - Missing team stats file: data\extracted\Europe\Conference League\2024\team_statistics.csv
2025-08-31 21:41:23,657 - src.process_pipeline - INFO - Processing Europe/Conference League/2025
2025-08-31 21:41:23,712 - src.process_pipeline - INFO - Successfully merged 84 records with team statistics
2025-08-31 21:41:23,716 - src.process_pipeline - INFO - Saved merged data to data\processed\Europe\Conference League\2025\merged_2025.csv
2025-08-31 21:41:23,717 - src.process_pipeline - INFO - Successfully merged 84 records
2025-08-31 21:41:23,725 - src.process_pipeline - INFO - Processing Europe/Europa League/2018
2025-08-31 21:41:23,787 - src.process_pipeline - INFO - Successfully merged 364 records with team statistics
2025-08-31 21:41:23,799 - src.process_pipeline - INFO - Saved merged data to data\processed\Europe\Europa League\2018\merged_2018.csv
2025-08-31 21:41:23,800 - src.process_pipeline - INFO - Successfully merged 364 records
2025-08-31 21:41:23,808 - src.process_pipeline - INFO - Processing Europe/Europa League/2019
2025-08-31 21:41:23,870 - src.process_pipeline - INFO - Successfully merged 337 records with team statistics
2025-08-31 21:41:23,882 - src.process_pipeline - INFO - Saved merged data to data\processed\Europe\Europa League\2019\merged_2019.csv
2025-08-31 21:41:23,882 - src.process_pipeline - INFO - Successfully merged 337 records
2025-08-31 21:41:23,892 - src.process_pipeline - INFO - Processing Europe/Europa League/2020
2025-08-31 21:41:23,968 - src.process_pipeline - INFO - Successfully merged 362 records with team statistics
2025-08-31 21:41:23,983 - src.process_pipeline - INFO - Saved merged data to data\processed\Europe\Europa League\2020\merged_2020.csv
2025-08-31 21:41:23,984 - src.process_pipeline - INFO - Successfully merged 362 records
2025-08-31 21:41:23,993 - src.process_pipeline - INFO - Processing Europe/Europa League/2021
2025-08-31 21:41:24,065 - src.process_pipeline - INFO - Successfully merged 177 records with team statistics
2025-08-31 21:41:24,075 - src.process_pipeline - INFO - Saved merged data to data\processed\Europe\Europa League\2021\merged_2021.csv
2025-08-31 21:41:24,076 - src.process_pipeline - INFO - Successfully merged 177 records
2025-08-31 21:41:24,085 - src.process_pipeline - INFO - Processing Europe/Europa League/2022
2025-08-31 21:41:24,149 - src.process_pipeline - INFO - Successfully merged 175 records with team statistics
2025-08-31 21:41:24,158 - src.process_pipeline - INFO - Saved merged data to data\processed\Europe\Europa League\2022\merged_2022.csv
2025-08-31 21:41:24,158 - src.process_pipeline - INFO - Successfully merged 175 records
2025-08-31 21:41:24,167 - src.process_pipeline - INFO - Processing Europe/Europa League/2023
2025-08-31 21:41:24,234 - src.process_pipeline - INFO - Successfully merged 175 records with team statistics
2025-08-31 21:41:24,242 - src.process_pipeline - INFO - Saved merged data to data\processed\Europe\Europa League\2023\merged_2023.csv
2025-08-31 21:41:24,242 - src.process_pipeline - INFO - Successfully merged 175 records
2025-08-31 21:41:24,250 - src.process_pipeline - INFO - Processing Europe/Europa League/2024
2025-08-31 21:41:24,342 - src.process_pipeline - INFO - Successfully merged 269 records with team statistics
2025-08-31 21:41:24,354 - src.process_pipeline - INFO - Saved merged data to data\processed\Europe\Europa League\2024\merged_2024.csv
2025-08-31 21:41:24,355 - src.process_pipeline - INFO - Successfully merged 269 records
2025-08-31 21:41:24,371 - src.process_pipeline - INFO - Processing Europe/Europa League/2025
2025-08-31 21:41:24,443 - src.process_pipeline - INFO - Successfully merged 38 records with team statistics
2025-08-31 21:41:24,446 - src.process_pipeline - INFO - Saved merged data to data\processed\Europe\Europa League\2025\merged_2025.csv
2025-08-31 21:41:24,446 - src.process_pipeline - INFO - Successfully merged 38 records
2025-08-31 21:41:24,455 - src.process_pipeline - INFO - Processing France/Coupe de France/2018
2025-08-31 21:41:24,528 - src.process_pipeline - INFO - Successfully merged 195 records with team statistics
2025-08-31 21:41:24,535 - src.process_pipeline - INFO - Saved merged data to data\processed\France\Coupe de France\2018\merged_2018.csv
2025-08-31 21:41:24,535 - src.process_pipeline - INFO - Successfully merged 195 records
2025-08-31 21:41:24,544 - src.process_pipeline - INFO - Processing France/Coupe de France/2019
2025-08-31 21:41:24,610 - src.process_pipeline - INFO - Successfully merged 194 records with team statistics
2025-08-31 21:41:24,618 - src.process_pipeline - INFO - Saved merged data to data\processed\France\Coupe de France\2019\merged_2019.csv
2025-08-31 21:41:24,618 - src.process_pipeline - INFO - Successfully merged 194 records
2025-08-31 21:41:24,627 - src.process_pipeline - INFO - Processing France/Coupe de France/2020
2025-08-31 21:41:24,692 - src.process_pipeline - INFO - Successfully merged 170 records with team statistics
2025-08-31 21:41:24,698 - src.process_pipeline - INFO - Saved merged data to data\processed\France\Coupe de France\2020\merged_2020.csv
2025-08-31 21:41:24,698 - src.process_pipeline - INFO - Successfully merged 170 records
2025-08-31 21:41:24,708 - src.process_pipeline - INFO - Processing France/Coupe de France/2021
2025-08-31 21:41:24,770 - src.process_pipeline - INFO - Successfully merged 193 records with team statistics
2025-08-31 21:41:24,777 - src.process_pipeline - INFO - Saved merged data to data\processed\France\Coupe de France\2021\merged_2021.csv
2025-08-31 21:41:24,777 - src.process_pipeline - INFO - Successfully merged 193 records
2025-08-31 21:41:24,785 - src.process_pipeline - INFO - Processing France/Coupe de France/2022
2025-08-31 21:41:24,850 - src.process_pipeline - INFO - Successfully merged 195 records with team statistics
2025-08-31 21:41:24,858 - src.process_pipeline - INFO - Saved merged data to data\processed\France\Coupe de France\2022\merged_2022.csv
2025-08-31 21:41:24,858 - src.process_pipeline - INFO - Successfully merged 195 records
2025-08-31 21:41:24,866 - src.process_pipeline - INFO - Processing France/Coupe de France/2023
2025-08-31 21:41:24,928 - src.process_pipeline - INFO - Successfully merged 197 records with team statistics
2025-08-31 21:41:24,936 - src.process_pipeline - INFO - Saved merged data to data\processed\France\Coupe de France\2023\merged_2023.csv
2025-08-31 21:41:24,936 - src.process_pipeline - INFO - Successfully merged 197 records
2025-08-31 21:41:24,945 - src.process_pipeline - INFO - Processing France/Coupe de France/2024
2025-08-31 21:41:25,007 - src.process_pipeline - INFO - Successfully merged 199 records with team statistics
2025-08-31 21:41:25,015 - src.process_pipeline - INFO - Saved merged data to data\processed\France\Coupe de France\2024\merged_2024.csv
2025-08-31 21:41:25,015 - src.process_pipeline - INFO - Successfully merged 199 records
2025-08-31 21:41:25,027 - src.process_pipeline - INFO - Processing France/Ligue 1/2018
2025-08-31 21:41:25,095 - src.process_pipeline - INFO - Successfully merged 380 records with team statistics
2025-08-31 21:41:25,107 - src.process_pipeline - INFO - Saved merged data to data\processed\France\Ligue 1\2018\merged_2018.csv
2025-08-31 21:41:25,108 - src.process_pipeline - INFO - Successfully merged 380 records
2025-08-31 21:41:25,116 - src.process_pipeline - INFO - Processing France/Ligue 1/2019
2025-08-31 21:41:25,183 - src.process_pipeline - INFO - Successfully merged 380 records with team statistics
2025-08-31 21:41:25,198 - src.process_pipeline - INFO - Saved merged data to data\processed\France\Ligue 1\2019\merged_2019.csv
2025-08-31 21:41:25,198 - src.process_pipeline - INFO - Successfully merged 380 records
2025-08-31 21:41:25,208 - src.process_pipeline - INFO - Processing France/Ligue 1/2020
2025-08-31 21:41:25,276 - src.process_pipeline - INFO - Successfully merged 382 records with team statistics
2025-08-31 21:41:25,288 - src.process_pipeline - INFO - Saved merged data to data\processed\France\Ligue 1\2020\merged_2020.csv
2025-08-31 21:41:25,288 - src.process_pipeline - INFO - Successfully merged 382 records
2025-08-31 21:41:25,298 - src.process_pipeline - INFO - Processing France/Ligue 1/2021
2025-08-31 21:41:25,363 - src.process_pipeline - INFO - Successfully merged 382 records with team statistics
2025-08-31 21:41:25,376 - src.process_pipeline - INFO - Saved merged data to data\processed\France\Ligue 1\2021\merged_2021.csv
2025-08-31 21:41:25,376 - src.process_pipeline - INFO - Successfully merged 382 records
2025-08-31 21:41:25,384 - src.process_pipeline - INFO - Processing France/Ligue 1/2022
2025-08-31 21:41:25,451 - src.process_pipeline - INFO - Successfully merged 370 records with team statistics
2025-08-31 21:41:25,462 - src.process_pipeline - INFO - Saved merged data to data\processed\France\Ligue 1\2022\merged_2022.csv
2025-08-31 21:41:25,462 - src.process_pipeline - INFO - Successfully merged 370 records
2025-08-31 21:41:25,472 - src.process_pipeline - INFO - Processing France/Ligue 1/2023
2025-08-31 21:41:25,543 - src.process_pipeline - INFO - Successfully merged 307 records with team statistics
2025-08-31 21:41:25,552 - src.process_pipeline - INFO - Saved merged data to data\processed\France\Ligue 1\2023\merged_2023.csv
2025-08-31 21:41:25,552 - src.process_pipeline - INFO - Successfully merged 307 records
2025-08-31 21:41:25,561 - src.process_pipeline - INFO - Processing France/Ligue 1/2024
2025-08-31 21:41:25,627 - src.process_pipeline - INFO - Successfully merged 308 records with team statistics
2025-08-31 21:41:25,637 - src.process_pipeline - INFO - Saved merged data to data\processed\France\Ligue 1\2024\merged_2024.csv
2025-08-31 21:41:25,638 - src.process_pipeline - INFO - Successfully merged 308 records
2025-08-31 21:41:25,648 - src.process_pipeline - INFO - Processing France/Ligue 1/2025
2025-08-31 21:41:25,711 - src.process_pipeline - INFO - Successfully merged 26 records with team statistics
2025-08-31 21:41:25,713 - src.process_pipeline - INFO - Saved merged data to data\processed\France\Ligue 1\2025\merged_2025.csv
2025-08-31 21:41:25,714 - src.process_pipeline - INFO - Successfully merged 26 records
2025-08-31 21:41:25,725 - src.process_pipeline - INFO - Processing France/Ligue 2/2018
2025-08-31 21:41:25,790 - src.process_pipeline - INFO - Successfully merged 370 records with team statistics
2025-08-31 21:41:25,801 - src.process_pipeline - INFO - Saved merged data to data\processed\France\Ligue 2\2018\merged_2018.csv
2025-08-31 21:41:25,801 - src.process_pipeline - INFO - Successfully merged 370 records
2025-08-31 21:41:25,811 - src.process_pipeline - INFO - Processing France/Ligue 2/2019
2025-08-31 21:41:25,878 - src.process_pipeline - INFO - Successfully merged 370 records with team statistics
2025-08-31 21:41:25,892 - src.process_pipeline - INFO - Saved merged data to data\processed\France\Ligue 2\2019\merged_2019.csv
2025-08-31 21:41:25,893 - src.process_pipeline - INFO - Successfully merged 370 records
2025-08-31 21:41:25,903 - src.process_pipeline - INFO - Processing France/Ligue 2/2020
2025-08-31 21:41:25,970 - src.process_pipeline - INFO - Successfully merged 384 records with team statistics
2025-08-31 21:41:25,985 - src.process_pipeline - INFO - Saved merged data to data\processed\France\Ligue 2\2020\merged_2020.csv
2025-08-31 21:41:25,985 - src.process_pipeline - INFO - Successfully merged 384 records
2025-08-31 21:41:25,997 - src.process_pipeline - INFO - Processing France/Ligue 2/2021
2025-08-31 21:41:26,068 - src.process_pipeline - INFO - Successfully merged 366 records with team statistics
2025-08-31 21:41:26,082 - src.process_pipeline - INFO - Saved merged data to data\processed\France\Ligue 2\2021\merged_2021.csv
2025-08-31 21:41:26,083 - src.process_pipeline - INFO - Successfully merged 366 records
2025-08-31 21:41:26,094 - src.process_pipeline - INFO - Processing France/Ligue 2/2022
2025-08-31 21:41:26,165 - src.process_pipeline - INFO - Successfully merged 361 records with team statistics
2025-08-31 21:41:26,176 - src.process_pipeline - INFO - Saved merged data to data\processed\France\Ligue 2\2022\merged_2022.csv
2025-08-31 21:41:26,176 - src.process_pipeline - INFO - Successfully merged 361 records
2025-08-31 21:41:26,187 - src.process_pipeline - INFO - Processing France/Ligue 2/2023
2025-08-31 21:41:26,255 - src.process_pipeline - INFO - Successfully merged 382 records with team statistics
2025-08-31 21:41:26,269 - src.process_pipeline - INFO - Saved merged data to data\processed\France\Ligue 2\2023\merged_2023.csv
2025-08-31 21:41:26,269 - src.process_pipeline - INFO - Successfully merged 382 records
2025-08-31 21:41:26,280 - src.process_pipeline - INFO - Processing France/Ligue 2/2024
2025-08-31 21:41:26,344 - src.process_pipeline - INFO - Successfully merged 310 records with team statistics
2025-08-31 21:41:26,357 - src.process_pipeline - INFO - Saved merged data to data\processed\France\Ligue 2\2024\merged_2024.csv
2025-08-31 21:41:26,357 - src.process_pipeline - INFO - Successfully merged 310 records
2025-08-31 21:41:26,368 - src.process_pipeline - INFO - Processing France/Ligue 2/2025
2025-08-31 21:41:26,424 - src.process_pipeline - INFO - Successfully merged 17 records with team statistics
2025-08-31 21:41:26,426 - src.process_pipeline - INFO - Saved merged data to data\processed\France\Ligue 2\2025\merged_2025.csv
2025-08-31 21:41:26,427 - src.process_pipeline - INFO - Successfully merged 17 records
2025-08-31 21:41:26,438 - src.process_pipeline - INFO - Processing Germany/2. Bundesliga/2017
2025-08-31 21:41:26,438 - src.process_pipeline - WARNING - Missing fixtures file: data\extracted\Germany\2. Bundesliga\2017\fixture_events.csv
2025-08-31 21:41:26,439 - src.process_pipeline - INFO - Processing Germany/2. Bundesliga/2018
2025-08-31 21:41:26,503 - src.process_pipeline - INFO - Successfully merged 306 records with team statistics
2025-08-31 21:41:26,517 - src.process_pipeline - INFO - Saved merged data to data\processed\Germany\2. Bundesliga\2018\merged_2018.csv
2025-08-31 21:41:26,518 - src.process_pipeline - INFO - Successfully merged 306 records
2025-08-31 21:41:26,530 - src.process_pipeline - INFO - Processing Germany/2. Bundesliga/2019
2025-08-31 21:41:26,597 - src.process_pipeline - INFO - Successfully merged 249 records with team statistics
2025-08-31 21:41:26,610 - src.process_pipeline - INFO - Saved merged data to data\processed\Germany\2. Bundesliga\2019\merged_2019.csv
2025-08-31 21:41:26,610 - src.process_pipeline - INFO - Successfully merged 249 records
2025-08-31 21:41:26,626 - src.process_pipeline - INFO - Processing Germany/2. Bundesliga/2020
2025-08-31 21:41:26,699 - src.process_pipeline - INFO - Successfully merged 308 records with team statistics
2025-08-31 21:41:26,708 - src.process_pipeline - INFO - Saved merged data to data\processed\Germany\2. Bundesliga\2020\merged_2020.csv
2025-08-31 21:41:26,709 - src.process_pipeline - INFO - Successfully merged 308 records
2025-08-31 21:41:26,721 - src.process_pipeline - INFO - Processing Germany/2. Bundesliga/2021
2025-08-31 21:41:26,792 - src.process_pipeline - INFO - Successfully merged 293 records with team statistics
2025-08-31 21:41:26,801 - src.process_pipeline - INFO - Saved merged data to data\processed\Germany\2. Bundesliga\2021\merged_2021.csv
2025-08-31 21:41:26,801 - src.process_pipeline - INFO - Successfully merged 293 records
2025-08-31 21:41:26,816 - src.process_pipeline - INFO - Processing Germany/2. Bundesliga/2022
2025-08-31 21:41:26,881 - src.process_pipeline - INFO - Successfully merged 288 records with team statistics
2025-08-31 21:41:26,891 - src.process_pipeline - INFO - Saved merged data to data\processed\Germany\2. Bundesliga\2022\merged_2022.csv
2025-08-31 21:41:26,891 - src.process_pipeline - INFO - Successfully merged 288 records
2025-08-31 21:41:26,905 - src.process_pipeline - INFO - Processing Germany/2. Bundesliga/2023
2025-08-31 21:41:26,969 - src.process_pipeline - INFO - Successfully merged 299 records with team statistics
2025-08-31 21:41:26,982 - src.process_pipeline - INFO - Saved merged data to data\processed\Germany\2. Bundesliga\2023\merged_2023.csv
2025-08-31 21:41:26,982 - src.process_pipeline - INFO - Successfully merged 299 records
2025-08-31 21:41:26,995 - src.process_pipeline - INFO - Processing Germany/2. Bundesliga/2024
2025-08-31 21:41:27,064 - src.process_pipeline - INFO - Successfully merged 308 records with team statistics
2025-08-31 21:41:27,074 - src.process_pipeline - INFO - Saved merged data to data\processed\Germany\2. Bundesliga\2024\merged_2024.csv
2025-08-31 21:41:27,074 - src.process_pipeline - INFO - Successfully merged 308 records
2025-08-31 21:41:27,087 - src.process_pipeline - INFO - Processing Germany/2. Bundesliga/2025
2025-08-31 21:41:27,146 - src.process_pipeline - INFO - Successfully merged 18 records with team statistics
2025-08-31 21:41:27,148 - src.process_pipeline - INFO - Saved merged data to data\processed\Germany\2. Bundesliga\2025\merged_2025.csv
2025-08-31 21:41:27,149 - src.process_pipeline - INFO - Successfully merged 18 records
2025-08-31 21:41:27,164 - src.process_pipeline - INFO - Processing Germany/Bundesliga/2018
2025-08-31 21:41:27,232 - src.process_pipeline - INFO - Successfully merged 308 records with team statistics
2025-08-31 21:41:27,244 - src.process_pipeline - INFO - Saved merged data to data\processed\Germany\Bundesliga\2018\merged_2018.csv
2025-08-31 21:41:27,244 - src.process_pipeline - INFO - Successfully merged 308 records
2025-08-31 21:41:27,257 - src.process_pipeline - INFO - Processing Germany/Bundesliga/2019
2025-08-31 21:41:27,319 - src.process_pipeline - INFO - Successfully merged 260 records with team statistics
2025-08-31 21:41:27,329 - src.process_pipeline - INFO - Saved merged data to data\processed\Germany\Bundesliga\2019\merged_2019.csv
2025-08-31 21:41:27,329 - src.process_pipeline - INFO - Successfully merged 260 records
2025-08-31 21:41:27,344 - src.process_pipeline - INFO - Processing Germany/Bundesliga/2020
2025-08-31 21:41:27,407 - src.process_pipeline - INFO - Successfully merged 308 records with team statistics
2025-08-31 21:41:27,417 - src.process_pipeline - INFO - Saved merged data to data\processed\Germany\Bundesliga\2020\merged_2020.csv
2025-08-31 21:41:27,417 - src.process_pipeline - INFO - Successfully merged 308 records
2025-08-31 21:41:27,431 - src.process_pipeline - INFO - Processing Germany/Bundesliga/2021
2025-08-31 21:41:27,493 - src.process_pipeline - INFO - Successfully merged 308 records with team statistics
2025-08-31 21:41:27,504 - src.process_pipeline - INFO - Saved merged data to data\processed\Germany\Bundesliga\2021\merged_2021.csv
2025-08-31 21:41:27,504 - src.process_pipeline - INFO - Successfully merged 308 records
2025-08-31 21:41:27,518 - src.process_pipeline - INFO - Processing Germany/Bundesliga/2022
2025-08-31 21:41:27,582 - src.process_pipeline - INFO - Successfully merged 307 records with team statistics
2025-08-31 21:41:27,592 - src.process_pipeline - INFO - Saved merged data to data\processed\Germany\Bundesliga\2022\merged_2022.csv
2025-08-31 21:41:27,592 - src.process_pipeline - INFO - Successfully merged 307 records
2025-08-31 21:41:27,606 - src.process_pipeline - INFO - Processing Germany/Bundesliga/2023
2025-08-31 21:41:27,676 - src.process_pipeline - INFO - Successfully merged 308 records with team statistics
2025-08-31 21:41:27,690 - src.process_pipeline - INFO - Saved merged data to data\processed\Germany\Bundesliga\2023\merged_2023.csv
2025-08-31 21:41:27,690 - src.process_pipeline - INFO - Successfully merged 308 records
2025-08-31 21:41:27,707 - src.process_pipeline - INFO - Processing Germany/Bundesliga/2024
2025-08-31 21:41:27,773 - src.process_pipeline - INFO - Successfully merged 308 records with team statistics
2025-08-31 21:41:27,783 - src.process_pipeline - INFO - Saved merged data to data\processed\Germany\Bundesliga\2024\merged_2024.csv
2025-08-31 21:41:27,783 - src.process_pipeline - INFO - Successfully merged 308 records
2025-08-31 21:41:27,796 - src.process_pipeline - INFO - Processing Germany/Bundesliga/2025
2025-08-31 21:41:27,857 - src.process_pipeline - INFO - Successfully merged 17 records with team statistics
2025-08-31 21:41:27,860 - src.process_pipeline - INFO - Saved merged data to data\processed\Germany\Bundesliga\2025\merged_2025.csv
2025-08-31 21:41:27,860 - src.process_pipeline - INFO - Successfully merged 17 records
2025-08-31 21:41:27,877 - src.process_pipeline - INFO - Processing Germany/DFB Pokal/2018
2025-08-31 21:41:27,939 - src.process_pipeline - INFO - Successfully merged 63 records with team statistics
2025-08-31 21:41:27,943 - src.process_pipeline - INFO - Saved merged data to data\processed\Germany\DFB Pokal\2018\merged_2018.csv
2025-08-31 21:41:27,943 - src.process_pipeline - INFO - Successfully merged 63 records
2025-08-31 21:41:27,958 - src.process_pipeline - INFO - Processing Germany/DFB Pokal/2019
2025-08-31 21:41:28,016 - src.process_pipeline - INFO - Successfully merged 60 records with team statistics
2025-08-31 21:41:28,020 - src.process_pipeline - INFO - Saved merged data to data\processed\Germany\DFB Pokal\2019\merged_2019.csv
2025-08-31 21:41:28,020 - src.process_pipeline - INFO - Successfully merged 60 records
2025-08-31 21:41:28,035 - src.process_pipeline - INFO - Processing Germany/DFB Pokal/2020
2025-08-31 21:41:28,095 - src.process_pipeline - INFO - Successfully merged 63 records with team statistics
2025-08-31 21:41:28,099 - src.process_pipeline - INFO - Saved merged data to data\processed\Germany\DFB Pokal\2020\merged_2020.csv
2025-08-31 21:41:28,099 - src.process_pipeline - INFO - Successfully merged 63 records
2025-08-31 21:41:28,114 - src.process_pipeline - INFO - Processing Germany/DFB Pokal/2021
2025-08-31 21:41:28,170 - src.process_pipeline - INFO - Successfully merged 63 records with team statistics
2025-08-31 21:41:28,173 - src.process_pipeline - INFO - Saved merged data to data\processed\Germany\DFB Pokal\2021\merged_2021.csv
2025-08-31 21:41:28,174 - src.process_pipeline - INFO - Successfully merged 63 records
2025-08-31 21:41:28,187 - src.process_pipeline - INFO - Processing Germany/DFB Pokal/2022
2025-08-31 21:41:28,242 - src.process_pipeline - INFO - Successfully merged 36 records with team statistics
2025-08-31 21:41:28,245 - src.process_pipeline - INFO - Saved merged data to data\processed\Germany\DFB Pokal\2022\merged_2022.csv
2025-08-31 21:41:28,245 - src.process_pipeline - INFO - Successfully merged 36 records
2025-08-31 21:41:28,261 - src.process_pipeline - INFO - Processing Germany/DFB Pokal/2023
2025-08-31 21:41:28,322 - src.process_pipeline - INFO - Successfully merged 63 records with team statistics
2025-08-31 21:41:28,326 - src.process_pipeline - INFO - Saved merged data to data\processed\Germany\DFB Pokal\2023\merged_2023.csv
2025-08-31 21:41:28,326 - src.process_pipeline - INFO - Successfully merged 63 records
2025-08-31 21:41:28,340 - src.process_pipeline - INFO - Processing Germany/DFB Pokal/2024
2025-08-31 21:41:28,397 - src.process_pipeline - INFO - Successfully merged 63 records with team statistics
2025-08-31 21:41:28,400 - src.process_pipeline - INFO - Saved merged data to data\processed\Germany\DFB Pokal\2024\merged_2024.csv
2025-08-31 21:41:28,401 - src.process_pipeline - INFO - Successfully merged 63 records
2025-08-31 21:41:28,415 - src.process_pipeline - INFO - Processing Greece/Super League/2021
2025-08-31 21:41:28,517 - src.process_pipeline - INFO - Successfully merged 240 records with team statistics
2025-08-31 21:41:28,526 - src.process_pipeline - INFO - Saved merged data to data\processed\Greece\Super League\2021\merged_2021.csv
2025-08-31 21:41:28,526 - src.process_pipeline - INFO - Successfully merged 240 records
2025-08-31 21:41:28,540 - src.process_pipeline - INFO - Processing Greece/Super League/2022
2025-08-31 21:41:28,605 - src.process_pipeline - INFO - Successfully merged 240 records with team statistics
2025-08-31 21:41:28,613 - src.process_pipeline - INFO - Saved merged data to data\processed\Greece\Super League\2022\merged_2022.csv
2025-08-31 21:41:28,613 - src.process_pipeline - INFO - Successfully merged 240 records
2025-08-31 21:41:28,627 - src.process_pipeline - INFO - Processing Greece/Super League/2023
2025-08-31 21:41:28,698 - src.process_pipeline - INFO - Successfully merged 240 records with team statistics
2025-08-31 21:41:28,708 - src.process_pipeline - INFO - Saved merged data to data\processed\Greece\Super League\2023\merged_2023.csv
2025-08-31 21:41:28,708 - src.process_pipeline - INFO - Successfully merged 240 records
2025-08-31 21:41:28,722 - src.process_pipeline - INFO - Processing Greece/Super League/2024
2025-08-31 21:41:28,788 - src.process_pipeline - INFO - Successfully merged 236 records with team statistics
2025-08-31 21:41:28,797 - src.process_pipeline - INFO - Saved merged data to data\processed\Greece\Super League\2024\merged_2024.csv
2025-08-31 21:41:28,797 - src.process_pipeline - INFO - Successfully merged 236 records
2025-08-31 21:41:28,813 - src.process_pipeline - INFO - Processing Greece/Super League/2025
2025-08-31 21:41:28,814 - src.process_pipeline - WARNING - Missing team stats file: data\extracted\Greece\Super League\2025\team_statistics.csv
2025-08-31 21:41:28,814 - src.process_pipeline - INFO - Processing Italy/Coppa Italia/2018
2025-08-31 21:41:28,874 - src.process_pipeline - INFO - Successfully merged 61 records with team statistics
2025-08-31 21:41:28,877 - src.process_pipeline - INFO - Saved merged data to data\processed\Italy\Coppa Italia\2018\merged_2018.csv
2025-08-31 21:41:28,877 - src.process_pipeline - INFO - Successfully merged 61 records
2025-08-31 21:41:28,893 - src.process_pipeline - INFO - Processing Italy/Coppa Italia/2019
2025-08-31 21:41:28,893 - src.process_pipeline - WARNING - Missing fixtures file: data\extracted\Italy\Coppa Italia\2019\fixture_events.csv
2025-08-31 21:41:28,894 - src.process_pipeline - INFO - Processing Italy/Coppa Italia/2020
2025-08-31 21:41:28,962 - src.process_pipeline - INFO - Successfully merged 79 records with team statistics
2025-08-31 21:41:28,967 - src.process_pipeline - INFO - Saved merged data to data\processed\Italy\Coppa Italia\2020\merged_2020.csv
2025-08-31 21:41:28,967 - src.process_pipeline - INFO - Successfully merged 79 records
2025-08-31 21:41:28,986 - src.process_pipeline - INFO - Processing Italy/Coppa Italia/2021
2025-08-31 21:41:29,049 - src.process_pipeline - INFO - Successfully merged 45 records with team statistics
2025-08-31 21:41:29,052 - src.process_pipeline - INFO - Saved merged data to data\processed\Italy\Coppa Italia\2021\merged_2021.csv
2025-08-31 21:41:29,052 - src.process_pipeline - INFO - Successfully merged 45 records
2025-08-31 21:41:29,067 - src.process_pipeline - INFO - Processing Italy/Coppa Italia/2022
2025-08-31 21:41:29,126 - src.process_pipeline - INFO - Successfully merged 41 records with team statistics
2025-08-31 21:41:29,129 - src.process_pipeline - INFO - Saved merged data to data\processed\Italy\Coppa Italia\2022\merged_2022.csv
2025-08-31 21:41:29,129 - src.process_pipeline - INFO - Successfully merged 41 records
2025-08-31 21:41:29,143 - src.process_pipeline - INFO - Processing Italy/Coppa Italia/2023
2025-08-31 21:41:29,203 - src.process_pipeline - INFO - Successfully merged 45 records with team statistics
2025-08-31 21:41:29,206 - src.process_pipeline - INFO - Saved merged data to data\processed\Italy\Coppa Italia\2023\merged_2023.csv
2025-08-31 21:41:29,207 - src.process_pipeline - INFO - Successfully merged 45 records
2025-08-31 21:41:29,221 - src.process_pipeline - INFO - Processing Italy/Coppa Italia/2024
2025-08-31 21:41:29,279 - src.process_pipeline - INFO - Successfully merged 45 records with team statistics
2025-08-31 21:41:29,282 - src.process_pipeline - INFO - Saved merged data to data\processed\Italy\Coppa Italia\2024\merged_2024.csv
2025-08-31 21:41:29,282 - src.process_pipeline - INFO - Successfully merged 45 records
2025-08-31 21:41:29,297 - src.process_pipeline - INFO - Processing Italy/Serie A/2016
2025-08-31 21:41:29,368 - src.process_pipeline - INFO - Successfully merged 380 records with team statistics
2025-08-31 21:41:29,382 - src.process_pipeline - INFO - Saved merged data to data\processed\Italy\Serie A\2016\merged_2016.csv
2025-08-31 21:41:29,383 - src.process_pipeline - INFO - Successfully merged 380 records
2025-08-31 21:41:29,400 - src.process_pipeline - INFO - Processing Italy/Serie A/2017
2025-08-31 21:41:29,470 - src.process_pipeline - INFO - Successfully merged 380 records with team statistics
2025-08-31 21:41:29,483 - src.process_pipeline - INFO - Saved merged data to data\processed\Italy\Serie A\2017\merged_2017.csv
2025-08-31 21:41:29,483 - src.process_pipeline - INFO - Successfully merged 380 records
2025-08-31 21:41:29,498 - src.process_pipeline - INFO - Processing Italy/Serie A/2018
2025-08-31 21:41:29,566 - src.process_pipeline - INFO - Successfully merged 380 records with team statistics
2025-08-31 21:41:29,580 - src.process_pipeline - INFO - Saved merged data to data\processed\Italy\Serie A\2018\merged_2018.csv
2025-08-31 21:41:29,580 - src.process_pipeline - INFO - Successfully merged 380 records
2025-08-31 21:41:29,596 - src.process_pipeline - INFO - Processing Italy/Serie A/2019
2025-08-31 21:41:29,666 - src.process_pipeline - INFO - Successfully merged 256 records with team statistics
2025-08-31 21:41:29,675 - src.process_pipeline - INFO - Saved merged data to data\processed\Italy\Serie A\2019\merged_2019.csv
2025-08-31 21:41:29,675 - src.process_pipeline - INFO - Successfully merged 256 records
2025-08-31 21:41:29,690 - src.process_pipeline - INFO - Processing Italy/Serie A/2020
2025-08-31 21:41:29,759 - src.process_pipeline - INFO - Successfully merged 380 records with team statistics
2025-08-31 21:41:29,770 - src.process_pipeline - INFO - Saved merged data to data\processed\Italy\Serie A\2020\merged_2020.csv
2025-08-31 21:41:29,771 - src.process_pipeline - INFO - Successfully merged 380 records
2025-08-31 21:41:29,789 - src.process_pipeline - INFO - Processing Italy/Serie A/2021
2025-08-31 21:41:29,861 - src.process_pipeline - INFO - Successfully merged 380 records with team statistics
2025-08-31 21:41:29,873 - src.process_pipeline - INFO - Saved merged data to data\processed\Italy\Serie A\2021\merged_2021.csv
2025-08-31 21:41:29,873 - src.process_pipeline - INFO - Successfully merged 380 records
2025-08-31 21:41:29,890 - src.process_pipeline - INFO - Processing Italy/Serie A/2022
2025-08-31 21:41:29,958 - src.process_pipeline - INFO - Successfully merged 370 records with team statistics
2025-08-31 21:41:29,968 - src.process_pipeline - INFO - Saved merged data to data\processed\Italy\Serie A\2022\merged_2022.csv
2025-08-31 21:41:29,969 - src.process_pipeline - INFO - Successfully merged 370 records
2025-08-31 21:41:29,985 - src.process_pipeline - INFO - Processing Italy/Serie A/2023
2025-08-31 21:41:30,061 - src.process_pipeline - INFO - Successfully merged 379 records with team statistics
2025-08-31 21:41:30,073 - src.process_pipeline - INFO - Saved merged data to data\processed\Italy\Serie A\2023\merged_2023.csv
2025-08-31 21:41:30,073 - src.process_pipeline - INFO - Successfully merged 379 records
2025-08-31 21:41:30,090 - src.process_pipeline - INFO - Processing Italy/Serie A/2024
2025-08-31 21:41:30,160 - src.process_pipeline - INFO - Successfully merged 380 records with team statistics
2025-08-31 21:41:30,178 - src.process_pipeline - INFO - Saved merged data to data\processed\Italy\Serie A\2024\merged_2024.csv
2025-08-31 21:41:30,178 - src.process_pipeline - INFO - Successfully merged 380 records
2025-08-31 21:41:30,195 - src.process_pipeline - INFO - Processing Italy/Serie A/2025
2025-08-31 21:41:30,252 - src.process_pipeline - INFO - Successfully merged 18 records with team statistics
2025-08-31 21:41:30,255 - src.process_pipeline - INFO - Saved merged data to data\processed\Italy\Serie A\2025\merged_2025.csv
2025-08-31 21:41:30,256 - src.process_pipeline - INFO - Successfully merged 18 records
2025-08-31 21:41:30,275 - src.process_pipeline - INFO - Processing Italy/Serie B/2017
2025-08-31 21:41:30,342 - src.process_pipeline - INFO - Successfully merged 464 records with team statistics
2025-08-31 21:41:30,357 - src.process_pipeline - INFO - Saved merged data to data\processed\Italy\Serie B\2017\merged_2017.csv
2025-08-31 21:41:30,358 - src.process_pipeline - INFO - Successfully merged 464 records
2025-08-31 21:41:30,377 - src.process_pipeline - INFO - Processing Italy/Serie B/2018
2025-08-31 21:41:30,377 - src.process_pipeline - WARNING - Missing fixtures file: data\extracted\Italy\Serie B\2018\fixture_events.csv
2025-08-31 21:41:30,378 - src.process_pipeline - INFO - Processing Italy/Serie B/2019
2025-08-31 21:41:30,446 - src.process_pipeline - INFO - Successfully merged 279 records with team statistics
2025-08-31 21:41:30,455 - src.process_pipeline - INFO - Saved merged data to data\processed\Italy\Serie B\2019\merged_2019.csv
2025-08-31 21:41:30,455 - src.process_pipeline - INFO - Successfully merged 279 records
2025-08-31 21:41:30,476 - src.process_pipeline - INFO - Processing Italy/Serie B/2020
2025-08-31 21:41:30,553 - src.process_pipeline - INFO - Successfully merged 388 records with team statistics
2025-08-31 21:41:30,567 - src.process_pipeline - INFO - Saved merged data to data\processed\Italy\Serie B\2020\merged_2020.csv
2025-08-31 21:41:30,568 - src.process_pipeline - INFO - Successfully merged 388 records
2025-08-31 21:41:30,590 - src.process_pipeline - INFO - Processing Italy/Serie B/2021
2025-08-31 21:41:30,663 - src.process_pipeline - INFO - Successfully merged 390 records with team statistics
2025-08-31 21:41:30,675 - src.process_pipeline - INFO - Saved merged data to data\processed\Italy\Serie B\2021\merged_2021.csv
2025-08-31 21:41:30,675 - src.process_pipeline - INFO - Successfully merged 390 records
2025-08-31 21:41:30,692 - src.process_pipeline - INFO - Processing Italy/Serie B/2022
2025-08-31 21:41:30,771 - src.process_pipeline - INFO - Successfully merged 385 records with team statistics
2025-08-31 21:41:30,782 - src.process_pipeline - INFO - Saved merged data to data\processed\Italy\Serie B\2022\merged_2022.csv
2025-08-31 21:41:30,782 - src.process_pipeline - INFO - Successfully merged 385 records
2025-08-31 21:41:30,800 - src.process_pipeline - INFO - Processing Italy/Serie B/2023
2025-08-31 21:41:30,871 - src.process_pipeline - INFO - Successfully merged 389 records with team statistics
2025-08-31 21:41:30,882 - src.process_pipeline - INFO - Saved merged data to data\processed\Italy\Serie B\2023\merged_2023.csv
2025-08-31 21:41:30,882 - src.process_pipeline - INFO - Successfully merged 389 records
2025-08-31 21:41:30,899 - src.process_pipeline - INFO - Processing Italy/Serie B/2024
2025-08-31 21:41:30,972 - src.process_pipeline - INFO - Successfully merged 387 records with team statistics
2025-08-31 21:41:30,984 - src.process_pipeline - INFO - Saved merged data to data\processed\Italy\Serie B\2024\merged_2024.csv
2025-08-31 21:41:30,984 - src.process_pipeline - INFO - Successfully merged 387 records
2025-08-31 21:41:31,008 - src.process_pipeline - INFO - Processing Italy/Serie B/2025
2025-08-31 21:41:31,008 - src.process_pipeline - WARNING - Missing fixtures file: data\extracted\Italy\Serie B\2025\fixture_events.csv
2025-08-31 21:41:31,009 - src.process_pipeline - INFO - Processing Spain/Copa del Rey/2018
2025-08-31 21:41:31,072 - src.process_pipeline - INFO - Successfully merged 71 records with team statistics
2025-08-31 21:41:31,076 - src.process_pipeline - INFO - Saved merged data to data\processed\Spain\Copa del Rey\2018\merged_2018.csv
2025-08-31 21:41:31,076 - src.process_pipeline - INFO - Successfully merged 71 records
2025-08-31 21:41:31,094 - src.process_pipeline - INFO - Processing Spain/Copa del Rey/2019
2025-08-31 21:41:31,173 - src.process_pipeline - INFO - Successfully merged 127 records with team statistics
2025-08-31 21:41:31,178 - src.process_pipeline - INFO - Saved merged data to data\processed\Spain\Copa del Rey\2019\merged_2019.csv
2025-08-31 21:41:31,178 - src.process_pipeline - INFO - Successfully merged 127 records
2025-08-31 21:41:31,196 - src.process_pipeline - INFO - Processing Spain/Copa del Rey/2020
2025-08-31 21:41:31,257 - src.process_pipeline - INFO - Successfully merged 127 records with team statistics
2025-08-31 21:41:31,264 - src.process_pipeline - INFO - Saved merged data to data\processed\Spain\Copa del Rey\2020\merged_2020.csv
2025-08-31 21:41:31,264 - src.process_pipeline - INFO - Successfully merged 127 records
2025-08-31 21:41:31,283 - src.process_pipeline - INFO - Processing Spain/Copa del Rey/2021
2025-08-31 21:41:31,345 - src.process_pipeline - INFO - Successfully merged 127 records with team statistics
2025-08-31 21:41:31,351 - src.process_pipeline - INFO - Saved merged data to data\processed\Spain\Copa del Rey\2021\merged_2021.csv
2025-08-31 21:41:31,351 - src.process_pipeline - INFO - Successfully merged 127 records
2025-08-31 21:41:31,368 - src.process_pipeline - INFO - Processing Spain/Copa del Rey/2022
2025-08-31 21:41:31,433 - src.process_pipeline - INFO - Successfully merged 125 records with team statistics
2025-08-31 21:41:31,441 - src.process_pipeline - INFO - Saved merged data to data\processed\Spain\Copa del Rey\2022\merged_2022.csv
2025-08-31 21:41:31,441 - src.process_pipeline - INFO - Successfully merged 125 records
2025-08-31 21:41:31,461 - src.process_pipeline - INFO - Processing Spain/Copa del Rey/2023
2025-08-31 21:41:31,533 - src.process_pipeline - INFO - Successfully merged 126 records with team statistics
2025-08-31 21:41:31,541 - src.process_pipeline - INFO - Saved merged data to data\processed\Spain\Copa del Rey\2023\merged_2023.csv
2025-08-31 21:41:31,541 - src.process_pipeline - INFO - Successfully merged 126 records
2025-08-31 21:41:31,560 - src.process_pipeline - INFO - Processing Spain/Copa del Rey/2024
2025-08-31 21:41:31,629 - src.process_pipeline - INFO - Successfully merged 126 records with team statistics
2025-08-31 21:41:31,635 - src.process_pipeline - INFO - Saved merged data to data\processed\Spain\Copa del Rey\2024\merged_2024.csv
2025-08-31 21:41:31,635 - src.process_pipeline - INFO - Successfully merged 126 records
2025-08-31 21:41:31,655 - src.process_pipeline - INFO - Processing Spain/La Liga/2020
2025-08-31 21:41:31,722 - src.process_pipeline - INFO - Successfully merged 380 records with team statistics
2025-08-31 21:41:31,733 - src.process_pipeline - INFO - Saved merged data to data\processed\Spain\La Liga\2020\merged_2020.csv
2025-08-31 21:41:31,734 - src.process_pipeline - INFO - Successfully merged 380 records
2025-08-31 21:41:31,755 - src.process_pipeline - INFO - Processing Spain/La Liga/2021
2025-08-31 21:41:31,823 - src.process_pipeline - INFO - Successfully merged 380 records with team statistics
2025-08-31 21:41:31,836 - src.process_pipeline - INFO - Saved merged data to data\processed\Spain\La Liga\2021\merged_2021.csv
2025-08-31 21:41:31,836 - src.process_pipeline - INFO - Successfully merged 380 records
2025-08-31 21:41:31,855 - src.process_pipeline - INFO - Processing Spain/La Liga/2022
2025-08-31 21:41:31,925 - src.process_pipeline - INFO - Successfully merged 370 records with team statistics
2025-08-31 21:41:31,936 - src.process_pipeline - INFO - Saved merged data to data\processed\Spain\La Liga\2022\merged_2022.csv
2025-08-31 21:41:31,936 - src.process_pipeline - INFO - Successfully merged 370 records
2025-08-31 21:41:31,955 - src.process_pipeline - INFO - Processing Spain/La Liga/2023
2025-08-31 21:41:32,018 - src.process_pipeline - INFO - Successfully merged 380 records with team statistics
2025-08-31 21:41:32,031 - src.process_pipeline - INFO - Saved merged data to data\processed\Spain\La Liga\2023\merged_2023.csv
2025-08-31 21:41:32,031 - src.process_pipeline - INFO - Successfully merged 380 records
2025-08-31 21:41:32,049 - src.process_pipeline - INFO - Processing Spain/La Liga/2024
2025-08-31 21:41:32,118 - src.process_pipeline - INFO - Successfully merged 380 records with team statistics
2025-08-31 21:41:32,130 - src.process_pipeline - INFO - Saved merged data to data\processed\Spain\La Liga\2024\merged_2024.csv
2025-08-31 21:41:32,130 - src.process_pipeline - INFO - Successfully merged 380 records
2025-08-31 21:41:32,151 - src.process_pipeline - INFO - Processing Spain/La Liga/2025
2025-08-31 21:41:32,216 - src.process_pipeline - INFO - Successfully merged 28 records with team statistics
2025-08-31 21:41:32,220 - src.process_pipeline - INFO - Saved merged data to data\processed\Spain\La Liga\2025\merged_2025.csv
2025-08-31 21:41:32,220 - src.process_pipeline - INFO - Successfully merged 28 records
2025-08-31 21:41:32,244 - src.process_pipeline - INFO - Processing Spain/Segunda Division/2017
2025-08-31 21:41:32,315 - src.process_pipeline - INFO - Successfully merged 468 records with team statistics
2025-08-31 21:41:32,334 - src.process_pipeline - INFO - Saved merged data to data\processed\Spain\Segunda Division\2017\merged_2017.csv
2025-08-31 21:41:32,334 - src.process_pipeline - INFO - Successfully merged 468 records
2025-08-31 21:41:32,353 - src.process_pipeline - INFO - Processing Spain/Segunda Division/2018
2025-08-31 21:41:32,419 - src.process_pipeline - INFO - Successfully merged 466 records with team statistics
2025-08-31 21:41:32,440 - src.process_pipeline - INFO - Saved merged data to data\processed\Spain\Segunda Division\2018\merged_2018.csv
2025-08-31 21:41:32,440 - src.process_pipeline - INFO - Successfully merged 466 records
2025-08-31 21:41:32,459 - src.process_pipeline - INFO - Processing Spain/Segunda Division/2019
2025-08-31 21:41:32,525 - src.process_pipeline - INFO - Successfully merged 398 records with team statistics
2025-08-31 21:41:32,539 - src.process_pipeline - INFO - Saved merged data to data\processed\Spain\Segunda Division\2019\merged_2019.csv
2025-08-31 21:41:32,539 - src.process_pipeline - INFO - Successfully merged 398 records
2025-08-31 21:41:32,557 - src.process_pipeline - INFO - Processing Spain/Segunda Division/2020
2025-08-31 21:41:32,633 - src.process_pipeline - INFO - Successfully merged 468 records with team statistics
2025-08-31 21:41:32,649 - src.process_pipeline - INFO - Saved merged data to data\processed\Spain\Segunda Division\2020\merged_2020.csv
2025-08-31 21:41:32,649 - src.process_pipeline - INFO - Successfully merged 468 records
2025-08-31 21:41:32,672 - src.process_pipeline - INFO - Processing Spain/Segunda Division/2021
2025-08-31 21:41:32,737 - src.process_pipeline - INFO - Successfully merged 468 records with team statistics
2025-08-31 21:41:32,753 - src.process_pipeline - INFO - Saved merged data to data\processed\Spain\Segunda Division\2021\merged_2021.csv
2025-08-31 21:41:32,753 - src.process_pipeline - INFO - Successfully merged 468 records
2025-08-31 21:41:32,777 - src.process_pipeline - INFO - Processing Spain/Segunda Division/2022
2025-08-31 21:41:32,848 - src.process_pipeline - INFO - Successfully merged 468 records with team statistics
2025-08-31 21:41:32,862 - src.process_pipeline - INFO - Saved merged data to data\processed\Spain\Segunda Division\2022\merged_2022.csv
2025-08-31 21:41:32,862 - src.process_pipeline - INFO - Successfully merged 468 records
2025-08-31 21:41:32,879 - src.process_pipeline - INFO - Processing Spain/Segunda Division/2023
2025-08-31 21:41:32,948 - src.process_pipeline - INFO - Successfully merged 468 records with team statistics
2025-08-31 21:41:32,965 - src.process_pipeline - INFO - Saved merged data to data\processed\Spain\Segunda Division\2023\merged_2023.csv
2025-08-31 21:41:32,965 - src.process_pipeline - INFO - Successfully merged 468 records
2025-08-31 21:41:32,984 - src.process_pipeline - INFO - Processing Spain/Segunda Division/2024
2025-08-31 21:41:33,055 - src.process_pipeline - INFO - Successfully merged 468 records with team statistics
2025-08-31 21:41:33,074 - src.process_pipeline - INFO - Saved merged data to data\processed\Spain\Segunda Division\2024\merged_2024.csv
2025-08-31 21:41:33,074 - src.process_pipeline - INFO - Successfully merged 468 records
2025-08-31 21:41:33,106 - src.process_pipeline - INFO - Processing Spain/Segunda Division/2025
2025-08-31 21:41:33,172 - src.process_pipeline - INFO - Successfully merged 11 records with team statistics
2025-08-31 21:41:33,174 - src.process_pipeline - INFO - Saved merged data to data\processed\Spain\Segunda Division\2025\merged_2025.csv
2025-08-31 21:41:33,174 - src.process_pipeline - INFO - Successfully merged 11 records
