2025-09-03 21:17:51,723 - src.process_pipeline - INFO - Logging initialized. Log file: logs/process\process_20250903_211751.log
2025-09-03 21:17:52,755 - src.process_pipeline - INFO - Loaded H2H data with 11835 team pairs
2025-09-03 21:17:52,766 - src.process_pipeline - INFO - Loaded standings data for 1964 teams
2025-09-03 21:17:52,867 - src.process_pipeline - INFO - Found 2 new fixtures in Europe/Champions League/2020
2025-09-03 21:17:52,968 - src.process_pipeline - INFO - Processing Europe/Champions League/2020
2025-09-03 21:17:52,975 - src.process_pipeline - WARNING - Missing odds file: data\extracted\Europe\Champions League\2020\odds.csv
2025-09-03 21:17:52,981 - src.process_pipeline - ERROR - No home or away data found after splitting
2025-09-03 21:17:52,981 - src.process_pipeline - ERROR - Error processing Europe/Champions League/2020: No home or away data found after splitting
2025-09-03 21:17:53,001 - src.process_pipeline - INFO - Processing Europe/Champions League/2021
2025-09-03 21:17:53,007 - src.process_pipeline - WARNING - Missing odds file: data\extracted\Europe\Champions League\2021\odds.csv
2025-09-03 21:17:53,009 - src.process_pipeline - INFO - No new fixtures in Europe/Champions League/2021
2025-09-03 21:17:53,010 - src.process_pipeline - INFO - Processing Europe/Champions League/2022
2025-09-03 21:17:53,018 - src.process_pipeline - WARNING - Missing odds file: data\extracted\Europe\Champions League\2022\odds.csv
2025-09-03 21:17:53,019 - src.process_pipeline - INFO - No new fixtures in Europe/Champions League/2022
2025-09-03 21:17:53,020 - src.process_pipeline - INFO - Processing Europe/Champions League/2023
2025-09-03 21:17:53,027 - src.process_pipeline - WARNING - Missing odds file: data\extracted\Europe\Champions League\2023\odds.csv
2025-09-03 21:17:53,029 - src.process_pipeline - INFO - No new fixtures in Europe/Champions League/2023
2025-09-03 21:17:53,029 - src.process_pipeline - INFO - Processing Europe/Champions League/2024
2025-09-03 21:17:53,038 - src.process_pipeline - WARNING - Missing odds file: data\extracted\Europe\Champions League\2024\odds.csv
2025-09-03 21:17:53,040 - src.process_pipeline - INFO - No new fixtures in Europe/Champions League/2024
2025-09-03 21:17:53,040 - src.process_pipeline - INFO - Processing Europe/Champions League/2025
2025-09-03 21:17:53,047 - src.process_pipeline - INFO - Odds data found for Europe/Champions League/2025
2025-09-03 21:17:53,049 - src.process_pipeline - INFO - No new fixtures in Europe/Champions League/2025
2025-09-03 21:17:53,050 - src.process_pipeline - INFO - Processing Europe/Conference League/2021
2025-09-03 21:17:53,059 - src.process_pipeline - WARNING - Missing odds file: data\extracted\Europe\Conference League\2021\odds.csv
2025-09-03 21:17:53,066 - src.process_pipeline - ERROR - No home or away data found after splitting
2025-09-03 21:17:53,066 - src.process_pipeline - ERROR - Error processing Europe/Conference League/2021: No home or away data found after splitting
2025-09-03 21:17:53,067 - src.process_pipeline - INFO - Processing Europe/Conference League/2022
2025-09-03 21:17:53,077 - src.process_pipeline - WARNING - Missing odds file: data\extracted\Europe\Conference League\2022\odds.csv
2025-09-03 21:17:53,079 - src.process_pipeline - INFO - No new fixtures in Europe/Conference League/2022
2025-09-03 21:17:53,079 - src.process_pipeline - INFO - Processing Europe/Conference League/2023
2025-09-03 21:17:53,089 - src.process_pipeline - WARNING - Missing odds file: data\extracted\Europe\Conference League\2023\odds.csv
2025-09-03 21:17:53,091 - src.process_pipeline - INFO - No new fixtures in Europe/Conference League/2023
2025-09-03 21:17:53,092 - src.process_pipeline - INFO - Processing Europe/Conference League/2024
2025-09-03 21:17:53,092 - src.process_pipeline - WARNING - Missing team stats file: data\extracted\Europe\Conference League\2024\team_statistics.csv
2025-09-03 21:17:53,092 - src.process_pipeline - INFO - Processing Europe/Conference League/2025
2025-09-03 21:17:53,100 - src.process_pipeline - INFO - Odds data found for Europe/Conference League/2025
2025-09-03 21:17:53,102 - src.process_pipeline - INFO - No new fixtures in Europe/Conference League/2025
2025-09-03 21:17:53,103 - src.process_pipeline - INFO - Processing Europe/Europa League/2020
2025-09-03 21:17:53,111 - src.process_pipeline - WARNING - Missing odds file: data\extracted\Europe\Europa League\2020\odds.csv
2025-09-03 21:17:53,117 - src.process_pipeline - ERROR - No home or away data found after splitting
2025-09-03 21:17:53,117 - src.process_pipeline - ERROR - Error processing Europe/Europa League/2020: No home or away data found after splitting
2025-09-03 21:17:53,118 - src.process_pipeline - INFO - Processing Europe/Europa League/2021
2025-09-03 21:17:53,125 - src.process_pipeline - WARNING - Missing odds file: data\extracted\Europe\Europa League\2021\odds.csv
2025-09-03 21:17:53,130 - src.process_pipeline - ERROR - No home or away data found after splitting
2025-09-03 21:17:53,130 - src.process_pipeline - ERROR - Error processing Europe/Europa League/2021: No home or away data found after splitting
2025-09-03 21:17:53,131 - src.process_pipeline - INFO - Processing Europe/Europa League/2022
2025-09-03 21:17:53,138 - src.process_pipeline - WARNING - Missing odds file: data\extracted\Europe\Europa League\2022\odds.csv
2025-09-03 21:17:53,140 - src.process_pipeline - INFO - No new fixtures in Europe/Europa League/2022
2025-09-03 21:17:53,140 - src.process_pipeline - INFO - Processing Europe/Europa League/2023
2025-09-03 21:17:53,147 - src.process_pipeline - WARNING - Missing odds file: data\extracted\Europe\Europa League\2023\odds.csv
2025-09-03 21:17:53,149 - src.process_pipeline - INFO - No new fixtures in Europe/Europa League/2023
2025-09-03 21:17:53,150 - src.process_pipeline - INFO - Processing Europe/Europa League/2024
2025-09-03 21:17:53,158 - src.process_pipeline - WARNING - Missing odds file: data\extracted\Europe\Europa League\2024\odds.csv
2025-09-03 21:17:53,160 - src.process_pipeline - INFO - No new fixtures in Europe/Europa League/2024
2025-09-03 21:17:53,160 - src.process_pipeline - INFO - Processing Europe/Europa League/2025
2025-09-03 21:17:53,167 - src.process_pipeline - INFO - Odds data found for Europe/Europa League/2025
2025-09-03 21:17:53,169 - src.process_pipeline - INFO - No new fixtures in Europe/Europa League/2025
2025-09-03 21:17:53,169 - src.process_pipeline - INFO - Processing Italy/Coppa Italia/2020
2025-09-03 21:17:53,174 - src.process_pipeline - WARNING - Missing odds file: data\extracted\Italy\Coppa Italia\2020\odds.csv
2025-09-03 21:17:53,184 - src.process_pipeline - INFO - Successfully merged 4 records with team statistics
2025-09-03 21:17:53,186 - src.process_pipeline - INFO - Saved merged data to data\processed\Italy\Coppa Italia\2020\merged_2020.csv
2025-09-03 21:17:53,186 - src.process_pipeline - INFO - Successfully merged 4 records
2025-09-03 21:17:53,187 - src.process_pipeline - INFO - Processing Italy/Coppa Italia/2021
2025-09-03 21:17:53,193 - src.process_pipeline - WARNING - Missing odds file: data\extracted\Italy\Coppa Italia\2021\odds.csv
2025-09-03 21:17:53,195 - src.process_pipeline - INFO - No new fixtures in Italy/Coppa Italia/2021
2025-09-03 21:17:53,195 - src.process_pipeline - INFO - Processing Italy/Coppa Italia/2022
2025-09-03 21:17:53,201 - src.process_pipeline - WARNING - Missing odds file: data\extracted\Italy\Coppa Italia\2022\odds.csv
2025-09-03 21:17:53,203 - src.process_pipeline - INFO - No new fixtures in Italy/Coppa Italia/2022
2025-09-03 21:17:53,203 - src.process_pipeline - INFO - Processing Italy/Coppa Italia/2023
2025-09-03 21:17:53,208 - src.process_pipeline - WARNING - Missing odds file: data\extracted\Italy\Coppa Italia\2023\odds.csv
2025-09-03 21:17:53,210 - src.process_pipeline - INFO - No new fixtures in Italy/Coppa Italia/2023
2025-09-03 21:17:53,211 - src.process_pipeline - INFO - Processing Italy/Coppa Italia/2024
2025-09-03 21:17:53,216 - src.process_pipeline - WARNING - Missing odds file: data\extracted\Italy\Coppa Italia\2024\odds.csv
2025-09-03 21:17:53,218 - src.process_pipeline - INFO - No new fixtures in Italy/Coppa Italia/2024
2025-09-03 21:17:53,219 - src.process_pipeline - INFO - Processing Italy/Coppa Italia/2025
2025-09-03 21:17:53,219 - src.process_pipeline - WARNING - Missing fixtures file: data\extracted\Italy\Coppa Italia\2025\fixture_events.csv
2025-09-03 21:17:53,219 - src.process_pipeline - INFO - Processing Italy/Serie A/2020
2025-09-03 21:17:53,228 - src.process_pipeline - WARNING - Missing odds file: data\extracted\Italy\Serie A\2020\odds.csv
2025-09-03 21:17:53,231 - src.process_pipeline - INFO - No new fixtures in Italy/Serie A/2020
2025-09-03 21:17:53,231 - src.process_pipeline - INFO - Processing Italy/Serie A/2021
2025-09-03 21:17:53,241 - src.process_pipeline - WARNING - Missing odds file: data\extracted\Italy\Serie A\2021\odds.csv
2025-09-03 21:17:53,243 - src.process_pipeline - INFO - No new fixtures in Italy/Serie A/2021
2025-09-03 21:17:53,244 - src.process_pipeline - INFO - Processing Italy/Serie A/2022
2025-09-03 21:17:53,254 - src.process_pipeline - WARNING - Missing odds file: data\extracted\Italy\Serie A\2022\odds.csv
2025-09-03 21:17:53,256 - src.process_pipeline - INFO - No new fixtures in Italy/Serie A/2022
2025-09-03 21:17:53,257 - src.process_pipeline - INFO - Processing Italy/Serie A/2023
2025-09-03 21:17:53,267 - src.process_pipeline - WARNING - Missing odds file: data\extracted\Italy\Serie A\2023\odds.csv
2025-09-03 21:17:53,269 - src.process_pipeline - INFO - No new fixtures in Italy/Serie A/2023
2025-09-03 21:17:53,270 - src.process_pipeline - INFO - Processing Italy/Serie A/2024
2025-09-03 21:17:53,280 - src.process_pipeline - WARNING - Missing odds file: data\extracted\Italy\Serie A\2024\odds.csv
2025-09-03 21:17:53,282 - src.process_pipeline - INFO - No new fixtures in Italy/Serie A/2024
2025-09-03 21:17:53,283 - src.process_pipeline - INFO - Processing Italy/Serie A/2025
2025-09-03 21:17:53,290 - src.process_pipeline - INFO - Odds data found for Italy/Serie A/2025
2025-09-03 21:17:53,292 - src.process_pipeline - INFO - No new fixtures in Italy/Serie A/2025
2025-09-03 21:17:53,293 - src.process_pipeline - INFO - Processing Italy/Serie B/2020
2025-09-03 21:17:53,306 - src.process_pipeline - WARNING - Missing odds file: data\extracted\Italy\Serie B\2020\odds.csv
2025-09-03 21:17:53,315 - src.process_pipeline - INFO - Successfully merged 2 records with team statistics
2025-09-03 21:17:53,317 - src.process_pipeline - INFO - Saved merged data to data\processed\Italy\Serie B\2020\merged_2020.csv
2025-09-03 21:17:53,317 - src.process_pipeline - INFO - Successfully merged 2 records
2025-09-03 21:17:53,320 - src.process_pipeline - INFO - Processing Italy/Serie B/2021
2025-09-03 21:17:53,331 - src.process_pipeline - WARNING - Missing odds file: data\extracted\Italy\Serie B\2021\odds.csv
2025-09-03 21:17:53,333 - src.process_pipeline - INFO - No new fixtures in Italy/Serie B/2021
2025-09-03 21:17:53,333 - src.process_pipeline - INFO - Processing Italy/Serie B/2022
2025-09-03 21:17:53,343 - src.process_pipeline - WARNING - Missing odds file: data\extracted\Italy\Serie B\2022\odds.csv
2025-09-03 21:17:53,346 - src.process_pipeline - INFO - No new fixtures in Italy/Serie B/2022
2025-09-03 21:17:53,346 - src.process_pipeline - INFO - Processing Italy/Serie B/2023
2025-09-03 21:17:53,357 - src.process_pipeline - WARNING - Missing odds file: data\extracted\Italy\Serie B\2023\odds.csv
2025-09-03 21:17:53,360 - src.process_pipeline - INFO - No new fixtures in Italy/Serie B/2023
2025-09-03 21:17:53,360 - src.process_pipeline - INFO - Processing Italy/Serie B/2024
2025-09-03 21:17:53,371 - src.process_pipeline - WARNING - Missing odds file: data\extracted\Italy\Serie B\2024\odds.csv
2025-09-03 21:17:53,374 - src.process_pipeline - INFO - No new fixtures in Italy/Serie B/2024
2025-09-03 21:17:53,374 - src.process_pipeline - INFO - Processing Italy/Serie B/2025
2025-09-03 21:17:53,374 - src.process_pipeline - WARNING - Missing fixtures file: data\extracted\Italy\Serie B\2025\fixture_events.csv
2025-09-03 21:17:53,375 - src.process_pipeline - INFO - Starting preprocessing and feature engineering
2025-09-03 21:17:53,375 - src.process_pipeline - INFO - Initial data shape: (6, 72)
2025-09-03 21:17:53,375 - src.process_pipeline - INFO - Cleaning data
2025-09-03 21:17:53,414 - src.process_pipeline - INFO - Adding competition info from league names
