2025-09-01 20:22:25,318 - src.process_pipeline - INFO - Logging initialized. Log file: logs/process\process_20250901_202225.log
2025-09-01 20:22:26,161 - src.process_pipeline - INFO - Loaded H2H data with 10532 team pairs
2025-09-01 20:22:26,169 - src.process_pipeline - INFO - Loaded standings data for 7622 teams
2025-09-01 20:22:26,988 - src.process_pipeline - INFO - Processing England/Championship/2017
2025-09-01 20:22:27,004 - src.process_pipeline - WARNING - Missing odds file: data\extracted\England\Championship\2017\odds.csv
2025-09-01 20:22:27,018 - src.process_pipeline - INFO - Successfully merged 557 records with team statistics
2025-09-01 20:22:27,042 - src.process_pipeline - INFO - Saved merged data to data\processed\England\Championship\2017\merged_2017.csv
2025-09-01 20:22:27,043 - src.process_pipeline - INFO - Successfully merged 557 records
2025-09-01 20:22:27,044 - src.process_pipeline - INFO - Processing England/Championship/2018
2025-09-01 20:22:27,062 - src.process_pipeline - WARNING - Missing odds file: data\extracted\England\Championship\2018\odds.csv
2025-09-01 20:22:27,071 - src.process_pipeline - INFO - Successfully merged 557 records with team statistics
2025-09-01 20:22:27,094 - src.process_pipeline - INFO - Saved merged data to data\processed\England\Championship\2018\merged_2018.csv
2025-09-01 20:22:27,094 - src.process_pipeline - INFO - Successfully merged 557 records
2025-09-01 20:22:27,097 - src.process_pipeline - INFO - Processing England/Championship/2019
2025-09-01 20:22:27,110 - src.process_pipeline - WARNING - Missing odds file: data\extracted\England\Championship\2019\odds.csv
2025-09-01 20:22:27,118 - src.process_pipeline - INFO - Successfully merged 444 records with team statistics
2025-09-01 20:22:27,132 - src.process_pipeline - INFO - Saved merged data to data\processed\England\Championship\2019\merged_2019.csv
2025-09-01 20:22:27,132 - src.process_pipeline - INFO - Successfully merged 444 records
2025-09-01 20:22:27,135 - src.process_pipeline - INFO - Processing England/Championship/2020
2025-09-01 20:22:27,149 - src.process_pipeline - WARNING - Missing odds file: data\extracted\England\Championship\2020\odds.csv
2025-09-01 20:22:27,157 - src.process_pipeline - INFO - Successfully merged 557 records with team statistics
2025-09-01 20:22:27,174 - src.process_pipeline - INFO - Saved merged data to data\processed\England\Championship\2020\merged_2020.csv
2025-09-01 20:22:27,174 - src.process_pipeline - INFO - Successfully merged 557 records
2025-09-01 20:22:27,177 - src.process_pipeline - INFO - Processing England/Championship/2021
2025-09-01 20:22:27,193 - src.process_pipeline - WARNING - Missing odds file: data\extracted\England\Championship\2021\odds.csv
2025-09-01 20:22:27,204 - src.process_pipeline - INFO - Successfully merged 557 records with team statistics
2025-09-01 20:22:27,223 - src.process_pipeline - INFO - Saved merged data to data\processed\England\Championship\2021\merged_2021.csv
2025-09-01 20:22:27,223 - src.process_pipeline - INFO - Successfully merged 557 records
2025-09-01 20:22:27,226 - src.process_pipeline - INFO - Processing England/Championship/2022
2025-09-01 20:22:27,243 - src.process_pipeline - WARNING - Missing odds file: data\extracted\England\Championship\2022\odds.csv
2025-09-01 20:22:27,252 - src.process_pipeline - INFO - Successfully merged 546 records with team statistics
2025-09-01 20:22:27,268 - src.process_pipeline - INFO - Saved merged data to data\processed\England\Championship\2022\merged_2022.csv
2025-09-01 20:22:27,268 - src.process_pipeline - INFO - Successfully merged 546 records
2025-09-01 20:22:27,271 - src.process_pipeline - INFO - Processing England/Championship/2023
2025-09-01 20:22:27,287 - src.process_pipeline - WARNING - Missing odds file: data\extracted\England\Championship\2023\odds.csv
2025-09-01 20:22:27,295 - src.process_pipeline - INFO - Successfully merged 557 records with team statistics
2025-09-01 20:22:27,317 - src.process_pipeline - INFO - Saved merged data to data\processed\England\Championship\2023\merged_2023.csv
2025-09-01 20:22:27,317 - src.process_pipeline - INFO - Successfully merged 557 records
2025-09-01 20:22:27,322 - src.process_pipeline - INFO - Processing England/Championship/2024
2025-09-01 20:22:27,342 - src.process_pipeline - WARNING - Missing odds file: data\extracted\England\Championship\2024\odds.csv
2025-09-01 20:22:27,354 - src.process_pipeline - INFO - Successfully merged 557 records with team statistics
2025-09-01 20:22:27,372 - src.process_pipeline - INFO - Saved merged data to data\processed\England\Championship\2024\merged_2024.csv
2025-09-01 20:22:27,372 - src.process_pipeline - INFO - Successfully merged 557 records
2025-09-01 20:22:27,375 - src.process_pipeline - INFO - Processing England/Championship/2025
2025-09-01 20:22:27,413 - src.process_pipeline - INFO - Odds data found for England/Championship/2025
2025-09-01 20:22:27,451 - src.process_pipeline - INFO - Added odds data for 12 fixtures
2025-09-01 20:22:27,451 - src.process_pipeline - INFO - Successfully merged 24 records with team statistics
2025-09-01 20:22:27,454 - src.process_pipeline - INFO - Saved merged data to data\processed\England\Championship\2025\merged_2025.csv
2025-09-01 20:22:27,454 - src.process_pipeline - INFO - Successfully merged 24 records
2025-09-01 20:22:27,458 - src.process_pipeline - INFO - Processing England/EFL Trophy/2021
2025-09-01 20:22:27,470 - src.process_pipeline - WARNING - Missing odds file: data\extracted\England\EFL Trophy\2021\odds.csv
2025-09-01 20:22:27,482 - src.process_pipeline - INFO - Successfully merged 127 records with team statistics
2025-09-01 20:22:27,489 - src.process_pipeline - INFO - Saved merged data to data\processed\England\EFL Trophy\2021\merged_2021.csv
2025-09-01 20:22:27,489 - src.process_pipeline - INFO - Successfully merged 127 records
2025-09-01 20:22:27,496 - src.process_pipeline - INFO - Processing England/EFL Trophy/2022
2025-09-01 20:22:27,505 - src.process_pipeline - WARNING - Missing odds file: data\extracted\England\EFL Trophy\2022\odds.csv
2025-09-01 20:22:27,516 - src.process_pipeline - INFO - Successfully merged 127 records with team statistics
2025-09-01 20:22:27,522 - src.process_pipeline - INFO - Saved merged data to data\processed\England\EFL Trophy\2022\merged_2022.csv
2025-09-01 20:22:27,522 - src.process_pipeline - INFO - Successfully merged 127 records
2025-09-01 20:22:27,526 - src.process_pipeline - INFO - Processing England/EFL Trophy/2023
2025-09-01 20:22:27,535 - src.process_pipeline - WARNING - Missing odds file: data\extracted\England\EFL Trophy\2023\odds.csv
2025-09-01 20:22:27,545 - src.process_pipeline - INFO - Successfully merged 127 records with team statistics
2025-09-01 20:22:27,551 - src.process_pipeline - INFO - Saved merged data to data\processed\England\EFL Trophy\2023\merged_2023.csv
2025-09-01 20:22:27,551 - src.process_pipeline - INFO - Successfully merged 127 records
2025-09-01 20:22:27,557 - src.process_pipeline - INFO - Processing England/EFL Trophy/2024
2025-09-01 20:22:27,566 - src.process_pipeline - WARNING - Missing odds file: data\extracted\England\EFL Trophy\2024\odds.csv
2025-09-01 20:22:27,577 - src.process_pipeline - INFO - Successfully merged 127 records with team statistics
2025-09-01 20:22:27,586 - src.process_pipeline - INFO - Saved merged data to data\processed\England\EFL Trophy\2024\merged_2024.csv
2025-09-01 20:22:27,586 - src.process_pipeline - INFO - Successfully merged 127 records
2025-09-01 20:22:27,590 - src.process_pipeline - INFO - Processing England/FA Cup/2018
2025-09-01 20:22:27,599 - src.process_pipeline - WARNING - Missing odds file: data\extracted\England\FA Cup\2018\odds.csv
2025-09-01 20:22:27,607 - src.process_pipeline - INFO - Successfully merged 150 records with team statistics
2025-09-01 20:22:27,616 - src.process_pipeline - INFO - Saved merged data to data\processed\England\FA Cup\2018\merged_2018.csv
2025-09-01 20:22:27,616 - src.process_pipeline - INFO - Successfully merged 150 records
2025-09-01 20:22:27,621 - src.process_pipeline - INFO - Processing England/FA Cup/2019
2025-09-01 20:22:27,630 - src.process_pipeline - WARNING - Missing odds file: data\extracted\England\FA Cup\2019\odds.csv
2025-09-01 20:22:27,638 - src.process_pipeline - INFO - Successfully merged 149 records with team statistics
2025-09-01 20:22:27,645 - src.process_pipeline - INFO - Saved merged data to data\processed\England\FA Cup\2019\merged_2019.csv
2025-09-01 20:22:27,645 - src.process_pipeline - INFO - Successfully merged 149 records
2025-09-01 20:22:27,649 - src.process_pipeline - INFO - Processing England/FA Cup/2020
2025-09-01 20:22:27,657 - src.process_pipeline - WARNING - Missing odds file: data\extracted\England\FA Cup\2020\odds.csv
2025-09-01 20:22:27,665 - src.process_pipeline - INFO - Successfully merged 124 records with team statistics
2025-09-01 20:22:27,670 - src.process_pipeline - INFO - Saved merged data to data\processed\England\FA Cup\2020\merged_2020.csv
2025-09-01 20:22:27,671 - src.process_pipeline - INFO - Successfully merged 124 records
2025-09-01 20:22:27,674 - src.process_pipeline - INFO - Processing England/FA Cup/2021
2025-09-01 20:22:27,682 - src.process_pipeline - WARNING - Missing odds file: data\extracted\England\FA Cup\2021\odds.csv
2025-09-01 20:22:27,690 - src.process_pipeline - INFO - Successfully merged 136 records with team statistics
2025-09-01 20:22:27,695 - src.process_pipeline - INFO - Saved merged data to data\processed\England\FA Cup\2021\merged_2021.csv
2025-09-01 20:22:27,696 - src.process_pipeline - INFO - Successfully merged 136 records
2025-09-01 20:22:27,700 - src.process_pipeline - INFO - Processing England/FA Cup/2022
2025-09-01 20:22:27,708 - src.process_pipeline - WARNING - Missing odds file: data\extracted\England\FA Cup\2022\odds.csv
2025-09-01 20:22:27,717 - src.process_pipeline - INFO - Successfully merged 143 records with team statistics
2025-09-01 20:22:27,723 - src.process_pipeline - INFO - Saved merged data to data\processed\England\FA Cup\2022\merged_2022.csv
2025-09-01 20:22:27,723 - src.process_pipeline - INFO - Successfully merged 143 records
2025-09-01 20:22:27,727 - src.process_pipeline - INFO - Processing England/FA Cup/2023
2025-09-01 20:22:27,736 - src.process_pipeline - WARNING - Missing odds file: data\extracted\England\FA Cup\2023\odds.csv
2025-09-01 20:22:27,744 - src.process_pipeline - INFO - Successfully merged 149 records with team statistics
2025-09-01 20:22:27,751 - src.process_pipeline - INFO - Saved merged data to data\processed\England\FA Cup\2023\merged_2023.csv
2025-09-01 20:22:27,751 - src.process_pipeline - INFO - Successfully merged 149 records
2025-09-01 20:22:27,755 - src.process_pipeline - INFO - Processing England/FA Cup/2024
2025-09-01 20:22:27,764 - src.process_pipeline - WARNING - Missing odds file: data\extracted\England\FA Cup\2024\odds.csv
2025-09-01 20:22:27,772 - src.process_pipeline - INFO - Successfully merged 123 records with team statistics
2025-09-01 20:22:27,780 - src.process_pipeline - INFO - Saved merged data to data\processed\England\FA Cup\2024\merged_2024.csv
2025-09-01 20:22:27,780 - src.process_pipeline - INFO - Successfully merged 123 records
2025-09-01 20:22:27,785 - src.process_pipeline - INFO - Processing England/FA Trophy/2023
2025-09-01 20:22:27,786 - src.process_pipeline - WARNING - Missing team stats file: data\extracted\England\FA Trophy\2023\team_statistics.csv
2025-09-01 20:22:27,787 - src.process_pipeline - INFO - Processing England/FA Trophy/2024
2025-09-01 20:22:27,787 - src.process_pipeline - WARNING - Missing fixtures file: data\extracted\England\FA Trophy\2024\fixture_events.csv
2025-09-01 20:22:27,787 - src.process_pipeline - INFO - Processing England/Premier League/2018
2025-09-01 20:22:27,800 - src.process_pipeline - WARNING - Missing odds file: data\extracted\England\Premier League\2018\odds.csv
2025-09-01 20:22:27,808 - src.process_pipeline - INFO - Successfully merged 380 records with team statistics
2025-09-01 20:22:27,820 - src.process_pipeline - INFO - Saved merged data to data\processed\England\Premier League\2018\merged_2018.csv
2025-09-01 20:22:27,820 - src.process_pipeline - INFO - Successfully merged 380 records
2025-09-01 20:22:27,824 - src.process_pipeline - INFO - Processing England/Premier League/2019
2025-09-01 20:22:27,834 - src.process_pipeline - WARNING - Missing odds file: data\extracted\England\Premier League\2019\odds.csv
2025-09-01 20:22:27,842 - src.process_pipeline - INFO - Successfully merged 288 records with team statistics
2025-09-01 20:22:27,852 - src.process_pipeline - INFO - Saved merged data to data\processed\England\Premier League\2019\merged_2019.csv
2025-09-01 20:22:27,852 - src.process_pipeline - INFO - Successfully merged 288 records
2025-09-01 20:22:27,857 - src.process_pipeline - INFO - Processing England/Premier League/2020
2025-09-01 20:22:27,867 - src.process_pipeline - WARNING - Missing odds file: data\extracted\England\Premier League\2020\odds.csv
2025-09-01 20:22:27,875 - src.process_pipeline - INFO - Successfully merged 380 records with team statistics
2025-09-01 20:22:27,887 - src.process_pipeline - INFO - Saved merged data to data\processed\England\Premier League\2020\merged_2020.csv
2025-09-01 20:22:27,887 - src.process_pipeline - INFO - Successfully merged 380 records
2025-09-01 20:22:27,891 - src.process_pipeline - INFO - Processing England/Premier League/2021
2025-09-01 20:22:27,904 - src.process_pipeline - WARNING - Missing odds file: data\extracted\England\Premier League\2021\odds.csv
2025-09-01 20:22:27,912 - src.process_pipeline - INFO - Successfully merged 380 records with team statistics
2025-09-01 20:22:27,923 - src.process_pipeline - INFO - Saved merged data to data\processed\England\Premier League\2021\merged_2021.csv
2025-09-01 20:22:27,923 - src.process_pipeline - INFO - Successfully merged 380 records
2025-09-01 20:22:27,929 - src.process_pipeline - INFO - Processing England/Premier League/2022
2025-09-01 20:22:27,941 - src.process_pipeline - WARNING - Missing odds file: data\extracted\England\Premier League\2022\odds.csv
2025-09-01 20:22:27,951 - src.process_pipeline - INFO - Successfully merged 380 records with team statistics
2025-09-01 20:22:27,963 - src.process_pipeline - INFO - Saved merged data to data\processed\England\Premier League\2022\merged_2022.csv
2025-09-01 20:22:27,964 - src.process_pipeline - INFO - Successfully merged 380 records
2025-09-01 20:22:27,970 - src.process_pipeline - INFO - Processing England/Premier League/2023
2025-09-01 20:22:27,983 - src.process_pipeline - WARNING - Missing odds file: data\extracted\England\Premier League\2023\odds.csv
2025-09-01 20:22:27,992 - src.process_pipeline - INFO - Successfully merged 380 records with team statistics
2025-09-01 20:22:28,006 - src.process_pipeline - INFO - Saved merged data to data\processed\England\Premier League\2023\merged_2023.csv
2025-09-01 20:22:28,006 - src.process_pipeline - INFO - Successfully merged 380 records
2025-09-01 20:22:28,014 - src.process_pipeline - INFO - Processing England/Premier League/2024
2025-09-01 20:22:28,030 - src.process_pipeline - WARNING - Missing odds file: data\extracted\England\Premier League\2024\odds.csv
2025-09-01 20:22:28,041 - src.process_pipeline - INFO - Successfully merged 380 records with team statistics
2025-09-01 20:22:28,055 - src.process_pipeline - INFO - Saved merged data to data\processed\England\Premier League\2024\merged_2024.csv
2025-09-01 20:22:28,055 - src.process_pipeline - INFO - Successfully merged 380 records
2025-09-01 20:22:28,061 - src.process_pipeline - INFO - Processing England/Premier League/2025
2025-09-01 20:22:28,086 - src.process_pipeline - INFO - Odds data found for England/Premier League/2025
2025-09-01 20:22:28,139 - src.process_pipeline - INFO - Added odds data for 29 fixtures
2025-09-01 20:22:28,139 - src.process_pipeline - INFO - Successfully merged 30 records with team statistics
2025-09-01 20:22:28,142 - src.process_pipeline - INFO - Saved merged data to data\processed\England\Premier League\2025\merged_2025.csv
2025-09-01 20:22:28,142 - src.process_pipeline - INFO - Successfully merged 30 records
2025-09-01 20:22:28,148 - src.process_pipeline - INFO - Processing Europe/Champions League/2018
2025-09-01 20:22:28,158 - src.process_pipeline - WARNING - Missing odds file: data\extracted\Europe\Champions League\2018\odds.csv
2025-09-01 20:22:28,167 - src.process_pipeline - INFO - Successfully merged 166 records with team statistics
2025-09-01 20:22:28,174 - src.process_pipeline - INFO - Saved merged data to data\processed\Europe\Champions League\2018\merged_2018.csv
2025-09-01 20:22:28,174 - src.process_pipeline - INFO - Successfully merged 166 records
2025-09-01 20:22:28,181 - src.process_pipeline - INFO - Processing Europe/Champions League/2019
2025-09-01 20:22:28,190 - src.process_pipeline - WARNING - Missing odds file: data\extracted\Europe\Champions League\2019\odds.csv
2025-09-01 20:22:28,200 - src.process_pipeline - INFO - Successfully merged 140 records with team statistics
2025-09-01 20:22:28,207 - src.process_pipeline - INFO - Saved merged data to data\processed\Europe\Champions League\2019\merged_2019.csv
2025-09-01 20:22:28,207 - src.process_pipeline - INFO - Successfully merged 140 records
2025-09-01 20:22:28,213 - src.process_pipeline - INFO - Processing Europe/Champions League/2020
2025-09-01 20:22:28,223 - src.process_pipeline - WARNING - Missing odds file: data\extracted\Europe\Champions League\2020\odds.csv
2025-09-01 20:22:28,233 - src.process_pipeline - INFO - Successfully merged 178 records with team statistics
2025-09-01 20:22:28,242 - src.process_pipeline - INFO - Saved merged data to data\processed\Europe\Champions League\2020\merged_2020.csv
2025-09-01 20:22:28,242 - src.process_pipeline - INFO - Successfully merged 178 records
2025-09-01 20:22:28,249 - src.process_pipeline - INFO - Processing Europe/Champions League/2021
2025-09-01 20:22:28,258 - src.process_pipeline - WARNING - Missing odds file: data\extracted\Europe\Champions League\2021\odds.csv
2025-09-01 20:22:28,266 - src.process_pipeline - INFO - Successfully merged 157 records with team statistics
2025-09-01 20:22:28,273 - src.process_pipeline - INFO - Saved merged data to data\processed\Europe\Champions League\2021\merged_2021.csv
2025-09-01 20:22:28,273 - src.process_pipeline - INFO - Successfully merged 157 records
2025-09-01 20:22:28,282 - src.process_pipeline - INFO - Processing Europe/Champions League/2022
2025-09-01 20:22:28,292 - src.process_pipeline - WARNING - Missing odds file: data\extracted\Europe\Champions League\2022\odds.csv
2025-09-01 20:22:28,304 - src.process_pipeline - INFO - Successfully merged 210 records with team statistics
2025-09-01 20:22:28,314 - src.process_pipeline - INFO - Saved merged data to data\processed\Europe\Champions League\2022\merged_2022.csv
2025-09-01 20:22:28,314 - src.process_pipeline - INFO - Successfully merged 210 records
2025-09-01 20:22:28,321 - src.process_pipeline - INFO - Processing Europe/Champions League/2023
2025-09-01 20:22:28,332 - src.process_pipeline - WARNING - Missing odds file: data\extracted\Europe\Champions League\2023\odds.csv
2025-09-01 20:22:28,340 - src.process_pipeline - INFO - Successfully merged 211 records with team statistics
2025-09-01 20:22:28,350 - src.process_pipeline - INFO - Saved merged data to data\processed\Europe\Champions League\2023\merged_2023.csv
2025-09-01 20:22:28,350 - src.process_pipeline - INFO - Successfully merged 211 records
2025-09-01 20:22:28,357 - src.process_pipeline - INFO - Processing Europe/Champions League/2024
2025-09-01 20:22:28,368 - src.process_pipeline - WARNING - Missing odds file: data\extracted\Europe\Champions League\2024\odds.csv
2025-09-01 20:22:28,377 - src.process_pipeline - INFO - Successfully merged 279 records with team statistics
2025-09-01 20:22:28,389 - src.process_pipeline - INFO - Saved merged data to data\processed\Europe\Champions League\2024\merged_2024.csv
2025-09-01 20:22:28,389 - src.process_pipeline - INFO - Successfully merged 279 records
2025-09-01 20:22:28,399 - src.process_pipeline - INFO - Processing Europe/Champions League/2025
2025-09-01 20:22:28,427 - src.process_pipeline - INFO - Odds data found for Europe/Champions League/2025
2025-09-01 20:22:28,453 - src.process_pipeline - INFO - Added odds data for 7 fixtures
2025-09-01 20:22:28,453 - src.process_pipeline - INFO - Successfully merged 30 records with team statistics
2025-09-01 20:22:28,457 - src.process_pipeline - INFO - Saved merged data to data\processed\Europe\Champions League\2025\merged_2025.csv
2025-09-01 20:22:28,457 - src.process_pipeline - INFO - Successfully merged 30 records
2025-09-01 20:22:28,465 - src.process_pipeline - INFO - Processing Europe/Conference League/2021
2025-09-01 20:22:28,477 - src.process_pipeline - WARNING - Missing odds file: data\extracted\Europe\Conference League\2021\odds.csv
2025-09-01 20:22:28,485 - src.process_pipeline - INFO - Successfully merged 423 records with team statistics
2025-09-01 20:22:28,499 - src.process_pipeline - INFO - Saved merged data to data\processed\Europe\Conference League\2021\merged_2021.csv
2025-09-01 20:22:28,499 - src.process_pipeline - INFO - Successfully merged 423 records
2025-09-01 20:22:28,506 - src.process_pipeline - INFO - Processing Europe/Conference League/2022
2025-09-01 20:22:28,518 - src.process_pipeline - WARNING - Missing odds file: data\extracted\Europe\Conference League\2022\odds.csv
2025-09-01 20:22:28,527 - src.process_pipeline - INFO - Successfully merged 414 records with team statistics
2025-09-01 20:22:28,542 - src.process_pipeline - INFO - Saved merged data to data\processed\Europe\Conference League\2022\merged_2022.csv
2025-09-01 20:22:28,542 - src.process_pipeline - INFO - Successfully merged 414 records
2025-09-01 20:22:28,551 - src.process_pipeline - INFO - Processing Europe/Conference League/2023
2025-09-01 20:22:28,564 - src.process_pipeline - WARNING - Missing odds file: data\extracted\Europe\Conference League\2023\odds.csv
2025-09-01 20:22:28,573 - src.process_pipeline - INFO - Successfully merged 417 records with team statistics
2025-09-01 20:22:28,589 - src.process_pipeline - INFO - Saved merged data to data\processed\Europe\Conference League\2023\merged_2023.csv
2025-09-01 20:22:28,590 - src.process_pipeline - INFO - Successfully merged 417 records
2025-09-01 20:22:28,598 - src.process_pipeline - INFO - Processing Europe/Conference League/2024
2025-09-01 20:22:28,599 - src.process_pipeline - WARNING - Missing team stats file: data\extracted\Europe\Conference League\2024\team_statistics.csv
2025-09-01 20:22:28,599 - src.process_pipeline - INFO - Processing Europe/Conference League/2025
2025-09-01 20:22:28,625 - src.process_pipeline - INFO - Odds data found for Europe/Conference League/2025
2025-09-01 20:22:28,682 - src.process_pipeline - INFO - Added odds data for 24 fixtures
2025-09-01 20:22:28,682 - src.process_pipeline - INFO - Successfully merged 84 records with team statistics
2025-09-01 20:22:28,687 - src.process_pipeline - INFO - Saved merged data to data\processed\Europe\Conference League\2025\merged_2025.csv
2025-09-01 20:22:28,687 - src.process_pipeline - INFO - Successfully merged 84 records
2025-09-01 20:22:28,696 - src.process_pipeline - INFO - Processing Europe/Europa League/2018
2025-09-01 20:22:28,707 - src.process_pipeline - WARNING - Missing odds file: data\extracted\Europe\Europa League\2018\odds.csv
2025-09-01 20:22:28,715 - src.process_pipeline - INFO - Successfully merged 364 records with team statistics
2025-09-01 20:22:28,729 - src.process_pipeline - INFO - Saved merged data to data\processed\Europe\Europa League\2018\merged_2018.csv
2025-09-01 20:22:28,730 - src.process_pipeline - INFO - Successfully merged 364 records
2025-09-01 20:22:28,737 - src.process_pipeline - INFO - Processing Europe/Europa League/2019
2025-09-01 20:22:28,749 - src.process_pipeline - WARNING - Missing odds file: data\extracted\Europe\Europa League\2019\odds.csv
2025-09-01 20:22:28,758 - src.process_pipeline - INFO - Successfully merged 337 records with team statistics
2025-09-01 20:22:28,771 - src.process_pipeline - INFO - Saved merged data to data\processed\Europe\Europa League\2019\merged_2019.csv
2025-09-01 20:22:28,771 - src.process_pipeline - INFO - Successfully merged 337 records
2025-09-01 20:22:28,779 - src.process_pipeline - INFO - Processing Europe/Europa League/2020
2025-09-01 20:22:28,790 - src.process_pipeline - WARNING - Missing odds file: data\extracted\Europe\Europa League\2020\odds.csv
2025-09-01 20:22:28,798 - src.process_pipeline - INFO - Successfully merged 362 records with team statistics
2025-09-01 20:22:28,811 - src.process_pipeline - INFO - Saved merged data to data\processed\Europe\Europa League\2020\merged_2020.csv
2025-09-01 20:22:28,811 - src.process_pipeline - INFO - Successfully merged 362 records
2025-09-01 20:22:28,818 - src.process_pipeline - INFO - Processing Europe/Europa League/2021
2025-09-01 20:22:28,827 - src.process_pipeline - WARNING - Missing odds file: data\extracted\Europe\Europa League\2021\odds.csv
2025-09-01 20:22:28,835 - src.process_pipeline - INFO - Successfully merged 177 records with team statistics
2025-09-01 20:22:28,844 - src.process_pipeline - INFO - Saved merged data to data\processed\Europe\Europa League\2021\merged_2021.csv
2025-09-01 20:22:28,844 - src.process_pipeline - INFO - Successfully merged 177 records
2025-09-01 20:22:28,853 - src.process_pipeline - INFO - Processing Europe/Europa League/2022
2025-09-01 20:22:28,863 - src.process_pipeline - WARNING - Missing odds file: data\extracted\Europe\Europa League\2022\odds.csv
2025-09-01 20:22:28,872 - src.process_pipeline - INFO - Successfully merged 175 records with team statistics
2025-09-01 20:22:28,879 - src.process_pipeline - INFO - Saved merged data to data\processed\Europe\Europa League\2022\merged_2022.csv
2025-09-01 20:22:28,880 - src.process_pipeline - INFO - Successfully merged 175 records
2025-09-01 20:22:28,889 - src.process_pipeline - INFO - Processing Europe/Europa League/2023
2025-09-01 20:22:28,898 - src.process_pipeline - WARNING - Missing odds file: data\extracted\Europe\Europa League\2023\odds.csv
2025-09-01 20:22:28,905 - src.process_pipeline - INFO - Successfully merged 175 records with team statistics
2025-09-01 20:22:28,913 - src.process_pipeline - INFO - Saved merged data to data\processed\Europe\Europa League\2023\merged_2023.csv
2025-09-01 20:22:28,913 - src.process_pipeline - INFO - Successfully merged 175 records
2025-09-01 20:22:28,921 - src.process_pipeline - INFO - Processing Europe/Europa League/2024
2025-09-01 20:22:28,932 - src.process_pipeline - WARNING - Missing odds file: data\extracted\Europe\Europa League\2024\odds.csv
2025-09-01 20:22:28,940 - src.process_pipeline - INFO - Successfully merged 269 records with team statistics
2025-09-01 20:22:28,951 - src.process_pipeline - INFO - Saved merged data to data\processed\Europe\Europa League\2024\merged_2024.csv
2025-09-01 20:22:28,951 - src.process_pipeline - INFO - Successfully merged 269 records
2025-09-01 20:22:28,958 - src.process_pipeline - INFO - Processing Europe/Europa League/2025
2025-09-01 20:22:28,983 - src.process_pipeline - INFO - Odds data found for Europe/Europa League/2025
2025-09-01 20:22:29,015 - src.process_pipeline - INFO - Added odds data for 12 fixtures
2025-09-01 20:22:29,015 - src.process_pipeline - INFO - Successfully merged 38 records with team statistics
2025-09-01 20:22:29,018 - src.process_pipeline - INFO - Saved merged data to data\processed\Europe\Europa League\2025\merged_2025.csv
2025-09-01 20:22:29,018 - src.process_pipeline - INFO - Successfully merged 38 records
2025-09-01 20:22:29,025 - src.process_pipeline - INFO - Processing France/Coupe de France/2018
2025-09-01 20:22:29,034 - src.process_pipeline - WARNING - Missing odds file: data\extracted\France\Coupe de France\2018\odds.csv
2025-09-01 20:22:29,042 - src.process_pipeline - INFO - Successfully merged 195 records with team statistics
2025-09-01 20:22:29,049 - src.process_pipeline - INFO - Saved merged data to data\processed\France\Coupe de France\2018\merged_2018.csv
2025-09-01 20:22:29,049 - src.process_pipeline - INFO - Successfully merged 195 records
2025-09-01 20:22:29,057 - src.process_pipeline - INFO - Processing France/Coupe de France/2019
2025-09-01 20:22:29,066 - src.process_pipeline - WARNING - Missing odds file: data\extracted\France\Coupe de France\2019\odds.csv
2025-09-01 20:22:29,074 - src.process_pipeline - INFO - Successfully merged 194 records with team statistics
2025-09-01 20:22:29,081 - src.process_pipeline - INFO - Saved merged data to data\processed\France\Coupe de France\2019\merged_2019.csv
2025-09-01 20:22:29,081 - src.process_pipeline - INFO - Successfully merged 194 records
2025-09-01 20:22:29,089 - src.process_pipeline - INFO - Processing France/Coupe de France/2020
2025-09-01 20:22:29,099 - src.process_pipeline - WARNING - Missing odds file: data\extracted\France\Coupe de France\2020\odds.csv
2025-09-01 20:22:29,106 - src.process_pipeline - INFO - Successfully merged 170 records with team statistics
2025-09-01 20:22:29,113 - src.process_pipeline - INFO - Saved merged data to data\processed\France\Coupe de France\2020\merged_2020.csv
2025-09-01 20:22:29,113 - src.process_pipeline - INFO - Successfully merged 170 records
2025-09-01 20:22:29,121 - src.process_pipeline - INFO - Processing France/Coupe de France/2021
2025-09-01 20:22:29,130 - src.process_pipeline - WARNING - Missing odds file: data\extracted\France\Coupe de France\2021\odds.csv
2025-09-01 20:22:29,138 - src.process_pipeline - INFO - Successfully merged 193 records with team statistics
2025-09-01 20:22:29,145 - src.process_pipeline - INFO - Saved merged data to data\processed\France\Coupe de France\2021\merged_2021.csv
2025-09-01 20:22:29,145 - src.process_pipeline - INFO - Successfully merged 193 records
2025-09-01 20:22:29,153 - src.process_pipeline - INFO - Processing France/Coupe de France/2022
2025-09-01 20:22:29,163 - src.process_pipeline - WARNING - Missing odds file: data\extracted\France\Coupe de France\2022\odds.csv
2025-09-01 20:22:29,171 - src.process_pipeline - INFO - Successfully merged 195 records with team statistics
2025-09-01 20:22:29,181 - src.process_pipeline - INFO - Saved merged data to data\processed\France\Coupe de France\2022\merged_2022.csv
2025-09-01 20:22:29,181 - src.process_pipeline - INFO - Successfully merged 195 records
2025-09-01 20:22:29,190 - src.process_pipeline - INFO - Processing France/Coupe de France/2023
2025-09-01 20:22:29,199 - src.process_pipeline - WARNING - Missing odds file: data\extracted\France\Coupe de France\2023\odds.csv
2025-09-01 20:22:29,208 - src.process_pipeline - INFO - Successfully merged 197 records with team statistics
2025-09-01 20:22:29,217 - src.process_pipeline - INFO - Saved merged data to data\processed\France\Coupe de France\2023\merged_2023.csv
2025-09-01 20:22:29,217 - src.process_pipeline - INFO - Successfully merged 197 records
2025-09-01 20:22:29,228 - src.process_pipeline - INFO - Processing France/Coupe de France/2024
2025-09-01 20:22:29,237 - src.process_pipeline - WARNING - Missing odds file: data\extracted\France\Coupe de France\2024\odds.csv
2025-09-01 20:22:29,248 - src.process_pipeline - INFO - Successfully merged 199 records with team statistics
2025-09-01 20:22:29,256 - src.process_pipeline - INFO - Saved merged data to data\processed\France\Coupe de France\2024\merged_2024.csv
2025-09-01 20:22:29,256 - src.process_pipeline - INFO - Successfully merged 199 records
2025-09-01 20:22:29,266 - src.process_pipeline - INFO - Processing France/Ligue 1/2018
2025-09-01 20:22:29,279 - src.process_pipeline - WARNING - Missing odds file: data\extracted\France\Ligue 1\2018\odds.csv
2025-09-01 20:22:29,287 - src.process_pipeline - INFO - Successfully merged 380 records with team statistics
2025-09-01 20:22:29,298 - src.process_pipeline - INFO - Saved merged data to data\processed\France\Ligue 1\2018\merged_2018.csv
2025-09-01 20:22:29,299 - src.process_pipeline - INFO - Successfully merged 380 records
2025-09-01 20:22:29,310 - src.process_pipeline - INFO - Processing France/Ligue 1/2019
2025-09-01 20:22:29,322 - src.process_pipeline - WARNING - Missing odds file: data\extracted\France\Ligue 1\2019\odds.csv
2025-09-01 20:22:29,331 - src.process_pipeline - INFO - Successfully merged 380 records with team statistics
2025-09-01 20:22:29,348 - src.process_pipeline - INFO - Saved merged data to data\processed\France\Ligue 1\2019\merged_2019.csv
2025-09-01 20:22:29,349 - src.process_pipeline - INFO - Successfully merged 380 records
2025-09-01 20:22:29,357 - src.process_pipeline - INFO - Processing France/Ligue 1/2020
2025-09-01 20:22:29,371 - src.process_pipeline - WARNING - Missing odds file: data\extracted\France\Ligue 1\2020\odds.csv
2025-09-01 20:22:29,380 - src.process_pipeline - INFO - Successfully merged 382 records with team statistics
2025-09-01 20:22:29,392 - src.process_pipeline - INFO - Saved merged data to data\processed\France\Ligue 1\2020\merged_2020.csv
2025-09-01 20:22:29,392 - src.process_pipeline - INFO - Successfully merged 382 records
2025-09-01 20:22:29,403 - src.process_pipeline - INFO - Processing France/Ligue 1/2021
2025-09-01 20:22:29,416 - src.process_pipeline - WARNING - Missing odds file: data\extracted\France\Ligue 1\2021\odds.csv
2025-09-01 20:22:29,424 - src.process_pipeline - INFO - Successfully merged 382 records with team statistics
2025-09-01 20:22:29,436 - src.process_pipeline - INFO - Saved merged data to data\processed\France\Ligue 1\2021\merged_2021.csv
2025-09-01 20:22:29,436 - src.process_pipeline - INFO - Successfully merged 382 records
2025-09-01 20:22:29,445 - src.process_pipeline - INFO - Processing France/Ligue 1/2022
2025-09-01 20:22:29,457 - src.process_pipeline - WARNING - Missing odds file: data\extracted\France\Ligue 1\2022\odds.csv
2025-09-01 20:22:29,468 - src.process_pipeline - INFO - Successfully merged 370 records with team statistics
2025-09-01 20:22:29,480 - src.process_pipeline - INFO - Saved merged data to data\processed\France\Ligue 1\2022\merged_2022.csv
2025-09-01 20:22:29,480 - src.process_pipeline - INFO - Successfully merged 370 records
2025-09-01 20:22:29,488 - src.process_pipeline - INFO - Processing France/Ligue 1/2023
2025-09-01 20:22:29,500 - src.process_pipeline - WARNING - Missing odds file: data\extracted\France\Ligue 1\2023\odds.csv
2025-09-01 20:22:29,509 - src.process_pipeline - INFO - Successfully merged 307 records with team statistics
2025-09-01 20:22:29,518 - src.process_pipeline - INFO - Saved merged data to data\processed\France\Ligue 1\2023\merged_2023.csv
2025-09-01 20:22:29,518 - src.process_pipeline - INFO - Successfully merged 307 records
2025-09-01 20:22:29,528 - src.process_pipeline - INFO - Processing France/Ligue 1/2024
2025-09-01 20:22:29,538 - src.process_pipeline - WARNING - Missing odds file: data\extracted\France\Ligue 1\2024\odds.csv
2025-09-01 20:22:29,546 - src.process_pipeline - INFO - Successfully merged 308 records with team statistics
2025-09-01 20:22:29,556 - src.process_pipeline - INFO - Saved merged data to data\processed\France\Ligue 1\2024\merged_2024.csv
2025-09-01 20:22:29,556 - src.process_pipeline - INFO - Successfully merged 308 records
2025-09-01 20:22:29,566 - src.process_pipeline - INFO - Processing France/Ligue 1/2025
2025-09-01 20:22:29,590 - src.process_pipeline - INFO - Odds data found for France/Ligue 1/2025
2025-09-01 20:22:29,634 - src.process_pipeline - INFO - Added odds data for 26 fixtures
2025-09-01 20:22:29,634 - src.process_pipeline - INFO - Successfully merged 26 records with team statistics
2025-09-01 20:22:29,637 - src.process_pipeline - INFO - Saved merged data to data\processed\France\Ligue 1\2025\merged_2025.csv
2025-09-01 20:22:29,637 - src.process_pipeline - INFO - Successfully merged 26 records
2025-09-01 20:22:29,646 - src.process_pipeline - INFO - Processing France/Ligue 2/2018
2025-09-01 20:22:29,658 - src.process_pipeline - WARNING - Missing odds file: data\extracted\France\Ligue 2\2018\odds.csv
2025-09-01 20:22:29,666 - src.process_pipeline - INFO - Successfully merged 370 records with team statistics
2025-09-01 20:22:29,678 - src.process_pipeline - INFO - Saved merged data to data\processed\France\Ligue 2\2018\merged_2018.csv
2025-09-01 20:22:29,678 - src.process_pipeline - INFO - Successfully merged 370 records
2025-09-01 20:22:29,689 - src.process_pipeline - INFO - Processing France/Ligue 2/2019
2025-09-01 20:22:29,701 - src.process_pipeline - WARNING - Missing odds file: data\extracted\France\Ligue 2\2019\odds.csv
2025-09-01 20:22:29,709 - src.process_pipeline - INFO - Successfully merged 370 records with team statistics
2025-09-01 20:22:29,725 - src.process_pipeline - INFO - Saved merged data to data\processed\France\Ligue 2\2019\merged_2019.csv
2025-09-01 20:22:29,725 - src.process_pipeline - INFO - Successfully merged 370 records
2025-09-01 20:22:29,738 - src.process_pipeline - INFO - Processing France/Ligue 2/2020
2025-09-01 20:22:29,751 - src.process_pipeline - WARNING - Missing odds file: data\extracted\France\Ligue 2\2020\odds.csv
2025-09-01 20:22:29,759 - src.process_pipeline - INFO - Successfully merged 384 records with team statistics
2025-09-01 20:22:29,775 - src.process_pipeline - INFO - Saved merged data to data\processed\France\Ligue 2\2020\merged_2020.csv
2025-09-01 20:22:29,775 - src.process_pipeline - INFO - Successfully merged 384 records
2025-09-01 20:22:29,786 - src.process_pipeline - INFO - Processing France/Ligue 2/2021
2025-09-01 20:22:29,798 - src.process_pipeline - WARNING - Missing odds file: data\extracted\France\Ligue 2\2021\odds.csv
2025-09-01 20:22:29,806 - src.process_pipeline - INFO - Successfully merged 366 records with team statistics
2025-09-01 20:22:29,821 - src.process_pipeline - INFO - Saved merged data to data\processed\France\Ligue 2\2021\merged_2021.csv
2025-09-01 20:22:29,821 - src.process_pipeline - INFO - Successfully merged 366 records
2025-09-01 20:22:29,831 - src.process_pipeline - INFO - Processing France/Ligue 2/2022
2025-09-01 20:22:29,843 - src.process_pipeline - WARNING - Missing odds file: data\extracted\France\Ligue 2\2022\odds.csv
2025-09-01 20:22:29,853 - src.process_pipeline - INFO - Successfully merged 361 records with team statistics
2025-09-01 20:22:29,864 - src.process_pipeline - INFO - Saved merged data to data\processed\France\Ligue 2\2022\merged_2022.csv
2025-09-01 20:22:29,864 - src.process_pipeline - INFO - Successfully merged 361 records
2025-09-01 20:22:29,875 - src.process_pipeline - INFO - Processing France/Ligue 2/2023
2025-09-01 20:22:29,887 - src.process_pipeline - WARNING - Missing odds file: data\extracted\France\Ligue 2\2023\odds.csv
2025-09-01 20:22:29,896 - src.process_pipeline - INFO - Successfully merged 382 records with team statistics
2025-09-01 20:22:29,911 - src.process_pipeline - INFO - Saved merged data to data\processed\France\Ligue 2\2023\merged_2023.csv
2025-09-01 20:22:29,911 - src.process_pipeline - INFO - Successfully merged 382 records
2025-09-01 20:22:29,923 - src.process_pipeline - INFO - Processing France/Ligue 2/2024
2025-09-01 20:22:29,935 - src.process_pipeline - WARNING - Missing odds file: data\extracted\France\Ligue 2\2024\odds.csv
2025-09-01 20:22:29,944 - src.process_pipeline - INFO - Successfully merged 310 records with team statistics
2025-09-01 20:22:29,957 - src.process_pipeline - INFO - Saved merged data to data\processed\France\Ligue 2\2024\merged_2024.csv
2025-09-01 20:22:29,957 - src.process_pipeline - INFO - Successfully merged 310 records
2025-09-01 20:22:29,970 - src.process_pipeline - INFO - Processing France/Ligue 2/2025
2025-09-01 20:22:29,991 - src.process_pipeline - INFO - Odds data found for France/Ligue 2/2025
2025-09-01 20:22:30,013 - src.process_pipeline - INFO - Added odds data for 9 fixtures
2025-09-01 20:22:30,014 - src.process_pipeline - INFO - Successfully merged 17 records with team statistics
2025-09-01 20:22:30,016 - src.process_pipeline - INFO - Saved merged data to data\processed\France\Ligue 2\2025\merged_2025.csv
2025-09-01 20:22:30,017 - src.process_pipeline - INFO - Successfully merged 17 records
2025-09-01 20:22:30,027 - src.process_pipeline - INFO - Processing Germany/2. Bundesliga/2017
2025-09-01 20:22:30,027 - src.process_pipeline - WARNING - Missing fixtures file: data\extracted\Germany\2. Bundesliga\2017\fixture_events.csv
2025-09-01 20:22:30,028 - src.process_pipeline - INFO - Processing Germany/2. Bundesliga/2018
2025-09-01 20:22:30,039 - src.process_pipeline - WARNING - Missing odds file: data\extracted\Germany\2. Bundesliga\2018\odds.csv
2025-09-01 20:22:30,047 - src.process_pipeline - INFO - Successfully merged 306 records with team statistics
2025-09-01 20:22:30,060 - src.process_pipeline - INFO - Saved merged data to data\processed\Germany\2. Bundesliga\2018\merged_2018.csv
2025-09-01 20:22:30,060 - src.process_pipeline - INFO - Successfully merged 306 records
2025-09-01 20:22:30,070 - src.process_pipeline - INFO - Processing Germany/2. Bundesliga/2019
2025-09-01 20:22:30,080 - src.process_pipeline - WARNING - Missing odds file: data\extracted\Germany\2. Bundesliga\2019\odds.csv
2025-09-01 20:22:30,088 - src.process_pipeline - INFO - Successfully merged 249 records with team statistics
2025-09-01 20:22:30,097 - src.process_pipeline - INFO - Saved merged data to data\processed\Germany\2. Bundesliga\2019\merged_2019.csv
2025-09-01 20:22:30,097 - src.process_pipeline - INFO - Successfully merged 249 records
2025-09-01 20:22:30,108 - src.process_pipeline - INFO - Processing Germany/2. Bundesliga/2020
2025-09-01 20:22:30,121 - src.process_pipeline - WARNING - Missing odds file: data\extracted\Germany\2. Bundesliga\2020\odds.csv
2025-09-01 20:22:30,130 - src.process_pipeline - INFO - Successfully merged 308 records with team statistics
2025-09-01 20:22:30,140 - src.process_pipeline - INFO - Saved merged data to data\processed\Germany\2. Bundesliga\2020\merged_2020.csv
2025-09-01 20:22:30,140 - src.process_pipeline - INFO - Successfully merged 308 records
2025-09-01 20:22:30,151 - src.process_pipeline - INFO - Processing Germany/2. Bundesliga/2021
2025-09-01 20:22:30,162 - src.process_pipeline - WARNING - Missing odds file: data\extracted\Germany\2. Bundesliga\2021\odds.csv
2025-09-01 20:22:30,169 - src.process_pipeline - INFO - Successfully merged 293 records with team statistics
2025-09-01 20:22:30,179 - src.process_pipeline - INFO - Saved merged data to data\processed\Germany\2. Bundesliga\2021\merged_2021.csv
2025-09-01 20:22:30,179 - src.process_pipeline - INFO - Successfully merged 293 records
2025-09-01 20:22:30,192 - src.process_pipeline - INFO - Processing Germany/2. Bundesliga/2022
2025-09-01 20:22:30,202 - src.process_pipeline - WARNING - Missing odds file: data\extracted\Germany\2. Bundesliga\2022\odds.csv
2025-09-01 20:22:30,210 - src.process_pipeline - INFO - Successfully merged 288 records with team statistics
2025-09-01 20:22:30,220 - src.process_pipeline - INFO - Saved merged data to data\processed\Germany\2. Bundesliga\2022\merged_2022.csv
2025-09-01 20:22:30,221 - src.process_pipeline - INFO - Successfully merged 288 records
2025-09-01 20:22:30,232 - src.process_pipeline - INFO - Processing Germany/2. Bundesliga/2023
2025-09-01 20:22:30,243 - src.process_pipeline - WARNING - Missing odds file: data\extracted\Germany\2. Bundesliga\2023\odds.csv
2025-09-01 20:22:30,251 - src.process_pipeline - INFO - Successfully merged 299 records with team statistics
2025-09-01 20:22:30,264 - src.process_pipeline - INFO - Saved merged data to data\processed\Germany\2. Bundesliga\2023\merged_2023.csv
2025-09-01 20:22:30,265 - src.process_pipeline - INFO - Successfully merged 299 records
2025-09-01 20:22:30,277 - src.process_pipeline - INFO - Processing Germany/2. Bundesliga/2024
2025-09-01 20:22:30,289 - src.process_pipeline - WARNING - Missing odds file: data\extracted\Germany\2. Bundesliga\2024\odds.csv
2025-09-01 20:22:30,297 - src.process_pipeline - INFO - Successfully merged 308 records with team statistics
2025-09-01 20:22:30,309 - src.process_pipeline - INFO - Saved merged data to data\processed\Germany\2. Bundesliga\2024\merged_2024.csv
2025-09-01 20:22:30,309 - src.process_pipeline - INFO - Successfully merged 308 records
2025-09-01 20:22:30,322 - src.process_pipeline - INFO - Processing Germany/2. Bundesliga/2025
2025-09-01 20:22:30,329 - src.process_pipeline - WARNING - Missing odds file: data\extracted\Germany\2. Bundesliga\2025\odds.csv
2025-09-01 20:22:30,336 - src.process_pipeline - INFO - Successfully merged 18 records with team statistics
2025-09-01 20:22:30,338 - src.process_pipeline - INFO - Saved merged data to data\processed\Germany\2. Bundesliga\2025\merged_2025.csv
2025-09-01 20:22:30,338 - src.process_pipeline - INFO - Successfully merged 18 records
2025-09-01 20:22:30,351 - src.process_pipeline - INFO - Processing Germany/Bundesliga/2018
2025-09-01 20:22:30,362 - src.process_pipeline - WARNING - Missing odds file: data\extracted\Germany\Bundesliga\2018\odds.csv
2025-09-01 20:22:30,370 - src.process_pipeline - INFO - Successfully merged 308 records with team statistics
2025-09-01 20:22:30,380 - src.process_pipeline - INFO - Saved merged data to data\processed\Germany\Bundesliga\2018\merged_2018.csv
2025-09-01 20:22:30,380 - src.process_pipeline - INFO - Successfully merged 308 records
2025-09-01 20:22:30,392 - src.process_pipeline - INFO - Processing Germany/Bundesliga/2019
2025-09-01 20:22:30,402 - src.process_pipeline - WARNING - Missing odds file: data\extracted\Germany\Bundesliga\2019\odds.csv
2025-09-01 20:22:30,410 - src.process_pipeline - INFO - Successfully merged 260 records with team statistics
2025-09-01 20:22:30,419 - src.process_pipeline - INFO - Saved merged data to data\processed\Germany\Bundesliga\2019\merged_2019.csv
2025-09-01 20:22:30,419 - src.process_pipeline - INFO - Successfully merged 260 records
2025-09-01 20:22:30,432 - src.process_pipeline - INFO - Processing Germany/Bundesliga/2020
2025-09-01 20:22:30,443 - src.process_pipeline - WARNING - Missing odds file: data\extracted\Germany\Bundesliga\2020\odds.csv
2025-09-01 20:22:30,453 - src.process_pipeline - INFO - Successfully merged 308 records with team statistics
2025-09-01 20:22:30,466 - src.process_pipeline - INFO - Saved merged data to data\processed\Germany\Bundesliga\2020\merged_2020.csv
2025-09-01 20:22:30,466 - src.process_pipeline - INFO - Successfully merged 308 records
2025-09-01 20:22:30,481 - src.process_pipeline - INFO - Processing Germany/Bundesliga/2021
2025-09-01 20:22:30,492 - src.process_pipeline - WARNING - Missing odds file: data\extracted\Germany\Bundesliga\2021\odds.csv
2025-09-01 20:22:30,503 - src.process_pipeline - INFO - Successfully merged 308 records with team statistics
2025-09-01 20:22:30,514 - src.process_pipeline - INFO - Saved merged data to data\processed\Germany\Bundesliga\2021\merged_2021.csv
2025-09-01 20:22:30,514 - src.process_pipeline - INFO - Successfully merged 308 records
2025-09-01 20:22:30,528 - src.process_pipeline - INFO - Processing Germany/Bundesliga/2022
2025-09-01 20:22:30,541 - src.process_pipeline - WARNING - Missing odds file: data\extracted\Germany\Bundesliga\2022\odds.csv
2025-09-01 20:22:30,549 - src.process_pipeline - INFO - Successfully merged 307 records with team statistics
2025-09-01 20:22:30,559 - src.process_pipeline - INFO - Saved merged data to data\processed\Germany\Bundesliga\2022\merged_2022.csv
2025-09-01 20:22:30,559 - src.process_pipeline - INFO - Successfully merged 307 records
2025-09-01 20:22:30,572 - src.process_pipeline - INFO - Processing Germany/Bundesliga/2023
2025-09-01 20:22:30,583 - src.process_pipeline - WARNING - Missing odds file: data\extracted\Germany\Bundesliga\2023\odds.csv
2025-09-01 20:22:30,593 - src.process_pipeline - INFO - Successfully merged 308 records with team statistics
2025-09-01 20:22:30,604 - src.process_pipeline - INFO - Saved merged data to data\processed\Germany\Bundesliga\2023\merged_2023.csv
2025-09-01 20:22:30,604 - src.process_pipeline - INFO - Successfully merged 308 records
2025-09-01 20:22:30,620 - src.process_pipeline - INFO - Processing Germany/Bundesliga/2024
2025-09-01 20:22:30,634 - src.process_pipeline - WARNING - Missing odds file: data\extracted\Germany\Bundesliga\2024\odds.csv
2025-09-01 20:22:30,644 - src.process_pipeline - INFO - Successfully merged 308 records with team statistics
2025-09-01 20:22:30,655 - src.process_pipeline - INFO - Saved merged data to data\processed\Germany\Bundesliga\2024\merged_2024.csv
2025-09-01 20:22:30,655 - src.process_pipeline - INFO - Successfully merged 308 records
2025-09-01 20:22:30,670 - src.process_pipeline - INFO - Processing Germany/Bundesliga/2025
2025-09-01 20:22:30,694 - src.process_pipeline - INFO - Odds data found for Germany/Bundesliga/2025
2025-09-01 20:22:30,735 - src.process_pipeline - INFO - Added odds data for 17 fixtures
2025-09-01 20:22:30,735 - src.process_pipeline - INFO - Successfully merged 17 records with team statistics
2025-09-01 20:22:30,738 - src.process_pipeline - INFO - Saved merged data to data\processed\Germany\Bundesliga\2025\merged_2025.csv
2025-09-01 20:22:30,738 - src.process_pipeline - INFO - Successfully merged 17 records
2025-09-01 20:22:30,752 - src.process_pipeline - INFO - Processing Germany/DFB Pokal/2018
2025-09-01 20:22:30,759 - src.process_pipeline - WARNING - Missing odds file: data\extracted\Germany\DFB Pokal\2018\odds.csv
2025-09-01 20:22:30,767 - src.process_pipeline - INFO - Successfully merged 63 records with team statistics
2025-09-01 20:22:30,771 - src.process_pipeline - INFO - Saved merged data to data\processed\Germany\DFB Pokal\2018\merged_2018.csv
2025-09-01 20:22:30,771 - src.process_pipeline - INFO - Successfully merged 63 records
2025-09-01 20:22:30,784 - src.process_pipeline - INFO - Processing Germany/DFB Pokal/2019
2025-09-01 20:22:30,791 - src.process_pipeline - WARNING - Missing odds file: data\extracted\Germany\DFB Pokal\2019\odds.csv
2025-09-01 20:22:30,801 - src.process_pipeline - INFO - Successfully merged 60 records with team statistics
2025-09-01 20:22:30,805 - src.process_pipeline - INFO - Saved merged data to data\processed\Germany\DFB Pokal\2019\merged_2019.csv
2025-09-01 20:22:30,806 - src.process_pipeline - INFO - Successfully merged 60 records
2025-09-01 20:22:30,822 - src.process_pipeline - INFO - Processing Germany/DFB Pokal/2020
2025-09-01 20:22:30,835 - src.process_pipeline - WARNING - Missing odds file: data\extracted\Germany\DFB Pokal\2020\odds.csv
2025-09-01 20:22:30,845 - src.process_pipeline - INFO - Successfully merged 63 records with team statistics
2025-09-01 20:22:30,850 - src.process_pipeline - INFO - Saved merged data to data\processed\Germany\DFB Pokal\2020\merged_2020.csv
2025-09-01 20:22:30,850 - src.process_pipeline - INFO - Successfully merged 63 records
2025-09-01 20:22:30,864 - src.process_pipeline - INFO - Processing Germany/DFB Pokal/2021
2025-09-01 20:22:30,872 - src.process_pipeline - WARNING - Missing odds file: data\extracted\Germany\DFB Pokal\2021\odds.csv
2025-09-01 20:22:30,880 - src.process_pipeline - INFO - Successfully merged 63 records with team statistics
2025-09-01 20:22:30,884 - src.process_pipeline - INFO - Saved merged data to data\processed\Germany\DFB Pokal\2021\merged_2021.csv
2025-09-01 20:22:30,884 - src.process_pipeline - INFO - Successfully merged 63 records
2025-09-01 20:22:30,897 - src.process_pipeline - INFO - Processing Germany/DFB Pokal/2022
2025-09-01 20:22:30,903 - src.process_pipeline - WARNING - Missing odds file: data\extracted\Germany\DFB Pokal\2022\odds.csv
2025-09-01 20:22:30,911 - src.process_pipeline - INFO - Successfully merged 36 records with team statistics
2025-09-01 20:22:30,913 - src.process_pipeline - INFO - Saved merged data to data\processed\Germany\DFB Pokal\2022\merged_2022.csv
2025-09-01 20:22:30,914 - src.process_pipeline - INFO - Successfully merged 36 records
2025-09-01 20:22:30,926 - src.process_pipeline - INFO - Processing Germany/DFB Pokal/2023
2025-09-01 20:22:30,934 - src.process_pipeline - WARNING - Missing odds file: data\extracted\Germany\DFB Pokal\2023\odds.csv
2025-09-01 20:22:30,942 - src.process_pipeline - INFO - Successfully merged 63 records with team statistics
2025-09-01 20:22:30,946 - src.process_pipeline - INFO - Saved merged data to data\processed\Germany\DFB Pokal\2023\merged_2023.csv
2025-09-01 20:22:30,946 - src.process_pipeline - INFO - Successfully merged 63 records
2025-09-01 20:22:30,959 - src.process_pipeline - INFO - Processing Germany/DFB Pokal/2024
2025-09-01 20:22:30,966 - src.process_pipeline - WARNING - Missing odds file: data\extracted\Germany\DFB Pokal\2024\odds.csv
2025-09-01 20:22:30,973 - src.process_pipeline - INFO - Successfully merged 63 records with team statistics
2025-09-01 20:22:30,976 - src.process_pipeline - INFO - Saved merged data to data\processed\Germany\DFB Pokal\2024\merged_2024.csv
2025-09-01 20:22:30,977 - src.process_pipeline - INFO - Successfully merged 63 records
2025-09-01 20:22:30,991 - src.process_pipeline - INFO - Processing Greece/Super League/2021
2025-09-01 20:22:31,002 - src.process_pipeline - WARNING - Missing odds file: data\extracted\Greece\Super League\2021\odds.csv
2025-09-01 20:22:31,010 - src.process_pipeline - INFO - Successfully merged 240 records with team statistics
2025-09-01 20:22:31,019 - src.process_pipeline - INFO - Saved merged data to data\processed\Greece\Super League\2021\merged_2021.csv
2025-09-01 20:22:31,019 - src.process_pipeline - INFO - Successfully merged 240 records
2025-09-01 20:22:31,033 - src.process_pipeline - INFO - Processing Greece/Super League/2022
2025-09-01 20:22:31,044 - src.process_pipeline - WARNING - Missing odds file: data\extracted\Greece\Super League\2022\odds.csv
2025-09-01 20:22:31,052 - src.process_pipeline - INFO - Successfully merged 240 records with team statistics
2025-09-01 20:22:31,060 - src.process_pipeline - INFO - Saved merged data to data\processed\Greece\Super League\2022\merged_2022.csv
2025-09-01 20:22:31,060 - src.process_pipeline - INFO - Successfully merged 240 records
2025-09-01 20:22:31,074 - src.process_pipeline - INFO - Processing Greece/Super League/2023
2025-09-01 20:22:31,085 - src.process_pipeline - WARNING - Missing odds file: data\extracted\Greece\Super League\2023\odds.csv
2025-09-01 20:22:31,093 - src.process_pipeline - INFO - Successfully merged 240 records with team statistics
2025-09-01 20:22:31,103 - src.process_pipeline - INFO - Saved merged data to data\processed\Greece\Super League\2023\merged_2023.csv
2025-09-01 20:22:31,103 - src.process_pipeline - INFO - Successfully merged 240 records
2025-09-01 20:22:31,117 - src.process_pipeline - INFO - Processing Greece/Super League/2024
2025-09-01 20:22:31,129 - src.process_pipeline - WARNING - Missing odds file: data\extracted\Greece\Super League\2024\odds.csv
2025-09-01 20:22:31,138 - src.process_pipeline - INFO - Successfully merged 236 records with team statistics
2025-09-01 20:22:31,149 - src.process_pipeline - INFO - Saved merged data to data\processed\Greece\Super League\2024\merged_2024.csv
2025-09-01 20:22:31,149 - src.process_pipeline - INFO - Successfully merged 236 records
2025-09-01 20:22:31,163 - src.process_pipeline - INFO - Processing Greece/Super League/2025
2025-09-01 20:22:31,164 - src.process_pipeline - WARNING - Missing team stats file: data\extracted\Greece\Super League\2025\team_statistics.csv
2025-09-01 20:22:31,164 - src.process_pipeline - INFO - Processing Italy/Coppa Italia/2018
2025-09-01 20:22:31,170 - src.process_pipeline - WARNING - Missing odds file: data\extracted\Italy\Coppa Italia\2018\odds.csv
2025-09-01 20:22:31,178 - src.process_pipeline - INFO - Successfully merged 61 records with team statistics
2025-09-01 20:22:31,181 - src.process_pipeline - INFO - Saved merged data to data\processed\Italy\Coppa Italia\2018\merged_2018.csv
2025-09-01 20:22:31,181 - src.process_pipeline - INFO - Successfully merged 61 records
2025-09-01 20:22:31,197 - src.process_pipeline - INFO - Processing Italy/Coppa Italia/2019
2025-09-01 20:22:31,197 - src.process_pipeline - WARNING - Missing fixtures file: data\extracted\Italy\Coppa Italia\2019\fixture_events.csv
2025-09-01 20:22:31,197 - src.process_pipeline - INFO - Processing Italy/Coppa Italia/2020
2025-09-01 20:22:31,205 - src.process_pipeline - WARNING - Missing odds file: data\extracted\Italy\Coppa Italia\2020\odds.csv
2025-09-01 20:22:31,212 - src.process_pipeline - INFO - Successfully merged 79 records with team statistics
2025-09-01 20:22:31,218 - src.process_pipeline - INFO - Saved merged data to data\processed\Italy\Coppa Italia\2020\merged_2020.csv
2025-09-01 20:22:31,218 - src.process_pipeline - INFO - Successfully merged 79 records
2025-09-01 20:22:31,231 - src.process_pipeline - INFO - Processing Italy/Coppa Italia/2021
2025-09-01 20:22:31,238 - src.process_pipeline - WARNING - Missing odds file: data\extracted\Italy\Coppa Italia\2021\odds.csv
2025-09-01 20:22:31,245 - src.process_pipeline - INFO - Successfully merged 45 records with team statistics
2025-09-01 20:22:31,248 - src.process_pipeline - INFO - Saved merged data to data\processed\Italy\Coppa Italia\2021\merged_2021.csv
2025-09-01 20:22:31,248 - src.process_pipeline - INFO - Successfully merged 45 records
2025-09-01 20:22:31,262 - src.process_pipeline - INFO - Processing Italy/Coppa Italia/2022
2025-09-01 20:22:31,269 - src.process_pipeline - WARNING - Missing odds file: data\extracted\Italy\Coppa Italia\2022\odds.csv
2025-09-01 20:22:31,276 - src.process_pipeline - INFO - Successfully merged 41 records with team statistics
2025-09-01 20:22:31,279 - src.process_pipeline - INFO - Saved merged data to data\processed\Italy\Coppa Italia\2022\merged_2022.csv
2025-09-01 20:22:31,279 - src.process_pipeline - INFO - Successfully merged 41 records
2025-09-01 20:22:31,292 - src.process_pipeline - INFO - Processing Italy/Coppa Italia/2023
2025-09-01 20:22:31,299 - src.process_pipeline - WARNING - Missing odds file: data\extracted\Italy\Coppa Italia\2023\odds.csv
2025-09-01 20:22:31,307 - src.process_pipeline - INFO - Successfully merged 45 records with team statistics
2025-09-01 20:22:31,311 - src.process_pipeline - INFO - Saved merged data to data\processed\Italy\Coppa Italia\2023\merged_2023.csv
2025-09-01 20:22:31,311 - src.process_pipeline - INFO - Successfully merged 45 records
2025-09-01 20:22:31,330 - src.process_pipeline - INFO - Processing Italy/Coppa Italia/2024
2025-09-01 20:22:31,338 - src.process_pipeline - WARNING - Missing odds file: data\extracted\Italy\Coppa Italia\2024\odds.csv
2025-09-01 20:22:31,347 - src.process_pipeline - INFO - Successfully merged 45 records with team statistics
2025-09-01 20:22:31,351 - src.process_pipeline - INFO - Saved merged data to data\processed\Italy\Coppa Italia\2024\merged_2024.csv
2025-09-01 20:22:31,352 - src.process_pipeline - INFO - Successfully merged 45 records
2025-09-01 20:22:31,368 - src.process_pipeline - INFO - Processing Italy/Serie A/2016
2025-09-01 20:22:31,383 - src.process_pipeline - WARNING - Missing odds file: data\extracted\Italy\Serie A\2016\odds.csv
2025-09-01 20:22:31,391 - src.process_pipeline - INFO - Successfully merged 380 records with team statistics
2025-09-01 20:22:31,405 - src.process_pipeline - INFO - Saved merged data to data\processed\Italy\Serie A\2016\merged_2016.csv
2025-09-01 20:22:31,405 - src.process_pipeline - INFO - Successfully merged 380 records
2025-09-01 20:22:31,421 - src.process_pipeline - INFO - Processing Italy/Serie A/2017
2025-09-01 20:22:31,433 - src.process_pipeline - WARNING - Missing odds file: data\extracted\Italy\Serie A\2017\odds.csv
2025-09-01 20:22:31,442 - src.process_pipeline - INFO - Successfully merged 380 records with team statistics
2025-09-01 20:22:31,454 - src.process_pipeline - INFO - Saved merged data to data\processed\Italy\Serie A\2017\merged_2017.csv
2025-09-01 20:22:31,454 - src.process_pipeline - INFO - Successfully merged 380 records
2025-09-01 20:22:31,468 - src.process_pipeline - INFO - Processing Italy/Serie A/2018
2025-09-01 20:22:31,482 - src.process_pipeline - WARNING - Missing odds file: data\extracted\Italy\Serie A\2018\odds.csv
2025-09-01 20:22:31,490 - src.process_pipeline - INFO - Successfully merged 380 records with team statistics
2025-09-01 20:22:31,503 - src.process_pipeline - INFO - Saved merged data to data\processed\Italy\Serie A\2018\merged_2018.csv
2025-09-01 20:22:31,503 - src.process_pipeline - INFO - Successfully merged 380 records
2025-09-01 20:22:31,522 - src.process_pipeline - INFO - Processing Italy/Serie A/2019
2025-09-01 20:22:31,534 - src.process_pipeline - WARNING - Missing odds file: data\extracted\Italy\Serie A\2019\odds.csv
2025-09-01 20:22:31,542 - src.process_pipeline - INFO - Successfully merged 256 records with team statistics
2025-09-01 20:22:31,550 - src.process_pipeline - INFO - Saved merged data to data\processed\Italy\Serie A\2019\merged_2019.csv
2025-09-01 20:22:31,551 - src.process_pipeline - INFO - Successfully merged 256 records
2025-09-01 20:22:31,569 - src.process_pipeline - INFO - Processing Italy/Serie A/2020
2025-09-01 20:22:31,584 - src.process_pipeline - WARNING - Missing odds file: data\extracted\Italy\Serie A\2020\odds.csv
2025-09-01 20:22:31,595 - src.process_pipeline - INFO - Successfully merged 380 records with team statistics
2025-09-01 20:22:31,606 - src.process_pipeline - INFO - Saved merged data to data\processed\Italy\Serie A\2020\merged_2020.csv
2025-09-01 20:22:31,606 - src.process_pipeline - INFO - Successfully merged 380 records
2025-09-01 20:22:31,622 - src.process_pipeline - INFO - Processing Italy/Serie A/2021
2025-09-01 20:22:31,633 - src.process_pipeline - WARNING - Missing odds file: data\extracted\Italy\Serie A\2021\odds.csv
2025-09-01 20:22:31,641 - src.process_pipeline - INFO - Successfully merged 380 records with team statistics
2025-09-01 20:22:31,653 - src.process_pipeline - INFO - Saved merged data to data\processed\Italy\Serie A\2021\merged_2021.csv
2025-09-01 20:22:31,653 - src.process_pipeline - INFO - Successfully merged 380 records
2025-09-01 20:22:31,667 - src.process_pipeline - INFO - Processing Italy/Serie A/2022
2025-09-01 20:22:31,678 - src.process_pipeline - WARNING - Missing odds file: data\extracted\Italy\Serie A\2022\odds.csv
2025-09-01 20:22:31,686 - src.process_pipeline - INFO - Successfully merged 370 records with team statistics
2025-09-01 20:22:31,696 - src.process_pipeline - INFO - Saved merged data to data\processed\Italy\Serie A\2022\merged_2022.csv
2025-09-01 20:22:31,697 - src.process_pipeline - INFO - Successfully merged 370 records
2025-09-01 20:22:31,712 - src.process_pipeline - INFO - Processing Italy/Serie A/2023
2025-09-01 20:22:31,723 - src.process_pipeline - WARNING - Missing odds file: data\extracted\Italy\Serie A\2023\odds.csv
2025-09-01 20:22:31,731 - src.process_pipeline - INFO - Successfully merged 379 records with team statistics
2025-09-01 20:22:31,742 - src.process_pipeline - INFO - Saved merged data to data\processed\Italy\Serie A\2023\merged_2023.csv
2025-09-01 20:22:31,742 - src.process_pipeline - INFO - Successfully merged 379 records
2025-09-01 20:22:31,757 - src.process_pipeline - INFO - Processing Italy/Serie A/2024
2025-09-01 20:22:31,767 - src.process_pipeline - WARNING - Missing odds file: data\extracted\Italy\Serie A\2024\odds.csv
2025-09-01 20:22:31,776 - src.process_pipeline - INFO - Successfully merged 380 records with team statistics
2025-09-01 20:22:31,789 - src.process_pipeline - INFO - Saved merged data to data\processed\Italy\Serie A\2024\merged_2024.csv
2025-09-01 20:22:31,789 - src.process_pipeline - INFO - Successfully merged 380 records
2025-09-01 20:22:31,803 - src.process_pipeline - INFO - Processing Italy/Serie A/2025
2025-09-01 20:22:31,828 - src.process_pipeline - INFO - Odds data found for Italy/Serie A/2025
2025-09-01 20:22:31,870 - src.process_pipeline - INFO - Added odds data for 18 fixtures
2025-09-01 20:22:31,870 - src.process_pipeline - INFO - Successfully merged 18 records with team statistics
2025-09-01 20:22:31,872 - src.process_pipeline - INFO - Saved merged data to data\processed\Italy\Serie A\2025\merged_2025.csv
2025-09-01 20:22:31,872 - src.process_pipeline - INFO - Successfully merged 18 records
2025-09-01 20:22:31,888 - src.process_pipeline - INFO - Processing Italy/Serie B/2017
2025-09-01 20:22:31,900 - src.process_pipeline - WARNING - Missing odds file: data\extracted\Italy\Serie B\2017\odds.csv
2025-09-01 20:22:31,908 - src.process_pipeline - INFO - Successfully merged 464 records with team statistics
2025-09-01 20:22:31,923 - src.process_pipeline - INFO - Saved merged data to data\processed\Italy\Serie B\2017\merged_2017.csv
2025-09-01 20:22:31,923 - src.process_pipeline - INFO - Successfully merged 464 records
2025-09-01 20:22:31,938 - src.process_pipeline - INFO - Processing Italy/Serie B/2018
2025-09-01 20:22:31,938 - src.process_pipeline - WARNING - Missing fixtures file: data\extracted\Italy\Serie B\2018\fixture_events.csv
2025-09-01 20:22:31,939 - src.process_pipeline - INFO - Processing Italy/Serie B/2019
2025-09-01 20:22:31,948 - src.process_pipeline - WARNING - Missing odds file: data\extracted\Italy\Serie B\2019\odds.csv
2025-09-01 20:22:31,956 - src.process_pipeline - INFO - Successfully merged 279 records with team statistics
2025-09-01 20:22:31,966 - src.process_pipeline - INFO - Saved merged data to data\processed\Italy\Serie B\2019\merged_2019.csv
2025-09-01 20:22:31,966 - src.process_pipeline - INFO - Successfully merged 279 records
2025-09-01 20:22:31,980 - src.process_pipeline - INFO - Processing Italy/Serie B/2020
2025-09-01 20:22:31,992 - src.process_pipeline - WARNING - Missing odds file: data\extracted\Italy\Serie B\2020\odds.csv
2025-09-01 20:22:32,001 - src.process_pipeline - INFO - Successfully merged 388 records with team statistics
2025-09-01 20:22:32,015 - src.process_pipeline - INFO - Saved merged data to data\processed\Italy\Serie B\2020\merged_2020.csv
2025-09-01 20:22:32,015 - src.process_pipeline - INFO - Successfully merged 388 records
2025-09-01 20:22:32,030 - src.process_pipeline - INFO - Processing Italy/Serie B/2021
2025-09-01 20:22:32,040 - src.process_pipeline - WARNING - Missing odds file: data\extracted\Italy\Serie B\2021\odds.csv
2025-09-01 20:22:32,048 - src.process_pipeline - INFO - Successfully merged 390 records with team statistics
2025-09-01 20:22:32,060 - src.process_pipeline - INFO - Saved merged data to data\processed\Italy\Serie B\2021\merged_2021.csv
2025-09-01 20:22:32,060 - src.process_pipeline - INFO - Successfully merged 390 records
2025-09-01 20:22:32,076 - src.process_pipeline - INFO - Processing Italy/Serie B/2022
2025-09-01 20:22:32,087 - src.process_pipeline - WARNING - Missing odds file: data\extracted\Italy\Serie B\2022\odds.csv
2025-09-01 20:22:32,096 - src.process_pipeline - INFO - Successfully merged 385 records with team statistics
2025-09-01 20:22:32,109 - src.process_pipeline - INFO - Saved merged data to data\processed\Italy\Serie B\2022\merged_2022.csv
2025-09-01 20:22:32,109 - src.process_pipeline - INFO - Successfully merged 385 records
2025-09-01 20:22:32,129 - src.process_pipeline - INFO - Processing Italy/Serie B/2023
2025-09-01 20:22:32,140 - src.process_pipeline - WARNING - Missing odds file: data\extracted\Italy\Serie B\2023\odds.csv
2025-09-01 20:22:32,149 - src.process_pipeline - INFO - Successfully merged 389 records with team statistics
2025-09-01 20:22:32,161 - src.process_pipeline - INFO - Saved merged data to data\processed\Italy\Serie B\2023\merged_2023.csv
2025-09-01 20:22:32,161 - src.process_pipeline - INFO - Successfully merged 389 records
2025-09-01 20:22:32,176 - src.process_pipeline - INFO - Processing Italy/Serie B/2024
2025-09-01 20:22:32,188 - src.process_pipeline - WARNING - Missing odds file: data\extracted\Italy\Serie B\2024\odds.csv
2025-09-01 20:22:32,196 - src.process_pipeline - INFO - Successfully merged 387 records with team statistics
2025-09-01 20:22:32,211 - src.process_pipeline - INFO - Saved merged data to data\processed\Italy\Serie B\2024\merged_2024.csv
2025-09-01 20:22:32,211 - src.process_pipeline - INFO - Successfully merged 387 records
2025-09-01 20:22:32,228 - src.process_pipeline - INFO - Processing Italy/Serie B/2025
2025-09-01 20:22:32,228 - src.process_pipeline - WARNING - Missing fixtures file: data\extracted\Italy\Serie B\2025\fixture_events.csv
2025-09-01 20:22:32,228 - src.process_pipeline - INFO - Processing Spain/Copa del Rey/2018
2025-09-01 20:22:32,235 - src.process_pipeline - WARNING - Missing odds file: data\extracted\Spain\Copa del Rey\2018\odds.csv
2025-09-01 20:22:32,243 - src.process_pipeline - INFO - Successfully merged 71 records with team statistics
2025-09-01 20:22:32,248 - src.process_pipeline - INFO - Saved merged data to data\processed\Spain\Copa del Rey\2018\merged_2018.csv
2025-09-01 20:22:32,248 - src.process_pipeline - INFO - Successfully merged 71 records
2025-09-01 20:22:32,271 - src.process_pipeline - INFO - Processing Spain/Copa del Rey/2019
2025-09-01 20:22:32,279 - src.process_pipeline - WARNING - Missing odds file: data\extracted\Spain\Copa del Rey\2019\odds.csv
2025-09-01 20:22:32,287 - src.process_pipeline - INFO - Successfully merged 127 records with team statistics
2025-09-01 20:22:32,293 - src.process_pipeline - INFO - Saved merged data to data\processed\Spain\Copa del Rey\2019\merged_2019.csv
2025-09-01 20:22:32,294 - src.process_pipeline - INFO - Successfully merged 127 records
2025-09-01 20:22:32,314 - src.process_pipeline - INFO - Processing Spain/Copa del Rey/2020
2025-09-01 20:22:32,322 - src.process_pipeline - WARNING - Missing odds file: data\extracted\Spain\Copa del Rey\2020\odds.csv
2025-09-01 20:22:32,331 - src.process_pipeline - INFO - Successfully merged 127 records with team statistics
2025-09-01 20:22:32,337 - src.process_pipeline - INFO - Saved merged data to data\processed\Spain\Copa del Rey\2020\merged_2020.csv
2025-09-01 20:22:32,338 - src.process_pipeline - INFO - Successfully merged 127 records
2025-09-01 20:22:32,356 - src.process_pipeline - INFO - Processing Spain/Copa del Rey/2021
2025-09-01 20:22:32,365 - src.process_pipeline - WARNING - Missing odds file: data\extracted\Spain\Copa del Rey\2021\odds.csv
2025-09-01 20:22:32,373 - src.process_pipeline - INFO - Successfully merged 127 records with team statistics
2025-09-01 20:22:32,379 - src.process_pipeline - INFO - Saved merged data to data\processed\Spain\Copa del Rey\2021\merged_2021.csv
2025-09-01 20:22:32,379 - src.process_pipeline - INFO - Successfully merged 127 records
2025-09-01 20:22:32,398 - src.process_pipeline - INFO - Processing Spain/Copa del Rey/2022
2025-09-01 20:22:32,407 - src.process_pipeline - WARNING - Missing odds file: data\extracted\Spain\Copa del Rey\2022\odds.csv
2025-09-01 20:22:32,416 - src.process_pipeline - INFO - Successfully merged 125 records with team statistics
2025-09-01 20:22:32,424 - src.process_pipeline - INFO - Saved merged data to data\processed\Spain\Copa del Rey\2022\merged_2022.csv
2025-09-01 20:22:32,424 - src.process_pipeline - INFO - Successfully merged 125 records
2025-09-01 20:22:32,449 - src.process_pipeline - INFO - Processing Spain/Copa del Rey/2023
2025-09-01 20:22:32,459 - src.process_pipeline - WARNING - Missing odds file: data\extracted\Spain\Copa del Rey\2023\odds.csv
2025-09-01 20:22:32,469 - src.process_pipeline - INFO - Successfully merged 126 records with team statistics
2025-09-01 20:22:32,479 - src.process_pipeline - INFO - Saved merged data to data\processed\Spain\Copa del Rey\2023\merged_2023.csv
2025-09-01 20:22:32,480 - src.process_pipeline - INFO - Successfully merged 126 records
2025-09-01 20:22:32,499 - src.process_pipeline - INFO - Processing Spain/Copa del Rey/2024
2025-09-01 20:22:32,507 - src.process_pipeline - WARNING - Missing odds file: data\extracted\Spain\Copa del Rey\2024\odds.csv
2025-09-01 20:22:32,516 - src.process_pipeline - INFO - Successfully merged 126 records with team statistics
2025-09-01 20:22:32,522 - src.process_pipeline - INFO - Saved merged data to data\processed\Spain\Copa del Rey\2024\merged_2024.csv
2025-09-01 20:22:32,522 - src.process_pipeline - INFO - Successfully merged 126 records
2025-09-01 20:22:32,542 - src.process_pipeline - INFO - Processing Spain/La Liga/2020
2025-09-01 20:22:32,554 - src.process_pipeline - WARNING - Missing odds file: data\extracted\Spain\La Liga\2020\odds.csv
2025-09-01 20:22:32,562 - src.process_pipeline - INFO - Successfully merged 380 records with team statistics
2025-09-01 20:22:32,575 - src.process_pipeline - INFO - Saved merged data to data\processed\Spain\La Liga\2020\merged_2020.csv
2025-09-01 20:22:32,576 - src.process_pipeline - INFO - Successfully merged 380 records
2025-09-01 20:22:32,601 - src.process_pipeline - INFO - Processing Spain/La Liga/2021
2025-09-01 20:22:32,617 - src.process_pipeline - WARNING - Missing odds file: data\extracted\Spain\La Liga\2021\odds.csv
2025-09-01 20:22:32,629 - src.process_pipeline - INFO - Successfully merged 380 records with team statistics
2025-09-01 20:22:32,647 - src.process_pipeline - INFO - Saved merged data to data\processed\Spain\La Liga\2021\merged_2021.csv
2025-09-01 20:22:32,647 - src.process_pipeline - INFO - Successfully merged 380 records
2025-09-01 20:22:32,678 - src.process_pipeline - INFO - Processing Spain/La Liga/2022
2025-09-01 20:22:32,691 - src.process_pipeline - WARNING - Missing odds file: data\extracted\Spain\La Liga\2022\odds.csv
2025-09-01 20:22:32,701 - src.process_pipeline - INFO - Successfully merged 370 records with team statistics
2025-09-01 20:22:32,713 - src.process_pipeline - INFO - Saved merged data to data\processed\Spain\La Liga\2022\merged_2022.csv
2025-09-01 20:22:32,713 - src.process_pipeline - INFO - Successfully merged 370 records
2025-09-01 20:22:32,731 - src.process_pipeline - INFO - Processing Spain/La Liga/2023
2025-09-01 20:22:32,743 - src.process_pipeline - WARNING - Missing odds file: data\extracted\Spain\La Liga\2023\odds.csv
2025-09-01 20:22:32,752 - src.process_pipeline - INFO - Successfully merged 380 records with team statistics
2025-09-01 20:22:32,765 - src.process_pipeline - INFO - Saved merged data to data\processed\Spain\La Liga\2023\merged_2023.csv
2025-09-01 20:22:32,766 - src.process_pipeline - INFO - Successfully merged 380 records
2025-09-01 20:22:32,786 - src.process_pipeline - INFO - Processing Spain/La Liga/2024
2025-09-01 20:22:32,799 - src.process_pipeline - WARNING - Missing odds file: data\extracted\Spain\La Liga\2024\odds.csv
2025-09-01 20:22:32,807 - src.process_pipeline - INFO - Successfully merged 380 records with team statistics
2025-09-01 20:22:32,821 - src.process_pipeline - INFO - Saved merged data to data\processed\Spain\La Liga\2024\merged_2024.csv
2025-09-01 20:22:32,821 - src.process_pipeline - INFO - Successfully merged 380 records
2025-09-01 20:22:32,842 - src.process_pipeline - INFO - Processing Spain/La Liga/2025
2025-09-01 20:22:32,852 - src.process_pipeline - INFO - Odds data found for Spain/La Liga/2025
2025-09-01 20:22:32,900 - src.process_pipeline - INFO - Added odds data for 28 fixtures
2025-09-01 20:22:32,901 - src.process_pipeline - INFO - Successfully merged 28 records with team statistics
2025-09-01 20:22:32,904 - src.process_pipeline - INFO - Saved merged data to data\processed\Spain\La Liga\2025\merged_2025.csv
2025-09-01 20:22:32,904 - src.process_pipeline - INFO - Successfully merged 28 records
2025-09-01 20:22:32,923 - src.process_pipeline - INFO - Processing Spain/Segunda Division/2017
2025-09-01 20:22:32,939 - src.process_pipeline - WARNING - Missing odds file: data\extracted\Spain\Segunda Division\2017\odds.csv
2025-09-01 20:22:32,948 - src.process_pipeline - INFO - Successfully merged 468 records with team statistics
2025-09-01 20:22:32,967 - src.process_pipeline - INFO - Saved merged data to data\processed\Spain\Segunda Division\2017\merged_2017.csv
2025-09-01 20:22:32,967 - src.process_pipeline - INFO - Successfully merged 468 records
2025-09-01 20:22:32,986 - src.process_pipeline - INFO - Processing Spain/Segunda Division/2018
2025-09-01 20:22:33,000 - src.process_pipeline - WARNING - Missing odds file: data\extracted\Spain\Segunda Division\2018\odds.csv
2025-09-01 20:22:33,009 - src.process_pipeline - INFO - Successfully merged 466 records with team statistics
2025-09-01 20:22:33,030 - src.process_pipeline - INFO - Saved merged data to data\processed\Spain\Segunda Division\2018\merged_2018.csv
2025-09-01 20:22:33,030 - src.process_pipeline - INFO - Successfully merged 466 records
2025-09-01 20:22:33,048 - src.process_pipeline - INFO - Processing Spain/Segunda Division/2019
2025-09-01 20:22:33,059 - src.process_pipeline - WARNING - Missing odds file: data\extracted\Spain\Segunda Division\2019\odds.csv
2025-09-01 20:22:33,067 - src.process_pipeline - INFO - Successfully merged 398 records with team statistics
2025-09-01 20:22:33,081 - src.process_pipeline - INFO - Saved merged data to data\processed\Spain\Segunda Division\2019\merged_2019.csv
2025-09-01 20:22:33,081 - src.process_pipeline - INFO - Successfully merged 398 records
2025-09-01 20:22:33,099 - src.process_pipeline - INFO - Processing Spain/Segunda Division/2020
2025-09-01 20:22:33,114 - src.process_pipeline - WARNING - Missing odds file: data\extracted\Spain\Segunda Division\2020\odds.csv
2025-09-01 20:22:33,123 - src.process_pipeline - INFO - Successfully merged 468 records with team statistics
2025-09-01 20:22:33,138 - src.process_pipeline - INFO - Saved merged data to data\processed\Spain\Segunda Division\2020\merged_2020.csv
2025-09-01 20:22:33,139 - src.process_pipeline - INFO - Successfully merged 468 records
2025-09-01 20:22:33,158 - src.process_pipeline - INFO - Processing Spain/Segunda Division/2021
2025-09-01 20:22:33,173 - src.process_pipeline - WARNING - Missing odds file: data\extracted\Spain\Segunda Division\2021\odds.csv
2025-09-01 20:22:33,183 - src.process_pipeline - INFO - Successfully merged 468 records with team statistics
2025-09-01 20:22:33,199 - src.process_pipeline - INFO - Saved merged data to data\processed\Spain\Segunda Division\2021\merged_2021.csv
2025-09-01 20:22:33,199 - src.process_pipeline - INFO - Successfully merged 468 records
2025-09-01 20:22:33,222 - src.process_pipeline - INFO - Processing Spain/Segunda Division/2022
2025-09-01 20:22:33,237 - src.process_pipeline - WARNING - Missing odds file: data\extracted\Spain\Segunda Division\2022\odds.csv
2025-09-01 20:22:33,246 - src.process_pipeline - INFO - Successfully merged 468 records with team statistics
2025-09-01 20:22:33,261 - src.process_pipeline - INFO - Saved merged data to data\processed\Spain\Segunda Division\2022\merged_2022.csv
2025-09-01 20:22:33,261 - src.process_pipeline - INFO - Successfully merged 468 records
2025-09-01 20:22:33,280 - src.process_pipeline - INFO - Processing Spain/Segunda Division/2023
2025-09-01 20:22:33,295 - src.process_pipeline - WARNING - Missing odds file: data\extracted\Spain\Segunda Division\2023\odds.csv
2025-09-01 20:22:33,304 - src.process_pipeline - INFO - Successfully merged 468 records with team statistics
2025-09-01 20:22:33,322 - src.process_pipeline - INFO - Saved merged data to data\processed\Spain\Segunda Division\2023\merged_2023.csv
2025-09-01 20:22:33,323 - src.process_pipeline - INFO - Successfully merged 468 records
2025-09-01 20:22:33,351 - src.process_pipeline - INFO - Processing Spain/Segunda Division/2024
2025-09-01 20:22:33,378 - src.process_pipeline - WARNING - Missing odds file: data\extracted\Spain\Segunda Division\2024\odds.csv
2025-09-01 20:22:33,394 - src.process_pipeline - INFO - Successfully merged 468 records with team statistics
2025-09-01 20:22:33,416 - src.process_pipeline - INFO - Saved merged data to data\processed\Spain\Segunda Division\2024\merged_2024.csv
2025-09-01 20:22:33,416 - src.process_pipeline - INFO - Successfully merged 468 records
2025-09-01 20:22:33,449 - src.process_pipeline - INFO - Processing Spain/Segunda Division/2025
2025-09-01 20:22:33,475 - src.process_pipeline - INFO - Odds data found for Spain/Segunda Division/2025
2025-09-01 20:22:33,501 - src.process_pipeline - INFO - Added odds data for 11 fixtures
2025-09-01 20:22:33,501 - src.process_pipeline - INFO - Successfully merged 11 records with team statistics
2025-09-01 20:22:33,505 - src.process_pipeline - INFO - Saved merged data to data\processed\Spain\Segunda Division\2025\merged_2025.csv
2025-09-01 20:22:33,505 - src.process_pipeline - INFO - Successfully merged 11 records
2025-09-01 20:22:33,529 - src.process_pipeline - INFO - Starting preprocessing and feature engineering
2025-09-01 20:22:33,529 - src.process_pipeline - INFO - Initial data shape: (37771, 74)
2025-09-01 20:22:33,529 - src.process_pipeline - INFO - Cleaning data
2025-09-01 20:22:37,004 - src.process_pipeline - INFO - Adding competition info from league names
2025-09-01 20:22:37,276 - src.process_pipeline - INFO - Competition Distribution:
2025-09-01 20:22:37,276 - src.process_pipeline - INFO -   Cup matches: 4343 (11.6%)
2025-09-01 20:22:37,277 - src.process_pipeline - INFO -   European matches: 8954 (23.9%)
2025-09-01 20:22:37,277 - src.process_pipeline - INFO -   League matches: 24200 (64.5%)
2025-09-01 20:22:37,283 - src.process_pipeline - INFO - Adding competition context
2025-09-01 20:22:39,405 - src.process_pipeline - INFO - Adding competition metrics
2025-09-01 20:22:40,622 - src.process_pipeline - INFO - Calculating proper standings for 37497 matches...
2025-09-01 20:22:41,331 - src.process_pipeline - INFO - Standings progress: 2.7% (1000/37497)
2025-09-01 20:22:42,023 - src.process_pipeline - INFO - Standings progress: 5.3% (2000/37497)
2025-09-01 20:22:42,757 - src.process_pipeline - INFO - Standings progress: 8.0% (3000/37497)
2025-09-01 20:22:43,383 - src.process_pipeline - INFO - Standings progress: 10.7% (4000/37497)
2025-09-01 20:22:43,977 - src.process_pipeline - INFO - Standings progress: 13.3% (5000/37497)
2025-09-01 20:22:44,712 - src.process_pipeline - INFO - Standings progress: 16.0% (6000/37497)
2025-09-01 20:22:45,373 - src.process_pipeline - INFO - Standings progress: 18.7% (7000/37497)
2025-09-01 20:22:45,990 - src.process_pipeline - INFO - Standings progress: 21.3% (8000/37497)
2025-09-01 20:22:46,616 - src.process_pipeline - INFO - Standings progress: 24.0% (9000/37497)
2025-09-01 20:22:47,237 - src.process_pipeline - INFO - Standings progress: 26.7% (10000/37497)
2025-09-01 20:22:47,971 - src.process_pipeline - INFO - Standings progress: 29.3% (11000/37497)
2025-09-01 20:22:48,714 - src.process_pipeline - INFO - Standings progress: 32.0% (12000/37497)
2025-09-01 20:22:49,419 - src.process_pipeline - INFO - Standings progress: 34.7% (13000/37497)
2025-09-01 20:22:50,118 - src.process_pipeline - INFO - Standings progress: 37.3% (14000/37497)
2025-09-01 20:22:50,831 - src.process_pipeline - INFO - Standings progress: 40.0% (15000/37497)
2025-09-01 20:22:51,621 - src.process_pipeline - INFO - Standings progress: 42.7% (16000/37497)
2025-09-01 20:22:52,472 - src.process_pipeline - INFO - Standings progress: 45.3% (17000/37497)
2025-09-01 20:22:53,418 - src.process_pipeline - INFO - Standings progress: 48.0% (18000/37497)
2025-09-01 20:22:54,332 - src.process_pipeline - INFO - Standings progress: 50.7% (19000/37497)
2025-09-01 20:22:55,166 - src.process_pipeline - INFO - Standings progress: 53.3% (20000/37497)
2025-09-01 20:22:56,000 - src.process_pipeline - INFO - Standings progress: 56.0% (21000/37497)
2025-09-01 20:22:56,856 - src.process_pipeline - INFO - Standings progress: 58.7% (22000/37497)
2025-09-01 20:22:57,861 - src.process_pipeline - INFO - Standings progress: 61.3% (23000/37497)
2025-09-01 20:22:58,734 - src.process_pipeline - INFO - Standings progress: 64.0% (24000/37497)
2025-09-01 20:22:59,609 - src.process_pipeline - INFO - Standings progress: 66.7% (25000/37497)
2025-09-01 20:23:00,627 - src.process_pipeline - INFO - Standings progress: 69.3% (26000/37497)
2025-09-01 20:23:01,494 - src.process_pipeline - INFO - Standings progress: 72.0% (27000/37497)
2025-09-01 20:23:02,346 - src.process_pipeline - INFO - Standings progress: 74.7% (28000/37497)
2025-09-01 20:23:03,342 - src.process_pipeline - INFO - Standings progress: 77.3% (29000/37497)
2025-09-01 20:23:04,352 - src.process_pipeline - INFO - Standings progress: 80.0% (30000/37497)
2025-09-01 20:23:05,294 - src.process_pipeline - INFO - Standings progress: 82.7% (31000/37497)
2025-09-01 20:23:06,224 - src.process_pipeline - INFO - Standings progress: 85.3% (32000/37497)
2025-09-01 20:23:07,172 - src.process_pipeline - INFO - Standings progress: 88.0% (33000/37497)
2025-09-01 20:23:08,107 - src.process_pipeline - INFO - Standings progress: 90.7% (34000/37497)
2025-09-01 20:23:09,231 - src.process_pipeline - INFO - Standings progress: 93.3% (35000/37497)
2025-09-01 20:23:10,363 - src.process_pipeline - INFO - Standings progress: 96.0% (36000/37497)
2025-09-01 20:23:11,508 - src.process_pipeline - INFO - Standings progress: 98.7% (37000/37497)
2025-09-01 20:23:12,064 - src.process_pipeline - INFO - Standings progress: 100.0% (37497/37497)
2025-09-01 20:23:14,283 - src.process_pipeline - INFO - Dropped 6 non rolled standings metrics
2025-09-01 20:23:45,730 - src.process_pipeline - INFO - Completed: Processing 37455 matches...
2025-09-01 20:24:24,292 - src.process_pipeline - INFO - H2H Progress: 10% (3745/37455) - 38.6s
2025-09-01 20:25:09,708 - src.process_pipeline - INFO - H2H Progress: 20% (7490/37455) - 84.0s
2025-09-01 20:25:55,712 - src.process_pipeline - INFO - H2H Progress: 30% (11235/37455) - 130.0s
2025-09-01 20:26:48,055 - src.process_pipeline - INFO - H2H Progress: 40% (14980/37455) - 182.3s
2025-09-01 20:27:35,490 - src.process_pipeline - INFO - H2H Progress: 50% (18725/37455) - 229.8s
2025-09-01 20:28:28,886 - src.process_pipeline - INFO - H2H Progress: 60% (22470/37455) - 283.2s
2025-09-01 20:29:22,456 - src.process_pipeline - INFO - H2H Progress: 70% (26215/37455) - 336.7s
2025-09-01 20:30:10,739 - src.process_pipeline - INFO - H2H Progress: 80% (29960/37455) - 385.0s
2025-09-01 20:31:05,371 - src.process_pipeline - INFO - H2H Progress: 90% (33705/37455) - 439.6s
2025-09-01 20:32:00,485 - src.process_pipeline - INFO - H2H Progress: 100% (37450/37455) - 494.8s
2025-09-01 20:32:00,559 - src.process_pipeline - INFO - H2H Progress: 100% (37455/37455) - 494.8s
2025-09-01 20:32:00,580 - src.process_pipeline - INFO - Upcoming: Processing 42 matches...
2025-09-01 20:32:00,700 - src.process_pipeline - INFO - H2H Progress: 10% (4/42) - 0.1s
2025-09-01 20:32:00,761 - src.process_pipeline - INFO - H2H Progress: 19% (8/42) - 0.2s
2025-09-01 20:32:00,823 - src.process_pipeline - INFO - H2H Progress: 29% (12/42) - 0.2s
2025-09-01 20:32:00,906 - src.process_pipeline - INFO - H2H Progress: 38% (16/42) - 0.3s
2025-09-01 20:32:00,953 - src.process_pipeline - INFO - H2H Progress: 48% (20/42) - 0.4s
2025-09-01 20:32:01,028 - src.process_pipeline - INFO - H2H Progress: 57% (24/42) - 0.4s
2025-09-01 20:32:01,095 - src.process_pipeline - INFO - H2H Progress: 67% (28/42) - 0.5s
2025-09-01 20:32:01,165 - src.process_pipeline - INFO - H2H Progress: 76% (32/42) - 0.6s
2025-09-01 20:32:01,235 - src.process_pipeline - INFO - H2H Progress: 86% (36/42) - 0.7s
2025-09-01 20:32:01,303 - src.process_pipeline - INFO - H2H Progress: 95% (40/42) - 0.7s
2025-09-01 20:32:01,337 - src.process_pipeline - INFO - H2H Progress: 100% (42/42) - 0.8s
2025-09-01 20:32:05,233 - src.process_pipeline - INFO - Dropped 36 original metrics
2025-09-01 20:32:05,315 - src.process_pipeline - INFO - Calculating rolling averages for 85 metrics with windows [5]
2025-09-01 20:33:06,977 - src.process_pipeline - INFO - Dropped 49 non rolled metrics
2025-09-01 20:33:06,978 - src.process_pipeline - INFO - Calculated rolling averages completed
2025-09-01 20:33:07,058 - src.process_pipeline - INFO - Final shape: (37497, 165)
2025-09-01 20:33:19,249 - src.process_pipeline - INFO - Saved H2H data with 10532 team pairs
2025-09-01 20:33:19,257 - src.process_pipeline - INFO - Saved standings data for 7622 teams
2025-09-01 20:33:19,257 - src.process_pipeline - INFO - Incremental processing complete. Total records: 37497
2025-09-01 20:33:19,257 - src.process_pipeline - INFO - New records processed: 37497
