2025-08-28 21:25:02,616 - src.process_pipeline - INFO - Logging initialized. Log file: logs/process\process_20250828_212502.log
2025-08-28 21:25:03,267 - src.process_pipeline - INFO - Loaded H2H data with 6292 team pairs
2025-08-28 21:25:03,270 - src.process_pipeline - INFO - Loaded standings data for 2401 teams
2025-08-28 21:25:03,415 - src.process_pipeline - INFO - Processing Europe/Champions League/2018
2025-08-28 21:25:03,430 - src.process_pipeline - INFO - Successfully merged 166 records with team statistics
2025-08-28 21:25:03,439 - src.process_pipeline - INFO - Saved merged data to data\processed\Europe\Champions League\2018\merged_2018.csv
2025-08-28 21:25:03,439 - src.process_pipeline - INFO - Successfully merged 166 records
2025-08-28 21:25:03,440 - src.process_pipeline - INFO - Processing Europe/Champions League/2019
2025-08-28 21:25:03,454 - src.process_pipeline - INFO - Successfully merged 140 records with team statistics
2025-08-28 21:25:03,461 - src.process_pipeline - INFO - Saved merged data to data\processed\Europe\Champions League\2019\merged_2019.csv
2025-08-28 21:25:03,461 - src.process_pipeline - INFO - Successfully merged 140 records
2025-08-28 21:25:03,463 - src.process_pipeline - INFO - Processing Europe/Champions League/2020
2025-08-28 21:25:03,477 - src.process_pipeline - INFO - Successfully merged 178 records with team statistics
2025-08-28 21:25:03,484 - src.process_pipeline - INFO - Saved merged data to data\processed\Europe\Champions League\2020\merged_2020.csv
2025-08-28 21:25:03,484 - src.process_pipeline - INFO - Successfully merged 178 records
2025-08-28 21:25:03,487 - src.process_pipeline - INFO - Processing Europe/Champions League/2021
2025-08-28 21:25:03,501 - src.process_pipeline - INFO - Successfully merged 157 records with team statistics
2025-08-28 21:25:03,507 - src.process_pipeline - INFO - Saved merged data to data\processed\Europe\Champions League\2021\merged_2021.csv
2025-08-28 21:25:03,508 - src.process_pipeline - INFO - Successfully merged 157 records
2025-08-28 21:25:03,510 - src.process_pipeline - INFO - Processing Europe/Champions League/2022
2025-08-28 21:25:03,526 - src.process_pipeline - INFO - Successfully merged 210 records with team statistics
2025-08-28 21:25:03,535 - src.process_pipeline - INFO - Saved merged data to data\processed\Europe\Champions League\2022\merged_2022.csv
2025-08-28 21:25:03,535 - src.process_pipeline - INFO - Successfully merged 210 records
2025-08-28 21:25:03,538 - src.process_pipeline - INFO - Processing Europe/Champions League/2023
2025-08-28 21:25:03,554 - src.process_pipeline - INFO - Successfully merged 211 records with team statistics
2025-08-28 21:25:03,563 - src.process_pipeline - INFO - Saved merged data to data\processed\Europe\Champions League\2023\merged_2023.csv
2025-08-28 21:25:03,563 - src.process_pipeline - INFO - Successfully merged 211 records
2025-08-28 21:25:03,566 - src.process_pipeline - INFO - Processing Europe/Champions League/2024
2025-08-28 21:25:03,583 - src.process_pipeline - INFO - Successfully merged 279 records with team statistics
2025-08-28 21:25:03,593 - src.process_pipeline - INFO - Saved merged data to data\processed\Europe\Champions League\2024\merged_2024.csv
2025-08-28 21:25:03,593 - src.process_pipeline - INFO - Successfully merged 279 records
2025-08-28 21:25:03,597 - src.process_pipeline - INFO - Processing Europe/Champions League/2025
2025-08-28 21:25:03,609 - src.process_pipeline - INFO - Successfully merged 30 records with team statistics
2025-08-28 21:25:03,611 - src.process_pipeline - INFO - Saved merged data to data\processed\Europe\Champions League\2025\merged_2025.csv
2025-08-28 21:25:03,611 - src.process_pipeline - INFO - Successfully merged 30 records
2025-08-28 21:25:03,614 - src.process_pipeline - INFO - Processing Europe/Conference League/2021
2025-08-28 21:25:03,630 - src.process_pipeline - INFO - Successfully merged 423 records with team statistics
2025-08-28 21:25:03,644 - src.process_pipeline - INFO - Saved merged data to data\processed\Europe\Conference League\2021\merged_2021.csv
2025-08-28 21:25:03,644 - src.process_pipeline - INFO - Successfully merged 423 records
2025-08-28 21:25:03,647 - src.process_pipeline - INFO - Processing Europe/Conference League/2022
2025-08-28 21:25:03,666 - src.process_pipeline - INFO - Successfully merged 414 records with team statistics
2025-08-28 21:25:03,682 - src.process_pipeline - INFO - Saved merged data to data\processed\Europe\Conference League\2022\merged_2022.csv
2025-08-28 21:25:03,682 - src.process_pipeline - INFO - Successfully merged 414 records
2025-08-28 21:25:03,685 - src.process_pipeline - INFO - Processing Europe/Conference League/2023
2025-08-28 21:25:03,706 - src.process_pipeline - INFO - Successfully merged 417 records with team statistics
2025-08-28 21:25:03,726 - src.process_pipeline - INFO - Saved merged data to data\processed\Europe\Conference League\2023\merged_2023.csv
2025-08-28 21:25:03,726 - src.process_pipeline - INFO - Successfully merged 417 records
2025-08-28 21:25:03,729 - src.process_pipeline - INFO - Processing Europe/Conference League/2024
2025-08-28 21:25:03,730 - src.process_pipeline - WARNING - Missing team stats file: data\extracted\Europe\Conference League\2024\team_statistics.csv
2025-08-28 21:25:03,730 - src.process_pipeline - INFO - Processing Europe/Conference League/2025
2025-08-28 21:25:03,743 - src.process_pipeline - INFO - Successfully merged 84 records with team statistics
2025-08-28 21:25:03,747 - src.process_pipeline - INFO - Saved merged data to data\processed\Europe\Conference League\2025\merged_2025.csv
2025-08-28 21:25:03,747 - src.process_pipeline - INFO - Successfully merged 84 records
2025-08-28 21:25:03,750 - src.process_pipeline - INFO - Processing Europe/Europa League/2018
2025-08-28 21:25:03,767 - src.process_pipeline - INFO - Successfully merged 364 records with team statistics
2025-08-28 21:25:03,781 - src.process_pipeline - INFO - Saved merged data to data\processed\Europe\Europa League\2018\merged_2018.csv
2025-08-28 21:25:03,781 - src.process_pipeline - INFO - Successfully merged 364 records
2025-08-28 21:25:03,785 - src.process_pipeline - INFO - Processing Europe/Europa League/2019
2025-08-28 21:25:03,801 - src.process_pipeline - INFO - Successfully merged 337 records with team statistics
2025-08-28 21:25:03,814 - src.process_pipeline - INFO - Saved merged data to data\processed\Europe\Europa League\2019\merged_2019.csv
2025-08-28 21:25:03,814 - src.process_pipeline - INFO - Successfully merged 337 records
2025-08-28 21:25:03,818 - src.process_pipeline - INFO - Processing Europe/Europa League/2020
2025-08-28 21:25:03,836 - src.process_pipeline - INFO - Successfully merged 362 records with team statistics
2025-08-28 21:25:03,850 - src.process_pipeline - INFO - Saved merged data to data\processed\Europe\Europa League\2020\merged_2020.csv
2025-08-28 21:25:03,850 - src.process_pipeline - INFO - Successfully merged 362 records
2025-08-28 21:25:03,853 - src.process_pipeline - INFO - Processing Europe/Europa League/2021
2025-08-28 21:25:03,869 - src.process_pipeline - INFO - Successfully merged 177 records with team statistics
2025-08-28 21:25:03,877 - src.process_pipeline - INFO - Saved merged data to data\processed\Europe\Europa League\2021\merged_2021.csv
2025-08-28 21:25:03,878 - src.process_pipeline - INFO - Successfully merged 177 records
2025-08-28 21:25:03,883 - src.process_pipeline - INFO - Processing Europe/Europa League/2022
2025-08-28 21:25:03,898 - src.process_pipeline - INFO - Successfully merged 175 records with team statistics
2025-08-28 21:25:03,905 - src.process_pipeline - INFO - Saved merged data to data\processed\Europe\Europa League\2022\merged_2022.csv
2025-08-28 21:25:03,906 - src.process_pipeline - INFO - Successfully merged 175 records
2025-08-28 21:25:03,910 - src.process_pipeline - INFO - Processing Europe/Europa League/2023
2025-08-28 21:25:03,924 - src.process_pipeline - INFO - Successfully merged 175 records with team statistics
2025-08-28 21:25:03,932 - src.process_pipeline - INFO - Saved merged data to data\processed\Europe\Europa League\2023\merged_2023.csv
2025-08-28 21:25:03,932 - src.process_pipeline - INFO - Successfully merged 175 records
2025-08-28 21:25:03,935 - src.process_pipeline - INFO - Processing Europe/Europa League/2024
2025-08-28 21:25:03,952 - src.process_pipeline - INFO - Successfully merged 269 records with team statistics
2025-08-28 21:25:03,973 - src.process_pipeline - INFO - Saved merged data to data\processed\Europe\Europa League\2024\merged_2024.csv
2025-08-28 21:25:03,973 - src.process_pipeline - INFO - Successfully merged 269 records
2025-08-28 21:25:03,977 - src.process_pipeline - INFO - Processing Europe/Europa League/2025
2025-08-28 21:25:03,990 - src.process_pipeline - INFO - Successfully merged 38 records with team statistics
2025-08-28 21:25:03,994 - src.process_pipeline - INFO - Saved merged data to data\processed\Europe\Europa League\2025\merged_2025.csv
2025-08-28 21:25:03,994 - src.process_pipeline - INFO - Successfully merged 38 records
2025-08-28 21:25:03,998 - src.process_pipeline - INFO - Processing Italy/Coppa Italia/2020
2025-08-28 21:25:04,012 - src.process_pipeline - INFO - Successfully merged 79 records with team statistics
2025-08-28 21:25:04,018 - src.process_pipeline - INFO - Saved merged data to data\processed\Italy\Coppa Italia\2020\merged_2020.csv
2025-08-28 21:25:04,019 - src.process_pipeline - INFO - Successfully merged 79 records
2025-08-28 21:25:04,025 - src.process_pipeline - INFO - Processing Italy/Coppa Italia/2021
2025-08-28 21:25:04,036 - src.process_pipeline - INFO - Successfully merged 45 records with team statistics
2025-08-28 21:25:04,041 - src.process_pipeline - INFO - Saved merged data to data\processed\Italy\Coppa Italia\2021\merged_2021.csv
2025-08-28 21:25:04,041 - src.process_pipeline - INFO - Successfully merged 45 records
2025-08-28 21:25:04,046 - src.process_pipeline - INFO - Processing Italy/Coppa Italia/2022
2025-08-28 21:25:04,059 - src.process_pipeline - INFO - Successfully merged 41 records with team statistics
2025-08-28 21:25:04,062 - src.process_pipeline - INFO - Saved merged data to data\processed\Italy\Coppa Italia\2022\merged_2022.csv
2025-08-28 21:25:04,062 - src.process_pipeline - INFO - Successfully merged 41 records
2025-08-28 21:25:04,066 - src.process_pipeline - INFO - Processing Italy/Coppa Italia/2023
2025-08-28 21:25:04,080 - src.process_pipeline - INFO - Successfully merged 45 records with team statistics
2025-08-28 21:25:04,083 - src.process_pipeline - INFO - Saved merged data to data\processed\Italy\Coppa Italia\2023\merged_2023.csv
2025-08-28 21:25:04,083 - src.process_pipeline - INFO - Successfully merged 45 records
2025-08-28 21:25:04,088 - src.process_pipeline - INFO - Processing Italy/Coppa Italia/2024
2025-08-28 21:25:04,100 - src.process_pipeline - INFO - Successfully merged 45 records with team statistics
2025-08-28 21:25:04,104 - src.process_pipeline - INFO - Saved merged data to data\processed\Italy\Coppa Italia\2024\merged_2024.csv
2025-08-28 21:25:04,104 - src.process_pipeline - INFO - Successfully merged 45 records
2025-08-28 21:25:04,110 - src.process_pipeline - INFO - Processing Italy/Serie A/2018
2025-08-28 21:25:04,130 - src.process_pipeline - INFO - Successfully merged 380 records with team statistics
2025-08-28 21:25:04,145 - src.process_pipeline - INFO - Saved merged data to data\processed\Italy\Serie A\2018\merged_2018.csv
2025-08-28 21:25:04,145 - src.process_pipeline - INFO - Successfully merged 380 records
2025-08-28 21:25:04,152 - src.process_pipeline - INFO - Processing Italy/Serie A/2019
2025-08-28 21:25:04,169 - src.process_pipeline - INFO - Successfully merged 256 records with team statistics
2025-08-28 21:25:04,178 - src.process_pipeline - INFO - Saved merged data to data\processed\Italy\Serie A\2019\merged_2019.csv
2025-08-28 21:25:04,178 - src.process_pipeline - INFO - Successfully merged 256 records
2025-08-28 21:25:04,184 - src.process_pipeline - INFO - Processing Italy/Serie A/2020
2025-08-28 21:25:04,206 - src.process_pipeline - INFO - Successfully merged 380 records with team statistics
2025-08-28 21:25:04,218 - src.process_pipeline - INFO - Saved merged data to data\processed\Italy\Serie A\2020\merged_2020.csv
2025-08-28 21:25:04,218 - src.process_pipeline - INFO - Successfully merged 380 records
2025-08-28 21:25:04,224 - src.process_pipeline - INFO - Processing Italy/Serie A/2021
2025-08-28 21:25:04,242 - src.process_pipeline - INFO - Successfully merged 380 records with team statistics
2025-08-28 21:25:04,253 - src.process_pipeline - INFO - Saved merged data to data\processed\Italy\Serie A\2021\merged_2021.csv
2025-08-28 21:25:04,253 - src.process_pipeline - INFO - Successfully merged 380 records
2025-08-28 21:25:04,259 - src.process_pipeline - INFO - Processing Italy/Serie A/2022
2025-08-28 21:25:04,277 - src.process_pipeline - INFO - Successfully merged 370 records with team statistics
2025-08-28 21:25:04,288 - src.process_pipeline - INFO - Saved merged data to data\processed\Italy\Serie A\2022\merged_2022.csv
2025-08-28 21:25:04,288 - src.process_pipeline - INFO - Successfully merged 370 records
2025-08-28 21:25:04,294 - src.process_pipeline - INFO - Processing Italy/Serie A/2023
2025-08-28 21:25:04,312 - src.process_pipeline - INFO - Successfully merged 379 records with team statistics
2025-08-28 21:25:04,323 - src.process_pipeline - INFO - Saved merged data to data\processed\Italy\Serie A\2023\merged_2023.csv
2025-08-28 21:25:04,323 - src.process_pipeline - INFO - Successfully merged 379 records
2025-08-28 21:25:04,329 - src.process_pipeline - INFO - Processing Italy/Serie A/2024
2025-08-28 21:25:04,348 - src.process_pipeline - INFO - Successfully merged 380 records with team statistics
2025-08-28 21:25:04,362 - src.process_pipeline - INFO - Saved merged data to data\processed\Italy\Serie A\2024\merged_2024.csv
2025-08-28 21:25:04,362 - src.process_pipeline - INFO - Successfully merged 380 records
2025-08-28 21:25:04,369 - src.process_pipeline - INFO - Processing Italy/Serie A/2025
2025-08-28 21:25:04,381 - src.process_pipeline - INFO - Successfully merged 10 records with team statistics
2025-08-28 21:25:04,383 - src.process_pipeline - INFO - Saved merged data to data\processed\Italy\Serie A\2025\merged_2025.csv
2025-08-28 21:25:04,383 - src.process_pipeline - INFO - Successfully merged 10 records
2025-08-28 21:25:04,392 - src.process_pipeline - INFO - Processing Italy/Serie B/2021
2025-08-28 21:25:04,412 - src.process_pipeline - INFO - Successfully merged 390 records with team statistics
2025-08-28 21:25:04,424 - src.process_pipeline - INFO - Saved merged data to data\processed\Italy\Serie B\2021\merged_2021.csv
2025-08-28 21:25:04,424 - src.process_pipeline - INFO - Successfully merged 390 records
2025-08-28 21:25:04,431 - src.process_pipeline - INFO - Processing Italy/Serie B/2022
2025-08-28 21:25:04,449 - src.process_pipeline - INFO - Successfully merged 385 records with team statistics
2025-08-28 21:25:04,460 - src.process_pipeline - INFO - Saved merged data to data\processed\Italy\Serie B\2022\merged_2022.csv
2025-08-28 21:25:04,461 - src.process_pipeline - INFO - Successfully merged 385 records
2025-08-28 21:25:04,469 - src.process_pipeline - INFO - Processing Italy/Serie B/2023
2025-08-28 21:25:04,489 - src.process_pipeline - INFO - Successfully merged 389 records with team statistics
2025-08-28 21:25:04,502 - src.process_pipeline - INFO - Saved merged data to data\processed\Italy\Serie B\2023\merged_2023.csv
2025-08-28 21:25:04,502 - src.process_pipeline - INFO - Successfully merged 389 records
2025-08-28 21:25:04,511 - src.process_pipeline - INFO - Processing Italy/Serie B/2024
2025-08-28 21:25:04,530 - src.process_pipeline - INFO - Successfully merged 387 records with team statistics
2025-08-28 21:25:04,541 - src.process_pipeline - INFO - Saved merged data to data\processed\Italy\Serie B\2024\merged_2024.csv
2025-08-28 21:25:04,542 - src.process_pipeline - INFO - Successfully merged 387 records
2025-08-28 21:25:04,550 - src.process_pipeline - INFO - Processing Italy/Serie B/2025
2025-08-28 21:25:04,551 - src.process_pipeline - WARNING - Missing fixtures file: data\extracted\Italy\Serie B\2025\fixture_events.csv
2025-08-28 21:25:04,551 - src.process_pipeline - INFO - Starting preprocessing and feature engineering
2025-08-28 21:25:04,551 - src.process_pipeline - INFO - Initial data shape: (8947, 71)
2025-08-28 21:25:04,551 - src.process_pipeline - INFO - Cleaning data
2025-08-28 21:25:05,178 - src.process_pipeline - INFO - Adding competition info from league names
2025-08-28 21:25:05,178 - src.process_pipeline - INFO - Adding competition context
2025-08-28 21:25:05,178 - src.process_pipeline - INFO - Adding competition metrics
2025-08-28 21:25:05,205 - src.process_pipeline - INFO - Calculating proper standings for 8936 matches...
2025-08-28 21:25:05,867 - src.process_pipeline - INFO - Standings progress: 11.2% (1000/8936)
2025-08-28 21:25:06,515 - src.process_pipeline - INFO - Standings progress: 22.4% (2000/8936)
2025-08-28 21:25:07,208 - src.process_pipeline - INFO - Standings progress: 33.6% (3000/8936)
2025-08-28 21:25:07,815 - src.process_pipeline - INFO - Standings progress: 44.8% (4000/8936)
2025-08-28 21:25:08,415 - src.process_pipeline - INFO - Standings progress: 56.0% (5000/8936)
2025-08-28 21:25:09,033 - src.process_pipeline - INFO - Standings progress: 67.1% (6000/8936)
2025-08-28 21:25:09,638 - src.process_pipeline - INFO - Standings progress: 78.3% (7000/8936)
2025-08-28 21:25:10,322 - src.process_pipeline - INFO - Standings progress: 89.5% (8000/8936)
2025-08-28 21:25:11,059 - src.process_pipeline - INFO - Standings progress: 100.0% (8936/8936)
2025-08-28 21:25:21,843 - src.process_pipeline - INFO - Final shape: (8936, 111)
2025-08-28 21:25:24,824 - src.process_pipeline - INFO - Saved H2H data with 6292 team pairs
2025-08-28 21:25:24,827 - src.process_pipeline - INFO - Saved standings data for 2401 teams
2025-08-28 21:25:24,827 - src.process_pipeline - INFO - Incremental processing complete. Total records: 8936
2025-08-28 21:25:24,827 - src.process_pipeline - INFO - New records processed: 8936
