2025-09-03 21:19:41,990 - src.process_pipeline - INFO - Logging initialized. Log file: logs/process\process_20250903_211941.log
2025-09-03 21:19:43,099 - src.process_pipeline - INFO - Loaded H2H data with 11835 team pairs
2025-09-03 21:19:43,102 - src.process_pipeline - INFO - Loaded standings data for 1964 teams
2025-09-03 21:19:43,203 - src.process_pipeline - INFO - Processing Europe/Champions League/2020
2025-09-03 21:19:43,212 - src.process_pipeline - WARNING - Missing odds file: data\extracted\Europe\Champions League\2020\odds.csv
2025-09-03 21:19:43,222 - src.process_pipeline - INFO - Successfully merged 178 records with team statistics
2025-09-03 21:19:43,233 - src.process_pipeline - INFO - Saved merged data to data\processed\Europe\Champions League\2020\merged_2020.csv
2025-09-03 21:19:43,233 - src.process_pipeline - INFO - Successfully merged 178 records
2025-09-03 21:19:43,234 - src.process_pipeline - INFO - Processing Europe/Champions League/2021
2025-09-03 21:19:43,241 - src.process_pipeline - WARNING - Missing odds file: data\extracted\Europe\Champions League\2021\odds.csv
2025-09-03 21:19:43,249 - src.process_pipeline - INFO - Successfully merged 157 records with team statistics
2025-09-03 21:19:43,256 - src.process_pipeline - INFO - Saved merged data to data\processed\Europe\Champions League\2021\merged_2021.csv
2025-09-03 21:19:43,256 - src.process_pipeline - INFO - Successfully merged 157 records
2025-09-03 21:19:43,259 - src.process_pipeline - INFO - Processing Europe/Champions League/2022
2025-09-03 21:19:43,266 - src.process_pipeline - WARNING - Missing odds file: data\extracted\Europe\Champions League\2022\odds.csv
2025-09-03 21:19:43,275 - src.process_pipeline - INFO - Successfully merged 210 records with team statistics
2025-09-03 21:19:43,283 - src.process_pipeline - INFO - Saved merged data to data\processed\Europe\Champions League\2022\merged_2022.csv
2025-09-03 21:19:43,284 - src.process_pipeline - INFO - Successfully merged 210 records
2025-09-03 21:19:43,286 - src.process_pipeline - INFO - Processing Europe/Champions League/2023
2025-09-03 21:19:43,293 - src.process_pipeline - WARNING - Missing odds file: data\extracted\Europe\Champions League\2023\odds.csv
2025-09-03 21:19:43,301 - src.process_pipeline - INFO - Successfully merged 211 records with team statistics
2025-09-03 21:19:43,309 - src.process_pipeline - INFO - Saved merged data to data\processed\Europe\Champions League\2023\merged_2023.csv
2025-09-03 21:19:43,309 - src.process_pipeline - INFO - Successfully merged 211 records
2025-09-03 21:19:43,313 - src.process_pipeline - INFO - Processing Europe/Champions League/2024
2025-09-03 21:19:43,321 - src.process_pipeline - WARNING - Missing odds file: data\extracted\Europe\Champions League\2024\odds.csv
2025-09-03 21:19:43,329 - src.process_pipeline - INFO - Successfully merged 279 records with team statistics
2025-09-03 21:19:43,340 - src.process_pipeline - INFO - Saved merged data to data\processed\Europe\Champions League\2024\merged_2024.csv
2025-09-03 21:19:43,340 - src.process_pipeline - INFO - Successfully merged 279 records
2025-09-03 21:19:43,343 - src.process_pipeline - INFO - Processing Europe/Champions League/2025
2025-09-03 21:19:43,349 - src.process_pipeline - INFO - Odds data found for Europe/Champions League/2025
2025-09-03 21:19:43,374 - src.process_pipeline - INFO - Added odds data for 7 fixtures
2025-09-03 21:19:43,374 - src.process_pipeline - INFO - Successfully merged 34 records with team statistics
2025-09-03 21:19:43,377 - src.process_pipeline - INFO - Saved merged data to data\processed\Europe\Champions League\2025\merged_2025.csv
2025-09-03 21:19:43,377 - src.process_pipeline - INFO - Successfully merged 34 records
2025-09-03 21:19:43,380 - src.process_pipeline - INFO - Processing Europe/Conference League/2021
2025-09-03 21:19:43,390 - src.process_pipeline - WARNING - Missing odds file: data\extracted\Europe\Conference League\2021\odds.csv
2025-09-03 21:19:43,399 - src.process_pipeline - INFO - Successfully merged 423 records with team statistics
2025-09-03 21:19:43,415 - src.process_pipeline - INFO - Saved merged data to data\processed\Europe\Conference League\2021\merged_2021.csv
2025-09-03 21:19:43,415 - src.process_pipeline - INFO - Successfully merged 423 records
2025-09-03 21:19:43,419 - src.process_pipeline - INFO - Processing Europe/Conference League/2022
2025-09-03 21:19:43,429 - src.process_pipeline - WARNING - Missing odds file: data\extracted\Europe\Conference League\2022\odds.csv
2025-09-03 21:19:43,437 - src.process_pipeline - INFO - Successfully merged 414 records with team statistics
2025-09-03 21:19:43,452 - src.process_pipeline - INFO - Saved merged data to data\processed\Europe\Conference League\2022\merged_2022.csv
2025-09-03 21:19:43,452 - src.process_pipeline - INFO - Successfully merged 414 records
2025-09-03 21:19:43,456 - src.process_pipeline - INFO - Processing Europe/Conference League/2023
2025-09-03 21:19:43,466 - src.process_pipeline - WARNING - Missing odds file: data\extracted\Europe\Conference League\2023\odds.csv
2025-09-03 21:19:43,474 - src.process_pipeline - INFO - Successfully merged 417 records with team statistics
2025-09-03 21:19:43,490 - src.process_pipeline - INFO - Saved merged data to data\processed\Europe\Conference League\2023\merged_2023.csv
2025-09-03 21:19:43,490 - src.process_pipeline - INFO - Successfully merged 417 records
2025-09-03 21:19:43,493 - src.process_pipeline - INFO - Processing Europe/Conference League/2024
2025-09-03 21:19:43,494 - src.process_pipeline - WARNING - Missing team stats file: data\extracted\Europe\Conference League\2024\team_statistics.csv
2025-09-03 21:19:43,494 - src.process_pipeline - INFO - Processing Europe/Conference League/2025
2025-09-03 21:19:43,501 - src.process_pipeline - INFO - Odds data found for Europe/Conference League/2025
2025-09-03 21:19:43,561 - src.process_pipeline - INFO - Added odds data for 24 fixtures
2025-09-03 21:19:43,561 - src.process_pipeline - INFO - Successfully merged 108 records with team statistics
2025-09-03 21:19:43,567 - src.process_pipeline - INFO - Saved merged data to data\processed\Europe\Conference League\2025\merged_2025.csv
2025-09-03 21:19:43,568 - src.process_pipeline - INFO - Successfully merged 108 records
2025-09-03 21:19:43,571 - src.process_pipeline - INFO - Processing Europe/Europa League/2020
2025-09-03 21:19:43,582 - src.process_pipeline - WARNING - Missing odds file: data\extracted\Europe\Europa League\2020\odds.csv
2025-09-03 21:19:43,592 - src.process_pipeline - INFO - Successfully merged 362 records with team statistics
2025-09-03 21:19:43,606 - src.process_pipeline - INFO - Saved merged data to data\processed\Europe\Europa League\2020\merged_2020.csv
2025-09-03 21:19:43,607 - src.process_pipeline - INFO - Successfully merged 362 records
2025-09-03 21:19:43,610 - src.process_pipeline - INFO - Processing Europe/Europa League/2021
2025-09-03 21:19:43,617 - src.process_pipeline - WARNING - Missing odds file: data\extracted\Europe\Europa League\2021\odds.csv
2025-09-03 21:19:43,625 - src.process_pipeline - INFO - Successfully merged 177 records with team statistics
2025-09-03 21:19:43,634 - src.process_pipeline - INFO - Saved merged data to data\processed\Europe\Europa League\2021\merged_2021.csv
2025-09-03 21:19:43,634 - src.process_pipeline - INFO - Successfully merged 177 records
2025-09-03 21:19:43,638 - src.process_pipeline - INFO - Processing Europe/Europa League/2022
2025-09-03 21:19:43,644 - src.process_pipeline - WARNING - Missing odds file: data\extracted\Europe\Europa League\2022\odds.csv
2025-09-03 21:19:43,653 - src.process_pipeline - INFO - Successfully merged 175 records with team statistics
2025-09-03 21:19:43,660 - src.process_pipeline - INFO - Saved merged data to data\processed\Europe\Europa League\2022\merged_2022.csv
2025-09-03 21:19:43,660 - src.process_pipeline - INFO - Successfully merged 175 records
2025-09-03 21:19:43,665 - src.process_pipeline - INFO - Processing Europe/Europa League/2023
2025-09-03 21:19:43,671 - src.process_pipeline - WARNING - Missing odds file: data\extracted\Europe\Europa League\2023\odds.csv
2025-09-03 21:19:43,680 - src.process_pipeline - INFO - Successfully merged 175 records with team statistics
2025-09-03 21:19:43,688 - src.process_pipeline - INFO - Saved merged data to data\processed\Europe\Europa League\2023\merged_2023.csv
2025-09-03 21:19:43,688 - src.process_pipeline - INFO - Successfully merged 175 records
2025-09-03 21:19:43,692 - src.process_pipeline - INFO - Processing Europe/Europa League/2024
2025-09-03 21:19:43,708 - src.process_pipeline - WARNING - Missing odds file: data\extracted\Europe\Europa League\2024\odds.csv
2025-09-03 21:19:43,717 - src.process_pipeline - INFO - Successfully merged 269 records with team statistics
2025-09-03 21:19:43,727 - src.process_pipeline - INFO - Saved merged data to data\processed\Europe\Europa League\2024\merged_2024.csv
2025-09-03 21:19:43,728 - src.process_pipeline - INFO - Successfully merged 269 records
2025-09-03 21:19:43,732 - src.process_pipeline - INFO - Processing Europe/Europa League/2025
2025-09-03 21:19:43,738 - src.process_pipeline - INFO - Odds data found for Europe/Europa League/2025
2025-09-03 21:19:43,773 - src.process_pipeline - INFO - Added odds data for 12 fixtures
2025-09-03 21:19:43,773 - src.process_pipeline - INFO - Successfully merged 50 records with team statistics
2025-09-03 21:19:43,776 - src.process_pipeline - INFO - Saved merged data to data\processed\Europe\Europa League\2025\merged_2025.csv
2025-09-03 21:19:43,776 - src.process_pipeline - INFO - Successfully merged 50 records
2025-09-03 21:19:43,780 - src.process_pipeline - INFO - Processing Italy/Coppa Italia/2020
2025-09-03 21:19:43,785 - src.process_pipeline - WARNING - Missing odds file: data\extracted\Italy\Coppa Italia\2020\odds.csv
2025-09-03 21:19:43,793 - src.process_pipeline - INFO - Successfully merged 79 records with team statistics
2025-09-03 21:19:43,797 - src.process_pipeline - INFO - Saved merged data to data\processed\Italy\Coppa Italia\2020\merged_2020.csv
2025-09-03 21:19:43,797 - src.process_pipeline - INFO - Successfully merged 79 records
2025-09-03 21:19:43,801 - src.process_pipeline - INFO - Processing Italy/Coppa Italia/2021
2025-09-03 21:19:43,806 - src.process_pipeline - WARNING - Missing odds file: data\extracted\Italy\Coppa Italia\2021\odds.csv
2025-09-03 21:19:43,814 - src.process_pipeline - INFO - Successfully merged 45 records with team statistics
2025-09-03 21:19:43,817 - src.process_pipeline - INFO - Saved merged data to data\processed\Italy\Coppa Italia\2021\merged_2021.csv
2025-09-03 21:19:43,817 - src.process_pipeline - INFO - Successfully merged 45 records
2025-09-03 21:19:43,820 - src.process_pipeline - INFO - Processing Italy/Coppa Italia/2022
2025-09-03 21:19:43,825 - src.process_pipeline - WARNING - Missing odds file: data\extracted\Italy\Coppa Italia\2022\odds.csv
2025-09-03 21:19:43,833 - src.process_pipeline - INFO - Successfully merged 41 records with team statistics
2025-09-03 21:19:43,836 - src.process_pipeline - INFO - Saved merged data to data\processed\Italy\Coppa Italia\2022\merged_2022.csv
2025-09-03 21:19:43,836 - src.process_pipeline - INFO - Successfully merged 41 records
2025-09-03 21:19:43,840 - src.process_pipeline - INFO - Processing Italy/Coppa Italia/2023
2025-09-03 21:19:43,845 - src.process_pipeline - WARNING - Missing odds file: data\extracted\Italy\Coppa Italia\2023\odds.csv
2025-09-03 21:19:43,854 - src.process_pipeline - INFO - Successfully merged 45 records with team statistics
2025-09-03 21:19:43,857 - src.process_pipeline - INFO - Saved merged data to data\processed\Italy\Coppa Italia\2023\merged_2023.csv
2025-09-03 21:19:43,857 - src.process_pipeline - INFO - Successfully merged 45 records
2025-09-03 21:19:43,861 - src.process_pipeline - INFO - Processing Italy/Coppa Italia/2024
2025-09-03 21:19:43,866 - src.process_pipeline - WARNING - Missing odds file: data\extracted\Italy\Coppa Italia\2024\odds.csv
2025-09-03 21:19:43,874 - src.process_pipeline - INFO - Successfully merged 45 records with team statistics
2025-09-03 21:19:43,877 - src.process_pipeline - INFO - Saved merged data to data\processed\Italy\Coppa Italia\2024\merged_2024.csv
2025-09-03 21:19:43,877 - src.process_pipeline - INFO - Successfully merged 45 records
2025-09-03 21:19:43,882 - src.process_pipeline - INFO - Processing Italy/Coppa Italia/2025
2025-09-03 21:19:43,882 - src.process_pipeline - WARNING - Missing fixtures file: data\extracted\Italy\Coppa Italia\2025\fixture_events.csv
2025-09-03 21:19:43,882 - src.process_pipeline - INFO - Processing Italy/Serie A/2020
2025-09-03 21:19:43,892 - src.process_pipeline - WARNING - Missing odds file: data\extracted\Italy\Serie A\2020\odds.csv
2025-09-03 21:19:43,901 - src.process_pipeline - INFO - Successfully merged 380 records with team statistics
2025-09-03 21:19:43,912 - src.process_pipeline - INFO - Saved merged data to data\processed\Italy\Serie A\2020\merged_2020.csv
2025-09-03 21:19:43,912 - src.process_pipeline - INFO - Successfully merged 380 records
2025-09-03 21:19:43,916 - src.process_pipeline - INFO - Processing Italy/Serie A/2021
2025-09-03 21:19:43,925 - src.process_pipeline - WARNING - Missing odds file: data\extracted\Italy\Serie A\2021\odds.csv
2025-09-03 21:19:43,934 - src.process_pipeline - INFO - Successfully merged 380 records with team statistics
2025-09-03 21:19:43,945 - src.process_pipeline - INFO - Saved merged data to data\processed\Italy\Serie A\2021\merged_2021.csv
2025-09-03 21:19:43,945 - src.process_pipeline - INFO - Successfully merged 380 records
2025-09-03 21:19:43,950 - src.process_pipeline - INFO - Processing Italy/Serie A/2022
2025-09-03 21:19:43,959 - src.process_pipeline - WARNING - Missing odds file: data\extracted\Italy\Serie A\2022\odds.csv
2025-09-03 21:19:43,968 - src.process_pipeline - INFO - Successfully merged 370 records with team statistics
2025-09-03 21:19:43,978 - src.process_pipeline - INFO - Saved merged data to data\processed\Italy\Serie A\2022\merged_2022.csv
2025-09-03 21:19:43,979 - src.process_pipeline - INFO - Successfully merged 370 records
2025-09-03 21:19:43,984 - src.process_pipeline - INFO - Processing Italy/Serie A/2023
2025-09-03 21:19:43,993 - src.process_pipeline - WARNING - Missing odds file: data\extracted\Italy\Serie A\2023\odds.csv
2025-09-03 21:19:44,001 - src.process_pipeline - INFO - Successfully merged 379 records with team statistics
2025-09-03 21:19:44,012 - src.process_pipeline - INFO - Saved merged data to data\processed\Italy\Serie A\2023\merged_2023.csv
2025-09-03 21:19:44,012 - src.process_pipeline - INFO - Successfully merged 379 records
2025-09-03 21:19:44,017 - src.process_pipeline - INFO - Processing Italy/Serie A/2024
2025-09-03 21:19:44,026 - src.process_pipeline - WARNING - Missing odds file: data\extracted\Italy\Serie A\2024\odds.csv
2025-09-03 21:19:44,034 - src.process_pipeline - INFO - Successfully merged 380 records with team statistics
2025-09-03 21:19:44,049 - src.process_pipeline - INFO - Saved merged data to data\processed\Italy\Serie A\2024\merged_2024.csv
2025-09-03 21:19:44,049 - src.process_pipeline - INFO - Successfully merged 380 records
2025-09-03 21:19:44,054 - src.process_pipeline - INFO - Processing Italy/Serie A/2025
2025-09-03 21:19:44,061 - src.process_pipeline - INFO - Odds data found for Italy/Serie A/2025
2025-09-03 21:19:44,103 - src.process_pipeline - INFO - Added odds data for 18 fixtures
2025-09-03 21:19:44,103 - src.process_pipeline - INFO - Successfully merged 18 records with team statistics
2025-09-03 21:19:44,105 - src.process_pipeline - INFO - Saved merged data to data\processed\Italy\Serie A\2025\merged_2025.csv
2025-09-03 21:19:44,105 - src.process_pipeline - INFO - Successfully merged 18 records
2025-09-03 21:19:44,109 - src.process_pipeline - INFO - Processing Italy/Serie B/2020
2025-09-03 21:19:44,119 - src.process_pipeline - WARNING - Missing odds file: data\extracted\Italy\Serie B\2020\odds.csv
2025-09-03 21:19:44,127 - src.process_pipeline - INFO - Successfully merged 388 records with team statistics
2025-09-03 21:19:44,142 - src.process_pipeline - INFO - Saved merged data to data\processed\Italy\Serie B\2020\merged_2020.csv
2025-09-03 21:19:44,143 - src.process_pipeline - INFO - Successfully merged 388 records
2025-09-03 21:19:44,148 - src.process_pipeline - INFO - Processing Italy/Serie B/2021
2025-09-03 21:19:44,157 - src.process_pipeline - WARNING - Missing odds file: data\extracted\Italy\Serie B\2021\odds.csv
2025-09-03 21:19:44,164 - src.process_pipeline - INFO - Successfully merged 390 records with team statistics
2025-09-03 21:19:44,176 - src.process_pipeline - INFO - Saved merged data to data\processed\Italy\Serie B\2021\merged_2021.csv
2025-09-03 21:19:44,177 - src.process_pipeline - INFO - Successfully merged 390 records
2025-09-03 21:19:44,182 - src.process_pipeline - INFO - Processing Italy/Serie B/2022
2025-09-03 21:19:44,192 - src.process_pipeline - WARNING - Missing odds file: data\extracted\Italy\Serie B\2022\odds.csv
2025-09-03 21:19:44,202 - src.process_pipeline - INFO - Successfully merged 385 records with team statistics
2025-09-03 21:19:44,213 - src.process_pipeline - INFO - Saved merged data to data\processed\Italy\Serie B\2022\merged_2022.csv
2025-09-03 21:19:44,213 - src.process_pipeline - INFO - Successfully merged 385 records
2025-09-03 21:19:44,218 - src.process_pipeline - INFO - Processing Italy/Serie B/2023
2025-09-03 21:19:44,227 - src.process_pipeline - WARNING - Missing odds file: data\extracted\Italy\Serie B\2023\odds.csv
2025-09-03 21:19:44,236 - src.process_pipeline - INFO - Successfully merged 389 records with team statistics
2025-09-03 21:19:44,248 - src.process_pipeline - INFO - Saved merged data to data\processed\Italy\Serie B\2023\merged_2023.csv
2025-09-03 21:19:44,248 - src.process_pipeline - INFO - Successfully merged 389 records
2025-09-03 21:19:44,254 - src.process_pipeline - INFO - Processing Italy/Serie B/2024
2025-09-03 21:19:44,266 - src.process_pipeline - WARNING - Missing odds file: data\extracted\Italy\Serie B\2024\odds.csv
2025-09-03 21:19:44,275 - src.process_pipeline - INFO - Successfully merged 387 records with team statistics
2025-09-03 21:19:44,293 - src.process_pipeline - INFO - Saved merged data to data\processed\Italy\Serie B\2024\merged_2024.csv
2025-09-03 21:19:44,293 - src.process_pipeline - INFO - Successfully merged 387 records
2025-09-03 21:19:44,301 - src.process_pipeline - INFO - Processing Italy/Serie B/2025
2025-09-03 21:19:44,302 - src.process_pipeline - WARNING - Missing fixtures file: data\extracted\Italy\Serie B\2025\fixture_events.csv
2025-09-03 21:19:44,302 - src.process_pipeline - INFO - Starting preprocessing and feature engineering
2025-09-03 21:19:44,302 - src.process_pipeline - INFO - Initial data shape: (7740, 72)
2025-09-03 21:19:44,302 - src.process_pipeline - INFO - Cleaning data
2025-09-03 21:19:45,013 - src.process_pipeline - INFO - Adding competition info from league names
2025-09-03 21:19:45,069 - src.process_pipeline - INFO - Competition Distribution:
2025-09-03 21:19:45,069 - src.process_pipeline - INFO -   Cup matches: 251 (3.2%)
2025-09-03 21:19:45,069 - src.process_pipeline - INFO -   European matches: 3632 (47.0%)
2025-09-03 21:19:45,069 - src.process_pipeline - INFO -   League matches: 3844 (49.7%)
2025-09-03 21:19:45,070 - src.process_pipeline - INFO - Adding competition context
2025-09-03 21:19:45,776 - src.process_pipeline - INFO - Adding competition metrics
2025-09-03 21:19:46,110 - src.process_pipeline - INFO - Calculating proper standings for 7727 matches...
2025-09-03 21:19:46,709 - src.process_pipeline - INFO - Standings progress: 12.9% (1000/7727)
2025-09-03 21:19:47,345 - src.process_pipeline - INFO - Standings progress: 25.9% (2000/7727)
2025-09-03 21:19:47,902 - src.process_pipeline - INFO - Standings progress: 38.8% (3000/7727)
2025-09-03 21:19:48,458 - src.process_pipeline - INFO - Standings progress: 51.8% (4000/7727)
2025-09-03 21:19:49,045 - src.process_pipeline - INFO - Standings progress: 64.7% (5000/7727)
2025-09-03 21:19:49,612 - src.process_pipeline - INFO - Standings progress: 77.6% (6000/7727)
2025-09-03 21:19:50,322 - src.process_pipeline - INFO - Standings progress: 90.6% (7000/7727)
2025-09-03 21:19:50,866 - src.process_pipeline - INFO - Standings progress: 100.0% (7727/7727)
2025-09-03 21:19:51,670 - src.process_pipeline - INFO - Dropped 6 non rolled standings metrics
2025-09-03 21:19:59,804 - src.process_pipeline - INFO - Completed: Processing 7719 matches...
2025-09-03 21:20:05,559 - src.process_pipeline - INFO - H2H Progress: 10% (771/7719) - 5.8s
