2025-08-31 21:52:08,954 - src.process_pipeline - INFO - Logging initialized. Log file: logs/process\process_20250831_215208.log
2025-08-31 21:52:09,827 - src.process_pipeline - INFO - Loaded H2H data with 6740 team pairs
2025-08-31 21:52:09,832 - src.process_pipeline - INFO - Loaded standings data for 4512 teams
2025-08-31 21:52:10,455 - src.process_pipeline - INFO - Processing England/Championship/2017
2025-08-31 21:52:10,483 - src.process_pipeline - INFO - Successfully merged 557 records with team statistics
2025-08-31 21:52:10,507 - src.process_pipeline - INFO - Saved merged data to data\processed\England\Championship\2017\merged_2017.csv
2025-08-31 21:52:10,507 - src.process_pipeline - INFO - Successfully merged 557 records
2025-08-31 21:52:10,508 - src.process_pipeline - INFO - Processing England/Championship/2018
2025-08-31 21:52:10,532 - src.process_pipeline - INFO - Successfully merged 557 records with team statistics
2025-08-31 21:52:10,554 - src.process_pipeline - INFO - Saved merged data to data\processed\England\Championship\2018\merged_2018.csv
2025-08-31 21:52:10,554 - src.process_pipeline - INFO - Successfully merged 557 records
2025-08-31 21:52:10,559 - src.process_pipeline - INFO - Processing England/Championship/2019
2025-08-31 21:52:10,594 - src.process_pipeline - INFO - Successfully merged 444 records with team statistics
2025-08-31 21:52:10,613 - src.process_pipeline - INFO - Saved merged data to data\processed\England\Championship\2019\merged_2019.csv
2025-08-31 21:52:10,613 - src.process_pipeline - INFO - Successfully merged 444 records
2025-08-31 21:52:10,617 - src.process_pipeline - INFO - Processing England/Championship/2020
2025-08-31 21:52:10,650 - src.process_pipeline - INFO - Successfully merged 557 records with team statistics
2025-08-31 21:52:10,671 - src.process_pipeline - INFO - Saved merged data to data\processed\England\Championship\2020\merged_2020.csv
2025-08-31 21:52:10,672 - src.process_pipeline - INFO - Successfully merged 557 records
2025-08-31 21:52:10,675 - src.process_pipeline - INFO - Processing England/Championship/2021
2025-08-31 21:52:10,700 - src.process_pipeline - INFO - Successfully merged 557 records with team statistics
2025-08-31 21:52:10,717 - src.process_pipeline - INFO - Saved merged data to data\processed\England\Championship\2021\merged_2021.csv
2025-08-31 21:52:10,717 - src.process_pipeline - INFO - Successfully merged 557 records
2025-08-31 21:52:10,719 - src.process_pipeline - INFO - Processing England/Championship/2022
2025-08-31 21:52:10,743 - src.process_pipeline - INFO - Successfully merged 546 records with team statistics
2025-08-31 21:52:10,759 - src.process_pipeline - INFO - Saved merged data to data\processed\England\Championship\2022\merged_2022.csv
2025-08-31 21:52:10,760 - src.process_pipeline - INFO - Successfully merged 546 records
2025-08-31 21:52:10,762 - src.process_pipeline - INFO - Processing England/Championship/2023
2025-08-31 21:52:10,785 - src.process_pipeline - INFO - Successfully merged 557 records with team statistics
2025-08-31 21:52:10,807 - src.process_pipeline - INFO - Saved merged data to data\processed\England\Championship\2023\merged_2023.csv
2025-08-31 21:52:10,807 - src.process_pipeline - INFO - Successfully merged 557 records
2025-08-31 21:52:10,810 - src.process_pipeline - INFO - Processing England/Championship/2024
2025-08-31 21:52:10,833 - src.process_pipeline - INFO - Successfully merged 557 records with team statistics
2025-08-31 21:52:10,849 - src.process_pipeline - INFO - Saved merged data to data\processed\England\Championship\2024\merged_2024.csv
2025-08-31 21:52:10,849 - src.process_pipeline - INFO - Successfully merged 557 records
2025-08-31 21:52:10,853 - src.process_pipeline - INFO - Processing England/Championship/2025
2025-08-31 21:52:10,867 - src.process_pipeline - INFO - Successfully merged 24 records with team statistics
2025-08-31 21:52:10,870 - src.process_pipeline - INFO - Saved merged data to data\processed\England\Championship\2025\merged_2025.csv
2025-08-31 21:52:10,870 - src.process_pipeline - INFO - Successfully merged 24 records
2025-08-31 21:52:10,874 - src.process_pipeline - INFO - Processing England/EFL Trophy/2021
2025-08-31 21:52:10,890 - src.process_pipeline - INFO - Successfully merged 127 records with team statistics
2025-08-31 21:52:10,896 - src.process_pipeline - INFO - Saved merged data to data\processed\England\EFL Trophy\2021\merged_2021.csv
2025-08-31 21:52:10,896 - src.process_pipeline - INFO - Successfully merged 127 records
2025-08-31 21:52:10,899 - src.process_pipeline - INFO - Processing England/EFL Trophy/2022
2025-08-31 21:52:10,915 - src.process_pipeline - INFO - Successfully merged 127 records with team statistics
2025-08-31 21:52:10,922 - src.process_pipeline - INFO - Saved merged data to data\processed\England\EFL Trophy\2022\merged_2022.csv
2025-08-31 21:52:10,922 - src.process_pipeline - INFO - Successfully merged 127 records
2025-08-31 21:52:10,928 - src.process_pipeline - INFO - Processing England/EFL Trophy/2023
2025-08-31 21:52:10,945 - src.process_pipeline - INFO - Successfully merged 127 records with team statistics
2025-08-31 21:52:10,951 - src.process_pipeline - INFO - Saved merged data to data\processed\England\EFL Trophy\2023\merged_2023.csv
2025-08-31 21:52:10,951 - src.process_pipeline - INFO - Successfully merged 127 records
2025-08-31 21:52:10,954 - src.process_pipeline - INFO - Processing England/EFL Trophy/2024
2025-08-31 21:52:10,971 - src.process_pipeline - INFO - Successfully merged 127 records with team statistics
2025-08-31 21:52:10,977 - src.process_pipeline - INFO - Saved merged data to data\processed\England\EFL Trophy\2024\merged_2024.csv
2025-08-31 21:52:10,978 - src.process_pipeline - INFO - Successfully merged 127 records
2025-08-31 21:52:10,981 - src.process_pipeline - INFO - Processing England/FA Cup/2018
2025-08-31 21:52:10,997 - src.process_pipeline - INFO - Successfully merged 150 records with team statistics
2025-08-31 21:52:11,003 - src.process_pipeline - INFO - Saved merged data to data\processed\England\FA Cup\2018\merged_2018.csv
2025-08-31 21:52:11,003 - src.process_pipeline - INFO - Successfully merged 150 records
2025-08-31 21:52:11,007 - src.process_pipeline - INFO - Processing England/FA Cup/2019
2025-08-31 21:52:11,024 - src.process_pipeline - INFO - Successfully merged 149 records with team statistics
2025-08-31 21:52:11,029 - src.process_pipeline - INFO - Saved merged data to data\processed\England\FA Cup\2019\merged_2019.csv
2025-08-31 21:52:11,030 - src.process_pipeline - INFO - Successfully merged 149 records
2025-08-31 21:52:11,033 - src.process_pipeline - INFO - Processing England/FA Cup/2020
2025-08-31 21:52:11,048 - src.process_pipeline - INFO - Successfully merged 124 records with team statistics
2025-08-31 21:52:11,054 - src.process_pipeline - INFO - Saved merged data to data\processed\England\FA Cup\2020\merged_2020.csv
2025-08-31 21:52:11,054 - src.process_pipeline - INFO - Successfully merged 124 records
2025-08-31 21:52:11,059 - src.process_pipeline - INFO - Processing England/FA Cup/2021
2025-08-31 21:52:11,075 - src.process_pipeline - INFO - Successfully merged 136 records with team statistics
2025-08-31 21:52:11,081 - src.process_pipeline - INFO - Saved merged data to data\processed\England\FA Cup\2021\merged_2021.csv
2025-08-31 21:52:11,081 - src.process_pipeline - INFO - Successfully merged 136 records
2025-08-31 21:52:11,085 - src.process_pipeline - INFO - Processing England/FA Cup/2022
2025-08-31 21:52:11,101 - src.process_pipeline - INFO - Successfully merged 143 records with team statistics
2025-08-31 21:52:11,108 - src.process_pipeline - INFO - Saved merged data to data\processed\England\FA Cup\2022\merged_2022.csv
2025-08-31 21:52:11,108 - src.process_pipeline - INFO - Successfully merged 143 records
2025-08-31 21:52:11,111 - src.process_pipeline - INFO - Processing England/FA Cup/2023
2025-08-31 21:52:11,126 - src.process_pipeline - INFO - Successfully merged 149 records with team statistics
2025-08-31 21:52:11,132 - src.process_pipeline - INFO - Saved merged data to data\processed\England\FA Cup\2023\merged_2023.csv
2025-08-31 21:52:11,132 - src.process_pipeline - INFO - Successfully merged 149 records
2025-08-31 21:52:11,136 - src.process_pipeline - INFO - Processing England/FA Cup/2024
2025-08-31 21:52:11,152 - src.process_pipeline - INFO - Successfully merged 123 records with team statistics
2025-08-31 21:52:11,159 - src.process_pipeline - INFO - Saved merged data to data\processed\England\FA Cup\2024\merged_2024.csv
2025-08-31 21:52:11,160 - src.process_pipeline - INFO - Successfully merged 123 records
2025-08-31 21:52:11,165 - src.process_pipeline - INFO - Processing England/FA Trophy/2023
2025-08-31 21:52:11,165 - src.process_pipeline - WARNING - Missing team stats file: data\extracted\England\FA Trophy\2023\team_statistics.csv
2025-08-31 21:52:11,165 - src.process_pipeline - INFO - Processing England/FA Trophy/2024
2025-08-31 21:52:11,166 - src.process_pipeline - WARNING - Missing fixtures file: data\extracted\England\FA Trophy\2024\fixture_events.csv
2025-08-31 21:52:11,166 - src.process_pipeline - INFO - Processing England/Premier League/2018
2025-08-31 21:52:11,184 - src.process_pipeline - INFO - Successfully merged 380 records with team statistics
2025-08-31 21:52:11,200 - src.process_pipeline - INFO - Saved merged data to data\processed\England\Premier League\2018\merged_2018.csv
2025-08-31 21:52:11,200 - src.process_pipeline - INFO - Successfully merged 380 records
2025-08-31 21:52:11,204 - src.process_pipeline - INFO - Processing England/Premier League/2019
2025-08-31 21:52:11,224 - src.process_pipeline - INFO - Successfully merged 288 records with team statistics
2025-08-31 21:52:11,233 - src.process_pipeline - INFO - Saved merged data to data\processed\England\Premier League\2019\merged_2019.csv
2025-08-31 21:52:11,234 - src.process_pipeline - INFO - Successfully merged 288 records
2025-08-31 21:52:11,237 - src.process_pipeline - INFO - Processing England/Premier League/2020
2025-08-31 21:52:11,257 - src.process_pipeline - INFO - Successfully merged 380 records with team statistics
2025-08-31 21:52:11,268 - src.process_pipeline - INFO - Saved merged data to data\processed\England\Premier League\2020\merged_2020.csv
2025-08-31 21:52:11,269 - src.process_pipeline - INFO - Successfully merged 380 records
2025-08-31 21:52:11,274 - src.process_pipeline - INFO - Processing England/Premier League/2021
2025-08-31 21:52:11,293 - src.process_pipeline - INFO - Successfully merged 380 records with team statistics
2025-08-31 21:52:11,304 - src.process_pipeline - INFO - Saved merged data to data\processed\England\Premier League\2021\merged_2021.csv
2025-08-31 21:52:11,304 - src.process_pipeline - INFO - Successfully merged 380 records
2025-08-31 21:52:11,309 - src.process_pipeline - INFO - Processing England/Premier League/2022
2025-08-31 21:52:11,328 - src.process_pipeline - INFO - Successfully merged 380 records with team statistics
2025-08-31 21:52:11,340 - src.process_pipeline - INFO - Saved merged data to data\processed\England\Premier League\2022\merged_2022.csv
2025-08-31 21:52:11,340 - src.process_pipeline - INFO - Successfully merged 380 records
2025-08-31 21:52:11,345 - src.process_pipeline - INFO - Processing England/Premier League/2023
2025-08-31 21:52:11,365 - src.process_pipeline - INFO - Successfully merged 380 records with team statistics
2025-08-31 21:52:11,376 - src.process_pipeline - INFO - Saved merged data to data\processed\England\Premier League\2023\merged_2023.csv
2025-08-31 21:52:11,376 - src.process_pipeline - INFO - Successfully merged 380 records
2025-08-31 21:52:11,381 - src.process_pipeline - INFO - Processing England/Premier League/2024
2025-08-31 21:52:11,400 - src.process_pipeline - INFO - Successfully merged 380 records with team statistics
2025-08-31 21:52:11,412 - src.process_pipeline - INFO - Saved merged data to data\processed\England\Premier League\2024\merged_2024.csv
2025-08-31 21:52:11,413 - src.process_pipeline - INFO - Successfully merged 380 records
2025-08-31 21:52:11,418 - src.process_pipeline - INFO - Processing England/Premier League/2025
2025-08-31 21:52:11,433 - src.process_pipeline - INFO - Successfully merged 30 records with team statistics
2025-08-31 21:52:11,436 - src.process_pipeline - INFO - Saved merged data to data\processed\England\Premier League\2025\merged_2025.csv
2025-08-31 21:52:11,436 - src.process_pipeline - INFO - Successfully merged 30 records
2025-08-31 21:52:11,443 - src.process_pipeline - INFO - Processing Europe/Champions League/2018
2025-08-31 21:52:11,460 - src.process_pipeline - INFO - Successfully merged 166 records with team statistics
2025-08-31 21:52:11,467 - src.process_pipeline - INFO - Saved merged data to data\processed\Europe\Champions League\2018\merged_2018.csv
2025-08-31 21:52:11,467 - src.process_pipeline - INFO - Successfully merged 166 records
2025-08-31 21:52:11,473 - src.process_pipeline - INFO - Processing Europe/Champions League/2019
2025-08-31 21:52:11,491 - src.process_pipeline - INFO - Successfully merged 140 records with team statistics
2025-08-31 21:52:11,498 - src.process_pipeline - INFO - Saved merged data to data\processed\Europe\Champions League\2019\merged_2019.csv
2025-08-31 21:52:11,498 - src.process_pipeline - INFO - Successfully merged 140 records
2025-08-31 21:52:11,506 - src.process_pipeline - INFO - Processing Europe/Champions League/2020
2025-08-31 21:52:11,522 - src.process_pipeline - INFO - Successfully merged 178 records with team statistics
2025-08-31 21:52:11,531 - src.process_pipeline - INFO - Saved merged data to data\processed\Europe\Champions League\2020\merged_2020.csv
2025-08-31 21:52:11,531 - src.process_pipeline - INFO - Successfully merged 178 records
2025-08-31 21:52:11,537 - src.process_pipeline - INFO - Processing Europe/Champions League/2021
2025-08-31 21:52:11,557 - src.process_pipeline - INFO - Successfully merged 157 records with team statistics
2025-08-31 21:52:11,569 - src.process_pipeline - INFO - Saved merged data to data\processed\Europe\Champions League\2021\merged_2021.csv
2025-08-31 21:52:11,569 - src.process_pipeline - INFO - Successfully merged 157 records
2025-08-31 21:52:11,580 - src.process_pipeline - INFO - Processing Europe/Champions League/2022
2025-08-31 21:52:11,597 - src.process_pipeline - INFO - Successfully merged 210 records with team statistics
2025-08-31 21:52:11,606 - src.process_pipeline - INFO - Saved merged data to data\processed\Europe\Champions League\2022\merged_2022.csv
2025-08-31 21:52:11,606 - src.process_pipeline - INFO - Successfully merged 210 records
2025-08-31 21:52:11,615 - src.process_pipeline - INFO - Processing Europe/Champions League/2023
2025-08-31 21:52:11,636 - src.process_pipeline - INFO - Successfully merged 211 records with team statistics
2025-08-31 21:52:11,649 - src.process_pipeline - INFO - Saved merged data to data\processed\Europe\Champions League\2023\merged_2023.csv
2025-08-31 21:52:11,649 - src.process_pipeline - INFO - Successfully merged 211 records
2025-08-31 21:52:11,659 - src.process_pipeline - INFO - Processing Europe/Champions League/2024
2025-08-31 21:52:11,685 - src.process_pipeline - INFO - Successfully merged 279 records with team statistics
2025-08-31 21:52:11,701 - src.process_pipeline - INFO - Saved merged data to data\processed\Europe\Champions League\2024\merged_2024.csv
2025-08-31 21:52:11,702 - src.process_pipeline - INFO - Successfully merged 279 records
2025-08-31 21:52:11,713 - src.process_pipeline - INFO - Processing Europe/Champions League/2025
2025-08-31 21:52:11,734 - src.process_pipeline - INFO - Successfully merged 30 records with team statistics
2025-08-31 21:52:11,737 - src.process_pipeline - INFO - Saved merged data to data\processed\Europe\Champions League\2025\merged_2025.csv
2025-08-31 21:52:11,737 - src.process_pipeline - INFO - Successfully merged 30 records
2025-08-31 21:52:11,748 - src.process_pipeline - INFO - Processing Europe/Conference League/2021
2025-08-31 21:52:11,783 - src.process_pipeline - INFO - Successfully merged 423 records with team statistics
2025-08-31 21:52:11,826 - src.process_pipeline - INFO - Saved merged data to data\processed\Europe\Conference League\2021\merged_2021.csv
2025-08-31 21:52:11,827 - src.process_pipeline - INFO - Successfully merged 423 records
2025-08-31 21:52:11,839 - src.process_pipeline - INFO - Processing Europe/Conference League/2022
2025-08-31 21:52:11,884 - src.process_pipeline - INFO - Successfully merged 414 records with team statistics
2025-08-31 21:52:11,903 - src.process_pipeline - INFO - Saved merged data to data\processed\Europe\Conference League\2022\merged_2022.csv
2025-08-31 21:52:11,903 - src.process_pipeline - INFO - Successfully merged 414 records
2025-08-31 21:52:11,911 - src.process_pipeline - INFO - Processing Europe/Conference League/2023
2025-08-31 21:52:11,931 - src.process_pipeline - INFO - Successfully merged 417 records with team statistics
2025-08-31 21:52:11,947 - src.process_pipeline - INFO - Saved merged data to data\processed\Europe\Conference League\2023\merged_2023.csv
2025-08-31 21:52:11,947 - src.process_pipeline - INFO - Successfully merged 417 records
2025-08-31 21:52:11,954 - src.process_pipeline - INFO - Processing Europe/Conference League/2024
2025-08-31 21:52:11,954 - src.process_pipeline - WARNING - Missing team stats file: data\extracted\Europe\Conference League\2024\team_statistics.csv
2025-08-31 21:52:11,955 - src.process_pipeline - INFO - Processing Europe/Conference League/2025
2025-08-31 21:52:11,972 - src.process_pipeline - INFO - Successfully merged 84 records with team statistics
2025-08-31 21:52:11,979 - src.process_pipeline - INFO - Saved merged data to data\processed\Europe\Conference League\2025\merged_2025.csv
2025-08-31 21:52:11,979 - src.process_pipeline - INFO - Successfully merged 84 records
2025-08-31 21:52:11,987 - src.process_pipeline - INFO - Processing Europe/Europa League/2018
2025-08-31 21:52:12,012 - src.process_pipeline - INFO - Successfully merged 364 records with team statistics
2025-08-31 21:52:12,033 - src.process_pipeline - INFO - Saved merged data to data\processed\Europe\Europa League\2018\merged_2018.csv
2025-08-31 21:52:12,033 - src.process_pipeline - INFO - Successfully merged 364 records
2025-08-31 21:52:12,045 - src.process_pipeline - INFO - Processing Europe/Europa League/2019
2025-08-31 21:52:12,077 - src.process_pipeline - INFO - Successfully merged 337 records with team statistics
2025-08-31 21:52:12,098 - src.process_pipeline - INFO - Saved merged data to data\processed\Europe\Europa League\2019\merged_2019.csv
2025-08-31 21:52:12,098 - src.process_pipeline - INFO - Successfully merged 337 records
2025-08-31 21:52:12,110 - src.process_pipeline - INFO - Processing Europe/Europa League/2020
2025-08-31 21:52:12,134 - src.process_pipeline - INFO - Successfully merged 362 records with team statistics
2025-08-31 21:52:12,149 - src.process_pipeline - INFO - Saved merged data to data\processed\Europe\Europa League\2020\merged_2020.csv
2025-08-31 21:52:12,149 - src.process_pipeline - INFO - Successfully merged 362 records
2025-08-31 21:52:12,158 - src.process_pipeline - INFO - Processing Europe/Europa League/2021
2025-08-31 21:52:12,175 - src.process_pipeline - INFO - Successfully merged 177 records with team statistics
2025-08-31 21:52:12,184 - src.process_pipeline - INFO - Saved merged data to data\processed\Europe\Europa League\2021\merged_2021.csv
2025-08-31 21:52:12,184 - src.process_pipeline - INFO - Successfully merged 177 records
2025-08-31 21:52:12,192 - src.process_pipeline - INFO - Processing Europe/Europa League/2022
2025-08-31 21:52:12,209 - src.process_pipeline - INFO - Successfully merged 175 records with team statistics
2025-08-31 21:52:12,217 - src.process_pipeline - INFO - Saved merged data to data\processed\Europe\Europa League\2022\merged_2022.csv
2025-08-31 21:52:12,217 - src.process_pipeline - INFO - Successfully merged 175 records
2025-08-31 21:52:12,227 - src.process_pipeline - INFO - Processing Europe/Europa League/2023
2025-08-31 21:52:12,243 - src.process_pipeline - INFO - Successfully merged 175 records with team statistics
2025-08-31 21:52:12,250 - src.process_pipeline - INFO - Saved merged data to data\processed\Europe\Europa League\2023\merged_2023.csv
2025-08-31 21:52:12,250 - src.process_pipeline - INFO - Successfully merged 175 records
2025-08-31 21:52:12,258 - src.process_pipeline - INFO - Processing Europe/Europa League/2024
2025-08-31 21:52:12,275 - src.process_pipeline - INFO - Successfully merged 269 records with team statistics
2025-08-31 21:52:12,287 - src.process_pipeline - INFO - Saved merged data to data\processed\Europe\Europa League\2024\merged_2024.csv
2025-08-31 21:52:12,287 - src.process_pipeline - INFO - Successfully merged 269 records
2025-08-31 21:52:12,297 - src.process_pipeline - INFO - Processing Europe/Europa League/2025
2025-08-31 21:52:12,311 - src.process_pipeline - INFO - Successfully merged 38 records with team statistics
2025-08-31 21:52:12,314 - src.process_pipeline - INFO - Saved merged data to data\processed\Europe\Europa League\2025\merged_2025.csv
2025-08-31 21:52:12,314 - src.process_pipeline - INFO - Successfully merged 38 records
2025-08-31 21:52:12,322 - src.process_pipeline - INFO - Processing France/Coupe de France/2018
2025-08-31 21:52:12,338 - src.process_pipeline - INFO - Successfully merged 195 records with team statistics
2025-08-31 21:52:12,346 - src.process_pipeline - INFO - Saved merged data to data\processed\France\Coupe de France\2018\merged_2018.csv
2025-08-31 21:52:12,346 - src.process_pipeline - INFO - Successfully merged 195 records
2025-08-31 21:52:12,354 - src.process_pipeline - INFO - Processing France/Coupe de France/2019
2025-08-31 21:52:12,371 - src.process_pipeline - INFO - Successfully merged 194 records with team statistics
2025-08-31 21:52:12,379 - src.process_pipeline - INFO - Saved merged data to data\processed\France\Coupe de France\2019\merged_2019.csv
2025-08-31 21:52:12,379 - src.process_pipeline - INFO - Successfully merged 194 records
2025-08-31 21:52:12,387 - src.process_pipeline - INFO - Processing France/Coupe de France/2020
2025-08-31 21:52:12,401 - src.process_pipeline - INFO - Successfully merged 170 records with team statistics
2025-08-31 21:52:12,408 - src.process_pipeline - INFO - Saved merged data to data\processed\France\Coupe de France\2020\merged_2020.csv
2025-08-31 21:52:12,408 - src.process_pipeline - INFO - Successfully merged 170 records
2025-08-31 21:52:12,417 - src.process_pipeline - INFO - Processing France/Coupe de France/2021
2025-08-31 21:52:12,432 - src.process_pipeline - INFO - Successfully merged 193 records with team statistics
2025-08-31 21:52:12,440 - src.process_pipeline - INFO - Saved merged data to data\processed\France\Coupe de France\2021\merged_2021.csv
2025-08-31 21:52:12,441 - src.process_pipeline - INFO - Successfully merged 193 records
2025-08-31 21:52:12,449 - src.process_pipeline - INFO - Processing France/Coupe de France/2022
2025-08-31 21:52:12,466 - src.process_pipeline - INFO - Successfully merged 195 records with team statistics
2025-08-31 21:52:12,473 - src.process_pipeline - INFO - Saved merged data to data\processed\France\Coupe de France\2022\merged_2022.csv
2025-08-31 21:52:12,473 - src.process_pipeline - INFO - Successfully merged 195 records
2025-08-31 21:52:12,513 - src.process_pipeline - INFO - Processing France/Coupe de France/2023
2025-08-31 21:52:12,544 - src.process_pipeline - INFO - Successfully merged 197 records with team statistics
2025-08-31 21:52:12,553 - src.process_pipeline - INFO - Saved merged data to data\processed\France\Coupe de France\2023\merged_2023.csv
2025-08-31 21:52:12,554 - src.process_pipeline - INFO - Successfully merged 197 records
2025-08-31 21:52:12,563 - src.process_pipeline - INFO - Processing France/Coupe de France/2024
2025-08-31 21:52:12,579 - src.process_pipeline - INFO - Successfully merged 199 records with team statistics
2025-08-31 21:52:12,586 - src.process_pipeline - INFO - Saved merged data to data\processed\France\Coupe de France\2024\merged_2024.csv
2025-08-31 21:52:12,587 - src.process_pipeline - INFO - Successfully merged 199 records
2025-08-31 21:52:12,596 - src.process_pipeline - INFO - Processing France/Ligue 1/2018
2025-08-31 21:52:12,620 - src.process_pipeline - INFO - Successfully merged 380 records with team statistics
2025-08-31 21:52:12,635 - src.process_pipeline - INFO - Saved merged data to data\processed\France\Ligue 1\2018\merged_2018.csv
2025-08-31 21:52:12,636 - src.process_pipeline - INFO - Successfully merged 380 records
2025-08-31 21:52:12,648 - src.process_pipeline - INFO - Processing France/Ligue 1/2019
2025-08-31 21:52:12,669 - src.process_pipeline - INFO - Successfully merged 380 records with team statistics
2025-08-31 21:52:12,685 - src.process_pipeline - INFO - Saved merged data to data\processed\France\Ligue 1\2019\merged_2019.csv
2025-08-31 21:52:12,685 - src.process_pipeline - INFO - Successfully merged 380 records
2025-08-31 21:52:12,695 - src.process_pipeline - INFO - Processing France/Ligue 1/2020
2025-08-31 21:52:12,715 - src.process_pipeline - INFO - Successfully merged 382 records with team statistics
2025-08-31 21:52:12,728 - src.process_pipeline - INFO - Saved merged data to data\processed\France\Ligue 1\2020\merged_2020.csv
2025-08-31 21:52:12,728 - src.process_pipeline - INFO - Successfully merged 382 records
2025-08-31 21:52:12,736 - src.process_pipeline - INFO - Processing France/Ligue 1/2021
2025-08-31 21:52:12,760 - src.process_pipeline - INFO - Successfully merged 382 records with team statistics
2025-08-31 21:52:12,773 - src.process_pipeline - INFO - Saved merged data to data\processed\France\Ligue 1\2021\merged_2021.csv
2025-08-31 21:52:12,773 - src.process_pipeline - INFO - Successfully merged 382 records
2025-08-31 21:52:12,783 - src.process_pipeline - INFO - Processing France/Ligue 1/2022
2025-08-31 21:52:12,803 - src.process_pipeline - INFO - Successfully merged 370 records with team statistics
2025-08-31 21:52:12,813 - src.process_pipeline - INFO - Saved merged data to data\processed\France\Ligue 1\2022\merged_2022.csv
2025-08-31 21:52:12,814 - src.process_pipeline - INFO - Successfully merged 370 records
2025-08-31 21:52:12,822 - src.process_pipeline - INFO - Processing France/Ligue 1/2023
2025-08-31 21:52:12,840 - src.process_pipeline - INFO - Successfully merged 307 records with team statistics
2025-08-31 21:52:12,855 - src.process_pipeline - INFO - Saved merged data to data\processed\France\Ligue 1\2023\merged_2023.csv
2025-08-31 21:52:12,855 - src.process_pipeline - INFO - Successfully merged 307 records
2025-08-31 21:52:12,870 - src.process_pipeline - INFO - Processing France/Ligue 1/2024
2025-08-31 21:52:12,895 - src.process_pipeline - INFO - Successfully merged 308 records with team statistics
2025-08-31 21:52:12,907 - src.process_pipeline - INFO - Saved merged data to data\processed\France\Ligue 1\2024\merged_2024.csv
2025-08-31 21:52:12,907 - src.process_pipeline - INFO - Successfully merged 308 records
2025-08-31 21:52:12,918 - src.process_pipeline - INFO - Processing France/Ligue 1/2025
2025-08-31 21:52:12,934 - src.process_pipeline - INFO - Successfully merged 26 records with team statistics
2025-08-31 21:52:12,937 - src.process_pipeline - INFO - Saved merged data to data\processed\France\Ligue 1\2025\merged_2025.csv
2025-08-31 21:52:12,937 - src.process_pipeline - INFO - Successfully merged 26 records
2025-08-31 21:52:12,952 - src.process_pipeline - INFO - Processing France/Ligue 2/2018
2025-08-31 21:52:12,972 - src.process_pipeline - INFO - Successfully merged 370 records with team statistics
2025-08-31 21:52:12,985 - src.process_pipeline - INFO - Saved merged data to data\processed\France\Ligue 2\2018\merged_2018.csv
2025-08-31 21:52:12,985 - src.process_pipeline - INFO - Successfully merged 370 records
2025-08-31 21:52:12,995 - src.process_pipeline - INFO - Processing France/Ligue 2/2019
2025-08-31 21:52:13,016 - src.process_pipeline - INFO - Successfully merged 370 records with team statistics
2025-08-31 21:52:13,031 - src.process_pipeline - INFO - Saved merged data to data\processed\France\Ligue 2\2019\merged_2019.csv
2025-08-31 21:52:13,031 - src.process_pipeline - INFO - Successfully merged 370 records
2025-08-31 21:52:13,041 - src.process_pipeline - INFO - Processing France/Ligue 2/2020
2025-08-31 21:52:13,062 - src.process_pipeline - INFO - Successfully merged 384 records with team statistics
2025-08-31 21:52:13,077 - src.process_pipeline - INFO - Saved merged data to data\processed\France\Ligue 2\2020\merged_2020.csv
2025-08-31 21:52:13,077 - src.process_pipeline - INFO - Successfully merged 384 records
2025-08-31 21:52:13,087 - src.process_pipeline - INFO - Processing France/Ligue 2/2021
2025-08-31 21:52:13,105 - src.process_pipeline - INFO - Successfully merged 366 records with team statistics
2025-08-31 21:52:13,119 - src.process_pipeline - INFO - Saved merged data to data\processed\France\Ligue 2\2021\merged_2021.csv
2025-08-31 21:52:13,119 - src.process_pipeline - INFO - Successfully merged 366 records
2025-08-31 21:52:13,129 - src.process_pipeline - INFO - Processing France/Ligue 2/2022
2025-08-31 21:52:13,148 - src.process_pipeline - INFO - Successfully merged 361 records with team statistics
2025-08-31 21:52:13,161 - src.process_pipeline - INFO - Saved merged data to data\processed\France\Ligue 2\2022\merged_2022.csv
2025-08-31 21:52:13,161 - src.process_pipeline - INFO - Successfully merged 361 records
2025-08-31 21:52:13,177 - src.process_pipeline - INFO - Processing France/Ligue 2/2023
2025-08-31 21:52:13,198 - src.process_pipeline - INFO - Successfully merged 382 records with team statistics
2025-08-31 21:52:13,213 - src.process_pipeline - INFO - Saved merged data to data\processed\France\Ligue 2\2023\merged_2023.csv
2025-08-31 21:52:13,214 - src.process_pipeline - INFO - Successfully merged 382 records
2025-08-31 21:52:13,224 - src.process_pipeline - INFO - Processing France/Ligue 2/2024
2025-08-31 21:52:13,244 - src.process_pipeline - INFO - Successfully merged 310 records with team statistics
2025-08-31 21:52:13,256 - src.process_pipeline - INFO - Saved merged data to data\processed\France\Ligue 2\2024\merged_2024.csv
2025-08-31 21:52:13,256 - src.process_pipeline - INFO - Successfully merged 310 records
2025-08-31 21:52:13,268 - src.process_pipeline - INFO - Processing France/Ligue 2/2025
2025-08-31 21:52:13,283 - src.process_pipeline - INFO - Successfully merged 17 records with team statistics
2025-08-31 21:52:13,285 - src.process_pipeline - INFO - Saved merged data to data\processed\France\Ligue 2\2025\merged_2025.csv
2025-08-31 21:52:13,286 - src.process_pipeline - INFO - Successfully merged 17 records
2025-08-31 21:52:13,297 - src.process_pipeline - INFO - Processing Germany/2. Bundesliga/2017
2025-08-31 21:52:13,298 - src.process_pipeline - WARNING - Missing fixtures file: data\extracted\Germany\2. Bundesliga\2017\fixture_events.csv
2025-08-31 21:52:13,298 - src.process_pipeline - INFO - Processing Germany/2. Bundesliga/2018
2025-08-31 21:52:13,317 - src.process_pipeline - INFO - Successfully merged 306 records with team statistics
2025-08-31 21:52:13,329 - src.process_pipeline - INFO - Saved merged data to data\processed\Germany\2. Bundesliga\2018\merged_2018.csv
2025-08-31 21:52:13,330 - src.process_pipeline - INFO - Successfully merged 306 records
2025-08-31 21:52:13,341 - src.process_pipeline - INFO - Processing Germany/2. Bundesliga/2019
2025-08-31 21:52:13,359 - src.process_pipeline - INFO - Successfully merged 249 records with team statistics
2025-08-31 21:52:13,367 - src.process_pipeline - INFO - Saved merged data to data\processed\Germany\2. Bundesliga\2019\merged_2019.csv
2025-08-31 21:52:13,367 - src.process_pipeline - INFO - Successfully merged 249 records
2025-08-31 21:52:13,380 - src.process_pipeline - INFO - Processing Germany/2. Bundesliga/2020
2025-08-31 21:52:13,401 - src.process_pipeline - INFO - Successfully merged 308 records with team statistics
2025-08-31 21:52:13,411 - src.process_pipeline - INFO - Saved merged data to data\processed\Germany\2. Bundesliga\2020\merged_2020.csv
2025-08-31 21:52:13,411 - src.process_pipeline - INFO - Successfully merged 308 records
2025-08-31 21:52:13,425 - src.process_pipeline - INFO - Processing Germany/2. Bundesliga/2021
2025-08-31 21:52:13,443 - src.process_pipeline - INFO - Successfully merged 293 records with team statistics
2025-08-31 21:52:13,453 - src.process_pipeline - INFO - Saved merged data to data\processed\Germany\2. Bundesliga\2021\merged_2021.csv
2025-08-31 21:52:13,453 - src.process_pipeline - INFO - Successfully merged 293 records
2025-08-31 21:52:13,465 - src.process_pipeline - INFO - Processing Germany/2. Bundesliga/2022
2025-08-31 21:52:13,484 - src.process_pipeline - INFO - Successfully merged 288 records with team statistics
2025-08-31 21:52:13,495 - src.process_pipeline - INFO - Saved merged data to data\processed\Germany\2. Bundesliga\2022\merged_2022.csv
2025-08-31 21:52:13,495 - src.process_pipeline - INFO - Successfully merged 288 records
2025-08-31 21:52:13,508 - src.process_pipeline - INFO - Processing Germany/2. Bundesliga/2023
2025-08-31 21:52:13,526 - src.process_pipeline - INFO - Successfully merged 299 records with team statistics
2025-08-31 21:52:13,538 - src.process_pipeline - INFO - Saved merged data to data\processed\Germany\2. Bundesliga\2023\merged_2023.csv
2025-08-31 21:52:13,538 - src.process_pipeline - INFO - Successfully merged 299 records
2025-08-31 21:52:13,551 - src.process_pipeline - INFO - Processing Germany/2. Bundesliga/2024
2025-08-31 21:52:13,570 - src.process_pipeline - INFO - Successfully merged 308 records with team statistics
2025-08-31 21:52:13,580 - src.process_pipeline - INFO - Saved merged data to data\processed\Germany\2. Bundesliga\2024\merged_2024.csv
2025-08-31 21:52:13,580 - src.process_pipeline - INFO - Successfully merged 308 records
2025-08-31 21:52:13,592 - src.process_pipeline - INFO - Processing Germany/2. Bundesliga/2025
2025-08-31 21:52:13,605 - src.process_pipeline - INFO - Successfully merged 18 records with team statistics
2025-08-31 21:52:13,609 - src.process_pipeline - INFO - Saved merged data to data\processed\Germany\2. Bundesliga\2025\merged_2025.csv
2025-08-31 21:52:13,609 - src.process_pipeline - INFO - Successfully merged 18 records
2025-08-31 21:52:13,621 - src.process_pipeline - INFO - Processing Germany/Bundesliga/2018
2025-08-31 21:52:13,640 - src.process_pipeline - INFO - Successfully merged 308 records with team statistics
2025-08-31 21:52:13,651 - src.process_pipeline - INFO - Saved merged data to data\processed\Germany\Bundesliga\2018\merged_2018.csv
2025-08-31 21:52:13,651 - src.process_pipeline - INFO - Successfully merged 308 records
2025-08-31 21:52:13,666 - src.process_pipeline - INFO - Processing Germany/Bundesliga/2019
2025-08-31 21:52:13,686 - src.process_pipeline - INFO - Successfully merged 260 records with team statistics
2025-08-31 21:52:13,695 - src.process_pipeline - INFO - Saved merged data to data\processed\Germany\Bundesliga\2019\merged_2019.csv
2025-08-31 21:52:13,695 - src.process_pipeline - INFO - Successfully merged 260 records
2025-08-31 21:52:13,709 - src.process_pipeline - INFO - Processing Germany/Bundesliga/2020
2025-08-31 21:52:13,728 - src.process_pipeline - INFO - Successfully merged 308 records with team statistics
2025-08-31 21:52:13,738 - src.process_pipeline - INFO - Saved merged data to data\processed\Germany\Bundesliga\2020\merged_2020.csv
2025-08-31 21:52:13,738 - src.process_pipeline - INFO - Successfully merged 308 records
2025-08-31 21:52:13,750 - src.process_pipeline - INFO - Processing Germany/Bundesliga/2021
2025-08-31 21:52:13,768 - src.process_pipeline - INFO - Successfully merged 308 records with team statistics
2025-08-31 21:52:13,778 - src.process_pipeline - INFO - Saved merged data to data\processed\Germany\Bundesliga\2021\merged_2021.csv
2025-08-31 21:52:13,779 - src.process_pipeline - INFO - Successfully merged 308 records
2025-08-31 21:52:13,791 - src.process_pipeline - INFO - Processing Germany/Bundesliga/2022
2025-08-31 21:52:13,813 - src.process_pipeline - INFO - Successfully merged 307 records with team statistics
2025-08-31 21:52:13,824 - src.process_pipeline - INFO - Saved merged data to data\processed\Germany\Bundesliga\2022\merged_2022.csv
2025-08-31 21:52:13,824 - src.process_pipeline - INFO - Successfully merged 307 records
2025-08-31 21:52:13,837 - src.process_pipeline - INFO - Processing Germany/Bundesliga/2023
2025-08-31 21:52:13,855 - src.process_pipeline - INFO - Successfully merged 308 records with team statistics
2025-08-31 21:52:13,865 - src.process_pipeline - INFO - Saved merged data to data\processed\Germany\Bundesliga\2023\merged_2023.csv
2025-08-31 21:52:13,865 - src.process_pipeline - INFO - Successfully merged 308 records
2025-08-31 21:52:13,879 - src.process_pipeline - INFO - Processing Germany/Bundesliga/2024
2025-08-31 21:52:13,896 - src.process_pipeline - INFO - Successfully merged 308 records with team statistics
2025-08-31 21:52:13,907 - src.process_pipeline - INFO - Saved merged data to data\processed\Germany\Bundesliga\2024\merged_2024.csv
2025-08-31 21:52:13,907 - src.process_pipeline - INFO - Successfully merged 308 records
2025-08-31 21:52:13,922 - src.process_pipeline - INFO - Processing Germany/Bundesliga/2025
2025-08-31 21:52:13,936 - src.process_pipeline - INFO - Successfully merged 17 records with team statistics
2025-08-31 21:52:13,940 - src.process_pipeline - INFO - Saved merged data to data\processed\Germany\Bundesliga\2025\merged_2025.csv
2025-08-31 21:52:13,940 - src.process_pipeline - INFO - Successfully merged 17 records
2025-08-31 21:52:13,952 - src.process_pipeline - INFO - Processing Germany/DFB Pokal/2018
2025-08-31 21:52:13,973 - src.process_pipeline - INFO - Successfully merged 63 records with team statistics
2025-08-31 21:52:13,978 - src.process_pipeline - INFO - Saved merged data to data\processed\Germany\DFB Pokal\2018\merged_2018.csv
2025-08-31 21:52:13,978 - src.process_pipeline - INFO - Successfully merged 63 records
2025-08-31 21:52:13,998 - src.process_pipeline - INFO - Processing Germany/DFB Pokal/2019
2025-08-31 21:52:14,017 - src.process_pipeline - INFO - Successfully merged 60 records with team statistics
2025-08-31 21:52:14,021 - src.process_pipeline - INFO - Saved merged data to data\processed\Germany\DFB Pokal\2019\merged_2019.csv
2025-08-31 21:52:14,021 - src.process_pipeline - INFO - Successfully merged 60 records
2025-08-31 21:52:14,040 - src.process_pipeline - INFO - Processing Germany/DFB Pokal/2020
2025-08-31 21:52:14,056 - src.process_pipeline - INFO - Successfully merged 63 records with team statistics
2025-08-31 21:52:14,061 - src.process_pipeline - INFO - Saved merged data to data\processed\Germany\DFB Pokal\2020\merged_2020.csv
2025-08-31 21:52:14,062 - src.process_pipeline - INFO - Successfully merged 63 records
2025-08-31 21:52:14,077 - src.process_pipeline - INFO - Processing Germany/DFB Pokal/2021
2025-08-31 21:52:14,091 - src.process_pipeline - INFO - Successfully merged 63 records with team statistics
2025-08-31 21:52:14,095 - src.process_pipeline - INFO - Saved merged data to data\processed\Germany\DFB Pokal\2021\merged_2021.csv
2025-08-31 21:52:14,095 - src.process_pipeline - INFO - Successfully merged 63 records
2025-08-31 21:52:14,107 - src.process_pipeline - INFO - Processing Germany/DFB Pokal/2022
2025-08-31 21:52:14,120 - src.process_pipeline - INFO - Successfully merged 36 records with team statistics
2025-08-31 21:52:14,124 - src.process_pipeline - INFO - Saved merged data to data\processed\Germany\DFB Pokal\2022\merged_2022.csv
2025-08-31 21:52:14,124 - src.process_pipeline - INFO - Successfully merged 36 records
2025-08-31 21:52:14,137 - src.process_pipeline - INFO - Processing Germany/DFB Pokal/2023
2025-08-31 21:52:14,152 - src.process_pipeline - INFO - Successfully merged 63 records with team statistics
2025-08-31 21:52:14,156 - src.process_pipeline - INFO - Saved merged data to data\processed\Germany\DFB Pokal\2023\merged_2023.csv
2025-08-31 21:52:14,156 - src.process_pipeline - INFO - Successfully merged 63 records
2025-08-31 21:52:14,170 - src.process_pipeline - INFO - Processing Germany/DFB Pokal/2024
2025-08-31 21:52:14,187 - src.process_pipeline - INFO - Successfully merged 63 records with team statistics
2025-08-31 21:52:14,195 - src.process_pipeline - INFO - Saved merged data to data\processed\Germany\DFB Pokal\2024\merged_2024.csv
2025-08-31 21:52:14,195 - src.process_pipeline - INFO - Successfully merged 63 records
2025-08-31 21:52:14,214 - src.process_pipeline - INFO - Processing Greece/Super League/2021
2025-08-31 21:52:14,232 - src.process_pipeline - INFO - Successfully merged 240 records with team statistics
2025-08-31 21:52:14,240 - src.process_pipeline - INFO - Saved merged data to data\processed\Greece\Super League\2021\merged_2021.csv
2025-08-31 21:52:14,240 - src.process_pipeline - INFO - Successfully merged 240 records
2025-08-31 21:52:14,255 - src.process_pipeline - INFO - Processing Greece/Super League/2022
2025-08-31 21:52:14,273 - src.process_pipeline - INFO - Successfully merged 240 records with team statistics
2025-08-31 21:52:14,281 - src.process_pipeline - INFO - Saved merged data to data\processed\Greece\Super League\2022\merged_2022.csv
2025-08-31 21:52:14,281 - src.process_pipeline - INFO - Successfully merged 240 records
2025-08-31 21:52:14,294 - src.process_pipeline - INFO - Processing Greece/Super League/2023
2025-08-31 21:52:14,312 - src.process_pipeline - INFO - Successfully merged 240 records with team statistics
2025-08-31 21:52:14,323 - src.process_pipeline - INFO - Saved merged data to data\processed\Greece\Super League\2023\merged_2023.csv
2025-08-31 21:52:14,323 - src.process_pipeline - INFO - Successfully merged 240 records
2025-08-31 21:52:14,337 - src.process_pipeline - INFO - Processing Greece/Super League/2024
2025-08-31 21:52:14,355 - src.process_pipeline - INFO - Successfully merged 236 records with team statistics
2025-08-31 21:52:14,365 - src.process_pipeline - INFO - Saved merged data to data\processed\Greece\Super League\2024\merged_2024.csv
2025-08-31 21:52:14,365 - src.process_pipeline - INFO - Successfully merged 236 records
2025-08-31 21:52:14,378 - src.process_pipeline - INFO - Processing Greece/Super League/2025
2025-08-31 21:52:14,378 - src.process_pipeline - WARNING - Missing team stats file: data\extracted\Greece\Super League\2025\team_statistics.csv
2025-08-31 21:52:14,379 - src.process_pipeline - INFO - Processing Italy/Coppa Italia/2018
2025-08-31 21:52:14,391 - src.process_pipeline - INFO - Successfully merged 61 records with team statistics
2025-08-31 21:52:14,395 - src.process_pipeline - INFO - Saved merged data to data\processed\Italy\Coppa Italia\2018\merged_2018.csv
2025-08-31 21:52:14,395 - src.process_pipeline - INFO - Successfully merged 61 records
2025-08-31 21:52:14,410 - src.process_pipeline - INFO - Processing Italy/Coppa Italia/2019
2025-08-31 21:52:14,410 - src.process_pipeline - WARNING - Missing fixtures file: data\extracted\Italy\Coppa Italia\2019\fixture_events.csv
2025-08-31 21:52:14,410 - src.process_pipeline - INFO - Processing Italy/Coppa Italia/2020
2025-08-31 21:52:14,425 - src.process_pipeline - INFO - Successfully merged 79 records with team statistics
2025-08-31 21:52:14,430 - src.process_pipeline - INFO - Saved merged data to data\processed\Italy\Coppa Italia\2020\merged_2020.csv
2025-08-31 21:52:14,430 - src.process_pipeline - INFO - Successfully merged 79 records
2025-08-31 21:52:14,444 - src.process_pipeline - INFO - Processing Italy/Coppa Italia/2021
2025-08-31 21:52:14,457 - src.process_pipeline - INFO - Successfully merged 45 records with team statistics
2025-08-31 21:52:14,460 - src.process_pipeline - INFO - Saved merged data to data\processed\Italy\Coppa Italia\2021\merged_2021.csv
2025-08-31 21:52:14,460 - src.process_pipeline - INFO - Successfully merged 45 records
2025-08-31 21:52:14,475 - src.process_pipeline - INFO - Processing Italy/Coppa Italia/2022
2025-08-31 21:52:14,488 - src.process_pipeline - INFO - Successfully merged 41 records with team statistics
2025-08-31 21:52:14,492 - src.process_pipeline - INFO - Saved merged data to data\processed\Italy\Coppa Italia\2022\merged_2022.csv
2025-08-31 21:52:14,492 - src.process_pipeline - INFO - Successfully merged 41 records
2025-08-31 21:52:14,508 - src.process_pipeline - INFO - Processing Italy/Coppa Italia/2023
2025-08-31 21:52:14,522 - src.process_pipeline - INFO - Successfully merged 45 records with team statistics
2025-08-31 21:52:14,525 - src.process_pipeline - INFO - Saved merged data to data\processed\Italy\Coppa Italia\2023\merged_2023.csv
2025-08-31 21:52:14,525 - src.process_pipeline - INFO - Successfully merged 45 records
2025-08-31 21:52:14,540 - src.process_pipeline - INFO - Processing Italy/Coppa Italia/2024
2025-08-31 21:52:14,554 - src.process_pipeline - INFO - Successfully merged 45 records with team statistics
2025-08-31 21:52:14,559 - src.process_pipeline - INFO - Saved merged data to data\processed\Italy\Coppa Italia\2024\merged_2024.csv
2025-08-31 21:52:14,559 - src.process_pipeline - INFO - Successfully merged 45 records
2025-08-31 21:52:14,573 - src.process_pipeline - INFO - Processing Italy/Serie A/2016
2025-08-31 21:52:14,592 - src.process_pipeline - INFO - Successfully merged 380 records with team statistics
2025-08-31 21:52:14,603 - src.process_pipeline - INFO - Saved merged data to data\processed\Italy\Serie A\2016\merged_2016.csv
2025-08-31 21:52:14,603 - src.process_pipeline - INFO - Successfully merged 380 records
2025-08-31 21:52:14,618 - src.process_pipeline - INFO - Processing Italy/Serie A/2017
2025-08-31 21:52:14,637 - src.process_pipeline - INFO - Successfully merged 380 records with team statistics
2025-08-31 21:52:14,648 - src.process_pipeline - INFO - Saved merged data to data\processed\Italy\Serie A\2017\merged_2017.csv
2025-08-31 21:52:14,648 - src.process_pipeline - INFO - Successfully merged 380 records
2025-08-31 21:52:14,662 - src.process_pipeline - INFO - Processing Italy/Serie A/2018
2025-08-31 21:52:14,682 - src.process_pipeline - INFO - Successfully merged 380 records with team statistics
2025-08-31 21:52:14,696 - src.process_pipeline - INFO - Saved merged data to data\processed\Italy\Serie A\2018\merged_2018.csv
2025-08-31 21:52:14,696 - src.process_pipeline - INFO - Successfully merged 380 records
2025-08-31 21:52:14,719 - src.process_pipeline - INFO - Processing Italy/Serie A/2019
2025-08-31 21:52:14,737 - src.process_pipeline - INFO - Successfully merged 256 records with team statistics
2025-08-31 21:52:14,746 - src.process_pipeline - INFO - Saved merged data to data\processed\Italy\Serie A\2019\merged_2019.csv
2025-08-31 21:52:14,746 - src.process_pipeline - INFO - Successfully merged 256 records
2025-08-31 21:52:14,763 - src.process_pipeline - INFO - Processing Italy/Serie A/2020
2025-08-31 21:52:14,782 - src.process_pipeline - INFO - Successfully merged 380 records with team statistics
2025-08-31 21:52:14,793 - src.process_pipeline - INFO - Saved merged data to data\processed\Italy\Serie A\2020\merged_2020.csv
2025-08-31 21:52:14,793 - src.process_pipeline - INFO - Successfully merged 380 records
2025-08-31 21:52:14,807 - src.process_pipeline - INFO - Processing Italy/Serie A/2021
2025-08-31 21:52:14,826 - src.process_pipeline - INFO - Successfully merged 380 records with team statistics
2025-08-31 21:52:14,837 - src.process_pipeline - INFO - Saved merged data to data\processed\Italy\Serie A\2021\merged_2021.csv
2025-08-31 21:52:14,837 - src.process_pipeline - INFO - Successfully merged 380 records
2025-08-31 21:52:14,852 - src.process_pipeline - INFO - Processing Italy/Serie A/2022
2025-08-31 21:52:14,874 - src.process_pipeline - INFO - Successfully merged 370 records with team statistics
2025-08-31 21:52:14,885 - src.process_pipeline - INFO - Saved merged data to data\processed\Italy\Serie A\2022\merged_2022.csv
2025-08-31 21:52:14,886 - src.process_pipeline - INFO - Successfully merged 370 records
2025-08-31 21:52:14,900 - src.process_pipeline - INFO - Processing Italy/Serie A/2023
2025-08-31 21:52:14,918 - src.process_pipeline - INFO - Successfully merged 379 records with team statistics
2025-08-31 21:52:14,929 - src.process_pipeline - INFO - Saved merged data to data\processed\Italy\Serie A\2023\merged_2023.csv
2025-08-31 21:52:14,929 - src.process_pipeline - INFO - Successfully merged 379 records
2025-08-31 21:52:14,946 - src.process_pipeline - INFO - Processing Italy/Serie A/2024
2025-08-31 21:52:14,968 - src.process_pipeline - INFO - Successfully merged 380 records with team statistics
2025-08-31 21:52:14,983 - src.process_pipeline - INFO - Saved merged data to data\processed\Italy\Serie A\2024\merged_2024.csv
2025-08-31 21:52:14,983 - src.process_pipeline - INFO - Successfully merged 380 records
2025-08-31 21:52:14,997 - src.process_pipeline - INFO - Processing Italy/Serie A/2025
2025-08-31 21:52:15,010 - src.process_pipeline - INFO - Successfully merged 18 records with team statistics
2025-08-31 21:52:15,012 - src.process_pipeline - INFO - Saved merged data to data\processed\Italy\Serie A\2025\merged_2025.csv
2025-08-31 21:52:15,013 - src.process_pipeline - INFO - Successfully merged 18 records
2025-08-31 21:52:15,027 - src.process_pipeline - INFO - Processing Italy/Serie B/2017
2025-08-31 21:52:15,047 - src.process_pipeline - INFO - Successfully merged 464 records with team statistics
2025-08-31 21:52:15,062 - src.process_pipeline - INFO - Saved merged data to data\processed\Italy\Serie B\2017\merged_2017.csv
2025-08-31 21:52:15,062 - src.process_pipeline - INFO - Successfully merged 464 records
2025-08-31 21:52:15,079 - src.process_pipeline - INFO - Processing Italy/Serie B/2018
2025-08-31 21:52:15,080 - src.process_pipeline - WARNING - Missing fixtures file: data\extracted\Italy\Serie B\2018\fixture_events.csv
2025-08-31 21:52:15,080 - src.process_pipeline - INFO - Processing Italy/Serie B/2019
2025-08-31 21:52:15,099 - src.process_pipeline - INFO - Successfully merged 279 records with team statistics
2025-08-31 21:52:15,108 - src.process_pipeline - INFO - Saved merged data to data\processed\Italy\Serie B\2019\merged_2019.csv
2025-08-31 21:52:15,109 - src.process_pipeline - INFO - Successfully merged 279 records
2025-08-31 21:52:15,128 - src.process_pipeline - INFO - Processing Italy/Serie B/2020
2025-08-31 21:52:15,147 - src.process_pipeline - INFO - Successfully merged 388 records with team statistics
2025-08-31 21:52:15,163 - src.process_pipeline - INFO - Saved merged data to data\processed\Italy\Serie B\2020\merged_2020.csv
2025-08-31 21:52:15,163 - src.process_pipeline - INFO - Successfully merged 388 records
2025-08-31 21:52:15,183 - src.process_pipeline - INFO - Processing Italy/Serie B/2021
2025-08-31 21:52:15,204 - src.process_pipeline - INFO - Successfully merged 390 records with team statistics
2025-08-31 21:52:15,217 - src.process_pipeline - INFO - Saved merged data to data\processed\Italy\Serie B\2021\merged_2021.csv
2025-08-31 21:52:15,217 - src.process_pipeline - INFO - Successfully merged 390 records
2025-08-31 21:52:15,235 - src.process_pipeline - INFO - Processing Italy/Serie B/2022
2025-08-31 21:52:15,254 - src.process_pipeline - INFO - Successfully merged 385 records with team statistics
2025-08-31 21:52:15,266 - src.process_pipeline - INFO - Saved merged data to data\processed\Italy\Serie B\2022\merged_2022.csv
2025-08-31 21:52:15,266 - src.process_pipeline - INFO - Successfully merged 385 records
2025-08-31 21:52:15,280 - src.process_pipeline - INFO - Processing Italy/Serie B/2023
2025-08-31 21:52:15,298 - src.process_pipeline - INFO - Successfully merged 389 records with team statistics
2025-08-31 21:52:15,309 - src.process_pipeline - INFO - Saved merged data to data\processed\Italy\Serie B\2023\merged_2023.csv
2025-08-31 21:52:15,310 - src.process_pipeline - INFO - Successfully merged 389 records
2025-08-31 21:52:15,326 - src.process_pipeline - INFO - Processing Italy/Serie B/2024
2025-08-31 21:52:15,345 - src.process_pipeline - INFO - Successfully merged 387 records with team statistics
2025-08-31 21:52:15,357 - src.process_pipeline - INFO - Saved merged data to data\processed\Italy\Serie B\2024\merged_2024.csv
2025-08-31 21:52:15,357 - src.process_pipeline - INFO - Successfully merged 387 records
2025-08-31 21:52:15,372 - src.process_pipeline - INFO - Processing Italy/Serie B/2025
2025-08-31 21:52:15,372 - src.process_pipeline - WARNING - Missing fixtures file: data\extracted\Italy\Serie B\2025\fixture_events.csv
2025-08-31 21:52:15,373 - src.process_pipeline - INFO - Processing Spain/Copa del Rey/2018
2025-08-31 21:52:15,386 - src.process_pipeline - INFO - Successfully merged 71 records with team statistics
2025-08-31 21:52:15,390 - src.process_pipeline - INFO - Saved merged data to data\processed\Spain\Copa del Rey\2018\merged_2018.csv
2025-08-31 21:52:15,391 - src.process_pipeline - INFO - Successfully merged 71 records
2025-08-31 21:52:15,405 - src.process_pipeline - INFO - Processing Spain/Copa del Rey/2019
2025-08-31 21:52:15,419 - src.process_pipeline - INFO - Successfully merged 127 records with team statistics
2025-08-31 21:52:15,427 - src.process_pipeline - INFO - Saved merged data to data\processed\Spain\Copa del Rey\2019\merged_2019.csv
2025-08-31 21:52:15,427 - src.process_pipeline - INFO - Successfully merged 127 records
2025-08-31 21:52:15,443 - src.process_pipeline - INFO - Processing Spain/Copa del Rey/2020
2025-08-31 21:52:15,459 - src.process_pipeline - INFO - Successfully merged 127 records with team statistics
2025-08-31 21:52:15,465 - src.process_pipeline - INFO - Saved merged data to data\processed\Spain\Copa del Rey\2020\merged_2020.csv
2025-08-31 21:52:15,465 - src.process_pipeline - INFO - Successfully merged 127 records
2025-08-31 21:52:15,483 - src.process_pipeline - INFO - Processing Spain/Copa del Rey/2021
2025-08-31 21:52:15,499 - src.process_pipeline - INFO - Successfully merged 127 records with team statistics
2025-08-31 21:52:15,505 - src.process_pipeline - INFO - Saved merged data to data\processed\Spain\Copa del Rey\2021\merged_2021.csv
2025-08-31 21:52:15,505 - src.process_pipeline - INFO - Successfully merged 127 records
2025-08-31 21:52:15,522 - src.process_pipeline - INFO - Processing Spain/Copa del Rey/2022
2025-08-31 21:52:15,536 - src.process_pipeline - INFO - Successfully merged 125 records with team statistics
2025-08-31 21:52:15,542 - src.process_pipeline - INFO - Saved merged data to data\processed\Spain\Copa del Rey\2022\merged_2022.csv
2025-08-31 21:52:15,542 - src.process_pipeline - INFO - Successfully merged 125 records
2025-08-31 21:52:15,560 - src.process_pipeline - INFO - Processing Spain/Copa del Rey/2023
2025-08-31 21:52:15,576 - src.process_pipeline - INFO - Successfully merged 126 records with team statistics
2025-08-31 21:52:15,582 - src.process_pipeline - INFO - Saved merged data to data\processed\Spain\Copa del Rey\2023\merged_2023.csv
2025-08-31 21:52:15,582 - src.process_pipeline - INFO - Successfully merged 126 records
2025-08-31 21:52:15,600 - src.process_pipeline - INFO - Processing Spain/Copa del Rey/2024
2025-08-31 21:52:15,617 - src.process_pipeline - INFO - Successfully merged 126 records with team statistics
2025-08-31 21:52:15,624 - src.process_pipeline - INFO - Saved merged data to data\processed\Spain\Copa del Rey\2024\merged_2024.csv
2025-08-31 21:52:15,624 - src.process_pipeline - INFO - Successfully merged 126 records
2025-08-31 21:52:15,643 - src.process_pipeline - INFO - Processing Spain/La Liga/2020
2025-08-31 21:52:15,662 - src.process_pipeline - INFO - Successfully merged 380 records with team statistics
2025-08-31 21:52:15,673 - src.process_pipeline - INFO - Saved merged data to data\processed\Spain\La Liga\2020\merged_2020.csv
2025-08-31 21:52:15,673 - src.process_pipeline - INFO - Successfully merged 380 records
2025-08-31 21:52:15,692 - src.process_pipeline - INFO - Processing Spain/La Liga/2021
2025-08-31 21:52:15,713 - src.process_pipeline - INFO - Successfully merged 380 records with team statistics
2025-08-31 21:52:15,726 - src.process_pipeline - INFO - Saved merged data to data\processed\Spain\La Liga\2021\merged_2021.csv
2025-08-31 21:52:15,726 - src.process_pipeline - INFO - Successfully merged 380 records
2025-08-31 21:52:15,747 - src.process_pipeline - INFO - Processing Spain/La Liga/2022
2025-08-31 21:52:15,766 - src.process_pipeline - INFO - Successfully merged 370 records with team statistics
2025-08-31 21:52:15,778 - src.process_pipeline - INFO - Saved merged data to data\processed\Spain\La Liga\2022\merged_2022.csv
2025-08-31 21:52:15,778 - src.process_pipeline - INFO - Successfully merged 370 records
2025-08-31 21:52:15,793 - src.process_pipeline - INFO - Processing Spain/La Liga/2023
2025-08-31 21:52:15,811 - src.process_pipeline - INFO - Successfully merged 380 records with team statistics
2025-08-31 21:52:15,822 - src.process_pipeline - INFO - Saved merged data to data\processed\Spain\La Liga\2023\merged_2023.csv
2025-08-31 21:52:15,822 - src.process_pipeline - INFO - Successfully merged 380 records
2025-08-31 21:52:15,839 - src.process_pipeline - INFO - Processing Spain/La Liga/2024
2025-08-31 21:52:15,857 - src.process_pipeline - INFO - Successfully merged 380 records with team statistics
2025-08-31 21:52:15,870 - src.process_pipeline - INFO - Saved merged data to data\processed\Spain\La Liga\2024\merged_2024.csv
2025-08-31 21:52:15,870 - src.process_pipeline - INFO - Successfully merged 380 records
2025-08-31 21:52:15,889 - src.process_pipeline - INFO - Processing Spain/La Liga/2025
2025-08-31 21:52:15,905 - src.process_pipeline - INFO - Successfully merged 28 records with team statistics
2025-08-31 21:52:15,910 - src.process_pipeline - INFO - Saved merged data to data\processed\Spain\La Liga\2025\merged_2025.csv
2025-08-31 21:52:15,910 - src.process_pipeline - INFO - Successfully merged 28 records
2025-08-31 21:52:15,933 - src.process_pipeline - INFO - Processing Spain/Segunda Division/2017
2025-08-31 21:52:15,958 - src.process_pipeline - INFO - Successfully merged 468 records with team statistics
2025-08-31 21:52:15,978 - src.process_pipeline - INFO - Saved merged data to data\processed\Spain\Segunda Division\2017\merged_2017.csv
2025-08-31 21:52:15,978 - src.process_pipeline - INFO - Successfully merged 468 records
2025-08-31 21:52:16,000 - src.process_pipeline - INFO - Processing Spain/Segunda Division/2018
2025-08-31 21:52:16,022 - src.process_pipeline - INFO - Successfully merged 466 records with team statistics
2025-08-31 21:52:16,042 - src.process_pipeline - INFO - Saved merged data to data\processed\Spain\Segunda Division\2018\merged_2018.csv
2025-08-31 21:52:16,042 - src.process_pipeline - INFO - Successfully merged 466 records
2025-08-31 21:52:16,064 - src.process_pipeline - INFO - Processing Spain/Segunda Division/2019
2025-08-31 21:52:16,084 - src.process_pipeline - INFO - Successfully merged 398 records with team statistics
2025-08-31 21:52:16,097 - src.process_pipeline - INFO - Saved merged data to data\processed\Spain\Segunda Division\2019\merged_2019.csv
2025-08-31 21:52:16,097 - src.process_pipeline - INFO - Successfully merged 398 records
2025-08-31 21:52:16,119 - src.process_pipeline - INFO - Processing Spain/Segunda Division/2020
2025-08-31 21:52:16,141 - src.process_pipeline - INFO - Successfully merged 468 records with team statistics
2025-08-31 21:52:16,156 - src.process_pipeline - INFO - Saved merged data to data\processed\Spain\Segunda Division\2020\merged_2020.csv
2025-08-31 21:52:16,156 - src.process_pipeline - INFO - Successfully merged 468 records
2025-08-31 21:52:16,183 - src.process_pipeline - INFO - Processing Spain/Segunda Division/2021
2025-08-31 21:52:16,215 - src.process_pipeline - INFO - Successfully merged 468 records with team statistics
2025-08-31 21:52:16,232 - src.process_pipeline - INFO - Saved merged data to data\processed\Spain\Segunda Division\2021\merged_2021.csv
2025-08-31 21:52:16,232 - src.process_pipeline - INFO - Successfully merged 468 records
2025-08-31 21:52:16,258 - src.process_pipeline - INFO - Processing Spain/Segunda Division/2022
2025-08-31 21:52:16,286 - src.process_pipeline - INFO - Successfully merged 468 records with team statistics
2025-08-31 21:52:16,301 - src.process_pipeline - INFO - Saved merged data to data\processed\Spain\Segunda Division\2022\merged_2022.csv
2025-08-31 21:52:16,301 - src.process_pipeline - INFO - Successfully merged 468 records
2025-08-31 21:52:16,320 - src.process_pipeline - INFO - Processing Spain/Segunda Division/2023
2025-08-31 21:52:16,346 - src.process_pipeline - INFO - Successfully merged 468 records with team statistics
2025-08-31 21:52:16,365 - src.process_pipeline - INFO - Saved merged data to data\processed\Spain\Segunda Division\2023\merged_2023.csv
2025-08-31 21:52:16,365 - src.process_pipeline - INFO - Successfully merged 468 records
2025-08-31 21:52:16,384 - src.process_pipeline - INFO - Processing Spain/Segunda Division/2024
2025-08-31 21:52:16,409 - src.process_pipeline - INFO - Successfully merged 468 records with team statistics
2025-08-31 21:52:16,428 - src.process_pipeline - INFO - Saved merged data to data\processed\Spain\Segunda Division\2024\merged_2024.csv
2025-08-31 21:52:16,428 - src.process_pipeline - INFO - Successfully merged 468 records
2025-08-31 21:52:16,450 - src.process_pipeline - INFO - Processing Spain/Segunda Division/2025
2025-08-31 21:52:16,464 - src.process_pipeline - INFO - Successfully merged 11 records with team statistics
2025-08-31 21:52:16,467 - src.process_pipeline - INFO - Saved merged data to data\processed\Spain\Segunda Division\2025\merged_2025.csv
2025-08-31 21:52:16,467 - src.process_pipeline - INFO - Successfully merged 11 records
