2025-09-03 21:13:37,425 - src.process_pipeline - INFO - Logging initialized. Log file: logs/process\process_20250903_211337.log
2025-09-03 21:13:38,623 - src.process_pipeline - INFO - Loaded H2H data with 11835 team pairs
2025-09-03 21:13:38,627 - src.process_pipeline - INFO - Loaded standings data for 1964 teams
2025-09-03 21:13:38,647 - src.process_pipeline - INFO - Found 178 new fixtures in Europe/Champions League/2020
2025-09-03 21:13:38,648 - src.process_pipeline - INFO - New data check: True
2025-09-03 21:13:38,648 - src.process_pipeline - INFO - Already processed fixtures: 0
2025-09-03 21:13:38,656 - src.process_pipeline - INFO - Processing Europe - Champions League - 2020
2025-09-03 21:13:38,657 - src.process_pipeline - INFO - Processing Europe/Champions League/2020
2025-09-03 21:13:38,667 - src.process_pipeline - WARNING - Missing odds file: data\extracted\Europe\Champions League\2020\odds.csv
2025-09-03 21:13:38,680 - src.process_pipeline - INFO - Successfully merged 178 records with team statistics
2025-09-03 21:13:38,696 - src.process_pipeline - INFO - Saved merged data to data\processed\Europe\Champions League\2020\merged_2020.csv
2025-09-03 21:13:38,697 - src.process_pipeline - INFO - Successfully merged 178 records
2025-09-03 21:13:38,697 - src.process_pipeline - INFO -   Found 178 new matches
2025-09-03 21:13:38,697 - src.process_pipeline - INFO - Processing Europe - Champions League - 2021
2025-09-03 21:13:38,698 - src.process_pipeline - INFO - Processing Europe/Champions League/2021
2025-09-03 21:13:38,707 - src.process_pipeline - WARNING - Missing odds file: data\extracted\Europe\Champions League\2021\odds.csv
2025-09-03 21:13:38,717 - src.process_pipeline - INFO - Successfully merged 157 records with team statistics
2025-09-03 21:13:38,727 - src.process_pipeline - INFO - Saved merged data to data\processed\Europe\Champions League\2021\merged_2021.csv
2025-09-03 21:13:38,727 - src.process_pipeline - INFO - Successfully merged 157 records
2025-09-03 21:13:38,728 - src.process_pipeline - INFO -   Found 157 new matches
2025-09-03 21:13:38,732 - src.process_pipeline - INFO - Processing Europe - Champions League - 2022
2025-09-03 21:13:38,732 - src.process_pipeline - INFO - Processing Europe/Champions League/2022
2025-09-03 21:13:38,743 - src.process_pipeline - WARNING - Missing odds file: data\extracted\Europe\Champions League\2022\odds.csv
2025-09-03 21:13:38,762 - src.process_pipeline - INFO - Successfully merged 210 records with team statistics
2025-09-03 21:13:38,776 - src.process_pipeline - INFO - Saved merged data to data\processed\Europe\Champions League\2022\merged_2022.csv
2025-09-03 21:13:38,776 - src.process_pipeline - INFO - Successfully merged 210 records
2025-09-03 21:13:38,777 - src.process_pipeline - INFO -   Found 210 new matches
2025-09-03 21:13:38,782 - src.process_pipeline - INFO - Processing Europe - Champions League - 2023
2025-09-03 21:13:38,782 - src.process_pipeline - INFO - Processing Europe/Champions League/2023
2025-09-03 21:13:38,792 - src.process_pipeline - WARNING - Missing odds file: data\extracted\Europe\Champions League\2023\odds.csv
2025-09-03 21:13:38,801 - src.process_pipeline - INFO - Successfully merged 211 records with team statistics
2025-09-03 21:13:38,812 - src.process_pipeline - INFO - Saved merged data to data\processed\Europe\Champions League\2023\merged_2023.csv
2025-09-03 21:13:38,812 - src.process_pipeline - INFO - Successfully merged 211 records
2025-09-03 21:13:38,812 - src.process_pipeline - INFO -   Found 211 new matches
2025-09-03 21:13:38,815 - src.process_pipeline - INFO - Processing Europe - Champions League - 2024
2025-09-03 21:13:38,815 - src.process_pipeline - INFO - Processing Europe/Champions League/2024
2025-09-03 21:13:38,826 - src.process_pipeline - WARNING - Missing odds file: data\extracted\Europe\Champions League\2024\odds.csv
2025-09-03 21:13:38,836 - src.process_pipeline - INFO - Successfully merged 279 records with team statistics
2025-09-03 21:13:38,849 - src.process_pipeline - INFO - Saved merged data to data\processed\Europe\Champions League\2024\merged_2024.csv
2025-09-03 21:13:38,849 - src.process_pipeline - INFO - Successfully merged 279 records
2025-09-03 21:13:38,849 - src.process_pipeline - INFO -   Found 279 new matches
2025-09-03 21:13:38,852 - src.process_pipeline - INFO - Processing Europe - Champions League - 2025
2025-09-03 21:13:38,852 - src.process_pipeline - INFO - Processing Europe/Champions League/2025
2025-09-03 21:13:38,860 - src.process_pipeline - INFO - Odds data found for Europe/Champions League/2025
2025-09-03 21:13:38,892 - src.process_pipeline - INFO - Added odds data for 7 fixtures
2025-09-03 21:13:38,892 - src.process_pipeline - INFO - Successfully merged 34 records with team statistics
2025-09-03 21:13:38,897 - src.process_pipeline - INFO - Saved merged data to data\processed\Europe\Champions League\2025\merged_2025.csv
2025-09-03 21:13:38,897 - src.process_pipeline - INFO - Successfully merged 34 records
2025-09-03 21:13:38,897 - src.process_pipeline - INFO -   Found 34 new matches
2025-09-03 21:13:38,901 - src.process_pipeline - INFO - Processing Europe - Conference League - 2021
2025-09-03 21:13:38,901 - src.process_pipeline - INFO - Processing Europe/Conference League/2021
2025-09-03 21:13:38,919 - src.process_pipeline - WARNING - Missing odds file: data\extracted\Europe\Conference League\2021\odds.csv
2025-09-03 21:13:38,935 - src.process_pipeline - INFO - Successfully merged 423 records with team statistics
2025-09-03 21:13:38,956 - src.process_pipeline - INFO - Saved merged data to data\processed\Europe\Conference League\2021\merged_2021.csv
2025-09-03 21:13:38,956 - src.process_pipeline - INFO - Successfully merged 423 records
2025-09-03 21:13:38,956 - src.process_pipeline - INFO -   Found 423 new matches
2025-09-03 21:13:38,960 - src.process_pipeline - INFO - Processing Europe - Conference League - 2022
2025-09-03 21:13:38,960 - src.process_pipeline - INFO - Processing Europe/Conference League/2022
2025-09-03 21:13:38,983 - src.process_pipeline - WARNING - Missing odds file: data\extracted\Europe\Conference League\2022\odds.csv
2025-09-03 21:13:39,003 - src.process_pipeline - INFO - Successfully merged 414 records with team statistics
2025-09-03 21:13:39,028 - src.process_pipeline - INFO - Saved merged data to data\processed\Europe\Conference League\2022\merged_2022.csv
2025-09-03 21:13:39,029 - src.process_pipeline - INFO - Successfully merged 414 records
2025-09-03 21:13:39,029 - src.process_pipeline - INFO -   Found 414 new matches
2025-09-03 21:13:39,039 - src.process_pipeline - INFO - Processing Europe - Conference League - 2023
2025-09-03 21:13:39,040 - src.process_pipeline - INFO - Processing Europe/Conference League/2023
2025-09-03 21:13:39,072 - src.process_pipeline - WARNING - Missing odds file: data\extracted\Europe\Conference League\2023\odds.csv
2025-09-03 21:13:39,095 - src.process_pipeline - INFO - Successfully merged 417 records with team statistics
2025-09-03 21:13:39,117 - src.process_pipeline - INFO - Saved merged data to data\processed\Europe\Conference League\2023\merged_2023.csv
2025-09-03 21:13:39,117 - src.process_pipeline - INFO - Successfully merged 417 records
2025-09-03 21:13:39,117 - src.process_pipeline - INFO -   Found 417 new matches
2025-09-03 21:13:39,121 - src.process_pipeline - INFO - Processing Europe - Conference League - 2024
2025-09-03 21:13:39,122 - src.process_pipeline - INFO - Processing Europe/Conference League/2024
2025-09-03 21:13:39,122 - src.process_pipeline - WARNING - Missing team stats file: data\extracted\Europe\Conference League\2024\team_statistics.csv
2025-09-03 21:13:39,123 - src.process_pipeline - INFO -   No new matches found
2025-09-03 21:13:39,123 - src.process_pipeline - INFO - Processing Europe - Conference League - 2025
2025-09-03 21:13:39,123 - src.process_pipeline - INFO - Processing Europe/Conference League/2025
2025-09-03 21:13:39,133 - src.process_pipeline - INFO - Odds data found for Europe/Conference League/2025
2025-09-03 21:13:39,201 - src.process_pipeline - INFO - Added odds data for 24 fixtures
2025-09-03 21:13:39,201 - src.process_pipeline - INFO - Successfully merged 108 records with team statistics
2025-09-03 21:13:39,206 - src.process_pipeline - INFO - Saved merged data to data\processed\Europe\Conference League\2025\merged_2025.csv
2025-09-03 21:13:39,207 - src.process_pipeline - INFO - Successfully merged 108 records
2025-09-03 21:13:39,207 - src.process_pipeline - INFO -   Found 108 new matches
2025-09-03 21:13:39,211 - src.process_pipeline - INFO - Processing Europe - Europa League - 2020
2025-09-03 21:13:39,212 - src.process_pipeline - INFO - Processing Europe/Europa League/2020
2025-09-03 21:13:39,222 - src.process_pipeline - WARNING - Missing odds file: data\extracted\Europe\Europa League\2020\odds.csv
2025-09-03 21:13:39,231 - src.process_pipeline - INFO - Successfully merged 362 records with team statistics
2025-09-03 21:13:39,246 - src.process_pipeline - INFO - Saved merged data to data\processed\Europe\Europa League\2020\merged_2020.csv
2025-09-03 21:13:39,246 - src.process_pipeline - INFO - Successfully merged 362 records
2025-09-03 21:13:39,246 - src.process_pipeline - INFO -   Found 362 new matches
2025-09-03 21:13:39,249 - src.process_pipeline - INFO - Processing Europe - Europa League - 2021
2025-09-03 21:13:39,250 - src.process_pipeline - INFO - Processing Europe/Europa League/2021
2025-09-03 21:13:39,257 - src.process_pipeline - WARNING - Missing odds file: data\extracted\Europe\Europa League\2021\odds.csv
2025-09-03 21:13:39,273 - src.process_pipeline - INFO - Successfully merged 177 records with team statistics
2025-09-03 21:13:39,284 - src.process_pipeline - INFO - Saved merged data to data\processed\Europe\Europa League\2021\merged_2021.csv
2025-09-03 21:13:39,284 - src.process_pipeline - INFO - Successfully merged 177 records
2025-09-03 21:13:39,284 - src.process_pipeline - INFO -   Found 177 new matches
2025-09-03 21:13:39,288 - src.process_pipeline - INFO - Processing Europe - Europa League - 2022
2025-09-03 21:13:39,288 - src.process_pipeline - INFO - Processing Europe/Europa League/2022
2025-09-03 21:13:39,296 - src.process_pipeline - WARNING - Missing odds file: data\extracted\Europe\Europa League\2022\odds.csv
2025-09-03 21:13:39,306 - src.process_pipeline - INFO - Successfully merged 175 records with team statistics
2025-09-03 21:13:39,314 - src.process_pipeline - INFO - Saved merged data to data\processed\Europe\Europa League\2022\merged_2022.csv
2025-09-03 21:13:39,314 - src.process_pipeline - INFO - Successfully merged 175 records
2025-09-03 21:13:39,315 - src.process_pipeline - INFO -   Found 175 new matches
2025-09-03 21:13:39,318 - src.process_pipeline - INFO - Processing Europe - Europa League - 2023
2025-09-03 21:13:39,318 - src.process_pipeline - INFO - Processing Europe/Europa League/2023
2025-09-03 21:13:39,329 - src.process_pipeline - WARNING - Missing odds file: data\extracted\Europe\Europa League\2023\odds.csv
2025-09-03 21:13:39,345 - src.process_pipeline - INFO - Successfully merged 175 records with team statistics
2025-09-03 21:13:39,354 - src.process_pipeline - INFO - Saved merged data to data\processed\Europe\Europa League\2023\merged_2023.csv
2025-09-03 21:13:39,354 - src.process_pipeline - INFO - Successfully merged 175 records
2025-09-03 21:13:39,354 - src.process_pipeline - INFO -   Found 175 new matches
2025-09-03 21:13:39,358 - src.process_pipeline - INFO - Processing Europe - Europa League - 2024
2025-09-03 21:13:39,358 - src.process_pipeline - INFO - Processing Europe/Europa League/2024
2025-09-03 21:13:39,368 - src.process_pipeline - WARNING - Missing odds file: data\extracted\Europe\Europa League\2024\odds.csv
2025-09-03 21:13:39,384 - src.process_pipeline - INFO - Successfully merged 269 records with team statistics
2025-09-03 21:13:39,396 - src.process_pipeline - INFO - Saved merged data to data\processed\Europe\Europa League\2024\merged_2024.csv
2025-09-03 21:13:39,396 - src.process_pipeline - INFO - Successfully merged 269 records
2025-09-03 21:13:39,396 - src.process_pipeline - INFO -   Found 269 new matches
2025-09-03 21:13:39,400 - src.process_pipeline - INFO - Processing Europe - Europa League - 2025
2025-09-03 21:13:39,400 - src.process_pipeline - INFO - Processing Europe/Europa League/2025
2025-09-03 21:13:39,407 - src.process_pipeline - INFO - Odds data found for Europe/Europa League/2025
2025-09-03 21:13:39,443 - src.process_pipeline - INFO - Added odds data for 12 fixtures
2025-09-03 21:13:39,444 - src.process_pipeline - INFO - Successfully merged 50 records with team statistics
2025-09-03 21:13:39,448 - src.process_pipeline - INFO - Saved merged data to data\processed\Europe\Europa League\2025\merged_2025.csv
2025-09-03 21:13:39,448 - src.process_pipeline - INFO - Successfully merged 50 records
2025-09-03 21:13:39,448 - src.process_pipeline - INFO -   Found 50 new matches
2025-09-03 21:13:39,451 - src.process_pipeline - INFO - Processing Italy - Coppa Italia - 2020
2025-09-03 21:13:39,452 - src.process_pipeline - INFO - Processing Italy/Coppa Italia/2020
2025-09-03 21:13:39,457 - src.process_pipeline - WARNING - Missing odds file: data\extracted\Italy\Coppa Italia\2020\odds.csv
2025-09-03 21:13:39,465 - src.process_pipeline - INFO - Successfully merged 79 records with team statistics
2025-09-03 21:13:39,469 - src.process_pipeline - INFO - Saved merged data to data\processed\Italy\Coppa Italia\2020\merged_2020.csv
2025-09-03 21:13:39,470 - src.process_pipeline - INFO - Successfully merged 79 records
2025-09-03 21:13:39,470 - src.process_pipeline - INFO -   Found 79 new matches
2025-09-03 21:13:39,473 - src.process_pipeline - INFO - Processing Italy - Coppa Italia - 2021
2025-09-03 21:13:39,473 - src.process_pipeline - INFO - Processing Italy/Coppa Italia/2021
2025-09-03 21:13:39,479 - src.process_pipeline - WARNING - Missing odds file: data\extracted\Italy\Coppa Italia\2021\odds.csv
2025-09-03 21:13:39,486 - src.process_pipeline - INFO - Successfully merged 45 records with team statistics
2025-09-03 21:13:39,490 - src.process_pipeline - INFO - Saved merged data to data\processed\Italy\Coppa Italia\2021\merged_2021.csv
2025-09-03 21:13:39,490 - src.process_pipeline - INFO - Successfully merged 45 records
2025-09-03 21:13:39,490 - src.process_pipeline - INFO -   Found 45 new matches
2025-09-03 21:13:39,494 - src.process_pipeline - INFO - Processing Italy - Coppa Italia - 2022
2025-09-03 21:13:39,495 - src.process_pipeline - INFO - Processing Italy/Coppa Italia/2022
2025-09-03 21:13:39,501 - src.process_pipeline - WARNING - Missing odds file: data\extracted\Italy\Coppa Italia\2022\odds.csv
2025-09-03 21:13:39,509 - src.process_pipeline - INFO - Successfully merged 41 records with team statistics
2025-09-03 21:13:39,514 - src.process_pipeline - INFO - Saved merged data to data\processed\Italy\Coppa Italia\2022\merged_2022.csv
2025-09-03 21:13:39,514 - src.process_pipeline - INFO - Successfully merged 41 records
2025-09-03 21:13:39,514 - src.process_pipeline - INFO -   Found 41 new matches
2025-09-03 21:13:39,519 - src.process_pipeline - INFO - Processing Italy - Coppa Italia - 2023
2025-09-03 21:13:39,519 - src.process_pipeline - INFO - Processing Italy/Coppa Italia/2023
2025-09-03 21:13:39,525 - src.process_pipeline - WARNING - Missing odds file: data\extracted\Italy\Coppa Italia\2023\odds.csv
2025-09-03 21:13:39,536 - src.process_pipeline - INFO - Successfully merged 45 records with team statistics
2025-09-03 21:13:39,541 - src.process_pipeline - INFO - Saved merged data to data\processed\Italy\Coppa Italia\2023\merged_2023.csv
2025-09-03 21:13:39,541 - src.process_pipeline - INFO - Successfully merged 45 records
2025-09-03 21:13:39,541 - src.process_pipeline - INFO -   Found 45 new matches
2025-09-03 21:13:39,549 - src.process_pipeline - INFO - Processing Italy - Coppa Italia - 2024
2025-09-03 21:13:39,549 - src.process_pipeline - INFO - Processing Italy/Coppa Italia/2024
2025-09-03 21:13:39,555 - src.process_pipeline - WARNING - Missing odds file: data\extracted\Italy\Coppa Italia\2024\odds.csv
2025-09-03 21:13:39,564 - src.process_pipeline - INFO - Successfully merged 45 records with team statistics
2025-09-03 21:13:39,567 - src.process_pipeline - INFO - Saved merged data to data\processed\Italy\Coppa Italia\2024\merged_2024.csv
2025-09-03 21:13:39,567 - src.process_pipeline - INFO - Successfully merged 45 records
2025-09-03 21:13:39,568 - src.process_pipeline - INFO -   Found 45 new matches
2025-09-03 21:13:39,571 - src.process_pipeline - INFO - Processing Italy - Coppa Italia - 2025
2025-09-03 21:13:39,572 - src.process_pipeline - INFO - Processing Italy/Coppa Italia/2025
2025-09-03 21:13:39,572 - src.process_pipeline - WARNING - Missing fixtures file: data\extracted\Italy\Coppa Italia\2025\fixture_events.csv
2025-09-03 21:13:39,572 - src.process_pipeline - INFO -   No new matches found
2025-09-03 21:13:39,573 - src.process_pipeline - INFO - Processing Italy - Serie A - 2020
2025-09-03 21:13:39,573 - src.process_pipeline - INFO - Processing Italy/Serie A/2020
2025-09-03 21:13:39,585 - src.process_pipeline - WARNING - Missing odds file: data\extracted\Italy\Serie A\2020\odds.csv
2025-09-03 21:13:39,597 - src.process_pipeline - INFO - Successfully merged 380 records with team statistics
2025-09-03 21:13:39,616 - src.process_pipeline - INFO - Saved merged data to data\processed\Italy\Serie A\2020\merged_2020.csv
2025-09-03 21:13:39,616 - src.process_pipeline - INFO - Successfully merged 380 records
2025-09-03 21:13:39,617 - src.process_pipeline - INFO -   Found 380 new matches
2025-09-03 21:13:39,620 - src.process_pipeline - INFO - Processing Italy - Serie A - 2021
2025-09-03 21:13:39,621 - src.process_pipeline - INFO - Processing Italy/Serie A/2021
2025-09-03 21:13:39,632 - src.process_pipeline - WARNING - Missing odds file: data\extracted\Italy\Serie A\2021\odds.csv
2025-09-03 21:13:39,640 - src.process_pipeline - INFO - Successfully merged 380 records with team statistics
2025-09-03 21:13:39,653 - src.process_pipeline - INFO - Saved merged data to data\processed\Italy\Serie A\2021\merged_2021.csv
2025-09-03 21:13:39,653 - src.process_pipeline - INFO - Successfully merged 380 records
2025-09-03 21:13:39,653 - src.process_pipeline - INFO -   Found 380 new matches
2025-09-03 21:13:39,658 - src.process_pipeline - INFO - Processing Italy - Serie A - 2022
2025-09-03 21:13:39,658 - src.process_pipeline - INFO - Processing Italy/Serie A/2022
2025-09-03 21:13:39,669 - src.process_pipeline - WARNING - Missing odds file: data\extracted\Italy\Serie A\2022\odds.csv
2025-09-03 21:13:39,679 - src.process_pipeline - INFO - Successfully merged 370 records with team statistics
2025-09-03 21:13:39,694 - src.process_pipeline - INFO - Saved merged data to data\processed\Italy\Serie A\2022\merged_2022.csv
2025-09-03 21:13:39,695 - src.process_pipeline - INFO - Successfully merged 370 records
2025-09-03 21:13:39,695 - src.process_pipeline - INFO -   Found 370 new matches
2025-09-03 21:13:39,701 - src.process_pipeline - INFO - Processing Italy - Serie A - 2023
2025-09-03 21:13:39,701 - src.process_pipeline - INFO - Processing Italy/Serie A/2023
2025-09-03 21:13:39,713 - src.process_pipeline - WARNING - Missing odds file: data\extracted\Italy\Serie A\2023\odds.csv
2025-09-03 21:13:39,722 - src.process_pipeline - INFO - Successfully merged 379 records with team statistics
2025-09-03 21:13:39,735 - src.process_pipeline - INFO - Saved merged data to data\processed\Italy\Serie A\2023\merged_2023.csv
2025-09-03 21:13:39,735 - src.process_pipeline - INFO - Successfully merged 379 records
2025-09-03 21:13:39,735 - src.process_pipeline - INFO -   Found 379 new matches
2025-09-03 21:13:39,740 - src.process_pipeline - INFO - Processing Italy - Serie A - 2024
2025-09-03 21:13:39,740 - src.process_pipeline - INFO - Processing Italy/Serie A/2024
2025-09-03 21:13:39,751 - src.process_pipeline - WARNING - Missing odds file: data\extracted\Italy\Serie A\2024\odds.csv
2025-09-03 21:13:39,760 - src.process_pipeline - INFO - Successfully merged 380 records with team statistics
2025-09-03 21:13:39,775 - src.process_pipeline - INFO - Saved merged data to data\processed\Italy\Serie A\2024\merged_2024.csv
2025-09-03 21:13:39,775 - src.process_pipeline - INFO - Successfully merged 380 records
2025-09-03 21:13:39,775 - src.process_pipeline - INFO -   Found 380 new matches
2025-09-03 21:13:39,780 - src.process_pipeline - INFO - Processing Italy - Serie A - 2025
2025-09-03 21:13:39,780 - src.process_pipeline - INFO - Processing Italy/Serie A/2025
2025-09-03 21:13:39,788 - src.process_pipeline - INFO - Odds data found for Italy/Serie A/2025
2025-09-03 21:13:39,833 - src.process_pipeline - INFO - Added odds data for 18 fixtures
2025-09-03 21:13:39,833 - src.process_pipeline - INFO - Successfully merged 18 records with team statistics
2025-09-03 21:13:39,836 - src.process_pipeline - INFO - Saved merged data to data\processed\Italy\Serie A\2025\merged_2025.csv
2025-09-03 21:13:39,836 - src.process_pipeline - INFO - Successfully merged 18 records
2025-09-03 21:13:39,836 - src.process_pipeline - INFO -   Found 18 new matches
2025-09-03 21:13:39,841 - src.process_pipeline - INFO - Processing Italy - Serie B - 2020
2025-09-03 21:13:39,842 - src.process_pipeline - INFO - Processing Italy/Serie B/2020
2025-09-03 21:13:39,856 - src.process_pipeline - WARNING - Missing odds file: data\extracted\Italy\Serie B\2020\odds.csv
2025-09-03 21:13:39,870 - src.process_pipeline - INFO - Successfully merged 388 records with team statistics
2025-09-03 21:13:39,887 - src.process_pipeline - INFO - Saved merged data to data\processed\Italy\Serie B\2020\merged_2020.csv
2025-09-03 21:13:39,887 - src.process_pipeline - INFO - Successfully merged 388 records
2025-09-03 21:13:39,887 - src.process_pipeline - INFO -   Found 388 new matches
2025-09-03 21:13:39,892 - src.process_pipeline - INFO - Processing Italy - Serie B - 2021
2025-09-03 21:13:39,893 - src.process_pipeline - INFO - Processing Italy/Serie B/2021
2025-09-03 21:13:39,903 - src.process_pipeline - WARNING - Missing odds file: data\extracted\Italy\Serie B\2021\odds.csv
2025-09-03 21:13:39,912 - src.process_pipeline - INFO - Successfully merged 390 records with team statistics
2025-09-03 21:13:39,925 - src.process_pipeline - INFO - Saved merged data to data\processed\Italy\Serie B\2021\merged_2021.csv
2025-09-03 21:13:39,925 - src.process_pipeline - INFO - Successfully merged 390 records
2025-09-03 21:13:39,925 - src.process_pipeline - INFO -   Found 390 new matches
2025-09-03 21:13:39,931 - src.process_pipeline - INFO - Processing Italy - Serie B - 2022
2025-09-03 21:13:39,932 - src.process_pipeline - INFO - Processing Italy/Serie B/2022
2025-09-03 21:13:39,942 - src.process_pipeline - WARNING - Missing odds file: data\extracted\Italy\Serie B\2022\odds.csv
2025-09-03 21:13:39,951 - src.process_pipeline - INFO - Successfully merged 385 records with team statistics
2025-09-03 21:13:39,964 - src.process_pipeline - INFO - Saved merged data to data\processed\Italy\Serie B\2022\merged_2022.csv
2025-09-03 21:13:39,965 - src.process_pipeline - INFO - Successfully merged 385 records
2025-09-03 21:13:39,965 - src.process_pipeline - INFO -   Found 385 new matches
2025-09-03 21:13:39,970 - src.process_pipeline - INFO - Processing Italy - Serie B - 2023
2025-09-03 21:13:39,970 - src.process_pipeline - INFO - Processing Italy/Serie B/2023
2025-09-03 21:13:39,981 - src.process_pipeline - WARNING - Missing odds file: data\extracted\Italy\Serie B\2023\odds.csv
2025-09-03 21:13:39,989 - src.process_pipeline - INFO - Successfully merged 389 records with team statistics
2025-09-03 21:13:40,003 - src.process_pipeline - INFO - Saved merged data to data\processed\Italy\Serie B\2023\merged_2023.csv
2025-09-03 21:13:40,003 - src.process_pipeline - INFO - Successfully merged 389 records
2025-09-03 21:13:40,003 - src.process_pipeline - INFO -   Found 389 new matches
2025-09-03 21:13:40,009 - src.process_pipeline - INFO - Processing Italy - Serie B - 2024
2025-09-03 21:13:40,010 - src.process_pipeline - INFO - Processing Italy/Serie B/2024
2025-09-03 21:13:40,020 - src.process_pipeline - WARNING - Missing odds file: data\extracted\Italy\Serie B\2024\odds.csv
2025-09-03 21:13:40,029 - src.process_pipeline - INFO - Successfully merged 387 records with team statistics
2025-09-03 21:13:40,041 - src.process_pipeline - INFO - Saved merged data to data\processed\Italy\Serie B\2024\merged_2024.csv
2025-09-03 21:13:40,041 - src.process_pipeline - INFO - Successfully merged 387 records
2025-09-03 21:13:40,042 - src.process_pipeline - INFO -   Found 387 new matches
2025-09-03 21:13:40,047 - src.process_pipeline - INFO - Processing Italy - Serie B - 2025
2025-09-03 21:13:40,048 - src.process_pipeline - INFO - Processing Italy/Serie B/2025
2025-09-03 21:13:40,048 - src.process_pipeline - WARNING - Missing fixtures file: data\extracted\Italy\Serie B\2025\fixture_events.csv
2025-09-03 21:13:40,048 - src.process_pipeline - INFO -   No new matches found
2025-09-03 21:13:40,048 - src.process_pipeline - INFO - Total new matches to process: 7740
2025-09-03 21:13:40,048 - src.process_pipeline - INFO - Starting preprocessing and feature engineering
2025-09-03 21:13:40,049 - src.process_pipeline - INFO - Initial data shape: (7740, 72)
2025-09-03 21:13:40,049 - src.process_pipeline - INFO - Cleaning data
