2025-09-03 20:35:55,418 - src.process_pipeline - INFO - Logging initialized. Log file: logs/process\process_20250903_203555.log
2025-09-03 20:35:56,676 - src.process_pipeline - INFO - Loaded H2H data with 11835 team pairs
2025-09-03 20:35:56,684 - src.process_pipeline - INFO - Loaded standings data for 7350 teams
2025-09-03 20:35:57,559 - src.process_pipeline - INFO - Processing Europe/Champions League/2018
2025-09-03 20:35:57,567 - src.process_pipeline - WARNING - Missing odds file: data\extracted\Europe\Champions League\2018\odds.csv
2025-09-03 20:35:57,576 - src.process_pipeline - INFO - Successfully merged 166 records with team statistics
2025-09-03 20:35:57,585 - src.process_pipeline - INFO - Saved merged data to data\processed\Europe\Champions League\2018\merged_2018.csv
2025-09-03 20:35:57,585 - src.process_pipeline - INFO - Successfully merged 166 records
2025-09-03 20:35:57,586 - src.process_pipeline - INFO - Processing Europe/Champions League/2019
2025-09-03 20:35:57,593 - src.process_pipeline - WARNING - Missing odds file: data\extracted\Europe\Champions League\2019\odds.csv
2025-09-03 20:35:57,603 - src.process_pipeline - INFO - Successfully merged 140 records with team statistics
2025-09-03 20:35:57,610 - src.process_pipeline - INFO - Saved merged data to data\processed\Europe\Champions League\2019\merged_2019.csv
2025-09-03 20:35:57,610 - src.process_pipeline - INFO - Successfully merged 140 records
2025-09-03 20:35:57,612 - src.process_pipeline - INFO - Processing Europe/Champions League/2020
2025-09-03 20:35:57,620 - src.process_pipeline - WARNING - Missing odds file: data\extracted\Europe\Champions League\2020\odds.csv
2025-09-03 20:35:57,628 - src.process_pipeline - INFO - Successfully merged 178 records with team statistics
2025-09-03 20:35:57,638 - src.process_pipeline - INFO - Saved merged data to data\processed\Europe\Champions League\2020\merged_2020.csv
2025-09-03 20:35:57,638 - src.process_pipeline - INFO - Successfully merged 178 records
2025-09-03 20:35:57,642 - src.process_pipeline - INFO - Processing Europe/Champions League/2021
2025-09-03 20:35:57,651 - src.process_pipeline - WARNING - Missing odds file: data\extracted\Europe\Champions League\2021\odds.csv
2025-09-03 20:35:57,662 - src.process_pipeline - INFO - Successfully merged 157 records with team statistics
2025-09-03 20:35:57,672 - src.process_pipeline - INFO - Saved merged data to data\processed\Europe\Champions League\2021\merged_2021.csv
2025-09-03 20:35:57,673 - src.process_pipeline - INFO - Successfully merged 157 records
2025-09-03 20:35:57,676 - src.process_pipeline - INFO - Processing Europe/Champions League/2022
2025-09-03 20:35:57,687 - src.process_pipeline - WARNING - Missing odds file: data\extracted\Europe\Champions League\2022\odds.csv
2025-09-03 20:35:57,698 - src.process_pipeline - INFO - Successfully merged 210 records with team statistics
2025-09-03 20:35:57,713 - src.process_pipeline - INFO - Saved merged data to data\processed\Europe\Champions League\2022\merged_2022.csv
2025-09-03 20:35:57,713 - src.process_pipeline - INFO - Successfully merged 210 records
2025-09-03 20:35:57,717 - src.process_pipeline - INFO - Processing Europe/Champions League/2023
2025-09-03 20:35:57,726 - src.process_pipeline - WARNING - Missing odds file: data\extracted\Europe\Champions League\2023\odds.csv
2025-09-03 20:35:57,735 - src.process_pipeline - INFO - Successfully merged 211 records with team statistics
2025-09-03 20:35:57,744 - src.process_pipeline - INFO - Saved merged data to data\processed\Europe\Champions League\2023\merged_2023.csv
2025-09-03 20:35:57,744 - src.process_pipeline - INFO - Successfully merged 211 records
2025-09-03 20:35:57,747 - src.process_pipeline - INFO - Processing Europe/Champions League/2024
2025-09-03 20:35:57,758 - src.process_pipeline - WARNING - Missing odds file: data\extracted\Europe\Champions League\2024\odds.csv
2025-09-03 20:35:57,767 - src.process_pipeline - INFO - Successfully merged 279 records with team statistics
2025-09-03 20:35:57,778 - src.process_pipeline - INFO - Saved merged data to data\processed\Europe\Champions League\2024\merged_2024.csv
2025-09-03 20:35:57,779 - src.process_pipeline - INFO - Successfully merged 279 records
2025-09-03 20:35:57,782 - src.process_pipeline - INFO - Processing Europe/Champions League/2025
2025-09-03 20:35:57,792 - src.process_pipeline - INFO - Odds data found for Europe/Champions League/2025
2025-09-03 20:35:57,821 - src.process_pipeline - INFO - Added odds data for 7 fixtures
2025-09-03 20:35:57,821 - src.process_pipeline - INFO - Successfully merged 34 records with team statistics
2025-09-03 20:35:57,824 - src.process_pipeline - INFO - Saved merged data to data\processed\Europe\Champions League\2025\merged_2025.csv
2025-09-03 20:35:57,825 - src.process_pipeline - INFO - Successfully merged 34 records
2025-09-03 20:35:57,828 - src.process_pipeline - INFO - Processing Europe/Conference League/2021
2025-09-03 20:35:57,841 - src.process_pipeline - WARNING - Missing odds file: data\extracted\Europe\Conference League\2021\odds.csv
2025-09-03 20:35:57,851 - src.process_pipeline - INFO - Successfully merged 423 records with team statistics
2025-09-03 20:35:57,869 - src.process_pipeline - INFO - Saved merged data to data\processed\Europe\Conference League\2021\merged_2021.csv
2025-09-03 20:35:57,869 - src.process_pipeline - INFO - Successfully merged 423 records
2025-09-03 20:35:57,873 - src.process_pipeline - INFO - Processing Europe/Conference League/2022
2025-09-03 20:35:57,885 - src.process_pipeline - WARNING - Missing odds file: data\extracted\Europe\Conference League\2022\odds.csv
2025-09-03 20:35:57,894 - src.process_pipeline - INFO - Successfully merged 414 records with team statistics
2025-09-03 20:35:57,909 - src.process_pipeline - INFO - Saved merged data to data\processed\Europe\Conference League\2022\merged_2022.csv
2025-09-03 20:35:57,910 - src.process_pipeline - INFO - Successfully merged 414 records
2025-09-03 20:35:57,913 - src.process_pipeline - INFO - Processing Europe/Conference League/2023
2025-09-03 20:35:57,924 - src.process_pipeline - WARNING - Missing odds file: data\extracted\Europe\Conference League\2023\odds.csv
2025-09-03 20:35:57,933 - src.process_pipeline - INFO - Successfully merged 417 records with team statistics
2025-09-03 20:35:57,948 - src.process_pipeline - INFO - Saved merged data to data\processed\Europe\Conference League\2023\merged_2023.csv
2025-09-03 20:35:57,948 - src.process_pipeline - INFO - Successfully merged 417 records
2025-09-03 20:35:57,953 - src.process_pipeline - INFO - Processing Europe/Conference League/2024
2025-09-03 20:35:57,954 - src.process_pipeline - WARNING - Missing team stats file: data\extracted\Europe\Conference League\2024\team_statistics.csv
2025-09-03 20:35:57,954 - src.process_pipeline - INFO - Processing Europe/Conference League/2025
2025-09-03 20:35:57,963 - src.process_pipeline - INFO - Odds data found for Europe/Conference League/2025
2025-09-03 20:35:58,029 - src.process_pipeline - INFO - Added odds data for 24 fixtures
2025-09-03 20:35:58,029 - src.process_pipeline - INFO - Successfully merged 108 records with team statistics
2025-09-03 20:35:58,036 - src.process_pipeline - INFO - Saved merged data to data\processed\Europe\Conference League\2025\merged_2025.csv
2025-09-03 20:35:58,036 - src.process_pipeline - INFO - Successfully merged 108 records
2025-09-03 20:35:58,040 - src.process_pipeline - INFO - Processing Europe/Europa League/2018
2025-09-03 20:35:58,051 - src.process_pipeline - WARNING - Missing odds file: data\extracted\Europe\Europa League\2018\odds.csv
2025-09-03 20:35:58,062 - src.process_pipeline - INFO - Successfully merged 364 records with team statistics
2025-09-03 20:35:58,076 - src.process_pipeline - INFO - Saved merged data to data\processed\Europe\Europa League\2018\merged_2018.csv
2025-09-03 20:35:58,076 - src.process_pipeline - INFO - Successfully merged 364 records
2025-09-03 20:35:58,079 - src.process_pipeline - INFO - Processing Europe/Europa League/2019
2025-09-03 20:35:58,092 - src.process_pipeline - WARNING - Missing odds file: data\extracted\Europe\Europa League\2019\odds.csv
2025-09-03 20:35:58,101 - src.process_pipeline - INFO - Successfully merged 337 records with team statistics
2025-09-03 20:35:58,116 - src.process_pipeline - INFO - Saved merged data to data\processed\Europe\Europa League\2019\merged_2019.csv
2025-09-03 20:35:58,116 - src.process_pipeline - INFO - Successfully merged 337 records
2025-09-03 20:35:58,121 - src.process_pipeline - INFO - Processing Europe/Europa League/2020
2025-09-03 20:35:58,131 - src.process_pipeline - WARNING - Missing odds file: data\extracted\Europe\Europa League\2020\odds.csv
2025-09-03 20:35:58,139 - src.process_pipeline - INFO - Successfully merged 362 records with team statistics
2025-09-03 20:35:58,153 - src.process_pipeline - INFO - Saved merged data to data\processed\Europe\Europa League\2020\merged_2020.csv
2025-09-03 20:35:58,153 - src.process_pipeline - INFO - Successfully merged 362 records
2025-09-03 20:35:58,157 - src.process_pipeline - INFO - Processing Europe/Europa League/2021
2025-09-03 20:35:58,165 - src.process_pipeline - WARNING - Missing odds file: data\extracted\Europe\Europa League\2021\odds.csv
2025-09-03 20:35:58,175 - src.process_pipeline - INFO - Successfully merged 177 records with team statistics
2025-09-03 20:35:58,183 - src.process_pipeline - INFO - Saved merged data to data\processed\Europe\Europa League\2021\merged_2021.csv
2025-09-03 20:35:58,184 - src.process_pipeline - INFO - Successfully merged 177 records
2025-09-03 20:35:58,188 - src.process_pipeline - INFO - Processing Europe/Europa League/2022
2025-09-03 20:35:58,196 - src.process_pipeline - WARNING - Missing odds file: data\extracted\Europe\Europa League\2022\odds.csv
2025-09-03 20:35:58,205 - src.process_pipeline - INFO - Successfully merged 175 records with team statistics
2025-09-03 20:35:58,213 - src.process_pipeline - INFO - Saved merged data to data\processed\Europe\Europa League\2022\merged_2022.csv
2025-09-03 20:35:58,213 - src.process_pipeline - INFO - Successfully merged 175 records
2025-09-03 20:35:58,218 - src.process_pipeline - INFO - Processing Europe/Europa League/2023
2025-09-03 20:35:58,225 - src.process_pipeline - WARNING - Missing odds file: data\extracted\Europe\Europa League\2023\odds.csv
2025-09-03 20:35:58,233 - src.process_pipeline - INFO - Successfully merged 175 records with team statistics
2025-09-03 20:35:58,241 - src.process_pipeline - INFO - Saved merged data to data\processed\Europe\Europa League\2023\merged_2023.csv
2025-09-03 20:35:58,241 - src.process_pipeline - INFO - Successfully merged 175 records
2025-09-03 20:35:58,245 - src.process_pipeline - INFO - Processing Europe/Europa League/2024
2025-09-03 20:35:58,254 - src.process_pipeline - WARNING - Missing odds file: data\extracted\Europe\Europa League\2024\odds.csv
2025-09-03 20:35:58,262 - src.process_pipeline - INFO - Successfully merged 269 records with team statistics
2025-09-03 20:35:58,273 - src.process_pipeline - INFO - Saved merged data to data\processed\Europe\Europa League\2024\merged_2024.csv
2025-09-03 20:35:58,273 - src.process_pipeline - INFO - Successfully merged 269 records
2025-09-03 20:35:58,277 - src.process_pipeline - INFO - Processing Europe/Europa League/2025
2025-09-03 20:35:58,284 - src.process_pipeline - INFO - Odds data found for Europe/Europa League/2025
2025-09-03 20:35:58,317 - src.process_pipeline - INFO - Added odds data for 12 fixtures
2025-09-03 20:35:58,318 - src.process_pipeline - INFO - Successfully merged 50 records with team statistics
2025-09-03 20:35:58,321 - src.process_pipeline - INFO - Saved merged data to data\processed\Europe\Europa League\2025\merged_2025.csv
2025-09-03 20:35:58,321 - src.process_pipeline - INFO - Successfully merged 50 records
2025-09-03 20:35:58,326 - src.process_pipeline - INFO - Processing Italy/Coppa Italia/2018
2025-09-03 20:35:58,333 - src.process_pipeline - WARNING - Missing odds file: data\extracted\Italy\Coppa Italia\2018\odds.csv
2025-09-03 20:35:58,342 - src.process_pipeline - INFO - Successfully merged 61 records with team statistics
2025-09-03 20:35:58,346 - src.process_pipeline - INFO - Saved merged data to data\processed\Italy\Coppa Italia\2018\merged_2018.csv
2025-09-03 20:35:58,346 - src.process_pipeline - INFO - Successfully merged 61 records
2025-09-03 20:35:58,352 - src.process_pipeline - INFO - Processing Italy/Coppa Italia/2019
2025-09-03 20:35:58,353 - src.process_pipeline - WARNING - Missing fixtures file: data\extracted\Italy\Coppa Italia\2019\fixture_events.csv
2025-09-03 20:35:58,353 - src.process_pipeline - INFO - Processing Italy/Coppa Italia/2020
2025-09-03 20:35:58,359 - src.process_pipeline - WARNING - Missing odds file: data\extracted\Italy\Coppa Italia\2020\odds.csv
2025-09-03 20:35:58,367 - src.process_pipeline - INFO - Successfully merged 79 records with team statistics
2025-09-03 20:35:58,373 - src.process_pipeline - INFO - Saved merged data to data\processed\Italy\Coppa Italia\2020\merged_2020.csv
2025-09-03 20:35:58,373 - src.process_pipeline - INFO - Successfully merged 79 records
2025-09-03 20:35:58,378 - src.process_pipeline - INFO - Processing Italy/Coppa Italia/2021
2025-09-03 20:35:58,384 - src.process_pipeline - WARNING - Missing odds file: data\extracted\Italy\Coppa Italia\2021\odds.csv
2025-09-03 20:35:58,392 - src.process_pipeline - INFO - Successfully merged 45 records with team statistics
2025-09-03 20:35:58,395 - src.process_pipeline - INFO - Saved merged data to data\processed\Italy\Coppa Italia\2021\merged_2021.csv
2025-09-03 20:35:58,395 - src.process_pipeline - INFO - Successfully merged 45 records
2025-09-03 20:35:58,401 - src.process_pipeline - INFO - Processing Italy/Coppa Italia/2022
2025-09-03 20:35:58,407 - src.process_pipeline - WARNING - Missing odds file: data\extracted\Italy\Coppa Italia\2022\odds.csv
2025-09-03 20:35:58,415 - src.process_pipeline - INFO - Successfully merged 41 records with team statistics
2025-09-03 20:35:58,419 - src.process_pipeline - INFO - Saved merged data to data\processed\Italy\Coppa Italia\2022\merged_2022.csv
2025-09-03 20:35:58,419 - src.process_pipeline - INFO - Successfully merged 41 records
2025-09-03 20:35:58,424 - src.process_pipeline - INFO - Processing Italy/Coppa Italia/2023
2025-09-03 20:35:58,429 - src.process_pipeline - WARNING - Missing odds file: data\extracted\Italy\Coppa Italia\2023\odds.csv
2025-09-03 20:35:58,438 - src.process_pipeline - INFO - Successfully merged 45 records with team statistics
2025-09-03 20:35:58,442 - src.process_pipeline - INFO - Saved merged data to data\processed\Italy\Coppa Italia\2023\merged_2023.csv
2025-09-03 20:35:58,442 - src.process_pipeline - INFO - Successfully merged 45 records
2025-09-03 20:35:58,447 - src.process_pipeline - INFO - Processing Italy/Coppa Italia/2024
2025-09-03 20:35:58,455 - src.process_pipeline - WARNING - Missing odds file: data\extracted\Italy\Coppa Italia\2024\odds.csv
2025-09-03 20:35:58,463 - src.process_pipeline - INFO - Successfully merged 45 records with team statistics
2025-09-03 20:35:58,467 - src.process_pipeline - INFO - Saved merged data to data\processed\Italy\Coppa Italia\2024\merged_2024.csv
2025-09-03 20:35:58,467 - src.process_pipeline - INFO - Successfully merged 45 records
2025-09-03 20:35:58,472 - src.process_pipeline - INFO - Processing Italy/Coppa Italia/2025
2025-09-03 20:35:58,472 - src.process_pipeline - WARNING - Missing fixtures file: data\extracted\Italy\Coppa Italia\2025\fixture_events.csv
2025-09-03 20:35:58,473 - src.process_pipeline - INFO - Processing Italy/Serie A/2016
2025-09-03 20:35:58,483 - src.process_pipeline - WARNING - Missing odds file: data\extracted\Italy\Serie A\2016\odds.csv
2025-09-03 20:35:58,493 - src.process_pipeline - INFO - Successfully merged 380 records with team statistics
2025-09-03 20:35:58,508 - src.process_pipeline - INFO - Saved merged data to data\processed\Italy\Serie A\2016\merged_2016.csv
2025-09-03 20:35:58,508 - src.process_pipeline - INFO - Successfully merged 380 records
2025-09-03 20:35:58,513 - src.process_pipeline - INFO - Processing Italy/Serie A/2017
2025-09-03 20:35:58,523 - src.process_pipeline - WARNING - Missing odds file: data\extracted\Italy\Serie A\2017\odds.csv
2025-09-03 20:35:58,531 - src.process_pipeline - INFO - Successfully merged 380 records with team statistics
2025-09-03 20:35:58,543 - src.process_pipeline - INFO - Saved merged data to data\processed\Italy\Serie A\2017\merged_2017.csv
2025-09-03 20:35:58,544 - src.process_pipeline - INFO - Successfully merged 380 records
2025-09-03 20:35:58,548 - src.process_pipeline - INFO - Processing Italy/Serie A/2018
2025-09-03 20:35:58,560 - src.process_pipeline - WARNING - Missing odds file: data\extracted\Italy\Serie A\2018\odds.csv
2025-09-03 20:35:58,569 - src.process_pipeline - INFO - Successfully merged 380 records with team statistics
2025-09-03 20:35:58,583 - src.process_pipeline - INFO - Saved merged data to data\processed\Italy\Serie A\2018\merged_2018.csv
2025-09-03 20:35:58,583 - src.process_pipeline - INFO - Successfully merged 380 records
2025-09-03 20:35:58,590 - src.process_pipeline - INFO - Processing Italy/Serie A/2019
2025-09-03 20:35:58,599 - src.process_pipeline - WARNING - Missing odds file: data\extracted\Italy\Serie A\2019\odds.csv
2025-09-03 20:35:58,608 - src.process_pipeline - INFO - Successfully merged 256 records with team statistics
2025-09-03 20:35:58,616 - src.process_pipeline - INFO - Saved merged data to data\processed\Italy\Serie A\2019\merged_2019.csv
2025-09-03 20:35:58,616 - src.process_pipeline - INFO - Successfully merged 256 records
2025-09-03 20:35:58,623 - src.process_pipeline - INFO - Processing Italy/Serie A/2020
2025-09-03 20:35:58,633 - src.process_pipeline - WARNING - Missing odds file: data\extracted\Italy\Serie A\2020\odds.csv
2025-09-03 20:35:58,641 - src.process_pipeline - INFO - Successfully merged 380 records with team statistics
2025-09-03 20:35:58,655 - src.process_pipeline - INFO - Saved merged data to data\processed\Italy\Serie A\2020\merged_2020.csv
2025-09-03 20:35:58,656 - src.process_pipeline - INFO - Successfully merged 380 records
2025-09-03 20:35:58,662 - src.process_pipeline - INFO - Processing Italy/Serie A/2021
2025-09-03 20:35:58,673 - src.process_pipeline - WARNING - Missing odds file: data\extracted\Italy\Serie A\2021\odds.csv
2025-09-03 20:35:58,681 - src.process_pipeline - INFO - Successfully merged 380 records with team statistics
2025-09-03 20:35:58,694 - src.process_pipeline - INFO - Saved merged data to data\processed\Italy\Serie A\2021\merged_2021.csv
2025-09-03 20:35:58,694 - src.process_pipeline - INFO - Successfully merged 380 records
2025-09-03 20:35:58,702 - src.process_pipeline - INFO - Processing Italy/Serie A/2022
2025-09-03 20:35:58,711 - src.process_pipeline - WARNING - Missing odds file: data\extracted\Italy\Serie A\2022\odds.csv
2025-09-03 20:35:58,720 - src.process_pipeline - INFO - Successfully merged 370 records with team statistics
2025-09-03 20:35:58,731 - src.process_pipeline - INFO - Saved merged data to data\processed\Italy\Serie A\2022\merged_2022.csv
2025-09-03 20:35:58,731 - src.process_pipeline - INFO - Successfully merged 370 records
2025-09-03 20:35:58,739 - src.process_pipeline - INFO - Processing Italy/Serie A/2023
2025-09-03 20:35:58,750 - src.process_pipeline - WARNING - Missing odds file: data\extracted\Italy\Serie A\2023\odds.csv
2025-09-03 20:35:58,759 - src.process_pipeline - INFO - Successfully merged 379 records with team statistics
2025-09-03 20:35:58,773 - src.process_pipeline - INFO - Saved merged data to data\processed\Italy\Serie A\2023\merged_2023.csv
2025-09-03 20:35:58,773 - src.process_pipeline - INFO - Successfully merged 379 records
2025-09-03 20:35:58,783 - src.process_pipeline - INFO - Processing Italy/Serie A/2024
2025-09-03 20:35:58,795 - src.process_pipeline - WARNING - Missing odds file: data\extracted\Italy\Serie A\2024\odds.csv
2025-09-03 20:35:58,807 - src.process_pipeline - INFO - Successfully merged 380 records with team statistics
2025-09-03 20:35:58,827 - src.process_pipeline - INFO - Saved merged data to data\processed\Italy\Serie A\2024\merged_2024.csv
2025-09-03 20:35:58,828 - src.process_pipeline - INFO - Successfully merged 380 records
2025-09-03 20:35:58,836 - src.process_pipeline - INFO - Processing Italy/Serie A/2025
2025-09-03 20:35:58,843 - src.process_pipeline - INFO - Odds data found for Italy/Serie A/2025
2025-09-03 20:35:58,895 - src.process_pipeline - INFO - Added odds data for 18 fixtures
2025-09-03 20:35:58,895 - src.process_pipeline - INFO - Successfully merged 18 records with team statistics
2025-09-03 20:35:58,898 - src.process_pipeline - INFO - Saved merged data to data\processed\Italy\Serie A\2025\merged_2025.csv
2025-09-03 20:35:58,898 - src.process_pipeline - INFO - Successfully merged 18 records
2025-09-03 20:35:58,909 - src.process_pipeline - INFO - Processing Italy/Serie B/2017
2025-09-03 20:35:58,921 - src.process_pipeline - WARNING - Missing odds file: data\extracted\Italy\Serie B\2017\odds.csv
2025-09-03 20:35:58,931 - src.process_pipeline - INFO - Successfully merged 464 records with team statistics
2025-09-03 20:35:58,948 - src.process_pipeline - INFO - Saved merged data to data\processed\Italy\Serie B\2017\merged_2017.csv
2025-09-03 20:35:58,948 - src.process_pipeline - INFO - Successfully merged 464 records
2025-09-03 20:35:58,957 - src.process_pipeline - INFO - Processing Italy/Serie B/2018
2025-09-03 20:35:58,957 - src.process_pipeline - WARNING - Missing fixtures file: data\extracted\Italy\Serie B\2018\fixture_events.csv
2025-09-03 20:35:58,958 - src.process_pipeline - INFO - Processing Italy/Serie B/2019
2025-09-03 20:35:58,971 - src.process_pipeline - WARNING - Missing odds file: data\extracted\Italy\Serie B\2019\odds.csv
2025-09-03 20:35:58,982 - src.process_pipeline - INFO - Successfully merged 279 records with team statistics
2025-09-03 20:35:58,996 - src.process_pipeline - INFO - Saved merged data to data\processed\Italy\Serie B\2019\merged_2019.csv
2025-09-03 20:35:58,996 - src.process_pipeline - INFO - Successfully merged 279 records
2025-09-03 20:35:59,006 - src.process_pipeline - INFO - Processing Italy/Serie B/2020
2025-09-03 20:35:59,018 - src.process_pipeline - WARNING - Missing odds file: data\extracted\Italy\Serie B\2020\odds.csv
2025-09-03 20:35:59,029 - src.process_pipeline - INFO - Successfully merged 388 records with team statistics
2025-09-03 20:35:59,052 - src.process_pipeline - INFO - Saved merged data to data\processed\Italy\Serie B\2020\merged_2020.csv
2025-09-03 20:35:59,053 - src.process_pipeline - INFO - Successfully merged 388 records
2025-09-03 20:35:59,063 - src.process_pipeline - INFO - Processing Italy/Serie B/2021
2025-09-03 20:35:59,076 - src.process_pipeline - WARNING - Missing odds file: data\extracted\Italy\Serie B\2021\odds.csv
2025-09-03 20:35:59,086 - src.process_pipeline - INFO - Successfully merged 390 records with team statistics
2025-09-03 20:35:59,101 - src.process_pipeline - INFO - Saved merged data to data\processed\Italy\Serie B\2021\merged_2021.csv
2025-09-03 20:35:59,101 - src.process_pipeline - INFO - Successfully merged 390 records
2025-09-03 20:35:59,109 - src.process_pipeline - INFO - Processing Italy/Serie B/2022
2025-09-03 20:35:59,125 - src.process_pipeline - WARNING - Missing odds file: data\extracted\Italy\Serie B\2022\odds.csv
2025-09-03 20:35:59,139 - src.process_pipeline - INFO - Successfully merged 385 records with team statistics
2025-09-03 20:35:59,156 - src.process_pipeline - INFO - Saved merged data to data\processed\Italy\Serie B\2022\merged_2022.csv
2025-09-03 20:35:59,156 - src.process_pipeline - INFO - Successfully merged 385 records
2025-09-03 20:35:59,164 - src.process_pipeline - INFO - Processing Italy/Serie B/2023
2025-09-03 20:35:59,179 - src.process_pipeline - WARNING - Missing odds file: data\extracted\Italy\Serie B\2023\odds.csv
2025-09-03 20:35:59,190 - src.process_pipeline - INFO - Successfully merged 389 records with team statistics
2025-09-03 20:35:59,206 - src.process_pipeline - INFO - Saved merged data to data\processed\Italy\Serie B\2023\merged_2023.csv
2025-09-03 20:35:59,206 - src.process_pipeline - INFO - Successfully merged 389 records
2025-09-03 20:35:59,214 - src.process_pipeline - INFO - Processing Italy/Serie B/2024
2025-09-03 20:35:59,227 - src.process_pipeline - WARNING - Missing odds file: data\extracted\Italy\Serie B\2024\odds.csv
2025-09-03 20:35:59,240 - src.process_pipeline - INFO - Successfully merged 387 records with team statistics
2025-09-03 20:35:59,256 - src.process_pipeline - INFO - Saved merged data to data\processed\Italy\Serie B\2024\merged_2024.csv
2025-09-03 20:35:59,256 - src.process_pipeline - INFO - Successfully merged 387 records
2025-09-03 20:35:59,264 - src.process_pipeline - INFO - Processing Italy/Serie B/2025
2025-09-03 20:35:59,264 - src.process_pipeline - WARNING - Missing fixtures file: data\extracted\Italy\Serie B\2025\fixture_events.csv
2025-09-03 20:35:59,265 - src.process_pipeline - INFO - Starting preprocessing and feature engineering
2025-09-03 20:35:59,265 - src.process_pipeline - INFO - Initial data shape: (10947, 74)
2025-09-03 20:35:59,265 - src.process_pipeline - INFO - Cleaning data
2025-09-03 20:36:00,402 - src.process_pipeline - INFO - Adding competition info from league names
2025-09-03 20:36:00,498 - src.process_pipeline - INFO - Competition Distribution:
2025-09-03 20:36:00,498 - src.process_pipeline - INFO -   Cup matches: 312 (2.9%)
2025-09-03 20:36:00,498 - src.process_pipeline - INFO -   European matches: 4639 (42.4%)
2025-09-03 20:36:00,498 - src.process_pipeline - INFO -   League matches: 5982 (54.7%)
2025-09-03 20:36:00,502 - src.process_pipeline - INFO - Adding competition context
2025-09-03 20:36:01,391 - src.process_pipeline - INFO - Adding competition metrics
2025-09-03 20:36:01,806 - src.process_pipeline - INFO - Calculating proper standings for 10933 matches...
2025-09-03 20:36:02,667 - src.process_pipeline - INFO - Standings progress: 9.1% (1000/10933)
2025-09-03 20:36:03,340 - src.process_pipeline - INFO - Standings progress: 18.3% (2000/10933)
2025-09-03 20:36:04,024 - src.process_pipeline - INFO - Standings progress: 27.4% (3000/10933)
2025-09-03 20:36:04,737 - src.process_pipeline - INFO - Standings progress: 36.6% (4000/10933)
2025-09-03 20:36:05,331 - src.process_pipeline - INFO - Standings progress: 45.7% (5000/10933)
2025-09-03 20:36:05,952 - src.process_pipeline - INFO - Standings progress: 54.9% (6000/10933)
2025-09-03 20:36:06,632 - src.process_pipeline - INFO - Standings progress: 64.0% (7000/10933)
2025-09-03 20:36:07,250 - src.process_pipeline - INFO - Standings progress: 73.2% (8000/10933)
2025-09-03 20:36:07,897 - src.process_pipeline - INFO - Standings progress: 82.3% (9000/10933)
2025-09-03 20:36:08,630 - src.process_pipeline - INFO - Standings progress: 91.5% (10000/10933)
2025-09-03 20:36:09,411 - src.process_pipeline - INFO - Standings progress: 100.0% (10933/10933)
2025-09-03 20:36:10,177 - src.process_pipeline - INFO - Dropped 6 non rolled standings metrics
2025-09-03 20:36:21,441 - src.process_pipeline - INFO - Completed: Processing 10925 matches...
2025-09-03 20:36:34,417 - src.process_pipeline - INFO - H2H Progress: 10% (1092/10925) - 13.0s
2025-09-03 20:36:48,508 - src.process_pipeline - INFO - H2H Progress: 20% (2184/10925) - 27.1s
2025-09-03 20:37:00,905 - src.process_pipeline - INFO - H2H Progress: 30% (3276/10925) - 39.5s
2025-09-03 20:37:14,371 - src.process_pipeline - INFO - H2H Progress: 40% (4368/10925) - 52.9s
2025-09-03 20:37:28,960 - src.process_pipeline - INFO - H2H Progress: 50% (5460/10925) - 67.5s
2025-09-03 20:37:44,132 - src.process_pipeline - INFO - H2H Progress: 60% (6552/10925) - 82.7s
2025-09-03 20:37:59,212 - src.process_pipeline - INFO - H2H Progress: 70% (7644/10925) - 97.8s
2025-09-03 20:38:12,359 - src.process_pipeline - INFO - H2H Progress: 80% (8736/10925) - 110.9s
2025-09-03 20:38:27,146 - src.process_pipeline - INFO - H2H Progress: 90% (9828/10925) - 125.7s
2025-09-03 20:38:41,613 - src.process_pipeline - INFO - H2H Progress: 100% (10920/10925) - 140.2s
2025-09-03 20:38:41,681 - src.process_pipeline - INFO - H2H Progress: 100% (10925/10925) - 140.2s
2025-09-03 20:38:41,692 - src.process_pipeline - INFO - Upcoming: Processing 8 matches...
2025-09-03 20:38:41,731 - src.process_pipeline - INFO - H2H Progress: 12% (1/8) - 0.0s
2025-09-03 20:38:41,749 - src.process_pipeline - INFO - H2H Progress: 25% (2/8) - 0.1s
2025-09-03 20:38:41,770 - src.process_pipeline - INFO - H2H Progress: 38% (3/8) - 0.1s
2025-09-03 20:38:41,773 - src.process_pipeline - INFO - H2H Progress: 50% (4/8) - 0.1s
2025-09-03 20:38:41,793 - src.process_pipeline - INFO - H2H Progress: 62% (5/8) - 0.1s
2025-09-03 20:38:41,812 - src.process_pipeline - INFO - H2H Progress: 75% (6/8) - 0.1s
2025-09-03 20:38:41,830 - src.process_pipeline - INFO - H2H Progress: 88% (7/8) - 0.1s
2025-09-03 20:38:41,850 - src.process_pipeline - INFO - H2H Progress: 100% (8/8) - 0.2s
2025-09-03 20:38:42,946 - src.process_pipeline - INFO - Dropped 36 original metrics
2025-09-03 20:38:42,967 - src.process_pipeline - INFO - Calculating rolling averages for 85 metrics with windows [5]
2025-09-03 20:39:07,411 - src.process_pipeline - INFO - Dropped 49 non rolled metrics
2025-09-03 20:39:07,411 - src.process_pipeline - INFO - Calculated rolling averages completed
2025-09-03 20:39:07,436 - src.process_pipeline - INFO - Final shape: (10933, 170)
2025-09-03 20:39:12,579 - src.process_pipeline - INFO - Saved H2H data with 11835 team pairs
2025-09-03 20:39:12,582 - src.process_pipeline - INFO - Saved standings data for 2563 teams
2025-09-03 20:39:12,583 - src.process_pipeline - INFO - Incremental processing complete. Total records: 10933
2025-09-03 20:39:12,583 - src.process_pipeline - INFO - New records processed: 10933
