2025-09-01 20:53:07,648 - src.process_pipeline - INFO - Logging initialized. Log file: logs/process\process_20250901_205307.log
2025-09-01 20:53:08,613 - src.process_pipeline - INFO - Loaded H2H data with 10532 team pairs
2025-09-01 20:53:08,623 - src.process_pipeline - INFO - Loaded standings data for 7622 teams
2025-09-01 20:53:09,518 - src.process_pipeline - INFO - Found 1 new fixtures in England/Championship/2018
2025-09-01 20:53:10,455 - src.process_pipeline - INFO - Processing England/Championship/2017
2025-09-01 20:53:10,468 - src.process_pipeline - WARNING - Missing odds file: data\extracted\England\Championship\2017\odds.csv
2025-09-01 20:53:10,475 - src.process_pipeline - INFO - No new fixtures in England/Championship/2017
2025-09-01 20:53:10,476 - src.process_pipeline - INFO - Processing England/Championship/2018
2025-09-01 20:53:10,490 - src.process_pipeline - WARNING - Missing odds file: data\extracted\England\Championship\2018\odds.csv
2025-09-01 20:53:10,502 - src.process_pipeline - ERROR - No home or away data found after splitting
2025-09-01 20:53:10,502 - src.process_pipeline - ERROR - Error processing England/Championship/2018: No home or away data found after splitting
2025-09-01 20:53:10,504 - src.process_pipeline - INFO - Processing England/Championship/2019
2025-09-01 20:53:10,514 - src.process_pipeline - WARNING - Missing odds file: data\extracted\England\Championship\2019\odds.csv
2025-09-01 20:53:10,519 - src.process_pipeline - INFO - No new fixtures in England/Championship/2019
2025-09-01 20:53:10,520 - src.process_pipeline - INFO - Processing England/Championship/2020
2025-09-01 20:53:10,532 - src.process_pipeline - WARNING - Missing odds file: data\extracted\England\Championship\2020\odds.csv
2025-09-01 20:53:10,538 - src.process_pipeline - INFO - No new fixtures in England/Championship/2020
2025-09-01 20:53:10,540 - src.process_pipeline - INFO - Processing England/Championship/2021
2025-09-01 20:53:10,553 - src.process_pipeline - WARNING - Missing odds file: data\extracted\England\Championship\2021\odds.csv
2025-09-01 20:53:10,561 - src.process_pipeline - INFO - No new fixtures in England/Championship/2021
2025-09-01 20:53:10,562 - src.process_pipeline - INFO - Processing England/Championship/2022
2025-09-01 20:53:10,576 - src.process_pipeline - WARNING - Missing odds file: data\extracted\England\Championship\2022\odds.csv
2025-09-01 20:53:10,582 - src.process_pipeline - INFO - No new fixtures in England/Championship/2022
2025-09-01 20:53:10,583 - src.process_pipeline - INFO - Processing England/Championship/2023
2025-09-01 20:53:10,597 - src.process_pipeline - WARNING - Missing odds file: data\extracted\England\Championship\2023\odds.csv
2025-09-01 20:53:10,604 - src.process_pipeline - INFO - No new fixtures in England/Championship/2023
2025-09-01 20:53:10,605 - src.process_pipeline - INFO - Processing England/Championship/2024
2025-09-01 20:53:10,617 - src.process_pipeline - WARNING - Missing odds file: data\extracted\England\Championship\2024\odds.csv
2025-09-01 20:53:10,624 - src.process_pipeline - INFO - No new fixtures in England/Championship/2024
2025-09-01 20:53:10,625 - src.process_pipeline - INFO - Processing England/Championship/2025
2025-09-01 20:53:10,631 - src.process_pipeline - INFO - Odds data found for England/Championship/2025
2025-09-01 20:53:10,638 - src.process_pipeline - INFO - No new fixtures in England/Championship/2025
2025-09-01 20:53:10,638 - src.process_pipeline - INFO - Processing England/EFL Trophy/2021
2025-09-01 20:53:10,646 - src.process_pipeline - WARNING - Missing odds file: data\extracted\England\EFL Trophy\2021\odds.csv
2025-09-01 20:53:10,653 - src.process_pipeline - INFO - No new fixtures in England/EFL Trophy/2021
2025-09-01 20:53:10,653 - src.process_pipeline - INFO - Processing England/EFL Trophy/2022
2025-09-01 20:53:10,659 - src.process_pipeline - WARNING - Missing odds file: data\extracted\England\EFL Trophy\2022\odds.csv
2025-09-01 20:53:10,665 - src.process_pipeline - INFO - No new fixtures in England/EFL Trophy/2022
2025-09-01 20:53:10,666 - src.process_pipeline - INFO - Processing England/EFL Trophy/2023
2025-09-01 20:53:10,674 - src.process_pipeline - WARNING - Missing odds file: data\extracted\England\EFL Trophy\2023\odds.csv
2025-09-01 20:53:10,681 - src.process_pipeline - INFO - No new fixtures in England/EFL Trophy/2023
2025-09-01 20:53:10,681 - src.process_pipeline - INFO - Processing England/EFL Trophy/2024
2025-09-01 20:53:10,688 - src.process_pipeline - WARNING - Missing odds file: data\extracted\England\EFL Trophy\2024\odds.csv
2025-09-01 20:53:10,695 - src.process_pipeline - INFO - No new fixtures in England/EFL Trophy/2024
2025-09-01 20:53:10,695 - src.process_pipeline - INFO - Processing England/FA Cup/2018
2025-09-01 20:53:10,701 - src.process_pipeline - WARNING - Missing odds file: data\extracted\England\FA Cup\2018\odds.csv
2025-09-01 20:53:10,709 - src.process_pipeline - INFO - No new fixtures in England/FA Cup/2018
2025-09-01 20:53:10,709 - src.process_pipeline - INFO - Processing England/FA Cup/2019
2025-09-01 20:53:10,716 - src.process_pipeline - WARNING - Missing odds file: data\extracted\England\FA Cup\2019\odds.csv
2025-09-01 20:53:10,723 - src.process_pipeline - INFO - No new fixtures in England/FA Cup/2019
2025-09-01 20:53:10,723 - src.process_pipeline - INFO - Processing England/FA Cup/2020
2025-09-01 20:53:10,730 - src.process_pipeline - WARNING - Missing odds file: data\extracted\England\FA Cup\2020\odds.csv
2025-09-01 20:53:10,738 - src.process_pipeline - INFO - No new fixtures in England/FA Cup/2020
2025-09-01 20:53:10,739 - src.process_pipeline - INFO - Processing England/FA Cup/2021
2025-09-01 20:53:10,746 - src.process_pipeline - WARNING - Missing odds file: data\extracted\England\FA Cup\2021\odds.csv
2025-09-01 20:53:10,757 - src.process_pipeline - INFO - No new fixtures in England/FA Cup/2021
2025-09-01 20:53:10,757 - src.process_pipeline - INFO - Processing England/FA Cup/2022
2025-09-01 20:53:10,769 - src.process_pipeline - WARNING - Missing odds file: data\extracted\England\FA Cup\2022\odds.csv
2025-09-01 20:53:10,778 - src.process_pipeline - INFO - No new fixtures in England/FA Cup/2022
2025-09-01 20:53:10,779 - src.process_pipeline - INFO - Processing England/FA Cup/2023
2025-09-01 20:53:10,786 - src.process_pipeline - WARNING - Missing odds file: data\extracted\England\FA Cup\2023\odds.csv
2025-09-01 20:53:10,793 - src.process_pipeline - INFO - No new fixtures in England/FA Cup/2023
2025-09-01 20:53:10,793 - src.process_pipeline - INFO - Processing England/FA Cup/2024
2025-09-01 20:53:10,799 - src.process_pipeline - WARNING - Missing odds file: data\extracted\England\FA Cup\2024\odds.csv
2025-09-01 20:53:10,805 - src.process_pipeline - INFO - No new fixtures in England/FA Cup/2024
2025-09-01 20:53:10,806 - src.process_pipeline - INFO - Processing England/FA Trophy/2023
2025-09-01 20:53:10,806 - src.process_pipeline - WARNING - Missing team stats file: data\extracted\England\FA Trophy\2023\team_statistics.csv
2025-09-01 20:53:10,806 - src.process_pipeline - INFO - Processing England/FA Trophy/2024
2025-09-01 20:53:10,807 - src.process_pipeline - WARNING - Missing fixtures file: data\extracted\England\FA Trophy\2024\fixture_events.csv
2025-09-01 20:53:10,807 - src.process_pipeline - INFO - Processing England/Premier League/2018
2025-09-01 20:53:10,817 - src.process_pipeline - WARNING - Missing odds file: data\extracted\England\Premier League\2018\odds.csv
2025-09-01 20:53:10,823 - src.process_pipeline - INFO - No new fixtures in England/Premier League/2018
2025-09-01 20:53:10,824 - src.process_pipeline - INFO - Processing England/Premier League/2019
2025-09-01 20:53:10,832 - src.process_pipeline - WARNING - Missing odds file: data\extracted\England\Premier League\2019\odds.csv
2025-09-01 20:53:10,839 - src.process_pipeline - INFO - No new fixtures in England/Premier League/2019
2025-09-01 20:53:10,840 - src.process_pipeline - INFO - Processing England/Premier League/2020
2025-09-01 20:53:10,849 - src.process_pipeline - WARNING - Missing odds file: data\extracted\England\Premier League\2020\odds.csv
2025-09-01 20:53:10,855 - src.process_pipeline - INFO - No new fixtures in England/Premier League/2020
2025-09-01 20:53:10,856 - src.process_pipeline - INFO - Processing England/Premier League/2021
2025-09-01 20:53:10,866 - src.process_pipeline - WARNING - Missing odds file: data\extracted\England\Premier League\2021\odds.csv
2025-09-01 20:53:10,872 - src.process_pipeline - INFO - No new fixtures in England/Premier League/2021
2025-09-01 20:53:10,873 - src.process_pipeline - INFO - Processing England/Premier League/2022
2025-09-01 20:53:10,882 - src.process_pipeline - WARNING - Missing odds file: data\extracted\England\Premier League\2022\odds.csv
2025-09-01 20:53:10,888 - src.process_pipeline - INFO - No new fixtures in England/Premier League/2022
2025-09-01 20:53:10,889 - src.process_pipeline - INFO - Processing England/Premier League/2023
2025-09-01 20:53:10,899 - src.process_pipeline - WARNING - Missing odds file: data\extracted\England\Premier League\2023\odds.csv
2025-09-01 20:53:10,905 - src.process_pipeline - INFO - No new fixtures in England/Premier League/2023
2025-09-01 20:53:10,906 - src.process_pipeline - INFO - Processing England/Premier League/2024
2025-09-01 20:53:10,915 - src.process_pipeline - WARNING - Missing odds file: data\extracted\England\Premier League\2024\odds.csv
2025-09-01 20:53:10,921 - src.process_pipeline - INFO - No new fixtures in England/Premier League/2024
2025-09-01 20:53:10,922 - src.process_pipeline - INFO - Processing England/Premier League/2025
2025-09-01 20:53:10,929 - src.process_pipeline - INFO - Odds data found for England/Premier League/2025
2025-09-01 20:53:10,936 - src.process_pipeline - INFO - No new fixtures in England/Premier League/2025
2025-09-01 20:53:10,936 - src.process_pipeline - INFO - Processing Europe/Champions League/2018
2025-09-01 20:53:10,943 - src.process_pipeline - WARNING - Missing odds file: data\extracted\Europe\Champions League\2018\odds.csv
2025-09-01 20:53:10,949 - src.process_pipeline - INFO - No new fixtures in Europe/Champions League/2018
2025-09-01 20:53:10,950 - src.process_pipeline - INFO - Processing Europe/Champions League/2019
2025-09-01 20:53:10,956 - src.process_pipeline - WARNING - Missing odds file: data\extracted\Europe\Champions League\2019\odds.csv
2025-09-01 20:53:10,962 - src.process_pipeline - INFO - No new fixtures in Europe/Champions League/2019
2025-09-01 20:53:10,963 - src.process_pipeline - INFO - Processing Europe/Champions League/2020
2025-09-01 20:53:10,970 - src.process_pipeline - WARNING - Missing odds file: data\extracted\Europe\Champions League\2020\odds.csv
2025-09-01 20:53:10,981 - src.process_pipeline - ERROR - No home or away data found after splitting
2025-09-01 20:53:10,981 - src.process_pipeline - ERROR - Error processing Europe/Champions League/2020: No home or away data found after splitting
2025-09-01 20:53:10,981 - src.process_pipeline - INFO - Processing Europe/Champions League/2021
2025-09-01 20:53:10,988 - src.process_pipeline - WARNING - Missing odds file: data\extracted\Europe\Champions League\2021\odds.csv
2025-09-01 20:53:10,994 - src.process_pipeline - INFO - No new fixtures in Europe/Champions League/2021
2025-09-01 20:53:10,995 - src.process_pipeline - INFO - Processing Europe/Champions League/2022
2025-09-01 20:53:11,002 - src.process_pipeline - WARNING - Missing odds file: data\extracted\Europe\Champions League\2022\odds.csv
2025-09-01 20:53:11,008 - src.process_pipeline - INFO - No new fixtures in Europe/Champions League/2022
2025-09-01 20:53:11,009 - src.process_pipeline - INFO - Processing Europe/Champions League/2023
2025-09-01 20:53:11,016 - src.process_pipeline - WARNING - Missing odds file: data\extracted\Europe\Champions League\2023\odds.csv
2025-09-01 20:53:11,024 - src.process_pipeline - INFO - No new fixtures in Europe/Champions League/2023
2025-09-01 20:53:11,025 - src.process_pipeline - INFO - Processing Europe/Champions League/2024
2025-09-01 20:53:11,034 - src.process_pipeline - WARNING - Missing odds file: data\extracted\Europe\Champions League\2024\odds.csv
2025-09-01 20:53:11,042 - src.process_pipeline - INFO - No new fixtures in Europe/Champions League/2024
2025-09-01 20:53:11,042 - src.process_pipeline - INFO - Processing Europe/Champions League/2025
2025-09-01 20:53:11,050 - src.process_pipeline - INFO - Odds data found for Europe/Champions League/2025
2025-09-01 20:53:11,057 - src.process_pipeline - INFO - No new fixtures in Europe/Champions League/2025
2025-09-01 20:53:11,058 - src.process_pipeline - INFO - Processing Europe/Conference League/2021
2025-09-01 20:53:11,068 - src.process_pipeline - WARNING - Missing odds file: data\extracted\Europe\Conference League\2021\odds.csv
2025-09-01 20:53:11,080 - src.process_pipeline - ERROR - No home or away data found after splitting
2025-09-01 20:53:11,080 - src.process_pipeline - ERROR - Error processing Europe/Conference League/2021: No home or away data found after splitting
2025-09-01 20:53:11,081 - src.process_pipeline - INFO - Processing Europe/Conference League/2022
2025-09-01 20:53:11,091 - src.process_pipeline - WARNING - Missing odds file: data\extracted\Europe\Conference League\2022\odds.csv
2025-09-01 20:53:11,097 - src.process_pipeline - INFO - No new fixtures in Europe/Conference League/2022
2025-09-01 20:53:11,098 - src.process_pipeline - INFO - Processing Europe/Conference League/2023
2025-09-01 20:53:11,110 - src.process_pipeline - WARNING - Missing odds file: data\extracted\Europe\Conference League\2023\odds.csv
2025-09-01 20:53:11,116 - src.process_pipeline - INFO - No new fixtures in Europe/Conference League/2023
2025-09-01 20:53:11,116 - src.process_pipeline - INFO - Processing Europe/Conference League/2024
2025-09-01 20:53:11,117 - src.process_pipeline - WARNING - Missing team stats file: data\extracted\Europe\Conference League\2024\team_statistics.csv
2025-09-01 20:53:11,117 - src.process_pipeline - INFO - Processing Europe/Conference League/2025
2025-09-01 20:53:11,124 - src.process_pipeline - INFO - Odds data found for Europe/Conference League/2025
2025-09-01 20:53:11,130 - src.process_pipeline - INFO - No new fixtures in Europe/Conference League/2025
2025-09-01 20:53:11,131 - src.process_pipeline - INFO - Processing Europe/Europa League/2018
2025-09-01 20:53:11,140 - src.process_pipeline - WARNING - Missing odds file: data\extracted\Europe\Europa League\2018\odds.csv
2025-09-01 20:53:11,146 - src.process_pipeline - INFO - No new fixtures in Europe/Europa League/2018
2025-09-01 20:53:11,147 - src.process_pipeline - INFO - Processing Europe/Europa League/2019
2025-09-01 20:53:11,156 - src.process_pipeline - WARNING - Missing odds file: data\extracted\Europe\Europa League\2019\odds.csv
2025-09-01 20:53:11,162 - src.process_pipeline - INFO - No new fixtures in Europe/Europa League/2019
2025-09-01 20:53:11,163 - src.process_pipeline - INFO - Processing Europe/Europa League/2020
2025-09-01 20:53:11,173 - src.process_pipeline - WARNING - Missing odds file: data\extracted\Europe\Europa League\2020\odds.csv
2025-09-01 20:53:11,183 - src.process_pipeline - ERROR - No home or away data found after splitting
2025-09-01 20:53:11,183 - src.process_pipeline - ERROR - Error processing Europe/Europa League/2020: No home or away data found after splitting
2025-09-01 20:53:11,184 - src.process_pipeline - INFO - Processing Europe/Europa League/2021
2025-09-01 20:53:11,191 - src.process_pipeline - WARNING - Missing odds file: data\extracted\Europe\Europa League\2021\odds.csv
2025-09-01 20:53:11,201 - src.process_pipeline - ERROR - No home or away data found after splitting
2025-09-01 20:53:11,201 - src.process_pipeline - ERROR - Error processing Europe/Europa League/2021: No home or away data found after splitting
2025-09-01 20:53:11,202 - src.process_pipeline - INFO - Processing Europe/Europa League/2022
2025-09-01 20:53:11,210 - src.process_pipeline - WARNING - Missing odds file: data\extracted\Europe\Europa League\2022\odds.csv
2025-09-01 20:53:11,216 - src.process_pipeline - INFO - No new fixtures in Europe/Europa League/2022
2025-09-01 20:53:11,216 - src.process_pipeline - INFO - Processing Europe/Europa League/2023
2025-09-01 20:53:11,225 - src.process_pipeline - WARNING - Missing odds file: data\extracted\Europe\Europa League\2023\odds.csv
2025-09-01 20:53:11,231 - src.process_pipeline - INFO - No new fixtures in Europe/Europa League/2023
2025-09-01 20:53:11,231 - src.process_pipeline - INFO - Processing Europe/Europa League/2024
2025-09-01 20:53:11,241 - src.process_pipeline - WARNING - Missing odds file: data\extracted\Europe\Europa League\2024\odds.csv
2025-09-01 20:53:11,248 - src.process_pipeline - INFO - No new fixtures in Europe/Europa League/2024
2025-09-01 20:53:11,249 - src.process_pipeline - INFO - Processing Europe/Europa League/2025
2025-09-01 20:53:11,257 - src.process_pipeline - INFO - Odds data found for Europe/Europa League/2025
2025-09-01 20:53:11,263 - src.process_pipeline - INFO - No new fixtures in Europe/Europa League/2025
2025-09-01 20:53:11,264 - src.process_pipeline - INFO - Processing France/Coupe de France/2018
2025-09-01 20:53:11,272 - src.process_pipeline - WARNING - Missing odds file: data\extracted\France\Coupe de France\2018\odds.csv
2025-09-01 20:53:11,277 - src.process_pipeline - INFO - No new fixtures in France/Coupe de France/2018
2025-09-01 20:53:11,278 - src.process_pipeline - INFO - Processing France/Coupe de France/2019
2025-09-01 20:53:11,284 - src.process_pipeline - WARNING - Missing odds file: data\extracted\France\Coupe de France\2019\odds.csv
2025-09-01 20:53:11,291 - src.process_pipeline - INFO - No new fixtures in France/Coupe de France/2019
2025-09-01 20:53:11,291 - src.process_pipeline - INFO - Processing France/Coupe de France/2020
2025-09-01 20:53:11,298 - src.process_pipeline - WARNING - Missing odds file: data\extracted\France\Coupe de France\2020\odds.csv
2025-09-01 20:53:11,304 - src.process_pipeline - INFO - No new fixtures in France/Coupe de France/2020
2025-09-01 20:53:11,305 - src.process_pipeline - INFO - Processing France/Coupe de France/2021
2025-09-01 20:53:11,311 - src.process_pipeline - WARNING - Missing odds file: data\extracted\France\Coupe de France\2021\odds.csv
2025-09-01 20:53:11,324 - src.process_pipeline - INFO - Successfully merged 5 records with team statistics and odds
2025-09-01 20:53:11,327 - src.process_pipeline - INFO - Saved merged data to data\processed\France\Coupe de France\2021\merged_2021.csv
2025-09-01 20:53:11,327 - src.process_pipeline - INFO - Successfully merged 5 records
2025-09-01 20:53:11,328 - src.process_pipeline - INFO - Processing France/Coupe de France/2022
2025-09-01 20:53:11,335 - src.process_pipeline - WARNING - Missing odds file: data\extracted\France\Coupe de France\2022\odds.csv
2025-09-01 20:53:11,341 - src.process_pipeline - INFO - No new fixtures in France/Coupe de France/2022
2025-09-01 20:53:11,342 - src.process_pipeline - INFO - Processing France/Coupe de France/2023
2025-09-01 20:53:11,349 - src.process_pipeline - WARNING - Missing odds file: data\extracted\France\Coupe de France\2023\odds.csv
2025-09-01 20:53:11,355 - src.process_pipeline - INFO - No new fixtures in France/Coupe de France/2023
2025-09-01 20:53:11,356 - src.process_pipeline - INFO - Processing France/Coupe de France/2024
2025-09-01 20:53:11,362 - src.process_pipeline - WARNING - Missing odds file: data\extracted\France\Coupe de France\2024\odds.csv
2025-09-01 20:53:11,373 - src.process_pipeline - ERROR - No home or away data found after splitting
2025-09-01 20:53:11,373 - src.process_pipeline - ERROR - Error processing France/Coupe de France/2024: No home or away data found after splitting
2025-09-01 20:53:11,374 - src.process_pipeline - INFO - Processing France/Ligue 1/2018
2025-09-01 20:53:11,383 - src.process_pipeline - WARNING - Missing odds file: data\extracted\France\Ligue 1\2018\odds.csv
2025-09-01 20:53:11,389 - src.process_pipeline - INFO - No new fixtures in France/Ligue 1/2018
2025-09-01 20:53:11,390 - src.process_pipeline - INFO - Processing France/Ligue 1/2019
2025-09-01 20:53:11,400 - src.process_pipeline - WARNING - Missing odds file: data\extracted\France\Ligue 1\2019\odds.csv
2025-09-01 20:53:11,410 - src.process_pipeline - ERROR - No home or away data found after splitting
2025-09-01 20:53:11,411 - src.process_pipeline - ERROR - Error processing France/Ligue 1/2019: No home or away data found after splitting
2025-09-01 20:53:11,412 - src.process_pipeline - INFO - Processing France/Ligue 1/2020
2025-09-01 20:53:11,422 - src.process_pipeline - WARNING - Missing odds file: data\extracted\France\Ligue 1\2020\odds.csv
2025-09-01 20:53:11,428 - src.process_pipeline - INFO - No new fixtures in France/Ligue 1/2020
2025-09-01 20:53:11,429 - src.process_pipeline - INFO - Processing France/Ligue 1/2021
2025-09-01 20:53:11,438 - src.process_pipeline - WARNING - Missing odds file: data\extracted\France\Ligue 1\2021\odds.csv
2025-09-01 20:53:11,444 - src.process_pipeline - INFO - No new fixtures in France/Ligue 1/2021
2025-09-01 20:53:11,445 - src.process_pipeline - INFO - Processing France/Ligue 1/2022
2025-09-01 20:53:11,454 - src.process_pipeline - WARNING - Missing odds file: data\extracted\France\Ligue 1\2022\odds.csv
2025-09-01 20:53:11,459 - src.process_pipeline - INFO - No new fixtures in France/Ligue 1/2022
2025-09-01 20:53:11,460 - src.process_pipeline - INFO - Processing France/Ligue 1/2023
2025-09-01 20:53:11,471 - src.process_pipeline - WARNING - Missing odds file: data\extracted\France\Ligue 1\2023\odds.csv
2025-09-01 20:53:11,478 - src.process_pipeline - INFO - No new fixtures in France/Ligue 1/2023
2025-09-01 20:53:11,479 - src.process_pipeline - INFO - Processing France/Ligue 1/2024
2025-09-01 20:53:11,489 - src.process_pipeline - WARNING - Missing odds file: data\extracted\France\Ligue 1\2024\odds.csv
2025-09-01 20:53:11,496 - src.process_pipeline - INFO - No new fixtures in France/Ligue 1/2024
2025-09-01 20:53:11,497 - src.process_pipeline - INFO - Processing France/Ligue 1/2025
2025-09-01 20:53:11,505 - src.process_pipeline - INFO - Odds data found for France/Ligue 1/2025
2025-09-01 20:53:11,512 - src.process_pipeline - INFO - No new fixtures in France/Ligue 1/2025
2025-09-01 20:53:11,513 - src.process_pipeline - INFO - Processing France/Ligue 2/2018
2025-09-01 20:53:11,524 - src.process_pipeline - WARNING - Missing odds file: data\extracted\France\Ligue 2\2018\odds.csv
2025-09-01 20:53:11,531 - src.process_pipeline - INFO - No new fixtures in France/Ligue 2/2018
2025-09-01 20:53:11,532 - src.process_pipeline - INFO - Processing France/Ligue 2/2019
2025-09-01 20:53:11,542 - src.process_pipeline - WARNING - Missing odds file: data\extracted\France\Ligue 2\2019\odds.csv
2025-09-01 20:53:11,554 - src.process_pipeline - ERROR - No home or away data found after splitting
2025-09-01 20:53:11,555 - src.process_pipeline - ERROR - Error processing France/Ligue 2/2019: No home or away data found after splitting
2025-09-01 20:53:11,556 - src.process_pipeline - INFO - Processing France/Ligue 2/2020
2025-09-01 20:53:11,567 - src.process_pipeline - WARNING - Missing odds file: data\extracted\France\Ligue 2\2020\odds.csv
2025-09-01 20:53:11,578 - src.process_pipeline - ERROR - No home or away data found after splitting
2025-09-01 20:53:11,578 - src.process_pipeline - ERROR - Error processing France/Ligue 2/2020: No home or away data found after splitting
2025-09-01 20:53:11,579 - src.process_pipeline - INFO - Processing France/Ligue 2/2021
2025-09-01 20:53:11,589 - src.process_pipeline - WARNING - Missing odds file: data\extracted\France\Ligue 2\2021\odds.csv
2025-09-01 20:53:11,602 - src.process_pipeline - INFO - Successfully merged 1 records with team statistics and odds
2025-09-01 20:53:11,604 - src.process_pipeline - INFO - Saved merged data to data\processed\France\Ligue 2\2021\merged_2021.csv
2025-09-01 20:53:11,604 - src.process_pipeline - INFO - Successfully merged 1 records
2025-09-01 20:53:11,606 - src.process_pipeline - INFO - Processing France/Ligue 2/2022
2025-09-01 20:53:11,615 - src.process_pipeline - WARNING - Missing odds file: data\extracted\France\Ligue 2\2022\odds.csv
2025-09-01 20:53:11,621 - src.process_pipeline - INFO - No new fixtures in France/Ligue 2/2022
2025-09-01 20:53:11,622 - src.process_pipeline - INFO - Processing France/Ligue 2/2023
2025-09-01 20:53:11,633 - src.process_pipeline - WARNING - Missing odds file: data\extracted\France\Ligue 2\2023\odds.csv
2025-09-01 20:53:11,639 - src.process_pipeline - INFO - No new fixtures in France/Ligue 2/2023
2025-09-01 20:53:11,640 - src.process_pipeline - INFO - Processing France/Ligue 2/2024
2025-09-01 20:53:11,649 - src.process_pipeline - WARNING - Missing odds file: data\extracted\France\Ligue 2\2024\odds.csv
2025-09-01 20:53:11,655 - src.process_pipeline - INFO - No new fixtures in France/Ligue 2/2024
2025-09-01 20:53:11,657 - src.process_pipeline - INFO - Processing France/Ligue 2/2025
2025-09-01 20:53:11,664 - src.process_pipeline - INFO - Odds data found for France/Ligue 2/2025
2025-09-01 20:53:11,670 - src.process_pipeline - INFO - No new fixtures in France/Ligue 2/2025
2025-09-01 20:53:11,671 - src.process_pipeline - INFO - Processing Germany/2. Bundesliga/2017
2025-09-01 20:53:11,671 - src.process_pipeline - WARNING - Missing fixtures file: data\extracted\Germany\2. Bundesliga\2017\fixture_events.csv
2025-09-01 20:53:11,671 - src.process_pipeline - INFO - Processing Germany/2. Bundesliga/2018
2025-09-01 20:53:11,682 - src.process_pipeline - WARNING - Missing odds file: data\extracted\Germany\2. Bundesliga\2018\odds.csv
2025-09-01 20:53:11,689 - src.process_pipeline - INFO - No new fixtures in Germany/2. Bundesliga/2018
2025-09-01 20:53:11,690 - src.process_pipeline - INFO - Processing Germany/2. Bundesliga/2019
2025-09-01 20:53:11,698 - src.process_pipeline - WARNING - Missing odds file: data\extracted\Germany\2. Bundesliga\2019\odds.csv
2025-09-01 20:53:11,705 - src.process_pipeline - INFO - No new fixtures in Germany/2. Bundesliga/2019
2025-09-01 20:53:11,706 - src.process_pipeline - INFO - Processing Germany/2. Bundesliga/2020
2025-09-01 20:53:11,715 - src.process_pipeline - WARNING - Missing odds file: data\extracted\Germany\2. Bundesliga\2020\odds.csv
2025-09-01 20:53:11,723 - src.process_pipeline - INFO - No new fixtures in Germany/2. Bundesliga/2020
2025-09-01 20:53:11,724 - src.process_pipeline - INFO - Processing Germany/2. Bundesliga/2021
2025-09-01 20:53:11,734 - src.process_pipeline - WARNING - Missing odds file: data\extracted\Germany\2. Bundesliga\2021\odds.csv
2025-09-01 20:53:11,740 - src.process_pipeline - INFO - No new fixtures in Germany/2. Bundesliga/2021
2025-09-01 20:53:11,741 - src.process_pipeline - INFO - Processing Germany/2. Bundesliga/2022
2025-09-01 20:53:11,749 - src.process_pipeline - WARNING - Missing odds file: data\extracted\Germany\2. Bundesliga\2022\odds.csv
2025-09-01 20:53:11,754 - src.process_pipeline - INFO - No new fixtures in Germany/2. Bundesliga/2022
2025-09-01 20:53:11,755 - src.process_pipeline - INFO - Processing Germany/2. Bundesliga/2023
2025-09-01 20:53:11,763 - src.process_pipeline - WARNING - Missing odds file: data\extracted\Germany\2. Bundesliga\2023\odds.csv
2025-09-01 20:53:11,769 - src.process_pipeline - INFO - No new fixtures in Germany/2. Bundesliga/2023
2025-09-01 20:53:11,770 - src.process_pipeline - INFO - Processing Germany/2. Bundesliga/2024
2025-09-01 20:53:11,778 - src.process_pipeline - WARNING - Missing odds file: data\extracted\Germany\2. Bundesliga\2024\odds.csv
2025-09-01 20:53:11,784 - src.process_pipeline - INFO - No new fixtures in Germany/2. Bundesliga/2024
2025-09-01 20:53:11,784 - src.process_pipeline - INFO - Processing Germany/2. Bundesliga/2025
2025-09-01 20:53:11,790 - src.process_pipeline - WARNING - Missing odds file: data\extracted\Germany\2. Bundesliga\2025\odds.csv
2025-09-01 20:53:11,796 - src.process_pipeline - INFO - No new fixtures in Germany/2. Bundesliga/2025
2025-09-01 20:53:11,796 - src.process_pipeline - INFO - Processing Germany/Bundesliga/2018
2025-09-01 20:53:11,805 - src.process_pipeline - WARNING - Missing odds file: data\extracted\Germany\Bundesliga\2018\odds.csv
2025-09-01 20:53:11,811 - src.process_pipeline - INFO - No new fixtures in Germany/Bundesliga/2018
2025-09-01 20:53:11,812 - src.process_pipeline - INFO - Processing Germany/Bundesliga/2019
2025-09-01 20:53:11,820 - src.process_pipeline - WARNING - Missing odds file: data\extracted\Germany\Bundesliga\2019\odds.csv
2025-09-01 20:53:11,827 - src.process_pipeline - INFO - No new fixtures in Germany/Bundesliga/2019
2025-09-01 20:53:11,828 - src.process_pipeline - INFO - Processing Germany/Bundesliga/2020
2025-09-01 20:53:11,838 - src.process_pipeline - WARNING - Missing odds file: data\extracted\Germany\Bundesliga\2020\odds.csv
2025-09-01 20:53:11,844 - src.process_pipeline - INFO - No new fixtures in Germany/Bundesliga/2020
2025-09-01 20:53:11,845 - src.process_pipeline - INFO - Processing Germany/Bundesliga/2021
2025-09-01 20:53:11,855 - src.process_pipeline - WARNING - Missing odds file: data\extracted\Germany\Bundesliga\2021\odds.csv
2025-09-01 20:53:11,861 - src.process_pipeline - INFO - No new fixtures in Germany/Bundesliga/2021
2025-09-01 20:53:11,862 - src.process_pipeline - INFO - Processing Germany/Bundesliga/2022
2025-09-01 20:53:11,870 - src.process_pipeline - WARNING - Missing odds file: data\extracted\Germany\Bundesliga\2022\odds.csv
2025-09-01 20:53:11,878 - src.process_pipeline - INFO - No new fixtures in Germany/Bundesliga/2022
2025-09-01 20:53:11,879 - src.process_pipeline - INFO - Processing Germany/Bundesliga/2023
2025-09-01 20:53:11,891 - src.process_pipeline - WARNING - Missing odds file: data\extracted\Germany\Bundesliga\2023\odds.csv
2025-09-01 20:53:11,898 - src.process_pipeline - INFO - No new fixtures in Germany/Bundesliga/2023
2025-09-01 20:53:11,898 - src.process_pipeline - INFO - Processing Germany/Bundesliga/2024
2025-09-01 20:53:11,908 - src.process_pipeline - WARNING - Missing odds file: data\extracted\Germany\Bundesliga\2024\odds.csv
2025-09-01 20:53:11,915 - src.process_pipeline - INFO - No new fixtures in Germany/Bundesliga/2024
2025-09-01 20:53:11,916 - src.process_pipeline - INFO - Processing Germany/Bundesliga/2025
2025-09-01 20:53:11,923 - src.process_pipeline - INFO - Odds data found for Germany/Bundesliga/2025
2025-09-01 20:53:11,929 - src.process_pipeline - INFO - No new fixtures in Germany/Bundesliga/2025
2025-09-01 20:53:11,930 - src.process_pipeline - INFO - Processing Germany/DFB Pokal/2018
2025-09-01 20:53:11,935 - src.process_pipeline - WARNING - Missing odds file: data\extracted\Germany\DFB Pokal\2018\odds.csv
2025-09-01 20:53:11,941 - src.process_pipeline - INFO - No new fixtures in Germany/DFB Pokal/2018
2025-09-01 20:53:11,941 - src.process_pipeline - INFO - Processing Germany/DFB Pokal/2019
2025-09-01 20:53:11,947 - src.process_pipeline - WARNING - Missing odds file: data\extracted\Germany\DFB Pokal\2019\odds.csv
2025-09-01 20:53:11,953 - src.process_pipeline - INFO - No new fixtures in Germany/DFB Pokal/2019
2025-09-01 20:53:11,954 - src.process_pipeline - INFO - Processing Germany/DFB Pokal/2020
2025-09-01 20:53:11,959 - src.process_pipeline - WARNING - Missing odds file: data\extracted\Germany\DFB Pokal\2020\odds.csv
2025-09-01 20:53:11,965 - src.process_pipeline - INFO - No new fixtures in Germany/DFB Pokal/2020
2025-09-01 20:53:11,965 - src.process_pipeline - INFO - Processing Germany/DFB Pokal/2021
2025-09-01 20:53:11,970 - src.process_pipeline - WARNING - Missing odds file: data\extracted\Germany\DFB Pokal\2021\odds.csv
2025-09-01 20:53:11,976 - src.process_pipeline - INFO - No new fixtures in Germany/DFB Pokal/2021
2025-09-01 20:53:11,976 - src.process_pipeline - INFO - Processing Germany/DFB Pokal/2022
2025-09-01 20:53:11,981 - src.process_pipeline - WARNING - Missing odds file: data\extracted\Germany\DFB Pokal\2022\odds.csv
2025-09-01 20:53:11,987 - src.process_pipeline - INFO - No new fixtures in Germany/DFB Pokal/2022
2025-09-01 20:53:11,988 - src.process_pipeline - INFO - Processing Germany/DFB Pokal/2023
2025-09-01 20:53:11,993 - src.process_pipeline - WARNING - Missing odds file: data\extracted\Germany\DFB Pokal\2023\odds.csv
2025-09-01 20:53:11,999 - src.process_pipeline - INFO - No new fixtures in Germany/DFB Pokal/2023
2025-09-01 20:53:12,000 - src.process_pipeline - INFO - Processing Germany/DFB Pokal/2024
2025-09-01 20:53:12,005 - src.process_pipeline - WARNING - Missing odds file: data\extracted\Germany\DFB Pokal\2024\odds.csv
2025-09-01 20:53:12,012 - src.process_pipeline - INFO - No new fixtures in Germany/DFB Pokal/2024
2025-09-01 20:53:12,012 - src.process_pipeline - INFO - Processing Greece/Super League/2021
2025-09-01 20:53:12,020 - src.process_pipeline - WARNING - Missing odds file: data\extracted\Greece\Super League\2021\odds.csv
2025-09-01 20:53:12,026 - src.process_pipeline - INFO - No new fixtures in Greece/Super League/2021
2025-09-01 20:53:12,027 - src.process_pipeline - INFO - Processing Greece/Super League/2022
2025-09-01 20:53:12,035 - src.process_pipeline - WARNING - Missing odds file: data\extracted\Greece\Super League\2022\odds.csv
2025-09-01 20:53:12,041 - src.process_pipeline - INFO - No new fixtures in Greece/Super League/2022
2025-09-01 20:53:12,041 - src.process_pipeline - INFO - Processing Greece/Super League/2023
2025-09-01 20:53:12,048 - src.process_pipeline - WARNING - Missing odds file: data\extracted\Greece\Super League\2023\odds.csv
2025-09-01 20:53:12,062 - src.process_pipeline - INFO - Successfully merged 1 records with team statistics and odds
2025-09-01 20:53:12,063 - src.process_pipeline - INFO - Saved merged data to data\processed\Greece\Super League\2023\merged_2023.csv
2025-09-01 20:53:12,064 - src.process_pipeline - INFO - Successfully merged 1 records
2025-09-01 20:53:12,066 - src.process_pipeline - INFO - Processing Greece/Super League/2024
2025-09-01 20:53:12,074 - src.process_pipeline - WARNING - Missing odds file: data\extracted\Greece\Super League\2024\odds.csv
2025-09-01 20:53:12,080 - src.process_pipeline - INFO - No new fixtures in Greece/Super League/2024
2025-09-01 20:53:12,080 - src.process_pipeline - INFO - Processing Greece/Super League/2025
2025-09-01 20:53:12,081 - src.process_pipeline - WARNING - Missing team stats file: data\extracted\Greece\Super League\2025\team_statistics.csv
2025-09-01 20:53:12,081 - src.process_pipeline - INFO - Processing Italy/Coppa Italia/2018
2025-09-01 20:53:12,086 - src.process_pipeline - WARNING - Missing odds file: data\extracted\Italy\Coppa Italia\2018\odds.csv
2025-09-01 20:53:12,092 - src.process_pipeline - INFO - No new fixtures in Italy/Coppa Italia/2018
2025-09-01 20:53:12,092 - src.process_pipeline - INFO - Processing Italy/Coppa Italia/2019
2025-09-01 20:53:12,093 - src.process_pipeline - WARNING - Missing fixtures file: data\extracted\Italy\Coppa Italia\2019\fixture_events.csv
2025-09-01 20:53:12,093 - src.process_pipeline - INFO - Processing Italy/Coppa Italia/2020
2025-09-01 20:53:12,099 - src.process_pipeline - WARNING - Missing odds file: data\extracted\Italy\Coppa Italia\2020\odds.csv
2025-09-01 20:53:12,112 - src.process_pipeline - INFO - Successfully merged 4 records with team statistics and odds
2025-09-01 20:53:12,114 - src.process_pipeline - INFO - Saved merged data to data\processed\Italy\Coppa Italia\2020\merged_2020.csv
2025-09-01 20:53:12,114 - src.process_pipeline - INFO - Successfully merged 4 records
2025-09-01 20:53:12,116 - src.process_pipeline - INFO - Processing Italy/Coppa Italia/2021
2025-09-01 20:53:12,122 - src.process_pipeline - WARNING - Missing odds file: data\extracted\Italy\Coppa Italia\2021\odds.csv
2025-09-01 20:53:12,128 - src.process_pipeline - INFO - No new fixtures in Italy/Coppa Italia/2021
2025-09-01 20:53:12,128 - src.process_pipeline - INFO - Processing Italy/Coppa Italia/2022
2025-09-01 20:53:12,133 - src.process_pipeline - WARNING - Missing odds file: data\extracted\Italy\Coppa Italia\2022\odds.csv
2025-09-01 20:53:12,139 - src.process_pipeline - INFO - No new fixtures in Italy/Coppa Italia/2022
2025-09-01 20:53:12,140 - src.process_pipeline - INFO - Processing Italy/Coppa Italia/2023
2025-09-01 20:53:12,145 - src.process_pipeline - WARNING - Missing odds file: data\extracted\Italy\Coppa Italia\2023\odds.csv
2025-09-01 20:53:12,150 - src.process_pipeline - INFO - No new fixtures in Italy/Coppa Italia/2023
2025-09-01 20:53:12,151 - src.process_pipeline - INFO - Processing Italy/Coppa Italia/2024
2025-09-01 20:53:12,156 - src.process_pipeline - WARNING - Missing odds file: data\extracted\Italy\Coppa Italia\2024\odds.csv
2025-09-01 20:53:12,162 - src.process_pipeline - INFO - No new fixtures in Italy/Coppa Italia/2024
2025-09-01 20:53:12,162 - src.process_pipeline - INFO - Processing Italy/Serie A/2016
2025-09-01 20:53:12,173 - src.process_pipeline - WARNING - Missing odds file: data\extracted\Italy\Serie A\2016\odds.csv
2025-09-01 20:53:12,187 - src.process_pipeline - INFO - Successfully merged 1 records with team statistics and odds
2025-09-01 20:53:12,189 - src.process_pipeline - INFO - Saved merged data to data\processed\Italy\Serie A\2016\merged_2016.csv
2025-09-01 20:53:12,189 - src.process_pipeline - INFO - Successfully merged 1 records
2025-09-01 20:53:12,191 - src.process_pipeline - INFO - Processing Italy/Serie A/2017
2025-09-01 20:53:12,201 - src.process_pipeline - WARNING - Missing odds file: data\extracted\Italy\Serie A\2017\odds.csv
2025-09-01 20:53:12,207 - src.process_pipeline - INFO - No new fixtures in Italy/Serie A/2017
2025-09-01 20:53:12,208 - src.process_pipeline - INFO - Processing Italy/Serie A/2018
2025-09-01 20:53:12,218 - src.process_pipeline - WARNING - Missing odds file: data\extracted\Italy\Serie A\2018\odds.csv
2025-09-01 20:53:12,225 - src.process_pipeline - INFO - No new fixtures in Italy/Serie A/2018
2025-09-01 20:53:12,225 - src.process_pipeline - INFO - Processing Italy/Serie A/2019
2025-09-01 20:53:12,233 - src.process_pipeline - WARNING - Missing odds file: data\extracted\Italy\Serie A\2019\odds.csv
2025-09-01 20:53:12,239 - src.process_pipeline - INFO - No new fixtures in Italy/Serie A/2019
2025-09-01 20:53:12,240 - src.process_pipeline - INFO - Processing Italy/Serie A/2020
2025-09-01 20:53:12,248 - src.process_pipeline - WARNING - Missing odds file: data\extracted\Italy\Serie A\2020\odds.csv
2025-09-01 20:53:12,254 - src.process_pipeline - INFO - No new fixtures in Italy/Serie A/2020
2025-09-01 20:53:12,255 - src.process_pipeline - INFO - Processing Italy/Serie A/2021
2025-09-01 20:53:12,264 - src.process_pipeline - WARNING - Missing odds file: data\extracted\Italy\Serie A\2021\odds.csv
2025-09-01 20:53:12,270 - src.process_pipeline - INFO - No new fixtures in Italy/Serie A/2021
2025-09-01 20:53:12,271 - src.process_pipeline - INFO - Processing Italy/Serie A/2022
2025-09-01 20:53:12,280 - src.process_pipeline - WARNING - Missing odds file: data\extracted\Italy\Serie A\2022\odds.csv
2025-09-01 20:53:12,286 - src.process_pipeline - INFO - No new fixtures in Italy/Serie A/2022
2025-09-01 20:53:12,287 - src.process_pipeline - INFO - Processing Italy/Serie A/2023
2025-09-01 20:53:12,298 - src.process_pipeline - WARNING - Missing odds file: data\extracted\Italy\Serie A\2023\odds.csv
2025-09-01 20:53:12,304 - src.process_pipeline - INFO - No new fixtures in Italy/Serie A/2023
2025-09-01 20:53:12,305 - src.process_pipeline - INFO - Processing Italy/Serie A/2024
2025-09-01 20:53:12,317 - src.process_pipeline - WARNING - Missing odds file: data\extracted\Italy\Serie A\2024\odds.csv
2025-09-01 20:53:12,323 - src.process_pipeline - INFO - No new fixtures in Italy/Serie A/2024
2025-09-01 20:53:12,324 - src.process_pipeline - INFO - Processing Italy/Serie A/2025
2025-09-01 20:53:12,330 - src.process_pipeline - INFO - Odds data found for Italy/Serie A/2025
2025-09-01 20:53:12,337 - src.process_pipeline - INFO - No new fixtures in Italy/Serie A/2025
2025-09-01 20:53:12,337 - src.process_pipeline - INFO - Processing Italy/Serie B/2017
2025-09-01 20:53:12,346 - src.process_pipeline - WARNING - Missing odds file: data\extracted\Italy\Serie B\2017\odds.csv
2025-09-01 20:53:12,352 - src.process_pipeline - INFO - No new fixtures in Italy/Serie B/2017
2025-09-01 20:53:12,352 - src.process_pipeline - INFO - Processing Italy/Serie B/2018
2025-09-01 20:53:12,352 - src.process_pipeline - WARNING - Missing fixtures file: data\extracted\Italy\Serie B\2018\fixture_events.csv
2025-09-01 20:53:12,353 - src.process_pipeline - INFO - Processing Italy/Serie B/2019
2025-09-01 20:53:12,360 - src.process_pipeline - WARNING - Missing odds file: data\extracted\Italy\Serie B\2019\odds.csv
2025-09-01 20:53:12,366 - src.process_pipeline - INFO - No new fixtures in Italy/Serie B/2019
2025-09-01 20:53:12,367 - src.process_pipeline - INFO - Processing Italy/Serie B/2020
2025-09-01 20:53:12,376 - src.process_pipeline - WARNING - Missing odds file: data\extracted\Italy\Serie B\2020\odds.csv
2025-09-01 20:53:12,389 - src.process_pipeline - INFO - Successfully merged 2 records with team statistics and odds
2025-09-01 20:53:12,391 - src.process_pipeline - INFO - Saved merged data to data\processed\Italy\Serie B\2020\merged_2020.csv
2025-09-01 20:53:12,392 - src.process_pipeline - INFO - Successfully merged 2 records
2025-09-01 20:53:12,394 - src.process_pipeline - INFO - Processing Italy/Serie B/2021
2025-09-01 20:53:12,404 - src.process_pipeline - WARNING - Missing odds file: data\extracted\Italy\Serie B\2021\odds.csv
2025-09-01 20:53:12,411 - src.process_pipeline - INFO - No new fixtures in Italy/Serie B/2021
2025-09-01 20:53:12,411 - src.process_pipeline - INFO - Processing Italy/Serie B/2022
2025-09-01 20:53:12,421 - src.process_pipeline - WARNING - Missing odds file: data\extracted\Italy\Serie B\2022\odds.csv
2025-09-01 20:53:12,427 - src.process_pipeline - INFO - No new fixtures in Italy/Serie B/2022
2025-09-01 20:53:12,427 - src.process_pipeline - INFO - Processing Italy/Serie B/2023
2025-09-01 20:53:12,436 - src.process_pipeline - WARNING - Missing odds file: data\extracted\Italy\Serie B\2023\odds.csv
2025-09-01 20:53:12,442 - src.process_pipeline - INFO - No new fixtures in Italy/Serie B/2023
2025-09-01 20:53:12,443 - src.process_pipeline - INFO - Processing Italy/Serie B/2024
2025-09-01 20:53:12,451 - src.process_pipeline - WARNING - Missing odds file: data\extracted\Italy\Serie B\2024\odds.csv
2025-09-01 20:53:12,457 - src.process_pipeline - INFO - No new fixtures in Italy/Serie B/2024
2025-09-01 20:53:12,458 - src.process_pipeline - INFO - Processing Italy/Serie B/2025
2025-09-01 20:53:12,458 - src.process_pipeline - WARNING - Missing fixtures file: data\extracted\Italy\Serie B\2025\fixture_events.csv
2025-09-01 20:53:12,458 - src.process_pipeline - INFO - Processing Spain/Copa del Rey/2018
2025-09-01 20:53:12,463 - src.process_pipeline - WARNING - Missing odds file: data\extracted\Spain\Copa del Rey\2018\odds.csv
2025-09-01 20:53:12,469 - src.process_pipeline - INFO - No new fixtures in Spain/Copa del Rey/2018
2025-09-01 20:53:12,470 - src.process_pipeline - INFO - Processing Spain/Copa del Rey/2019
2025-09-01 20:53:12,476 - src.process_pipeline - WARNING - Missing odds file: data\extracted\Spain\Copa del Rey\2019\odds.csv
2025-09-01 20:53:12,486 - src.process_pipeline - ERROR - No home or away data found after splitting
2025-09-01 20:53:12,486 - src.process_pipeline - ERROR - Error processing Spain/Copa del Rey/2019: No home or away data found after splitting
2025-09-01 20:53:12,487 - src.process_pipeline - INFO - Processing Spain/Copa del Rey/2020
2025-09-01 20:53:12,492 - src.process_pipeline - WARNING - Missing odds file: data\extracted\Spain\Copa del Rey\2020\odds.csv
2025-09-01 20:53:12,503 - src.process_pipeline - ERROR - No home or away data found after splitting
2025-09-01 20:53:12,503 - src.process_pipeline - ERROR - Error processing Spain/Copa del Rey/2020: No home or away data found after splitting
2025-09-01 20:53:12,504 - src.process_pipeline - INFO - Processing Spain/Copa del Rey/2021
2025-09-01 20:53:12,509 - src.process_pipeline - WARNING - Missing odds file: data\extracted\Spain\Copa del Rey\2021\odds.csv
2025-09-01 20:53:12,520 - src.process_pipeline - ERROR - No home or away data found after splitting
2025-09-01 20:53:12,520 - src.process_pipeline - ERROR - Error processing Spain/Copa del Rey/2021: No home or away data found after splitting
2025-09-01 20:53:12,520 - src.process_pipeline - INFO - Processing Spain/Copa del Rey/2022
2025-09-01 20:53:12,526 - src.process_pipeline - WARNING - Missing odds file: data\extracted\Spain\Copa del Rey\2022\odds.csv
2025-09-01 20:53:12,532 - src.process_pipeline - INFO - No new fixtures in Spain/Copa del Rey/2022
2025-09-01 20:53:12,532 - src.process_pipeline - INFO - Processing Spain/Copa del Rey/2023
2025-09-01 20:53:12,538 - src.process_pipeline - WARNING - Missing odds file: data\extracted\Spain\Copa del Rey\2023\odds.csv
2025-09-01 20:53:12,544 - src.process_pipeline - INFO - No new fixtures in Spain/Copa del Rey/2023
2025-09-01 20:53:12,544 - src.process_pipeline - INFO - Processing Spain/Copa del Rey/2024
2025-09-01 20:53:12,551 - src.process_pipeline - WARNING - Missing odds file: data\extracted\Spain\Copa del Rey\2024\odds.csv
2025-09-01 20:53:12,561 - src.process_pipeline - ERROR - No home or away data found after splitting
2025-09-01 20:53:12,561 - src.process_pipeline - ERROR - Error processing Spain/Copa del Rey/2024: No home or away data found after splitting
2025-09-01 20:53:12,562 - src.process_pipeline - INFO - Processing Spain/La Liga/2020
2025-09-01 20:53:12,571 - src.process_pipeline - WARNING - Missing odds file: data\extracted\Spain\La Liga\2020\odds.csv
2025-09-01 20:53:12,577 - src.process_pipeline - INFO - No new fixtures in Spain/La Liga/2020
2025-09-01 20:53:12,578 - src.process_pipeline - INFO - Processing Spain/La Liga/2021
2025-09-01 20:53:12,588 - src.process_pipeline - WARNING - Missing odds file: data\extracted\Spain\La Liga\2021\odds.csv
2025-09-01 20:53:12,594 - src.process_pipeline - INFO - No new fixtures in Spain/La Liga/2021
2025-09-01 20:53:12,594 - src.process_pipeline - INFO - Processing Spain/La Liga/2022
2025-09-01 20:53:12,604 - src.process_pipeline - WARNING - Missing odds file: data\extracted\Spain\La Liga\2022\odds.csv
2025-09-01 20:53:12,610 - src.process_pipeline - INFO - No new fixtures in Spain/La Liga/2022
2025-09-01 20:53:12,611 - src.process_pipeline - INFO - Processing Spain/La Liga/2023
2025-09-01 20:53:12,622 - src.process_pipeline - WARNING - Missing odds file: data\extracted\Spain\La Liga\2023\odds.csv
2025-09-01 20:53:12,628 - src.process_pipeline - INFO - No new fixtures in Spain/La Liga/2023
2025-09-01 20:53:12,629 - src.process_pipeline - INFO - Processing Spain/La Liga/2024
2025-09-01 20:53:12,638 - src.process_pipeline - WARNING - Missing odds file: data\extracted\Spain\La Liga\2024\odds.csv
2025-09-01 20:53:12,644 - src.process_pipeline - INFO - No new fixtures in Spain/La Liga/2024
2025-09-01 20:53:12,644 - src.process_pipeline - INFO - Processing Spain/La Liga/2025
2025-09-01 20:53:12,651 - src.process_pipeline - INFO - Odds data found for Spain/La Liga/2025
2025-09-01 20:53:12,657 - src.process_pipeline - INFO - No new fixtures in Spain/La Liga/2025
2025-09-01 20:53:12,658 - src.process_pipeline - INFO - Processing Spain/Segunda Division/2017
2025-09-01 20:53:12,669 - src.process_pipeline - WARNING - Missing odds file: data\extracted\Spain\Segunda Division\2017\odds.csv
2025-09-01 20:53:12,675 - src.process_pipeline - INFO - No new fixtures in Spain/Segunda Division/2017
2025-09-01 20:53:12,676 - src.process_pipeline - INFO - Processing Spain/Segunda Division/2018
2025-09-01 20:53:12,688 - src.process_pipeline - WARNING - Missing odds file: data\extracted\Spain\Segunda Division\2018\odds.csv
2025-09-01 20:53:12,699 - src.process_pipeline - ERROR - No home or away data found after splitting
2025-09-01 20:53:12,700 - src.process_pipeline - ERROR - Error processing Spain/Segunda Division/2018: No home or away data found after splitting
2025-09-01 20:53:12,700 - src.process_pipeline - INFO - Processing Spain/Segunda Division/2019
2025-09-01 20:53:12,711 - src.process_pipeline - WARNING - Missing odds file: data\extracted\Spain\Segunda Division\2019\odds.csv
2025-09-01 20:53:12,717 - src.process_pipeline - INFO - No new fixtures in Spain/Segunda Division/2019
2025-09-01 20:53:12,718 - src.process_pipeline - INFO - Processing Spain/Segunda Division/2020
2025-09-01 20:53:12,731 - src.process_pipeline - WARNING - Missing odds file: data\extracted\Spain\Segunda Division\2020\odds.csv
2025-09-01 20:53:12,737 - src.process_pipeline - INFO - No new fixtures in Spain/Segunda Division/2020
2025-09-01 20:53:12,738 - src.process_pipeline - INFO - Processing Spain/Segunda Division/2021
2025-09-01 20:53:12,750 - src.process_pipeline - WARNING - Missing odds file: data\extracted\Spain\Segunda Division\2021\odds.csv
2025-09-01 20:53:12,756 - src.process_pipeline - INFO - No new fixtures in Spain/Segunda Division/2021
2025-09-01 20:53:12,757 - src.process_pipeline - INFO - Processing Spain/Segunda Division/2022
2025-09-01 20:53:12,769 - src.process_pipeline - WARNING - Missing odds file: data\extracted\Spain\Segunda Division\2022\odds.csv
2025-09-01 20:53:12,775 - src.process_pipeline - INFO - No new fixtures in Spain/Segunda Division/2022
2025-09-01 20:53:12,775 - src.process_pipeline - INFO - Processing Spain/Segunda Division/2023
2025-09-01 20:53:12,786 - src.process_pipeline - WARNING - Missing odds file: data\extracted\Spain\Segunda Division\2023\odds.csv
2025-09-01 20:53:12,792 - src.process_pipeline - INFO - No new fixtures in Spain/Segunda Division/2023
2025-09-01 20:53:12,793 - src.process_pipeline - INFO - Processing Spain/Segunda Division/2024
2025-09-01 20:53:12,804 - src.process_pipeline - WARNING - Missing odds file: data\extracted\Spain\Segunda Division\2024\odds.csv
2025-09-01 20:53:12,810 - src.process_pipeline - INFO - No new fixtures in Spain/Segunda Division/2024
2025-09-01 20:53:12,810 - src.process_pipeline - INFO - Processing Spain/Segunda Division/2025
2025-09-01 20:53:12,816 - src.process_pipeline - INFO - Odds data found for Spain/Segunda Division/2025
2025-09-01 20:53:12,822 - src.process_pipeline - INFO - No new fixtures in Spain/Segunda Division/2025
2025-09-01 20:53:12,822 - src.process_pipeline - INFO - Starting preprocessing and feature engineering
2025-09-01 20:53:12,822 - src.process_pipeline - INFO - Initial data shape: (14, 72)
2025-09-01 20:53:12,822 - src.process_pipeline - INFO - Cleaning data
2025-09-01 20:53:12,862 - src.process_pipeline - INFO - Adding competition info from league names
