2025-09-01 18:41:02,121 - __main__ - INFO - Starting hierarchical training with draw_model: logistic_regression, win_model: xgboost
2025-09-01 18:41:02,121 - __main__ - INFO - Preparing data with target column: outcome
2025-09-01 18:41:02,144 - __main__ - INFO - Filtered to 37455 completed matches
2025-09-01 18:41:02,182 - __main__ - INFO - Sorted data chronologically by date
2025-09-01 18:41:02,192 - __main__ - INFO - Encoded classes: {'away_win': 0, 'draw': 1, 'home_win': 2}
2025-09-01 18:41:02,192 - __main__ - INFO - Preparing features...
2025-09-01 18:41:02,235 - __main__ - INFO - Removed 33 potential leakage columns
2025-09-01 18:41:02,448 - __main__ - INFO - Feature preparation complete. Final features: 132
2025-09-01 18:41:02,449 - __main__ - INFO - Data preparation complete. Features: 132, Samples: 37455
2025-09-01 18:41:02,455 - __main__ - INFO - Time Series Split - Training: 22473, Holdout: 14982
2025-09-01 18:41:02,455 - __main__ - INFO - Building pipeline for random_forest with importance feature selection
2025-09-01 18:41:02,533 - __main__ - INFO - Numerical features: 132, Categorical features: 0
2025-09-01 18:41:02,533 - __main__ - INFO - Selected model class: random_forest for classification
2025-09-01 18:41:02,534 - __main__ - INFO - Using feature selection method: importance with top 75 features
2025-09-01 18:41:02,534 - __main__ - INFO - Retrieved parameters for model: logistic_regression
2025-09-01 18:41:02,534 - __main__ - INFO - Selected model class: logistic_regression for classification
2025-09-01 18:41:02,534 - __main__ - INFO - Retrieved parameters for model: xgboost
2025-09-01 18:41:02,534 - __main__ - INFO - Selected model class: xgboost for classification
2025-09-01 18:41:02,534 - __main__ - INFO - Starting hierarchical cross-validation...
2025-09-01 18:41:02,534 - __main__ - INFO - Processing fold 1/5
2025-09-01 18:41:05,002 - __main__ - INFO - Fold 1 - Test Accuracy: 0.3092 - F1 Macro: 0.2338
2025-09-01 18:41:05,003 - __main__ - INFO - Processing fold 2/5
2025-09-01 18:41:10,411 - __main__ - INFO - Fold 2 - Test Accuracy: 0.3039 - F1 Macro: 0.2301
2025-09-01 18:41:10,412 - __main__ - INFO - Processing fold 3/5
2025-09-01 18:41:16,968 - __main__ - INFO - Fold 3 - Test Accuracy: 0.2804 - F1 Macro: 0.1842
2025-09-01 18:41:16,972 - __main__ - INFO - Processing fold 4/5
2025-09-01 18:41:25,241 - __main__ - INFO - Fold 4 - Test Accuracy: 0.3250 - F1 Macro: 0.2621
2025-09-01 18:41:25,248 - __main__ - INFO - Processing fold 5/5
2025-09-01 18:41:39,213 - __main__ - INFO - Fold 5 - Test Accuracy: 0.2943 - F1 Macro: 0.2071
2025-09-01 18:41:39,219 - __main__ - INFO - Training final hierarchical model on full training period...
2025-09-01 18:41:52,500 - __main__ - INFO - Evaluating hierarchical model on holdout period...
2025-09-01 18:41:52,622 - __main__ - INFO - Hierarchical Holdout Accuracy: 0.2943
2025-09-01 18:41:52,622 - __main__ - INFO - Hierarchical Draw Recall: 0.9895
2025-09-01 18:41:52,622 - __main__ - INFO - Saving model artifacts...
2025-09-01 18:41:52,718 - __main__ - INFO - Artifacts saved successfully!
2025-09-01 18:41:52,719 - __main__ - INFO - Hierarchical training completed successfully!
