2025-08-29 21:41:40,808 - src.train_pipeline - INFO - Starting training with model: xgboost, feature selection: rfe with 70 features
2025-08-29 21:41:40,808 - src.train_pipeline - INFO - Preparing data with target column: outcome
2025-08-29 21:41:40,827 - src.train_pipeline - INFO - Filtered to 22853 completed matches
2025-08-29 21:41:40,863 - src.train_pipeline - INFO - Sorted data chronologically by date
2025-08-29 21:41:40,863 - src.train_pipeline - INFO - Auto-detected task type: classification
2025-08-29 21:41:40,868 - src.train_pipeline - INFO - Encoded classes: {'away_win': 0, 'draw': 1, 'home_win': 2}
2025-08-29 21:41:40,869 - src.train_pipeline - INFO - Preparing features...
2025-08-29 21:41:40,910 - src.train_pipeline - INFO - Removed 33 potential leakage columns
2025-08-29 21:41:41,062 - src.train_pipeline - INFO - Feature preparation complete. Final features: 132
2025-08-29 21:41:41,062 - src.train_pipeline - INFO - Data preparation complete. Features: 132, Samples: 22853
2025-08-29 21:41:41,067 - src.train_pipeline - INFO - Time Series Split - Training: 18283, Holdout: 4570
2025-08-29 21:41:41,067 - src.train_pipeline - INFO - Building pipeline for xgboost with rfe feature selection
2025-08-29 21:41:41,114 - src.train_pipeline - INFO - Numerical features: 132, Categorical features: 0
2025-08-29 21:41:41,114 - src.train_pipeline - INFO - Selected model class: xgboost for classification
2025-08-29 21:41:41,114 - src.train_pipeline - INFO - Using feature selection method: rfe with top 70 features
2025-08-29 21:41:41,115 - src.train_pipeline - INFO - Retrieved parameters for model: xgboost
2025-08-29 21:41:41,115 - src.train_pipeline - INFO - Selected model class: xgboost for classification
2025-08-29 21:41:41,115 - src.train_pipeline - INFO - Starting cross-validation...
2025-08-29 21:41:41,115 - src.train_pipeline - INFO - Processing fold 1/5
2025-08-29 21:41:41,129 - src.train_pipeline - INFO - Using oversampling - sample weights disabled to avoid size mismatch
2025-08-29 21:41:41,302 - src.train_pipeline - INFO - SMOTE applied: 4167 samples
2025-08-29 21:41:53,783 - src.train_pipeline - INFO - Fold 1 - Test Accuracy: 0.6885 - F1 Macro: 0.6523
2025-08-29 21:41:53,786 - src.train_pipeline - INFO - Processing fold 2/5
2025-08-29 21:41:53,804 - src.train_pipeline - INFO - Using oversampling - sample weights disabled to avoid size mismatch
2025-08-29 21:41:53,942 - src.train_pipeline - INFO - SMOTE applied: 8067 samples
2025-08-29 21:42:16,764 - src.train_pipeline - INFO - Fold 2 - Test Accuracy: 0.7283 - F1 Macro: 0.7055
2025-08-29 21:42:16,767 - src.train_pipeline - INFO - Processing fold 3/5
2025-08-29 21:42:16,791 - src.train_pipeline - INFO - Using oversampling - sample weights disabled to avoid size mismatch
2025-08-29 21:42:16,966 - src.train_pipeline - INFO - SMOTE applied: 11922 samples
2025-08-29 21:42:47,574 - src.train_pipeline - INFO - Fold 3 - Test Accuracy: 0.7059 - F1 Macro: 0.6796
2025-08-29 21:42:47,578 - src.train_pipeline - INFO - Processing fold 4/5
2025-08-29 21:42:47,607 - src.train_pipeline - INFO - Using oversampling - sample weights disabled to avoid size mismatch
2025-08-29 21:42:47,809 - src.train_pipeline - INFO - SMOTE applied: 15882 samples
2025-08-29 21:43:26,767 - src.train_pipeline - INFO - Fold 4 - Test Accuracy: 0.6754 - F1 Macro: 0.6552
2025-08-29 21:43:26,773 - src.train_pipeline - INFO - Processing fold 5/5
2025-08-29 21:43:26,807 - src.train_pipeline - INFO - Using oversampling - sample weights disabled to avoid size mismatch
2025-08-29 21:43:27,101 - src.train_pipeline - INFO - SMOTE applied: 19926 samples
2025-08-29 21:44:22,824 - src.train_pipeline - INFO - Fold 5 - Test Accuracy: 0.7332 - F1 Macro: 0.7032
2025-08-29 21:44:22,832 - src.train_pipeline - INFO - Training final model on full training period...
2025-08-29 21:45:09,070 - src.train_pipeline - INFO - Evaluating on holdout period...
2025-08-29 21:45:09,117 - src.train_pipeline - INFO - Holdout Accuracy: 0.7265
2025-08-29 21:45:09,118 - src.train_pipeline - INFO - Saving model artifacts...
2025-08-29 21:45:09,160 - src.train_pipeline - INFO - Artifacts saved successfully!
2025-08-29 21:45:09,160 - src.train_pipeline - INFO - Training completed successfully!
