2025-09-04 19:23:47,415 - src.train_pipeline - INFO - Starting training for outcome with model: xgboost, feature selection: rfe with 60 features
2025-09-04 19:23:47,415 - src.train_pipeline - INFO - Preparing data with target column: outcome
2025-09-04 19:23:47,441 - src.train_pipeline - INFO - Filtered to 36682 completed matches
2025-09-04 19:23:47,485 - src.train_pipeline - INFO - Sorted data chronologically by date
2025-09-04 19:23:47,487 - src.train_pipeline - INFO - Auto-detected task type: classification
2025-09-04 19:23:47,498 - src.train_pipeline - INFO - Encoded classes: {'away_win': 0, 'draw': 1, 'home_win': 2}
2025-09-04 19:23:47,499 - src.train_pipeline - INFO - Preparing features...
2025-09-04 19:23:47,552 - src.train_pipeline - INFO - Removed 40 potential leakage columns
2025-09-04 19:23:47,744 - src.train_pipeline - INFO - Feature preparation complete. Final features: 134
2025-09-04 19:23:47,744 - src.train_pipeline - INFO - Data preparation complete. Features: 134, Samples: 36682
2025-09-04 19:23:47,751 - src.train_pipeline - INFO - Time Series Split - Training: 29346, Holdout: 7336
2025-09-04 19:23:47,751 - src.train_pipeline - INFO - Building pipeline for xgboost with rfe feature selection
2025-09-04 19:23:47,837 - src.train_pipeline - INFO - Numerical features: 134, Categorical features: 0
2025-09-04 19:23:47,837 - src.train_pipeline - INFO - No categorical features found. Skipping OneHotEncoder.
2025-09-04 19:23:47,838 - src.train_pipeline - INFO - Selected model class: xgboost for classification
2025-09-04 19:23:47,838 - src.train_pipeline - INFO - Using feature selection method: rfe with top 60 features
2025-09-04 19:23:47,838 - src.train_pipeline - INFO - Retrieved parameters for model: xgboost
2025-09-04 19:23:47,838 - src.train_pipeline - INFO - Selected model class: xgboost for classification
2025-09-04 19:23:47,839 - src.train_pipeline - INFO - Starting cross-validation...
2025-09-04 19:23:47,839 - src.train_pipeline - INFO - Processing fold 1/5
2025-09-04 19:24:03,639 - src.train_pipeline - INFO - Fold 1 - Test Accuracy: 0.6868 - F1 Macro: 0.6499
2025-09-04 19:24:03,643 - src.train_pipeline - INFO - Processing fold 2/5
2025-09-04 19:24:30,329 - src.train_pipeline - INFO - Fold 2 - Test Accuracy: 0.7003 - F1 Macro: 0.6599
2025-09-04 19:24:30,334 - src.train_pipeline - INFO - Processing fold 3/5
2025-09-04 19:25:10,286 - src.train_pipeline - INFO - Fold 3 - Test Accuracy: 0.7142 - F1 Macro: 0.6805
2025-09-04 19:25:10,292 - src.train_pipeline - INFO - Processing fold 4/5
2025-09-04 19:26:02,077 - src.train_pipeline - INFO - Fold 4 - Test Accuracy: 0.7183 - F1 Macro: 0.6823
2025-09-04 19:26:02,083 - src.train_pipeline - INFO - Processing fold 5/5
2025-09-04 19:27:05,150 - src.train_pipeline - INFO - Fold 5 - Test Accuracy: 0.7191 - F1 Macro: 0.6767
2025-09-04 19:27:05,156 - src.train_pipeline - INFO - Training final model on full training period...
2025-09-04 19:28:23,376 - src.train_pipeline - INFO - Evaluating on holdout period...
2025-09-04 19:28:23,449 - src.train_pipeline - INFO - Holdout Accuracy: 0.6990
2025-09-04 19:28:23,450 - src.train_pipeline - INFO - Saving model artifacts...
2025-09-04 19:28:23,495 - src.train_pipeline - INFO - Artifacts saved successfully!
2025-09-04 19:28:23,496 - src.train_pipeline - INFO - Generating basic visualizations...
2025-09-04 19:28:23,670 - src.train_pipeline - ERROR - Error generating visualizations: Specifying the columns using strings is only supported for pandas DataFrames
2025-09-04 19:28:23,745 - src.train_pipeline - INFO - Training completed successfully!
2025-09-04 19:30:53,135 - src.train_pipeline - INFO - Initialized MLPipeline for auto task
2025-09-04 19:30:53,138 - src.train_pipeline - INFO - Starting training for outcome with model: xgboost, feature selection: rfe with 60 features
2025-09-04 19:30:53,138 - src.train_pipeline - INFO - Preparing data with target column: outcome
2025-09-04 19:30:53,169 - src.train_pipeline - INFO - Filtered to 36682 completed matches
2025-09-04 19:30:53,213 - src.train_pipeline - INFO - Sorted data chronologically by date
2025-09-04 19:30:53,213 - src.train_pipeline - INFO - Auto-detected task type: classification
2025-09-04 19:30:53,221 - src.train_pipeline - INFO - Encoded classes: {'away_win': 0, 'draw': 1, 'home_win': 2}
2025-09-04 19:30:53,221 - src.train_pipeline - INFO - Preparing features...
2025-09-04 19:30:53,267 - src.train_pipeline - INFO - Removed 40 potential leakage columns
2025-09-04 19:30:53,433 - src.train_pipeline - INFO - Feature preparation complete. Final features: 134
2025-09-04 19:30:53,433 - src.train_pipeline - INFO - Data preparation complete. Features: 134, Samples: 36682
2025-09-04 19:30:53,440 - src.train_pipeline - INFO - Time Series Split - Training: 29346, Holdout: 7336
2025-09-04 19:30:53,440 - src.train_pipeline - INFO - Building pipeline for xgboost with rfe feature selection
2025-09-04 19:30:53,497 - src.train_pipeline - INFO - Numerical features: 134, Categorical features: 0
2025-09-04 19:30:53,497 - src.train_pipeline - INFO - No categorical features found. Skipping OneHotEncoder.
2025-09-04 19:30:53,497 - src.train_pipeline - INFO - Selected model class: xgboost for classification
2025-09-04 19:30:53,498 - src.train_pipeline - INFO - Using feature selection method: rfe with top 60 features
2025-09-04 19:30:53,498 - src.train_pipeline - INFO - Retrieved parameters for model: xgboost
2025-09-04 19:30:53,498 - src.train_pipeline - INFO - Selected model class: xgboost for classification
2025-09-04 19:30:53,498 - src.train_pipeline - INFO - Starting cross-validation...
2025-09-04 19:30:53,499 - src.train_pipeline - INFO - Processing fold 1/5
2025-09-04 19:31:08,515 - src.train_pipeline - INFO - Fold 1 - Test Accuracy: 0.6868 - F1 Macro: 0.6499
2025-09-04 19:31:08,520 - src.train_pipeline - INFO - Processing fold 2/5
2025-09-04 19:31:36,544 - src.train_pipeline - INFO - Fold 2 - Test Accuracy: 0.7003 - F1 Macro: 0.6599
2025-09-04 19:31:36,548 - src.train_pipeline - INFO - Processing fold 3/5
2025-09-04 19:32:16,557 - src.train_pipeline - INFO - Fold 3 - Test Accuracy: 0.7142 - F1 Macro: 0.6805
2025-09-04 19:32:16,562 - src.train_pipeline - INFO - Processing fold 4/5
2025-09-04 19:33:11,864 - src.train_pipeline - INFO - Fold 4 - Test Accuracy: 0.7183 - F1 Macro: 0.6823
2025-09-04 19:33:11,869 - src.train_pipeline - INFO - Processing fold 5/5
2025-09-04 19:34:18,127 - src.train_pipeline - INFO - Fold 5 - Test Accuracy: 0.7191 - F1 Macro: 0.6767
2025-09-04 19:34:18,132 - src.train_pipeline - INFO - Training final model on full training period...
2025-09-04 19:35:37,278 - src.train_pipeline - INFO - Evaluating on holdout period...
2025-09-04 19:35:37,336 - src.train_pipeline - INFO - Holdout Accuracy: 0.6990
2025-09-04 19:35:37,337 - src.train_pipeline - INFO - Saving model artifacts...
2025-09-04 19:35:37,375 - src.train_pipeline - INFO - Artifacts saved successfully!
2025-09-04 19:35:37,376 - src.train_pipeline - INFO - Generating basic visualizations...
2025-09-04 19:35:37,538 - src.train_pipeline - ERROR - Error generating visualizations: Specifying the columns using strings is only supported for pandas DataFrames
2025-09-04 19:35:37,618 - src.train_pipeline - INFO - Training completed successfully!
2025-09-04 19:39:21,256 - src.train_pipeline - INFO - Initialized MLPipeline for auto task
2025-09-04 19:39:21,259 - src.train_pipeline - INFO - Starting training for outcome with model: xgboost, feature selection: rfe with 60 features
2025-09-04 19:39:21,259 - src.train_pipeline - INFO - Preparing data with target column: outcome
2025-09-04 19:39:21,288 - src.train_pipeline - INFO - Filtered to 36682 completed matches
2025-09-04 19:39:21,342 - src.train_pipeline - INFO - Sorted data chronologically by date
2025-09-04 19:39:21,343 - src.train_pipeline - INFO - Auto-detected task type: classification
2025-09-04 19:39:21,351 - src.train_pipeline - INFO - Encoded classes: {'away_win': 0, 'draw': 1, 'home_win': 2}
2025-09-04 19:39:21,352 - src.train_pipeline - INFO - Preparing features...
2025-09-04 19:39:21,401 - src.train_pipeline - INFO - Removed 40 potential leakage columns
2025-09-04 19:39:21,563 - src.train_pipeline - INFO - Feature preparation complete. Final features: 134
2025-09-04 19:39:21,563 - src.train_pipeline - INFO - Data preparation complete. Features: 134, Samples: 36682
2025-09-04 19:39:21,569 - src.train_pipeline - INFO - Time Series Split - Training: 29346, Holdout: 7336
2025-09-04 19:39:21,570 - src.train_pipeline - INFO - Building pipeline for xgboost with rfe feature selection
2025-09-04 19:39:21,629 - src.train_pipeline - INFO - Numerical features: 134, Categorical features: 0
2025-09-04 19:39:21,629 - src.train_pipeline - INFO - No categorical features found. Skipping OneHotEncoder.
2025-09-04 19:39:21,629 - src.train_pipeline - INFO - Selected model class: xgboost for classification
2025-09-04 19:39:21,630 - src.train_pipeline - INFO - Using feature selection method: rfe with top 60 features
2025-09-04 19:39:21,630 - src.train_pipeline - INFO - Retrieved parameters for model: xgboost
2025-09-04 19:39:21,630 - src.train_pipeline - INFO - Selected model class: xgboost for classification
2025-09-04 19:39:21,630 - src.train_pipeline - INFO - Starting cross-validation...
2025-09-04 19:39:21,631 - src.train_pipeline - INFO - Processing fold 1/5
2025-09-04 19:39:36,793 - src.train_pipeline - INFO - Fold 1 - Test Accuracy: 0.6868 - F1 Macro: 0.6499
2025-09-04 19:39:36,798 - src.train_pipeline - INFO - Processing fold 2/5
2025-09-04 19:40:05,064 - src.train_pipeline - INFO - Fold 2 - Test Accuracy: 0.7003 - F1 Macro: 0.6599
2025-09-04 19:40:05,068 - src.train_pipeline - INFO - Processing fold 3/5
2025-09-04 19:40:46,165 - src.train_pipeline - INFO - Fold 3 - Test Accuracy: 0.7142 - F1 Macro: 0.6805
2025-09-04 19:40:46,171 - src.train_pipeline - INFO - Processing fold 4/5
2025-09-04 19:41:39,290 - src.train_pipeline - INFO - Fold 4 - Test Accuracy: 0.7183 - F1 Macro: 0.6823
2025-09-04 19:41:39,298 - src.train_pipeline - INFO - Processing fold 5/5
2025-09-04 19:42:41,733 - src.train_pipeline - INFO - Fold 5 - Test Accuracy: 0.7191 - F1 Macro: 0.6767
2025-09-04 19:42:41,739 - src.train_pipeline - INFO - Training final model on full training period...
2025-09-04 19:43:56,865 - src.train_pipeline - INFO - Evaluating on holdout period...
2025-09-04 19:43:56,923 - src.train_pipeline - INFO - Holdout Accuracy: 0.6990
2025-09-04 19:43:56,923 - src.train_pipeline - INFO - Saving model artifacts...
2025-09-04 19:43:56,964 - src.train_pipeline - INFO - Artifacts saved successfully!
2025-09-04 19:43:56,964 - src.train_pipeline - INFO - Generating basic visualizations...
2025-09-04 19:43:57,125 - src.train_pipeline - ERROR - Error generating visualizations: Specifying the columns using strings is only supported for pandas DataFrames
2025-09-04 19:43:57,207 - src.train_pipeline - INFO - Training completed successfully!
2025-09-04 19:48:31,235 - src.train_pipeline - INFO - Initialized MLPipeline for auto task
2025-09-04 19:48:31,237 - src.train_pipeline - INFO - Starting training for outcome with model: xgboost, feature selection: rfe with 60 features
2025-09-04 19:48:31,238 - src.train_pipeline - INFO - Preparing data with target column: outcome
2025-09-04 19:48:31,270 - src.train_pipeline - INFO - Filtered to 36682 completed matches
2025-09-04 19:48:31,322 - src.train_pipeline - INFO - Sorted data chronologically by date
2025-09-04 19:48:31,323 - src.train_pipeline - INFO - Auto-detected task type: classification
2025-09-04 19:48:31,331 - src.train_pipeline - INFO - Encoded classes: {'away_win': 0, 'draw': 1, 'home_win': 2}
2025-09-04 19:48:31,331 - src.train_pipeline - INFO - Preparing features...
2025-09-04 19:48:31,376 - src.train_pipeline - INFO - Removed 40 potential leakage columns
2025-09-04 19:48:31,536 - src.train_pipeline - INFO - Feature preparation complete. Final features: 134
2025-09-04 19:48:31,536 - src.train_pipeline - INFO - Data preparation complete. Features: 134, Samples: 36682
2025-09-04 19:48:31,542 - src.train_pipeline - INFO - Time Series Split - Training: 29346, Holdout: 7336
2025-09-04 19:48:31,542 - src.train_pipeline - INFO - Building pipeline for xgboost with rfe feature selection
2025-09-04 19:48:31,601 - src.train_pipeline - INFO - Numerical features: 134, Categorical features: 0
2025-09-04 19:48:31,601 - src.train_pipeline - INFO - No categorical features found. Skipping OneHotEncoder.
2025-09-04 19:48:31,601 - src.train_pipeline - INFO - Selected model class: xgboost for classification
2025-09-04 19:48:31,602 - src.train_pipeline - INFO - Using feature selection method: rfe with top 60 features
2025-09-04 19:48:31,602 - src.train_pipeline - INFO - Retrieved parameters for model: xgboost
2025-09-04 19:48:31,602 - src.train_pipeline - INFO - Selected model class: xgboost for classification
2025-09-04 19:48:31,603 - src.train_pipeline - INFO - Starting cross-validation...
2025-09-04 19:48:31,603 - src.train_pipeline - INFO - Processing fold 1/5
2025-09-04 19:48:46,898 - src.train_pipeline - INFO - Fold 1 - Test Accuracy: 0.6868 - F1 Macro: 0.6499
2025-09-04 19:48:46,902 - src.train_pipeline - INFO - Processing fold 2/5
2025-09-04 19:49:15,973 - src.train_pipeline - INFO - Fold 2 - Test Accuracy: 0.7003 - F1 Macro: 0.6599
2025-09-04 19:49:15,978 - src.train_pipeline - INFO - Processing fold 3/5
2025-09-04 19:49:59,155 - src.train_pipeline - INFO - Fold 3 - Test Accuracy: 0.7142 - F1 Macro: 0.6805
2025-09-04 19:49:59,160 - src.train_pipeline - INFO - Processing fold 4/5
2025-09-04 19:50:52,717 - src.train_pipeline - INFO - Fold 4 - Test Accuracy: 0.7183 - F1 Macro: 0.6823
2025-09-04 19:50:52,721 - src.train_pipeline - INFO - Processing fold 5/5
2025-09-04 19:52:09,116 - src.train_pipeline - INFO - Fold 5 - Test Accuracy: 0.7191 - F1 Macro: 0.6767
2025-09-04 19:52:09,121 - src.train_pipeline - INFO - Training final model on full training period...
2025-09-04 19:53:27,284 - src.train_pipeline - INFO - Evaluating on holdout period...
2025-09-04 19:53:27,351 - src.train_pipeline - INFO - Holdout Accuracy: 0.6990
2025-09-04 19:53:27,351 - src.train_pipeline - INFO - Saving model artifacts...
2025-09-04 19:53:27,393 - src.train_pipeline - INFO - Artifacts saved successfully!
2025-09-04 19:53:27,394 - src.train_pipeline - INFO - Generating basic visualizations...
2025-09-04 19:53:27,552 - src.train_pipeline - ERROR - Error generating visualizations: Specifying the columns using strings is only supported for pandas DataFrames
2025-09-04 19:53:27,647 - src.train_pipeline - INFO - Training completed successfully!
2025-09-04 19:56:41,179 - src.train_pipeline - INFO - Initialized MLPipeline for auto task
2025-09-04 19:56:41,181 - src.train_pipeline - INFO - Starting training for outcome with model: xgboost, feature selection: rfe with 60 features
2025-09-04 19:56:41,182 - src.train_pipeline - INFO - Preparing data with target column: outcome
2025-09-04 19:56:41,218 - src.train_pipeline - INFO - Filtered to 36682 completed matches
2025-09-04 19:56:41,271 - src.train_pipeline - INFO - Sorted data chronologically by date
2025-09-04 19:56:41,272 - src.train_pipeline - INFO - Auto-detected task type: classification
2025-09-04 19:56:41,280 - src.train_pipeline - INFO - Encoded classes: {'away_win': 0, 'draw': 1, 'home_win': 2}
2025-09-04 19:56:41,281 - src.train_pipeline - INFO - Preparing features...
2025-09-04 19:56:41,332 - src.train_pipeline - INFO - Removed 40 potential leakage columns
2025-09-04 19:56:41,502 - src.train_pipeline - INFO - Feature preparation complete. Final features: 134
2025-09-04 19:56:41,502 - src.train_pipeline - INFO - Data preparation complete. Features: 134, Samples: 36682
2025-09-04 19:56:41,508 - src.train_pipeline - INFO - Time Series Split - Training: 29346, Holdout: 7336
2025-09-04 19:56:41,509 - src.train_pipeline - INFO - Building pipeline for xgboost with rfe feature selection
2025-09-04 19:56:41,563 - src.train_pipeline - INFO - Numerical features: 134, Categorical features: 0
2025-09-04 19:56:41,564 - src.train_pipeline - INFO - No categorical features found. Skipping OneHotEncoder.
2025-09-04 19:56:41,564 - src.train_pipeline - INFO - Selected model class: xgboost for classification
2025-09-04 19:56:41,565 - src.train_pipeline - INFO - Using feature selection method: rfe with top 60 features
2025-09-04 19:56:41,565 - src.train_pipeline - INFO - Retrieved parameters for model: xgboost
2025-09-04 19:56:41,565 - src.train_pipeline - INFO - Selected model class: xgboost for classification
2025-09-04 19:56:41,565 - src.train_pipeline - INFO - Starting cross-validation...
2025-09-04 19:56:41,566 - src.train_pipeline - INFO - Processing fold 1/5
