2025-09-06 18:27:36,108 - src.train_pipeline - INFO - Starting training for outcome with model: xgboost, feature selection: rfe with 60 features
2025-09-06 18:27:36,108 - src.train_pipeline - INFO - Preparing data with target column: outcome
2025-09-06 18:27:36,136 - src.train_pipeline - INFO - Filtered to 36682 completed matches
2025-09-06 18:27:36,174 - src.train_pipeline - INFO - Sorted data chronologically by date
2025-09-06 18:27:36,175 - src.train_pipeline - INFO - Auto-detected task type: classification
2025-09-06 18:27:36,183 - src.train_pipeline - INFO - Encoded classes: {'away_win': 0, 'draw': 1, 'home_win': 2}
2025-09-06 18:27:36,183 - src.train_pipeline - INFO - Preparing features...
2025-09-06 18:27:36,228 - src.train_pipeline - INFO - Removed 40 potential leakage columns
2025-09-06 18:27:36,479 - src.train_pipeline - INFO - Feature preparation complete. Final features: 134
2025-09-06 18:27:36,479 - src.train_pipeline - INFO - Data preparation complete. Features: 134, Samples: 36682
2025-09-06 18:27:36,487 - src.train_pipeline - INFO - Time Series Split - Training: 29346, Holdout: 7336
2025-09-06 18:27:36,487 - src.train_pipeline - INFO - Building pipeline for xgboost with rfe feature selection
2025-09-06 18:27:36,557 - src.train_pipeline - INFO - Numerical features: 134, Categorical features: 0
2025-09-06 18:27:36,557 - src.train_pipeline - INFO - No categorical features found. Skipping OneHotEncoder.
2025-09-06 18:27:36,557 - src.train_pipeline - INFO - Selected model class: xgboost for classification
2025-09-06 18:27:36,557 - src.train_pipeline - INFO - Using feature selection method: rfe with top 60 features
2025-09-06 18:27:36,557 - src.train_pipeline - INFO - Selected model class: xgboost for classification
2025-09-06 18:27:36,558 - src.train_pipeline - INFO - Retrieved parameters for model: xgboost
2025-09-06 18:27:36,558 - src.train_pipeline - INFO - Starting cross-validation...
2025-09-06 18:27:36,558 - src.train_pipeline - INFO - Processing fold 1/5
2025-09-06 18:27:51,273 - src.train_pipeline - INFO - Draw recall: 0.3853
2025-09-06 18:27:51,314 - src.train_pipeline - INFO - Fold 1 - Test Accuracy: 0.6868 - F1 Macro: 0.6499
2025-09-06 18:27:51,317 - src.train_pipeline - INFO - Processing fold 2/5
