2025-09-03 21:28:01,231 - src.train_pipeline - INFO - Starting training with model: xgboost, feature selection: rfe with 60 features
2025-09-03 21:28:01,231 - src.train_pipeline - INFO - Preparing data with target column: total_goals
2025-09-03 21:28:01,237 - src.train_pipeline - INFO - Filtered to 7719 completed matches
2025-09-03 21:28:01,243 - src.train_pipeline - INFO - Sorted data chronologically by date
2025-09-03 21:28:01,245 - src.train_pipeline - INFO - Auto-detected task type: classification
2025-09-03 21:28:01,246 - src.train_pipeline - INFO - Encoded classes: {0.0: 0, 1.0: 1, 2.0: 2, 3.0: 3, 4.0: 4, 5.0: 5, 6.0: 6, 7.0: 7, 8.0: 8, 9.0: 9, 10.0: 10, 11.0: 11, 12.0: 12}
2025-09-03 21:28:01,247 - src.train_pipeline - INFO - Preparing features...
2025-09-03 21:28:01,253 - src.train_pipeline - INFO - Removed 36 potential leakage columns
2025-09-03 21:28:01,303 - src.train_pipeline - INFO - Feature preparation complete. Final features: 50
2025-09-03 21:28:01,304 - src.train_pipeline - INFO - Data preparation complete. Features: 50, Samples: 7719
2025-09-03 21:28:01,305 - src.train_pipeline - INFO - Time Series Split - Training: 6176, Holdout: 1543
2025-09-03 21:28:01,306 - src.train_pipeline - INFO - Building pipeline for xgboost with rfe feature selection
2025-09-03 21:28:01,310 - src.train_pipeline - INFO - Numerical features: 49, Categorical features: 1
2025-09-03 21:28:01,311 - src.train_pipeline - INFO - Selected model class: xgboost for classification
2025-09-03 21:28:01,311 - src.train_pipeline - INFO - Using feature selection method: rfe with top 60 features
2025-09-03 21:28:01,311 - src.train_pipeline - INFO - Retrieved parameters for model: xgboost
2025-09-03 21:28:01,312 - src.train_pipeline - INFO - Selected model class: xgboost for classification
2025-09-03 21:28:01,312 - src.train_pipeline - INFO - Starting cross-validation...
2025-09-03 21:28:01,312 - src.train_pipeline - INFO - Processing fold 1/5
2025-09-03 21:28:01,382 - src.train_pipeline - INFO - Processing fold 2/5
2025-09-03 21:28:01,436 - src.train_pipeline - INFO - Processing fold 3/5
2025-09-03 21:28:01,495 - src.train_pipeline - INFO - Processing fold 4/5
2025-09-03 21:28:01,555 - src.train_pipeline - INFO - Processing fold 5/5
2025-09-03 21:28:01,612 - src.train_pipeline - INFO - Training final model on full training period...
