2025-09-06 17:09:39,084 - src.train_pipeline - INFO - Starting training for outcome with model: xgboost, feature selection: rfe with 60 features
2025-09-06 17:09:39,084 - src.train_pipeline - INFO - Preparing data with target column: outcome
2025-09-06 17:09:39,122 - src.train_pipeline - INFO - Filtered to 36682 completed matches
2025-09-06 17:09:39,174 - src.train_pipeline - INFO - Sorted data chronologically by date
2025-09-06 17:09:39,175 - src.train_pipeline - INFO - Auto-detected task type: classification
2025-09-06 17:09:39,183 - src.train_pipeline - INFO - Encoded classes: {'away_win': 0, 'draw': 1, 'home_win': 2}
2025-09-06 17:09:39,183 - src.train_pipeline - INFO - Preparing features...
2025-09-06 17:09:39,238 - src.train_pipeline - INFO - Removed 40 potential leakage columns
2025-09-06 17:09:39,466 - src.train_pipeline - INFO - Feature preparation complete. Final features: 134
2025-09-06 17:09:39,466 - src.train_pipeline - INFO - Data preparation complete. Features: 134, Samples: 36682
2025-09-06 17:09:39,473 - src.train_pipeline - INFO - Time Series Split - Training: 29346, Holdout: 7336
2025-09-06 17:09:39,473 - src.train_pipeline - INFO - Building pipeline for xgboost with rfe feature selection
2025-09-06 17:09:39,553 - src.train_pipeline - INFO - Numerical features: 134, Categorical features: 0
2025-09-06 17:09:39,553 - src.train_pipeline - INFO - No categorical features found. Skipping OneHotEncoder.
2025-09-06 17:09:39,554 - src.train_pipeline - INFO - Selected model class: xgboost for classification
2025-09-06 17:09:39,554 - src.train_pipeline - INFO - Using feature selection method: rfe with top 60 features
2025-09-06 17:09:39,554 - src.train_pipeline - INFO - Selected model class: xgboost for classification
2025-09-06 17:09:39,554 - src.train_pipeline - INFO - Retrieved parameters for model: xgboost
2025-09-06 17:09:39,554 - src.train_pipeline - INFO - Standard pipeline created
2025-09-06 17:09:39,554 - src.train_pipeline - INFO - Starting cross-validation...
2025-09-06 17:09:39,554 - src.train_pipeline - INFO - Processing fold 1/5
2025-09-06 17:10:00,353 - src.train_pipeline - INFO - Fold 1 - Test Accuracy: 0.6868 - F1 Macro: 0.6499
2025-09-06 17:10:00,355 - src.train_pipeline - INFO - Processing fold 2/5
2025-09-06 17:10:35,646 - src.train_pipeline - INFO - Fold 2 - Test Accuracy: 0.7003 - F1 Macro: 0.6599
2025-09-06 17:10:35,648 - src.train_pipeline - INFO - Processing fold 3/5
2025-09-06 17:11:23,138 - src.train_pipeline - INFO - Fold 3 - Test Accuracy: 0.7142 - F1 Macro: 0.6805
2025-09-06 17:11:23,141 - src.train_pipeline - INFO - Processing fold 4/5
2025-09-06 17:12:18,057 - src.train_pipeline - INFO - Fold 4 - Test Accuracy: 0.7183 - F1 Macro: 0.6823
2025-09-06 17:12:18,062 - src.train_pipeline - INFO - Processing fold 5/5
