2025-09-04 19:57:19,729 - src.train_pipeline - INFO - Starting training for outcome with model: xgboost, feature selection: rfe with 60 features
2025-09-04 19:57:19,729 - src.train_pipeline - INFO - Preparing data with target column: outcome
2025-09-04 19:57:19,769 - src.train_pipeline - INFO - Filtered to 36682 completed matches
2025-09-04 19:57:19,822 - src.train_pipeline - INFO - Sorted data chronologically by date
2025-09-04 19:57:19,823 - src.train_pipeline - INFO - Auto-detected task type: classification
2025-09-04 19:57:19,831 - src.train_pipeline - INFO - Encoded classes: {'away_win': 0, 'draw': 1, 'home_win': 2}
2025-09-04 19:57:19,831 - src.train_pipeline - INFO - Preparing features...
2025-09-04 19:57:19,864 - src.train_pipeline - INFO - Removed 40 potential leakage columns
2025-09-04 19:57:20,040 - src.train_pipeline - INFO - Feature preparation complete. Final features: 134
2025-09-04 19:57:20,040 - src.train_pipeline - INFO - Data preparation complete. Features: 134, Samples: 36682
2025-09-04 19:57:20,047 - src.train_pipeline - INFO - Time Series Split - Training: 29346, Holdout: 7336
2025-09-04 19:57:20,048 - src.train_pipeline - INFO - Building pipeline for xgboost with rfe feature selection
2025-09-04 19:57:20,117 - src.train_pipeline - INFO - Numerical features: 134, Categorical features: 0
2025-09-04 19:57:20,117 - src.train_pipeline - INFO - No categorical features found. Skipping OneHotEncoder.
2025-09-04 19:57:20,117 - src.train_pipeline - INFO - Selected model class: xgboost for classification
2025-09-04 19:57:20,117 - src.train_pipeline - INFO - Using feature selection method: rfe with top 60 features
2025-09-04 19:57:20,117 - src.train_pipeline - INFO - Retrieved parameters for model: xgboost
2025-09-04 19:57:20,118 - src.train_pipeline - INFO - Selected model class: xgboost for classification
2025-09-04 19:57:20,118 - src.train_pipeline - INFO - Starting cross-validation...
2025-09-04 19:57:20,118 - src.train_pipeline - INFO - Processing fold 1/5
2025-09-04 19:57:37,823 - src.train_pipeline - INFO - Fold 1 - Test Accuracy: 0.6868 - F1 Macro: 0.6499
2025-09-04 19:57:37,825 - src.train_pipeline - INFO - Processing fold 2/5
2025-09-04 19:58:07,124 - src.train_pipeline - INFO - Fold 2 - Test Accuracy: 0.7003 - F1 Macro: 0.6599
2025-09-04 19:58:07,127 - src.train_pipeline - INFO - Processing fold 3/5
2025-09-04 19:58:50,358 - src.train_pipeline - INFO - Fold 3 - Test Accuracy: 0.7142 - F1 Macro: 0.6805
2025-09-04 19:58:50,361 - src.train_pipeline - INFO - Processing fold 4/5
2025-09-04 19:59:47,926 - src.train_pipeline - INFO - Fold 4 - Test Accuracy: 0.7183 - F1 Macro: 0.6823
2025-09-04 19:59:47,931 - src.train_pipeline - INFO - Processing fold 5/5
2025-09-04 20:00:52,664 - src.train_pipeline - INFO - Fold 5 - Test Accuracy: 0.7191 - F1 Macro: 0.6767
2025-09-04 20:00:52,669 - src.train_pipeline - INFO - Training final model on full training period...
2025-09-04 20:02:07,957 - src.train_pipeline - INFO - Evaluating on holdout period...
2025-09-04 20:02:08,030 - src.train_pipeline - INFO - Holdout Accuracy: 0.6990
2025-09-04 20:02:08,030 - src.train_pipeline - INFO - Saving model artifacts...
2025-09-04 20:02:08,076 - src.train_pipeline - INFO - Artifacts saved successfully!
2025-09-04 20:02:08,076 - src.train_pipeline - INFO - Generating basic visualizations...
2025-09-04 20:02:08,326 - src.train_pipeline - ERROR - Pipeline prediction failed: 'TrainPipeline' object has no attribute 'predict'
2025-09-04 20:02:08,327 - src.train_pipeline - ERROR - Manual prediction also failed: 'TrainPipeline' object has no attribute 'steps'
2025-09-04 20:02:09,253 - src.train_pipeline - INFO - Training completed successfully!
2025-09-04 20:07:05,274 - src.train_pipeline - INFO - Initialized MLPipeline for auto task
2025-09-04 20:07:05,277 - src.train_pipeline - INFO - Starting training for outcome with model: xgboost, feature selection: rfe with 60 features
2025-09-04 20:07:05,278 - src.train_pipeline - INFO - Preparing data with target column: outcome
2025-09-04 20:07:05,316 - src.train_pipeline - INFO - Filtered to 36682 completed matches
2025-09-04 20:07:05,376 - src.train_pipeline - INFO - Sorted data chronologically by date
2025-09-04 20:07:05,377 - src.train_pipeline - INFO - Auto-detected task type: classification
2025-09-04 20:07:05,389 - src.train_pipeline - INFO - Encoded classes: {'away_win': 0, 'draw': 1, 'home_win': 2}
2025-09-04 20:07:05,389 - src.train_pipeline - INFO - Preparing features...
2025-09-04 20:07:05,441 - src.train_pipeline - INFO - Removed 40 potential leakage columns
