2025-08-29 20:14:12,712 - src.train_pipeline - INFO - Starting training with model: xgboost, feature selection: rfe with 70 features
2025-08-29 20:14:12,712 - src.train_pipeline - INFO - Preparing data with target column: outcome
2025-08-29 20:14:12,727 - src.train_pipeline - INFO - Filtered to 22853 completed matches
2025-08-29 20:14:12,749 - src.train_pipeline - INFO - Sorted data chronologically by date
2025-08-29 20:14:12,749 - src.train_pipeline - INFO - Auto-detected task type: classification
2025-08-29 20:14:12,753 - src.train_pipeline - INFO - Encoded classes: {'away_win': 0, 'draw': 1, 'home_win': 2}
2025-08-29 20:14:12,753 - src.train_pipeline - INFO - Preparing features...
2025-08-29 20:14:12,773 - src.train_pipeline - INFO - Removed 33 potential leakage columns
2025-08-29 20:14:12,894 - src.train_pipeline - INFO - Feature preparation complete. Final features: 132
2025-08-29 20:14:12,894 - src.train_pipeline - INFO - Data preparation complete. Features: 132, Samples: 22853
2025-08-29 20:14:12,898 - src.train_pipeline - INFO - Time Series Split - Training: 18283, Holdout: 4570
2025-08-29 20:14:12,898 - src.train_pipeline - INFO - Using custom class weights: {0: 1.0, 1: 1.2, 2: 1.0}
2025-08-29 20:14:12,901 - src.train_pipeline - INFO - Building pipeline for xgboost with rfe feature selection
2025-08-29 20:14:12,933 - src.train_pipeline - INFO - Numerical features: 132, Categorical features: 0
2025-08-29 20:14:12,934 - src.train_pipeline - INFO - Selected model class: xgboost for classification
2025-08-29 20:14:12,934 - src.train_pipeline - INFO - Using feature selection method: rfe with top 70 features
2025-08-29 20:14:12,934 - src.train_pipeline - INFO - Retrieved parameters for model: xgboost
2025-08-29 20:14:12,934 - src.train_pipeline - INFO - Selected model class: xgboost for classification
2025-08-29 20:14:12,934 - src.train_pipeline - INFO - Starting cross-validation...
2025-08-29 20:14:12,934 - src.train_pipeline - INFO - Processing fold 1/5
2025-08-29 20:14:20,197 - src.train_pipeline - INFO - Fold 1 - Test Accuracy: 0.6948 - F1 Macro: 0.6606
2025-08-29 20:14:20,199 - src.train_pipeline - INFO - Processing fold 2/5
2025-08-29 20:14:31,015 - src.train_pipeline - INFO - Fold 2 - Test Accuracy: 0.7289 - F1 Macro: 0.7053
2025-08-29 20:14:31,017 - src.train_pipeline - INFO - Processing fold 3/5
2025-08-29 20:14:44,838 - src.train_pipeline - INFO - Fold 3 - Test Accuracy: 0.7073 - F1 Macro: 0.6782
2025-08-29 20:14:44,842 - src.train_pipeline - INFO - Processing fold 4/5
2025-08-29 20:15:02,649 - src.train_pipeline - INFO - Fold 4 - Test Accuracy: 0.6830 - F1 Macro: 0.6602
2025-08-29 20:15:02,652 - src.train_pipeline - INFO - Processing fold 5/5
2025-08-29 20:15:22,186 - src.train_pipeline - INFO - Fold 5 - Test Accuracy: 0.7381 - F1 Macro: 0.7070
2025-08-29 20:15:22,192 - src.train_pipeline - INFO - Training final model on full training period...
2025-08-29 20:15:42,335 - src.train_pipeline - INFO - Evaluating on holdout period...
2025-08-29 20:15:42,396 - src.train_pipeline - INFO - Holdout Accuracy: 0.7247
2025-08-29 20:15:42,396 - src.train_pipeline - INFO - Saving model artifacts...
2025-08-29 20:15:42,442 - src.train_pipeline - INFO - Artifacts saved successfully!
2025-08-29 20:15:42,442 - src.train_pipeline - INFO - Training completed successfully!
