2025-08-29 18:40:54,732 - src.train_pipeline - INFO - Starting training with model: xgboost, feature selection: rfe with 700 features
2025-08-29 18:40:54,733 - src.train_pipeline - INFO - Preparing data with target column: outcome
2025-08-29 18:40:54,747 - src.train_pipeline - INFO - Filtered to 22853 completed matches
2025-08-29 18:40:54,774 - src.train_pipeline - INFO - Sorted data chronologically by date
2025-08-29 18:40:54,775 - src.train_pipeline - INFO - Auto-detected task type: classification
2025-08-29 18:40:54,779 - src.train_pipeline - INFO - Encoded classes: {'away_win': 0, 'draw': 1, 'home_win': 2}
2025-08-29 18:40:54,780 - src.train_pipeline - INFO - Preparing features...
2025-08-29 18:40:54,807 - src.train_pipeline - INFO - Removed 33 potential leakage columns
2025-08-29 18:40:54,932 - src.train_pipeline - INFO - Feature preparation complete. Final features: 132
2025-08-29 18:40:54,932 - src.train_pipeline - INFO - Data preparation complete. Features: 132, Samples: 22853
2025-08-29 18:40:54,936 - src.train_pipeline - INFO - Time Series Split - Training: 18283, Holdout: 4570
2025-08-29 18:40:54,936 - src.train_pipeline - INFO - Building pipeline for xgboost with rfe feature selection
2025-08-29 18:40:54,976 - src.train_pipeline - INFO - Numerical features: 132, Categorical features: 0
2025-08-29 18:40:54,976 - src.train_pipeline - INFO - Selected model class: xgboost for classification
2025-08-29 18:40:54,976 - src.train_pipeline - INFO - Using feature selection method: rfe with top 700 features
2025-08-29 18:40:54,976 - src.train_pipeline - INFO - Retrieved parameters for model: xgboost
2025-08-29 18:40:54,976 - src.train_pipeline - INFO - Selected model class: xgboost for classification
2025-08-29 18:40:54,977 - src.train_pipeline - INFO - Starting cross-validation...
2025-08-29 18:40:54,977 - src.train_pipeline - INFO - Processing fold 1/5
2025-08-29 18:40:57,728 - src.train_pipeline - INFO - Fold 1 - Test Accuracy: 0.6925 - F1 Macro: 0.6406
2025-08-29 18:40:57,730 - src.train_pipeline - INFO - Processing fold 2/5
2025-08-29 18:41:01,081 - src.train_pipeline - INFO - Fold 2 - Test Accuracy: 0.7329 - F1 Macro: 0.7017
2025-08-29 18:41:01,083 - src.train_pipeline - INFO - Processing fold 3/5
2025-08-29 18:41:04,893 - src.train_pipeline - INFO - Fold 3 - Test Accuracy: 0.7076 - F1 Macro: 0.6670
2025-08-29 18:41:04,896 - src.train_pipeline - INFO - Processing fold 4/5
2025-08-29 18:41:09,290 - src.train_pipeline - INFO - Fold 4 - Test Accuracy: 0.6833 - F1 Macro: 0.6501
2025-08-29 18:41:09,294 - src.train_pipeline - INFO - Processing fold 5/5
2025-08-29 18:41:16,850 - src.train_pipeline - INFO - Fold 5 - Test Accuracy: 0.7404 - F1 Macro: 0.7008
2025-08-29 18:41:16,854 - src.train_pipeline - INFO - Training final model on full training period...
2025-08-29 18:41:22,445 - src.train_pipeline - INFO - Evaluating on holdout period...
2025-08-29 18:41:22,492 - src.train_pipeline - INFO - Holdout Accuracy: 0.7228
2025-08-29 18:41:22,492 - src.train_pipeline - INFO - Saving model artifacts...
2025-08-29 18:41:22,537 - src.train_pipeline - INFO - Artifacts saved successfully!
2025-08-29 18:41:22,537 - src.train_pipeline - INFO - Training completed successfully!
