2025-09-06 14:46:28,608 - src.train_pipeline - INFO - Starting training for outcome with model: xgboost, feature selection: rfe with 60 features
2025-09-06 14:46:28,608 - src.train_pipeline - INFO - Preparing data with target column: outcome
2025-09-06 14:46:28,636 - src.train_pipeline - INFO - Filtered to 36682 completed matches
2025-09-06 14:46:28,677 - src.train_pipeline - INFO - Sorted data chronologically by date
2025-09-06 14:46:28,678 - src.train_pipeline - INFO - Auto-detected task type: classification
2025-09-06 14:46:28,685 - src.train_pipeline - INFO - Encoded classes: {'away_win': 0, 'draw': 1, 'home_win': 2}
2025-09-06 14:46:28,686 - src.train_pipeline - INFO - Preparing features...
2025-09-06 14:46:28,729 - src.train_pipeline - INFO - Removed 40 potential leakage columns
2025-09-06 14:46:28,923 - src.train_pipeline - INFO - Feature preparation complete. Final features: 134
2025-09-06 14:46:28,923 - src.train_pipeline - INFO - Data preparation complete. Features: 134, Samples: 36682
2025-09-06 14:46:28,929 - src.train_pipeline - INFO - Time Series Split - Training: 29346, Holdout: 7336
2025-09-06 14:46:28,935 - src.train_pipeline - INFO - Class imbalance handling: smote
2025-09-06 14:46:28,935 - src.train_pipeline - INFO - Class distribution: {0: 9302, 1: 7466, 2: 12578}
2025-09-06 14:46:28,935 - src.train_pipeline - INFO - Building pipeline for xgboost with rfe feature selection
2025-09-06 14:46:29,011 - src.train_pipeline - INFO - Numerical features: 134, Categorical features: 0
2025-09-06 14:46:29,011 - src.train_pipeline - INFO - No categorical features found. Skipping OneHotEncoder.
2025-09-06 14:46:29,011 - src.train_pipeline - INFO - Selected model class: xgboost for classification
2025-09-06 14:46:29,011 - src.train_pipeline - INFO - Using feature selection method: rfe with top 60 features
2025-09-06 14:46:29,012 - src.train_pipeline - INFO - Selected model class: xgboost for classification
2025-09-06 14:46:29,012 - src.train_pipeline - INFO - Retrieved parameters for model: xgboost
2025-09-06 14:46:29,012 - src.train_pipeline - INFO - Removed class_weight parameter due to SMOTE usage
2025-09-06 14:46:29,012 - src.train_pipeline - INFO - Starting cross-validation...
2025-09-06 14:46:29,012 - src.train_pipeline - INFO - Processing fold 1/5
2025-09-06 14:46:29,029 - src.train_pipeline - INFO - Using SMOTE oversampling - sample weights disabled to avoid size mismatch
2025-09-06 14:46:29,037 - src.train_pipeline - WARNING - SMOTE oversampling failed: The {'0', '1', '2'} target class is/are not present in the data.
2025-09-06 14:46:44,782 - src.train_pipeline - INFO - Fold 1 - Test Accuracy: 0.6798 - F1 Macro: 0.6582
2025-09-06 14:46:44,784 - src.train_pipeline - INFO - Processing fold 2/5
2025-09-06 14:46:44,807 - src.train_pipeline - INFO - Using SMOTE oversampling - sample weights disabled to avoid size mismatch
2025-09-06 14:46:44,820 - src.train_pipeline - WARNING - SMOTE oversampling failed: The {'0', '1', '2'} target class is/are not present in the data.
2025-09-06 14:47:12,623 - src.train_pipeline - INFO - Fold 2 - Test Accuracy: 0.6909 - F1 Macro: 0.6625
2025-09-06 14:47:12,626 - src.train_pipeline - INFO - Processing fold 3/5
2025-09-06 14:47:12,658 - src.train_pipeline - INFO - Using SMOTE oversampling - sample weights disabled to avoid size mismatch
2025-09-06 14:47:12,674 - src.train_pipeline - WARNING - SMOTE oversampling failed: The {'0', '1', '2'} target class is/are not present in the data.
