2025-09-05 16:32:12,217 - src.train_pipeline - INFO - Starting training for outcome with model: xgboost, feature selection: rfe with 60 features
2025-09-05 16:32:12,217 - src.train_pipeline - INFO - Preparing data with target column: outcome
2025-09-05 16:32:12,249 - src.train_pipeline - INFO - Filtered to 36682 completed matches
2025-09-05 16:32:12,301 - src.train_pipeline - INFO - Sorted data chronologically by date
2025-09-05 16:32:12,302 - src.train_pipeline - INFO - Auto-detected task type: classification
2025-09-05 16:32:12,311 - src.train_pipeline - INFO - Encoded classes: {'away_win': 0, 'draw': 1, 'home_win': 2}
2025-09-05 16:32:12,311 - src.train_pipeline - INFO - Preparing features...
2025-09-05 16:32:12,362 - src.train_pipeline - INFO - Removed 40 potential leakage columns
2025-09-05 16:32:12,564 - src.train_pipeline - INFO - Feature preparation complete. Final features: 134
2025-09-05 16:32:12,565 - src.train_pipeline - INFO - Data preparation complete. Features: 134, Samples: 36682
2025-09-05 16:32:12,580 - src.train_pipeline - INFO - Time Series Split - Training: 29346, Holdout: 7336
2025-09-05 16:32:12,580 - src.train_pipeline - INFO - Building pipeline for xgboost with rfe feature selection
2025-09-05 16:32:12,680 - src.train_pipeline - INFO - Numerical features: 134, Categorical features: 0
2025-09-05 16:32:12,680 - src.train_pipeline - INFO - No categorical features found. Skipping OneHotEncoder.
2025-09-05 16:32:12,680 - src.train_pipeline - INFO - Selected model class: xgboost for classification
2025-09-05 16:32:12,681 - src.train_pipeline - INFO - Using feature selection method: rfe with top 60 features
2025-09-05 16:32:12,681 - src.train_pipeline - INFO - Retrieved parameters for model: xgboost
2025-09-05 16:32:12,681 - src.train_pipeline - INFO - Selected model class: xgboost for classification
2025-09-05 16:32:12,681 - src.train_pipeline - INFO - Starting cross-validation...
2025-09-05 16:32:12,681 - src.train_pipeline - INFO - Processing fold 1/5
2025-09-05 16:32:31,837 - src.train_pipeline - INFO - Fold 1 - Test Accuracy: 0.6868 - F1 Macro: 0.6499
2025-09-05 16:32:31,840 - src.train_pipeline - INFO - Processing fold 2/5
2025-09-05 16:32:59,250 - src.train_pipeline - INFO - Fold 2 - Test Accuracy: 0.7003 - F1 Macro: 0.6599
2025-09-05 16:32:59,253 - src.train_pipeline - INFO - Processing fold 3/5
2025-09-05 16:33:38,668 - src.train_pipeline - INFO - Fold 3 - Test Accuracy: 0.7142 - F1 Macro: 0.6805
2025-09-05 16:33:38,671 - src.train_pipeline - INFO - Processing fold 4/5
2025-09-05 16:34:28,377 - src.train_pipeline - INFO - Fold 4 - Test Accuracy: 0.7183 - F1 Macro: 0.6823
2025-09-05 16:34:28,382 - src.train_pipeline - INFO - Processing fold 5/5
2025-09-05 16:35:31,613 - src.train_pipeline - INFO - Fold 5 - Test Accuracy: 0.7191 - F1 Macro: 0.6767
2025-09-05 16:35:31,617 - src.train_pipeline - INFO - Training final model on full training period...
2025-09-05 16:36:45,463 - src.train_pipeline - INFO - Evaluating on holdout period...
2025-09-05 16:36:45,535 - src.train_pipeline - INFO - Holdout Accuracy: 0.6990
2025-09-05 16:36:45,535 - src.train_pipeline - INFO - Saving model artifacts...
2025-09-05 16:36:45,578 - src.train_pipeline - INFO - Artifacts saved successfully!
