2025-09-04 18:46:17,720 - src.train_pipeline - INFO - Starting training for outcome with model: xgboost, feature selection: rfe with 60 features
2025-09-04 18:46:17,720 - src.train_pipeline - INFO - Preparing data with target column: outcome
2025-09-04 18:46:17,748 - src.train_pipeline - INFO - Filtered to 36682 completed matches
2025-09-04 18:46:17,795 - src.train_pipeline - INFO - Sorted data chronologically by date
2025-09-04 18:46:17,796 - src.train_pipeline - INFO - Auto-detected task type: classification
2025-09-04 18:46:17,806 - src.train_pipeline - INFO - Encoded classes: {'away_win': 0, 'draw': 1, 'home_win': 2}
2025-09-04 18:46:17,806 - src.train_pipeline - INFO - Preparing features...
2025-09-04 18:46:17,843 - src.train_pipeline - INFO - Removed 40 potential leakage columns
2025-09-04 18:46:18,038 - src.train_pipeline - INFO - Feature preparation complete. Final features: 134
2025-09-04 18:46:18,038 - src.train_pipeline - INFO - Data preparation complete. Features: 134, Samples: 36682
2025-09-04 18:46:18,045 - src.train_pipeline - INFO - Time Series Split - Training: 29346, Holdout: 7336
2025-09-04 18:46:18,046 - src.train_pipeline - INFO - Building pipeline for xgboost with rfe feature selection
2025-09-04 18:46:18,111 - src.train_pipeline - INFO - Numerical features: 134, Categorical features: 0
2025-09-04 18:46:18,111 - src.train_pipeline - INFO - Selected model class: xgboost for classification
2025-09-04 18:46:18,112 - src.train_pipeline - INFO - Using feature selection method: rfe with top 60 features
2025-09-04 18:46:18,112 - src.train_pipeline - INFO - Retrieved parameters for model: xgboost
2025-09-04 18:46:18,112 - src.train_pipeline - INFO - Selected model class: xgboost for classification
2025-09-04 18:46:18,112 - src.train_pipeline - INFO - Starting cross-validation...
2025-09-04 18:46:18,112 - src.train_pipeline - INFO - Processing fold 1/5
2025-09-04 18:46:33,063 - src.train_pipeline - INFO - Fold 1 - Test Accuracy: 0.6868 - F1 Macro: 0.6499
2025-09-04 18:46:33,066 - src.train_pipeline - INFO - Processing fold 2/5
2025-09-04 18:47:05,089 - src.train_pipeline - INFO - Fold 2 - Test Accuracy: 0.7003 - F1 Macro: 0.6599
2025-09-04 18:47:05,094 - src.train_pipeline - INFO - Processing fold 3/5
2025-09-04 18:47:47,593 - src.train_pipeline - INFO - Fold 3 - Test Accuracy: 0.7142 - F1 Macro: 0.6805
2025-09-04 18:47:47,598 - src.train_pipeline - INFO - Processing fold 4/5
