2025-09-06 17:27:00,567 - src.train_pipeline - INFO - Starting training for outcome with model: xgboost, feature selection: rfe with 60 features
2025-09-06 17:27:00,567 - src.train_pipeline - INFO - Preparing data with target column: outcome
2025-09-06 17:27:00,601 - src.train_pipeline - INFO - Filtered to 36682 completed matches
2025-09-06 17:27:00,650 - src.train_pipeline - INFO - Sorted data chronologically by date
2025-09-06 17:27:00,651 - src.train_pipeline - INFO - Auto-detected task type: classification
2025-09-06 17:27:00,658 - src.train_pipeline - INFO - Encoded classes: {'away_win': 0, 'draw': 1, 'home_win': 2}
2025-09-06 17:27:00,658 - src.train_pipeline - INFO - Preparing features...
2025-09-06 17:27:00,714 - src.train_pipeline - INFO - Removed 40 potential leakage columns
2025-09-06 17:27:01,009 - src.train_pipeline - INFO - Feature preparation complete. Final features: 134
2025-09-06 17:27:01,009 - src.train_pipeline - INFO - Data preparation complete. Features: 134, Samples: 36682
2025-09-06 17:27:01,015 - src.train_pipeline - INFO - Time Series Split - Training: 29346, Holdout: 7336
2025-09-06 17:27:01,020 - src.train_pipeline - INFO - Using football class weights: {0: 1.0516018060632122, 1: 3.2755156710420574, 2: 0.7777071076482748}
2025-09-06 17:27:01,021 - src.train_pipeline - INFO - Class imbalance handling: class_weights
2025-09-06 17:27:01,021 - src.train_pipeline - INFO - Class distribution: {0: 9302, 1: 7466, 2: 12578}
2025-09-06 17:27:01,021 - src.train_pipeline - INFO - Building pipeline for xgboost with rfe feature selection
2025-09-06 17:27:01,090 - src.train_pipeline - INFO - Numerical features: 134, Categorical features: 0
2025-09-06 17:27:01,090 - src.train_pipeline - INFO - No categorical features found. Skipping OneHotEncoder.
2025-09-06 17:27:01,090 - src.train_pipeline - INFO - Selected model class: xgboost for classification
2025-09-06 17:27:01,090 - src.train_pipeline - INFO - Using feature selection method: rfe with top 60 features
2025-09-06 17:27:01,091 - src.train_pipeline - INFO - Selected model class: xgboost for classification
2025-09-06 17:27:01,091 - src.train_pipeline - INFO - Retrieved parameters for model: xgboost
2025-09-06 17:27:01,091 - src.train_pipeline - INFO - Set class_weight parameter: {0: 1.0516018060632122, 1: 3.2755156710420574, 2: 0.7777071076482748}
2025-09-06 17:27:01,091 - src.train_pipeline - INFO - Starting cross-validation...
2025-09-06 17:27:01,091 - src.train_pipeline - INFO - Processing fold 1/5
2025-09-06 17:27:01,108 - src.train_pipeline - INFO - Using sample weights for evaluation
2025-09-06 17:27:01,144 - src.train_pipeline - INFO - Processing fold 2/5
2025-09-06 17:27:01,176 - src.train_pipeline - INFO - Using sample weights for evaluation
2025-09-06 17:27:01,187 - src.train_pipeline - INFO - Processing fold 3/5
2025-09-06 17:27:01,218 - src.train_pipeline - INFO - Using sample weights for evaluation
2025-09-06 17:27:01,229 - src.train_pipeline - INFO - Processing fold 4/5
2025-09-06 17:27:01,264 - src.train_pipeline - INFO - Using sample weights for evaluation
2025-09-06 17:27:01,274 - src.train_pipeline - INFO - Processing fold 5/5
2025-09-06 17:27:01,318 - src.train_pipeline - INFO - Using sample weights for evaluation
2025-09-06 17:27:01,328 - src.train_pipeline - INFO - Training final model on full training period...
2025-09-06 17:28:19,197 - src.train_pipeline - INFO - Evaluating on holdout period...
2025-09-06 17:28:19,260 - src.train_pipeline - INFO - Holdout Accuracy: 0.5981
2025-09-06 17:28:19,261 - src.train_pipeline - INFO - Saving model artifacts...
2025-09-06 17:28:19,303 - src.train_pipeline - INFO - Artifacts saved successfully!
2025-09-06 17:28:19,303 - src.train_pipeline - INFO - Generating basic visualizations...
2025-09-06 17:28:22,649 - src.train_pipeline - INFO - Probability plots generated successfully!
2025-09-06 17:28:22,649 - src.train_pipeline - INFO - Basic visualizations generated successfully!
2025-09-06 17:28:22,649 - src.train_pipeline - INFO - Training completed successfully!
