2025-09-01 18:09:53,060 - __main__ - INFO - Starting hierarchical training with model: xgboost
2025-09-01 18:09:53,060 - __main__ - INFO - Preparing data with target column: outcome
2025-09-01 18:09:53,088 - __main__ - INFO - Filtered to 37455 completed matches
2025-09-01 18:09:53,136 - __main__ - INFO - Sorted data chronologically by date
2025-09-01 18:09:53,145 - __main__ - INFO - Encoded classes: {'away_win': 0, 'draw': 1, 'home_win': 2}
2025-09-01 18:09:53,145 - __main__ - INFO - Preparing features...
2025-09-01 18:09:53,187 - __main__ - INFO - Removed 33 potential leakage columns
2025-09-01 18:09:53,365 - __main__ - INFO - Feature preparation complete. Final features: 132
2025-09-01 18:09:53,365 - __main__ - INFO - Data preparation complete. Features: 132, Samples: 37455
2025-09-01 18:09:53,372 - __main__ - INFO - Time Series Split - Training: 22473, Holdout: 14982
2025-09-01 18:09:53,372 - __main__ - INFO - Building pipeline for xgboost with rfe feature selection
2025-09-01 18:09:53,443 - __main__ - INFO - Numerical features: 132, Categorical features: 0
2025-09-01 18:09:53,443 - __main__ - INFO - Selected model class: xgboost for classification
2025-09-01 18:09:53,443 - __main__ - INFO - Using feature selection method: rfe with top 75 features
2025-09-01 18:09:53,443 - __main__ - INFO - Retrieved parameters for model: xgboost
2025-09-01 18:09:53,443 - __main__ - INFO - Selected model class: xgboost for classification
2025-09-01 18:09:53,443 - __main__ - INFO - Starting hierarchical cross-validation...
2025-09-01 18:09:53,444 - __main__ - INFO - Processing fold 1/5
2025-09-01 18:10:03,601 - __main__ - INFO - Fold 1 - Test Accuracy: 0.6211 - F1 Macro: 0.6106
2025-09-01 18:10:03,603 - __main__ - INFO - Processing fold 2/5
2025-09-01 18:10:21,981 - __main__ - INFO - Fold 2 - Test Accuracy: 0.6657 - F1 Macro: 0.6600
2025-09-01 18:10:21,984 - __main__ - INFO - Processing fold 3/5
2025-09-01 18:10:49,673 - __main__ - INFO - Fold 3 - Test Accuracy: 0.6363 - F1 Macro: 0.6331
2025-09-01 18:10:49,677 - __main__ - INFO - Processing fold 4/5
2025-09-01 18:11:25,756 - __main__ - INFO - Fold 4 - Test Accuracy: 0.6951 - F1 Macro: 0.6881
2025-09-01 18:11:25,759 - __main__ - INFO - Processing fold 5/5
2025-09-01 18:12:09,645 - __main__ - INFO - Fold 5 - Test Accuracy: 0.6636 - F1 Macro: 0.6526
2025-09-01 18:12:09,649 - __main__ - INFO - Training final hierarchical model on full training period...
2025-09-01 18:13:05,575 - __main__ - INFO - Evaluating hierarchical model on holdout period...
2025-09-01 18:13:05,697 - __main__ - INFO - Hierarchical Holdout Accuracy: 0.6659
2025-09-01 18:13:05,697 - __main__ - INFO - Hierarchical Draw Recall: 0.6144
2025-09-01 18:13:05,697 - __main__ - INFO - Saving model artifacts...
2025-09-01 18:13:05,732 - __main__ - INFO - Artifacts saved successfully!
2025-09-01 18:13:05,732 - __main__ - INFO - Hierarchical training completed successfully!
