2025-09-04 20:11:19,324 - src.train_pipeline - INFO - Starting training for outcome with model: xgboost, feature selection: rfe with 60 features
2025-09-04 20:11:19,325 - src.train_pipeline - INFO - Preparing data with target column: outcome
2025-09-04 20:11:19,431 - src.train_pipeline - INFO - Filtered to 36682 completed matches
2025-09-04 20:11:19,561 - src.train_pipeline - INFO - Sorted data chronologically by date
2025-09-04 20:11:19,565 - src.train_pipeline - INFO - Auto-detected task type: classification
2025-09-04 20:11:19,592 - src.train_pipeline - INFO - Encoded classes: {'away_win': 0, 'draw': 1, 'home_win': 2}
2025-09-04 20:11:19,593 - src.train_pipeline - INFO - Preparing features...
2025-09-04 20:11:19,751 - src.train_pipeline - INFO - Removed 40 potential leakage columns
2025-09-04 20:11:20,535 - src.train_pipeline - INFO - Feature preparation complete. Final features: 134
2025-09-04 20:11:20,536 - src.train_pipeline - INFO - Data preparation complete. Features: 134, Samples: 36682
2025-09-04 20:11:20,555 - src.train_pipeline - INFO - Time Series Split - Training: 29346, Holdout: 7336
2025-09-04 20:11:20,555 - src.train_pipeline - INFO - Building pipeline for xgboost with rfe feature selection
2025-09-04 20:11:20,770 - src.train_pipeline - INFO - Numerical features: 134, Categorical features: 0
2025-09-04 20:11:20,771 - src.train_pipeline - INFO - No categorical features found. Skipping OneHotEncoder.
2025-09-04 20:11:20,771 - src.train_pipeline - INFO - Selected model class: xgboost for classification
2025-09-04 20:11:20,771 - src.train_pipeline - INFO - Using feature selection method: rfe with top 60 features
2025-09-04 20:11:20,772 - src.train_pipeline - INFO - Retrieved parameters for model: xgboost
2025-09-04 20:11:20,772 - src.train_pipeline - INFO - Selected model class: xgboost for classification
2025-09-04 20:11:20,772 - src.train_pipeline - INFO - Starting cross-validation...
2025-09-04 20:11:20,773 - src.train_pipeline - INFO - Processing fold 1/5
