2025-08-29 18:49:51,328 - src.train_pipeline - INFO - Starting training with model: gradient_boosting, feature selection: rfe with 70 features
2025-08-29 18:49:51,328 - src.train_pipeline - INFO - Preparing data with target column: outcome
2025-08-29 18:49:51,345 - src.train_pipeline - INFO - Filtered to 22853 completed matches
2025-08-29 18:49:51,375 - src.train_pipeline - INFO - Sorted data chronologically by date
2025-08-29 18:49:51,376 - src.train_pipeline - INFO - Auto-detected task type: classification
2025-08-29 18:49:51,380 - src.train_pipeline - INFO - Encoded classes: {'away_win': 0, 'draw': 1, 'home_win': 2}
2025-08-29 18:49:51,380 - src.train_pipeline - INFO - Preparing features...
2025-08-29 18:49:51,412 - src.train_pipeline - INFO - Removed 33 potential leakage columns
2025-08-29 18:49:51,539 - src.train_pipeline - INFO - Feature preparation complete. Final features: 132
2025-08-29 18:49:51,539 - src.train_pipeline - INFO - Data preparation complete. Features: 132, Samples: 22853
2025-08-29 18:49:51,543 - src.train_pipeline - INFO - Time Series Split - Training: 18283, Holdout: 4570
2025-08-29 18:49:51,543 - src.train_pipeline - INFO - Building pipeline for gradient_boosting with rfe feature selection
2025-08-29 18:49:51,594 - src.train_pipeline - INFO - Numerical features: 132, Categorical features: 0
2025-08-29 18:49:51,594 - src.train_pipeline - INFO - Selected model class: gradient_boosting for classification
2025-08-29 18:49:51,595 - src.train_pipeline - INFO - Using feature selection method: rfe with top 70 features
2025-08-29 18:49:51,595 - src.train_pipeline - INFO - Retrieved parameters for model: gradient_boosting
2025-08-29 18:49:51,595 - src.train_pipeline - INFO - Selected model class: gradient_boosting for classification
2025-08-29 18:49:51,595 - src.train_pipeline - INFO - Starting cross-validation...
2025-08-29 18:49:51,595 - src.train_pipeline - INFO - Processing fold 1/5
2025-08-29 18:51:18,034 - src.train_pipeline - INFO - Fold 1 - Test Accuracy: 0.6908 - F1 Macro: 0.6428
2025-08-29 18:51:18,035 - src.train_pipeline - INFO - Processing fold 2/5
2025-08-29 18:54:09,828 - src.train_pipeline - INFO - Fold 2 - Test Accuracy: 0.7286 - F1 Macro: 0.6964
2025-08-29 18:54:09,829 - src.train_pipeline - INFO - Processing fold 3/5
2025-08-29 18:58:25,584 - src.train_pipeline - INFO - Fold 3 - Test Accuracy: 0.7033 - F1 Macro: 0.6677
2025-08-29 18:58:25,587 - src.train_pipeline - INFO - Processing fold 4/5
2025-08-29 19:04:03,573 - src.train_pipeline - INFO - Fold 4 - Test Accuracy: 0.6754 - F1 Macro: 0.6429
2025-08-29 19:04:03,575 - src.train_pipeline - INFO - Processing fold 5/5
2025-08-29 19:11:12,706 - src.train_pipeline - INFO - Fold 5 - Test Accuracy: 0.7253 - F1 Macro: 0.6826
2025-08-29 19:11:12,708 - src.train_pipeline - INFO - Training final model on full training period...
2025-08-29 19:19:47,374 - src.train_pipeline - INFO - Evaluating on holdout period...
2025-08-29 19:19:47,442 - src.train_pipeline - INFO - Holdout Accuracy: 0.7175
2025-08-29 19:19:47,442 - src.train_pipeline - INFO - Saving model artifacts...
2025-08-29 19:19:47,491 - src.train_pipeline - INFO - Artifacts saved successfully!
2025-08-29 19:19:47,491 - src.train_pipeline - INFO - Training completed successfully!
