2025-08-29 21:29:09,230 - src.train_pipeline - INFO - Starting training with model: xgboost, feature selection: rfe with 70 features
2025-08-29 21:29:09,230 - src.train_pipeline - INFO - Preparing data with target column: outcome
2025-08-29 21:29:09,250 - src.train_pipeline - INFO - Filtered to 22853 completed matches
2025-08-29 21:29:09,275 - src.train_pipeline - INFO - Sorted data chronologically by date
2025-08-29 21:29:09,275 - src.train_pipeline - INFO - Auto-detected task type: classification
2025-08-29 21:29:09,282 - src.train_pipeline - INFO - Encoded classes: {'away_win': 0, 'draw': 1, 'home_win': 2}
2025-08-29 21:29:09,282 - src.train_pipeline - INFO - Preparing features...
2025-08-29 21:29:09,302 - src.train_pipeline - INFO - Removed 33 potential leakage columns
2025-08-29 21:29:09,426 - src.train_pipeline - INFO - Feature preparation complete. Final features: 132
2025-08-29 21:29:09,426 - src.train_pipeline - INFO - Data preparation complete. Features: 132, Samples: 22853
2025-08-29 21:29:09,430 - src.train_pipeline - INFO - Time Series Split - Training: 18283, Holdout: 4570
2025-08-29 21:29:09,437 - src.train_pipeline - INFO - Using balanced class weights: {0: 1.0663750364537765, 1: 1.3329687955672207, 2: 0.7621727530431882}
2025-08-29 21:29:09,437 - src.train_pipeline - INFO - Building pipeline for xgboost with rfe feature selection
2025-08-29 21:29:09,474 - src.train_pipeline - INFO - Numerical features: 132, Categorical features: 0
2025-08-29 21:29:09,474 - src.train_pipeline - INFO - Selected model class: xgboost for classification
2025-08-29 21:29:09,475 - src.train_pipeline - INFO - Using feature selection method: rfe with top 70 features
2025-08-29 21:29:09,475 - src.train_pipeline - INFO - Retrieved parameters for model: xgboost
2025-08-29 21:29:09,475 - src.train_pipeline - INFO - Selected model class: xgboost for classification
2025-08-29 21:29:09,475 - src.train_pipeline - INFO - Starting cross-validation...
2025-08-29 21:29:09,475 - src.train_pipeline - INFO - Processing fold 1/5
2025-08-29 21:29:09,489 - src.train_pipeline - INFO - Using oversampling - sample weights disabled to avoid size mismatch
2025-08-29 21:29:09,491 - src.train_pipeline - WARNING - Oversampling failed: With over-sampling methods, the number of samples in a class should be greater or equal to the original number of samples. Originally, there is 727 samples and 0.8 samples are asked.
2025-08-29 21:29:17,579 - src.train_pipeline - INFO - Fold 1 - Test Accuracy: 0.6948 - F1 Macro: 0.6469
2025-08-29 21:29:17,581 - src.train_pipeline - INFO - Processing fold 2/5
2025-08-29 21:29:17,600 - src.train_pipeline - INFO - Using oversampling - sample weights disabled to avoid size mismatch
2025-08-29 21:29:17,602 - src.train_pipeline - WARNING - Oversampling failed: With over-sampling methods, the number of samples in a class should be greater or equal to the original number of samples. Originally, there is 1466 samples and 0.8 samples are asked.
2025-08-29 21:29:33,779 - src.train_pipeline - INFO - Fold 2 - Test Accuracy: 0.7348 - F1 Macro: 0.7040
2025-08-29 21:29:33,781 - src.train_pipeline - INFO - Processing fold 3/5
2025-08-29 21:29:33,806 - src.train_pipeline - INFO - Using oversampling - sample weights disabled to avoid size mismatch
2025-08-29 21:29:33,808 - src.train_pipeline - WARNING - Oversampling failed: With over-sampling methods, the number of samples in a class should be greater or equal to the original number of samples. Originally, there is 2250 samples and 0.8 samples are asked.
2025-08-29 21:29:56,927 - src.train_pipeline - INFO - Fold 3 - Test Accuracy: 0.7063 - F1 Macro: 0.6692
2025-08-29 21:29:56,931 - src.train_pipeline - INFO - Processing fold 4/5
2025-08-29 21:29:56,955 - src.train_pipeline - INFO - Using oversampling - sample weights disabled to avoid size mismatch
2025-08-29 21:29:56,958 - src.train_pipeline - WARNING - Oversampling failed: With over-sampling methods, the number of samples in a class should be greater or equal to the original number of samples. Originally, there is 3024 samples and 0.8 samples are asked.
2025-08-29 21:30:25,309 - src.train_pipeline - INFO - Fold 4 - Test Accuracy: 0.6833 - F1 Macro: 0.6502
2025-08-29 21:30:25,312 - src.train_pipeline - INFO - Processing fold 5/5
2025-08-29 21:30:25,341 - src.train_pipeline - INFO - Using oversampling - sample weights disabled to avoid size mismatch
2025-08-29 21:30:25,344 - src.train_pipeline - WARNING - Oversampling failed: With over-sampling methods, the number of samples in a class should be greater or equal to the original number of samples. Originally, there is 3830 samples and 0.8 samples are asked.
2025-08-29 21:31:00,533 - src.train_pipeline - INFO - Fold 5 - Test Accuracy: 0.7397 - F1 Macro: 0.6995
2025-08-29 21:31:00,537 - src.train_pipeline - INFO - Training final model on full training period...
2025-08-29 21:31:45,177 - src.train_pipeline - INFO - Evaluating on holdout period...
2025-08-29 21:31:45,232 - src.train_pipeline - INFO - Holdout Accuracy: 0.7081
2025-08-29 21:31:45,232 - src.train_pipeline - INFO - Saving model artifacts...
2025-08-29 21:31:45,277 - src.train_pipeline - INFO - Artifacts saved successfully!
2025-08-29 21:31:45,277 - src.train_pipeline - INFO - Training completed successfully!
