2025-09-01 18:38:12,648 - __main__ - INFO - Starting hierarchical training with draw_model: logistic_regression, win_model: random_forest
2025-09-01 18:38:12,648 - __main__ - INFO - Preparing data with target column: outcome
2025-09-01 18:38:12,681 - __main__ - INFO - Filtered to 37455 completed matches
2025-09-01 18:38:12,723 - __main__ - INFO - Sorted data chronologically by date
2025-09-01 18:38:12,732 - __main__ - INFO - Encoded classes: {'away_win': 0, 'draw': 1, 'home_win': 2}
2025-09-01 18:38:12,733 - __main__ - INFO - Preparing features...
2025-09-01 18:38:12,765 - __main__ - INFO - Removed 33 potential leakage columns
2025-09-01 18:38:12,948 - __main__ - INFO - Feature preparation complete. Final features: 132
2025-09-01 18:38:12,949 - __main__ - INFO - Data preparation complete. Features: 132, Samples: 37455
2025-09-01 18:38:12,955 - __main__ - INFO - Time Series Split - Training: 29964, Holdout: 7491
2025-09-01 18:38:12,955 - __main__ - INFO - Building pipeline for random_forest with importance feature selection
2025-09-01 18:38:13,051 - __main__ - INFO - Numerical features: 132, Categorical features: 0
2025-09-01 18:38:13,051 - __main__ - INFO - Selected model class: random_forest for classification
2025-09-01 18:38:13,052 - __main__ - INFO - Using feature selection method: importance with top 30 features
2025-09-01 18:38:13,052 - __main__ - INFO - Retrieved parameters for model: logistic_regression
2025-09-01 18:38:13,052 - __main__ - INFO - Selected model class: logistic_regression for classification
2025-09-01 18:38:13,052 - __main__ - INFO - Retrieved parameters for model: random_forest
2025-09-01 18:38:13,052 - __main__ - INFO - Selected model class: random_forest for classification
2025-09-01 18:38:13,052 - __main__ - INFO - Starting hierarchical cross-validation...
2025-09-01 18:38:13,053 - __main__ - INFO - Processing fold 1/5
2025-09-01 18:38:16,309 - __main__ - INFO - Fold 1 - Test Accuracy: 0.2833 - F1 Macro: 0.1870
2025-09-01 18:38:16,310 - __main__ - INFO - Processing fold 2/5
2025-09-01 18:38:22,377 - __main__ - INFO - Fold 2 - Test Accuracy: 0.2789 - F1 Macro: 0.1857
2025-09-01 18:38:22,378 - __main__ - INFO - Processing fold 3/5
2025-09-01 18:38:32,113 - __main__ - INFO - Fold 3 - Test Accuracy: 0.2994 - F1 Macro: 0.2163
2025-09-01 18:38:32,118 - __main__ - INFO - Processing fold 4/5
2025-09-01 18:38:46,167 - __main__ - INFO - Fold 4 - Test Accuracy: 0.2944 - F1 Macro: 0.2143
2025-09-01 18:38:46,169 - __main__ - INFO - Processing fold 5/5
2025-09-01 18:39:05,372 - __main__ - INFO - Fold 5 - Test Accuracy: 0.2968 - F1 Macro: 0.2211
2025-09-01 18:39:05,374 - __main__ - INFO - Training final hierarchical model on full training period...
