2025-09-06 17:06:14,061 - src.train_pipeline - INFO - Starting training for outcome with model: xgboost, feature selection: rfe with 60 features
2025-09-06 17:06:14,062 - src.train_pipeline - INFO - Preparing data with target column: outcome
2025-09-06 17:06:14,097 - src.train_pipeline - INFO - Filtered to 36682 completed matches
2025-09-06 17:06:14,142 - src.train_pipeline - INFO - Sorted data chronologically by date
2025-09-06 17:06:14,143 - src.train_pipeline - INFO - Auto-detected task type: classification
2025-09-06 17:06:14,152 - src.train_pipeline - INFO - Encoded classes: {'away_win': 0, 'draw': 1, 'home_win': 2}
2025-09-06 17:06:14,152 - src.train_pipeline - INFO - Preparing features...
2025-09-06 17:06:14,199 - src.train_pipeline - INFO - Removed 40 potential leakage columns
2025-09-06 17:06:14,435 - src.train_pipeline - INFO - Feature preparation complete. Final features: 134
2025-09-06 17:06:14,436 - src.train_pipeline - INFO - Data preparation complete. Features: 134, Samples: 36682
2025-09-06 17:06:14,444 - src.train_pipeline - INFO - Time Series Split - Training: 29346, Holdout: 7336
2025-09-06 17:06:14,445 - src.train_pipeline - INFO - Building pipeline for xgboost with rfe feature selection
2025-09-06 17:06:14,554 - src.train_pipeline - INFO - Numerical features: 134, Categorical features: 0
2025-09-06 17:06:14,554 - src.train_pipeline - INFO - No categorical features found. Skipping OneHotEncoder.
2025-09-06 17:06:14,554 - src.train_pipeline - INFO - Selected model class: xgboost for classification
2025-09-06 17:06:14,555 - src.train_pipeline - INFO - Using feature selection method: rfe with top 60 features
2025-09-06 17:06:14,555 - src.train_pipeline - INFO - Selected model class: xgboost for classification
2025-09-06 17:06:14,555 - src.train_pipeline - INFO - Retrieved parameters for model: xgboost
2025-09-06 17:06:14,555 - src.train_pipeline - INFO - Standard pipeline created
2025-09-06 17:06:14,556 - src.train_pipeline - INFO - Starting cross-validation...
2025-09-06 17:06:14,557 - src.train_pipeline - INFO - Processing fold 1/5
