2025-09-01 17:48:27,314 - src.train_pipeline - INFO - Starting hierarchical training with model: xgboost
2025-09-01 17:48:27,315 - src.train_pipeline - INFO - Preparing data with target column: outcome
2025-09-01 17:48:27,344 - src.train_pipeline - INFO - Filtered to 37455 completed matches
2025-09-01 17:48:27,387 - src.train_pipeline - INFO - Sorted data chronologically by date
2025-09-01 17:48:27,395 - src.train_pipeline - INFO - Encoded classes: {'away_win': 0, 'draw': 1, 'home_win': 2}
2025-09-01 17:48:27,395 - src.train_pipeline - INFO - Preparing features...
2025-09-01 17:48:27,436 - src.train_pipeline - INFO - Removed 33 potential leakage columns
2025-09-01 17:48:27,614 - src.train_pipeline - INFO - Feature preparation complete. Final features: 132
2025-09-01 17:48:27,615 - src.train_pipeline - INFO - Data preparation complete. Features: 132, Samples: 37455
2025-09-01 17:48:27,620 - src.train_pipeline - INFO - Time Series Split - Training: 22473, Holdout: 14982
2025-09-01 17:48:27,620 - src.train_pipeline - INFO - Building pipeline for xgboost with rfe feature selection
2025-09-01 17:48:27,686 - src.train_pipeline - INFO - Numerical features: 132, Categorical features: 0
2025-09-01 17:48:27,686 - src.train_pipeline - INFO - Selected model class: xgboost for classification
2025-09-01 17:48:27,686 - src.train_pipeline - INFO - Using feature selection method: rfe with top 75 features
2025-09-01 17:48:27,686 - src.train_pipeline - INFO - Retrieved parameters for model: xgboost
2025-09-01 17:48:27,686 - src.train_pipeline - INFO - Selected model class: xgboost for classification
2025-09-01 17:48:27,686 - src.train_pipeline - INFO - Starting hierarchical cross-validation...
2025-09-01 17:48:27,687 - src.train_pipeline - INFO - Processing fold 1/5
2025-09-01 17:48:38,302 - src.train_pipeline - INFO - Processing fold 2/5
2025-09-01 17:48:58,756 - src.train_pipeline - INFO - Processing fold 3/5
2025-09-01 17:49:29,208 - src.train_pipeline - INFO - Processing fold 4/5
2025-09-01 17:50:08,693 - src.train_pipeline - INFO - Processing fold 5/5
2025-09-01 17:50:52,908 - src.train_pipeline - INFO - Training final hierarchical model on full training period...
