2025-09-05 21:15:20,535 - src.train_pipeline - INFO - Starting training for total_goals with model: xgboost, feature selection: rfe with 60 features
2025-09-05 21:15:20,536 - src.train_pipeline - INFO - Preparing data with target column: total_goals
2025-09-05 21:15:20,552 - src.train_pipeline - INFO - Filtered to 15643 completed matches
2025-09-05 21:15:20,571 - src.train_pipeline - INFO - Sorted data chronologically by date
2025-09-05 21:15:20,572 - src.train_pipeline - INFO - Auto-detected task type: regression
2025-09-05 21:15:20,572 - src.train_pipeline - INFO - Preparing features...
2025-09-05 21:15:20,589 - src.train_pipeline - INFO - Removed 40 potential leakage columns
2025-09-05 21:15:20,712 - src.train_pipeline - INFO - Feature preparation complete. Final features: 134
2025-09-05 21:15:20,712 - src.train_pipeline - INFO - Data preparation complete. Features: 134, Samples: 15643
2025-09-05 21:15:20,715 - src.train_pipeline - INFO - Time Series Split - Training: 12515, Holdout: 3128
2025-09-05 21:15:20,715 - src.train_pipeline - INFO - Building pipeline for xgboost with rfe feature selection
2025-09-05 21:15:20,750 - src.train_pipeline - INFO - Numerical features: 134, Categorical features: 0
2025-09-05 21:15:20,750 - src.train_pipeline - INFO - No categorical features found. Skipping OneHotEncoder.
2025-09-05 21:15:20,751 - src.train_pipeline - INFO - Selected model class: xgboost for regression
2025-09-05 21:15:20,751 - src.train_pipeline - INFO - Using feature selection method: rfe with top 60 features
2025-09-05 21:15:20,751 - src.train_pipeline - INFO - Retrieved parameters for model: xgboost
2025-09-05 21:15:20,751 - src.train_pipeline - INFO - Selected model class: xgboost for regression
2025-09-05 21:15:20,751 - src.train_pipeline - INFO - Starting cross-validation...
2025-09-05 21:15:20,751 - src.train_pipeline - INFO - Processing fold 1/5
2025-09-05 21:15:24,061 - src.train_pipeline - INFO - Fold 1 - Test RMSE: 1.3714 - R²: 0.3067
2025-09-05 21:15:24,063 - src.train_pipeline - INFO - Processing fold 2/5
2025-09-05 21:15:30,160 - src.train_pipeline - INFO - Fold 2 - Test RMSE: 1.1230 - R²: 0.5798
2025-09-05 21:15:30,162 - src.train_pipeline - INFO - Processing fold 3/5
2025-09-05 21:15:38,427 - src.train_pipeline - INFO - Fold 3 - Test RMSE: 1.1658 - R²: 0.5378
2025-09-05 21:15:38,429 - src.train_pipeline - INFO - Processing fold 4/5
2025-09-05 21:15:48,286 - src.train_pipeline - INFO - Fold 4 - Test RMSE: 1.2467 - R²: 0.4654
2025-09-05 21:15:48,288 - src.train_pipeline - INFO - Processing fold 5/5
2025-09-05 21:16:00,838 - src.train_pipeline - INFO - Fold 5 - Test RMSE: 1.0819 - R²: 0.6178
2025-09-05 21:16:00,841 - src.train_pipeline - INFO - Training final model on full training period...
2025-09-05 21:16:15,218 - src.train_pipeline - INFO - Evaluating on holdout period...
2025-09-05 21:16:15,248 - src.train_pipeline - INFO - Holdout RMSE: 1.1489, R²: 0.5175
2025-09-05 21:16:15,248 - src.train_pipeline - INFO - Saving model artifacts...
2025-09-05 21:16:15,276 - src.train_pipeline - INFO - Artifacts saved successfully!
2025-09-05 21:16:15,277 - src.train_pipeline - INFO - Generating basic visualizations...
2025-09-05 21:16:17,965 - src.train_pipeline - INFO - Basic visualizations generated successfully!
2025-09-05 21:16:17,965 - src.train_pipeline - INFO - Training completed successfully!
2025-09-05 21:25:46,373 - src.train_pipeline - INFO - Initialized MLPipeline for auto task
2025-09-05 21:25:46,377 - src.train_pipeline - INFO - Starting training for outcome with model: xgboost, feature selection: rfe with 60 features
2025-09-05 21:25:46,378 - src.train_pipeline - INFO - Preparing data with target column: outcome
2025-09-05 21:25:46,404 - src.train_pipeline - INFO - Filtered to 15643 completed matches
2025-09-05 21:25:46,435 - src.train_pipeline - INFO - Sorted data chronologically by date
2025-09-05 21:25:46,436 - src.train_pipeline - INFO - Auto-detected task type: classification
2025-09-05 21:25:46,441 - src.train_pipeline - INFO - Encoded classes: {'away_win': 0, 'draw': 1, 'home_win': 2}
2025-09-05 21:25:46,441 - src.train_pipeline - INFO - Preparing features...
2025-09-05 21:25:46,463 - src.train_pipeline - INFO - Removed 40 potential leakage columns
2025-09-05 21:25:46,576 - src.train_pipeline - INFO - Feature preparation complete. Final features: 134
2025-09-05 21:25:46,576 - src.train_pipeline - INFO - Data preparation complete. Features: 134, Samples: 15643
2025-09-05 21:25:46,579 - src.train_pipeline - INFO - Time Series Split - Training: 12515, Holdout: 3128
2025-09-05 21:25:46,579 - src.train_pipeline - INFO - Building pipeline for xgboost with rfe feature selection
2025-09-05 21:25:46,602 - src.train_pipeline - INFO - Numerical features: 134, Categorical features: 0
2025-09-05 21:25:46,602 - src.train_pipeline - INFO - No categorical features found. Skipping OneHotEncoder.
2025-09-05 21:25:46,603 - src.train_pipeline - INFO - Selected model class: xgboost for classification
2025-09-05 21:25:46,603 - src.train_pipeline - INFO - Using feature selection method: rfe with top 60 features
2025-09-05 21:25:46,603 - src.train_pipeline - INFO - Retrieved parameters for model: xgboost
2025-09-05 21:25:46,603 - src.train_pipeline - INFO - Selected model class: xgboost for classification
2025-09-05 21:25:46,603 - src.train_pipeline - INFO - Starting cross-validation...
2025-09-05 21:25:46,603 - src.train_pipeline - INFO - Processing fold 1/5
