2025-09-01 18:36:58,511 - src.train_pipeline - INFO - Starting hierarchical training with draw_model: logistic_regression, win_model: random_forest
2025-09-01 18:36:58,511 - src.train_pipeline - INFO - Preparing data with target column: outcome
2025-09-01 18:36:58,541 - src.train_pipeline - INFO - Filtered to 37455 completed matches
2025-09-01 18:36:58,596 - src.train_pipeline - INFO - Sorted data chronologically by date
2025-09-01 18:36:58,606 - src.train_pipeline - INFO - Encoded classes: {'away_win': 0, 'draw': 1, 'home_win': 2}
2025-09-01 18:36:58,606 - src.train_pipeline - INFO - Preparing features...
2025-09-01 18:36:58,655 - src.train_pipeline - INFO - Removed 33 potential leakage columns
2025-09-01 18:36:58,872 - src.train_pipeline - INFO - Feature preparation complete. Final features: 132
2025-09-01 18:36:58,872 - src.train_pipeline - INFO - Data preparation complete. Features: 132, Samples: 37455
2025-09-01 18:36:58,882 - src.train_pipeline - INFO - Time Series Split - Training: 29964, Holdout: 7491
2025-09-01 18:36:58,882 - src.train_pipeline - INFO - Building pipeline for random_forest with importance feature selection
2025-09-01 18:36:58,955 - src.train_pipeline - INFO - Numerical features: 132, Categorical features: 0
2025-09-01 18:36:58,955 - src.train_pipeline - INFO - Selected model class: random_forest for classification
2025-09-01 18:36:58,955 - src.train_pipeline - INFO - Using feature selection method: importance with top 30 features
2025-09-01 18:36:58,955 - src.train_pipeline - INFO - Retrieved parameters for model: logistic_regression
2025-09-01 18:36:58,955 - src.train_pipeline - INFO - Selected model class: logistic_regression for classification
2025-09-01 18:36:58,955 - src.train_pipeline - INFO - Retrieved parameters for model: random_forest
2025-09-01 18:36:58,955 - src.train_pipeline - INFO - Selected model class: random_forest for classification
2025-09-01 18:36:58,955 - src.train_pipeline - INFO - Starting hierarchical cross-validation...
2025-09-01 18:36:58,956 - src.train_pipeline - INFO - Processing fold 1/5
2025-09-01 18:37:02,535 - src.train_pipeline - INFO - Fold 1 - Test Accuracy: 0.2833 - F1 Macro: 0.1870
2025-09-01 18:37:02,537 - src.train_pipeline - INFO - Processing fold 2/5
2025-09-01 18:37:09,759 - src.train_pipeline - INFO - Fold 2 - Test Accuracy: 0.2789 - F1 Macro: 0.1857
2025-09-01 18:37:09,761 - src.train_pipeline - INFO - Processing fold 3/5
2025-09-01 18:37:20,227 - src.train_pipeline - INFO - Fold 3 - Test Accuracy: 0.2994 - F1 Macro: 0.2163
2025-09-01 18:37:20,230 - src.train_pipeline - INFO - Processing fold 4/5
2025-09-01 18:37:33,567 - src.train_pipeline - INFO - Fold 4 - Test Accuracy: 0.2944 - F1 Macro: 0.2143
2025-09-01 18:37:33,571 - src.train_pipeline - INFO - Processing fold 5/5
2025-09-01 18:37:51,836 - src.train_pipeline - INFO - Fold 5 - Test Accuracy: 0.2968 - F1 Macro: 0.2211
2025-09-01 18:37:51,839 - src.train_pipeline - INFO - Training final hierarchical model on full training period...
2025-09-01 18:38:10,859 - src.train_pipeline - INFO - Evaluating hierarchical model on holdout period...
2025-09-01 18:38:11,030 - src.train_pipeline - INFO - Hierarchical Holdout Accuracy: 0.2858
2025-09-01 18:38:11,030 - src.train_pipeline - INFO - Hierarchical Draw Recall: 0.9925
2025-09-01 18:38:11,030 - src.train_pipeline - INFO - Saving model artifacts...
2025-09-01 18:38:11,370 - src.train_pipeline - INFO - Artifacts saved successfully!
2025-09-01 18:38:11,370 - src.train_pipeline - INFO - Hierarchical training completed successfully!
