2025-09-06 14:27:54,924 - src.train_pipeline - INFO - Starting training for outcome with model: xgboost, feature selection: rfe with 60 features
2025-09-06 14:27:54,924 - src.train_pipeline - INFO - Preparing data with target column: outcome
2025-09-06 14:27:54,937 - src.train_pipeline - INFO - Filtered to 15643 completed matches
2025-09-06 14:27:54,954 - src.train_pipeline - INFO - Sorted data chronologically by date
2025-09-06 14:27:54,955 - src.train_pipeline - INFO - Auto-detected task type: classification
2025-09-06 14:27:54,959 - src.train_pipeline - INFO - Encoded classes: {'away_win': 0, 'draw': 1, 'home_win': 2}
2025-09-06 14:27:54,959 - src.train_pipeline - INFO - Preparing features...
2025-09-06 14:27:54,977 - src.train_pipeline - INFO - Removed 40 potential leakage columns
2025-09-06 14:27:55,089 - src.train_pipeline - INFO - Feature preparation complete. Final features: 134
2025-09-06 14:27:55,089 - src.train_pipeline - INFO - Data preparation complete. Features: 134, Samples: 15643
2025-09-06 14:27:55,092 - src.train_pipeline - INFO - Time Series Split - Training: 12515, Holdout: 3128
2025-09-06 14:27:55,093 - src.train_pipeline - INFO - Class imbalance handling: none
2025-09-06 14:27:55,093 - src.train_pipeline - INFO - Class distribution: {0: 3966, 1: 3150, 2: 5399}
2025-09-06 14:27:55,093 - src.train_pipeline - INFO - Building pipeline for xgboost with rfe feature selection
2025-09-06 14:27:55,121 - src.train_pipeline - INFO - Numerical features: 134, Categorical features: 0
2025-09-06 14:27:55,121 - src.train_pipeline - INFO - No categorical features found. Skipping OneHotEncoder.
2025-09-06 14:27:55,121 - src.train_pipeline - INFO - Selected model class: xgboost for classification
2025-09-06 14:27:55,121 - src.train_pipeline - INFO - Using feature selection method: rfe with top 60 features
2025-09-06 14:27:55,122 - src.train_pipeline - INFO - Selected model class: xgboost for classification
2025-09-06 14:27:55,122 - src.train_pipeline - INFO - Retrieved parameters for model: xgboost
2025-09-06 14:27:55,122 - src.train_pipeline - INFO - Starting cross-validation...
2025-09-06 14:27:55,122 - src.train_pipeline - INFO - Processing fold 1/5
2025-09-06 14:28:01,526 - src.train_pipeline - INFO - Fold 1 - Test Accuracy: 0.6600 - F1 Macro: 0.5903
2025-09-06 14:28:01,527 - src.train_pipeline - INFO - Processing fold 2/5
