2025-09-03 21:24:46,205 - src.train_pipeline - INFO - Starting training with model: xgboost, feature selection: rfe with 60 features
2025-09-03 21:24:46,205 - src.train_pipeline - INFO - Preparing data with target column: total_goals
2025-09-03 21:24:46,210 - src.train_pipeline - INFO - Filtered to 7719 completed matches
2025-09-03 21:24:46,218 - src.train_pipeline - INFO - Sorted data chronologically by date
2025-09-03 21:24:46,220 - src.train_pipeline - INFO - Auto-detected task type: classification
2025-09-03 21:24:46,221 - src.train_pipeline - INFO - Encoded classes: {0.0: 0, 1.0: 1, 2.0: 2, 3.0: 3, 4.0: 4, 5.0: 5, 6.0: 6, 7.0: 7, 8.0: 8, 9.0: 9, 10.0: 10, 11.0: 11, 12.0: 12}
2025-09-03 21:24:46,221 - src.train_pipeline - INFO - Preparing features...
2025-09-03 21:24:46,226 - src.train_pipeline - INFO - Removed 36 potential leakage columns
2025-09-03 21:24:46,264 - src.train_pipeline - INFO - Feature preparation complete. Final features: 50
2025-09-03 21:24:46,265 - src.train_pipeline - INFO - Data preparation complete. Features: 50, Samples: 7719
2025-09-03 21:24:46,267 - src.train_pipeline - INFO - Time Series Split - Training: 6176, Holdout: 1543
2025-09-03 21:24:46,267 - src.train_pipeline - INFO - Building pipeline for xgboost with rfe feature selection
2025-09-03 21:24:46,272 - src.train_pipeline - INFO - Numerical features: 49, Categorical features: 1
2025-09-03 21:24:46,272 - src.train_pipeline - INFO - Selected model class: xgboost for classification
2025-09-03 21:24:46,273 - src.train_pipeline - INFO - Using feature selection method: rfe with top 60 features
2025-09-03 21:24:46,273 - src.train_pipeline - INFO - Retrieved parameters for model: xgboost
2025-09-03 21:24:46,273 - src.train_pipeline - INFO - Selected model class: xgboost for classification
2025-09-03 21:24:46,274 - src.train_pipeline - INFO - Starting cross-validation...
2025-09-03 21:24:46,274 - src.train_pipeline - INFO - Processing fold 1/5
2025-09-03 21:24:46,553 - src.train_pipeline - INFO - Processing fold 2/5
2025-09-03 21:24:46,584 - src.train_pipeline - INFO - Processing fold 3/5
2025-09-03 21:24:46,618 - src.train_pipeline - INFO - Processing fold 4/5
2025-09-03 21:24:46,655 - src.train_pipeline - INFO - Processing fold 5/5
2025-09-03 21:24:46,694 - src.train_pipeline - INFO - Training final model on full training period...
