2025-08-28 21:41:28,118 - src.train_pipeline - INFO - Starting training with model: xgboost, feature selection: rfe with 100 features
2025-08-28 21:41:28,118 - src.train_pipeline - INFO - Preparing data with target column: outcome
2025-08-28 21:41:28,124 - src.train_pipeline - INFO - Filtered to 8936 completed matches
2025-08-28 21:41:28,135 - src.train_pipeline - INFO - Sorted data chronologically by date
2025-08-28 21:41:28,135 - src.train_pipeline - INFO - Auto-detected task type: classification
2025-08-28 21:41:28,137 - src.train_pipeline - INFO - Encoded classes: {'away_win': 0, 'draw': 1, 'home_win': 2}
2025-08-28 21:41:28,137 - src.train_pipeline - INFO - Preparing features...
2025-08-28 21:41:28,147 - src.train_pipeline - INFO - Removed 33 potential leakage columns
2025-08-28 21:41:28,250 - src.train_pipeline - INFO - Feature preparation complete. Final features: 154
2025-08-28 21:41:28,250 - src.train_pipeline - INFO - Data preparation complete. Features: 154, Samples: 8936
2025-08-28 21:41:28,252 - src.train_pipeline - INFO - Time Series Split - Training: 7149, Holdout: 1787
2025-08-28 21:41:28,252 - src.train_pipeline - INFO - Building pipeline for xgboost with rfe feature selection
2025-08-28 21:41:28,270 - src.train_pipeline - INFO - Numerical features: 154, Categorical features: 0
2025-08-28 21:41:28,271 - src.train_pipeline - INFO - Selected model class: xgboost for classification
2025-08-28 21:41:28,271 - src.train_pipeline - INFO - Using feature selection method: rfe with top 100 features
2025-08-28 21:41:28,271 - src.train_pipeline - INFO - Retrieved parameters for model: xgboost
2025-08-28 21:41:28,271 - src.train_pipeline - INFO - Selected model class: xgboost for classification
2025-08-28 21:41:28,271 - src.train_pipeline - INFO - Starting cross-validation...
2025-08-28 21:41:28,271 - src.train_pipeline - INFO - Processing fold 1/5
2025-08-28 21:41:32,305 - src.train_pipeline - INFO - Fold 1 - Test Accuracy: 0.7641 - F1 Macro: 0.7039
2025-08-28 21:41:32,307 - src.train_pipeline - INFO - Processing fold 2/5
2025-08-28 21:41:41,898 - src.train_pipeline - INFO - Fold 2 - Test Accuracy: 0.7767 - F1 Macro: 0.7395
2025-08-28 21:41:41,900 - src.train_pipeline - INFO - Processing fold 3/5
2025-08-28 21:41:50,174 - src.train_pipeline - INFO - Fold 3 - Test Accuracy: 0.7515 - F1 Macro: 0.7243
2025-08-28 21:41:50,176 - src.train_pipeline - INFO - Processing fold 4/5
2025-08-28 21:42:00,290 - src.train_pipeline - INFO - Fold 4 - Test Accuracy: 0.7246 - F1 Macro: 0.7022
2025-08-28 21:42:00,292 - src.train_pipeline - INFO - Processing fold 5/5
2025-08-28 21:42:11,487 - src.train_pipeline - INFO - Fold 5 - Test Accuracy: 0.7540 - F1 Macro: 0.7197
2025-08-28 21:42:11,489 - src.train_pipeline - INFO - Training final model on full training period...
2025-08-28 21:42:24,359 - src.train_pipeline - INFO - Evaluating on holdout period...
2025-08-28 21:42:24,395 - src.train_pipeline - INFO - Holdout Accuracy: 0.7308
2025-08-28 21:42:24,395 - src.train_pipeline - INFO - Saving model artifacts...
2025-08-28 21:42:24,440 - src.train_pipeline - INFO - Artifacts saved successfully!
2025-08-28 21:42:24,440 - src.train_pipeline - INFO - Training completed successfully!
