2025-09-01 17:58:39,705 - __main__ - INFO - Starting hierarchical training with model: xgboost
2025-09-01 17:58:39,705 - __main__ - INFO - Preparing data with target column: outcome
2025-09-01 17:58:39,745 - __main__ - INFO - Filtered to 37455 completed matches
2025-09-01 17:58:39,799 - __main__ - INFO - Sorted data chronologically by date
2025-09-01 17:58:39,810 - __main__ - INFO - Encoded classes: {'away_win': 0, 'draw': 1, 'home_win': 2}
2025-09-01 17:58:39,810 - __main__ - INFO - Preparing features...
2025-09-01 17:58:39,854 - __main__ - INFO - Removed 33 potential leakage columns
2025-09-01 17:58:40,046 - __main__ - INFO - Feature preparation complete. Final features: 132
2025-09-01 17:58:40,046 - __main__ - INFO - Data preparation complete. Features: 132, Samples: 37455
2025-09-01 17:58:40,053 - __main__ - INFO - Time Series Split - Training: 22473, Holdout: 14982
2025-09-01 17:58:40,053 - __main__ - INFO - Building pipeline for xgboost with rfe feature selection
2025-09-01 17:58:40,129 - __main__ - INFO - Numerical features: 132, Categorical features: 0
2025-09-01 17:58:40,129 - __main__ - INFO - Selected model class: xgboost for classification
2025-09-01 17:58:40,129 - __main__ - INFO - Using feature selection method: rfe with top 75 features
2025-09-01 17:58:40,129 - __main__ - INFO - Retrieved parameters for model: xgboost
2025-09-01 17:58:40,129 - __main__ - INFO - Selected model class: xgboost for classification
2025-09-01 17:58:40,129 - __main__ - INFO - Starting hierarchical cross-validation...
2025-09-01 17:58:40,130 - __main__ - INFO - Processing fold 1/5
2025-09-01 17:58:51,108 - __main__ - INFO - Fold 1 - Test Accuracy: 0.6569 - F1 Macro: 0.5778
2025-09-01 17:58:51,111 - __main__ - INFO - Processing fold 2/5
2025-09-01 17:59:11,019 - __main__ - INFO - Fold 2 - Test Accuracy: 0.6988 - F1 Macro: 0.6164
2025-09-01 17:59:11,022 - __main__ - INFO - Processing fold 3/5
2025-09-01 17:59:41,444 - __main__ - INFO - Fold 3 - Test Accuracy: 0.6566 - F1 Macro: 0.5500
2025-09-01 17:59:41,446 - __main__ - INFO - Processing fold 4/5
2025-09-01 18:00:18,369 - __main__ - INFO - Fold 4 - Test Accuracy: 0.7239 - F1 Macro: 0.6523
2025-09-01 18:00:18,375 - __main__ - INFO - Processing fold 5/5
2025-09-01 18:01:07,253 - __main__ - INFO - Fold 5 - Test Accuracy: 0.7041 - F1 Macro: 0.6257
2025-09-01 18:01:07,256 - __main__ - INFO - Training final hierarchical model on full training period...
2025-09-01 18:02:01,287 - __main__ - INFO - Evaluating hierarchical model on holdout period...
2025-09-01 18:02:01,421 - __main__ - INFO - Hierarchical Holdout Accuracy: 0.6929
2025-09-01 18:02:01,421 - __main__ - INFO - Hierarchical Draw Recall: 0.1617
2025-09-01 18:02:01,421 - __main__ - INFO - Saving model artifacts...
2025-09-01 18:02:01,457 - __main__ - INFO - Artifacts saved successfully!
2025-09-01 18:02:01,457 - __main__ - INFO - Hierarchical training completed successfully!
