2025-08-29 22:01:46,119 - src.train_pipeline - INFO - Starting training with model: xgboost, feature selection: rfe with 70 features
2025-08-29 22:01:46,119 - src.train_pipeline - INFO - Preparing data with target column: outcome
2025-08-29 22:01:46,135 - src.train_pipeline - INFO - Filtered to 22853 completed matches
2025-08-29 22:01:46,159 - src.train_pipeline - INFO - Sorted data chronologically by date
2025-08-29 22:01:46,159 - src.train_pipeline - INFO - Auto-detected task type: classification
2025-08-29 22:01:46,164 - src.train_pipeline - INFO - Encoded classes: {'away_win': 0, 'draw': 1, 'home_win': 2}
2025-08-29 22:01:46,164 - src.train_pipeline - INFO - Preparing features...
2025-08-29 22:01:46,185 - src.train_pipeline - INFO - Removed 33 potential leakage columns
2025-08-29 22:01:46,306 - src.train_pipeline - INFO - Feature preparation complete. Final features: 132
2025-08-29 22:01:46,306 - src.train_pipeline - INFO - Data preparation complete. Features: 132, Samples: 22853
2025-08-29 22:01:46,310 - src.train_pipeline - INFO - Time Series Split - Training: 18283, Holdout: 4570
2025-08-29 22:01:46,310 - src.train_pipeline - INFO - Using SMOTE - class weights will be disabled for model training
2025-08-29 22:01:46,310 - src.train_pipeline - INFO - Building pipeline for xgboost with rfe feature selection
2025-08-29 22:01:46,348 - src.train_pipeline - INFO - Numerical features: 132, Categorical features: 0
2025-08-29 22:01:46,348 - src.train_pipeline - INFO - Selected model class: xgboost for classification
2025-08-29 22:01:46,348 - src.train_pipeline - INFO - Using feature selection method: rfe with top 70 features
2025-08-29 22:01:46,348 - src.train_pipeline - INFO - Retrieved parameters for model: xgboost
2025-08-29 22:01:46,348 - src.train_pipeline - INFO - Removed class_weight parameter due to SMOTE usage
2025-08-29 22:01:46,348 - src.train_pipeline - INFO - Selected model class: xgboost for classification
2025-08-29 22:01:46,349 - src.train_pipeline - INFO - Starting cross-validation...
2025-08-29 22:01:46,349 - src.train_pipeline - INFO - Processing fold 1/5
2025-08-29 22:01:46,362 - src.train_pipeline - INFO - Using SMOTE oversampling - sample weights disabled to avoid size mismatch
2025-08-29 22:01:46,538 - src.train_pipeline - INFO - SMOTE applied: 4167 samples (from 3048)
2025-08-29 22:01:58,656 - src.train_pipeline - INFO - Fold 1 - Test Accuracy: 0.6885 - F1 Macro: 0.6523
2025-08-29 22:01:58,658 - src.train_pipeline - INFO - Processing fold 2/5
2025-08-29 22:01:58,681 - src.train_pipeline - INFO - Using SMOTE oversampling - sample weights disabled to avoid size mismatch
2025-08-29 22:01:58,815 - src.train_pipeline - INFO - SMOTE applied: 8067 samples (from 6095)
2025-08-29 22:02:22,093 - src.train_pipeline - INFO - Fold 2 - Test Accuracy: 0.7283 - F1 Macro: 0.7055
2025-08-29 22:02:22,097 - src.train_pipeline - INFO - Processing fold 3/5
2025-08-29 22:02:22,120 - src.train_pipeline - INFO - Using SMOTE oversampling - sample weights disabled to avoid size mismatch
2025-08-29 22:02:22,292 - src.train_pipeline - INFO - SMOTE applied: 11922 samples (from 9142)
2025-08-29 22:02:54,952 - src.train_pipeline - INFO - Fold 3 - Test Accuracy: 0.7059 - F1 Macro: 0.6796
2025-08-29 22:02:54,957 - src.train_pipeline - INFO - Processing fold 4/5
2025-08-29 22:02:54,986 - src.train_pipeline - INFO - Using SMOTE oversampling - sample weights disabled to avoid size mismatch
2025-08-29 22:02:55,207 - src.train_pipeline - INFO - SMOTE applied: 15882 samples (from 12189)
2025-08-29 22:03:38,640 - src.train_pipeline - INFO - Fold 4 - Test Accuracy: 0.6754 - F1 Macro: 0.6552
2025-08-29 22:03:38,647 - src.train_pipeline - INFO - Processing fold 5/5
2025-08-29 22:03:38,689 - src.train_pipeline - INFO - Using SMOTE oversampling - sample weights disabled to avoid size mismatch
2025-08-29 22:03:39,022 - src.train_pipeline - INFO - SMOTE applied: 19926 samples (from 15236)
2025-08-29 22:04:36,640 - src.train_pipeline - INFO - Fold 5 - Test Accuracy: 0.7332 - F1 Macro: 0.7032
2025-08-29 22:04:36,648 - src.train_pipeline - INFO - Training final model on full training period...
2025-08-29 22:05:21,897 - src.train_pipeline - INFO - Evaluating on holdout period...
2025-08-29 22:05:21,954 - src.train_pipeline - INFO - Holdout Accuracy: 0.7204
2025-08-29 22:05:21,954 - src.train_pipeline - INFO - Saving model artifacts...
2025-08-29 22:05:22,017 - src.train_pipeline - INFO - Artifacts saved successfully!
2025-08-29 22:05:22,017 - src.train_pipeline - INFO - Training completed successfully!
