2025-09-04 22:38:28,828 - src.train_pipeline - INFO - Starting training for outcome with model: xgboost, feature selection: rfe with 60 features
2025-09-04 22:38:28,828 - src.train_pipeline - INFO - Preparing data with target column: outcome
2025-09-04 22:38:28,854 - src.train_pipeline - INFO - Filtered to 36682 completed matches
2025-09-04 22:38:28,900 - src.train_pipeline - INFO - Sorted data chronologically by date
2025-09-04 22:38:28,901 - src.train_pipeline - INFO - Auto-detected task type: classification
2025-09-04 22:38:28,909 - src.train_pipeline - INFO - Encoded classes: {'away_win': 0, 'draw': 1, 'home_win': 2}
2025-09-04 22:38:28,909 - src.train_pipeline - INFO - Preparing features...
2025-09-04 22:38:28,959 - src.train_pipeline - INFO - Removed 40 potential leakage columns
2025-09-04 22:38:29,179 - src.train_pipeline - INFO - Feature preparation complete. Final features: 134
2025-09-04 22:38:29,179 - src.train_pipeline - INFO - Data preparation complete. Features: 134, Samples: 36682
2025-09-04 22:38:29,185 - src.train_pipeline - INFO - Time Series Split - Training: 29346, Holdout: 7336
2025-09-04 22:38:29,186 - src.train_pipeline - INFO - Building pipeline for xgboost with rfe feature selection
2025-09-04 22:38:29,252 - src.train_pipeline - INFO - Numerical features: 134, Categorical features: 0
2025-09-04 22:38:29,252 - src.train_pipeline - INFO - No categorical features found. Skipping OneHotEncoder.
2025-09-04 22:38:29,252 - src.train_pipeline - INFO - Selected model class: xgboost for classification
2025-09-04 22:38:29,252 - src.train_pipeline - INFO - Using feature selection method: rfe with top 60 features
2025-09-04 22:38:29,252 - src.train_pipeline - INFO - Retrieved parameters for model: xgboost
2025-09-04 22:38:29,252 - src.train_pipeline - INFO - Selected model class: xgboost for classification
2025-09-04 22:38:29,252 - src.train_pipeline - INFO - Starting cross-validation...
2025-09-04 22:38:29,253 - src.train_pipeline - INFO - Processing fold 1/5
2025-09-04 22:38:43,719 - src.train_pipeline - INFO - Fold 1 - Test Accuracy: 0.6868 - F1 Macro: 0.6499
2025-09-04 22:38:43,721 - src.train_pipeline - INFO - Processing fold 2/5
2025-09-04 22:39:09,057 - src.train_pipeline - INFO - Fold 2 - Test Accuracy: 0.7003 - F1 Macro: 0.6599
2025-09-04 22:39:09,060 - src.train_pipeline - INFO - Processing fold 3/5
2025-09-04 22:39:46,617 - src.train_pipeline - INFO - Fold 3 - Test Accuracy: 0.7142 - F1 Macro: 0.6805
2025-09-04 22:39:46,621 - src.train_pipeline - INFO - Processing fold 4/5
2025-09-04 22:40:34,415 - src.train_pipeline - INFO - Fold 4 - Test Accuracy: 0.7183 - F1 Macro: 0.6823
2025-09-04 22:40:34,420 - src.train_pipeline - INFO - Processing fold 5/5
2025-09-04 22:41:33,450 - src.train_pipeline - INFO - Fold 5 - Test Accuracy: 0.7191 - F1 Macro: 0.6767
2025-09-04 22:41:33,456 - src.train_pipeline - INFO - Training final model on full training period...
2025-09-04 22:42:42,633 - src.train_pipeline - INFO - Evaluating on holdout period...
2025-09-04 22:42:42,696 - src.train_pipeline - INFO - Holdout Accuracy: 0.6990
2025-09-04 22:42:42,696 - src.train_pipeline - INFO - Saving model artifacts...
2025-09-04 22:42:42,738 - src.train_pipeline - INFO - Artifacts saved successfully!
2025-09-04 22:42:42,738 - src.train_pipeline - INFO - Generating basic visualizations...
2025-09-04 22:42:46,267 - src.train_pipeline - INFO - Probability plots generated successfully!
2025-09-04 22:42:46,267 - src.train_pipeline - INFO - Basic visualizations generated successfully!
2025-09-04 22:42:46,268 - src.train_pipeline - INFO - Training completed successfully!
2025-09-04 22:51:25,236 - src.train_pipeline - INFO - Initialized MLPipeline for auto task
2025-09-04 22:51:25,238 - src.train_pipeline - INFO - Starting training for outcome with model: xgboost, feature selection: rfe with 60 features
2025-09-04 22:51:25,238 - src.train_pipeline - INFO - Preparing data with target column: outcome
2025-09-04 22:51:25,261 - src.train_pipeline - INFO - Filtered to 36682 completed matches
2025-09-04 22:51:25,302 - src.train_pipeline - INFO - Sorted data chronologically by date
2025-09-04 22:51:25,303 - src.train_pipeline - INFO - Auto-detected task type: classification
2025-09-04 22:51:25,312 - src.train_pipeline - INFO - Encoded classes: {'away_win': 0, 'draw': 1, 'home_win': 2}
2025-09-04 22:51:25,312 - src.train_pipeline - INFO - Preparing features...
2025-09-04 22:51:25,360 - src.train_pipeline - INFO - Removed 40 potential leakage columns
2025-09-04 22:51:25,548 - src.train_pipeline - INFO - Feature preparation complete. Final features: 134
2025-09-04 22:51:25,548 - src.train_pipeline - INFO - Data preparation complete. Features: 134, Samples: 36682
2025-09-04 22:51:25,555 - src.train_pipeline - INFO - Time Series Split - Training: 29346, Holdout: 7336
2025-09-04 22:51:25,555 - src.train_pipeline - INFO - Building pipeline for xgboost with rfe feature selection
2025-09-04 22:51:25,626 - src.train_pipeline - INFO - Numerical features: 134, Categorical features: 0
2025-09-04 22:51:25,626 - src.train_pipeline - INFO - No categorical features found. Skipping OneHotEncoder.
2025-09-04 22:51:25,626 - src.train_pipeline - INFO - Selected model class: xgboost for classification
2025-09-04 22:51:25,626 - src.train_pipeline - INFO - Using feature selection method: rfe with top 60 features
2025-09-04 22:51:25,626 - src.train_pipeline - INFO - Retrieved parameters for model: xgboost
2025-09-04 22:51:25,626 - src.train_pipeline - INFO - Selected model class: xgboost for classification
2025-09-04 22:51:25,627 - src.train_pipeline - INFO - Starting cross-validation...
2025-09-04 22:51:25,627 - src.train_pipeline - INFO - Processing fold 1/5
2025-09-04 22:51:39,730 - src.train_pipeline - INFO - Fold 1 - Test Accuracy: 0.6868 - F1 Macro: 0.6499
2025-09-04 22:51:39,734 - src.train_pipeline - INFO - Processing fold 2/5
2025-09-04 22:52:05,053 - src.train_pipeline - INFO - Fold 2 - Test Accuracy: 0.7003 - F1 Macro: 0.6599
2025-09-04 22:52:05,056 - src.train_pipeline - INFO - Processing fold 3/5
2025-09-04 22:52:42,457 - src.train_pipeline - INFO - Fold 3 - Test Accuracy: 0.7142 - F1 Macro: 0.6805
2025-09-04 22:52:42,461 - src.train_pipeline - INFO - Processing fold 4/5
2025-09-04 22:53:29,858 - src.train_pipeline - INFO - Fold 4 - Test Accuracy: 0.7183 - F1 Macro: 0.6823
2025-09-04 22:53:29,863 - src.train_pipeline - INFO - Processing fold 5/5
2025-09-04 22:54:28,799 - src.train_pipeline - INFO - Fold 5 - Test Accuracy: 0.7191 - F1 Macro: 0.6767
2025-09-04 22:54:28,805 - src.train_pipeline - INFO - Training final model on full training period...
2025-09-04 22:55:38,167 - src.train_pipeline - INFO - Evaluating on holdout period...
2025-09-04 22:55:38,224 - src.train_pipeline - INFO - Holdout Accuracy: 0.6990
2025-09-04 22:55:38,224 - src.train_pipeline - INFO - Saving model artifacts...
2025-09-04 22:55:38,261 - src.train_pipeline - INFO - Artifacts saved successfully!
2025-09-04 22:55:38,262 - src.train_pipeline - INFO - Generating basic visualizations...
2025-09-04 22:55:41,397 - src.train_pipeline - INFO - Probability plots generated successfully!
2025-09-04 22:55:41,398 - src.train_pipeline - INFO - Basic visualizations generated successfully!
2025-09-04 22:55:41,398 - src.train_pipeline - INFO - Training completed successfully!
