2025-09-01 18:06:36,549 - src.train_pipeline - INFO - Starting hierarchical training with model: xgboost
2025-09-01 18:06:36,550 - src.train_pipeline - INFO - Preparing data with target column: outcome
2025-09-01 18:06:36,579 - src.train_pipeline - INFO - Filtered to 37455 completed matches
2025-09-01 18:06:36,623 - src.train_pipeline - INFO - Sorted data chronologically by date
2025-09-01 18:06:36,631 - src.train_pipeline - INFO - Encoded classes: {'away_win': 0, 'draw': 1, 'home_win': 2}
2025-09-01 18:06:36,631 - src.train_pipeline - INFO - Preparing features...
2025-09-01 18:06:36,672 - src.train_pipeline - INFO - Removed 33 potential leakage columns
2025-09-01 18:06:36,848 - src.train_pipeline - INFO - Feature preparation complete. Final features: 132
2025-09-01 18:06:36,849 - src.train_pipeline - INFO - Data preparation complete. Features: 132, Samples: 37455
2025-09-01 18:06:36,856 - src.train_pipeline - INFO - Time Series Split - Training: 22473, Holdout: 14982
2025-09-01 18:06:36,856 - src.train_pipeline - INFO - Building pipeline for xgboost with rfe feature selection
2025-09-01 18:06:36,925 - src.train_pipeline - INFO - Numerical features: 132, Categorical features: 0
2025-09-01 18:06:36,925 - src.train_pipeline - INFO - Selected model class: xgboost for classification
2025-09-01 18:06:36,925 - src.train_pipeline - INFO - Using feature selection method: rfe with top 75 features
2025-09-01 18:06:36,925 - src.train_pipeline - INFO - Retrieved parameters for model: xgboost
2025-09-01 18:06:36,925 - src.train_pipeline - INFO - Selected model class: xgboost for classification
2025-09-01 18:06:36,925 - src.train_pipeline - INFO - Starting hierarchical cross-validation...
2025-09-01 18:06:36,926 - src.train_pipeline - INFO - Processing fold 1/5
2025-09-01 18:06:49,133 - src.train_pipeline - INFO - Fold 1 - Test Accuracy: 0.6211 - F1 Macro: 0.6106
2025-09-01 18:06:49,135 - src.train_pipeline - INFO - Processing fold 2/5
2025-09-01 18:07:08,921 - src.train_pipeline - INFO - Fold 2 - Test Accuracy: 0.6657 - F1 Macro: 0.6600
2025-09-01 18:07:08,923 - src.train_pipeline - INFO - Processing fold 3/5
2025-09-01 18:07:35,995 - src.train_pipeline - INFO - Fold 3 - Test Accuracy: 0.6363 - F1 Macro: 0.6331
2025-09-01 18:07:35,998 - src.train_pipeline - INFO - Processing fold 4/5
2025-09-01 18:08:11,374 - src.train_pipeline - INFO - Fold 4 - Test Accuracy: 0.6951 - F1 Macro: 0.6881
2025-09-01 18:08:11,377 - src.train_pipeline - INFO - Processing fold 5/5
2025-09-01 18:08:58,041 - src.train_pipeline - INFO - Fold 5 - Test Accuracy: 0.6636 - F1 Macro: 0.6526
2025-09-01 18:08:58,046 - src.train_pipeline - INFO - Training final hierarchical model on full training period...
2025-09-01 18:09:52,024 - src.train_pipeline - INFO - Evaluating hierarchical model on holdout period...
2025-09-01 18:09:52,137 - src.train_pipeline - INFO - Hierarchical Holdout Accuracy: 0.6659
2025-09-01 18:09:52,138 - src.train_pipeline - INFO - Hierarchical Draw Recall: 0.6144
2025-09-01 18:09:52,138 - src.train_pipeline - INFO - Saving model artifacts...
2025-09-01 18:09:52,178 - src.train_pipeline - INFO - Artifacts saved successfully!
2025-09-01 18:09:52,179 - src.train_pipeline - INFO - Hierarchical training completed successfully!
