2025-08-29 21:37:29,363 - src.train_pipeline - INFO - Starting training with model: xgboost, feature selection: rfe with 70 features
2025-08-29 21:37:29,363 - src.train_pipeline - INFO - Preparing data with target column: outcome
2025-08-29 21:37:29,377 - src.train_pipeline - INFO - Filtered to 22853 completed matches
2025-08-29 21:37:29,399 - src.train_pipeline - INFO - Sorted data chronologically by date
2025-08-29 21:37:29,400 - src.train_pipeline - INFO - Auto-detected task type: classification
2025-08-29 21:37:29,405 - src.train_pipeline - INFO - Encoded classes: {'away_win': 0, 'draw': 1, 'home_win': 2}
2025-08-29 21:37:29,405 - src.train_pipeline - INFO - Preparing features...
2025-08-29 21:37:29,423 - src.train_pipeline - INFO - Removed 33 potential leakage columns
2025-08-29 21:37:29,551 - src.train_pipeline - INFO - Feature preparation complete. Final features: 132
2025-08-29 21:37:29,551 - src.train_pipeline - INFO - Data preparation complete. Features: 132, Samples: 22853
2025-08-29 21:37:29,555 - src.train_pipeline - INFO - Time Series Split - Training: 18283, Holdout: 4570
2025-08-29 21:37:29,561 - src.train_pipeline - INFO - Using balanced class weights: {0: 1.0663750364537765, 1: 1.3329687955672207, 2: 0.7621727530431882}
2025-08-29 21:37:29,561 - src.train_pipeline - INFO - Building pipeline for xgboost with rfe feature selection
2025-08-29 21:37:29,593 - src.train_pipeline - INFO - Numerical features: 132, Categorical features: 0
2025-08-29 21:37:29,593 - src.train_pipeline - INFO - Selected model class: xgboost for classification
2025-08-29 21:37:29,594 - src.train_pipeline - INFO - Using feature selection method: rfe with top 70 features
2025-08-29 21:37:29,594 - src.train_pipeline - INFO - Retrieved parameters for model: xgboost
2025-08-29 21:37:29,594 - src.train_pipeline - INFO - Selected model class: xgboost for classification
2025-08-29 21:37:29,594 - src.train_pipeline - INFO - Starting cross-validation...
2025-08-29 21:37:29,594 - src.train_pipeline - INFO - Processing fold 1/5
2025-08-29 21:37:29,606 - src.train_pipeline - INFO - Using oversampling - sample weights disabled to avoid size mismatch
2025-08-29 21:37:29,771 - src.train_pipeline - INFO - SMOTE applied: 4167 samples
2025-08-29 21:37:42,216 - src.train_pipeline - INFO - Fold 1 - Test Accuracy: 0.6885 - F1 Macro: 0.6523
2025-08-29 21:37:42,220 - src.train_pipeline - INFO - Processing fold 2/5
2025-08-29 21:37:42,239 - src.train_pipeline - INFO - Using oversampling - sample weights disabled to avoid size mismatch
2025-08-29 21:37:42,387 - src.train_pipeline - INFO - SMOTE applied: 8067 samples
2025-08-29 21:38:05,066 - src.train_pipeline - INFO - Fold 2 - Test Accuracy: 0.7283 - F1 Macro: 0.7055
2025-08-29 21:38:05,071 - src.train_pipeline - INFO - Processing fold 3/5
2025-08-29 21:38:05,092 - src.train_pipeline - INFO - Using oversampling - sample weights disabled to avoid size mismatch
2025-08-29 21:38:05,254 - src.train_pipeline - INFO - SMOTE applied: 11922 samples
2025-08-29 21:38:35,114 - src.train_pipeline - INFO - Fold 3 - Test Accuracy: 0.7059 - F1 Macro: 0.6796
2025-08-29 21:38:35,119 - src.train_pipeline - INFO - Processing fold 4/5
2025-08-29 21:38:35,147 - src.train_pipeline - INFO - Using oversampling - sample weights disabled to avoid size mismatch
2025-08-29 21:38:35,363 - src.train_pipeline - INFO - SMOTE applied: 15882 samples
2025-08-29 21:39:13,848 - src.train_pipeline - INFO - Fold 4 - Test Accuracy: 0.6754 - F1 Macro: 0.6552
2025-08-29 21:39:13,854 - src.train_pipeline - INFO - Processing fold 5/5
2025-08-29 21:39:13,884 - src.train_pipeline - INFO - Using oversampling - sample weights disabled to avoid size mismatch
2025-08-29 21:39:14,138 - src.train_pipeline - INFO - SMOTE applied: 19926 samples
2025-08-29 21:40:05,180 - src.train_pipeline - INFO - Fold 5 - Test Accuracy: 0.7332 - F1 Macro: 0.7032
2025-08-29 21:40:05,187 - src.train_pipeline - INFO - Training final model on full training period...
2025-08-29 21:40:49,727 - src.train_pipeline - INFO - Evaluating on holdout period...
2025-08-29 21:40:49,778 - src.train_pipeline - INFO - Holdout Accuracy: 0.7081
2025-08-29 21:40:49,778 - src.train_pipeline - INFO - Saving model artifacts...
2025-08-29 21:40:49,840 - src.train_pipeline - INFO - Artifacts saved successfully!
2025-08-29 21:40:49,840 - src.train_pipeline - INFO - Training completed successfully!
