2025-09-05 16:25:24,005 - src.train_pipeline - INFO - Starting training for outcome with model: xgboost, feature selection: rfe with 60 features
2025-09-05 16:25:24,006 - src.train_pipeline - INFO - Preparing data with target column: outcome
2025-09-05 16:25:24,045 - src.train_pipeline - INFO - Filtered to 36682 completed matches
2025-09-05 16:25:24,093 - src.train_pipeline - INFO - Sorted data chronologically by date
2025-09-05 16:25:24,094 - src.train_pipeline - INFO - Auto-detected task type: classification
2025-09-05 16:25:24,103 - src.train_pipeline - INFO - Encoded classes: {'away_win': 0, 'draw': 1, 'home_win': 2}
2025-09-05 16:25:24,103 - src.train_pipeline - INFO - Preparing features...
2025-09-05 16:25:24,151 - src.train_pipeline - INFO - Removed 40 potential leakage columns
2025-09-05 16:25:24,330 - src.train_pipeline - INFO - Feature preparation complete. Final features: 134
2025-09-05 16:25:24,330 - src.train_pipeline - INFO - Data preparation complete. Features: 134, Samples: 36682
2025-09-05 16:25:24,336 - src.train_pipeline - INFO - Time Series Split - Training: 29346, Holdout: 7336
2025-09-05 16:25:24,336 - src.train_pipeline - INFO - Building pipeline for xgboost with rfe feature selection
2025-09-05 16:25:24,406 - src.train_pipeline - INFO - Numerical features: 134, Categorical features: 0
2025-09-05 16:25:24,406 - src.train_pipeline - INFO - No categorical features found. Skipping OneHotEncoder.
2025-09-05 16:25:24,406 - src.train_pipeline - INFO - Selected model class: xgboost for classification
2025-09-05 16:25:24,406 - src.train_pipeline - INFO - Using feature selection method: rfe with top 60 features
2025-09-05 16:25:24,406 - src.train_pipeline - INFO - Retrieved parameters for model: xgboost
2025-09-05 16:25:24,406 - src.train_pipeline - INFO - Selected model class: xgboost for classification
2025-09-05 16:25:24,406 - src.train_pipeline - INFO - Starting cross-validation...
2025-09-05 16:25:24,407 - src.train_pipeline - INFO - Processing fold 1/5
2025-09-05 16:25:42,491 - src.train_pipeline - INFO - Fold 1 - Test Accuracy: 0.6868 - F1 Macro: 0.6499
2025-09-05 16:25:42,496 - src.train_pipeline - INFO - Processing fold 2/5
2025-09-05 16:26:18,871 - src.train_pipeline - INFO - Fold 2 - Test Accuracy: 0.7003 - F1 Macro: 0.6599
2025-09-05 16:26:18,874 - src.train_pipeline - INFO - Processing fold 3/5
2025-09-05 16:27:04,809 - src.train_pipeline - INFO - Fold 3 - Test Accuracy: 0.7142 - F1 Macro: 0.6805
2025-09-05 16:27:04,815 - src.train_pipeline - INFO - Processing fold 4/5
2025-09-05 16:27:59,115 - src.train_pipeline - INFO - Fold 4 - Test Accuracy: 0.7183 - F1 Macro: 0.6823
2025-09-05 16:27:59,119 - src.train_pipeline - INFO - Processing fold 5/5
2025-09-05 16:29:01,950 - src.train_pipeline - INFO - Fold 5 - Test Accuracy: 0.7191 - F1 Macro: 0.6767
2025-09-05 16:29:01,955 - src.train_pipeline - INFO - Training final model on full training period...
2025-09-05 16:30:14,609 - src.train_pipeline - INFO - Evaluating on holdout period...
2025-09-05 16:30:14,671 - src.train_pipeline - INFO - Holdout Accuracy: 0.6990
2025-09-05 16:30:14,671 - src.train_pipeline - INFO - Saving model artifacts...
2025-09-05 16:30:14,709 - src.train_pipeline - INFO - Artifacts saved successfully!
2025-09-05 16:30:14,710 - src.train_pipeline - INFO - Generating basic visualizations...
2025-09-05 16:30:15,006 - src.train_pipeline - WARNING - Error getting feature names: All arrays must be of the same length
2025-09-05 16:30:17,373 - src.train_pipeline - INFO - Probability plots generated successfully!
2025-09-05 16:30:17,373 - src.train_pipeline - INFO - Basic visualizations generated successfully!
2025-09-05 16:30:17,373 - src.train_pipeline - INFO - Training completed successfully!
