2025-08-29 19:54:06,710 - src.train_pipeline - INFO - Starting training with model: xgboost, feature selection: rfe with 70 features
2025-08-29 19:54:06,710 - src.train_pipeline - INFO - Preparing data with target column: outcome
2025-08-29 19:54:06,729 - src.train_pipeline - INFO - Filtered to 22853 completed matches
2025-08-29 19:54:06,757 - src.train_pipeline - INFO - Sorted data chronologically by date
2025-08-29 19:54:06,757 - src.train_pipeline - INFO - Auto-detected task type: classification
2025-08-29 19:54:06,761 - src.train_pipeline - INFO - Encoded classes: {'away_win': 0, 'draw': 1, 'home_win': 2}
2025-08-29 19:54:06,761 - src.train_pipeline - INFO - Preparing features...
2025-08-29 19:54:06,788 - src.train_pipeline - INFO - Removed 33 potential leakage columns
2025-08-29 19:54:06,915 - src.train_pipeline - INFO - Feature preparation complete. Final features: 132
2025-08-29 19:54:06,915 - src.train_pipeline - INFO - Data preparation complete. Features: 132, Samples: 22853
2025-08-29 19:54:06,919 - src.train_pipeline - INFO - Time Series Split - Training: 18283, Holdout: 4570
2025-08-29 19:54:06,926 - src.train_pipeline - INFO - Class weights calculated: {0: np.float64(1.0663750364537765), 1: np.float64(1.3329687955672207), 2: np.float64(0.7621727530431882)}
2025-08-29 19:54:06,926 - src.train_pipeline - INFO - Building pipeline for xgboost with rfe feature selection
2025-08-29 19:54:06,972 - src.train_pipeline - INFO - Numerical features: 132, Categorical features: 0
2025-08-29 19:54:06,973 - src.train_pipeline - INFO - Selected model class: xgboost for classification
2025-08-29 19:54:06,973 - src.train_pipeline - INFO - Using feature selection method: rfe with top 70 features
2025-08-29 19:54:06,973 - src.train_pipeline - INFO - Retrieved parameters for model: xgboost
2025-08-29 19:54:06,973 - src.train_pipeline - INFO - Selected model class: xgboost for classification
2025-08-29 19:54:06,973 - src.train_pipeline - INFO - Starting cross-validation...
2025-08-29 19:54:06,973 - src.train_pipeline - INFO - Processing fold 1/5
2025-08-29 19:54:15,190 - src.train_pipeline - INFO - Fold 1 - Test Accuracy: 0.6823 - F1 Macro: 0.6593
2025-08-29 19:54:15,192 - src.train_pipeline - INFO - Processing fold 2/5
2025-08-29 19:54:26,493 - src.train_pipeline - INFO - Fold 2 - Test Accuracy: 0.7220 - F1 Macro: 0.7069
2025-08-29 19:54:26,495 - src.train_pipeline - INFO - Processing fold 3/5
2025-08-29 19:54:38,830 - src.train_pipeline - INFO - Fold 3 - Test Accuracy: 0.7040 - F1 Macro: 0.6856
2025-08-29 19:54:38,833 - src.train_pipeline - INFO - Processing fold 4/5
2025-08-29 19:54:53,022 - src.train_pipeline - INFO - Fold 4 - Test Accuracy: 0.6712 - F1 Macro: 0.6601
2025-08-29 19:54:53,027 - src.train_pipeline - INFO - Processing fold 5/5
2025-08-29 19:55:10,448 - src.train_pipeline - INFO - Fold 5 - Test Accuracy: 0.7227 - F1 Macro: 0.7044
2025-08-29 19:55:10,454 - src.train_pipeline - INFO - Training final model on full training period...
2025-08-29 19:55:26,854 - src.train_pipeline - INFO - Evaluating on holdout period...
2025-08-29 19:55:26,904 - src.train_pipeline - INFO - Holdout Accuracy: 0.7081
2025-08-29 19:55:26,904 - src.train_pipeline - INFO - Saving model artifacts...
2025-08-29 19:55:26,946 - src.train_pipeline - INFO - Artifacts saved successfully!
2025-08-29 19:55:26,946 - src.train_pipeline - INFO - Training completed successfully!
