2025-09-04 20:13:25,167 - src.train_pipeline - INFO - Starting training for outcome with model: xgboost, feature selection: rfe with 60 features
2025-09-04 20:13:25,168 - src.train_pipeline - INFO - Preparing data with target column: outcome
2025-09-04 20:13:25,234 - src.train_pipeline - INFO - Filtered to 36682 completed matches
2025-09-04 20:13:25,358 - src.train_pipeline - INFO - Sorted data chronologically by date
2025-09-04 20:13:25,360 - src.train_pipeline - INFO - Auto-detected task type: classification
2025-09-04 20:13:25,372 - src.train_pipeline - INFO - Encoded classes: {'away_win': 0, 'draw': 1, 'home_win': 2}
2025-09-04 20:13:25,372 - src.train_pipeline - INFO - Preparing features...
2025-09-04 20:13:25,510 - src.train_pipeline - INFO - Removed 40 potential leakage columns
2025-09-04 20:13:25,939 - src.train_pipeline - INFO - Feature preparation complete. Final features: 134
2025-09-04 20:13:25,940 - src.train_pipeline - INFO - Data preparation complete. Features: 134, Samples: 36682
2025-09-04 20:13:25,954 - src.train_pipeline - INFO - Time Series Split - Training: 29346, Holdout: 7336
2025-09-04 20:13:25,954 - src.train_pipeline - INFO - Building pipeline for xgboost with rfe feature selection
2025-09-04 20:13:26,103 - src.train_pipeline - INFO - Numerical features: 134, Categorical features: 0
2025-09-04 20:13:26,103 - src.train_pipeline - INFO - No categorical features found. Skipping OneHotEncoder.
2025-09-04 20:13:26,103 - src.train_pipeline - INFO - Selected model class: xgboost for classification
2025-09-04 20:13:26,104 - src.train_pipeline - INFO - Using feature selection method: rfe with top 60 features
2025-09-04 20:13:26,104 - src.train_pipeline - INFO - Retrieved parameters for model: xgboost
2025-09-04 20:13:26,104 - src.train_pipeline - INFO - Selected model class: xgboost for classification
2025-09-04 20:13:26,104 - src.train_pipeline - INFO - Starting cross-validation...
2025-09-04 20:13:26,105 - src.train_pipeline - INFO - Processing fold 1/5
