2025-09-05 20:35:47,968 - src.train_pipeline - INFO - Starting training for outcome with model: xgboost, feature selection: rfe with 60 features
2025-09-05 20:35:47,968 - src.train_pipeline - INFO - Preparing data with target column: outcome
2025-09-05 20:35:47,984 - src.train_pipeline - INFO - Filtered to 15643 completed matches
2025-09-05 20:35:48,005 - src.train_pipeline - INFO - Sorted data chronologically by date
2025-09-05 20:35:48,006 - src.train_pipeline - INFO - Auto-detected task type: classification
2025-09-05 20:35:48,009 - src.train_pipeline - INFO - Encoded classes: {'away_win': 0, 'draw': 1, 'home_win': 2}
2025-09-05 20:35:48,010 - src.train_pipeline - INFO - Preparing features...
2025-09-05 20:35:48,028 - src.train_pipeline - INFO - Removed 40 potential leakage columns
2025-09-05 20:35:48,140 - src.train_pipeline - INFO - Feature preparation complete. Final features: 134
2025-09-05 20:35:48,140 - src.train_pipeline - INFO - Data preparation complete. Features: 134, Samples: 15643
2025-09-05 20:35:48,144 - src.train_pipeline - INFO - Time Series Split - Training: 12515, Holdout: 3128
2025-09-05 20:35:48,144 - src.train_pipeline - INFO - Building pipeline for xgboost with rfe feature selection
2025-09-05 20:35:48,170 - src.train_pipeline - INFO - Numerical features: 134, Categorical features: 0
2025-09-05 20:35:48,170 - src.train_pipeline - INFO - No categorical features found. Skipping OneHotEncoder.
2025-09-05 20:35:48,170 - src.train_pipeline - INFO - Selected model class: xgboost for classification
2025-09-05 20:35:48,170 - src.train_pipeline - INFO - Using feature selection method: rfe with top 60 features
2025-09-05 20:35:48,170 - src.train_pipeline - INFO - Retrieved parameters for model: xgboost
2025-09-05 20:35:48,170 - src.train_pipeline - INFO - Selected model class: xgboost for classification
2025-09-05 20:35:48,171 - src.train_pipeline - INFO - Starting cross-validation...
2025-09-05 20:35:48,171 - src.train_pipeline - INFO - Processing fold 1/5
2025-09-05 20:35:55,622 - src.train_pipeline - INFO - Fold 1 - Test Accuracy: 0.6600 - F1 Macro: 0.5903
2025-09-05 20:35:55,623 - src.train_pipeline - INFO - Processing fold 2/5
2025-09-05 20:36:10,115 - src.train_pipeline - INFO - Fold 2 - Test Accuracy: 0.7194 - F1 Macro: 0.6846
2025-09-05 20:36:10,117 - src.train_pipeline - INFO - Processing fold 3/5
2025-09-05 20:36:32,216 - src.train_pipeline - INFO - Fold 3 - Test Accuracy: 0.7050 - F1 Macro: 0.6419
2025-09-05 20:36:32,219 - src.train_pipeline - INFO - Processing fold 4/5
2025-09-05 20:37:00,302 - src.train_pipeline - INFO - Fold 4 - Test Accuracy: 0.6393 - F1 Macro: 0.5849
2025-09-05 20:37:00,305 - src.train_pipeline - INFO - Processing fold 5/5
2025-09-05 20:37:31,615 - src.train_pipeline - INFO - Fold 5 - Test Accuracy: 0.7712 - F1 Macro: 0.7354
2025-09-05 20:37:31,618 - src.train_pipeline - INFO - Training final model on full training period...
2025-09-05 20:38:08,849 - src.train_pipeline - INFO - Evaluating on holdout period...
2025-09-05 20:38:08,894 - src.train_pipeline - INFO - Holdout Accuracy: 0.6813
2025-09-05 20:38:08,894 - src.train_pipeline - INFO - Saving model artifacts...
2025-09-05 20:39:54,155 - src.train_pipeline - INFO - Initialized MLPipeline for auto task
2025-09-05 20:39:54,160 - src.train_pipeline - INFO - Starting training for outcome with model: xgboost, feature selection: rfe with 60 features
2025-09-05 20:39:54,160 - src.train_pipeline - INFO - Preparing data with target column: outcome
2025-09-05 20:39:54,178 - src.train_pipeline - INFO - Filtered to 15643 completed matches
2025-09-05 20:39:54,208 - src.train_pipeline - INFO - Sorted data chronologically by date
2025-09-05 20:39:54,208 - src.train_pipeline - INFO - Auto-detected task type: classification
2025-09-05 20:39:54,213 - src.train_pipeline - INFO - Encoded classes: {'away_win': 0, 'draw': 1, 'home_win': 2}
2025-09-05 20:39:54,213 - src.train_pipeline - INFO - Preparing features...
2025-09-05 20:39:54,238 - src.train_pipeline - INFO - Removed 40 potential leakage columns
2025-09-05 20:39:54,385 - src.train_pipeline - INFO - Feature preparation complete. Final features: 134
2025-09-05 20:39:54,385 - src.train_pipeline - INFO - Data preparation complete. Features: 134, Samples: 15643
2025-09-05 20:39:54,388 - src.train_pipeline - INFO - Time Series Split - Training: 12515, Holdout: 3128
2025-09-05 20:39:54,388 - src.train_pipeline - INFO - Building pipeline for xgboost with rfe feature selection
2025-09-05 20:39:54,423 - src.train_pipeline - INFO - Numerical features: 134, Categorical features: 0
2025-09-05 20:39:54,423 - src.train_pipeline - INFO - No categorical features found. Skipping OneHotEncoder.
2025-09-05 20:39:54,423 - src.train_pipeline - INFO - Selected model class: xgboost for classification
2025-09-05 20:39:54,423 - src.train_pipeline - INFO - Using feature selection method: rfe with top 60 features
2025-09-05 20:39:54,423 - src.train_pipeline - INFO - Retrieved parameters for model: xgboost
2025-09-05 20:39:54,423 - src.train_pipeline - INFO - Selected model class: xgboost for classification
2025-09-05 20:39:54,423 - src.train_pipeline - INFO - Starting cross-validation...
2025-09-05 20:39:54,424 - src.train_pipeline - INFO - Processing fold 1/5
2025-09-05 20:40:02,779 - src.train_pipeline - INFO - Fold 1 - Test Accuracy: 0.6600 - F1 Macro: 0.5903
2025-09-05 20:40:02,780 - src.train_pipeline - INFO - Processing fold 2/5
2025-09-05 20:40:16,333 - src.train_pipeline - INFO - Fold 2 - Test Accuracy: 0.7194 - F1 Macro: 0.6846
2025-09-05 20:40:16,335 - src.train_pipeline - INFO - Processing fold 3/5
2025-09-05 20:40:37,068 - src.train_pipeline - INFO - Fold 3 - Test Accuracy: 0.7050 - F1 Macro: 0.6419
2025-09-05 20:40:37,072 - src.train_pipeline - INFO - Processing fold 4/5
2025-09-05 20:41:06,509 - src.train_pipeline - INFO - Fold 4 - Test Accuracy: 0.6393 - F1 Macro: 0.5849
2025-09-05 20:41:06,512 - src.train_pipeline - INFO - Processing fold 5/5
2025-09-05 20:41:35,949 - src.train_pipeline - INFO - Fold 5 - Test Accuracy: 0.7712 - F1 Macro: 0.7354
2025-09-05 20:41:35,952 - src.train_pipeline - INFO - Training final model on full training period...
2025-09-05 20:42:14,187 - src.train_pipeline - INFO - Evaluating on holdout period...
2025-09-05 20:42:14,228 - src.train_pipeline - INFO - Holdout Accuracy: 0.6813
2025-09-05 20:42:14,228 - src.train_pipeline - INFO - Saving model artifacts...
2025-09-05 20:42:14,275 - src.train_pipeline - INFO - Artifacts saved successfully!
2025-09-05 20:42:14,276 - src.train_pipeline - INFO - Generating basic visualizations...
2025-09-05 20:42:16,375 - src.train_pipeline - INFO - Probability plots generated successfully!
2025-09-05 20:42:16,375 - src.train_pipeline - INFO - Basic visualizations generated successfully!
2025-09-05 20:42:16,375 - src.train_pipeline - INFO - Training completed successfully!
