2025-09-05 20:44:31,941 - src.train_pipeline - INFO - Starting training for outcome with model: xgboost, feature selection: rfe with 60 features
2025-09-05 20:44:31,941 - src.train_pipeline - INFO - Preparing data with target column: outcome
2025-09-05 20:44:31,959 - src.train_pipeline - INFO - Filtered to 15643 completed matches
2025-09-05 20:44:31,984 - src.train_pipeline - INFO - Sorted data chronologically by date
2025-09-05 20:44:31,985 - src.train_pipeline - INFO - Auto-detected task type: classification
2025-09-05 20:44:31,989 - src.train_pipeline - INFO - Encoded classes: {'away_win': 0, 'draw': 1, 'home_win': 2}
2025-09-05 20:44:31,989 - src.train_pipeline - INFO - Preparing features...
2025-09-05 20:44:32,005 - src.train_pipeline - INFO - Removed 40 potential leakage columns
2025-09-05 20:44:32,131 - src.train_pipeline - INFO - Feature preparation complete. Final features: 134
2025-09-05 20:44:32,131 - src.train_pipeline - INFO - Data preparation complete. Features: 134, Samples: 15643
2025-09-05 20:44:32,134 - src.train_pipeline - INFO - Time Series Split - Training: 12515, Holdout: 3128
2025-09-05 20:44:32,134 - src.train_pipeline - INFO - Building pipeline for xgboost with rfe feature selection
2025-09-05 20:44:32,163 - src.train_pipeline - INFO - Numerical features: 134, Categorical features: 0
2025-09-05 20:44:32,163 - src.train_pipeline - INFO - No categorical features found. Skipping OneHotEncoder.
2025-09-05 20:44:32,163 - src.train_pipeline - INFO - Selected model class: xgboost for classification
2025-09-05 20:44:32,163 - src.train_pipeline - INFO - Using feature selection method: rfe with top 60 features
2025-09-05 20:44:32,163 - src.train_pipeline - INFO - Retrieved parameters for model: xgboost
2025-09-05 20:44:32,164 - src.train_pipeline - INFO - Selected model class: xgboost for classification
2025-09-05 20:44:32,164 - src.train_pipeline - INFO - Starting cross-validation...
2025-09-05 20:44:32,164 - src.train_pipeline - INFO - Processing fold 1/5
2025-09-05 20:44:39,558 - src.train_pipeline - INFO - Fold 1 - Test Accuracy: 0.6600 - F1 Macro: 0.5903
2025-09-05 20:44:39,559 - src.train_pipeline - INFO - Processing fold 2/5
2025-09-05 20:44:53,247 - src.train_pipeline - INFO - Fold 2 - Test Accuracy: 0.7194 - F1 Macro: 0.6846
2025-09-05 20:44:53,249 - src.train_pipeline - INFO - Processing fold 3/5
2025-09-05 20:45:13,792 - src.train_pipeline - INFO - Fold 3 - Test Accuracy: 0.7050 - F1 Macro: 0.6419
2025-09-05 20:45:13,795 - src.train_pipeline - INFO - Processing fold 4/5
2025-09-05 20:45:46,517 - src.train_pipeline - INFO - Fold 4 - Test Accuracy: 0.6393 - F1 Macro: 0.5849
2025-09-05 20:45:46,519 - src.train_pipeline - INFO - Processing fold 5/5
2025-09-05 20:46:21,357 - src.train_pipeline - INFO - Fold 5 - Test Accuracy: 0.7712 - F1 Macro: 0.7354
2025-09-05 20:46:21,361 - src.train_pipeline - INFO - Training final model on full training period...
2025-09-05 20:47:00,270 - src.train_pipeline - INFO - Evaluating on holdout period...
2025-09-05 20:47:00,321 - src.train_pipeline - INFO - Holdout Accuracy: 0.6813
2025-09-05 20:47:00,321 - src.train_pipeline - INFO - Saving model artifacts...
2025-09-05 20:47:00,371 - src.train_pipeline - INFO - Artifacts saved successfully!
2025-09-05 20:47:00,371 - src.train_pipeline - INFO - Generating basic visualizations...
2025-09-05 20:47:03,771 - src.train_pipeline - INFO - Probability plots generated successfully!
2025-09-05 20:47:03,771 - src.train_pipeline - INFO - Basic visualizations generated successfully!
2025-09-05 20:47:03,771 - src.train_pipeline - INFO - Training completed successfully!
2025-09-05 20:48:30,638 - src.train_pipeline - INFO - Initialized MLPipeline for auto task
2025-09-05 20:48:30,642 - src.train_pipeline - INFO - Starting training for total_goals with model: xgboost, feature selection: rfe with 60 features
2025-09-05 20:48:30,642 - src.train_pipeline - INFO - Preparing data with target column: total_goals
2025-09-05 20:48:30,657 - src.train_pipeline - INFO - Filtered to 15643 completed matches
2025-09-05 20:48:30,681 - src.train_pipeline - INFO - Sorted data chronologically by date
2025-09-05 20:48:30,683 - src.train_pipeline - INFO - Auto-detected task type: regression
2025-09-05 20:48:30,683 - src.train_pipeline - INFO - Preparing features...
2025-09-05 20:48:30,706 - src.train_pipeline - INFO - Removed 39 potential leakage columns
2025-09-05 20:48:30,858 - src.train_pipeline - INFO - Feature preparation complete. Final features: 135
2025-09-05 20:48:30,858 - src.train_pipeline - INFO - Data preparation complete. Features: 135, Samples: 15643
2025-09-05 20:48:30,863 - src.train_pipeline - INFO - Time Series Split - Training: 12515, Holdout: 3128
2025-09-05 20:48:30,864 - src.train_pipeline - INFO - Building pipeline for xgboost with rfe feature selection
2025-09-05 20:48:30,905 - src.train_pipeline - INFO - Numerical features: 134, Categorical features: 1
2025-09-05 20:48:30,905 - src.train_pipeline - INFO - Selected model class: xgboost for regression
2025-09-05 20:48:30,905 - src.train_pipeline - INFO - Using feature selection method: rfe with top 60 features
2025-09-05 20:48:30,905 - src.train_pipeline - INFO - Retrieved parameters for model: xgboost
2025-09-05 20:48:30,905 - src.train_pipeline - INFO - Selected model class: xgboost for regression
2025-09-05 20:48:30,906 - src.train_pipeline - INFO - Starting cross-validation...
2025-09-05 20:48:30,906 - src.train_pipeline - INFO - Processing fold 1/5
2025-09-05 20:48:34,159 - src.train_pipeline - INFO - Fold 1 - Test RMSE: 1.2386 - R²: 0.4345
2025-09-05 20:48:34,162 - src.train_pipeline - INFO - Processing fold 2/5
2025-09-05 20:48:39,782 - src.train_pipeline - INFO - Fold 2 - Test RMSE: 1.1008 - R²: 0.5963
2025-09-05 20:48:39,784 - src.train_pipeline - INFO - Processing fold 3/5
2025-09-05 20:48:47,612 - src.train_pipeline - INFO - Fold 3 - Test RMSE: 1.1390 - R²: 0.5587
2025-09-05 20:48:47,615 - src.train_pipeline - INFO - Processing fold 4/5
2025-09-05 20:48:57,685 - src.train_pipeline - INFO - Fold 4 - Test RMSE: 1.2095 - R²: 0.4968
2025-09-05 20:48:57,688 - src.train_pipeline - INFO - Processing fold 5/5
2025-09-05 20:49:11,160 - src.train_pipeline - INFO - Fold 5 - Test RMSE: 1.0587 - R²: 0.6340
2025-09-05 20:49:11,164 - src.train_pipeline - INFO - Training final model on full training period...
2025-09-05 20:49:25,695 - src.train_pipeline - INFO - Evaluating on holdout period...
2025-09-05 20:49:25,726 - src.train_pipeline - INFO - Holdout RMSE: 1.1283, R²: 0.5347
2025-09-05 20:49:25,726 - src.train_pipeline - INFO - Saving model artifacts...
2025-09-05 20:49:25,751 - src.train_pipeline - INFO - Artifacts saved successfully!
2025-09-05 20:49:25,752 - src.train_pipeline - INFO - Generating basic visualizations...
2025-09-05 20:49:28,456 - src.train_pipeline - INFO - Basic visualizations generated successfully!
2025-09-05 20:49:28,456 - src.train_pipeline - INFO - Training completed successfully!
2025-09-05 21:10:54,424 - src.train_pipeline - INFO - Initialized MLPipeline for auto task
2025-09-05 21:10:54,427 - src.train_pipeline - INFO - Starting training for total_goals with model: xgboost, feature selection: rfe with 60 features
2025-09-05 21:10:54,428 - src.train_pipeline - INFO - Preparing data with target column: total_goals
2025-09-05 21:10:54,441 - src.train_pipeline - INFO - Filtered to 15643 completed matches
2025-09-05 21:10:54,459 - src.train_pipeline - INFO - Sorted data chronologically by date
2025-09-05 21:10:54,461 - src.train_pipeline - INFO - Auto-detected task type: regression
2025-09-05 21:10:54,461 - src.train_pipeline - INFO - Preparing features...
2025-09-05 21:10:54,476 - src.train_pipeline - INFO - Removed 39 potential leakage columns
2025-09-05 21:10:54,596 - src.train_pipeline - INFO - Feature preparation complete. Final features: 135
2025-09-05 21:10:54,596 - src.train_pipeline - INFO - Data preparation complete. Features: 135, Samples: 15643
2025-09-05 21:10:54,600 - src.train_pipeline - INFO - Time Series Split - Training: 12515, Holdout: 3128
2025-09-05 21:10:54,600 - src.train_pipeline - INFO - Building pipeline for xgboost with rfe feature selection
2025-09-05 21:10:54,629 - src.train_pipeline - INFO - Numerical features: 134, Categorical features: 1
2025-09-05 21:10:54,629 - src.train_pipeline - INFO - Selected model class: xgboost for regression
2025-09-05 21:10:54,629 - src.train_pipeline - INFO - Using feature selection method: rfe with top 60 features
2025-09-05 21:10:54,629 - src.train_pipeline - INFO - Retrieved parameters for model: xgboost
2025-09-05 21:10:54,629 - src.train_pipeline - INFO - Selected model class: xgboost for regression
2025-09-05 21:10:54,629 - src.train_pipeline - INFO - Starting cross-validation...
2025-09-05 21:10:54,630 - src.train_pipeline - INFO - Processing fold 1/5
