2025-09-06 19:03:13,461 - src.train_pipeline - INFO - Starting training for outcome with model: xgboost, feature selection: rfe with 60 features
2025-09-06 19:03:13,461 - src.train_pipeline - INFO - Preparing data with target column: outcome
2025-09-06 19:03:13,486 - src.train_pipeline - INFO - Filtered to 36682 completed matches
2025-09-06 19:03:13,531 - src.train_pipeline - INFO - Sorted data chronologically by date
2025-09-06 19:03:13,531 - src.train_pipeline - INFO - Auto-detected task type: classification
2025-09-06 19:03:13,538 - src.train_pipeline - INFO - Encoded classes: {'away_win': 0, 'draw': 1, 'home_win': 2}
2025-09-06 19:03:13,539 - src.train_pipeline - INFO - Preparing features...
2025-09-06 19:03:13,588 - src.train_pipeline - INFO - Removed 40 potential leakage columns
2025-09-06 19:03:13,762 - src.train_pipeline - INFO - Feature preparation complete. Final features: 134
2025-09-06 19:03:13,762 - src.train_pipeline - INFO - Data preparation complete. Features: 134, Samples: 36682
2025-09-06 19:03:13,768 - src.train_pipeline - INFO - Time Series Split - Training: 29346, Holdout: 7336
2025-09-06 19:03:13,768 - src.train_pipeline - INFO - SMOTE strategy: Oversample only draws to 15093 samples
2025-09-06 19:03:13,769 - src.train_pipeline - INFO - Using SMOTE: {0: 9302, 1: 15093, 2: 12578}
2025-09-06 19:03:13,769 - src.train_pipeline - INFO - Using custom class weights: {1: 2.5, 2: 0.8}
2025-09-06 19:03:13,769 - src.train_pipeline - INFO - Class imbalance handling: combined
2025-09-06 19:03:13,769 - src.train_pipeline - INFO - Class distribution: {0: 9302, 1: 7466, 2: 12578}
2025-09-06 19:03:13,769 - src.train_pipeline - INFO - Building pipeline for xgboost with rfe feature selection
2025-09-06 19:03:13,818 - src.train_pipeline - INFO - Numerical features: 134, Categorical features: 0
2025-09-06 19:03:13,818 - src.train_pipeline - INFO - No categorical features found. Skipping OneHotEncoder.
2025-09-06 19:03:13,818 - src.train_pipeline - INFO - Selected model class: xgboost for classification
2025-09-06 19:03:13,819 - src.train_pipeline - INFO - Using feature selection method: rfe with top 60 features
2025-09-06 19:03:13,819 - src.train_pipeline - INFO - Selected model class: xgboost for classification
2025-09-06 19:03:13,819 - src.train_pipeline - INFO - Retrieved parameters for model: xgboost
2025-09-06 19:03:13,819 - src.train_pipeline - INFO - Set class_weight parameter: {1: 2.5, 2: 0.8}
2025-09-06 19:03:13,819 - src.train_pipeline - INFO - Starting cross-validation...
2025-09-06 19:03:13,819 - src.train_pipeline - INFO - Processing fold 1/5
2025-09-06 19:03:30,619 - src.train_pipeline - INFO - Draw recall: 0.5627
2025-09-06 19:03:30,661 - src.train_pipeline - INFO - Fold 1 - Test Accuracy: 0.6735 - F1 Macro: 0.6592
2025-09-06 19:03:30,664 - src.train_pipeline - INFO - Processing fold 2/5
2025-09-06 19:03:59,292 - src.train_pipeline - INFO - Draw recall: 0.5118
2025-09-06 19:03:59,341 - src.train_pipeline - INFO - Fold 2 - Test Accuracy: 0.6860 - F1 Macro: 0.6665
2025-09-06 19:03:59,345 - src.train_pipeline - INFO - Processing fold 3/5
2025-09-06 19:04:41,098 - src.train_pipeline - INFO - Draw recall: 0.6038
2025-09-06 19:04:41,141 - src.train_pipeline - INFO - Fold 3 - Test Accuracy: 0.7046 - F1 Macro: 0.6926
2025-09-06 19:04:41,145 - src.train_pipeline - INFO - Processing fold 4/5
2025-09-06 19:05:34,866 - src.train_pipeline - INFO - Draw recall: 0.5892
2025-09-06 19:05:34,916 - src.train_pipeline - INFO - Fold 4 - Test Accuracy: 0.7011 - F1 Macro: 0.6845
2025-09-06 19:05:34,920 - src.train_pipeline - INFO - Processing fold 5/5
2025-09-06 19:06:41,170 - src.train_pipeline - INFO - Draw recall: 0.5325
2025-09-06 19:06:41,215 - src.train_pipeline - INFO - Fold 5 - Test Accuracy: 0.7154 - F1 Macro: 0.6922
2025-09-06 19:06:41,220 - src.train_pipeline - INFO - Training final model on full training period...
2025-09-06 19:07:59,464 - src.train_pipeline - INFO - Evaluating on holdout period...
2025-09-06 19:07:59,535 - src.train_pipeline - INFO - Holdout Accuracy: 0.6903
2025-09-06 19:07:59,535 - src.train_pipeline - INFO - Saving model artifacts...
2025-09-06 19:07:59,587 - src.train_pipeline - INFO - Artifacts saved successfully!
2025-09-06 19:07:59,588 - src.train_pipeline - INFO - Generating basic visualizations...
2025-09-06 19:08:03,098 - src.train_pipeline - INFO - Probability plots generated successfully!
2025-09-06 19:08:03,098 - src.train_pipeline - INFO - Basic visualizations generated successfully!
2025-09-06 19:08:03,098 - src.train_pipeline - INFO - Training completed successfully!
