2025-09-05 20:29:13,611 - src.train_pipeline - INFO - Starting training for outcome with model: xgboost, feature selection: rfe with 60 features
2025-09-05 20:29:13,611 - src.train_pipeline - INFO - Preparing data with target column: outcome
2025-09-05 20:29:13,627 - src.train_pipeline - INFO - Filtered to 15643 completed matches
2025-09-05 20:29:13,651 - src.train_pipeline - INFO - Sorted data chronologically by date
2025-09-05 20:29:13,651 - src.train_pipeline - INFO - Auto-detected task type: classification
2025-09-05 20:29:13,655 - src.train_pipeline - INFO - Encoded classes: {'away_win': 0, 'draw': 1, 'home_win': 2}
2025-09-05 20:29:13,655 - src.train_pipeline - INFO - Preparing features...
2025-09-05 20:29:13,678 - src.train_pipeline - INFO - Removed 40 potential leakage columns
2025-09-05 20:29:13,821 - src.train_pipeline - INFO - Feature preparation complete. Final features: 134
2025-09-05 20:29:13,821 - src.train_pipeline - INFO - Data preparation complete. Features: 134, Samples: 15643
2025-09-05 20:29:13,825 - src.train_pipeline - INFO - Time Series Split - Training: 12515, Holdout: 3128
2025-09-05 20:29:13,826 - src.train_pipeline - INFO - Building pipeline for xgboost with rfe feature selection
2025-09-05 20:29:13,860 - src.train_pipeline - INFO - Numerical features: 134, Categorical features: 0
2025-09-05 20:29:13,860 - src.train_pipeline - INFO - No categorical features found. Skipping OneHotEncoder.
2025-09-05 20:29:13,860 - src.train_pipeline - INFO - Selected model class: xgboost for classification
2025-09-05 20:29:13,861 - src.train_pipeline - INFO - Using feature selection method: rfe with top 60 features
2025-09-05 20:29:13,861 - src.train_pipeline - INFO - Retrieved parameters for model: xgboost
2025-09-05 20:29:13,861 - src.train_pipeline - INFO - Selected model class: xgboost for classification
2025-09-05 20:29:13,861 - src.train_pipeline - INFO - Starting cross-validation...
2025-09-05 20:29:13,861 - src.train_pipeline - INFO - Processing fold 1/5
2025-09-05 20:29:22,210 - src.train_pipeline - INFO - Fold 1 - Test Accuracy: 0.6600 - F1 Macro: 0.5903
2025-09-05 20:29:22,212 - src.train_pipeline - INFO - Processing fold 2/5
2025-09-05 20:29:36,359 - src.train_pipeline - INFO - Fold 2 - Test Accuracy: 0.7194 - F1 Macro: 0.6846
2025-09-05 20:29:36,362 - src.train_pipeline - INFO - Processing fold 3/5
2025-09-05 20:29:58,880 - src.train_pipeline - INFO - Fold 3 - Test Accuracy: 0.7050 - F1 Macro: 0.6419
2025-09-05 20:29:58,883 - src.train_pipeline - INFO - Processing fold 4/5
2025-09-05 20:30:24,852 - src.train_pipeline - INFO - Fold 4 - Test Accuracy: 0.6393 - F1 Macro: 0.5849
2025-09-05 20:30:24,855 - src.train_pipeline - INFO - Processing fold 5/5
2025-09-05 20:30:56,668 - src.train_pipeline - INFO - Fold 5 - Test Accuracy: 0.7712 - F1 Macro: 0.7354
2025-09-05 20:30:56,672 - src.train_pipeline - INFO - Training final model on full training period...
2025-09-05 20:31:37,029 - src.train_pipeline - INFO - Evaluating on holdout period...
2025-09-05 20:31:37,071 - src.train_pipeline - INFO - Holdout Accuracy: 0.6813
2025-09-05 20:31:37,072 - src.train_pipeline - INFO - Saving model artifacts...
