2025-09-06 17:45:18,960 - src.train_pipeline - INFO - Starting training for outcome with model: xgboost, feature selection: rfe with 60 features
2025-09-06 17:45:18,960 - src.train_pipeline - INFO - Preparing data with target column: outcome
2025-09-06 17:45:18,991 - src.train_pipeline - INFO - Filtered to 36682 completed matches
2025-09-06 17:45:19,042 - src.train_pipeline - INFO - Sorted data chronologically by date
2025-09-06 17:45:19,042 - src.train_pipeline - INFO - Auto-detected task type: classification
2025-09-06 17:45:19,050 - src.train_pipeline - INFO - Encoded classes: {'away_win': 0, 'draw': 1, 'home_win': 2}
2025-09-06 17:45:19,051 - src.train_pipeline - INFO - Preparing features...
2025-09-06 17:45:19,111 - src.train_pipeline - INFO - Removed 40 potential leakage columns
2025-09-06 17:45:19,314 - src.train_pipeline - INFO - Feature preparation complete. Final features: 134
2025-09-06 17:45:19,314 - src.train_pipeline - INFO - Data preparation complete. Features: 134, Samples: 36682
2025-09-06 17:45:19,323 - src.train_pipeline - INFO - Time Series Split - Training: 29346, Holdout: 7336
2025-09-06 17:45:19,328 - src.train_pipeline - INFO - Using football class weights: {0: 1.0516018060632122, 1: 3.2755156710420574, 2: 0.7777071076482748}
2025-09-06 17:45:19,329 - src.train_pipeline - INFO - Class imbalance handling: class_weights
2025-09-06 17:45:19,329 - src.train_pipeline - INFO - Class distribution: {0: 9302, 1: 7466, 2: 12578}
2025-09-06 17:45:19,329 - src.train_pipeline - INFO - Building pipeline for xgboost with rfe feature selection
2025-09-06 17:45:19,401 - src.train_pipeline - INFO - Numerical features: 134, Categorical features: 0
2025-09-06 17:45:19,401 - src.train_pipeline - INFO - No categorical features found. Skipping OneHotEncoder.
2025-09-06 17:45:19,401 - src.train_pipeline - INFO - Selected model class: xgboost for classification
2025-09-06 17:45:19,401 - src.train_pipeline - INFO - Using feature selection method: rfe with top 60 features
2025-09-06 17:45:19,402 - src.train_pipeline - INFO - Selected model class: xgboost for classification
2025-09-06 17:45:19,402 - src.train_pipeline - INFO - Retrieved parameters for model: xgboost
2025-09-06 17:45:19,402 - src.train_pipeline - INFO - Set class_weight parameter: {0: 1.0516018060632122, 1: 3.2755156710420574, 2: 0.7777071076482748}
2025-09-06 17:45:19,402 - src.train_pipeline - INFO - Starting cross-validation...
2025-09-06 17:45:19,402 - src.train_pipeline - INFO - Processing fold 1/5
2025-09-06 17:45:19,418 - src.train_pipeline - INFO - Using sample weights for evaluation
2025-09-06 17:45:36,662 - src.train_pipeline - INFO - Draw recall: 0.3733
2025-09-06 17:45:36,721 - src.train_pipeline - INFO - Fold 1 - Test Accuracy: 0.6788 - F1 Macro: 0.6406
2025-09-06 17:45:36,724 - src.train_pipeline - INFO - Processing fold 2/5
2025-09-06 17:45:36,763 - src.train_pipeline - INFO - Using sample weights for evaluation
2025-09-06 17:46:03,880 - src.train_pipeline - INFO - Draw recall: 0.3788
2025-09-06 17:46:03,927 - src.train_pipeline - INFO - Fold 2 - Test Accuracy: 0.7011 - F1 Macro: 0.6613
2025-09-06 17:46:03,931 - src.train_pipeline - INFO - Processing fold 3/5
2025-09-06 17:46:03,961 - src.train_pipeline - INFO - Using sample weights for evaluation
2025-09-06 17:46:45,947 - src.train_pipeline - INFO - Draw recall: 0.4167
2025-09-06 17:46:45,992 - src.train_pipeline - INFO - Fold 3 - Test Accuracy: 0.7136 - F1 Macro: 0.6793
2025-09-06 17:46:45,995 - src.train_pipeline - INFO - Processing fold 4/5
2025-09-06 17:46:46,034 - src.train_pipeline - INFO - Using sample weights for evaluation
2025-09-06 17:47:38,122 - src.train_pipeline - INFO - Draw recall: 0.4290
2025-09-06 17:47:38,176 - src.train_pipeline - INFO - Fold 4 - Test Accuracy: 0.7142 - F1 Macro: 0.6782
2025-09-06 17:47:38,181 - src.train_pipeline - INFO - Processing fold 5/5
2025-09-06 17:47:38,235 - src.train_pipeline - INFO - Using sample weights for evaluation
2025-09-06 17:48:44,580 - src.train_pipeline - INFO - Draw recall: 0.3951
2025-09-06 17:48:44,625 - src.train_pipeline - INFO - Fold 5 - Test Accuracy: 0.7193 - F1 Macro: 0.6777
2025-09-06 17:48:44,630 - src.train_pipeline - INFO - Training final model on full training period...
2025-09-06 17:50:02,138 - src.train_pipeline - INFO - Evaluating on holdout period...
2025-09-06 17:50:02,210 - src.train_pipeline - INFO - Holdout Accuracy: 0.6983
2025-09-06 17:50:02,210 - src.train_pipeline - INFO - Saving model artifacts...
2025-09-06 17:50:02,256 - src.train_pipeline - INFO - Artifacts saved successfully!
2025-09-06 17:50:02,257 - src.train_pipeline - INFO - Generating basic visualizations...
2025-09-06 17:50:05,974 - src.train_pipeline - INFO - Probability plots generated successfully!
2025-09-06 17:50:05,974 - src.train_pipeline - INFO - Basic visualizations generated successfully!
2025-09-06 17:50:05,974 - src.train_pipeline - INFO - Training completed successfully!
