2025-09-04 17:36:17,114 - src.train_pipeline - INFO - Starting training for total_goals with model: xgboost, feature selection: rfe with 60 features
2025-09-04 17:36:17,114 - src.train_pipeline - INFO - Preparing data with target column: total_goals
2025-09-04 17:36:17,138 - src.train_pipeline - INFO - Filtered to 36682 completed matches
2025-09-04 17:36:17,183 - src.train_pipeline - INFO - Sorted data chronologically by date
2025-09-04 17:36:17,185 - src.train_pipeline - INFO - Auto-detected task type: regression
2025-09-04 17:36:17,186 - src.train_pipeline - INFO - Preparing features...
2025-09-04 17:36:17,221 - src.train_pipeline - INFO - Removed 40 potential leakage columns
2025-09-04 17:36:17,383 - src.train_pipeline - INFO - Feature preparation complete. Final features: 134
2025-09-04 17:36:17,383 - src.train_pipeline - INFO - Data preparation complete. Features: 134, Samples: 36682
2025-09-04 17:36:17,389 - src.train_pipeline - INFO - Time Series Split - Training: 29346, Holdout: 7336
2025-09-04 17:36:17,390 - src.train_pipeline - INFO - Building pipeline for xgboost with rfe feature selection
2025-09-04 17:36:17,442 - src.train_pipeline - INFO - Numerical features: 134, Categorical features: 0
2025-09-04 17:36:17,442 - src.train_pipeline - INFO - Selected model class: xgboost for regression
2025-09-04 17:36:17,442 - src.train_pipeline - INFO - Using feature selection method: rfe with top 60 features
2025-09-04 17:36:17,442 - src.train_pipeline - INFO - Retrieved parameters for model: xgboost
2025-09-04 17:36:17,442 - src.train_pipeline - INFO - Selected model class: xgboost for regression
2025-09-04 17:36:17,442 - src.train_pipeline - INFO - Starting cross-validation...
2025-09-04 17:36:17,443 - src.train_pipeline - INFO - Processing fold 1/5
2025-09-04 17:36:23,031 - src.train_pipeline - INFO - Fold 1 - Test RMSE: 1.1684 - R²: 0.5246
2025-09-04 17:36:23,032 - src.train_pipeline - INFO - Processing fold 2/5
2025-09-04 17:36:33,588 - src.train_pipeline - INFO - Fold 2 - Test RMSE: 1.1311 - R²: 0.5389
2025-09-04 17:36:33,590 - src.train_pipeline - INFO - Processing fold 3/5
2025-09-04 17:36:48,531 - src.train_pipeline - INFO - Fold 3 - Test RMSE: 1.1075 - R²: 0.5637
2025-09-04 17:36:48,535 - src.train_pipeline - INFO - Processing fold 4/5
2025-09-04 17:36:59,173 - src.train_pipeline - INFO - Initialized MLPipeline for auto task
2025-09-04 17:36:59,176 - src.train_pipeline - INFO - Starting training for total_goals with model: xgboost, feature selection: rfe with 60 features
2025-09-04 17:36:59,176 - src.train_pipeline - INFO - Preparing data with target column: total_goals
2025-09-04 17:36:59,223 - src.train_pipeline - INFO - Filtered to 36682 completed matches
2025-09-04 17:36:59,290 - src.train_pipeline - INFO - Sorted data chronologically by date
2025-09-04 17:36:59,293 - src.train_pipeline - INFO - Auto-detected task type: regression
2025-09-04 17:36:59,294 - src.train_pipeline - INFO - Preparing features...
2025-09-04 17:36:59,347 - src.train_pipeline - INFO - Removed 40 potential leakage columns
2025-09-04 17:36:59,696 - src.train_pipeline - INFO - Feature preparation complete. Final features: 134
2025-09-04 17:36:59,696 - src.train_pipeline - INFO - Data preparation complete. Features: 134, Samples: 36682
2025-09-04 17:36:59,710 - src.train_pipeline - INFO - Time Series Split - Training: 29346, Holdout: 7336
2025-09-04 17:36:59,710 - src.train_pipeline - INFO - Building pipeline for xgboost with rfe feature selection
2025-09-04 17:36:59,800 - src.train_pipeline - INFO - Numerical features: 134, Categorical features: 0
2025-09-04 17:36:59,800 - src.train_pipeline - INFO - Selected model class: xgboost for regression
2025-09-04 17:36:59,800 - src.train_pipeline - INFO - Using feature selection method: rfe with top 60 features
2025-09-04 17:36:59,801 - src.train_pipeline - INFO - Retrieved parameters for model: xgboost
2025-09-04 17:36:59,801 - src.train_pipeline - INFO - Selected model class: xgboost for regression
2025-09-04 17:36:59,801 - src.train_pipeline - INFO - Starting cross-validation...
2025-09-04 17:36:59,801 - src.train_pipeline - INFO - Processing fold 1/5
2025-09-04 17:37:14,895 - src.train_pipeline - INFO - Fold 4 - Test RMSE: 1.1145 - R²: 0.5497
2025-09-04 17:37:14,899 - src.train_pipeline - INFO - Processing fold 5/5
2025-09-04 17:37:16,158 - src.train_pipeline - INFO - Fold 1 - Test RMSE: 1.1684 - R²: 0.5246
2025-09-04 17:37:16,160 - src.train_pipeline - INFO - Processing fold 2/5
2025-09-04 17:37:46,097 - src.train_pipeline - INFO - Fold 2 - Test RMSE: 1.1311 - R²: 0.5389
2025-09-04 17:37:46,101 - src.train_pipeline - INFO - Processing fold 3/5
2025-09-04 17:37:58,596 - src.train_pipeline - INFO - Fold 5 - Test RMSE: 1.1271 - R²: 0.5703
2025-09-04 17:37:58,601 - src.train_pipeline - INFO - Training final model on full training period...
2025-09-04 17:38:24,660 - src.train_pipeline - INFO - Fold 3 - Test RMSE: 1.1075 - R²: 0.5637
2025-09-04 17:38:24,664 - src.train_pipeline - INFO - Processing fold 4/5
2025-09-04 17:38:51,108 - src.train_pipeline - INFO - Evaluating on holdout period...
2025-09-04 17:38:51,165 - src.train_pipeline - INFO - Holdout RMSE: 1.1441, R²: 0.5447
2025-09-04 17:38:51,165 - src.train_pipeline - INFO - Saving model artifacts...
2025-09-04 17:38:51,204 - src.train_pipeline - INFO - Artifacts saved successfully!
2025-09-04 17:38:51,205 - src.train_pipeline - INFO - Generating basic visualizations...
2025-09-04 17:38:55,230 - src.train_pipeline - INFO - Basic visualizations generated successfully!
2025-09-04 17:38:55,230 - src.train_pipeline - INFO - Training completed successfully!
2025-09-04 17:38:58,816 - src.train_pipeline - INFO - Fold 4 - Test RMSE: 1.1145 - R²: 0.5497
2025-09-04 17:38:58,821 - src.train_pipeline - INFO - Processing fold 5/5
2025-09-04 17:39:21,787 - src.train_pipeline - INFO - Fold 5 - Test RMSE: 1.1271 - R²: 0.5703
2025-09-04 17:39:21,792 - src.train_pipeline - INFO - Training final model on full training period...
2025-09-04 17:39:50,106 - src.train_pipeline - INFO - Evaluating on holdout period...
2025-09-04 17:39:50,152 - src.train_pipeline - INFO - Holdout RMSE: 1.1441, R²: 0.5447
2025-09-04 17:39:50,152 - src.train_pipeline - INFO - Saving model artifacts...
2025-09-04 17:39:50,181 - src.train_pipeline - INFO - Artifacts saved successfully!
2025-09-04 17:39:50,181 - src.train_pipeline - INFO - Generating basic visualizations...
2025-09-04 17:39:52,957 - src.train_pipeline - INFO - Basic visualizations generated successfully!
2025-09-04 17:39:52,958 - src.train_pipeline - INFO - Training completed successfully!
2025-09-04 17:46:34,539 - src.train_pipeline - INFO - Initialized MLPipeline for auto task
2025-09-04 17:46:34,545 - src.train_pipeline - INFO - Starting training for outcome with model: xgboost, feature selection: rfe with 60 features
2025-09-04 17:46:34,545 - src.train_pipeline - INFO - Preparing data with target column: outcome
2025-09-04 17:46:34,581 - src.train_pipeline - INFO - Filtered to 36682 completed matches
2025-09-04 17:46:34,638 - src.train_pipeline - INFO - Sorted data chronologically by date
2025-09-04 17:46:34,638 - src.train_pipeline - INFO - Auto-detected task type: classification
2025-09-04 17:46:34,648 - src.train_pipeline - INFO - Encoded classes: {'away_win': 0, 'draw': 1, 'home_win': 2}
2025-09-04 17:46:34,648 - src.train_pipeline - INFO - Preparing features...
2025-09-04 17:46:34,697 - src.train_pipeline - INFO - Removed 40 potential leakage columns
2025-09-04 17:46:34,891 - src.train_pipeline - INFO - Feature preparation complete. Final features: 134
2025-09-04 17:46:34,892 - src.train_pipeline - INFO - Data preparation complete. Features: 134, Samples: 36682
2025-09-04 17:46:34,898 - src.train_pipeline - INFO - Time Series Split - Training: 29346, Holdout: 7336
2025-09-04 17:46:34,898 - src.train_pipeline - INFO - Building pipeline for xgboost with rfe feature selection
2025-09-04 17:46:34,979 - src.train_pipeline - INFO - Numerical features: 134, Categorical features: 0
2025-09-04 17:46:34,979 - src.train_pipeline - INFO - Selected model class: xgboost for classification
2025-09-04 17:46:34,980 - src.train_pipeline - INFO - Using feature selection method: rfe with top 60 features
2025-09-04 17:46:34,980 - src.train_pipeline - INFO - Retrieved parameters for model: xgboost
2025-09-04 17:46:34,980 - src.train_pipeline - INFO - Selected model class: xgboost for classification
2025-09-04 17:46:34,980 - src.train_pipeline - INFO - Starting cross-validation...
2025-09-04 17:46:34,981 - src.train_pipeline - INFO - Processing fold 1/5
2025-09-04 17:46:52,194 - src.train_pipeline - INFO - Fold 1 - Test Accuracy: 0.6868 - F1 Macro: 0.6499
2025-09-04 17:46:52,197 - src.train_pipeline - INFO - Processing fold 2/5
2025-09-04 17:47:23,637 - src.train_pipeline - INFO - Fold 2 - Test Accuracy: 0.7003 - F1 Macro: 0.6599
2025-09-04 17:47:23,642 - src.train_pipeline - INFO - Processing fold 3/5
2025-09-04 17:48:07,513 - src.train_pipeline - INFO - Fold 3 - Test Accuracy: 0.7142 - F1 Macro: 0.6805
2025-09-04 17:48:07,517 - src.train_pipeline - INFO - Processing fold 4/5
2025-09-04 17:48:59,298 - src.train_pipeline - INFO - Fold 4 - Test Accuracy: 0.7183 - F1 Macro: 0.6823
2025-09-04 17:48:59,303 - src.train_pipeline - INFO - Processing fold 5/5
2025-09-04 17:50:05,514 - src.train_pipeline - INFO - Fold 5 - Test Accuracy: 0.7191 - F1 Macro: 0.6767
2025-09-04 17:50:05,519 - src.train_pipeline - INFO - Training final model on full training period...
2025-09-04 17:51:22,757 - src.train_pipeline - INFO - Evaluating on holdout period...
2025-09-04 17:51:22,828 - src.train_pipeline - INFO - Holdout Accuracy: 0.6990
2025-09-04 17:51:22,829 - src.train_pipeline - INFO - Saving model artifacts...
2025-09-04 17:51:22,870 - src.train_pipeline - INFO - Artifacts saved successfully!
2025-09-04 17:51:22,870 - src.train_pipeline - INFO - Generating basic visualizations...
