2025-09-04 20:20:48,018 - src.train_pipeline - INFO - Starting training for outcome with model: xgboost, feature selection: rfe with 60 features
2025-09-04 20:20:48,019 - src.train_pipeline - INFO - Preparing data with target column: outcome
2025-09-04 20:20:48,107 - src.train_pipeline - INFO - Filtered to 36682 completed matches
2025-09-04 20:20:48,258 - src.train_pipeline - INFO - Sorted data chronologically by date
2025-09-04 20:20:48,262 - src.train_pipeline - INFO - Auto-detected task type: classification
2025-09-04 20:20:48,283 - src.train_pipeline - INFO - Encoded classes: {'away_win': 0, 'draw': 1, 'home_win': 2}
2025-09-04 20:20:48,284 - src.train_pipeline - INFO - Preparing features...
2025-09-04 20:20:48,426 - src.train_pipeline - INFO - Removed 40 potential leakage columns
2025-09-04 20:20:49,083 - src.train_pipeline - INFO - Feature preparation complete. Final features: 134
2025-09-04 20:20:49,084 - src.train_pipeline - INFO - Data preparation complete. Features: 134, Samples: 36682
2025-09-04 20:20:49,102 - src.train_pipeline - INFO - Time Series Split - Training: 29346, Holdout: 7336
2025-09-04 20:20:49,103 - src.train_pipeline - INFO - Building pipeline for xgboost with rfe feature selection
2025-09-04 20:20:49,417 - src.train_pipeline - INFO - Numerical features: 134, Categorical features: 0
2025-09-04 20:20:49,417 - src.train_pipeline - INFO - No categorical features found. Skipping OneHotEncoder.
2025-09-04 20:20:49,417 - src.train_pipeline - INFO - Selected model class: xgboost for classification
2025-09-04 20:20:49,418 - src.train_pipeline - INFO - Using feature selection method: rfe with top 60 features
2025-09-04 20:20:49,418 - src.train_pipeline - INFO - Retrieved parameters for model: xgboost
2025-09-04 20:20:49,418 - src.train_pipeline - INFO - Selected model class: xgboost for classification
2025-09-04 20:20:49,418 - src.train_pipeline - INFO - Starting cross-validation...
2025-09-04 20:20:49,419 - src.train_pipeline - INFO - Processing fold 1/5
2025-09-04 20:23:08,691 - src.train_pipeline - INFO - Fold 1 - Test Accuracy: 0.6868 - F1 Macro: 0.6499
2025-09-04 20:23:08,697 - src.train_pipeline - INFO - Processing fold 2/5
2025-09-04 20:25:49,116 - src.train_pipeline - INFO - Fold 2 - Test Accuracy: 0.7003 - F1 Macro: 0.6599
2025-09-04 20:25:49,120 - src.train_pipeline - INFO - Processing fold 3/5
2025-09-04 20:30:02,749 - src.train_pipeline - INFO - Fold 3 - Test Accuracy: 0.7142 - F1 Macro: 0.6805
2025-09-04 20:30:02,756 - src.train_pipeline - INFO - Processing fold 4/5
2025-09-04 20:33:12,386 - src.train_pipeline - INFO - Fold 4 - Test Accuracy: 0.7183 - F1 Macro: 0.6823
2025-09-04 20:33:12,390 - src.train_pipeline - INFO - Processing fold 5/5
2025-09-04 20:34:17,417 - src.train_pipeline - INFO - Fold 5 - Test Accuracy: 0.7191 - F1 Macro: 0.6767
2025-09-04 20:34:17,423 - src.train_pipeline - INFO - Training final model on full training period...
2025-09-04 20:35:34,435 - src.train_pipeline - INFO - Evaluating on holdout period...
2025-09-04 20:35:34,506 - src.train_pipeline - INFO - Holdout Accuracy: 0.6990
2025-09-04 20:35:34,506 - src.train_pipeline - INFO - Saving model artifacts...
2025-09-04 20:35:34,552 - src.train_pipeline - INFO - Artifacts saved successfully!
2025-09-04 20:35:34,552 - src.train_pipeline - INFO - Generating basic visualizations...
2025-09-04 20:35:34,552 - src.train_pipeline - ERROR - Error generating visualizations: 'Pipeline' object has no attribute 'final_metrics'
2025-09-04 20:35:34,572 - src.train_pipeline - INFO - Training completed successfully!
2025-09-04 20:46:39,892 - src.train_pipeline - INFO - Initialized MLPipeline for auto task
2025-09-04 20:46:39,895 - src.train_pipeline - INFO - Starting training for outcome with model: xgboost, feature selection: rfe with 60 features
2025-09-04 20:46:39,896 - src.train_pipeline - INFO - Preparing data with target column: outcome
2025-09-04 20:46:39,941 - src.train_pipeline - INFO - Filtered to 36682 completed matches
2025-09-04 20:46:39,994 - src.train_pipeline - INFO - Sorted data chronologically by date
2025-09-04 20:46:39,995 - src.train_pipeline - INFO - Auto-detected task type: classification
2025-09-04 20:46:40,005 - src.train_pipeline - INFO - Encoded classes: {'away_win': 0, 'draw': 1, 'home_win': 2}
2025-09-04 20:46:40,006 - src.train_pipeline - INFO - Preparing features...
2025-09-04 20:46:40,057 - src.train_pipeline - INFO - Removed 40 potential leakage columns
2025-09-04 20:46:40,323 - src.train_pipeline - INFO - Feature preparation complete. Final features: 134
2025-09-04 20:46:40,323 - src.train_pipeline - INFO - Data preparation complete. Features: 134, Samples: 36682
2025-09-04 20:46:40,329 - src.train_pipeline - INFO - Time Series Split - Training: 29346, Holdout: 7336
2025-09-04 20:46:40,329 - src.train_pipeline - INFO - Building pipeline for xgboost with rfe feature selection
2025-09-04 20:46:40,402 - src.train_pipeline - INFO - Numerical features: 134, Categorical features: 0
2025-09-04 20:46:40,402 - src.train_pipeline - INFO - No categorical features found. Skipping OneHotEncoder.
2025-09-04 20:46:40,402 - src.train_pipeline - INFO - Selected model class: xgboost for classification
2025-09-04 20:46:40,403 - src.train_pipeline - INFO - Using feature selection method: rfe with top 60 features
2025-09-04 20:46:40,403 - src.train_pipeline - INFO - Retrieved parameters for model: xgboost
2025-09-04 20:46:40,403 - src.train_pipeline - INFO - Selected model class: xgboost for classification
2025-09-04 20:46:40,403 - src.train_pipeline - INFO - Starting cross-validation...
2025-09-04 20:46:40,403 - src.train_pipeline - INFO - Processing fold 1/5
2025-09-04 20:46:56,328 - src.train_pipeline - INFO - Fold 1 - Test Accuracy: 0.6868 - F1 Macro: 0.6499
2025-09-04 20:46:56,331 - src.train_pipeline - INFO - Processing fold 2/5
2025-09-04 20:47:25,366 - src.train_pipeline - INFO - Fold 2 - Test Accuracy: 0.7003 - F1 Macro: 0.6599
2025-09-04 20:47:25,369 - src.train_pipeline - INFO - Processing fold 3/5
2025-09-04 20:48:10,866 - src.train_pipeline - INFO - Fold 3 - Test Accuracy: 0.7142 - F1 Macro: 0.6805
2025-09-04 20:48:10,870 - src.train_pipeline - INFO - Processing fold 4/5
2025-09-04 20:49:05,909 - src.train_pipeline - INFO - Fold 4 - Test Accuracy: 0.7183 - F1 Macro: 0.6823
2025-09-04 20:49:05,914 - src.train_pipeline - INFO - Processing fold 5/5
2025-09-04 20:50:14,055 - src.train_pipeline - INFO - Fold 5 - Test Accuracy: 0.7191 - F1 Macro: 0.6767
2025-09-04 20:50:14,062 - src.train_pipeline - INFO - Training final model on full training period...
2025-09-04 20:51:31,980 - src.train_pipeline - INFO - Evaluating on holdout period...
2025-09-04 20:51:32,050 - src.train_pipeline - INFO - Holdout Accuracy: 0.6990
2025-09-04 20:51:32,050 - src.train_pipeline - INFO - Saving model artifacts...
2025-09-04 20:51:32,091 - src.train_pipeline - INFO - Artifacts saved successfully!
2025-09-04 20:51:32,092 - src.train_pipeline - INFO - Generating basic visualizations...
2025-09-04 20:51:32,092 - src.train_pipeline - ERROR - Error generating visualizations: 'Pipeline' object has no attribute 'final_metrics'
2025-09-04 20:51:32,135 - src.train_pipeline - INFO - Training completed successfully!
