2025-09-04 19:56:41,181 - src.train_pipeline - INFO - Starting training for outcome with model: xgboost, feature selection: rfe with 60 features
2025-09-04 19:56:41,182 - src.train_pipeline - INFO - Preparing data with target column: outcome
2025-09-04 19:56:41,218 - src.train_pipeline - INFO - Filtered to 36682 completed matches
2025-09-04 19:56:41,271 - src.train_pipeline - INFO - Sorted data chronologically by date
2025-09-04 19:56:41,272 - src.train_pipeline - INFO - Auto-detected task type: classification
2025-09-04 19:56:41,280 - src.train_pipeline - INFO - Encoded classes: {'away_win': 0, 'draw': 1, 'home_win': 2}
2025-09-04 19:56:41,281 - src.train_pipeline - INFO - Preparing features...
2025-09-04 19:56:41,332 - src.train_pipeline - INFO - Removed 40 potential leakage columns
2025-09-04 19:56:41,502 - src.train_pipeline - INFO - Feature preparation complete. Final features: 134
2025-09-04 19:56:41,502 - src.train_pipeline - INFO - Data preparation complete. Features: 134, Samples: 36682
2025-09-04 19:56:41,508 - src.train_pipeline - INFO - Time Series Split - Training: 29346, Holdout: 7336
2025-09-04 19:56:41,509 - src.train_pipeline - INFO - Building pipeline for xgboost with rfe feature selection
2025-09-04 19:56:41,563 - src.train_pipeline - INFO - Numerical features: 134, Categorical features: 0
2025-09-04 19:56:41,564 - src.train_pipeline - INFO - No categorical features found. Skipping OneHotEncoder.
2025-09-04 19:56:41,564 - src.train_pipeline - INFO - Selected model class: xgboost for classification
2025-09-04 19:56:41,565 - src.train_pipeline - INFO - Using feature selection method: rfe with top 60 features
2025-09-04 19:56:41,565 - src.train_pipeline - INFO - Retrieved parameters for model: xgboost
2025-09-04 19:56:41,565 - src.train_pipeline - INFO - Selected model class: xgboost for classification
2025-09-04 19:56:41,565 - src.train_pipeline - INFO - Starting cross-validation...
2025-09-04 19:56:41,566 - src.train_pipeline - INFO - Processing fold 1/5
