2025-08-29 21:25:04,126 - src.train_pipeline - INFO - Starting training with model: xgboost, feature selection: rfe with 70 features
2025-08-29 21:25:04,127 - src.train_pipeline - INFO - Preparing data with target column: outcome
2025-08-29 21:25:04,144 - src.train_pipeline - INFO - Filtered to 22853 completed matches
2025-08-29 21:25:04,176 - src.train_pipeline - INFO - Sorted data chronologically by date
2025-08-29 21:25:04,176 - src.train_pipeline - INFO - Auto-detected task type: classification
2025-08-29 21:25:04,181 - src.train_pipeline - INFO - Encoded classes: {'away_win': 0, 'draw': 1, 'home_win': 2}
2025-08-29 21:25:04,181 - src.train_pipeline - INFO - Preparing features...
2025-08-29 21:25:04,211 - src.train_pipeline - INFO - Removed 33 potential leakage columns
2025-08-29 21:25:04,362 - src.train_pipeline - INFO - Feature preparation complete. Final features: 132
2025-08-29 21:25:04,362 - src.train_pipeline - INFO - Data preparation complete. Features: 132, Samples: 22853
2025-08-29 21:25:04,366 - src.train_pipeline - INFO - Time Series Split - Training: 18283, Holdout: 4570
2025-08-29 21:25:04,373 - src.train_pipeline - INFO - Using balanced class weights: {0: 1.0663750364537765, 1: 1.3329687955672207, 2: 0.7621727530431882}
2025-08-29 21:25:04,373 - src.train_pipeline - INFO - Building pipeline for xgboost with rfe feature selection
2025-08-29 21:25:04,420 - src.train_pipeline - INFO - Numerical features: 132, Categorical features: 0
2025-08-29 21:25:04,420 - src.train_pipeline - INFO - Selected model class: xgboost for classification
2025-08-29 21:25:04,420 - src.train_pipeline - INFO - Using feature selection method: rfe with top 70 features
2025-08-29 21:25:04,420 - src.train_pipeline - INFO - Retrieved parameters for model: xgboost
2025-08-29 21:25:04,420 - src.train_pipeline - INFO - Selected model class: xgboost for classification
2025-08-29 21:25:04,420 - src.train_pipeline - INFO - Starting cross-validation...
2025-08-29 21:25:04,420 - src.train_pipeline - INFO - Processing fold 1/5
2025-08-29 21:25:04,479 - src.train_pipeline - INFO - RandomOverSampler applied: 3821 samples
2025-08-29 21:25:04,480 - src.train_pipeline - INFO - Using sample weights: (3821,) (after adjustment)
2025-08-29 21:25:16,235 - src.train_pipeline - INFO - Fold 1 - Test Accuracy: 0.6620 - F1 Macro: 0.6572
2025-08-29 21:25:16,237 - src.train_pipeline - INFO - Processing fold 2/5
2025-08-29 21:25:16,310 - src.train_pipeline - INFO - RandomOverSampler applied: 6129 samples
2025-08-29 21:25:16,310 - src.train_pipeline - INFO - Using sample weights: (6129,) (after adjustment)
2025-08-29 21:25:32,997 - src.train_pipeline - INFO - Fold 2 - Test Accuracy: 0.7168 - F1 Macro: 0.7022
2025-08-29 21:25:33,001 - src.train_pipeline - INFO - Processing fold 3/5
2025-08-29 21:25:33,028 - src.train_pipeline - WARNING - Oversampling failed: With over-sampling methods, the number of samples in a class should be greater or equal to the original number of samples. Originally, there is 2250 samples and 1500 samples are asked.
2025-08-29 21:25:33,029 - src.train_pipeline - INFO - Using sample weights: (9142,) (after adjustment)
2025-08-29 21:25:54,055 - src.train_pipeline - INFO - Fold 3 - Test Accuracy: 0.7053 - F1 Macro: 0.6902
2025-08-29 21:25:54,058 - src.train_pipeline - INFO - Processing fold 4/5
2025-08-29 21:25:54,090 - src.train_pipeline - WARNING - Oversampling failed: With over-sampling methods, the number of samples in a class should be greater or equal to the original number of samples. Originally, there is 3024 samples and 1500 samples are asked.
2025-08-29 21:25:54,090 - src.train_pipeline - INFO - Using sample weights: (12189,) (after adjustment)
2025-08-29 21:26:20,892 - src.train_pipeline - INFO - Fold 4 - Test Accuracy: 0.6734 - F1 Macro: 0.6623
2025-08-29 21:26:20,895 - src.train_pipeline - INFO - Processing fold 5/5
2025-08-29 21:26:20,927 - src.train_pipeline - WARNING - Oversampling failed: With over-sampling methods, the number of samples in a class should be greater or equal to the original number of samples. Originally, there is 3830 samples and 1500 samples are asked.
2025-08-29 21:26:20,927 - src.train_pipeline - INFO - Using sample weights: (15236,) (after adjustment)
2025-08-29 21:26:57,443 - src.train_pipeline - INFO - Fold 5 - Test Accuracy: 0.7233 - F1 Macro: 0.7054
2025-08-29 21:26:57,446 - src.train_pipeline - INFO - Training final model on full training period...
2025-08-29 21:27:41,091 - src.train_pipeline - INFO - Evaluating on holdout period...
2025-08-29 21:27:41,143 - src.train_pipeline - INFO - Holdout Accuracy: 0.7081
2025-08-29 21:27:41,143 - src.train_pipeline - INFO - Saving model artifacts...
2025-08-29 21:27:41,192 - src.train_pipeline - INFO - Artifacts saved successfully!
2025-08-29 21:27:41,193 - src.train_pipeline - INFO - Training completed successfully!
