2025-09-04 21:57:26,685 - src.train_pipeline - INFO - Starting training for outcome with model: xgboost, feature selection: rfe with 60 features
2025-09-04 21:57:26,686 - src.train_pipeline - INFO - Preparing data with target column: outcome
2025-09-04 21:57:26,716 - src.train_pipeline - INFO - Filtered to 36682 completed matches
2025-09-04 21:57:26,761 - src.train_pipeline - INFO - Sorted data chronologically by date
2025-09-04 21:57:26,761 - src.train_pipeline - INFO - Auto-detected task type: classification
2025-09-04 21:57:26,769 - src.train_pipeline - INFO - Encoded classes: {'away_win': 0, 'draw': 1, 'home_win': 2}
2025-09-04 21:57:26,769 - src.train_pipeline - INFO - Preparing features...
2025-09-04 21:57:26,828 - src.train_pipeline - INFO - Removed 40 potential leakage columns
2025-09-04 21:57:27,050 - src.train_pipeline - INFO - Feature preparation complete. Final features: 134
2025-09-04 21:57:27,051 - src.train_pipeline - INFO - Data preparation complete. Features: 134, Samples: 36682
2025-09-04 21:57:27,060 - src.train_pipeline - INFO - Time Series Split - Training: 29346, Holdout: 7336
2025-09-04 21:57:27,060 - src.train_pipeline - INFO - Building pipeline for xgboost with rfe feature selection
2025-09-04 21:57:27,143 - src.train_pipeline - INFO - Numerical features: 134, Categorical features: 0
2025-09-04 21:57:27,143 - src.train_pipeline - INFO - No categorical features found. Skipping OneHotEncoder.
2025-09-04 21:57:27,143 - src.train_pipeline - INFO - Selected model class: xgboost for classification
2025-09-04 21:57:27,144 - src.train_pipeline - INFO - Using feature selection method: rfe with top 60 features
2025-09-04 21:57:27,144 - src.train_pipeline - INFO - Retrieved parameters for model: xgboost
2025-09-04 21:57:27,144 - src.train_pipeline - INFO - Selected model class: xgboost for classification
2025-09-04 21:57:27,144 - src.train_pipeline - INFO - Starting cross-validation...
2025-09-04 21:57:27,144 - src.train_pipeline - INFO - Processing fold 1/5
2025-09-04 21:57:42,691 - src.train_pipeline - INFO - Fold 1 - Test Accuracy: 0.6868 - F1 Macro: 0.6499
2025-09-04 21:57:42,693 - src.train_pipeline - INFO - Processing fold 2/5
2025-09-04 21:58:08,552 - src.train_pipeline - INFO - Fold 2 - Test Accuracy: 0.7003 - F1 Macro: 0.6599
2025-09-04 21:58:08,556 - src.train_pipeline - INFO - Processing fold 3/5
2025-09-04 21:58:44,886 - src.train_pipeline - INFO - Fold 3 - Test Accuracy: 0.7142 - F1 Macro: 0.6805
2025-09-04 21:58:44,890 - src.train_pipeline - INFO - Processing fold 4/5
2025-09-04 21:59:30,920 - src.train_pipeline - INFO - Fold 4 - Test Accuracy: 0.7183 - F1 Macro: 0.6823
2025-09-04 21:59:30,924 - src.train_pipeline - INFO - Processing fold 5/5
2025-09-04 22:00:32,449 - src.train_pipeline - INFO - Fold 5 - Test Accuracy: 0.7191 - F1 Macro: 0.6767
2025-09-04 22:00:32,455 - src.train_pipeline - INFO - Training final model on full training period...
2025-09-04 22:01:45,457 - src.train_pipeline - INFO - Evaluating on holdout period...
2025-09-04 22:01:45,542 - src.train_pipeline - INFO - Holdout Accuracy: 0.6990
2025-09-04 22:01:45,542 - src.train_pipeline - INFO - Saving model artifacts...
2025-09-04 22:01:45,592 - src.train_pipeline - INFO - Artifacts saved successfully!
2025-09-04 22:01:45,592 - src.train_pipeline - INFO - Generating basic visualizations...
2025-09-04 22:01:45,592 - src.train_pipeline - ERROR - Error generating visualizations: 'Pipeline' object has no attribute 'final_metrics'
2025-09-04 22:01:45,608 - src.train_pipeline - INFO - Training completed successfully!
2025-09-04 22:28:09,854 - src.train_pipeline - INFO - Initialized MLPipeline for auto task
2025-09-04 22:28:09,856 - src.train_pipeline - INFO - Starting training for outcome with model: xgboost, feature selection: rfe with 60 features
2025-09-04 22:28:09,857 - src.train_pipeline - INFO - Preparing data with target column: outcome
2025-09-04 22:28:09,890 - src.train_pipeline - INFO - Filtered to 36682 completed matches
2025-09-04 22:28:09,939 - src.train_pipeline - INFO - Sorted data chronologically by date
2025-09-04 22:28:09,940 - src.train_pipeline - INFO - Auto-detected task type: classification
2025-09-04 22:28:09,950 - src.train_pipeline - INFO - Encoded classes: {'away_win': 0, 'draw': 1, 'home_win': 2}
2025-09-04 22:28:09,950 - src.train_pipeline - INFO - Preparing features...
2025-09-04 22:28:10,012 - src.train_pipeline - INFO - Removed 40 potential leakage columns
2025-09-04 22:28:10,199 - src.train_pipeline - INFO - Feature preparation complete. Final features: 134
2025-09-04 22:28:10,199 - src.train_pipeline - INFO - Data preparation complete. Features: 134, Samples: 36682
2025-09-04 22:28:10,205 - src.train_pipeline - INFO - Time Series Split - Training: 29346, Holdout: 7336
2025-09-04 22:28:10,205 - src.train_pipeline - INFO - Building pipeline for xgboost with rfe feature selection
2025-09-04 22:28:10,270 - src.train_pipeline - INFO - Numerical features: 134, Categorical features: 0
2025-09-04 22:28:10,270 - src.train_pipeline - INFO - No categorical features found. Skipping OneHotEncoder.
2025-09-04 22:28:10,270 - src.train_pipeline - INFO - Selected model class: xgboost for classification
2025-09-04 22:28:10,270 - src.train_pipeline - INFO - Using feature selection method: rfe with top 60 features
2025-09-04 22:28:10,270 - src.train_pipeline - INFO - Retrieved parameters for model: xgboost
2025-09-04 22:28:10,270 - src.train_pipeline - INFO - Selected model class: xgboost for classification
2025-09-04 22:28:10,270 - src.train_pipeline - INFO - Starting cross-validation...
2025-09-04 22:28:10,271 - src.train_pipeline - INFO - Processing fold 1/5
2025-09-04 22:28:26,020 - src.train_pipeline - INFO - Fold 1 - Test Accuracy: 0.6868 - F1 Macro: 0.6499
2025-09-04 22:28:26,023 - src.train_pipeline - INFO - Processing fold 2/5
2025-09-04 22:28:54,972 - src.train_pipeline - INFO - Fold 2 - Test Accuracy: 0.7003 - F1 Macro: 0.6599
2025-09-04 22:28:54,977 - src.train_pipeline - INFO - Processing fold 3/5
2025-09-04 22:29:38,920 - src.train_pipeline - INFO - Fold 3 - Test Accuracy: 0.7142 - F1 Macro: 0.6805
2025-09-04 22:29:38,923 - src.train_pipeline - INFO - Processing fold 4/5
2025-09-04 22:30:34,106 - src.train_pipeline - INFO - Fold 4 - Test Accuracy: 0.7183 - F1 Macro: 0.6823
2025-09-04 22:30:34,111 - src.train_pipeline - INFO - Processing fold 5/5
2025-09-04 22:31:42,963 - src.train_pipeline - INFO - Fold 5 - Test Accuracy: 0.7191 - F1 Macro: 0.6767
2025-09-04 22:31:42,972 - src.train_pipeline - INFO - Training final model on full training period...
2025-09-04 22:33:02,405 - src.train_pipeline - INFO - Evaluating on holdout period...
2025-09-04 22:33:02,465 - src.train_pipeline - INFO - Holdout Accuracy: 0.6990
2025-09-04 22:33:02,465 - src.train_pipeline - INFO - Saving model artifacts...
2025-09-04 22:33:02,504 - src.train_pipeline - INFO - Artifacts saved successfully!
2025-09-04 22:33:02,505 - src.train_pipeline - INFO - Generating basic visualizations...
2025-09-04 22:33:02,505 - src.train_pipeline - ERROR - Error generating visualizations: 'Pipeline' object has no attribute 'final_metrics'
2025-09-04 22:33:02,547 - src.train_pipeline - INFO - Training completed successfully!
