2025-08-29 21:32:28,838 - src.train_pipeline - INFO - Starting training with model: xgboost, feature selection: rfe with 70 features
2025-08-29 21:32:28,838 - src.train_pipeline - INFO - Preparing data with target column: outcome
2025-08-29 21:32:28,854 - src.train_pipeline - INFO - Filtered to 22853 completed matches
2025-08-29 21:32:28,879 - src.train_pipeline - INFO - Sorted data chronologically by date
2025-08-29 21:32:28,879 - src.train_pipeline - INFO - Auto-detected task type: classification
2025-08-29 21:32:28,885 - src.train_pipeline - INFO - Encoded classes: {'away_win': 0, 'draw': 1, 'home_win': 2}
2025-08-29 21:32:28,885 - src.train_pipeline - INFO - Preparing features...
2025-08-29 21:32:28,912 - src.train_pipeline - INFO - Removed 33 potential leakage columns
2025-08-29 21:32:29,054 - src.train_pipeline - INFO - Feature preparation complete. Final features: 132
2025-08-29 21:32:29,054 - src.train_pipeline - INFO - Data preparation complete. Features: 132, Samples: 22853
2025-08-29 21:32:29,058 - src.train_pipeline - INFO - Time Series Split - Training: 18283, Holdout: 4570
2025-08-29 21:32:29,064 - src.train_pipeline - INFO - Using balanced class weights: {0: 1.0663750364537765, 1: 1.3329687955672207, 2: 0.7621727530431882}
2025-08-29 21:32:29,064 - src.train_pipeline - INFO - Building pipeline for xgboost with rfe feature selection
2025-08-29 21:32:29,100 - src.train_pipeline - INFO - Numerical features: 132, Categorical features: 0
2025-08-29 21:32:29,101 - src.train_pipeline - INFO - Selected model class: xgboost for classification
2025-08-29 21:32:29,101 - src.train_pipeline - INFO - Using feature selection method: rfe with top 70 features
2025-08-29 21:32:29,101 - src.train_pipeline - INFO - Retrieved parameters for model: xgboost
2025-08-29 21:32:29,101 - src.train_pipeline - INFO - Selected model class: xgboost for classification
2025-08-29 21:32:29,101 - src.train_pipeline - INFO - Starting cross-validation...
2025-08-29 21:32:29,101 - src.train_pipeline - INFO - Processing fold 1/5
2025-08-29 21:32:29,114 - src.train_pipeline - INFO - Using oversampling - sample weights disabled to avoid size mismatch
2025-08-29 21:32:29,151 - src.train_pipeline - INFO - RandomOverSampler applied: 4167 samples
2025-08-29 21:32:40,339 - src.train_pipeline - INFO - Fold 1 - Test Accuracy: 0.6830 - F1 Macro: 0.6490
2025-08-29 21:32:40,343 - src.train_pipeline - INFO - Processing fold 2/5
2025-08-29 21:32:40,363 - src.train_pipeline - INFO - Using oversampling - sample weights disabled to avoid size mismatch
2025-08-29 21:32:40,426 - src.train_pipeline - INFO - RandomOverSampler applied: 8067 samples
2025-08-29 21:33:00,230 - src.train_pipeline - INFO - Fold 2 - Test Accuracy: 0.7246 - F1 Macro: 0.7105
2025-08-29 21:33:00,233 - src.train_pipeline - INFO - Processing fold 3/5
2025-08-29 21:33:00,256 - src.train_pipeline - INFO - Using oversampling - sample weights disabled to avoid size mismatch
2025-08-29 21:33:00,325 - src.train_pipeline - INFO - RandomOverSampler applied: 11922 samples
2025-08-29 21:33:24,786 - src.train_pipeline - INFO - Fold 3 - Test Accuracy: 0.7050 - F1 Macro: 0.6895
2025-08-29 21:33:24,791 - src.train_pipeline - INFO - Processing fold 4/5
2025-08-29 21:33:24,818 - src.train_pipeline - INFO - Using oversampling - sample weights disabled to avoid size mismatch
2025-08-29 21:33:24,904 - src.train_pipeline - INFO - RandomOverSampler applied: 15882 samples
2025-08-29 21:33:57,681 - src.train_pipeline - INFO - Fold 4 - Test Accuracy: 0.6672 - F1 Macro: 0.6563
2025-08-29 21:33:57,687 - src.train_pipeline - INFO - Processing fold 5/5
2025-08-29 21:33:57,715 - src.train_pipeline - INFO - Using oversampling - sample weights disabled to avoid size mismatch
2025-08-29 21:33:57,811 - src.train_pipeline - INFO - RandomOverSampler applied: 19926 samples
2025-08-29 21:34:37,565 - src.train_pipeline - INFO - Fold 5 - Test Accuracy: 0.7237 - F1 Macro: 0.7038
2025-08-29 21:34:37,571 - src.train_pipeline - INFO - Training final model on full training period...
2025-08-29 21:35:15,913 - src.train_pipeline - INFO - Evaluating on holdout period...
2025-08-29 21:35:15,959 - src.train_pipeline - INFO - Holdout Accuracy: 0.7081
2025-08-29 21:35:15,959 - src.train_pipeline - INFO - Saving model artifacts...
2025-08-29 21:35:16,003 - src.train_pipeline - INFO - Artifacts saved successfully!
2025-08-29 21:35:16,004 - src.train_pipeline - INFO - Training completed successfully!
