2025-09-04 17:46:34,545 - src.train_pipeline - INFO - Starting training for outcome with model: xgboost, feature selection: rfe with 60 features
2025-09-04 17:46:34,545 - src.train_pipeline - INFO - Preparing data with target column: outcome
2025-09-04 17:46:34,581 - src.train_pipeline - INFO - Filtered to 36682 completed matches
2025-09-04 17:46:34,638 - src.train_pipeline - INFO - Sorted data chronologically by date
2025-09-04 17:46:34,638 - src.train_pipeline - INFO - Auto-detected task type: classification
2025-09-04 17:46:34,648 - src.train_pipeline - INFO - Encoded classes: {'away_win': 0, 'draw': 1, 'home_win': 2}
2025-09-04 17:46:34,648 - src.train_pipeline - INFO - Preparing features...
2025-09-04 17:46:34,697 - src.train_pipeline - INFO - Removed 40 potential leakage columns
2025-09-04 17:46:34,891 - src.train_pipeline - INFO - Feature preparation complete. Final features: 134
2025-09-04 17:46:34,892 - src.train_pipeline - INFO - Data preparation complete. Features: 134, Samples: 36682
2025-09-04 17:46:34,898 - src.train_pipeline - INFO - Time Series Split - Training: 29346, Holdout: 7336
2025-09-04 17:46:34,898 - src.train_pipeline - INFO - Building pipeline for xgboost with rfe feature selection
2025-09-04 17:46:34,979 - src.train_pipeline - INFO - Numerical features: 134, Categorical features: 0
2025-09-04 17:46:34,979 - src.train_pipeline - INFO - Selected model class: xgboost for classification
2025-09-04 17:46:34,980 - src.train_pipeline - INFO - Using feature selection method: rfe with top 60 features
2025-09-04 17:46:34,980 - src.train_pipeline - INFO - Retrieved parameters for model: xgboost
2025-09-04 17:46:34,980 - src.train_pipeline - INFO - Selected model class: xgboost for classification
2025-09-04 17:46:34,980 - src.train_pipeline - INFO - Starting cross-validation...
2025-09-04 17:46:34,981 - src.train_pipeline - INFO - Processing fold 1/5
2025-09-04 17:46:52,194 - src.train_pipeline - INFO - Fold 1 - Test Accuracy: 0.6868 - F1 Macro: 0.6499
2025-09-04 17:46:52,197 - src.train_pipeline - INFO - Processing fold 2/5
2025-09-04 17:47:23,637 - src.train_pipeline - INFO - Fold 2 - Test Accuracy: 0.7003 - F1 Macro: 0.6599
2025-09-04 17:47:23,642 - src.train_pipeline - INFO - Processing fold 3/5
2025-09-04 17:48:07,513 - src.train_pipeline - INFO - Fold 3 - Test Accuracy: 0.7142 - F1 Macro: 0.6805
2025-09-04 17:48:07,517 - src.train_pipeline - INFO - Processing fold 4/5
2025-09-04 17:48:59,298 - src.train_pipeline - INFO - Fold 4 - Test Accuracy: 0.7183 - F1 Macro: 0.6823
2025-09-04 17:48:59,303 - src.train_pipeline - INFO - Processing fold 5/5
2025-09-04 17:50:05,514 - src.train_pipeline - INFO - Fold 5 - Test Accuracy: 0.7191 - F1 Macro: 0.6767
2025-09-04 17:50:05,519 - src.train_pipeline - INFO - Training final model on full training period...
2025-09-04 17:51:22,757 - src.train_pipeline - INFO - Evaluating on holdout period...
2025-09-04 17:51:22,828 - src.train_pipeline - INFO - Holdout Accuracy: 0.6990
2025-09-04 17:51:22,829 - src.train_pipeline - INFO - Saving model artifacts...
2025-09-04 17:51:22,870 - src.train_pipeline - INFO - Artifacts saved successfully!
2025-09-04 17:51:22,870 - src.train_pipeline - INFO - Generating basic visualizations...
