2025-09-04 19:48:31,237 - src.train_pipeline - INFO - Starting training for outcome with model: xgboost, feature selection: rfe with 60 features
2025-09-04 19:48:31,238 - src.train_pipeline - INFO - Preparing data with target column: outcome
2025-09-04 19:48:31,270 - src.train_pipeline - INFO - Filtered to 36682 completed matches
2025-09-04 19:48:31,322 - src.train_pipeline - INFO - Sorted data chronologically by date
2025-09-04 19:48:31,323 - src.train_pipeline - INFO - Auto-detected task type: classification
2025-09-04 19:48:31,331 - src.train_pipeline - INFO - Encoded classes: {'away_win': 0, 'draw': 1, 'home_win': 2}
2025-09-04 19:48:31,331 - src.train_pipeline - INFO - Preparing features...
2025-09-04 19:48:31,376 - src.train_pipeline - INFO - Removed 40 potential leakage columns
2025-09-04 19:48:31,536 - src.train_pipeline - INFO - Feature preparation complete. Final features: 134
2025-09-04 19:48:31,536 - src.train_pipeline - INFO - Data preparation complete. Features: 134, Samples: 36682
2025-09-04 19:48:31,542 - src.train_pipeline - INFO - Time Series Split - Training: 29346, Holdout: 7336
2025-09-04 19:48:31,542 - src.train_pipeline - INFO - Building pipeline for xgboost with rfe feature selection
2025-09-04 19:48:31,601 - src.train_pipeline - INFO - Numerical features: 134, Categorical features: 0
2025-09-04 19:48:31,601 - src.train_pipeline - INFO - No categorical features found. Skipping OneHotEncoder.
2025-09-04 19:48:31,601 - src.train_pipeline - INFO - Selected model class: xgboost for classification
2025-09-04 19:48:31,602 - src.train_pipeline - INFO - Using feature selection method: rfe with top 60 features
2025-09-04 19:48:31,602 - src.train_pipeline - INFO - Retrieved parameters for model: xgboost
2025-09-04 19:48:31,602 - src.train_pipeline - INFO - Selected model class: xgboost for classification
2025-09-04 19:48:31,603 - src.train_pipeline - INFO - Starting cross-validation...
2025-09-04 19:48:31,603 - src.train_pipeline - INFO - Processing fold 1/5
2025-09-04 19:48:46,898 - src.train_pipeline - INFO - Fold 1 - Test Accuracy: 0.6868 - F1 Macro: 0.6499
2025-09-04 19:48:46,902 - src.train_pipeline - INFO - Processing fold 2/5
2025-09-04 19:49:15,973 - src.train_pipeline - INFO - Fold 2 - Test Accuracy: 0.7003 - F1 Macro: 0.6599
2025-09-04 19:49:15,978 - src.train_pipeline - INFO - Processing fold 3/5
2025-09-04 19:49:59,155 - src.train_pipeline - INFO - Fold 3 - Test Accuracy: 0.7142 - F1 Macro: 0.6805
2025-09-04 19:49:59,160 - src.train_pipeline - INFO - Processing fold 4/5
2025-09-04 19:50:52,717 - src.train_pipeline - INFO - Fold 4 - Test Accuracy: 0.7183 - F1 Macro: 0.6823
2025-09-04 19:50:52,721 - src.train_pipeline - INFO - Processing fold 5/5
2025-09-04 19:52:09,116 - src.train_pipeline - INFO - Fold 5 - Test Accuracy: 0.7191 - F1 Macro: 0.6767
2025-09-04 19:52:09,121 - src.train_pipeline - INFO - Training final model on full training period...
2025-09-04 19:53:27,284 - src.train_pipeline - INFO - Evaluating on holdout period...
2025-09-04 19:53:27,351 - src.train_pipeline - INFO - Holdout Accuracy: 0.6990
2025-09-04 19:53:27,351 - src.train_pipeline - INFO - Saving model artifacts...
2025-09-04 19:53:27,393 - src.train_pipeline - INFO - Artifacts saved successfully!
2025-09-04 19:53:27,394 - src.train_pipeline - INFO - Generating basic visualizations...
2025-09-04 19:53:27,552 - src.train_pipeline - ERROR - Error generating visualizations: Specifying the columns using strings is only supported for pandas DataFrames
2025-09-04 19:53:27,647 - src.train_pipeline - INFO - Training completed successfully!
2025-09-04 19:56:41,179 - src.train_pipeline - INFO - Initialized MLPipeline for auto task
2025-09-04 19:56:41,181 - src.train_pipeline - INFO - Starting training for outcome with model: xgboost, feature selection: rfe with 60 features
2025-09-04 19:56:41,182 - src.train_pipeline - INFO - Preparing data with target column: outcome
2025-09-04 19:56:41,218 - src.train_pipeline - INFO - Filtered to 36682 completed matches
2025-09-04 19:56:41,271 - src.train_pipeline - INFO - Sorted data chronologically by date
2025-09-04 19:56:41,272 - src.train_pipeline - INFO - Auto-detected task type: classification
2025-09-04 19:56:41,280 - src.train_pipeline - INFO - Encoded classes: {'away_win': 0, 'draw': 1, 'home_win': 2}
2025-09-04 19:56:41,281 - src.train_pipeline - INFO - Preparing features...
2025-09-04 19:56:41,332 - src.train_pipeline - INFO - Removed 40 potential leakage columns
2025-09-04 19:56:41,502 - src.train_pipeline - INFO - Feature preparation complete. Final features: 134
2025-09-04 19:56:41,502 - src.train_pipeline - INFO - Data preparation complete. Features: 134, Samples: 36682
2025-09-04 19:56:41,508 - src.train_pipeline - INFO - Time Series Split - Training: 29346, Holdout: 7336
2025-09-04 19:56:41,509 - src.train_pipeline - INFO - Building pipeline for xgboost with rfe feature selection
2025-09-04 19:56:41,563 - src.train_pipeline - INFO - Numerical features: 134, Categorical features: 0
2025-09-04 19:56:41,564 - src.train_pipeline - INFO - No categorical features found. Skipping OneHotEncoder.
2025-09-04 19:56:41,564 - src.train_pipeline - INFO - Selected model class: xgboost for classification
2025-09-04 19:56:41,565 - src.train_pipeline - INFO - Using feature selection method: rfe with top 60 features
2025-09-04 19:56:41,565 - src.train_pipeline - INFO - Retrieved parameters for model: xgboost
2025-09-04 19:56:41,565 - src.train_pipeline - INFO - Selected model class: xgboost for classification
2025-09-04 19:56:41,565 - src.train_pipeline - INFO - Starting cross-validation...
2025-09-04 19:56:41,566 - src.train_pipeline - INFO - Processing fold 1/5
