2025-09-03 17:30:54,439 - src.collect_pipeline - INFO - Logging initialized. Log file: logs/collection\collection_20250903_173054.log
2025-09-03 17:30:54,444 - src.collect_pipeline - INFO - Logging initialized. Log file: logs/collection\collection_20250903_173054.log
2025-09-03 17:30:54,444 - src.collect_pipeline - INFO - Filtering leagues with: league_id=None, filter_ids=[89, 90], filter_tiers=None, filter_cups=None, filter_categories=None
2025-09-03 17:30:54,444 - src.collect_pipeline - INFO - Only filter_ids provided: [89, 90]
2025-09-03 17:30:54,445 - src.collect_pipeline - INFO - Processing Eerste Divisie (Netherlands) - ID: 89
2025-09-03 17:30:54,445 - src.collect_pipeline - INFO - Getting dates for Eerste Divisie (Netherlands) - Season 2019
2025-09-03 17:30:54,445 - src.collect_pipeline - INFO - Using default dates for Eerste Divisie: 2019-08-01 to 2020-05-31
2025-09-03 17:30:54,446 - src.collect_pipeline - INFO - Using automatic dates for Eerste Divisie: 2019-08-01 to 2020-05-31
2025-09-03 17:30:54,446 - src.collect_pipeline - INFO - Phase 1: Collecting 2019 season 2019-08-01 to 2020-05-31
2025-09-03 17:30:54,446 - src.collect_pipeline - INFO - Phase 1: Collecting entire season 2019-08-01 to 2020-05-31
2025-09-03 17:30:54,449 - src.collect_pipeline - INFO - Progress saved to data/raw\data_collection_progress.json
2025-09-03 17:30:54,449 - src.collect_pipeline - INFO - Fetching fixtures for Eerste Divisie 2019...
2025-09-03 17:30:54,449 - src.collect_pipeline - INFO - Date range: 2019-08-01 to 2020-05-31
2025-09-03 17:30:54,450 - src.collect_pipeline - INFO - Making API request: /fixtures?league=89&season=2019&from=2019-08-01&to=2020-05-31
2025-09-03 17:30:54,698 - src.collect_pipeline - INFO - API response: 380 results
2025-09-03 17:30:54,700 - src.collect_pipeline - INFO - Found 380 new fixtures to collect (excluding 0 already collected)
2025-09-03 17:30:54,816 - src.collect_pipeline - INFO - Saved 380 new fixtures to data/raw\Netherlands\Eerste Divisie\2019\fixture_events.json (total fixtures: 380)
2025-09-03 17:30:54,821 - src.collect_pipeline - INFO - Progress saved to data/raw\data_collection_progress.json
2025-09-03 17:30:54,822 - src.collect_pipeline - INFO - Found 380 fixtures to process for team_statistics
2025-09-03 17:30:54,822 - src.collect_pipeline - INFO - Processing 380 fixtures for team_statistics
2025-09-03 17:30:54,822 - src.collect_pipeline - INFO - Processing batch 1
2025-09-03 17:30:54,822 - src.collect_pipeline - INFO - Making API request: /fixtures/statistics?fixture=166068
2025-09-03 17:30:54,967 - src.collect_pipeline - INFO - API response: 0 results
2025-09-03 17:30:54,967 - src.collect_pipeline - INFO - Making API request: /fixtures/statistics?fixture=166066
2025-09-03 17:30:55,114 - src.collect_pipeline - INFO - API response: 0 results
2025-09-03 17:30:55,115 - src.collect_pipeline - INFO - Making API request: /fixtures/statistics?fixture=166067
2025-09-03 17:30:55,247 - src.collect_pipeline - INFO - API response: 0 results
2025-09-03 17:30:55,247 - src.collect_pipeline - INFO - Making API request: /fixtures/statistics?fixture=166069
2025-09-03 17:30:55,393 - src.collect_pipeline - INFO - API response: 0 results
2025-09-03 17:30:55,394 - src.collect_pipeline - INFO - Making API request: /fixtures/statistics?fixture=166070
2025-09-03 17:30:55,529 - src.collect_pipeline - INFO - API response: 0 results
2025-09-03 17:30:55,530 - src.collect_pipeline - INFO - Making API request: /fixtures/statistics?fixture=166072
2025-09-03 17:30:55,684 - src.collect_pipeline - INFO - API response: 0 results
2025-09-03 17:30:55,685 - src.collect_pipeline - INFO - Making API request: /fixtures/statistics?fixture=166065
2025-09-03 17:30:55,817 - src.collect_pipeline - INFO - API response: 0 results
2025-09-03 17:30:55,817 - src.collect_pipeline - INFO - Making API request: /fixtures/statistics?fixture=166071
2025-09-03 17:30:55,963 - src.collect_pipeline - INFO - API response: 0 results
2025-09-03 17:30:55,964 - src.collect_pipeline - INFO - Making API request: /fixtures/statistics?fixture=166073
2025-09-03 17:30:56,106 - src.collect_pipeline - INFO - API response: 0 results
2025-09-03 17:30:56,108 - src.collect_pipeline - INFO - Making API request: /fixtures/statistics?fixture=166074
2025-09-03 17:30:56,250 - src.collect_pipeline - INFO - API response: 0 results
2025-09-03 17:30:56,251 - src.collect_pipeline - INFO - Making API request: /fixtures/statistics?fixture=166077
2025-09-03 17:30:56,402 - src.collect_pipeline - INFO - API response: 0 results
2025-09-03 17:30:56,402 - src.collect_pipeline - INFO - Making API request: /fixtures/statistics?fixture=166075
2025-09-03 17:30:56,531 - src.collect_pipeline - INFO - API response: 0 results
2025-09-03 17:30:56,532 - src.collect_pipeline - INFO - Making API request: /fixtures/statistics?fixture=166079
2025-09-03 17:30:56,662 - src.collect_pipeline - INFO - API response: 0 results
2025-09-03 17:30:56,663 - src.collect_pipeline - INFO - Making API request: /fixtures/statistics?fixture=166082
2025-09-03 17:30:56,805 - src.collect_pipeline - INFO - API response: 0 results
2025-09-03 17:30:56,806 - src.collect_pipeline - INFO - Making API request: /fixtures/statistics?fixture=166076
2025-09-03 17:30:56,953 - src.collect_pipeline - INFO - API response: 0 results
2025-09-03 17:30:56,954 - src.collect_pipeline - INFO - Making API request: /fixtures/statistics?fixture=166080
2025-09-03 17:30:57,102 - src.collect_pipeline - INFO - API response: 0 results
2025-09-03 17:30:57,102 - src.collect_pipeline - INFO - Making API request: /fixtures/statistics?fixture=166081
2025-09-03 17:30:57,237 - src.collect_pipeline - INFO - API response: 0 results
2025-09-03 17:30:57,238 - src.collect_pipeline - INFO - Making API request: /fixtures/statistics?fixture=166078
2025-09-03 17:30:57,390 - src.collect_pipeline - INFO - API response: 0 results
2025-09-03 17:30:57,391 - src.collect_pipeline - INFO - Making API request: /fixtures/statistics?fixture=166084
2025-09-03 17:30:57,537 - src.collect_pipeline - INFO - API response: 0 results
2025-09-03 17:30:57,538 - src.collect_pipeline - INFO - Making API request: /fixtures/statistics?fixture=166083
2025-09-03 17:30:57,667 - src.collect_pipeline - INFO - API response: 0 results
2025-09-03 17:30:57,669 - src.collect_pipeline - INFO - Making API request: /fixtures/statistics?fixture=166086
2025-09-03 17:30:57,816 - src.collect_pipeline - INFO - API response: 0 results
2025-09-03 17:30:57,817 - src.collect_pipeline - INFO - Making API request: /fixtures/statistics?fixture=166085
2025-09-03 17:30:57,952 - src.collect_pipeline - INFO - API response: 0 results
2025-09-03 17:30:57,953 - src.collect_pipeline - INFO - Making API request: /fixtures/statistics?fixture=166089
2025-09-03 17:30:58,094 - src.collect_pipeline - INFO - API response: 0 results
2025-09-03 17:30:58,094 - src.collect_pipeline - INFO - Making API request: /fixtures/statistics?fixture=166087
2025-09-03 17:30:58,235 - src.collect_pipeline - INFO - API response: 0 results
2025-09-03 17:30:58,236 - src.collect_pipeline - INFO - Making API request: /fixtures/statistics?fixture=166088
2025-09-03 17:30:58,385 - src.collect_pipeline - INFO - API response: 0 results
2025-09-03 17:30:58,386 - src.collect_pipeline - INFO - Making API request: /fixtures/statistics?fixture=166090
2025-09-03 17:30:58,516 - src.collect_pipeline - INFO - API response: 0 results
2025-09-03 17:30:58,517 - src.collect_pipeline - INFO - Making API request: /fixtures/statistics?fixture=166104
2025-09-03 17:30:58,650 - src.collect_pipeline - INFO - API response: 0 results
2025-09-03 17:30:58,651 - src.collect_pipeline - INFO - Making API request: /fixtures/statistics?fixture=166095
2025-09-03 17:30:58,794 - src.collect_pipeline - INFO - API response: 0 results
2025-09-03 17:30:58,795 - src.collect_pipeline - INFO - Making API request: /fixtures/statistics?fixture=166102
2025-09-03 17:30:58,942 - src.collect_pipeline - INFO - API response: 0 results
2025-09-03 17:30:58,943 - src.collect_pipeline - INFO - Making API request: /fixtures/statistics?fixture=166096
2025-09-03 17:30:59,079 - src.collect_pipeline - INFO - API response: 0 results
2025-09-03 17:30:59,080 - src.collect_pipeline - INFO - Making API request: /fixtures/statistics?fixture=166100
2025-09-03 17:30:59,211 - src.collect_pipeline - INFO - API response: 0 results
2025-09-03 17:30:59,211 - src.collect_pipeline - INFO - Making API request: /fixtures/statistics?fixture=166097
2025-09-03 17:30:59,367 - src.collect_pipeline - INFO - API response: 0 results
2025-09-03 17:30:59,368 - src.collect_pipeline - INFO - Making API request: /fixtures/statistics?fixture=166099
2025-09-03 17:30:59,506 - src.collect_pipeline - INFO - API response: 0 results
2025-09-03 17:30:59,507 - src.collect_pipeline - INFO - Making API request: /fixtures/statistics?fixture=166103
2025-09-03 17:30:59,634 - src.collect_pipeline - INFO - API response: 0 results
2025-09-03 17:30:59,635 - src.collect_pipeline - INFO - Making API request: /fixtures/statistics?fixture=166101
2025-09-03 17:30:59,760 - src.collect_pipeline - INFO - API response: 0 results
2025-09-03 17:30:59,761 - src.collect_pipeline - INFO - Making API request: /fixtures/statistics?fixture=166098
2025-09-03 17:30:59,903 - src.collect_pipeline - INFO - API response: 0 results
2025-09-03 17:30:59,904 - src.collect_pipeline - INFO - Making API request: /fixtures/statistics?fixture=166093
2025-09-03 17:31:00,040 - src.collect_pipeline - INFO - API response: 0 results
2025-09-03 17:31:00,041 - src.collect_pipeline - INFO - Making API request: /fixtures/statistics?fixture=166092
2025-09-03 17:31:00,190 - src.collect_pipeline - INFO - API response: 0 results
2025-09-03 17:31:00,191 - src.collect_pipeline - INFO - Making API request: /fixtures/statistics?fixture=166094
2025-09-03 17:31:00,331 - src.collect_pipeline - INFO - API response: 0 results
2025-09-03 17:31:00,332 - src.collect_pipeline - INFO - Making API request: /fixtures/statistics?fixture=166091
2025-09-03 17:31:00,469 - src.collect_pipeline - INFO - API response: 0 results
2025-09-03 17:31:00,470 - src.collect_pipeline - INFO - Making API request: /fixtures/statistics?fixture=166107
2025-09-03 17:31:00,606 - src.collect_pipeline - INFO - API response: 0 results
2025-09-03 17:31:00,607 - src.collect_pipeline - INFO - Making API request: /fixtures/statistics?fixture=166106
2025-09-03 17:31:00,744 - src.collect_pipeline - INFO - API response: 0 results
2025-09-03 17:31:00,745 - src.collect_pipeline - INFO - Making API request: /fixtures/statistics?fixture=166108
2025-09-03 17:31:00,891 - src.collect_pipeline - INFO - API response: 0 results
2025-09-03 17:31:00,892 - src.collect_pipeline - INFO - Making API request: /fixtures/statistics?fixture=166109
2025-09-03 17:31:01,038 - src.collect_pipeline - INFO - API response: 0 results
2025-09-03 17:31:01,040 - src.collect_pipeline - INFO - Making API request: /fixtures/statistics?fixture=166114
2025-09-03 17:31:01,163 - src.collect_pipeline - INFO - API response: 0 results
2025-09-03 17:31:01,164 - src.collect_pipeline - INFO - Making API request: /fixtures/statistics?fixture=166111
2025-09-03 17:31:01,297 - src.collect_pipeline - INFO - API response: 0 results
2025-09-03 17:31:01,298 - src.collect_pipeline - INFO - Making API request: /fixtures/statistics?fixture=166105
2025-09-03 17:31:01,456 - src.collect_pipeline - INFO - API response: 0 results
2025-09-03 17:31:01,457 - src.collect_pipeline - INFO - Making API request: /fixtures/statistics?fixture=166110
2025-09-03 17:31:01,592 - src.collect_pipeline - INFO - API response: 0 results
2025-09-03 17:31:01,593 - src.collect_pipeline - INFO - Making API request: /fixtures/statistics?fixture=166113
2025-09-03 17:31:01,745 - src.collect_pipeline - INFO - API response: 0 results
2025-09-03 17:31:01,745 - src.collect_pipeline - INFO - Making API request: /fixtures/statistics?fixture=166112
2025-09-03 17:31:01,886 - src.collect_pipeline - INFO - API response: 0 results
2025-09-03 17:31:01,890 - src.collect_pipeline - INFO - Progress saved to data/raw\data_collection_progress.json
2025-09-03 17:31:01,890 - src.collect_pipeline - INFO - Processing batch 2
2025-09-03 17:31:01,890 - src.collect_pipeline - INFO - Making API request: /fixtures/statistics?fixture=166122
2025-09-03 17:31:02,019 - src.collect_pipeline - INFO - API response: 0 results
2025-09-03 17:31:02,020 - src.collect_pipeline - INFO - Making API request: /fixtures/statistics?fixture=166120
2025-09-03 17:31:02,145 - src.collect_pipeline - INFO - API response: 0 results
2025-09-03 17:31:02,146 - src.collect_pipeline - INFO - Making API request: /fixtures/statistics?fixture=166118
2025-09-03 17:31:02,285 - src.collect_pipeline - INFO - API response: 0 results
2025-09-03 17:31:02,285 - src.collect_pipeline - INFO - Making API request: /fixtures/statistics?fixture=166119
2025-09-03 17:31:02,421 - src.collect_pipeline - INFO - API response: 0 results
2025-09-03 17:31:02,422 - src.collect_pipeline - INFO - Making API request: /fixtures/statistics?fixture=166123
2025-09-03 17:31:02,554 - src.collect_pipeline - INFO - API response: 0 results
2025-09-03 17:31:02,555 - src.collect_pipeline - INFO - Making API request: /fixtures/statistics?fixture=166117
2025-09-03 17:31:02,682 - src.collect_pipeline - INFO - API response: 0 results
2025-09-03 17:31:02,683 - src.collect_pipeline - INFO - Making API request: /fixtures/statistics?fixture=166124
2025-09-03 17:31:02,835 - src.collect_pipeline - INFO - API response: 0 results
2025-09-03 17:31:02,836 - src.collect_pipeline - INFO - Making API request: /fixtures/statistics?fixture=166115
2025-09-03 17:31:02,978 - src.collect_pipeline - INFO - API response: 0 results
2025-09-03 17:31:02,979 - src.collect_pipeline - INFO - Making API request: /fixtures/statistics?fixture=166121
2025-09-03 17:31:03,121 - src.collect_pipeline - INFO - API response: 0 results
2025-09-03 17:31:03,122 - src.collect_pipeline - INFO - Making API request: /fixtures/statistics?fixture=166116
2025-09-03 17:31:03,266 - src.collect_pipeline - INFO - API response: 0 results
2025-09-03 17:31:03,267 - src.collect_pipeline - INFO - Making API request: /fixtures/statistics?fixture=166125
2025-09-03 17:31:03,402 - src.collect_pipeline - INFO - API response: 0 results
2025-09-03 17:31:03,403 - src.collect_pipeline - INFO - Making API request: /fixtures/statistics?fixture=166127
2025-09-03 17:31:03,536 - src.collect_pipeline - INFO - API response: 0 results
2025-09-03 17:31:03,537 - src.collect_pipeline - INFO - Making API request: /fixtures/statistics?fixture=166130
2025-09-03 17:31:03,674 - src.collect_pipeline - INFO - API response: 0 results
2025-09-03 17:31:03,675 - src.collect_pipeline - INFO - Making API request: /fixtures/statistics?fixture=166128
2025-09-03 17:31:03,809 - src.collect_pipeline - INFO - API response: 0 results
2025-09-03 17:31:03,811 - src.collect_pipeline - INFO - Making API request: /fixtures/statistics?fixture=166131
2025-09-03 17:31:03,954 - src.collect_pipeline - INFO - API response: 0 results
2025-09-03 17:31:03,955 - src.collect_pipeline - INFO - Making API request: /fixtures/statistics?fixture=166129
2025-09-03 17:31:04,100 - src.collect_pipeline - INFO - API response: 0 results
2025-09-03 17:31:04,101 - src.collect_pipeline - INFO - Making API request: /fixtures/statistics?fixture=166132
2025-09-03 17:31:04,230 - src.collect_pipeline - INFO - API response: 0 results
2025-09-03 17:31:04,231 - src.collect_pipeline - INFO - Making API request: /fixtures/statistics?fixture=166126
2025-09-03 17:31:04,367 - src.collect_pipeline - INFO - API response: 0 results
2025-09-03 17:31:04,367 - src.collect_pipeline - INFO - Making API request: /fixtures/statistics?fixture=166134
2025-09-03 17:31:04,521 - src.collect_pipeline - INFO - API response: 0 results
2025-09-03 17:31:04,522 - src.collect_pipeline - INFO - Making API request: /fixtures/statistics?fixture=166133
2025-09-03 17:31:04,663 - src.collect_pipeline - INFO - API response: 0 results
2025-09-03 17:31:04,664 - src.collect_pipeline - INFO - Making API request: /fixtures/statistics?fixture=166141
2025-09-03 17:31:04,796 - src.collect_pipeline - INFO - API response: 0 results
2025-09-03 17:31:04,797 - src.collect_pipeline - INFO - Making API request: /fixtures/statistics?fixture=166138
2025-09-03 17:31:04,942 - src.collect_pipeline - INFO - API response: 0 results
2025-09-03 17:31:04,944 - src.collect_pipeline - INFO - Making API request: /fixtures/statistics?fixture=166139
2025-09-03 17:31:05,066 - src.collect_pipeline - INFO - API response: 0 results
2025-09-03 17:31:05,067 - src.collect_pipeline - INFO - Making API request: /fixtures/statistics?fixture=166140
2025-09-03 17:31:05,205 - src.collect_pipeline - INFO - API response: 0 results
2025-09-03 17:31:05,206 - src.collect_pipeline - INFO - Making API request: /fixtures/statistics?fixture=166142
2025-09-03 17:31:05,339 - src.collect_pipeline - INFO - API response: 0 results
2025-09-03 17:31:05,340 - src.collect_pipeline - INFO - Making API request: /fixtures/statistics?fixture=166137
2025-09-03 17:31:05,478 - src.collect_pipeline - INFO - API response: 0 results
2025-09-03 17:31:05,479 - src.collect_pipeline - INFO - Making API request: /fixtures/statistics?fixture=166135
2025-09-03 17:31:05,613 - src.collect_pipeline - INFO - API response: 0 results
2025-09-03 17:31:05,614 - src.collect_pipeline - INFO - Making API request: /fixtures/statistics?fixture=166143
2025-09-03 17:31:05,737 - src.collect_pipeline - INFO - API response: 0 results
2025-09-03 17:31:05,738 - src.collect_pipeline - INFO - Making API request: /fixtures/statistics?fixture=166144
2025-09-03 17:31:05,873 - src.collect_pipeline - INFO - API response: 0 results
2025-09-03 17:31:05,873 - src.collect_pipeline - INFO - Making API request: /fixtures/statistics?fixture=166136
2025-09-03 17:31:06,024 - src.collect_pipeline - INFO - API response: 0 results
2025-09-03 17:31:06,025 - src.collect_pipeline - INFO - Making API request: /fixtures/statistics?fixture=166149
2025-09-03 17:31:06,160 - src.collect_pipeline - INFO - API response: 0 results
2025-09-03 17:31:06,161 - src.collect_pipeline - INFO - Making API request: /fixtures/statistics?fixture=166145
2025-09-03 17:31:06,295 - src.collect_pipeline - INFO - API response: 0 results
2025-09-03 17:31:06,296 - src.collect_pipeline - INFO - Making API request: /fixtures/statistics?fixture=166147
2025-09-03 17:31:06,424 - src.collect_pipeline - INFO - API response: 0 results
2025-09-03 17:31:06,426 - src.collect_pipeline - INFO - Making API request: /fixtures/statistics?fixture=166150
2025-09-03 17:31:06,562 - src.collect_pipeline - INFO - API response: 0 results
2025-09-03 17:31:06,563 - src.collect_pipeline - INFO - Making API request: /fixtures/statistics?fixture=166154
2025-09-03 17:31:06,790 - src.collect_pipeline - INFO - API response: 0 results
2025-09-03 17:31:06,790 - src.collect_pipeline - INFO - Making API request: /fixtures/statistics?fixture=166152
2025-09-03 17:31:06,960 - src.collect_pipeline - INFO - API response: 0 results
2025-09-03 17:31:06,961 - src.collect_pipeline - INFO - Making API request: /fixtures/statistics?fixture=166148
2025-09-03 17:31:07,094 - src.collect_pipeline - INFO - API response: 0 results
2025-09-03 17:31:07,096 - src.collect_pipeline - INFO - Making API request: /fixtures/statistics?fixture=166146
2025-09-03 17:31:07,250 - src.collect_pipeline - INFO - API response: 0 results
2025-09-03 17:31:07,251 - src.collect_pipeline - INFO - Making API request: /fixtures/statistics?fixture=166151
2025-09-03 17:31:07,386 - src.collect_pipeline - INFO - API response: 0 results
2025-09-03 17:31:07,387 - src.collect_pipeline - INFO - Making API request: /fixtures/statistics?fixture=166153
2025-09-03 17:31:07,514 - src.collect_pipeline - INFO - API response: 0 results
2025-09-03 17:31:07,515 - src.collect_pipeline - INFO - Making API request: /fixtures/statistics?fixture=165776
2025-09-03 17:31:07,656 - src.collect_pipeline - INFO - API response: 0 results
2025-09-03 17:31:07,656 - src.collect_pipeline - INFO - Making API request: /fixtures/statistics?fixture=165782
2025-09-03 17:31:07,800 - src.collect_pipeline - INFO - API response: 0 results
2025-09-03 17:31:07,800 - src.collect_pipeline - INFO - Making API request: /fixtures/statistics?fixture=165775
2025-09-03 17:31:07,953 - src.collect_pipeline - INFO - API response: 0 results
2025-09-03 17:31:07,954 - src.collect_pipeline - INFO - Making API request: /fixtures/statistics?fixture=165777
2025-09-03 17:31:08,149 - src.collect_pipeline - INFO - API response: 0 results
2025-09-03 17:31:08,150 - src.collect_pipeline - INFO - Making API request: /fixtures/statistics?fixture=165778
2025-09-03 17:31:08,311 - src.collect_pipeline - INFO - API response: 0 results
2025-09-03 17:31:08,312 - src.collect_pipeline - INFO - Making API request: /fixtures/statistics?fixture=165779
2025-09-03 17:31:08,449 - src.collect_pipeline - INFO - API response: 0 results
2025-09-03 17:31:08,450 - src.collect_pipeline - INFO - Making API request: /fixtures/statistics?fixture=165781
2025-09-03 17:31:08,592 - src.collect_pipeline - INFO - API response: 0 results
2025-09-03 17:31:08,594 - src.collect_pipeline - INFO - Making API request: /fixtures/statistics?fixture=165783
2025-09-03 17:31:08,783 - src.collect_pipeline - INFO - API response: 0 results
2025-09-03 17:31:08,784 - src.collect_pipeline - INFO - Making API request: /fixtures/statistics?fixture=165784
2025-09-03 17:31:08,923 - src.collect_pipeline - INFO - API response: 0 results
2025-09-03 17:31:08,924 - src.collect_pipeline - INFO - Making API request: /fixtures/statistics?fixture=165973
2025-09-03 17:31:09,052 - src.collect_pipeline - INFO - API response: 0 results
2025-09-03 17:31:09,056 - src.collect_pipeline - INFO - Progress saved to data/raw\data_collection_progress.json
2025-09-03 17:31:09,056 - src.collect_pipeline - INFO - Processing batch 3
2025-09-03 17:31:09,056 - src.collect_pipeline - INFO - Making API request: /fixtures/statistics?fixture=165787
2025-09-03 17:31:09,197 - src.collect_pipeline - INFO - API response: 0 results
2025-09-03 17:31:09,197 - src.collect_pipeline - INFO - Making API request: /fixtures/statistics?fixture=165788
2025-09-03 17:31:09,326 - src.collect_pipeline - INFO - API response: 0 results
2025-09-03 17:31:09,327 - src.collect_pipeline - INFO - Making API request: /fixtures/statistics?fixture=165786
2025-09-03 17:31:09,456 - src.collect_pipeline - INFO - API response: 0 results
2025-09-03 17:31:09,457 - src.collect_pipeline - INFO - Making API request: /fixtures/statistics?fixture=165791
2025-09-03 17:31:09,580 - src.collect_pipeline - INFO - API response: 0 results
2025-09-03 17:31:09,581 - src.collect_pipeline - INFO - Making API request: /fixtures/statistics?fixture=165785
2025-09-03 17:31:09,728 - src.collect_pipeline - INFO - API response: 0 results
2025-09-03 17:31:09,728 - src.collect_pipeline - INFO - Making API request: /fixtures/statistics?fixture=165790
2025-09-03 17:31:09,877 - src.collect_pipeline - INFO - API response: 0 results
2025-09-03 17:31:09,878 - src.collect_pipeline - INFO - Making API request: /fixtures/statistics?fixture=165789
2025-09-03 17:31:10,029 - src.collect_pipeline - INFO - API response: 0 results
2025-09-03 17:31:10,030 - src.collect_pipeline - INFO - Making API request: /fixtures/statistics?fixture=165794
2025-09-03 17:31:10,190 - src.collect_pipeline - INFO - API response: 0 results
2025-09-03 17:31:10,191 - src.collect_pipeline - INFO - Making API request: /fixtures/statistics?fixture=165793
2025-09-03 17:31:10,363 - src.collect_pipeline - INFO - API response: 0 results
2025-09-03 17:31:10,364 - src.collect_pipeline - INFO - Making API request: /fixtures/statistics?fixture=165792
2025-09-03 17:31:10,502 - src.collect_pipeline - INFO - API response: 0 results
2025-09-03 17:31:10,503 - src.collect_pipeline - INFO - Making API request: /fixtures/statistics?fixture=165800
2025-09-03 17:31:10,658 - src.collect_pipeline - INFO - API response: 0 results
2025-09-03 17:31:10,659 - src.collect_pipeline - INFO - Making API request: /fixtures/statistics?fixture=165796
2025-09-03 17:31:10,790 - src.collect_pipeline - INFO - API response: 0 results
2025-09-03 17:31:10,791 - src.collect_pipeline - INFO - Making API request: /fixtures/statistics?fixture=165795
2025-09-03 17:31:10,948 - src.collect_pipeline - INFO - API response: 0 results
2025-09-03 17:31:10,949 - src.collect_pipeline - INFO - Making API request: /fixtures/statistics?fixture=165797
2025-09-03 17:31:11,094 - src.collect_pipeline - INFO - API response: 0 results
2025-09-03 17:31:11,095 - src.collect_pipeline - INFO - Making API request: /fixtures/statistics?fixture=165801
2025-09-03 17:31:11,240 - src.collect_pipeline - INFO - API response: 0 results
2025-09-03 17:31:11,241 - src.collect_pipeline - INFO - Making API request: /fixtures/statistics?fixture=165798
2025-09-03 17:31:11,397 - src.collect_pipeline - INFO - API response: 0 results
2025-09-03 17:31:11,400 - src.collect_pipeline - INFO - Making API request: /fixtures/statistics?fixture=165799
2025-09-03 17:31:11,569 - src.collect_pipeline - INFO - API response: 0 results
2025-09-03 17:31:11,571 - src.collect_pipeline - INFO - Making API request: /fixtures/statistics?fixture=165803
2025-09-03 17:31:11,740 - src.collect_pipeline - INFO - API response: 0 results
2025-09-03 17:31:11,741 - src.collect_pipeline - INFO - Making API request: /fixtures/statistics?fixture=165802
2025-09-03 17:31:11,896 - src.collect_pipeline - INFO - API response: 0 results
2025-09-03 17:31:11,898 - src.collect_pipeline - INFO - Making API request: /fixtures/statistics?fixture=165804
2025-09-03 17:31:12,051 - src.collect_pipeline - INFO - API response: 0 results
2025-09-03 17:31:12,052 - src.collect_pipeline - INFO - Making API request: /fixtures/statistics?fixture=165808
2025-09-03 17:31:12,210 - src.collect_pipeline - INFO - API response: 0 results
2025-09-03 17:31:12,212 - src.collect_pipeline - INFO - Making API request: /fixtures/statistics?fixture=165809
2025-09-03 17:31:12,360 - src.collect_pipeline - INFO - API response: 0 results
2025-09-03 17:31:12,362 - src.collect_pipeline - INFO - Making API request: /fixtures/statistics?fixture=165806
2025-09-03 17:31:12,525 - src.collect_pipeline - INFO - API response: 0 results
2025-09-03 17:31:12,527 - src.collect_pipeline - INFO - Making API request: /fixtures/statistics?fixture=165812
2025-09-03 17:31:12,673 - src.collect_pipeline - INFO - API response: 0 results
2025-09-03 17:31:12,675 - src.collect_pipeline - INFO - Making API request: /fixtures/statistics?fixture=165805
2025-09-03 17:31:12,812 - src.collect_pipeline - INFO - API response: 0 results
2025-09-03 17:31:12,813 - src.collect_pipeline - INFO - Making API request: /fixtures/statistics?fixture=165807
2025-09-03 17:31:12,950 - src.collect_pipeline - INFO - API response: 0 results
2025-09-03 17:31:12,951 - src.collect_pipeline - INFO - Making API request: /fixtures/statistics?fixture=165811
2025-09-03 17:31:13,092 - src.collect_pipeline - INFO - API response: 0 results
2025-09-03 17:31:13,096 - src.collect_pipeline - INFO - Making API request: /fixtures/statistics?fixture=165810
2025-09-03 17:31:13,238 - src.collect_pipeline - INFO - API response: 0 results
2025-09-03 17:31:13,241 - src.collect_pipeline - INFO - Making API request: /fixtures/statistics?fixture=165813
2025-09-03 17:31:13,393 - src.collect_pipeline - INFO - API response: 0 results
2025-09-03 17:31:13,394 - src.collect_pipeline - INFO - Making API request: /fixtures/statistics?fixture=165814
2025-09-03 17:31:13,533 - src.collect_pipeline - INFO - API response: 0 results
2025-09-03 17:31:13,534 - src.collect_pipeline - INFO - Making API request: /fixtures/statistics?fixture=165815
2025-09-03 17:31:13,691 - src.collect_pipeline - INFO - API response: 0 results
2025-09-03 17:31:13,693 - src.collect_pipeline - INFO - Making API request: /fixtures/statistics?fixture=165817
2025-09-03 17:31:13,850 - src.collect_pipeline - INFO - API response: 0 results
2025-09-03 17:31:13,851 - src.collect_pipeline - INFO - Making API request: /fixtures/statistics?fixture=165816
2025-09-03 17:31:14,005 - src.collect_pipeline - INFO - API response: 0 results
2025-09-03 17:31:14,006 - src.collect_pipeline - INFO - Making API request: /fixtures/statistics?fixture=165818
2025-09-03 17:31:14,142 - src.collect_pipeline - INFO - API response: 0 results
2025-09-03 17:31:14,143 - src.collect_pipeline - INFO - Making API request: /fixtures/statistics?fixture=165819
2025-09-03 17:31:14,278 - src.collect_pipeline - INFO - API response: 0 results
2025-09-03 17:31:14,279 - src.collect_pipeline - INFO - Making API request: /fixtures/statistics?fixture=165820
2025-09-03 17:31:14,418 - src.collect_pipeline - INFO - API response: 0 results
2025-09-03 17:31:14,419 - src.collect_pipeline - INFO - Making API request: /fixtures/statistics?fixture=165833
2025-09-03 17:31:14,551 - src.collect_pipeline - INFO - API response: 0 results
2025-09-03 17:31:14,552 - src.collect_pipeline - INFO - Making API request: /fixtures/statistics?fixture=165828
2025-09-03 17:31:14,689 - src.collect_pipeline - INFO - API response: 0 results
2025-09-03 17:31:14,690 - src.collect_pipeline - INFO - Making API request: /fixtures/statistics?fixture=165825
2025-09-03 17:31:14,812 - src.collect_pipeline - INFO - API response: 0 results
2025-09-03 17:31:14,813 - src.collect_pipeline - INFO - Making API request: /fixtures/statistics?fixture=165826
2025-09-03 17:31:14,943 - src.collect_pipeline - INFO - API response: 0 results
2025-09-03 17:31:14,944 - src.collect_pipeline - INFO - Making API request: /fixtures/statistics?fixture=165831
2025-09-03 17:31:15,078 - src.collect_pipeline - INFO - API response: 0 results
2025-09-03 17:31:15,079 - src.collect_pipeline - INFO - Making API request: /fixtures/statistics?fixture=165830
2025-09-03 17:31:15,209 - src.collect_pipeline - INFO - API response: 0 results
2025-09-03 17:31:15,211 - src.collect_pipeline - INFO - Making API request: /fixtures/statistics?fixture=165829
2025-09-03 17:31:15,334 - src.collect_pipeline - INFO - API response: 0 results
2025-09-03 17:31:15,335 - src.collect_pipeline - INFO - Making API request: /fixtures/statistics?fixture=165827
2025-09-03 17:31:15,488 - src.collect_pipeline - INFO - API response: 0 results
2025-09-03 17:31:15,489 - src.collect_pipeline - INFO - Making API request: /fixtures/statistics?fixture=165832
2025-09-03 17:31:15,622 - src.collect_pipeline - INFO - API response: 0 results
2025-09-03 17:31:15,623 - src.collect_pipeline - INFO - Making API request: /fixtures/statistics?fixture=165834
2025-09-03 17:31:15,757 - src.collect_pipeline - INFO - API response: 0 results
2025-09-03 17:31:15,758 - src.collect_pipeline - INFO - Making API request: /fixtures/statistics?fixture=165822
2025-09-03 17:31:15,904 - src.collect_pipeline - INFO - API response: 0 results
2025-09-03 17:31:15,905 - src.collect_pipeline - INFO - Making API request: /fixtures/statistics?fixture=165824
2025-09-03 17:31:16,052 - src.collect_pipeline - INFO - API response: 0 results
2025-09-03 17:31:16,053 - src.collect_pipeline - INFO - Making API request: /fixtures/statistics?fixture=165823
2025-09-03 17:31:16,202 - src.collect_pipeline - INFO - API response: 0 results
2025-09-03 17:31:16,203 - src.collect_pipeline - INFO - Making API request: /fixtures/statistics?fixture=165821
2025-09-03 17:31:16,347 - src.collect_pipeline - INFO - API response: 0 results
2025-09-03 17:31:16,356 - src.collect_pipeline - INFO - Progress saved to data/raw\data_collection_progress.json
2025-09-03 17:31:16,356 - src.collect_pipeline - INFO - Processing batch 4
2025-09-03 17:31:16,356 - src.collect_pipeline - INFO - Making API request: /fixtures/statistics?fixture=165839
2025-09-03 17:31:16,511 - src.collect_pipeline - INFO - API response: 0 results
2025-09-03 17:31:16,513 - src.collect_pipeline - INFO - Making API request: /fixtures/statistics?fixture=165836
2025-09-03 17:31:16,651 - src.collect_pipeline - INFO - API response: 0 results
2025-09-03 17:31:16,651 - src.collect_pipeline - INFO - Making API request: /fixtures/statistics?fixture=165835
2025-09-03 17:31:16,799 - src.collect_pipeline - INFO - API response: 0 results
2025-09-03 17:31:16,800 - src.collect_pipeline - INFO - Making API request: /fixtures/statistics?fixture=165837
2025-09-03 17:31:16,928 - src.collect_pipeline - INFO - API response: 0 results
2025-09-03 17:31:16,928 - src.collect_pipeline - INFO - Making API request: /fixtures/statistics?fixture=165840
2025-09-03 17:31:17,059 - src.collect_pipeline - INFO - API response: 0 results
2025-09-03 17:31:17,060 - src.collect_pipeline - INFO - Making API request: /fixtures/statistics?fixture=165841
2025-09-03 17:31:17,213 - src.collect_pipeline - INFO - API response: 0 results
2025-09-03 17:31:17,214 - src.collect_pipeline - INFO - Making API request: /fixtures/statistics?fixture=165838
2025-09-03 17:31:17,360 - src.collect_pipeline - INFO - API response: 0 results
2025-09-03 17:31:17,360 - src.collect_pipeline - INFO - Making API request: /fixtures/statistics?fixture=165842
2025-09-03 17:31:17,500 - src.collect_pipeline - INFO - API response: 0 results
2025-09-03 17:31:17,502 - src.collect_pipeline - INFO - Making API request: /fixtures/statistics?fixture=165843
2025-09-03 17:31:17,638 - src.collect_pipeline - INFO - API response: 0 results
2025-09-03 17:31:17,640 - src.collect_pipeline - INFO - Making API request: /fixtures/statistics?fixture=165844
2025-09-03 17:31:17,780 - src.collect_pipeline - INFO - API response: 0 results
2025-09-03 17:31:17,781 - src.collect_pipeline - INFO - Making API request: /fixtures/statistics?fixture=165848
2025-09-03 17:31:17,914 - src.collect_pipeline - INFO - API response: 0 results
2025-09-03 17:31:17,915 - src.collect_pipeline - INFO - Making API request: /fixtures/statistics?fixture=165846
2025-09-03 17:31:18,057 - src.collect_pipeline - INFO - API response: 0 results
2025-09-03 17:31:18,058 - src.collect_pipeline - INFO - Making API request: /fixtures/statistics?fixture=165849
2025-09-03 17:31:18,201 - src.collect_pipeline - INFO - API response: 0 results
2025-09-03 17:31:18,202 - src.collect_pipeline - INFO - Making API request: /fixtures/statistics?fixture=165852
2025-09-03 17:31:18,349 - src.collect_pipeline - INFO - API response: 0 results
2025-09-03 17:31:18,350 - src.collect_pipeline - INFO - Making API request: /fixtures/statistics?fixture=165845
2025-09-03 17:31:18,501 - src.collect_pipeline - INFO - API response: 0 results
2025-09-03 17:31:18,501 - src.collect_pipeline - INFO - Making API request: /fixtures/statistics?fixture=165851
2025-09-03 17:31:18,687 - src.collect_pipeline - INFO - API response: 0 results
2025-09-03 17:31:18,688 - src.collect_pipeline - INFO - Making API request: /fixtures/statistics?fixture=165847
2025-09-03 17:31:18,823 - src.collect_pipeline - INFO - API response: 0 results
2025-09-03 17:31:18,825 - src.collect_pipeline - INFO - Making API request: /fixtures/statistics?fixture=165850
2025-09-03 17:31:18,965 - src.collect_pipeline - INFO - API response: 0 results
2025-09-03 17:31:18,966 - src.collect_pipeline - INFO - Making API request: /fixtures/statistics?fixture=165854
2025-09-03 17:31:19,137 - src.collect_pipeline - INFO - API response: 0 results
2025-09-03 17:31:19,138 - src.collect_pipeline - INFO - Making API request: /fixtures/statistics?fixture=165853
2025-09-03 17:31:19,272 - src.collect_pipeline - INFO - API response: 0 results
2025-09-03 17:31:19,273 - src.collect_pipeline - INFO - Making API request: /fixtures/statistics?fixture=165861
2025-09-03 17:31:19,408 - src.collect_pipeline - INFO - API response: 0 results
2025-09-03 17:31:19,409 - src.collect_pipeline - INFO - Making API request: /fixtures/statistics?fixture=165857
2025-09-03 17:31:19,591 - src.collect_pipeline - INFO - API response: 0 results
2025-09-03 17:31:19,592 - src.collect_pipeline - INFO - Making API request: /fixtures/statistics?fixture=165856
2025-09-03 17:31:19,724 - src.collect_pipeline - INFO - API response: 0 results
2025-09-03 17:31:19,725 - src.collect_pipeline - INFO - Making API request: /fixtures/statistics?fixture=165859
2025-09-03 17:31:19,855 - src.collect_pipeline - INFO - API response: 0 results
2025-09-03 17:31:19,856 - src.collect_pipeline - INFO - Making API request: /fixtures/statistics?fixture=165858
2025-09-03 17:31:19,990 - src.collect_pipeline - INFO - API response: 0 results
2025-09-03 17:31:19,991 - src.collect_pipeline - INFO - Making API request: /fixtures/statistics?fixture=165855
2025-09-03 17:31:20,128 - src.collect_pipeline - INFO - API response: 0 results
2025-09-03 17:31:20,128 - src.collect_pipeline - INFO - Making API request: /fixtures/statistics?fixture=165860
2025-09-03 17:31:20,268 - src.collect_pipeline - INFO - API response: 0 results
2025-09-03 17:31:20,269 - src.collect_pipeline - INFO - Making API request: /fixtures/statistics?fixture=165864
2025-09-03 17:31:20,412 - src.collect_pipeline - INFO - API response: 0 results
2025-09-03 17:31:20,413 - src.collect_pipeline - INFO - Making API request: /fixtures/statistics?fixture=165862
2025-09-03 17:31:20,543 - src.collect_pipeline - INFO - API response: 0 results
2025-09-03 17:31:20,543 - src.collect_pipeline - INFO - Making API request: /fixtures/statistics?fixture=165863
2025-09-03 17:31:20,677 - src.collect_pipeline - INFO - API response: 0 results
2025-09-03 17:31:20,678 - src.collect_pipeline - INFO - Making API request: /fixtures/statistics?fixture=165865
2025-09-03 17:31:20,803 - src.collect_pipeline - INFO - API response: 0 results
2025-09-03 17:31:20,803 - src.collect_pipeline - INFO - Making API request: /fixtures/statistics?fixture=165866
2025-09-03 17:31:20,936 - src.collect_pipeline - INFO - API response: 0 results
2025-09-03 17:31:20,937 - src.collect_pipeline - INFO - Making API request: /fixtures/statistics?fixture=165867
2025-09-03 17:31:21,076 - src.collect_pipeline - INFO - API response: 0 results
2025-09-03 17:31:21,077 - src.collect_pipeline - INFO - Making API request: /fixtures/statistics?fixture=165868
2025-09-03 17:31:21,204 - src.collect_pipeline - INFO - API response: 0 results
2025-09-03 17:31:21,205 - src.collect_pipeline - INFO - Making API request: /fixtures/statistics?fixture=165870
2025-09-03 17:31:21,346 - src.collect_pipeline - INFO - API response: 0 results
2025-09-03 17:31:21,347 - src.collect_pipeline - INFO - Making API request: /fixtures/statistics?fixture=165869
2025-09-03 17:31:21,479 - src.collect_pipeline - INFO - API response: 0 results
2025-09-03 17:31:21,480 - src.collect_pipeline - INFO - Making API request: /fixtures/statistics?fixture=165880
2025-09-03 17:31:21,603 - src.collect_pipeline - INFO - API response: 0 results
2025-09-03 17:31:21,604 - src.collect_pipeline - INFO - Making API request: /fixtures/statistics?fixture=165882
2025-09-03 17:31:21,745 - src.collect_pipeline - INFO - API response: 0 results
2025-09-03 17:31:21,745 - src.collect_pipeline - INFO - Making API request: /fixtures/statistics?fixture=165881
2025-09-03 17:31:21,881 - src.collect_pipeline - INFO - API response: 0 results
2025-09-03 17:31:21,882 - src.collect_pipeline - INFO - Making API request: /fixtures/statistics?fixture=165877
2025-09-03 17:31:22,008 - src.collect_pipeline - INFO - API response: 0 results
2025-09-03 17:31:22,009 - src.collect_pipeline - INFO - Making API request: /fixtures/statistics?fixture=165878
2025-09-03 17:31:22,167 - src.collect_pipeline - INFO - API response: 0 results
2025-09-03 17:31:22,168 - src.collect_pipeline - INFO - Making API request: /fixtures/statistics?fixture=165879
2025-09-03 17:31:22,305 - src.collect_pipeline - INFO - API response: 0 results
2025-09-03 17:31:22,305 - src.collect_pipeline - INFO - Making API request: /fixtures/statistics?fixture=165883
2025-09-03 17:31:22,431 - src.collect_pipeline - INFO - API response: 0 results
2025-09-03 17:31:22,432 - src.collect_pipeline - INFO - Making API request: /fixtures/statistics?fixture=165876
2025-09-03 17:31:22,571 - src.collect_pipeline - INFO - API response: 0 results
2025-09-03 17:31:22,572 - src.collect_pipeline - INFO - Making API request: /fixtures/statistics?fixture=165884
2025-09-03 17:31:22,714 - src.collect_pipeline - INFO - API response: 0 results
2025-09-03 17:31:22,715 - src.collect_pipeline - INFO - Making API request: /fixtures/statistics?fixture=165875
2025-09-03 17:31:23,920 - src.collect_pipeline - INFO - API response: 0 results
2025-09-03 17:31:23,921 - src.collect_pipeline - INFO - Making API request: /fixtures/statistics?fixture=165871
2025-09-03 17:31:24,135 - src.collect_pipeline - INFO - API response: 0 results
2025-09-03 17:31:24,136 - src.collect_pipeline - INFO - Making API request: /fixtures/statistics?fixture=165872
2025-09-03 17:31:24,387 - src.collect_pipeline - INFO - API response: 0 results
2025-09-03 17:31:24,387 - src.collect_pipeline - INFO - Making API request: /fixtures/statistics?fixture=165874
2025-09-03 17:31:24,527 - src.collect_pipeline - INFO - API response: 0 results
2025-09-03 17:31:24,527 - src.collect_pipeline - INFO - Making API request: /fixtures/statistics?fixture=165873
2025-09-03 17:31:24,684 - src.collect_pipeline - INFO - API response: 0 results
2025-09-03 17:31:24,688 - src.collect_pipeline - INFO - Progress saved to data/raw\data_collection_progress.json
2025-09-03 17:31:24,688 - src.collect_pipeline - INFO - Processing batch 5
2025-09-03 17:31:24,688 - src.collect_pipeline - INFO - Making API request: /fixtures/statistics?fixture=165888
2025-09-03 17:31:24,851 - src.collect_pipeline - INFO - API response: 0 results
2025-09-03 17:31:24,852 - src.collect_pipeline - INFO - Making API request: /fixtures/statistics?fixture=165889
2025-09-03 17:31:24,991 - src.collect_pipeline - INFO - API response: 0 results
2025-09-03 17:31:24,992 - src.collect_pipeline - INFO - Making API request: /fixtures/statistics?fixture=165887
2025-09-03 17:31:25,125 - src.collect_pipeline - INFO - API response: 0 results
2025-09-03 17:31:25,126 - src.collect_pipeline - INFO - Making API request: /fixtures/statistics?fixture=165890
2025-09-03 17:31:25,256 - src.collect_pipeline - INFO - API response: 0 results
2025-09-03 17:31:25,257 - src.collect_pipeline - INFO - Making API request: /fixtures/statistics?fixture=165891
2025-09-03 17:31:25,396 - src.collect_pipeline - INFO - API response: 0 results
2025-09-03 17:31:25,397 - src.collect_pipeline - INFO - Making API request: /fixtures/statistics?fixture=165886
2025-09-03 17:31:25,518 - src.collect_pipeline - INFO - API response: 0 results
2025-09-03 17:31:25,518 - src.collect_pipeline - INFO - Making API request: /fixtures/statistics?fixture=165893
2025-09-03 17:31:25,668 - src.collect_pipeline - INFO - API response: 0 results
2025-09-03 17:31:25,669 - src.collect_pipeline - INFO - Making API request: /fixtures/statistics?fixture=165892
2025-09-03 17:31:25,809 - src.collect_pipeline - INFO - API response: 0 results
2025-09-03 17:31:25,810 - src.collect_pipeline - INFO - Making API request: /fixtures/statistics?fixture=165894
2025-09-03 17:31:25,962 - src.collect_pipeline - INFO - API response: 0 results
2025-09-03 17:31:25,963 - src.collect_pipeline - INFO - Making API request: /fixtures/statistics?fixture=165885
2025-09-03 17:31:26,096 - src.collect_pipeline - INFO - API response: 0 results
2025-09-03 17:31:26,097 - src.collect_pipeline - INFO - Making API request: /fixtures/statistics?fixture=165901
2025-09-03 17:31:26,239 - src.collect_pipeline - INFO - API response: 0 results
2025-09-03 17:31:26,240 - src.collect_pipeline - INFO - Making API request: /fixtures/statistics?fixture=165897
2025-09-03 17:31:26,376 - src.collect_pipeline - INFO - API response: 0 results
2025-09-03 17:31:26,377 - src.collect_pipeline - INFO - Making API request: /fixtures/statistics?fixture=165896
2025-09-03 17:31:26,521 - src.collect_pipeline - INFO - API response: 0 results
2025-09-03 17:31:26,522 - src.collect_pipeline - INFO - Making API request: /fixtures/statistics?fixture=165898
2025-09-03 17:31:26,652 - src.collect_pipeline - INFO - API response: 0 results
2025-09-03 17:31:26,653 - src.collect_pipeline - INFO - Making API request: /fixtures/statistics?fixture=165895
2025-09-03 17:31:26,790 - src.collect_pipeline - INFO - API response: 0 results
2025-09-03 17:31:26,792 - src.collect_pipeline - INFO - Making API request: /fixtures/statistics?fixture=165900
2025-09-03 17:31:26,932 - src.collect_pipeline - INFO - API response: 0 results
2025-09-03 17:31:26,933 - src.collect_pipeline - INFO - Making API request: /fixtures/statistics?fixture=165899
2025-09-03 17:31:27,061 - src.collect_pipeline - INFO - API response: 0 results
2025-09-03 17:31:27,062 - src.collect_pipeline - INFO - Making API request: /fixtures/statistics?fixture=165902
2025-09-03 17:31:27,202 - src.collect_pipeline - INFO - API response: 0 results
2025-09-03 17:31:27,203 - src.collect_pipeline - INFO - Making API request: /fixtures/statistics?fixture=165903
2025-09-03 17:31:27,346 - src.collect_pipeline - INFO - API response: 0 results
2025-09-03 17:31:27,347 - src.collect_pipeline - INFO - Making API request: /fixtures/statistics?fixture=165904
2025-09-03 17:31:27,484 - src.collect_pipeline - INFO - API response: 0 results
2025-09-03 17:31:27,485 - src.collect_pipeline - INFO - Making API request: /fixtures/statistics?fixture=165908
2025-09-03 17:31:27,636 - src.collect_pipeline - INFO - API response: 0 results
2025-09-03 17:31:27,637 - src.collect_pipeline - INFO - Making API request: /fixtures/statistics?fixture=165907
2025-09-03 17:31:27,776 - src.collect_pipeline - INFO - API response: 0 results
2025-09-03 17:31:27,777 - src.collect_pipeline - INFO - Making API request: /fixtures/statistics?fixture=165906
2025-09-03 17:31:27,914 - src.collect_pipeline - INFO - API response: 0 results
2025-09-03 17:31:27,915 - src.collect_pipeline - INFO - Making API request: /fixtures/statistics?fixture=165909
2025-09-03 17:31:28,057 - src.collect_pipeline - INFO - API response: 0 results
2025-09-03 17:31:28,057 - src.collect_pipeline - INFO - Making API request: /fixtures/statistics?fixture=165910
2025-09-03 17:31:28,182 - src.collect_pipeline - INFO - API response: 0 results
2025-09-03 17:31:28,183 - src.collect_pipeline - INFO - Making API request: /fixtures/statistics?fixture=165905
2025-09-03 17:31:28,318 - src.collect_pipeline - INFO - API response: 0 results
2025-09-03 17:31:28,319 - src.collect_pipeline - INFO - Making API request: /fixtures/statistics?fixture=165914
2025-09-03 17:31:28,452 - src.collect_pipeline - INFO - API response: 0 results
2025-09-03 17:31:28,453 - src.collect_pipeline - INFO - Making API request: /fixtures/statistics?fixture=165912
2025-09-03 17:31:28,581 - src.collect_pipeline - INFO - API response: 0 results
2025-09-03 17:31:28,581 - src.collect_pipeline - INFO - Making API request: /fixtures/statistics?fixture=165913
2025-09-03 17:31:28,735 - src.collect_pipeline - INFO - API response: 0 results
2025-09-03 17:31:28,736 - src.collect_pipeline - INFO - Making API request: /fixtures/statistics?fixture=165911
2025-09-03 17:31:28,876 - src.collect_pipeline - INFO - API response: 0 results
2025-09-03 17:31:28,877 - src.collect_pipeline - INFO - Making API request: /fixtures/statistics?fixture=165917
2025-09-03 17:31:29,005 - src.collect_pipeline - INFO - API response: 0 results
2025-09-03 17:31:29,006 - src.collect_pipeline - INFO - Making API request: /fixtures/statistics?fixture=165915
2025-09-03 17:31:29,156 - src.collect_pipeline - INFO - API response: 0 results
2025-09-03 17:31:29,157 - src.collect_pipeline - INFO - Making API request: /fixtures/statistics?fixture=165916
2025-09-03 17:31:29,310 - src.collect_pipeline - INFO - API response: 0 results
2025-09-03 17:31:29,311 - src.collect_pipeline - INFO - Making API request: /fixtures/statistics?fixture=165918
2025-09-03 17:31:29,444 - src.collect_pipeline - INFO - API response: 0 results
2025-09-03 17:31:29,445 - src.collect_pipeline - INFO - Making API request: /fixtures/statistics?fixture=165919
2025-09-03 17:31:29,601 - src.collect_pipeline - INFO - API response: 0 results
2025-09-03 17:31:29,601 - src.collect_pipeline - INFO - Making API request: /fixtures/statistics?fixture=165920
2025-09-03 17:31:29,734 - src.collect_pipeline - INFO - API response: 0 results
2025-09-03 17:31:29,734 - src.collect_pipeline - INFO - Making API request: /fixtures/statistics?fixture=165929
2025-09-03 17:31:29,880 - src.collect_pipeline - INFO - API response: 0 results
2025-09-03 17:31:29,881 - src.collect_pipeline - INFO - Making API request: /fixtures/statistics?fixture=165927
2025-09-03 17:31:30,028 - src.collect_pipeline - INFO - API response: 0 results
2025-09-03 17:31:30,029 - src.collect_pipeline - INFO - Making API request: /fixtures/statistics?fixture=165926
2025-09-03 17:31:30,161 - src.collect_pipeline - INFO - API response: 0 results
2025-09-03 17:31:30,161 - src.collect_pipeline - INFO - Making API request: /fixtures/statistics?fixture=165930
2025-09-03 17:31:30,302 - src.collect_pipeline - INFO - API response: 0 results
2025-09-03 17:31:30,303 - src.collect_pipeline - INFO - Making API request: /fixtures/statistics?fixture=165933
2025-09-03 17:31:30,441 - src.collect_pipeline - INFO - API response: 0 results
2025-09-03 17:31:30,442 - src.collect_pipeline - INFO - Making API request: /fixtures/statistics?fixture=165931
2025-09-03 17:31:30,577 - src.collect_pipeline - INFO - API response: 0 results
2025-09-03 17:31:30,578 - src.collect_pipeline - INFO - Making API request: /fixtures/statistics?fixture=165934
2025-09-03 17:31:30,721 - src.collect_pipeline - INFO - API response: 0 results
2025-09-03 17:31:30,722 - src.collect_pipeline - INFO - Making API request: /fixtures/statistics?fixture=165932
2025-09-03 17:31:30,879 - src.collect_pipeline - INFO - API response: 0 results
2025-09-03 17:31:30,880 - src.collect_pipeline - INFO - Making API request: /fixtures/statistics?fixture=165928
2025-09-03 17:31:31,016 - src.collect_pipeline - INFO - API response: 0 results
2025-09-03 17:31:31,017 - src.collect_pipeline - INFO - Making API request: /fixtures/statistics?fixture=165925
2025-09-03 17:31:31,156 - src.collect_pipeline - INFO - API response: 0 results
2025-09-03 17:31:31,157 - src.collect_pipeline - INFO - Making API request: /fixtures/statistics?fixture=165921
2025-09-03 17:31:31,304 - src.collect_pipeline - INFO - API response: 0 results
2025-09-03 17:31:31,305 - src.collect_pipeline - INFO - Making API request: /fixtures/statistics?fixture=165922
2025-09-03 17:31:31,450 - src.collect_pipeline - INFO - API response: 0 results
2025-09-03 17:31:31,451 - src.collect_pipeline - INFO - Making API request: /fixtures/statistics?fixture=165924
2025-09-03 17:31:31,581 - src.collect_pipeline - INFO - API response: 0 results
2025-09-03 17:31:31,582 - src.collect_pipeline - INFO - Making API request: /fixtures/statistics?fixture=165923
2025-09-03 17:31:31,722 - src.collect_pipeline - INFO - API response: 0 results
2025-09-03 17:31:31,727 - src.collect_pipeline - INFO - Progress saved to data/raw\data_collection_progress.json
2025-09-03 17:31:31,727 - src.collect_pipeline - INFO - Processing batch 6
2025-09-03 17:31:31,727 - src.collect_pipeline - INFO - Making API request: /fixtures/statistics?fixture=165936
2025-09-03 17:31:31,866 - src.collect_pipeline - INFO - API response: 0 results
2025-09-03 17:31:31,867 - src.collect_pipeline - INFO - Making API request: /fixtures/statistics?fixture=165939
2025-09-03 17:31:32,002 - src.collect_pipeline - INFO - API response: 0 results
2025-09-03 17:31:32,003 - src.collect_pipeline - INFO - Making API request: /fixtures/statistics?fixture=165941
2025-09-03 17:31:32,139 - src.collect_pipeline - INFO - API response: 0 results
2025-09-03 17:31:32,139 - src.collect_pipeline - INFO - Making API request: /fixtures/statistics?fixture=165935
2025-09-03 17:31:32,276 - src.collect_pipeline - INFO - API response: 0 results
2025-09-03 17:31:32,277 - src.collect_pipeline - INFO - Making API request: /fixtures/statistics?fixture=165937
2025-09-03 17:31:32,403 - src.collect_pipeline - INFO - API response: 0 results
2025-09-03 17:31:32,404 - src.collect_pipeline - INFO - Making API request: /fixtures/statistics?fixture=165938
2025-09-03 17:31:32,550 - src.collect_pipeline - INFO - API response: 0 results
2025-09-03 17:31:32,551 - src.collect_pipeline - INFO - Making API request: /fixtures/statistics?fixture=165942
2025-09-03 17:31:32,701 - src.collect_pipeline - INFO - API response: 0 results
2025-09-03 17:31:32,702 - src.collect_pipeline - INFO - Making API request: /fixtures/statistics?fixture=165940
2025-09-03 17:31:32,838 - src.collect_pipeline - INFO - API response: 0 results
2025-09-03 17:31:32,839 - src.collect_pipeline - INFO - Making API request: /fixtures/statistics?fixture=165943
2025-09-03 17:31:32,982 - src.collect_pipeline - INFO - API response: 0 results
2025-09-03 17:31:32,983 - src.collect_pipeline - INFO - Making API request: /fixtures/statistics?fixture=165944
2025-09-03 17:31:33,120 - src.collect_pipeline - INFO - API response: 0 results
2025-09-03 17:31:33,121 - src.collect_pipeline - INFO - Making API request: /fixtures/statistics?fixture=165948
2025-09-03 17:31:33,255 - src.collect_pipeline - INFO - API response: 0 results
2025-09-03 17:31:33,256 - src.collect_pipeline - INFO - Making API request: /fixtures/statistics?fixture=165949
2025-09-03 17:31:33,412 - src.collect_pipeline - INFO - API response: 0 results
2025-09-03 17:31:33,413 - src.collect_pipeline - INFO - Making API request: /fixtures/statistics?fixture=165952
2025-09-03 17:31:33,547 - src.collect_pipeline - INFO - API response: 0 results
2025-09-03 17:31:33,548 - src.collect_pipeline - INFO - Making API request: /fixtures/statistics?fixture=165945
2025-09-03 17:31:33,698 - src.collect_pipeline - INFO - API response: 0 results
2025-09-03 17:31:33,699 - src.collect_pipeline - INFO - Making API request: /fixtures/statistics?fixture=165950
2025-09-03 17:31:33,835 - src.collect_pipeline - INFO - API response: 0 results
2025-09-03 17:31:33,836 - src.collect_pipeline - INFO - Making API request: /fixtures/statistics?fixture=165947
2025-09-03 17:31:33,977 - src.collect_pipeline - INFO - API response: 0 results
2025-09-03 17:31:33,978 - src.collect_pipeline - INFO - Making API request: /fixtures/statistics?fixture=165946
2025-09-03 17:31:34,119 - src.collect_pipeline - INFO - API response: 0 results
2025-09-03 17:31:34,120 - src.collect_pipeline - INFO - Making API request: /fixtures/statistics?fixture=165951
2025-09-03 17:31:34,256 - src.collect_pipeline - INFO - API response: 0 results
2025-09-03 17:31:34,257 - src.collect_pipeline - INFO - Making API request: /fixtures/statistics?fixture=165954
2025-09-03 17:31:34,393 - src.collect_pipeline - INFO - API response: 0 results
2025-09-03 17:31:34,394 - src.collect_pipeline - INFO - Making API request: /fixtures/statistics?fixture=165953
2025-09-03 17:31:34,527 - src.collect_pipeline - INFO - API response: 0 results
2025-09-03 17:31:34,528 - src.collect_pipeline - INFO - Making API request: /fixtures/statistics?fixture=165960
2025-09-03 17:31:34,670 - src.collect_pipeline - INFO - API response: 0 results
2025-09-03 17:31:34,671 - src.collect_pipeline - INFO - Making API request: /fixtures/statistics?fixture=165958
2025-09-03 17:31:34,798 - src.collect_pipeline - INFO - API response: 0 results
2025-09-03 17:31:34,799 - src.collect_pipeline - INFO - Making API request: /fixtures/statistics?fixture=165959
2025-09-03 17:31:34,933 - src.collect_pipeline - INFO - API response: 0 results
2025-09-03 17:31:34,934 - src.collect_pipeline - INFO - Making API request: /fixtures/statistics?fixture=165961
2025-09-03 17:31:35,102 - src.collect_pipeline - INFO - API response: 0 results
2025-09-03 17:31:35,102 - src.collect_pipeline - INFO - Making API request: /fixtures/statistics?fixture=165962
2025-09-03 17:31:35,240 - src.collect_pipeline - INFO - API response: 0 results
2025-09-03 17:31:35,241 - src.collect_pipeline - INFO - Making API request: /fixtures/statistics?fixture=165957
2025-09-03 17:31:35,378 - src.collect_pipeline - INFO - API response: 0 results
2025-09-03 17:31:35,379 - src.collect_pipeline - INFO - Making API request: /fixtures/statistics?fixture=165955
2025-09-03 17:31:35,521 - src.collect_pipeline - INFO - API response: 0 results
2025-09-03 17:31:35,522 - src.collect_pipeline - INFO - Making API request: /fixtures/statistics?fixture=165963
2025-09-03 17:31:35,653 - src.collect_pipeline - INFO - API response: 0 results
2025-09-03 17:31:35,653 - src.collect_pipeline - INFO - Making API request: /fixtures/statistics?fixture=165964
2025-09-03 17:31:35,790 - src.collect_pipeline - INFO - API response: 0 results
2025-09-03 17:31:35,791 - src.collect_pipeline - INFO - Making API request: /fixtures/statistics?fixture=165956
2025-09-03 17:31:35,930 - src.collect_pipeline - INFO - API response: 0 results
2025-09-03 17:31:35,931 - src.collect_pipeline - INFO - Making API request: /fixtures/statistics?fixture=165967
2025-09-03 17:31:36,061 - src.collect_pipeline - INFO - API response: 0 results
2025-09-03 17:31:36,062 - src.collect_pipeline - INFO - Making API request: /fixtures/statistics?fixture=165965
2025-09-03 17:31:36,196 - src.collect_pipeline - INFO - API response: 0 results
2025-09-03 17:31:36,197 - src.collect_pipeline - INFO - Making API request: /fixtures/statistics?fixture=165972
2025-09-03 17:31:36,351 - src.collect_pipeline - INFO - API response: 0 results
2025-09-03 17:31:36,352 - src.collect_pipeline - INFO - Making API request: /fixtures/statistics?fixture=165969
2025-09-03 17:31:36,488 - src.collect_pipeline - INFO - API response: 0 results
2025-09-03 17:31:36,488 - src.collect_pipeline - INFO - Making API request: /fixtures/statistics?fixture=165968
2025-09-03 17:31:36,634 - src.collect_pipeline - INFO - API response: 0 results
2025-09-03 17:31:36,635 - src.collect_pipeline - INFO - Making API request: /fixtures/statistics?fixture=165971
2025-09-03 17:31:36,781 - src.collect_pipeline - INFO - API response: 0 results
2025-09-03 17:31:36,782 - src.collect_pipeline - INFO - Making API request: /fixtures/statistics?fixture=165974
2025-09-03 17:31:36,952 - src.collect_pipeline - INFO - API response: 0 results
2025-09-03 17:31:36,953 - src.collect_pipeline - INFO - Making API request: /fixtures/statistics?fixture=165966
2025-09-03 17:31:37,093 - src.collect_pipeline - INFO - API response: 0 results
2025-09-03 17:31:37,094 - src.collect_pipeline - INFO - Making API request: /fixtures/statistics?fixture=165970
2025-09-03 17:31:37,230 - src.collect_pipeline - INFO - API response: 0 results
2025-09-03 17:31:37,231 - src.collect_pipeline - INFO - Making API request: /fixtures/statistics?fixture=165780
2025-09-03 17:31:37,373 - src.collect_pipeline - INFO - API response: 0 results
2025-09-03 17:31:37,374 - src.collect_pipeline - INFO - Making API request: /fixtures/statistics?fixture=165978
2025-09-03 17:31:37,516 - src.collect_pipeline - INFO - API response: 0 results
2025-09-03 17:31:37,517 - src.collect_pipeline - INFO - Making API request: /fixtures/statistics?fixture=165976
2025-09-03 17:31:37,656 - src.collect_pipeline - INFO - API response: 0 results
2025-09-03 17:31:37,657 - src.collect_pipeline - INFO - Making API request: /fixtures/statistics?fixture=165975
2025-09-03 17:31:37,790 - src.collect_pipeline - INFO - API response: 0 results
2025-09-03 17:31:37,791 - src.collect_pipeline - INFO - Making API request: /fixtures/statistics?fixture=165982
2025-09-03 17:31:37,922 - src.collect_pipeline - INFO - API response: 0 results
2025-09-03 17:31:37,923 - src.collect_pipeline - INFO - Making API request: /fixtures/statistics?fixture=165981
2025-09-03 17:31:38,087 - src.collect_pipeline - INFO - API response: 0 results
2025-09-03 17:31:38,087 - src.collect_pipeline - INFO - Making API request: /fixtures/statistics?fixture=165980
2025-09-03 17:31:38,220 - src.collect_pipeline - INFO - API response: 0 results
2025-09-03 17:31:38,221 - src.collect_pipeline - INFO - Making API request: /fixtures/statistics?fixture=165977
2025-09-03 17:31:38,359 - src.collect_pipeline - INFO - API response: 0 results
2025-09-03 17:31:38,360 - src.collect_pipeline - INFO - Making API request: /fixtures/statistics?fixture=165979
2025-09-03 17:31:38,494 - src.collect_pipeline - INFO - API response: 0 results
2025-09-03 17:31:38,495 - src.collect_pipeline - INFO - Making API request: /fixtures/statistics?fixture=165983
2025-09-03 17:31:38,627 - src.collect_pipeline - INFO - API response: 0 results
2025-09-03 17:31:38,628 - src.collect_pipeline - INFO - Making API request: /fixtures/statistics?fixture=165984
2025-09-03 17:31:38,770 - src.collect_pipeline - INFO - API response: 0 results
2025-09-03 17:31:38,775 - src.collect_pipeline - INFO - Progress saved to data/raw\data_collection_progress.json
2025-09-03 17:31:38,776 - src.collect_pipeline - INFO - Processing batch 7
2025-09-03 17:31:38,776 - src.collect_pipeline - INFO - Making API request: /fixtures/statistics?fixture=165988
2025-09-03 17:31:38,916 - src.collect_pipeline - INFO - API response: 0 results
2025-09-03 17:31:38,917 - src.collect_pipeline - INFO - Making API request: /fixtures/statistics?fixture=165986
2025-09-03 17:31:39,053 - src.collect_pipeline - INFO - API response: 0 results
2025-09-03 17:31:39,054 - src.collect_pipeline - INFO - Making API request: /fixtures/statistics?fixture=165991
2025-09-03 17:31:39,203 - src.collect_pipeline - INFO - API response: 0 results
2025-09-03 17:31:39,204 - src.collect_pipeline - INFO - Making API request: /fixtures/statistics?fixture=165985
2025-09-03 17:31:39,362 - src.collect_pipeline - INFO - API response: 0 results
2025-09-03 17:31:39,363 - src.collect_pipeline - INFO - Making API request: /fixtures/statistics?fixture=165990
2025-09-03 17:31:39,508 - src.collect_pipeline - INFO - API response: 0 results
2025-09-03 17:31:39,509 - src.collect_pipeline - INFO - Making API request: /fixtures/statistics?fixture=165987
2025-09-03 17:31:39,653 - src.collect_pipeline - INFO - API response: 0 results
2025-09-03 17:31:39,654 - src.collect_pipeline - INFO - Making API request: /fixtures/statistics?fixture=165989
2025-09-03 17:31:39,797 - src.collect_pipeline - INFO - API response: 0 results
2025-09-03 17:31:39,798 - src.collect_pipeline - INFO - Making API request: /fixtures/statistics?fixture=165992
2025-09-03 17:31:39,959 - src.collect_pipeline - INFO - API response: 0 results
2025-09-03 17:31:39,960 - src.collect_pipeline - INFO - Making API request: /fixtures/statistics?fixture=165994
2025-09-03 17:31:40,094 - src.collect_pipeline - INFO - API response: 0 results
2025-09-03 17:31:40,095 - src.collect_pipeline - INFO - Making API request: /fixtures/statistics?fixture=165993
2025-09-03 17:31:40,230 - src.collect_pipeline - INFO - API response: 0 results
2025-09-03 17:31:40,231 - src.collect_pipeline - INFO - Making API request: /fixtures/statistics?fixture=165998
2025-09-03 17:31:40,361 - src.collect_pipeline - INFO - API response: 0 results
2025-09-03 17:31:40,362 - src.collect_pipeline - INFO - Making API request: /fixtures/statistics?fixture=165996
2025-09-03 17:31:40,509 - src.collect_pipeline - INFO - API response: 0 results
2025-09-03 17:31:40,510 - src.collect_pipeline - INFO - Making API request: /fixtures/statistics?fixture=165999
2025-09-03 17:31:40,650 - src.collect_pipeline - INFO - API response: 0 results
2025-09-03 17:31:40,651 - src.collect_pipeline - INFO - Making API request: /fixtures/statistics?fixture=166000
2025-09-03 17:31:40,803 - src.collect_pipeline - INFO - API response: 0 results
2025-09-03 17:31:40,804 - src.collect_pipeline - INFO - Making API request: /fixtures/statistics?fixture=165995
2025-09-03 17:31:41,002 - src.collect_pipeline - INFO - API response: 0 results
2025-09-03 17:31:41,003 - src.collect_pipeline - INFO - Making API request: /fixtures/statistics?fixture=166002
2025-09-03 17:31:41,154 - src.collect_pipeline - INFO - API response: 0 results
2025-09-03 17:31:41,154 - src.collect_pipeline - INFO - Making API request: /fixtures/statistics?fixture=166001
2025-09-03 17:31:41,346 - src.collect_pipeline - INFO - API response: 0 results
2025-09-03 17:31:41,348 - src.collect_pipeline - INFO - Making API request: /fixtures/statistics?fixture=165997
2025-09-03 17:31:41,525 - src.collect_pipeline - INFO - API response: 0 results
2025-09-03 17:31:41,526 - src.collect_pipeline - INFO - Making API request: /fixtures/statistics?fixture=166003
2025-09-03 17:31:41,691 - src.collect_pipeline - INFO - API response: 0 results
2025-09-03 17:31:41,692 - src.collect_pipeline - INFO - Making API request: /fixtures/statistics?fixture=166008
2025-09-03 17:31:41,849 - src.collect_pipeline - INFO - API response: 0 results
2025-09-03 17:31:41,850 - src.collect_pipeline - INFO - Making API request: /fixtures/statistics?fixture=166006
2025-09-03 17:31:42,000 - src.collect_pipeline - INFO - API response: 0 results
2025-09-03 17:31:42,001 - src.collect_pipeline - INFO - Making API request: /fixtures/statistics?fixture=166009
2025-09-03 17:31:42,166 - src.collect_pipeline - INFO - API response: 0 results
2025-09-03 17:31:42,167 - src.collect_pipeline - INFO - Making API request: /fixtures/statistics?fixture=166005
2025-09-03 17:31:42,300 - src.collect_pipeline - INFO - API response: 0 results
2025-09-03 17:31:42,301 - src.collect_pipeline - INFO - Making API request: /fixtures/statistics?fixture=166012
2025-09-03 17:31:42,464 - src.collect_pipeline - INFO - API response: 0 results
2025-09-03 17:31:42,465 - src.collect_pipeline - INFO - Making API request: /fixtures/statistics?fixture=166011
2025-09-03 17:31:42,602 - src.collect_pipeline - INFO - API response: 0 results
2025-09-03 17:31:42,603 - src.collect_pipeline - INFO - Making API request: /fixtures/statistics?fixture=166007
2025-09-03 17:31:42,778 - src.collect_pipeline - INFO - API response: 0 results
2025-09-03 17:31:42,779 - src.collect_pipeline - INFO - Making API request: /fixtures/statistics?fixture=166010
2025-09-03 17:31:42,933 - src.collect_pipeline - INFO - API response: 0 results
2025-09-03 17:31:42,934 - src.collect_pipeline - INFO - Making API request: /fixtures/statistics?fixture=166014
2025-09-03 17:31:43,113 - src.collect_pipeline - INFO - API response: 0 results
2025-09-03 17:31:43,114 - src.collect_pipeline - INFO - Making API request: /fixtures/statistics?fixture=166013
2025-09-03 17:31:43,274 - src.collect_pipeline - INFO - API response: 0 results
2025-09-03 17:31:43,276 - src.collect_pipeline - INFO - Making API request: /fixtures/statistics?fixture=166017
2025-09-03 17:31:43,432 - src.collect_pipeline - INFO - API response: 0 results
2025-09-03 17:31:43,433 - src.collect_pipeline - INFO - Making API request: /fixtures/statistics?fixture=166016
2025-09-03 17:31:43,611 - src.collect_pipeline - INFO - API response: 0 results
2025-09-03 17:31:43,612 - src.collect_pipeline - INFO - Making API request: /fixtures/statistics?fixture=166018
2025-09-03 17:31:43,769 - src.collect_pipeline - INFO - API response: 0 results
2025-09-03 17:31:43,770 - src.collect_pipeline - INFO - Making API request: /fixtures/statistics?fixture=166019
2025-09-03 17:31:43,939 - src.collect_pipeline - INFO - API response: 0 results
2025-09-03 17:31:43,939 - src.collect_pipeline - INFO - Making API request: /fixtures/statistics?fixture=166015
2025-09-03 17:31:44,069 - src.collect_pipeline - INFO - API response: 0 results
2025-09-03 17:31:44,070 - src.collect_pipeline - INFO - Making API request: /fixtures/statistics?fixture=166021
2025-09-03 17:31:44,226 - src.collect_pipeline - INFO - API response: 0 results
2025-09-03 17:31:44,227 - src.collect_pipeline - INFO - Making API request: /fixtures/statistics?fixture=166020
2025-09-03 17:31:44,385 - src.collect_pipeline - INFO - API response: 0 results
2025-09-03 17:31:44,386 - src.collect_pipeline - INFO - Making API request: /fixtures/statistics?fixture=166023
2025-09-03 17:31:54,585 - src.collect_pipeline - INFO - API response: 0 results
2025-09-03 17:31:54,586 - src.collect_pipeline - INFO - Making API request: /fixtures/statistics?fixture=166024
2025-09-03 17:31:54,720 - src.collect_pipeline - INFO - API response: 0 results
2025-09-03 17:31:54,721 - src.collect_pipeline - INFO - Making API request: /fixtures/statistics?fixture=166022
2025-09-03 17:31:54,846 - src.collect_pipeline - INFO - API response: 0 results
2025-09-03 17:31:54,847 - src.collect_pipeline - INFO - Making API request: /fixtures/statistics?fixture=166030
2025-09-03 17:31:54,978 - src.collect_pipeline - INFO - API response: 0 results
2025-09-03 17:31:54,978 - src.collect_pipeline - INFO - Making API request: /fixtures/statistics?fixture=166031
2025-09-03 17:31:55,106 - src.collect_pipeline - INFO - API response: 0 results
2025-09-03 17:31:55,107 - src.collect_pipeline - INFO - Making API request: /fixtures/statistics?fixture=166032
2025-09-03 17:31:55,237 - src.collect_pipeline - INFO - API response: 0 results
2025-09-03 17:31:55,238 - src.collect_pipeline - INFO - Making API request: /fixtures/statistics?fixture=166025
2025-09-03 17:31:55,370 - src.collect_pipeline - INFO - API response: 0 results
2025-09-03 17:31:55,371 - src.collect_pipeline - INFO - Making API request: /fixtures/statistics?fixture=166033
2025-09-03 17:31:55,498 - src.collect_pipeline - INFO - API response: 0 results
2025-09-03 17:31:55,499 - src.collect_pipeline - INFO - Making API request: /fixtures/statistics?fixture=166028
2025-09-03 17:31:55,638 - src.collect_pipeline - INFO - API response: 0 results
2025-09-03 17:31:55,639 - src.collect_pipeline - INFO - Making API request: /fixtures/statistics?fixture=166027
2025-09-03 17:31:55,793 - src.collect_pipeline - INFO - API response: 0 results
2025-09-03 17:31:55,794 - src.collect_pipeline - INFO - Making API request: /fixtures/statistics?fixture=166029
2025-09-03 17:31:55,933 - src.collect_pipeline - INFO - API response: 0 results
2025-09-03 17:31:55,934 - src.collect_pipeline - INFO - Making API request: /fixtures/statistics?fixture=166026
2025-09-03 17:31:56,056 - src.collect_pipeline - INFO - API response: 0 results
2025-09-03 17:31:56,057 - src.collect_pipeline - INFO - Making API request: /fixtures/statistics?fixture=166034
2025-09-03 17:31:56,180 - src.collect_pipeline - INFO - API response: 0 results
2025-09-03 17:31:56,181 - src.collect_pipeline - INFO - Making API request: /fixtures/statistics?fixture=166038
2025-09-03 17:31:56,312 - src.collect_pipeline - INFO - API response: 0 results
2025-09-03 17:31:56,319 - src.collect_pipeline - INFO - Progress saved to data/raw\data_collection_progress.json
2025-09-03 17:31:56,319 - src.collect_pipeline - INFO - Processing batch 8
2025-09-03 17:31:56,319 - src.collect_pipeline - INFO - Making API request: /fixtures/statistics?fixture=166036
2025-09-03 17:31:56,457 - src.collect_pipeline - INFO - API response: 0 results
2025-09-03 17:31:56,458 - src.collect_pipeline - INFO - Making API request: /fixtures/statistics?fixture=166039
2025-09-03 17:31:56,586 - src.collect_pipeline - INFO - API response: 0 results
2025-09-03 17:31:56,587 - src.collect_pipeline - INFO - Making API request: /fixtures/statistics?fixture=166037
2025-09-03 17:31:56,708 - src.collect_pipeline - INFO - API response: 0 results
2025-09-03 17:31:56,709 - src.collect_pipeline - INFO - Making API request: /fixtures/statistics?fixture=166042
2025-09-03 17:31:56,835 - src.collect_pipeline - INFO - API response: 0 results
2025-09-03 17:31:56,836 - src.collect_pipeline - INFO - Making API request: /fixtures/statistics?fixture=166035
2025-09-03 17:31:56,973 - src.collect_pipeline - INFO - API response: 0 results
2025-09-03 17:31:56,974 - src.collect_pipeline - INFO - Making API request: /fixtures/statistics?fixture=166041
2025-09-03 17:31:57,102 - src.collect_pipeline - INFO - API response: 0 results
2025-09-03 17:31:57,103 - src.collect_pipeline - INFO - Making API request: /fixtures/statistics?fixture=166040
2025-09-03 17:31:57,228 - src.collect_pipeline - INFO - API response: 0 results
2025-09-03 17:31:57,229 - src.collect_pipeline - INFO - Making API request: /fixtures/statistics?fixture=166044
2025-09-03 17:31:57,367 - src.collect_pipeline - INFO - API response: 0 results
2025-09-03 17:31:57,368 - src.collect_pipeline - INFO - Making API request: /fixtures/statistics?fixture=166043
2025-09-03 17:31:57,496 - src.collect_pipeline - INFO - API response: 0 results
2025-09-03 17:31:57,496 - src.collect_pipeline - INFO - Making API request: /fixtures/statistics?fixture=166049
2025-09-03 17:31:57,644 - src.collect_pipeline - INFO - API response: 0 results
2025-09-03 17:31:57,645 - src.collect_pipeline - INFO - Making API request: /fixtures/statistics?fixture=166047
2025-09-03 17:31:57,768 - src.collect_pipeline - INFO - API response: 0 results
2025-09-03 17:31:57,768 - src.collect_pipeline - INFO - Making API request: /fixtures/statistics?fixture=166050
2025-09-03 17:31:57,882 - src.collect_pipeline - INFO - API response: 0 results
2025-09-03 17:31:57,883 - src.collect_pipeline - INFO - Making API request: /fixtures/statistics?fixture=166051
2025-09-03 17:31:58,015 - src.collect_pipeline - INFO - API response: 0 results
2025-09-03 17:31:58,016 - src.collect_pipeline - INFO - Making API request: /fixtures/statistics?fixture=166046
2025-09-03 17:31:58,143 - src.collect_pipeline - INFO - API response: 0 results
2025-09-03 17:31:58,144 - src.collect_pipeline - INFO - Making API request: /fixtures/statistics?fixture=166054
2025-09-03 17:31:58,273 - src.collect_pipeline - INFO - API response: 0 results
2025-09-03 17:31:58,274 - src.collect_pipeline - INFO - Making API request: /fixtures/statistics?fixture=166045
2025-09-03 17:31:58,420 - src.collect_pipeline - INFO - API response: 0 results
2025-09-03 17:31:58,421 - src.collect_pipeline - INFO - Making API request: /fixtures/statistics?fixture=166048
2025-09-03 17:31:58,541 - src.collect_pipeline - INFO - API response: 0 results
2025-09-03 17:31:58,542 - src.collect_pipeline - INFO - Making API request: /fixtures/statistics?fixture=166053
2025-09-03 17:31:58,666 - src.collect_pipeline - INFO - API response: 0 results
2025-09-03 17:31:58,666 - src.collect_pipeline - INFO - Making API request: /fixtures/statistics?fixture=166052
2025-09-03 17:31:58,788 - src.collect_pipeline - INFO - API response: 0 results
2025-09-03 17:31:58,789 - src.collect_pipeline - INFO - Making API request: /fixtures/statistics?fixture=166004
2025-09-03 17:31:58,915 - src.collect_pipeline - INFO - API response: 0 results
2025-09-03 17:31:58,916 - src.collect_pipeline - INFO - Making API request: /fixtures/statistics?fixture=166057
2025-09-03 17:31:59,044 - src.collect_pipeline - INFO - API response: 0 results
2025-09-03 17:31:59,045 - src.collect_pipeline - INFO - Making API request: /fixtures/statistics?fixture=166058
2025-09-03 17:31:59,177 - src.collect_pipeline - INFO - API response: 0 results
2025-09-03 17:31:59,178 - src.collect_pipeline - INFO - Making API request: /fixtures/statistics?fixture=166056
2025-09-03 17:31:59,303 - src.collect_pipeline - INFO - API response: 0 results
2025-09-03 17:31:59,304 - src.collect_pipeline - INFO - Making API request: /fixtures/statistics?fixture=166060
2025-09-03 17:31:59,434 - src.collect_pipeline - INFO - API response: 0 results
2025-09-03 17:31:59,435 - src.collect_pipeline - INFO - Making API request: /fixtures/statistics?fixture=166061
2025-09-03 17:31:59,580 - src.collect_pipeline - INFO - API response: 0 results
2025-09-03 17:31:59,581 - src.collect_pipeline - INFO - Making API request: /fixtures/statistics?fixture=166059
2025-09-03 17:31:59,699 - src.collect_pipeline - INFO - API response: 0 results
2025-09-03 17:31:59,700 - src.collect_pipeline - INFO - Making API request: /fixtures/statistics?fixture=166055
2025-09-03 17:31:59,826 - src.collect_pipeline - INFO - API response: 0 results
2025-09-03 17:31:59,827 - src.collect_pipeline - INFO - Making API request: /fixtures/statistics?fixture=166062
2025-09-03 17:31:59,955 - src.collect_pipeline - INFO - API response: 0 results
2025-09-03 17:31:59,955 - src.collect_pipeline - INFO - Making API request: /fixtures/statistics?fixture=166064
2025-09-03 17:32:00,105 - src.collect_pipeline - INFO - API response: 0 results
2025-09-03 17:32:00,106 - src.collect_pipeline - INFO - Making API request: /fixtures/statistics?fixture=166063
2025-09-03 17:32:00,243 - src.collect_pipeline - INFO - API response: 0 results
2025-09-03 17:32:00,249 - src.collect_pipeline - INFO - Progress saved to data/raw\data_collection_progress.json
2025-09-03 17:32:00,249 - src.collect_pipeline - INFO - No existing team_statistics file found
2025-09-03 17:32:00,267 - src.collect_pipeline - INFO - team_statistics: 380 new, 0 duplicates skipped
2025-09-03 17:32:00,267 - src.collect_pipeline - INFO - Total team_statistics records: 380
2025-09-03 17:32:00,267 - src.collect_pipeline - INFO - Saved to data/raw\Netherlands\Eerste Divisie\2019\team_statistics.json
2025-09-03 17:32:00,268 - src.collect_pipeline - INFO - Processing KNVB Beker (Netherlands) - ID: 90
2025-09-03 17:32:00,269 - src.collect_pipeline - INFO - Getting dates for KNVB Beker (Netherlands) - Season 2019
2025-09-03 17:32:00,269 - src.collect_pipeline - INFO - Using cup competition dates for KNVB Beker: 2019-09-01 to 2020-05-31
2025-09-03 17:32:00,269 - src.collect_pipeline - INFO - Using automatic dates for KNVB Beker: 2019-09-01 to 2020-05-31
2025-09-03 17:32:00,269 - src.collect_pipeline - INFO - Phase 1: Collecting 2019 season 2019-09-01 to 2020-05-31
2025-09-03 17:32:00,269 - src.collect_pipeline - INFO - Phase 1: Collecting entire season 2019-09-01 to 2020-05-31
2025-09-03 17:32:00,270 - src.collect_pipeline - INFO - Progress saved to data/raw\data_collection_progress.json
2025-09-03 17:32:00,271 - src.collect_pipeline - INFO - Fetching fixtures for KNVB Beker 2019...
2025-09-03 17:32:00,271 - src.collect_pipeline - INFO - Date range: 2019-09-01 to 2020-05-31
2025-09-03 17:32:00,271 - src.collect_pipeline - INFO - Making API request: /fixtures?league=90&season=2019&from=2019-09-01&to=2020-05-31
2025-09-03 17:32:00,442 - src.collect_pipeline - INFO - API response: 77 results
2025-09-03 17:32:00,443 - src.collect_pipeline - INFO - Found 77 new fixtures to collect (excluding 0 already collected)
2025-09-03 17:32:00,462 - src.collect_pipeline - INFO - Saved 77 new fixtures to data/raw\Netherlands\KNVB Beker\2019\fixture_events.json (total fixtures: 77)
2025-09-03 17:32:00,463 - src.collect_pipeline - INFO - Progress saved to data/raw\data_collection_progress.json
2025-09-03 17:32:00,464 - src.collect_pipeline - INFO - Found 77 fixtures to process for team_statistics
2025-09-03 17:32:00,464 - src.collect_pipeline - INFO - Processing 77 fixtures for team_statistics
2025-09-03 17:32:00,464 - src.collect_pipeline - INFO - Processing batch 1
2025-09-03 17:32:00,464 - src.collect_pipeline - INFO - Making API request: /fixtures/statistics?fixture=338401
2025-09-03 17:32:00,606 - src.collect_pipeline - INFO - API response: 0 results
2025-09-03 17:32:00,607 - src.collect_pipeline - INFO - Making API request: /fixtures/statistics?fixture=242798
2025-09-03 17:32:00,737 - src.collect_pipeline - INFO - API response: 0 results
2025-09-03 17:32:00,738 - src.collect_pipeline - INFO - Making API request: /fixtures/statistics?fixture=242810
2025-09-03 17:32:00,870 - src.collect_pipeline - INFO - API response: 0 results
2025-09-03 17:32:00,872 - src.collect_pipeline - INFO - Making API request: /fixtures/statistics?fixture=242811
2025-09-03 17:32:01,070 - src.collect_pipeline - INFO - API response: 0 results
2025-09-03 17:32:01,071 - src.collect_pipeline - INFO - Making API request: /fixtures/statistics?fixture=242808
2025-09-03 17:32:01,242 - src.collect_pipeline - INFO - API response: 0 results
2025-09-03 17:32:01,243 - src.collect_pipeline - INFO - Making API request: /fixtures/statistics?fixture=242806
2025-09-03 17:32:01,459 - src.collect_pipeline - INFO - API response: 0 results
2025-09-03 17:32:01,460 - src.collect_pipeline - INFO - Making API request: /fixtures/statistics?fixture=242804
2025-09-03 17:32:01,607 - src.collect_pipeline - INFO - API response: 0 results
2025-09-03 17:32:01,608 - src.collect_pipeline - INFO - Making API request: /fixtures/statistics?fixture=242801
2025-09-03 17:32:01,783 - src.collect_pipeline - INFO - API response: 0 results
2025-09-03 17:32:01,784 - src.collect_pipeline - INFO - Making API request: /fixtures/statistics?fixture=242803
2025-09-03 17:32:01,970 - src.collect_pipeline - INFO - API response: 0 results
2025-09-03 17:32:01,971 - src.collect_pipeline - INFO - Making API request: /fixtures/statistics?fixture=242800
2025-09-03 17:32:02,130 - src.collect_pipeline - INFO - API response: 0 results
2025-09-03 17:32:02,130 - src.collect_pipeline - INFO - Making API request: /fixtures/statistics?fixture=242796
2025-09-03 17:32:02,342 - src.collect_pipeline - INFO - API response: 0 results
2025-09-03 17:32:02,344 - src.collect_pipeline - INFO - Making API request: /fixtures/statistics?fixture=242797
2025-09-03 17:32:02,597 - src.collect_pipeline - INFO - API response: 0 results
2025-09-03 17:32:02,598 - src.collect_pipeline - INFO - Making API request: /fixtures/statistics?fixture=242795
2025-09-03 17:32:02,803 - src.collect_pipeline - INFO - API response: 0 results
2025-09-03 17:32:02,803 - src.collect_pipeline - INFO - Making API request: /fixtures/statistics?fixture=242802
2025-09-03 17:32:02,945 - src.collect_pipeline - INFO - API response: 0 results
2025-09-03 17:32:02,946 - src.collect_pipeline - INFO - Making API request: /fixtures/statistics?fixture=242807
2025-09-03 17:32:03,144 - src.collect_pipeline - INFO - API response: 0 results
2025-09-03 17:32:03,146 - src.collect_pipeline - INFO - Making API request: /fixtures/statistics?fixture=242809
2025-09-03 17:32:03,351 - src.collect_pipeline - INFO - API response: 0 results
2025-09-03 17:32:03,352 - src.collect_pipeline - INFO - Making API request: /fixtures/statistics?fixture=242799
2025-09-03 17:32:03,574 - src.collect_pipeline - INFO - API response: 0 results
2025-09-03 17:32:03,576 - src.collect_pipeline - INFO - Making API request: /fixtures/statistics?fixture=242805
2025-09-03 17:32:03,832 - src.collect_pipeline - INFO - API response: 0 results
2025-09-03 17:32:03,832 - src.collect_pipeline - INFO - Making API request: /fixtures/statistics?fixture=242812
2025-09-03 17:32:04,011 - src.collect_pipeline - INFO - API response: 0 results
2025-09-03 17:32:04,011 - src.collect_pipeline - INFO - Making API request: /fixtures/statistics?fixture=242782
2025-09-03 17:32:04,182 - src.collect_pipeline - INFO - API response: 0 results
2025-09-03 17:32:04,183 - src.collect_pipeline - INFO - Making API request: /fixtures/statistics?fixture=242790
2025-09-03 17:32:04,392 - src.collect_pipeline - INFO - API response: 0 results
2025-09-03 17:32:04,393 - src.collect_pipeline - INFO - Making API request: /fixtures/statistics?fixture=242793
2025-09-03 17:32:04,598 - src.collect_pipeline - INFO - API response: 0 results
2025-09-03 17:32:04,600 - src.collect_pipeline - INFO - Making API request: /fixtures/statistics?fixture=242784
2025-09-03 17:32:04,803 - src.collect_pipeline - INFO - API response: 0 results
2025-09-03 17:32:04,804 - src.collect_pipeline - INFO - Making API request: /fixtures/statistics?fixture=242789
2025-09-03 17:32:05,056 - src.collect_pipeline - INFO - API response: 0 results
2025-09-03 17:32:05,057 - src.collect_pipeline - INFO - Making API request: /fixtures/statistics?fixture=242787
2025-09-03 17:32:05,247 - src.collect_pipeline - INFO - API response: 0 results
2025-09-03 17:32:05,248 - src.collect_pipeline - INFO - Making API request: /fixtures/statistics?fixture=247658
2025-09-03 17:32:05,376 - src.collect_pipeline - INFO - API response: 0 results
2025-09-03 17:32:05,377 - src.collect_pipeline - INFO - Making API request: /fixtures/statistics?fixture=247656
2025-09-03 17:32:05,513 - src.collect_pipeline - INFO - API response: 0 results
2025-09-03 17:32:05,514 - src.collect_pipeline - INFO - Making API request: /fixtures/statistics?fixture=242788
2025-09-03 17:32:05,643 - src.collect_pipeline - INFO - API response: 0 results
2025-09-03 17:32:05,645 - src.collect_pipeline - INFO - Making API request: /fixtures/statistics?fixture=242786
2025-09-03 17:32:05,791 - src.collect_pipeline - INFO - API response: 0 results
2025-09-03 17:32:05,793 - src.collect_pipeline - INFO - Making API request: /fixtures/statistics?fixture=247657
2025-09-03 17:32:05,938 - src.collect_pipeline - INFO - API response: 0 results
2025-09-03 17:32:05,939 - src.collect_pipeline - INFO - Making API request: /fixtures/statistics?fixture=247655
2025-09-03 17:32:06,070 - src.collect_pipeline - INFO - API response: 0 results
2025-09-03 17:32:06,071 - src.collect_pipeline - INFO - Making API request: /fixtures/statistics?fixture=247654
2025-09-03 17:32:06,209 - src.collect_pipeline - INFO - API response: 0 results
2025-09-03 17:32:06,210 - src.collect_pipeline - INFO - Making API request: /fixtures/statistics?fixture=247659
2025-09-03 17:32:06,347 - src.collect_pipeline - INFO - API response: 0 results
2025-09-03 17:32:06,348 - src.collect_pipeline - INFO - Making API request: /fixtures/statistics?fixture=242794
2025-09-03 17:32:06,483 - src.collect_pipeline - INFO - API response: 0 results
2025-09-03 17:32:06,484 - src.collect_pipeline - INFO - Making API request: /fixtures/statistics?fixture=242785
2025-09-03 17:32:06,618 - src.collect_pipeline - INFO - API response: 0 results
2025-09-03 17:32:06,619 - src.collect_pipeline - INFO - Making API request: /fixtures/statistics?fixture=242783
2025-09-03 17:32:06,755 - src.collect_pipeline - INFO - API response: 0 results
2025-09-03 17:32:06,756 - src.collect_pipeline - INFO - Making API request: /fixtures/statistics?fixture=247660
2025-09-03 17:32:06,886 - src.collect_pipeline - INFO - API response: 0 results
2025-09-03 17:32:06,887 - src.collect_pipeline - INFO - Making API request: /fixtures/statistics?fixture=247663
2025-09-03 17:32:07,020 - src.collect_pipeline - INFO - API response: 0 results
2025-09-03 17:32:07,021 - src.collect_pipeline - INFO - Making API request: /fixtures/statistics?fixture=247665
2025-09-03 17:32:07,156 - src.collect_pipeline - INFO - API response: 0 results
2025-09-03 17:32:07,157 - src.collect_pipeline - INFO - Making API request: /fixtures/statistics?fixture=247666
2025-09-03 17:32:07,294 - src.collect_pipeline - INFO - API response: 0 results
2025-09-03 17:32:07,295 - src.collect_pipeline - INFO - Making API request: /fixtures/statistics?fixture=247664
2025-09-03 17:32:07,429 - src.collect_pipeline - INFO - API response: 0 results
2025-09-03 17:32:07,430 - src.collect_pipeline - INFO - Making API request: /fixtures/statistics?fixture=247662
2025-09-03 17:32:07,573 - src.collect_pipeline - INFO - API response: 0 results
2025-09-03 17:32:07,574 - src.collect_pipeline - INFO - Making API request: /fixtures/statistics?fixture=247667
2025-09-03 17:32:07,711 - src.collect_pipeline - INFO - API response: 0 results
2025-09-03 17:32:07,712 - src.collect_pipeline - INFO - Making API request: /fixtures/statistics?fixture=247661
2025-09-03 17:32:07,848 - src.collect_pipeline - INFO - API response: 0 results
2025-09-03 17:32:07,849 - src.collect_pipeline - INFO - Making API request: /fixtures/statistics?fixture=242792
2025-09-03 17:32:07,997 - src.collect_pipeline - INFO - API response: 0 results
2025-09-03 17:32:07,998 - src.collect_pipeline - INFO - Making API request: /fixtures/statistics?fixture=247668
2025-09-03 17:32:08,156 - src.collect_pipeline - INFO - API response: 0 results
2025-09-03 17:32:08,157 - src.collect_pipeline - INFO - Making API request: /fixtures/statistics?fixture=242791
2025-09-03 17:32:08,298 - src.collect_pipeline - INFO - API response: 0 results
2025-09-03 17:32:08,299 - src.collect_pipeline - INFO - Making API request: /fixtures/statistics?fixture=250181
2025-09-03 17:32:08,445 - src.collect_pipeline - INFO - API response: 0 results
2025-09-03 17:32:08,446 - src.collect_pipeline - INFO - Making API request: /fixtures/statistics?fixture=250186
2025-09-03 17:32:08,580 - src.collect_pipeline - INFO - API response: 0 results
2025-09-03 17:32:08,581 - src.collect_pipeline - INFO - Making API request: /fixtures/statistics?fixture=250176
2025-09-03 17:32:08,719 - src.collect_pipeline - INFO - API response: 0 results
2025-09-03 17:32:08,723 - src.collect_pipeline - INFO - Progress saved to data/raw\data_collection_progress.json
2025-09-03 17:32:08,723 - src.collect_pipeline - INFO - Processing batch 2
2025-09-03 17:32:08,723 - src.collect_pipeline - INFO - Making API request: /fixtures/statistics?fixture=250175
2025-09-03 17:32:08,870 - src.collect_pipeline - INFO - API response: 0 results
2025-09-03 17:32:08,871 - src.collect_pipeline - INFO - Making API request: /fixtures/statistics?fixture=250182
2025-09-03 17:32:09,044 - src.collect_pipeline - INFO - API response: 0 results
2025-09-03 17:32:09,046 - src.collect_pipeline - INFO - Making API request: /fixtures/statistics?fixture=250172
2025-09-03 17:32:09,199 - src.collect_pipeline - INFO - API response: 0 results
2025-09-03 17:32:09,200 - src.collect_pipeline - INFO - Making API request: /fixtures/statistics?fixture=250184
2025-09-03 17:32:09,347 - src.collect_pipeline - INFO - API response: 0 results
2025-09-03 17:32:09,348 - src.collect_pipeline - INFO - Making API request: /fixtures/statistics?fixture=250174
2025-09-03 17:32:09,503 - src.collect_pipeline - INFO - API response: 2 results
2025-09-03 17:32:09,504 - src.collect_pipeline - INFO - Making API request: /fixtures/statistics?fixture=250180
2025-09-03 17:32:09,647 - src.collect_pipeline - INFO - API response: 0 results
2025-09-03 17:32:09,649 - src.collect_pipeline - INFO - Making API request: /fixtures/statistics?fixture=250179
2025-09-03 17:32:09,811 - src.collect_pipeline - INFO - API response: 0 results
2025-09-03 17:32:09,812 - src.collect_pipeline - INFO - Making API request: /fixtures/statistics?fixture=250173
2025-09-03 17:32:09,988 - src.collect_pipeline - INFO - API response: 0 results
2025-09-03 17:32:09,989 - src.collect_pipeline - INFO - Making API request: /fixtures/statistics?fixture=250177
2025-09-03 17:32:10,144 - src.collect_pipeline - INFO - API response: 0 results
2025-09-03 17:32:10,145 - src.collect_pipeline - INFO - Making API request: /fixtures/statistics?fixture=250187
2025-09-03 17:32:10,297 - src.collect_pipeline - INFO - API response: 0 results
2025-09-03 17:32:10,298 - src.collect_pipeline - INFO - Making API request: /fixtures/statistics?fixture=250185
2025-09-03 17:32:10,476 - src.collect_pipeline - INFO - API response: 2 results
2025-09-03 17:32:10,477 - src.collect_pipeline - INFO - Making API request: /fixtures/statistics?fixture=250183
2025-09-03 17:32:10,631 - src.collect_pipeline - INFO - API response: 2 results
2025-09-03 17:32:10,632 - src.collect_pipeline - INFO - Making API request: /fixtures/statistics?fixture=250178
2025-09-03 17:32:10,777 - src.collect_pipeline - INFO - API response: 2 results
2025-09-03 17:32:10,778 - src.collect_pipeline - INFO - Making API request: /fixtures/statistics?fixture=296614
2025-09-03 17:32:10,913 - src.collect_pipeline - INFO - API response: 2 results
2025-09-03 17:32:10,913 - src.collect_pipeline - INFO - Making API request: /fixtures/statistics?fixture=296610
2025-09-03 17:32:11,048 - src.collect_pipeline - INFO - API response: 2 results
2025-09-03 17:32:11,048 - src.collect_pipeline - INFO - Making API request: /fixtures/statistics?fixture=296609
2025-09-03 17:32:11,183 - src.collect_pipeline - INFO - API response: 2 results
2025-09-03 17:32:11,184 - src.collect_pipeline - INFO - Making API request: /fixtures/statistics?fixture=296611
2025-09-03 17:32:11,318 - src.collect_pipeline - INFO - API response: 2 results
2025-09-03 17:32:11,320 - src.collect_pipeline - INFO - Making API request: /fixtures/statistics?fixture=296612
2025-09-03 17:32:11,476 - src.collect_pipeline - INFO - API response: 2 results
2025-09-03 17:32:11,477 - src.collect_pipeline - INFO - Making API request: /fixtures/statistics?fixture=296613
2025-09-03 17:32:11,613 - src.collect_pipeline - INFO - API response: 2 results
2025-09-03 17:32:11,614 - src.collect_pipeline - INFO - Making API request: /fixtures/statistics?fixture=296615
2025-09-03 17:32:11,741 - src.collect_pipeline - INFO - API response: 2 results
2025-09-03 17:32:11,741 - src.collect_pipeline - INFO - Making API request: /fixtures/statistics?fixture=296608
2025-09-03 17:32:11,867 - src.collect_pipeline - INFO - API response: 2 results
2025-09-03 17:32:11,868 - src.collect_pipeline - INFO - Making API request: /fixtures/statistics?fixture=321045
2025-09-03 17:32:12,007 - src.collect_pipeline - INFO - API response: 2 results
2025-09-03 17:32:12,008 - src.collect_pipeline - INFO - Making API request: /fixtures/statistics?fixture=321044
2025-09-03 17:32:12,162 - src.collect_pipeline - INFO - API response: 2 results
2025-09-03 17:32:12,163 - src.collect_pipeline - INFO - Making API request: /fixtures/statistics?fixture=321043
2025-09-03 17:32:12,310 - src.collect_pipeline - INFO - API response: 2 results
2025-09-03 17:32:12,311 - src.collect_pipeline - INFO - Making API request: /fixtures/statistics?fixture=322970
2025-09-03 17:32:12,457 - src.collect_pipeline - INFO - API response: 2 results
2025-09-03 17:32:12,458 - src.collect_pipeline - INFO - Making API request: /fixtures/statistics?fixture=324109
2025-09-03 17:32:12,609 - src.collect_pipeline - INFO - API response: 2 results
2025-09-03 17:32:12,610 - src.collect_pipeline - INFO - Making API request: /fixtures/statistics?fixture=324108
2025-09-03 17:32:12,756 - src.collect_pipeline - INFO - API response: 2 results
2025-09-03 17:32:12,758 - src.collect_pipeline - INFO - Progress saved to data/raw\data_collection_progress.json
2025-09-03 17:32:12,759 - src.collect_pipeline - INFO - No existing team_statistics file found
2025-09-03 17:32:12,772 - src.collect_pipeline - INFO - team_statistics: 77 new, 0 duplicates skipped
2025-09-03 17:32:12,772 - src.collect_pipeline - INFO - Total team_statistics records: 77
2025-09-03 17:32:12,772 - src.collect_pipeline - INFO - Saved to data/raw\Netherlands\KNVB Beker\2019\team_statistics.json
