2025-09-03 17:22:04,334 - src.collect_pipeline - INFO - Logging initialized. Log file: logs/collection\collection_20250903_172204.log
2025-09-03 17:22:04,337 - src.collect_pipeline - INFO - Logging initialized. Log file: logs/collection\collection_20250903_172204.log
2025-09-03 17:22:04,338 - src.collect_pipeline - INFO - Filtering leagues with: league_id=None, filter_ids=[89], filter_tiers=None, filter_cups=None, filter_categories=None
2025-09-03 17:22:04,338 - src.collect_pipeline - INFO - Only filter_ids provided: [89]
2025-09-03 17:22:04,338 - src.collect_pipeline - INFO - Processing Eerste Divisie (Netherlands) - ID: 89
2025-09-03 17:22:04,338 - src.collect_pipeline - INFO - Getting dates for Eerste Divisie (Netherlands) - Season 2021
2025-09-03 17:22:04,339 - src.collect_pipeline - INFO - Using default dates for Eerste Divisie: 2021-08-01 to 2022-05-31
2025-09-03 17:22:04,339 - src.collect_pipeline - INFO - Using automatic dates for Eerste Divisie: 2021-08-01 to 2022-05-31
2025-09-03 17:22:04,339 - src.collect_pipeline - INFO - Phase 1: Collecting 2021 season 2021-08-01 to 2022-05-31
2025-09-03 17:22:04,340 - src.collect_pipeline - INFO - Phase 1: Collecting entire season 2021-08-01 to 2022-05-31
2025-09-03 17:22:04,342 - src.collect_pipeline - INFO - Progress saved to data/raw\data_collection_progress.json
2025-09-03 17:22:04,342 - src.collect_pipeline - INFO - Fetching fixtures for Eerste Divisie 2021...
2025-09-03 17:22:04,342 - src.collect_pipeline - INFO - Date range: 2021-08-01 to 2022-05-31
2025-09-03 17:22:04,342 - src.collect_pipeline - INFO - Making API request: /fixtures?league=89&season=2021&from=2021-08-01&to=2022-05-31
2025-09-03 17:22:04,651 - src.collect_pipeline - INFO - API response: 380 results
2025-09-03 17:22:04,653 - src.collect_pipeline - INFO - Found 380 new fixtures to collect (excluding 0 already collected)
2025-09-03 17:22:04,759 - src.collect_pipeline - INFO - Saved 380 new fixtures to data/raw\Netherlands\Eerste Divisie\2021\fixture_events.json (total fixtures: 380)
2025-09-03 17:22:04,763 - src.collect_pipeline - INFO - Progress saved to data/raw\data_collection_progress.json
2025-09-03 17:22:04,764 - src.collect_pipeline - INFO - Found 380 fixtures to process for team_statistics
2025-09-03 17:22:04,764 - src.collect_pipeline - INFO - Processing 380 fixtures for team_statistics
2025-09-03 17:22:04,764 - src.collect_pipeline - INFO - Processing batch 1
2025-09-03 17:22:04,764 - src.collect_pipeline - INFO - Making API request: /fixtures/statistics?fixture=707488
2025-09-03 17:22:04,929 - src.collect_pipeline - INFO - API response: 2 results
2025-09-03 17:22:04,930 - src.collect_pipeline - INFO - Making API request: /fixtures/statistics?fixture=707486
2025-09-03 17:22:05,273 - src.collect_pipeline - INFO - API response: 2 results
2025-09-03 17:22:05,274 - src.collect_pipeline - INFO - Making API request: /fixtures/statistics?fixture=707485
2025-09-03 17:22:05,417 - src.collect_pipeline - INFO - API response: 2 results
2025-09-03 17:22:05,418 - src.collect_pipeline - INFO - Making API request: /fixtures/statistics?fixture=707487
2025-09-03 17:22:05,675 - src.collect_pipeline - INFO - API response: 2 results
2025-09-03 17:22:05,676 - src.collect_pipeline - INFO - Making API request: /fixtures/statistics?fixture=707489
2025-09-03 17:22:05,858 - src.collect_pipeline - INFO - API response: 2 results
2025-09-03 17:22:05,859 - src.collect_pipeline - INFO - Making API request: /fixtures/statistics?fixture=707490
2025-09-03 17:22:06,073 - src.collect_pipeline - INFO - API response: 2 results
2025-09-03 17:22:06,074 - src.collect_pipeline - INFO - Making API request: /fixtures/statistics?fixture=707491
2025-09-03 17:22:06,281 - src.collect_pipeline - INFO - API response: 2 results
2025-09-03 17:22:06,282 - src.collect_pipeline - INFO - Making API request: /fixtures/statistics?fixture=707492
2025-09-03 17:22:06,435 - src.collect_pipeline - INFO - API response: 2 results
2025-09-03 17:22:06,436 - src.collect_pipeline - INFO - Making API request: /fixtures/statistics?fixture=707493
2025-09-03 17:22:06,575 - src.collect_pipeline - INFO - API response: 2 results
2025-09-03 17:22:06,576 - src.collect_pipeline - INFO - Making API request: /fixtures/statistics?fixture=707494
2025-09-03 17:22:06,730 - src.collect_pipeline - INFO - API response: 2 results
2025-09-03 17:22:06,731 - src.collect_pipeline - INFO - Making API request: /fixtures/statistics?fixture=707499
2025-09-03 17:22:06,917 - src.collect_pipeline - INFO - API response: 2 results
2025-09-03 17:22:06,918 - src.collect_pipeline - INFO - Making API request: /fixtures/statistics?fixture=707496
2025-09-03 17:22:07,063 - src.collect_pipeline - INFO - API response: 2 results
2025-09-03 17:22:07,063 - src.collect_pipeline - INFO - Making API request: /fixtures/statistics?fixture=707498
2025-09-03 17:22:07,218 - src.collect_pipeline - INFO - API response: 2 results
2025-09-03 17:22:07,219 - src.collect_pipeline - INFO - Making API request: /fixtures/statistics?fixture=707501
2025-09-03 17:22:07,402 - src.collect_pipeline - INFO - API response: 2 results
2025-09-03 17:22:07,403 - src.collect_pipeline - INFO - Making API request: /fixtures/statistics?fixture=707502
2025-09-03 17:22:07,580 - src.collect_pipeline - INFO - API response: 2 results
2025-09-03 17:22:07,581 - src.collect_pipeline - INFO - Making API request: /fixtures/statistics?fixture=707495
2025-09-03 17:22:07,792 - src.collect_pipeline - INFO - API response: 2 results
2025-09-03 17:22:07,793 - src.collect_pipeline - INFO - Making API request: /fixtures/statistics?fixture=707500
2025-09-03 17:22:07,974 - src.collect_pipeline - INFO - API response: 2 results
2025-09-03 17:22:07,975 - src.collect_pipeline - INFO - Making API request: /fixtures/statistics?fixture=707497
2025-09-03 17:22:08,148 - src.collect_pipeline - INFO - API response: 2 results
2025-09-03 17:22:08,148 - src.collect_pipeline - INFO - Making API request: /fixtures/statistics?fixture=707504
2025-09-03 17:22:08,308 - src.collect_pipeline - INFO - API response: 2 results
2025-09-03 17:22:08,309 - src.collect_pipeline - INFO - Making API request: /fixtures/statistics?fixture=707503
2025-09-03 17:22:08,455 - src.collect_pipeline - INFO - API response: 2 results
2025-09-03 17:22:08,456 - src.collect_pipeline - INFO - Making API request: /fixtures/statistics?fixture=707508
2025-09-03 17:22:08,642 - src.collect_pipeline - INFO - API response: 2 results
2025-09-03 17:22:08,643 - src.collect_pipeline - INFO - Making API request: /fixtures/statistics?fixture=707505
2025-09-03 17:22:08,812 - src.collect_pipeline - INFO - API response: 2 results
2025-09-03 17:22:08,814 - src.collect_pipeline - INFO - Making API request: /fixtures/statistics?fixture=707509
2025-09-03 17:22:09,015 - src.collect_pipeline - INFO - API response: 2 results
2025-09-03 17:22:09,016 - src.collect_pipeline - INFO - Making API request: /fixtures/statistics?fixture=707507
2025-09-03 17:22:09,187 - src.collect_pipeline - INFO - API response: 2 results
2025-09-03 17:22:09,189 - src.collect_pipeline - INFO - Making API request: /fixtures/statistics?fixture=707510
2025-09-03 17:22:09,329 - src.collect_pipeline - INFO - API response: 2 results
2025-09-03 17:22:09,330 - src.collect_pipeline - INFO - Making API request: /fixtures/statistics?fixture=707506
2025-09-03 17:22:09,526 - src.collect_pipeline - INFO - API response: 2 results
2025-09-03 17:22:09,526 - src.collect_pipeline - INFO - Making API request: /fixtures/statistics?fixture=707511
2025-09-03 17:22:09,702 - src.collect_pipeline - INFO - API response: 2 results
2025-09-03 17:22:09,702 - src.collect_pipeline - INFO - Making API request: /fixtures/statistics?fixture=707512
2025-09-03 17:22:09,840 - src.collect_pipeline - INFO - API response: 2 results
2025-09-03 17:22:09,841 - src.collect_pipeline - INFO - Making API request: /fixtures/statistics?fixture=707514
2025-09-03 17:22:10,003 - src.collect_pipeline - INFO - API response: 2 results
2025-09-03 17:22:10,004 - src.collect_pipeline - INFO - Making API request: /fixtures/statistics?fixture=707513
2025-09-03 17:22:10,196 - src.collect_pipeline - INFO - API response: 2 results
2025-09-03 17:22:10,197 - src.collect_pipeline - INFO - Making API request: /fixtures/statistics?fixture=707518
2025-09-03 17:22:10,341 - src.collect_pipeline - INFO - API response: 2 results
2025-09-03 17:22:10,342 - src.collect_pipeline - INFO - Making API request: /fixtures/statistics?fixture=707522
2025-09-03 17:22:10,495 - src.collect_pipeline - INFO - API response: 2 results
2025-09-03 17:22:10,496 - src.collect_pipeline - INFO - Making API request: /fixtures/statistics?fixture=707517
2025-09-03 17:22:10,623 - src.collect_pipeline - INFO - API response: 2 results
2025-09-03 17:22:10,624 - src.collect_pipeline - INFO - Making API request: /fixtures/statistics?fixture=707519
2025-09-03 17:22:10,782 - src.collect_pipeline - INFO - API response: 2 results
2025-09-03 17:22:10,783 - src.collect_pipeline - INFO - Making API request: /fixtures/statistics?fixture=707521
2025-09-03 17:22:10,942 - src.collect_pipeline - INFO - API response: 2 results
2025-09-03 17:22:10,943 - src.collect_pipeline - INFO - Making API request: /fixtures/statistics?fixture=707516
2025-09-03 17:22:11,094 - src.collect_pipeline - INFO - API response: 2 results
2025-09-03 17:22:11,095 - src.collect_pipeline - INFO - Making API request: /fixtures/statistics?fixture=707523
2025-09-03 17:22:11,233 - src.collect_pipeline - INFO - API response: 2 results
2025-09-03 17:22:11,234 - src.collect_pipeline - INFO - Making API request: /fixtures/statistics?fixture=707515
2025-09-03 17:22:11,367 - src.collect_pipeline - INFO - API response: 2 results
2025-09-03 17:22:11,368 - src.collect_pipeline - INFO - Making API request: /fixtures/statistics?fixture=707520
2025-09-03 17:22:11,535 - src.collect_pipeline - INFO - API response: 2 results
2025-09-03 17:22:11,536 - src.collect_pipeline - INFO - Making API request: /fixtures/statistics?fixture=707524
2025-09-03 17:22:11,682 - src.collect_pipeline - INFO - API response: 2 results
2025-09-03 17:22:11,682 - src.collect_pipeline - INFO - Making API request: /fixtures/statistics?fixture=707525
2025-09-03 17:22:11,842 - src.collect_pipeline - INFO - API response: 2 results
2025-09-03 17:22:11,843 - src.collect_pipeline - INFO - Making API request: /fixtures/statistics?fixture=707526
2025-09-03 17:22:12,076 - src.collect_pipeline - INFO - API response: 2 results
2025-09-03 17:22:12,077 - src.collect_pipeline - INFO - Making API request: /fixtures/statistics?fixture=707528
2025-09-03 17:22:12,254 - src.collect_pipeline - INFO - API response: 2 results
2025-09-03 17:22:12,255 - src.collect_pipeline - INFO - Making API request: /fixtures/statistics?fixture=707527
2025-09-03 17:22:12,417 - src.collect_pipeline - INFO - API response: 2 results
2025-09-03 17:22:12,418 - src.collect_pipeline - INFO - Making API request: /fixtures/statistics?fixture=707529
2025-09-03 17:22:12,551 - src.collect_pipeline - INFO - API response: 2 results
2025-09-03 17:22:12,552 - src.collect_pipeline - INFO - Making API request: /fixtures/statistics?fixture=707530
2025-09-03 17:22:12,791 - src.collect_pipeline - INFO - API response: 2 results
2025-09-03 17:22:12,792 - src.collect_pipeline - INFO - Making API request: /fixtures/statistics?fixture=707536
2025-09-03 17:22:12,974 - src.collect_pipeline - INFO - API response: 2 results
2025-09-03 17:22:12,974 - src.collect_pipeline - INFO - Making API request: /fixtures/statistics?fixture=707541
2025-09-03 17:22:13,171 - src.collect_pipeline - INFO - API response: 2 results
2025-09-03 17:22:13,173 - src.collect_pipeline - INFO - Making API request: /fixtures/statistics?fixture=707539
2025-09-03 17:22:13,384 - src.collect_pipeline - INFO - API response: 2 results
2025-09-03 17:22:13,384 - src.collect_pipeline - INFO - Making API request: /fixtures/statistics?fixture=707535
2025-09-03 17:22:13,560 - src.collect_pipeline - INFO - API response: 2 results
2025-09-03 17:22:13,563 - src.collect_pipeline - INFO - Progress saved to data/raw\data_collection_progress.json
2025-09-03 17:22:13,564 - src.collect_pipeline - INFO - Processing batch 2
2025-09-03 17:22:13,564 - src.collect_pipeline - INFO - Making API request: /fixtures/statistics?fixture=707542
2025-09-03 17:22:13,705 - src.collect_pipeline - INFO - API response: 2 results
2025-09-03 17:22:13,707 - src.collect_pipeline - INFO - Making API request: /fixtures/statistics?fixture=707543
2025-09-03 17:22:14,874 - src.collect_pipeline - INFO - API response: 2 results
2025-09-03 17:22:14,876 - src.collect_pipeline - INFO - Making API request: /fixtures/statistics?fixture=707540
2025-09-03 17:22:15,042 - src.collect_pipeline - INFO - API response: 2 results
2025-09-03 17:22:15,043 - src.collect_pipeline - INFO - Making API request: /fixtures/statistics?fixture=707537
2025-09-03 17:22:15,191 - src.collect_pipeline - INFO - API response: 2 results
2025-09-03 17:22:15,192 - src.collect_pipeline - INFO - Making API request: /fixtures/statistics?fixture=707538
2025-09-03 17:22:15,398 - src.collect_pipeline - INFO - API response: 2 results
2025-09-03 17:22:15,399 - src.collect_pipeline - INFO - Making API request: /fixtures/statistics?fixture=707534
2025-09-03 17:22:15,544 - src.collect_pipeline - INFO - API response: 2 results
2025-09-03 17:22:15,545 - src.collect_pipeline - INFO - Making API request: /fixtures/statistics?fixture=707532
2025-09-03 17:22:15,690 - src.collect_pipeline - INFO - API response: 2 results
2025-09-03 17:22:15,691 - src.collect_pipeline - INFO - Making API request: /fixtures/statistics?fixture=707544
2025-09-03 17:22:15,846 - src.collect_pipeline - INFO - API response: 2 results
2025-09-03 17:22:15,847 - src.collect_pipeline - INFO - Making API request: /fixtures/statistics?fixture=707531
2025-09-03 17:22:16,032 - src.collect_pipeline - INFO - API response: 2 results
2025-09-03 17:22:16,033 - src.collect_pipeline - INFO - Making API request: /fixtures/statistics?fixture=707533
2025-09-03 17:22:16,192 - src.collect_pipeline - INFO - API response: 2 results
2025-09-03 17:22:16,193 - src.collect_pipeline - INFO - Making API request: /fixtures/statistics?fixture=707548
2025-09-03 17:22:16,335 - src.collect_pipeline - INFO - API response: 2 results
2025-09-03 17:22:16,336 - src.collect_pipeline - INFO - Making API request: /fixtures/statistics?fixture=707551
2025-09-03 17:22:16,485 - src.collect_pipeline - INFO - API response: 2 results
2025-09-03 17:22:16,486 - src.collect_pipeline - INFO - Making API request: /fixtures/statistics?fixture=707547
2025-09-03 17:22:16,627 - src.collect_pipeline - INFO - API response: 2 results
2025-09-03 17:22:16,628 - src.collect_pipeline - INFO - Making API request: /fixtures/statistics?fixture=707550
2025-09-03 17:22:16,823 - src.collect_pipeline - INFO - API response: 2 results
2025-09-03 17:22:16,825 - src.collect_pipeline - INFO - Making API request: /fixtures/statistics?fixture=707552
2025-09-03 17:22:16,969 - src.collect_pipeline - INFO - API response: 2 results
2025-09-03 17:22:16,970 - src.collect_pipeline - INFO - Making API request: /fixtures/statistics?fixture=707553
2025-09-03 17:22:17,129 - src.collect_pipeline - INFO - API response: 2 results
2025-09-03 17:22:17,130 - src.collect_pipeline - INFO - Making API request: /fixtures/statistics?fixture=707545
2025-09-03 17:22:17,327 - src.collect_pipeline - INFO - API response: 2 results
2025-09-03 17:22:17,328 - src.collect_pipeline - INFO - Making API request: /fixtures/statistics?fixture=707546
2025-09-03 17:22:17,508 - src.collect_pipeline - INFO - API response: 2 results
2025-09-03 17:22:17,509 - src.collect_pipeline - INFO - Making API request: /fixtures/statistics?fixture=707549
2025-09-03 17:22:17,724 - src.collect_pipeline - INFO - API response: 2 results
2025-09-03 17:22:17,725 - src.collect_pipeline - INFO - Making API request: /fixtures/statistics?fixture=707554
2025-09-03 17:22:17,933 - src.collect_pipeline - INFO - API response: 2 results
2025-09-03 17:22:17,934 - src.collect_pipeline - INFO - Making API request: /fixtures/statistics?fixture=707559
2025-09-03 17:22:18,066 - src.collect_pipeline - INFO - API response: 2 results
2025-09-03 17:22:18,066 - src.collect_pipeline - INFO - Making API request: /fixtures/statistics?fixture=707555
2025-09-03 17:22:18,216 - src.collect_pipeline - INFO - API response: 2 results
2025-09-03 17:22:18,217 - src.collect_pipeline - INFO - Making API request: /fixtures/statistics?fixture=707560
2025-09-03 17:22:18,374 - src.collect_pipeline - INFO - API response: 2 results
2025-09-03 17:22:18,375 - src.collect_pipeline - INFO - Making API request: /fixtures/statistics?fixture=707563
2025-09-03 17:22:18,607 - src.collect_pipeline - INFO - API response: 2 results
2025-09-03 17:22:18,608 - src.collect_pipeline - INFO - Making API request: /fixtures/statistics?fixture=707558
2025-09-03 17:22:18,809 - src.collect_pipeline - INFO - API response: 2 results
2025-09-03 17:22:18,810 - src.collect_pipeline - INFO - Making API request: /fixtures/statistics?fixture=707556
2025-09-03 17:22:18,977 - src.collect_pipeline - INFO - API response: 2 results
2025-09-03 17:22:18,978 - src.collect_pipeline - INFO - Making API request: /fixtures/statistics?fixture=707557
2025-09-03 17:22:19,148 - src.collect_pipeline - INFO - API response: 2 results
2025-09-03 17:22:19,149 - src.collect_pipeline - INFO - Making API request: /fixtures/statistics?fixture=707561
2025-09-03 17:22:19,388 - src.collect_pipeline - INFO - API response: 2 results
2025-09-03 17:22:19,390 - src.collect_pipeline - INFO - Making API request: /fixtures/statistics?fixture=707562
2025-09-03 17:22:19,569 - src.collect_pipeline - INFO - API response: 2 results
2025-09-03 17:22:19,570 - src.collect_pipeline - INFO - Making API request: /fixtures/statistics?fixture=707564
2025-09-03 17:22:19,787 - src.collect_pipeline - INFO - API response: 2 results
2025-09-03 17:22:19,788 - src.collect_pipeline - INFO - Making API request: /fixtures/statistics?fixture=707569
2025-09-03 17:22:19,978 - src.collect_pipeline - INFO - API response: 2 results
2025-09-03 17:22:19,979 - src.collect_pipeline - INFO - Making API request: /fixtures/statistics?fixture=707571
2025-09-03 17:22:20,222 - src.collect_pipeline - INFO - API response: 2 results
2025-09-03 17:22:20,223 - src.collect_pipeline - INFO - Making API request: /fixtures/statistics?fixture=707568
2025-09-03 17:22:21,441 - src.collect_pipeline - INFO - API response: 2 results
2025-09-03 17:22:21,442 - src.collect_pipeline - INFO - Making API request: /fixtures/statistics?fixture=707572
2025-09-03 17:22:21,870 - src.collect_pipeline - INFO - API response: 2 results
2025-09-03 17:22:21,870 - src.collect_pipeline - INFO - Making API request: /fixtures/statistics?fixture=707574
2025-09-03 17:22:22,008 - src.collect_pipeline - INFO - API response: 2 results
2025-09-03 17:22:22,009 - src.collect_pipeline - INFO - Making API request: /fixtures/statistics?fixture=707565
2025-09-03 17:22:22,159 - src.collect_pipeline - INFO - API response: 2 results
2025-09-03 17:22:22,159 - src.collect_pipeline - INFO - Making API request: /fixtures/statistics?fixture=707566
2025-09-03 17:22:22,310 - src.collect_pipeline - INFO - API response: 2 results
2025-09-03 17:22:22,310 - src.collect_pipeline - INFO - Making API request: /fixtures/statistics?fixture=707570
2025-09-03 17:22:22,456 - src.collect_pipeline - INFO - API response: 2 results
2025-09-03 17:22:22,457 - src.collect_pipeline - INFO - Making API request: /fixtures/statistics?fixture=707567
2025-09-03 17:22:22,593 - src.collect_pipeline - INFO - API response: 2 results
2025-09-03 17:22:22,594 - src.collect_pipeline - INFO - Making API request: /fixtures/statistics?fixture=707573
2025-09-03 17:22:22,738 - src.collect_pipeline - INFO - API response: 2 results
2025-09-03 17:22:22,740 - src.collect_pipeline - INFO - Making API request: /fixtures/statistics?fixture=707578
2025-09-03 17:22:22,906 - src.collect_pipeline - INFO - API response: 2 results
2025-09-03 17:22:22,907 - src.collect_pipeline - INFO - Making API request: /fixtures/statistics?fixture=707576
2025-09-03 17:22:23,049 - src.collect_pipeline - INFO - API response: 2 results
2025-09-03 17:22:23,050 - src.collect_pipeline - INFO - Making API request: /fixtures/statistics?fixture=707577
2025-09-03 17:22:23,209 - src.collect_pipeline - INFO - API response: 2 results
2025-09-03 17:22:23,210 - src.collect_pipeline - INFO - Making API request: /fixtures/statistics?fixture=707579
2025-09-03 17:22:23,349 - src.collect_pipeline - INFO - API response: 2 results
2025-09-03 17:22:23,350 - src.collect_pipeline - INFO - Making API request: /fixtures/statistics?fixture=707575
2025-09-03 17:22:23,488 - src.collect_pipeline - INFO - API response: 2 results
2025-09-03 17:22:23,489 - src.collect_pipeline - INFO - Making API request: /fixtures/statistics?fixture=707580
2025-09-03 17:22:23,627 - src.collect_pipeline - INFO - API response: 2 results
2025-09-03 17:22:23,628 - src.collect_pipeline - INFO - Making API request: /fixtures/statistics?fixture=707586
2025-09-03 17:22:23,770 - src.collect_pipeline - INFO - API response: 2 results
2025-09-03 17:22:23,771 - src.collect_pipeline - INFO - Making API request: /fixtures/statistics?fixture=707587
2025-09-03 17:22:23,911 - src.collect_pipeline - INFO - API response: 2 results
2025-09-03 17:22:23,912 - src.collect_pipeline - INFO - Making API request: /fixtures/statistics?fixture=707592
2025-09-03 17:22:24,054 - src.collect_pipeline - INFO - API response: 2 results
2025-09-03 17:22:24,054 - src.collect_pipeline - INFO - Making API request: /fixtures/statistics?fixture=707589
2025-09-03 17:22:24,199 - src.collect_pipeline - INFO - API response: 2 results
2025-09-03 17:22:24,203 - src.collect_pipeline - INFO - Progress saved to data/raw\data_collection_progress.json
2025-09-03 17:22:24,203 - src.collect_pipeline - INFO - Processing batch 3
2025-09-03 17:22:24,203 - src.collect_pipeline - INFO - Making API request: /fixtures/statistics?fixture=707593
2025-09-03 17:22:24,335 - src.collect_pipeline - INFO - API response: 2 results
2025-09-03 17:22:24,336 - src.collect_pipeline - INFO - Making API request: /fixtures/statistics?fixture=707585
2025-09-03 17:22:24,477 - src.collect_pipeline - INFO - API response: 2 results
2025-09-03 17:22:24,478 - src.collect_pipeline - INFO - Making API request: /fixtures/statistics?fixture=707590
2025-09-03 17:22:24,608 - src.collect_pipeline - INFO - API response: 2 results
2025-09-03 17:22:24,609 - src.collect_pipeline - INFO - Making API request: /fixtures/statistics?fixture=707588
2025-09-03 17:22:24,783 - src.collect_pipeline - INFO - API response: 2 results
2025-09-03 17:22:24,784 - src.collect_pipeline - INFO - Making API request: /fixtures/statistics?fixture=707591
2025-09-03 17:22:24,910 - src.collect_pipeline - INFO - API response: 2 results
2025-09-03 17:22:24,911 - src.collect_pipeline - INFO - Making API request: /fixtures/statistics?fixture=707594
2025-09-03 17:22:25,059 - src.collect_pipeline - INFO - API response: 2 results
2025-09-03 17:22:25,060 - src.collect_pipeline - INFO - Making API request: /fixtures/statistics?fixture=707582
2025-09-03 17:22:25,193 - src.collect_pipeline - INFO - API response: 2 results
2025-09-03 17:22:25,194 - src.collect_pipeline - INFO - Making API request: /fixtures/statistics?fixture=707584
2025-09-03 17:22:25,323 - src.collect_pipeline - INFO - API response: 2 results
2025-09-03 17:22:25,324 - src.collect_pipeline - INFO - Making API request: /fixtures/statistics?fixture=707581
2025-09-03 17:22:25,455 - src.collect_pipeline - INFO - API response: 2 results
2025-09-03 17:22:25,456 - src.collect_pipeline - INFO - Making API request: /fixtures/statistics?fixture=707583
2025-09-03 17:22:25,589 - src.collect_pipeline - INFO - API response: 2 results
2025-09-03 17:22:25,591 - src.collect_pipeline - INFO - Making API request: /fixtures/statistics?fixture=707595
2025-09-03 17:22:25,758 - src.collect_pipeline - INFO - API response: 2 results
2025-09-03 17:22:25,759 - src.collect_pipeline - INFO - Making API request: /fixtures/statistics?fixture=707600
2025-09-03 17:22:25,912 - src.collect_pipeline - INFO - API response: 2 results
2025-09-03 17:22:25,913 - src.collect_pipeline - INFO - Making API request: /fixtures/statistics?fixture=707603
2025-09-03 17:22:26,057 - src.collect_pipeline - INFO - API response: 2 results
2025-09-03 17:22:26,058 - src.collect_pipeline - INFO - Making API request: /fixtures/statistics?fixture=707598
2025-09-03 17:22:26,207 - src.collect_pipeline - INFO - API response: 2 results
2025-09-03 17:22:26,208 - src.collect_pipeline - INFO - Making API request: /fixtures/statistics?fixture=707597
2025-09-03 17:22:26,352 - src.collect_pipeline - INFO - API response: 2 results
2025-09-03 17:22:26,353 - src.collect_pipeline - INFO - Making API request: /fixtures/statistics?fixture=707596
2025-09-03 17:22:26,502 - src.collect_pipeline - INFO - API response: 2 results
2025-09-03 17:22:26,502 - src.collect_pipeline - INFO - Making API request: /fixtures/statistics?fixture=707599
2025-09-03 17:22:26,654 - src.collect_pipeline - INFO - API response: 2 results
2025-09-03 17:22:26,655 - src.collect_pipeline - INFO - Making API request: /fixtures/statistics?fixture=707601
2025-09-03 17:22:26,787 - src.collect_pipeline - INFO - API response: 2 results
2025-09-03 17:22:26,787 - src.collect_pipeline - INFO - Making API request: /fixtures/statistics?fixture=707602
2025-09-03 17:22:26,931 - src.collect_pipeline - INFO - API response: 2 results
2025-09-03 17:22:26,932 - src.collect_pipeline - INFO - Making API request: /fixtures/statistics?fixture=707604
2025-09-03 17:22:27,073 - src.collect_pipeline - INFO - API response: 2 results
2025-09-03 17:22:27,074 - src.collect_pipeline - INFO - Making API request: /fixtures/statistics?fixture=707608
2025-09-03 17:22:27,210 - src.collect_pipeline - INFO - API response: 2 results
2025-09-03 17:22:27,211 - src.collect_pipeline - INFO - Making API request: /fixtures/statistics?fixture=707606
2025-09-03 17:22:27,370 - src.collect_pipeline - INFO - API response: 2 results
2025-09-03 17:22:27,371 - src.collect_pipeline - INFO - Making API request: /fixtures/statistics?fixture=707612
2025-09-03 17:22:27,500 - src.collect_pipeline - INFO - API response: 2 results
2025-09-03 17:22:27,501 - src.collect_pipeline - INFO - Making API request: /fixtures/statistics?fixture=707605
2025-09-03 17:22:27,640 - src.collect_pipeline - INFO - API response: 2 results
2025-09-03 17:22:27,641 - src.collect_pipeline - INFO - Making API request: /fixtures/statistics?fixture=707607
2025-09-03 17:22:27,776 - src.collect_pipeline - INFO - API response: 2 results
2025-09-03 17:22:27,777 - src.collect_pipeline - INFO - Making API request: /fixtures/statistics?fixture=707611
2025-09-03 17:22:27,912 - src.collect_pipeline - INFO - API response: 2 results
2025-09-03 17:22:27,913 - src.collect_pipeline - INFO - Making API request: /fixtures/statistics?fixture=707614
2025-09-03 17:22:28,055 - src.collect_pipeline - INFO - API response: 2 results
2025-09-03 17:22:28,056 - src.collect_pipeline - INFO - Making API request: /fixtures/statistics?fixture=707609
2025-09-03 17:22:28,184 - src.collect_pipeline - INFO - API response: 2 results
2025-09-03 17:22:28,185 - src.collect_pipeline - INFO - Making API request: /fixtures/statistics?fixture=707613
2025-09-03 17:22:28,328 - src.collect_pipeline - INFO - API response: 2 results
2025-09-03 17:22:28,329 - src.collect_pipeline - INFO - Making API request: /fixtures/statistics?fixture=707622
2025-09-03 17:22:28,476 - src.collect_pipeline - INFO - API response: 2 results
2025-09-03 17:22:28,477 - src.collect_pipeline - INFO - Making API request: /fixtures/statistics?fixture=707617
2025-09-03 17:22:28,607 - src.collect_pipeline - INFO - API response: 2 results
2025-09-03 17:22:28,607 - src.collect_pipeline - INFO - Making API request: /fixtures/statistics?fixture=707618
2025-09-03 17:22:28,738 - src.collect_pipeline - INFO - API response: 2 results
2025-09-03 17:22:28,739 - src.collect_pipeline - INFO - Making API request: /fixtures/statistics?fixture=707620
2025-09-03 17:22:28,861 - src.collect_pipeline - INFO - API response: 2 results
2025-09-03 17:22:28,862 - src.collect_pipeline - INFO - Making API request: /fixtures/statistics?fixture=707615
2025-09-03 17:22:29,008 - src.collect_pipeline - INFO - API response: 2 results
2025-09-03 17:22:29,008 - src.collect_pipeline - INFO - Making API request: /fixtures/statistics?fixture=707616
2025-09-03 17:22:29,139 - src.collect_pipeline - INFO - API response: 2 results
2025-09-03 17:22:29,140 - src.collect_pipeline - INFO - Making API request: /fixtures/statistics?fixture=707623
2025-09-03 17:22:29,266 - src.collect_pipeline - INFO - API response: 2 results
2025-09-03 17:22:29,267 - src.collect_pipeline - INFO - Making API request: /fixtures/statistics?fixture=707619
2025-09-03 17:22:29,432 - src.collect_pipeline - INFO - API response: 2 results
2025-09-03 17:22:29,433 - src.collect_pipeline - INFO - Making API request: /fixtures/statistics?fixture=707621
2025-09-03 17:22:29,577 - src.collect_pipeline - INFO - API response: 2 results
2025-09-03 17:22:29,578 - src.collect_pipeline - INFO - Making API request: /fixtures/statistics?fixture=707624
2025-09-03 17:22:29,716 - src.collect_pipeline - INFO - API response: 2 results
2025-09-03 17:22:29,717 - src.collect_pipeline - INFO - Making API request: /fixtures/statistics?fixture=707625
2025-09-03 17:22:29,859 - src.collect_pipeline - INFO - API response: 2 results
2025-09-03 17:22:29,859 - src.collect_pipeline - INFO - Making API request: /fixtures/statistics?fixture=707626
2025-09-03 17:22:29,991 - src.collect_pipeline - INFO - API response: 2 results
2025-09-03 17:22:29,993 - src.collect_pipeline - INFO - Making API request: /fixtures/statistics?fixture=707627
2025-09-03 17:22:30,137 - src.collect_pipeline - INFO - API response: 2 results
2025-09-03 17:22:30,138 - src.collect_pipeline - INFO - Making API request: /fixtures/statistics?fixture=707628
2025-09-03 17:22:30,284 - src.collect_pipeline - INFO - API response: 2 results
2025-09-03 17:22:30,285 - src.collect_pipeline - INFO - Making API request: /fixtures/statistics?fixture=707629
2025-09-03 17:22:30,440 - src.collect_pipeline - INFO - API response: 2 results
2025-09-03 17:22:30,441 - src.collect_pipeline - INFO - Making API request: /fixtures/statistics?fixture=707630
2025-09-03 17:22:30,581 - src.collect_pipeline - INFO - API response: 2 results
2025-09-03 17:22:30,582 - src.collect_pipeline - INFO - Making API request: /fixtures/statistics?fixture=707643
2025-09-03 17:22:30,738 - src.collect_pipeline - INFO - API response: 2 results
2025-09-03 17:22:30,739 - src.collect_pipeline - INFO - Making API request: /fixtures/statistics?fixture=707640
2025-09-03 17:22:30,880 - src.collect_pipeline - INFO - API response: 2 results
2025-09-03 17:22:30,881 - src.collect_pipeline - INFO - Making API request: /fixtures/statistics?fixture=707642
2025-09-03 17:22:31,047 - src.collect_pipeline - INFO - API response: 2 results
2025-09-03 17:22:31,048 - src.collect_pipeline - INFO - Making API request: /fixtures/statistics?fixture=707637
2025-09-03 17:22:31,201 - src.collect_pipeline - INFO - API response: 2 results
2025-09-03 17:22:31,201 - src.collect_pipeline - INFO - Making API request: /fixtures/statistics?fixture=707644
2025-09-03 17:22:31,343 - src.collect_pipeline - INFO - API response: 2 results
2025-09-03 17:22:31,348 - src.collect_pipeline - INFO - Progress saved to data/raw\data_collection_progress.json
2025-09-03 17:22:31,348 - src.collect_pipeline - INFO - Processing batch 4
2025-09-03 17:22:31,348 - src.collect_pipeline - INFO - Making API request: /fixtures/statistics?fixture=707635
2025-09-03 17:22:31,486 - src.collect_pipeline - INFO - API response: 2 results
2025-09-03 17:22:31,487 - src.collect_pipeline - INFO - Making API request: /fixtures/statistics?fixture=707636
2025-09-03 17:22:31,628 - src.collect_pipeline - INFO - API response: 2 results
2025-09-03 17:22:31,629 - src.collect_pipeline - INFO - Making API request: /fixtures/statistics?fixture=707638
2025-09-03 17:22:31,775 - src.collect_pipeline - INFO - API response: 2 results
2025-09-03 17:22:31,776 - src.collect_pipeline - INFO - Making API request: /fixtures/statistics?fixture=707641
2025-09-03 17:22:31,912 - src.collect_pipeline - INFO - API response: 2 results
2025-09-03 17:22:31,913 - src.collect_pipeline - INFO - Making API request: /fixtures/statistics?fixture=707639
2025-09-03 17:22:32,076 - src.collect_pipeline - INFO - API response: 2 results
2025-09-03 17:22:32,076 - src.collect_pipeline - INFO - Making API request: /fixtures/statistics?fixture=707633
2025-09-03 17:22:32,212 - src.collect_pipeline - INFO - API response: 2 results
2025-09-03 17:22:32,213 - src.collect_pipeline - INFO - Making API request: /fixtures/statistics?fixture=707632
2025-09-03 17:22:32,354 - src.collect_pipeline - INFO - API response: 2 results
2025-09-03 17:22:32,355 - src.collect_pipeline - INFO - Making API request: /fixtures/statistics?fixture=707631
2025-09-03 17:22:32,497 - src.collect_pipeline - INFO - API response: 2 results
2025-09-03 17:22:32,498 - src.collect_pipeline - INFO - Making API request: /fixtures/statistics?fixture=707634
2025-09-03 17:22:32,628 - src.collect_pipeline - INFO - API response: 2 results
2025-09-03 17:22:32,628 - src.collect_pipeline - INFO - Making API request: /fixtures/statistics?fixture=707648
2025-09-03 17:22:32,766 - src.collect_pipeline - INFO - API response: 2 results
2025-09-03 17:22:32,767 - src.collect_pipeline - INFO - Making API request: /fixtures/statistics?fixture=707645
2025-09-03 17:22:32,906 - src.collect_pipeline - INFO - API response: 2 results
2025-09-03 17:22:32,907 - src.collect_pipeline - INFO - Making API request: /fixtures/statistics?fixture=707649
2025-09-03 17:22:33,052 - src.collect_pipeline - INFO - API response: 2 results
2025-09-03 17:22:33,053 - src.collect_pipeline - INFO - Making API request: /fixtures/statistics?fixture=707650
2025-09-03 17:22:33,183 - src.collect_pipeline - INFO - API response: 2 results
2025-09-03 17:22:33,184 - src.collect_pipeline - INFO - Making API request: /fixtures/statistics?fixture=707653
2025-09-03 17:22:33,318 - src.collect_pipeline - INFO - API response: 2 results
2025-09-03 17:22:33,318 - src.collect_pipeline - INFO - Making API request: /fixtures/statistics?fixture=707654
2025-09-03 17:22:33,443 - src.collect_pipeline - INFO - API response: 2 results
2025-09-03 17:22:33,444 - src.collect_pipeline - INFO - Making API request: /fixtures/statistics?fixture=707646
2025-09-03 17:22:33,590 - src.collect_pipeline - INFO - API response: 2 results
2025-09-03 17:22:33,591 - src.collect_pipeline - INFO - Making API request: /fixtures/statistics?fixture=707652
2025-09-03 17:22:33,722 - src.collect_pipeline - INFO - API response: 2 results
2025-09-03 17:22:33,723 - src.collect_pipeline - INFO - Making API request: /fixtures/statistics?fixture=707651
2025-09-03 17:22:33,862 - src.collect_pipeline - INFO - API response: 2 results
2025-09-03 17:22:33,863 - src.collect_pipeline - INFO - Making API request: /fixtures/statistics?fixture=707610
2025-09-03 17:22:34,014 - src.collect_pipeline - INFO - API response: 2 results
2025-09-03 17:22:34,015 - src.collect_pipeline - INFO - Making API request: /fixtures/statistics?fixture=707647
2025-09-03 17:22:34,155 - src.collect_pipeline - INFO - API response: 2 results
2025-09-03 17:22:34,156 - src.collect_pipeline - INFO - Making API request: /fixtures/statistics?fixture=707657
2025-09-03 17:22:34,289 - src.collect_pipeline - INFO - API response: 2 results
2025-09-03 17:22:34,290 - src.collect_pipeline - INFO - Making API request: /fixtures/statistics?fixture=707659
2025-09-03 17:22:34,410 - src.collect_pipeline - INFO - API response: 2 results
2025-09-03 17:22:34,411 - src.collect_pipeline - INFO - Making API request: /fixtures/statistics?fixture=707655
2025-09-03 17:22:34,560 - src.collect_pipeline - INFO - API response: 2 results
2025-09-03 17:22:34,560 - src.collect_pipeline - INFO - Making API request: /fixtures/statistics?fixture=707656
2025-09-03 17:22:34,688 - src.collect_pipeline - INFO - API response: 2 results
2025-09-03 17:22:34,690 - src.collect_pipeline - INFO - Making API request: /fixtures/statistics?fixture=707658
2025-09-03 17:22:34,817 - src.collect_pipeline - INFO - API response: 2 results
2025-09-03 17:22:34,817 - src.collect_pipeline - INFO - Making API request: /fixtures/statistics?fixture=707660
2025-09-03 17:22:34,956 - src.collect_pipeline - INFO - API response: 2 results
2025-09-03 17:22:34,958 - src.collect_pipeline - INFO - Making API request: /fixtures/statistics?fixture=707663
2025-09-03 17:22:35,094 - src.collect_pipeline - INFO - API response: 2 results
2025-09-03 17:22:35,095 - src.collect_pipeline - INFO - Making API request: /fixtures/statistics?fixture=707662
2025-09-03 17:22:35,236 - src.collect_pipeline - INFO - API response: 2 results
2025-09-03 17:22:35,237 - src.collect_pipeline - INFO - Making API request: /fixtures/statistics?fixture=707661
2025-09-03 17:22:35,377 - src.collect_pipeline - INFO - API response: 2 results
2025-09-03 17:22:35,378 - src.collect_pipeline - INFO - Making API request: /fixtures/statistics?fixture=707664
2025-09-03 17:22:35,511 - src.collect_pipeline - INFO - API response: 2 results
2025-09-03 17:22:35,512 - src.collect_pipeline - INFO - Making API request: /fixtures/statistics?fixture=707668
2025-09-03 17:22:35,658 - src.collect_pipeline - INFO - API response: 2 results
2025-09-03 17:22:35,659 - src.collect_pipeline - INFO - Making API request: /fixtures/statistics?fixture=707665
2025-09-03 17:22:35,792 - src.collect_pipeline - INFO - API response: 2 results
2025-09-03 17:22:35,793 - src.collect_pipeline - INFO - Making API request: /fixtures/statistics?fixture=707669
2025-09-03 17:22:35,931 - src.collect_pipeline - INFO - API response: 2 results
2025-09-03 17:22:35,932 - src.collect_pipeline - INFO - Making API request: /fixtures/statistics?fixture=707670
2025-09-03 17:22:36,089 - src.collect_pipeline - INFO - API response: 2 results
2025-09-03 17:22:36,090 - src.collect_pipeline - INFO - Making API request: /fixtures/statistics?fixture=707674
2025-09-03 17:22:36,245 - src.collect_pipeline - INFO - API response: 2 results
2025-09-03 17:22:36,246 - src.collect_pipeline - INFO - Making API request: /fixtures/statistics?fixture=707667
2025-09-03 17:22:36,387 - src.collect_pipeline - INFO - API response: 2 results
2025-09-03 17:22:36,388 - src.collect_pipeline - INFO - Making API request: /fixtures/statistics?fixture=707672
2025-09-03 17:22:36,534 - src.collect_pipeline - INFO - API response: 2 results
2025-09-03 17:22:36,535 - src.collect_pipeline - INFO - Making API request: /fixtures/statistics?fixture=707673
2025-09-03 17:22:36,671 - src.collect_pipeline - INFO - API response: 2 results
2025-09-03 17:22:36,672 - src.collect_pipeline - INFO - Making API request: /fixtures/statistics?fixture=707666
2025-09-03 17:22:36,800 - src.collect_pipeline - INFO - API response: 2 results
2025-09-03 17:22:36,801 - src.collect_pipeline - INFO - Making API request: /fixtures/statistics?fixture=707671
2025-09-03 17:22:36,930 - src.collect_pipeline - INFO - API response: 2 results
2025-09-03 17:22:36,931 - src.collect_pipeline - INFO - Making API request: /fixtures/statistics?fixture=707675
2025-09-03 17:22:37,056 - src.collect_pipeline - INFO - API response: 2 results
2025-09-03 17:22:37,057 - src.collect_pipeline - INFO - Making API request: /fixtures/statistics?fixture=707679
2025-09-03 17:22:37,210 - src.collect_pipeline - INFO - API response: 2 results
2025-09-03 17:22:37,210 - src.collect_pipeline - INFO - Making API request: /fixtures/statistics?fixture=707680
2025-09-03 17:22:37,341 - src.collect_pipeline - INFO - API response: 2 results
2025-09-03 17:22:37,341 - src.collect_pipeline - INFO - Making API request: /fixtures/statistics?fixture=707681
2025-09-03 17:22:37,471 - src.collect_pipeline - INFO - API response: 2 results
2025-09-03 17:22:37,472 - src.collect_pipeline - INFO - Making API request: /fixtures/statistics?fixture=707678
2025-09-03 17:22:37,611 - src.collect_pipeline - INFO - API response: 2 results
2025-09-03 17:22:37,612 - src.collect_pipeline - INFO - Making API request: /fixtures/statistics?fixture=707677
2025-09-03 17:22:37,736 - src.collect_pipeline - INFO - API response: 2 results
2025-09-03 17:22:37,737 - src.collect_pipeline - INFO - Making API request: /fixtures/statistics?fixture=707676
2025-09-03 17:22:37,862 - src.collect_pipeline - INFO - API response: 2 results
2025-09-03 17:22:37,863 - src.collect_pipeline - INFO - Making API request: /fixtures/statistics?fixture=707683
2025-09-03 17:22:38,014 - src.collect_pipeline - INFO - API response: 2 results
2025-09-03 17:22:38,015 - src.collect_pipeline - INFO - Making API request: /fixtures/statistics?fixture=707682
2025-09-03 17:22:38,152 - src.collect_pipeline - INFO - API response: 2 results
2025-09-03 17:22:38,153 - src.collect_pipeline - INFO - Making API request: /fixtures/statistics?fixture=707684
2025-09-03 17:22:38,287 - src.collect_pipeline - INFO - API response: 2 results
2025-09-03 17:22:38,292 - src.collect_pipeline - INFO - Progress saved to data/raw\data_collection_progress.json
2025-09-03 17:22:38,292 - src.collect_pipeline - INFO - Processing batch 5
2025-09-03 17:22:38,292 - src.collect_pipeline - INFO - Making API request: /fixtures/statistics?fixture=707685
2025-09-03 17:22:38,423 - src.collect_pipeline - INFO - API response: 2 results
2025-09-03 17:22:38,424 - src.collect_pipeline - INFO - Making API request: /fixtures/statistics?fixture=707686
2025-09-03 17:22:38,551 - src.collect_pipeline - INFO - API response: 2 results
2025-09-03 17:22:38,552 - src.collect_pipeline - INFO - Making API request: /fixtures/statistics?fixture=707687
2025-09-03 17:22:38,696 - src.collect_pipeline - INFO - API response: 2 results
2025-09-03 17:22:38,697 - src.collect_pipeline - INFO - Making API request: /fixtures/statistics?fixture=707688
2025-09-03 17:22:38,829 - src.collect_pipeline - INFO - API response: 2 results
2025-09-03 17:22:38,830 - src.collect_pipeline - INFO - Making API request: /fixtures/statistics?fixture=707689
2025-09-03 17:22:38,976 - src.collect_pipeline - INFO - API response: 2 results
2025-09-03 17:22:38,977 - src.collect_pipeline - INFO - Making API request: /fixtures/statistics?fixture=707691
2025-09-03 17:22:39,120 - src.collect_pipeline - INFO - API response: 2 results
2025-09-03 17:22:39,121 - src.collect_pipeline - INFO - Making API request: /fixtures/statistics?fixture=707694
2025-09-03 17:22:39,257 - src.collect_pipeline - INFO - API response: 2 results
2025-09-03 17:22:39,257 - src.collect_pipeline - INFO - Making API request: /fixtures/statistics?fixture=707693
2025-09-03 17:22:39,391 - src.collect_pipeline - INFO - API response: 2 results
2025-09-03 17:22:39,392 - src.collect_pipeline - INFO - Making API request: /fixtures/statistics?fixture=707699
2025-09-03 17:22:39,536 - src.collect_pipeline - INFO - API response: 2 results
2025-09-03 17:22:39,537 - src.collect_pipeline - INFO - Making API request: /fixtures/statistics?fixture=707700
2025-09-03 17:22:39,702 - src.collect_pipeline - INFO - API response: 2 results
2025-09-03 17:22:39,702 - src.collect_pipeline - INFO - Making API request: /fixtures/statistics?fixture=707702
2025-09-03 17:22:39,879 - src.collect_pipeline - INFO - API response: 2 results
2025-09-03 17:22:39,880 - src.collect_pipeline - INFO - Making API request: /fixtures/statistics?fixture=707695
2025-09-03 17:22:40,044 - src.collect_pipeline - INFO - API response: 2 results
2025-09-03 17:22:40,045 - src.collect_pipeline - INFO - Making API request: /fixtures/statistics?fixture=707697
2025-09-03 17:22:40,207 - src.collect_pipeline - INFO - API response: 2 results
2025-09-03 17:22:40,208 - src.collect_pipeline - INFO - Making API request: /fixtures/statistics?fixture=707701
2025-09-03 17:22:40,356 - src.collect_pipeline - INFO - API response: 2 results
2025-09-03 17:22:40,357 - src.collect_pipeline - INFO - Making API request: /fixtures/statistics?fixture=707703
2025-09-03 17:22:40,525 - src.collect_pipeline - INFO - API response: 2 results
2025-09-03 17:22:40,526 - src.collect_pipeline - INFO - Making API request: /fixtures/statistics?fixture=707696
2025-09-03 17:22:40,675 - src.collect_pipeline - INFO - API response: 2 results
2025-09-03 17:22:40,676 - src.collect_pipeline - INFO - Making API request: /fixtures/statistics?fixture=707704
2025-09-03 17:22:40,841 - src.collect_pipeline - INFO - API response: 2 results
2025-09-03 17:22:40,841 - src.collect_pipeline - INFO - Making API request: /fixtures/statistics?fixture=707707
2025-09-03 17:22:41,005 - src.collect_pipeline - INFO - API response: 2 results
2025-09-03 17:22:41,007 - src.collect_pipeline - INFO - Making API request: /fixtures/statistics?fixture=707710
2025-09-03 17:22:41,166 - src.collect_pipeline - INFO - API response: 2 results
2025-09-03 17:22:41,167 - src.collect_pipeline - INFO - Making API request: /fixtures/statistics?fixture=707709
2025-09-03 17:22:41,332 - src.collect_pipeline - INFO - API response: 2 results
2025-09-03 17:22:41,333 - src.collect_pipeline - INFO - Making API request: /fixtures/statistics?fixture=707711
2025-09-03 17:22:41,481 - src.collect_pipeline - INFO - API response: 2 results
2025-09-03 17:22:41,482 - src.collect_pipeline - INFO - Making API request: /fixtures/statistics?fixture=707705
2025-09-03 17:22:41,627 - src.collect_pipeline - INFO - API response: 2 results
2025-09-03 17:22:41,628 - src.collect_pipeline - INFO - Making API request: /fixtures/statistics?fixture=707706
2025-09-03 17:22:41,791 - src.collect_pipeline - INFO - API response: 2 results
2025-09-03 17:22:41,792 - src.collect_pipeline - INFO - Making API request: /fixtures/statistics?fixture=707708
2025-09-03 17:22:41,930 - src.collect_pipeline - INFO - API response: 2 results
2025-09-03 17:22:41,931 - src.collect_pipeline - INFO - Making API request: /fixtures/statistics?fixture=707713
2025-09-03 17:22:42,092 - src.collect_pipeline - INFO - API response: 2 results
2025-09-03 17:22:42,093 - src.collect_pipeline - INFO - Making API request: /fixtures/statistics?fixture=707714
2025-09-03 17:22:42,238 - src.collect_pipeline - INFO - API response: 2 results
2025-09-03 17:22:42,239 - src.collect_pipeline - INFO - Making API request: /fixtures/statistics?fixture=707712
2025-09-03 17:22:42,381 - src.collect_pipeline - INFO - API response: 2 results
2025-09-03 17:22:42,382 - src.collect_pipeline - INFO - Making API request: /fixtures/statistics?fixture=707692
2025-09-03 17:22:42,522 - src.collect_pipeline - INFO - API response: 2 results
2025-09-03 17:22:42,523 - src.collect_pipeline - INFO - Making API request: /fixtures/statistics?fixture=707690
2025-09-03 17:22:42,657 - src.collect_pipeline - INFO - API response: 2 results
2025-09-03 17:22:42,658 - src.collect_pipeline - INFO - Making API request: /fixtures/statistics?fixture=707715
2025-09-03 17:22:42,806 - src.collect_pipeline - INFO - API response: 2 results
2025-09-03 17:22:42,807 - src.collect_pipeline - INFO - Making API request: /fixtures/statistics?fixture=707717
2025-09-03 17:22:42,936 - src.collect_pipeline - INFO - API response: 2 results
2025-09-03 17:22:42,937 - src.collect_pipeline - INFO - Making API request: /fixtures/statistics?fixture=707716
2025-09-03 17:22:43,080 - src.collect_pipeline - INFO - API response: 2 results
2025-09-03 17:22:43,081 - src.collect_pipeline - INFO - Making API request: /fixtures/statistics?fixture=707718
2025-09-03 17:22:43,252 - src.collect_pipeline - INFO - API response: 2 results
2025-09-03 17:22:43,252 - src.collect_pipeline - INFO - Making API request: /fixtures/statistics?fixture=707719
2025-09-03 17:22:43,398 - src.collect_pipeline - INFO - API response: 2 results
2025-09-03 17:22:43,398 - src.collect_pipeline - INFO - Making API request: /fixtures/statistics?fixture=707720
2025-09-03 17:22:43,544 - src.collect_pipeline - INFO - API response: 2 results
2025-09-03 17:22:43,545 - src.collect_pipeline - INFO - Making API request: /fixtures/statistics?fixture=707732
2025-09-03 17:22:43,685 - src.collect_pipeline - INFO - API response: 2 results
2025-09-03 17:22:43,685 - src.collect_pipeline - INFO - Making API request: /fixtures/statistics?fixture=707728
2025-09-03 17:22:43,829 - src.collect_pipeline - INFO - API response: 2 results
2025-09-03 17:22:43,830 - src.collect_pipeline - INFO - Making API request: /fixtures/statistics?fixture=707726
2025-09-03 17:22:43,986 - src.collect_pipeline - INFO - API response: 2 results
2025-09-03 17:22:43,986 - src.collect_pipeline - INFO - Making API request: /fixtures/statistics?fixture=707733
2025-09-03 17:22:44,137 - src.collect_pipeline - INFO - API response: 2 results
2025-09-03 17:22:44,137 - src.collect_pipeline - INFO - Making API request: /fixtures/statistics?fixture=707729
2025-09-03 17:22:44,280 - src.collect_pipeline - INFO - API response: 2 results
2025-09-03 17:22:44,281 - src.collect_pipeline - INFO - Making API request: /fixtures/statistics?fixture=707734
2025-09-03 17:22:44,409 - src.collect_pipeline - INFO - API response: 2 results
2025-09-03 17:22:44,410 - src.collect_pipeline - INFO - Making API request: /fixtures/statistics?fixture=707731
2025-09-03 17:22:44,552 - src.collect_pipeline - INFO - API response: 2 results
2025-09-03 17:22:44,552 - src.collect_pipeline - INFO - Making API request: /fixtures/statistics?fixture=707730
2025-09-03 17:22:44,683 - src.collect_pipeline - INFO - API response: 2 results
2025-09-03 17:22:44,684 - src.collect_pipeline - INFO - Making API request: /fixtures/statistics?fixture=707725
2025-09-03 17:22:44,821 - src.collect_pipeline - INFO - API response: 2 results
2025-09-03 17:22:44,822 - src.collect_pipeline - INFO - Making API request: /fixtures/statistics?fixture=707723
2025-09-03 17:22:44,987 - src.collect_pipeline - INFO - API response: 2 results
2025-09-03 17:22:44,988 - src.collect_pipeline - INFO - Making API request: /fixtures/statistics?fixture=707727
2025-09-03 17:22:45,147 - src.collect_pipeline - INFO - API response: 2 results
2025-09-03 17:22:45,148 - src.collect_pipeline - INFO - Making API request: /fixtures/statistics?fixture=707721
2025-09-03 17:22:45,300 - src.collect_pipeline - INFO - API response: 2 results
2025-09-03 17:22:45,301 - src.collect_pipeline - INFO - Making API request: /fixtures/statistics?fixture=707724
2025-09-03 17:22:45,438 - src.collect_pipeline - INFO - API response: 2 results
2025-09-03 17:22:45,440 - src.collect_pipeline - INFO - Making API request: /fixtures/statistics?fixture=707737
2025-09-03 17:22:45,584 - src.collect_pipeline - INFO - API response: 2 results
2025-09-03 17:22:45,585 - src.collect_pipeline - INFO - Making API request: /fixtures/statistics?fixture=707735
2025-09-03 17:22:45,729 - src.collect_pipeline - INFO - API response: 2 results
2025-09-03 17:22:45,734 - src.collect_pipeline - INFO - Progress saved to data/raw\data_collection_progress.json
2025-09-03 17:22:45,734 - src.collect_pipeline - INFO - Processing batch 6
2025-09-03 17:22:45,734 - src.collect_pipeline - INFO - Making API request: /fixtures/statistics?fixture=707738
2025-09-03 17:22:45,881 - src.collect_pipeline - INFO - API response: 2 results
2025-09-03 17:22:45,882 - src.collect_pipeline - INFO - Making API request: /fixtures/statistics?fixture=707741
2025-09-03 17:22:46,016 - src.collect_pipeline - INFO - API response: 2 results
2025-09-03 17:22:46,017 - src.collect_pipeline - INFO - Making API request: /fixtures/statistics?fixture=707736
2025-09-03 17:22:46,152 - src.collect_pipeline - INFO - API response: 2 results
2025-09-03 17:22:46,153 - src.collect_pipeline - INFO - Making API request: /fixtures/statistics?fixture=707740
2025-09-03 17:22:46,295 - src.collect_pipeline - INFO - API response: 2 results
2025-09-03 17:22:46,296 - src.collect_pipeline - INFO - Making API request: /fixtures/statistics?fixture=707739
2025-09-03 17:22:46,433 - src.collect_pipeline - INFO - API response: 2 results
2025-09-03 17:22:46,434 - src.collect_pipeline - INFO - Making API request: /fixtures/statistics?fixture=707742
2025-09-03 17:22:46,581 - src.collect_pipeline - INFO - API response: 2 results
2025-09-03 17:22:46,582 - src.collect_pipeline - INFO - Making API request: /fixtures/statistics?fixture=707743
2025-09-03 17:22:46,726 - src.collect_pipeline - INFO - API response: 2 results
2025-09-03 17:22:46,727 - src.collect_pipeline - INFO - Making API request: /fixtures/statistics?fixture=707744
2025-09-03 17:22:46,874 - src.collect_pipeline - INFO - API response: 2 results
2025-09-03 17:22:46,875 - src.collect_pipeline - INFO - Making API request: /fixtures/statistics?fixture=707722
2025-09-03 17:22:47,003 - src.collect_pipeline - INFO - API response: 2 results
2025-09-03 17:22:47,003 - src.collect_pipeline - INFO - Making API request: /fixtures/statistics?fixture=707753
2025-09-03 17:22:47,134 - src.collect_pipeline - INFO - API response: 2 results
2025-09-03 17:22:47,135 - src.collect_pipeline - INFO - Making API request: /fixtures/statistics?fixture=707754
2025-09-03 17:22:47,289 - src.collect_pipeline - INFO - API response: 2 results
2025-09-03 17:22:47,290 - src.collect_pipeline - INFO - Making API request: /fixtures/statistics?fixture=707760
2025-09-03 17:22:47,439 - src.collect_pipeline - INFO - API response: 2 results
2025-09-03 17:22:47,440 - src.collect_pipeline - INFO - Making API request: /fixtures/statistics?fixture=707761
2025-09-03 17:22:47,614 - src.collect_pipeline - INFO - API response: 2 results
2025-09-03 17:22:47,614 - src.collect_pipeline - INFO - Making API request: /fixtures/statistics?fixture=707762
2025-09-03 17:22:47,791 - src.collect_pipeline - INFO - API response: 2 results
2025-09-03 17:22:47,792 - src.collect_pipeline - INFO - Making API request: /fixtures/statistics?fixture=707759
2025-09-03 17:22:47,941 - src.collect_pipeline - INFO - API response: 2 results
2025-09-03 17:22:47,942 - src.collect_pipeline - INFO - Making API request: /fixtures/statistics?fixture=707758
2025-09-03 17:22:48,108 - src.collect_pipeline - INFO - API response: 2 results
2025-09-03 17:22:48,109 - src.collect_pipeline - INFO - Making API request: /fixtures/statistics?fixture=707764
2025-09-03 17:22:48,262 - src.collect_pipeline - INFO - API response: 2 results
2025-09-03 17:22:48,263 - src.collect_pipeline - INFO - Making API request: /fixtures/statistics?fixture=707757
2025-09-03 17:22:48,404 - src.collect_pipeline - INFO - API response: 2 results
2025-09-03 17:22:48,405 - src.collect_pipeline - INFO - Making API request: /fixtures/statistics?fixture=707756
2025-09-03 17:22:48,537 - src.collect_pipeline - INFO - API response: 2 results
2025-09-03 17:22:48,538 - src.collect_pipeline - INFO - Making API request: /fixtures/statistics?fixture=707763
2025-09-03 17:22:48,707 - src.collect_pipeline - INFO - API response: 2 results
2025-09-03 17:22:48,708 - src.collect_pipeline - INFO - Making API request: /fixtures/statistics?fixture=707698
2025-09-03 17:22:48,878 - src.collect_pipeline - INFO - API response: 2 results
2025-09-03 17:22:48,879 - src.collect_pipeline - INFO - Making API request: /fixtures/statistics?fixture=707765
2025-09-03 17:22:49,007 - src.collect_pipeline - INFO - API response: 2 results
2025-09-03 17:22:49,008 - src.collect_pipeline - INFO - Making API request: /fixtures/statistics?fixture=707766
2025-09-03 17:22:49,137 - src.collect_pipeline - INFO - API response: 2 results
2025-09-03 17:22:49,138 - src.collect_pipeline - INFO - Making API request: /fixtures/statistics?fixture=707771
2025-09-03 17:22:49,275 - src.collect_pipeline - INFO - API response: 2 results
2025-09-03 17:22:49,276 - src.collect_pipeline - INFO - Making API request: /fixtures/statistics?fixture=707768
2025-09-03 17:22:49,412 - src.collect_pipeline - INFO - API response: 2 results
2025-09-03 17:22:49,413 - src.collect_pipeline - INFO - Making API request: /fixtures/statistics?fixture=707769
2025-09-03 17:22:49,558 - src.collect_pipeline - INFO - API response: 2 results
2025-09-03 17:22:49,559 - src.collect_pipeline - INFO - Making API request: /fixtures/statistics?fixture=707767
2025-09-03 17:22:49,695 - src.collect_pipeline - INFO - API response: 2 results
2025-09-03 17:22:49,696 - src.collect_pipeline - INFO - Making API request: /fixtures/statistics?fixture=707770
2025-09-03 17:22:49,873 - src.collect_pipeline - INFO - API response: 2 results
2025-09-03 17:22:49,874 - src.collect_pipeline - INFO - Making API request: /fixtures/statistics?fixture=707773
2025-09-03 17:22:50,005 - src.collect_pipeline - INFO - API response: 2 results
2025-09-03 17:22:50,006 - src.collect_pipeline - INFO - Making API request: /fixtures/statistics?fixture=707784
2025-09-03 17:22:50,136 - src.collect_pipeline - INFO - API response: 2 results
2025-09-03 17:22:50,137 - src.collect_pipeline - INFO - Making API request: /fixtures/statistics?fixture=707772
2025-09-03 17:22:50,276 - src.collect_pipeline - INFO - API response: 2 results
2025-09-03 17:22:50,278 - src.collect_pipeline - INFO - Making API request: /fixtures/statistics?fixture=707774
2025-09-03 17:22:50,433 - src.collect_pipeline - INFO - API response: 2 results
2025-09-03 17:22:50,434 - src.collect_pipeline - INFO - Making API request: /fixtures/statistics?fixture=707781
2025-09-03 17:22:50,578 - src.collect_pipeline - INFO - API response: 2 results
2025-09-03 17:22:50,579 - src.collect_pipeline - INFO - Making API request: /fixtures/statistics?fixture=707780
2025-09-03 17:22:50,726 - src.collect_pipeline - INFO - API response: 2 results
2025-09-03 17:22:50,727 - src.collect_pipeline - INFO - Making API request: /fixtures/statistics?fixture=707778
2025-09-03 17:22:50,862 - src.collect_pipeline - INFO - API response: 2 results
2025-09-03 17:22:50,863 - src.collect_pipeline - INFO - Making API request: /fixtures/statistics?fixture=707783
2025-09-03 17:22:51,005 - src.collect_pipeline - INFO - API response: 2 results
2025-09-03 17:22:51,006 - src.collect_pipeline - INFO - Making API request: /fixtures/statistics?fixture=707776
2025-09-03 17:22:51,149 - src.collect_pipeline - INFO - API response: 2 results
2025-09-03 17:22:51,150 - src.collect_pipeline - INFO - Making API request: /fixtures/statistics?fixture=707777
2025-09-03 17:22:51,289 - src.collect_pipeline - INFO - API response: 2 results
2025-09-03 17:22:51,290 - src.collect_pipeline - INFO - Making API request: /fixtures/statistics?fixture=707779
2025-09-03 17:22:51,415 - src.collect_pipeline - INFO - API response: 2 results
2025-09-03 17:22:51,416 - src.collect_pipeline - INFO - Making API request: /fixtures/statistics?fixture=707782
2025-09-03 17:22:51,546 - src.collect_pipeline - INFO - API response: 2 results
2025-09-03 17:22:51,547 - src.collect_pipeline - INFO - Making API request: /fixtures/statistics?fixture=707747
2025-09-03 17:22:51,684 - src.collect_pipeline - INFO - API response: 2 results
2025-09-03 17:22:51,685 - src.collect_pipeline - INFO - Making API request: /fixtures/statistics?fixture=707746
2025-09-03 17:22:51,856 - src.collect_pipeline - INFO - API response: 2 results
2025-09-03 17:22:51,857 - src.collect_pipeline - INFO - Making API request: /fixtures/statistics?fixture=707749
2025-09-03 17:22:51,992 - src.collect_pipeline - INFO - API response: 2 results
2025-09-03 17:22:51,993 - src.collect_pipeline - INFO - Making API request: /fixtures/statistics?fixture=707750
2025-09-03 17:22:52,137 - src.collect_pipeline - INFO - API response: 2 results
2025-09-03 17:22:52,138 - src.collect_pipeline - INFO - Making API request: /fixtures/statistics?fixture=707745
2025-09-03 17:22:52,268 - src.collect_pipeline - INFO - API response: 2 results
2025-09-03 17:22:52,269 - src.collect_pipeline - INFO - Making API request: /fixtures/statistics?fixture=707748
2025-09-03 17:22:52,419 - src.collect_pipeline - INFO - API response: 2 results
2025-09-03 17:22:52,420 - src.collect_pipeline - INFO - Making API request: /fixtures/statistics?fixture=707752
2025-09-03 17:22:52,547 - src.collect_pipeline - INFO - API response: 2 results
2025-09-03 17:22:52,548 - src.collect_pipeline - INFO - Making API request: /fixtures/statistics?fixture=707751
2025-09-03 17:22:52,686 - src.collect_pipeline - INFO - API response: 2 results
2025-09-03 17:22:52,687 - src.collect_pipeline - INFO - Making API request: /fixtures/statistics?fixture=707785
2025-09-03 17:22:52,812 - src.collect_pipeline - INFO - API response: 2 results
2025-09-03 17:22:52,813 - src.collect_pipeline - INFO - Making API request: /fixtures/statistics?fixture=707788
2025-09-03 17:23:04,493 - src.collect_pipeline - INFO - API response: 2 results
2025-09-03 17:23:04,497 - src.collect_pipeline - INFO - Progress saved to data/raw\data_collection_progress.json
2025-09-03 17:23:04,497 - src.collect_pipeline - INFO - Processing batch 7
2025-09-03 17:23:04,498 - src.collect_pipeline - INFO - Making API request: /fixtures/statistics?fixture=707794
2025-09-03 17:23:04,623 - src.collect_pipeline - INFO - API response: 2 results
2025-09-03 17:23:04,624 - src.collect_pipeline - INFO - Making API request: /fixtures/statistics?fixture=707787
2025-09-03 17:23:04,770 - src.collect_pipeline - INFO - API response: 2 results
2025-09-03 17:23:04,771 - src.collect_pipeline - INFO - Making API request: /fixtures/statistics?fixture=707790
2025-09-03 17:23:04,896 - src.collect_pipeline - INFO - API response: 2 results
2025-09-03 17:23:04,897 - src.collect_pipeline - INFO - Making API request: /fixtures/statistics?fixture=707789
2025-09-03 17:23:05,041 - src.collect_pipeline - INFO - API response: 2 results
2025-09-03 17:23:05,042 - src.collect_pipeline - INFO - Making API request: /fixtures/statistics?fixture=707786
2025-09-03 17:23:05,184 - src.collect_pipeline - INFO - API response: 2 results
2025-09-03 17:23:05,185 - src.collect_pipeline - INFO - Making API request: /fixtures/statistics?fixture=707791
2025-09-03 17:23:05,334 - src.collect_pipeline - INFO - API response: 2 results
2025-09-03 17:23:05,335 - src.collect_pipeline - INFO - Making API request: /fixtures/statistics?fixture=707792
2025-09-03 17:23:05,544 - src.collect_pipeline - INFO - API response: 2 results
2025-09-03 17:23:05,545 - src.collect_pipeline - INFO - Making API request: /fixtures/statistics?fixture=707793
2025-09-03 17:23:05,678 - src.collect_pipeline - INFO - API response: 2 results
2025-09-03 17:23:05,679 - src.collect_pipeline - INFO - Making API request: /fixtures/statistics?fixture=707755
2025-09-03 17:23:05,827 - src.collect_pipeline - INFO - API response: 2 results
2025-09-03 17:23:05,828 - src.collect_pipeline - INFO - Making API request: /fixtures/statistics?fixture=707797
2025-09-03 17:23:06,178 - src.collect_pipeline - INFO - API response: 2 results
2025-09-03 17:23:06,179 - src.collect_pipeline - INFO - Making API request: /fixtures/statistics?fixture=707798
2025-09-03 17:23:06,309 - src.collect_pipeline - INFO - API response: 2 results
2025-09-03 17:23:06,310 - src.collect_pipeline - INFO - Making API request: /fixtures/statistics?fixture=707796
2025-09-03 17:23:06,446 - src.collect_pipeline - INFO - API response: 2 results
2025-09-03 17:23:06,447 - src.collect_pipeline - INFO - Making API request: /fixtures/statistics?fixture=707795
2025-09-03 17:23:06,630 - src.collect_pipeline - INFO - API response: 2 results
2025-09-03 17:23:06,630 - src.collect_pipeline - INFO - Making API request: /fixtures/statistics?fixture=707800
2025-09-03 17:23:06,770 - src.collect_pipeline - INFO - API response: 2 results
2025-09-03 17:23:06,771 - src.collect_pipeline - INFO - Making API request: /fixtures/statistics?fixture=707799
2025-09-03 17:23:06,920 - src.collect_pipeline - INFO - API response: 2 results
2025-09-03 17:23:06,921 - src.collect_pipeline - INFO - Making API request: /fixtures/statistics?fixture=707807
2025-09-03 17:23:07,057 - src.collect_pipeline - INFO - API response: 2 results
2025-09-03 17:23:07,058 - src.collect_pipeline - INFO - Making API request: /fixtures/statistics?fixture=707812
2025-09-03 17:23:07,205 - src.collect_pipeline - INFO - API response: 2 results
2025-09-03 17:23:07,206 - src.collect_pipeline - INFO - Making API request: /fixtures/statistics?fixture=707810
2025-09-03 17:23:07,348 - src.collect_pipeline - INFO - API response: 2 results
2025-09-03 17:23:07,348 - src.collect_pipeline - INFO - Making API request: /fixtures/statistics?fixture=707806
2025-09-03 17:23:07,487 - src.collect_pipeline - INFO - API response: 2 results
2025-09-03 17:23:07,488 - src.collect_pipeline - INFO - Making API request: /fixtures/statistics?fixture=707813
2025-09-03 17:23:07,627 - src.collect_pipeline - INFO - API response: 2 results
2025-09-03 17:23:07,628 - src.collect_pipeline - INFO - Making API request: /fixtures/statistics?fixture=707814
2025-09-03 17:23:07,765 - src.collect_pipeline - INFO - API response: 2 results
2025-09-03 17:23:07,766 - src.collect_pipeline - INFO - Making API request: /fixtures/statistics?fixture=707811
2025-09-03 17:23:07,901 - src.collect_pipeline - INFO - API response: 2 results
2025-09-03 17:23:07,902 - src.collect_pipeline - INFO - Making API request: /fixtures/statistics?fixture=707805
2025-09-03 17:23:08,046 - src.collect_pipeline - INFO - API response: 2 results
2025-09-03 17:23:08,047 - src.collect_pipeline - INFO - Making API request: /fixtures/statistics?fixture=707808
2025-09-03 17:23:08,188 - src.collect_pipeline - INFO - API response: 2 results
2025-09-03 17:23:08,190 - src.collect_pipeline - INFO - Making API request: /fixtures/statistics?fixture=707809
2025-09-03 17:23:08,321 - src.collect_pipeline - INFO - API response: 2 results
2025-09-03 17:23:08,321 - src.collect_pipeline - INFO - Making API request: /fixtures/statistics?fixture=707803
2025-09-03 17:23:08,456 - src.collect_pipeline - INFO - API response: 2 results
2025-09-03 17:23:08,457 - src.collect_pipeline - INFO - Making API request: /fixtures/statistics?fixture=707802
2025-09-03 17:23:08,590 - src.collect_pipeline - INFO - API response: 2 results
2025-09-03 17:23:08,591 - src.collect_pipeline - INFO - Making API request: /fixtures/statistics?fixture=707801
2025-09-03 17:23:08,720 - src.collect_pipeline - INFO - API response: 2 results
2025-09-03 17:23:08,721 - src.collect_pipeline - INFO - Making API request: /fixtures/statistics?fixture=707804
2025-09-03 17:23:08,875 - src.collect_pipeline - INFO - API response: 2 results
2025-09-03 17:23:08,876 - src.collect_pipeline - INFO - Making API request: /fixtures/statistics?fixture=707819
2025-09-03 17:23:09,017 - src.collect_pipeline - INFO - API response: 2 results
2025-09-03 17:23:09,018 - src.collect_pipeline - INFO - Making API request: /fixtures/statistics?fixture=707815
2025-09-03 17:23:09,158 - src.collect_pipeline - INFO - API response: 2 results
2025-09-03 17:23:09,159 - src.collect_pipeline - INFO - Making API request: /fixtures/statistics?fixture=707821
2025-09-03 17:23:09,312 - src.collect_pipeline - INFO - API response: 2 results
2025-09-03 17:23:09,313 - src.collect_pipeline - INFO - Making API request: /fixtures/statistics?fixture=707818
2025-09-03 17:23:09,459 - src.collect_pipeline - INFO - API response: 2 results
2025-09-03 17:23:09,460 - src.collect_pipeline - INFO - Making API request: /fixtures/statistics?fixture=707820
2025-09-03 17:23:09,596 - src.collect_pipeline - INFO - API response: 2 results
2025-09-03 17:23:09,597 - src.collect_pipeline - INFO - Making API request: /fixtures/statistics?fixture=707823
2025-09-03 17:23:09,739 - src.collect_pipeline - INFO - API response: 2 results
2025-09-03 17:23:09,741 - src.collect_pipeline - INFO - Making API request: /fixtures/statistics?fixture=707824
2025-09-03 17:23:09,871 - src.collect_pipeline - INFO - API response: 2 results
2025-09-03 17:23:09,872 - src.collect_pipeline - INFO - Making API request: /fixtures/statistics?fixture=707816
2025-09-03 17:23:10,004 - src.collect_pipeline - INFO - API response: 2 results
2025-09-03 17:23:10,004 - src.collect_pipeline - INFO - Making API request: /fixtures/statistics?fixture=707817
2025-09-03 17:23:10,143 - src.collect_pipeline - INFO - API response: 2 results
2025-09-03 17:23:10,144 - src.collect_pipeline - INFO - Making API request: /fixtures/statistics?fixture=707822
2025-09-03 17:23:10,280 - src.collect_pipeline - INFO - API response: 2 results
2025-09-03 17:23:10,281 - src.collect_pipeline - INFO - Making API request: /fixtures/statistics?fixture=707828
2025-09-03 17:23:10,417 - src.collect_pipeline - INFO - API response: 2 results
2025-09-03 17:23:10,418 - src.collect_pipeline - INFO - Making API request: /fixtures/statistics?fixture=707831
2025-09-03 17:23:10,553 - src.collect_pipeline - INFO - API response: 2 results
2025-09-03 17:23:10,554 - src.collect_pipeline - INFO - Making API request: /fixtures/statistics?fixture=707826
2025-09-03 17:23:10,692 - src.collect_pipeline - INFO - API response: 2 results
2025-09-03 17:23:10,693 - src.collect_pipeline - INFO - Making API request: /fixtures/statistics?fixture=707829
2025-09-03 17:23:10,832 - src.collect_pipeline - INFO - API response: 2 results
2025-09-03 17:23:10,833 - src.collect_pipeline - INFO - Making API request: /fixtures/statistics?fixture=707830
2025-09-03 17:23:10,965 - src.collect_pipeline - INFO - API response: 2 results
2025-09-03 17:23:10,966 - src.collect_pipeline - INFO - Making API request: /fixtures/statistics?fixture=707833
2025-09-03 17:23:11,088 - src.collect_pipeline - INFO - API response: 2 results
2025-09-03 17:23:11,089 - src.collect_pipeline - INFO - Making API request: /fixtures/statistics?fixture=707827
2025-09-03 17:23:11,232 - src.collect_pipeline - INFO - API response: 2 results
2025-09-03 17:23:11,233 - src.collect_pipeline - INFO - Making API request: /fixtures/statistics?fixture=707832
2025-09-03 17:23:11,366 - src.collect_pipeline - INFO - API response: 2 results
2025-09-03 17:23:11,366 - src.collect_pipeline - INFO - Making API request: /fixtures/statistics?fixture=707825
2025-09-03 17:23:11,494 - src.collect_pipeline - INFO - API response: 2 results
2025-09-03 17:23:11,495 - src.collect_pipeline - INFO - Making API request: /fixtures/statistics?fixture=707834
2025-09-03 17:23:11,619 - src.collect_pipeline - INFO - API response: 2 results
2025-09-03 17:23:11,620 - src.collect_pipeline - INFO - Making API request: /fixtures/statistics?fixture=707775
2025-09-03 17:23:11,757 - src.collect_pipeline - INFO - API response: 2 results
2025-09-03 17:23:11,763 - src.collect_pipeline - INFO - Progress saved to data/raw\data_collection_progress.json
2025-09-03 17:23:11,763 - src.collect_pipeline - INFO - Processing batch 8
2025-09-03 17:23:11,763 - src.collect_pipeline - INFO - Making API request: /fixtures/statistics?fixture=707837
2025-09-03 17:23:11,900 - src.collect_pipeline - INFO - API response: 2 results
2025-09-03 17:23:11,901 - src.collect_pipeline - INFO - Making API request: /fixtures/statistics?fixture=707839
2025-09-03 17:23:12,037 - src.collect_pipeline - INFO - API response: 2 results
2025-09-03 17:23:12,037 - src.collect_pipeline - INFO - Making API request: /fixtures/statistics?fixture=707836
2025-09-03 17:23:12,171 - src.collect_pipeline - INFO - API response: 2 results
2025-09-03 17:23:12,172 - src.collect_pipeline - INFO - Making API request: /fixtures/statistics?fixture=707835
2025-09-03 17:23:12,298 - src.collect_pipeline - INFO - API response: 2 results
2025-09-03 17:23:12,299 - src.collect_pipeline - INFO - Making API request: /fixtures/statistics?fixture=707840
2025-09-03 17:23:12,447 - src.collect_pipeline - INFO - API response: 2 results
2025-09-03 17:23:12,448 - src.collect_pipeline - INFO - Making API request: /fixtures/statistics?fixture=707838
2025-09-03 17:23:12,601 - src.collect_pipeline - INFO - API response: 2 results
2025-09-03 17:23:12,602 - src.collect_pipeline - INFO - Making API request: /fixtures/statistics?fixture=707841
2025-09-03 17:23:12,736 - src.collect_pipeline - INFO - API response: 2 results
2025-09-03 17:23:12,737 - src.collect_pipeline - INFO - Making API request: /fixtures/statistics?fixture=707842
2025-09-03 17:23:12,880 - src.collect_pipeline - INFO - API response: 2 results
2025-09-03 17:23:12,882 - src.collect_pipeline - INFO - Making API request: /fixtures/statistics?fixture=707844
2025-09-03 17:23:13,042 - src.collect_pipeline - INFO - API response: 2 results
2025-09-03 17:23:13,044 - src.collect_pipeline - INFO - Making API request: /fixtures/statistics?fixture=707843
2025-09-03 17:23:13,211 - src.collect_pipeline - INFO - API response: 2 results
2025-09-03 17:23:13,212 - src.collect_pipeline - INFO - Making API request: /fixtures/statistics?fixture=707845
2025-09-03 17:23:13,338 - src.collect_pipeline - INFO - API response: 2 results
2025-09-03 17:23:13,339 - src.collect_pipeline - INFO - Making API request: /fixtures/statistics?fixture=707850
2025-09-03 17:23:13,475 - src.collect_pipeline - INFO - API response: 2 results
2025-09-03 17:23:13,477 - src.collect_pipeline - INFO - Making API request: /fixtures/statistics?fixture=707852
2025-09-03 17:23:13,649 - src.collect_pipeline - INFO - API response: 2 results
2025-09-03 17:23:13,650 - src.collect_pipeline - INFO - Making API request: /fixtures/statistics?fixture=707854
2025-09-03 17:23:13,804 - src.collect_pipeline - INFO - API response: 0 results
2025-09-03 17:23:13,805 - src.collect_pipeline - INFO - Making API request: /fixtures/statistics?fixture=707848
2025-09-03 17:23:13,933 - src.collect_pipeline - INFO - API response: 2 results
2025-09-03 17:23:13,934 - src.collect_pipeline - INFO - Making API request: /fixtures/statistics?fixture=707851
2025-09-03 17:23:14,079 - src.collect_pipeline - INFO - API response: 2 results
2025-09-03 17:23:14,080 - src.collect_pipeline - INFO - Making API request: /fixtures/statistics?fixture=707846
2025-09-03 17:23:14,214 - src.collect_pipeline - INFO - API response: 2 results
2025-09-03 17:23:14,215 - src.collect_pipeline - INFO - Making API request: /fixtures/statistics?fixture=707847
2025-09-03 17:23:14,348 - src.collect_pipeline - INFO - API response: 2 results
2025-09-03 17:23:14,349 - src.collect_pipeline - INFO - Making API request: /fixtures/statistics?fixture=707849
2025-09-03 17:23:14,488 - src.collect_pipeline - INFO - API response: 2 results
2025-09-03 17:23:14,489 - src.collect_pipeline - INFO - Making API request: /fixtures/statistics?fixture=707853
2025-09-03 17:23:14,629 - src.collect_pipeline - INFO - API response: 2 results
2025-09-03 17:23:14,630 - src.collect_pipeline - INFO - Making API request: /fixtures/statistics?fixture=707858
2025-09-03 17:23:14,780 - src.collect_pipeline - INFO - API response: 2 results
2025-09-03 17:23:14,781 - src.collect_pipeline - INFO - Making API request: /fixtures/statistics?fixture=707857
2025-09-03 17:23:14,958 - src.collect_pipeline - INFO - API response: 2 results
2025-09-03 17:23:14,959 - src.collect_pipeline - INFO - Making API request: /fixtures/statistics?fixture=707861
2025-09-03 17:23:15,093 - src.collect_pipeline - INFO - API response: 2 results
2025-09-03 17:23:15,094 - src.collect_pipeline - INFO - Making API request: /fixtures/statistics?fixture=707862
2025-09-03 17:23:15,226 - src.collect_pipeline - INFO - API response: 2 results
2025-09-03 17:23:15,227 - src.collect_pipeline - INFO - Making API request: /fixtures/statistics?fixture=707864
2025-09-03 17:23:15,376 - src.collect_pipeline - INFO - API response: 2 results
2025-09-03 17:23:15,377 - src.collect_pipeline - INFO - Making API request: /fixtures/statistics?fixture=707856
2025-09-03 17:23:15,532 - src.collect_pipeline - INFO - API response: 2 results
2025-09-03 17:23:15,533 - src.collect_pipeline - INFO - Making API request: /fixtures/statistics?fixture=707860
2025-09-03 17:23:15,669 - src.collect_pipeline - INFO - API response: 2 results
2025-09-03 17:23:15,670 - src.collect_pipeline - INFO - Making API request: /fixtures/statistics?fixture=707859
2025-09-03 17:23:15,823 - src.collect_pipeline - INFO - API response: 2 results
2025-09-03 17:23:15,824 - src.collect_pipeline - INFO - Making API request: /fixtures/statistics?fixture=707855
2025-09-03 17:23:15,979 - src.collect_pipeline - INFO - API response: 2 results
2025-09-03 17:23:15,980 - src.collect_pipeline - INFO - Making API request: /fixtures/statistics?fixture=707863
2025-09-03 17:23:16,115 - src.collect_pipeline - INFO - API response: 2 results
2025-09-03 17:23:16,120 - src.collect_pipeline - INFO - Progress saved to data/raw\data_collection_progress.json
2025-09-03 17:23:16,121 - src.collect_pipeline - INFO - No existing team_statistics file found
2025-09-03 17:23:16,319 - src.collect_pipeline - INFO - team_statistics: 380 new, 0 duplicates skipped
2025-09-03 17:23:16,319 - src.collect_pipeline - INFO - Total team_statistics records: 380
2025-09-03 17:23:16,319 - src.collect_pipeline - INFO - Saved to data/raw\Netherlands\Eerste Divisie\2021\team_statistics.json
