2025-09-03 17:41:38,137 - src.collect_pipeline - INFO - Logging initialized. Log file: logs/collection\collection_20250903_174138.log
2025-09-03 17:41:38,140 - src.collect_pipeline - INFO - Logging initialized. Log file: logs/collection\collection_20250903_174138.log
2025-09-03 17:41:38,141 - src.collect_pipeline - INFO - Filtering leagues with: league_id=None, filter_ids=['209', '208', 207, 208, 209, '207'], filter_tiers=None, filter_cups=None, filter_categories=None
2025-09-03 17:41:38,141 - src.collect_pipeline - INFO - Only filter_ids provided: ['209', '208', 207, 208, 209, '207']
2025-09-03 17:41:38,141 - src.collect_pipeline - INFO - Processing Cup (Switzerland) - ID: 209
2025-09-03 17:41:38,142 - src.collect_pipeline - INFO - Getting dates for Cup (Switzerland) - Season 2024
2025-09-03 17:41:38,142 - src.collect_pipeline - INFO - Using cup competition dates for Cup: 2024-09-01 to 2025-05-31
2025-09-03 17:41:38,142 - src.collect_pipeline - INFO - Using automatic dates for Cup: 2024-09-01 to 2025-05-31
2025-09-03 17:41:38,142 - src.collect_pipeline - INFO - Phase 1: Collecting 2024 season 2024-09-01 to 2025-05-31
2025-09-03 17:41:38,142 - src.collect_pipeline - INFO - Phase 1: Collecting entire season 2024-09-01 to 2025-05-31
2025-09-03 17:41:38,145 - src.collect_pipeline - INFO - Progress saved to data/raw\data_collection_progress.json
2025-09-03 17:41:38,145 - src.collect_pipeline - INFO - Fetching fixtures for Cup 2024...
2025-09-03 17:41:38,145 - src.collect_pipeline - INFO - Date range: 2024-09-01 to 2025-05-31
2025-09-03 17:41:38,145 - src.collect_pipeline - INFO - Making API request: /fixtures?league=209&season=2024&from=2024-09-01&to=2025-05-31
2025-09-03 17:41:38,292 - src.collect_pipeline - INFO - API response: 30 results
2025-09-03 17:41:38,293 - src.collect_pipeline - INFO - Found 30 new fixtures to collect (excluding 0 already collected)
2025-09-03 17:41:38,307 - src.collect_pipeline - INFO - Saved 30 new fixtures to data/raw\Switzerland\Cup\2024\fixture_events.json (total fixtures: 30)
2025-09-03 17:41:38,308 - src.collect_pipeline - INFO - Progress saved to data/raw\data_collection_progress.json
2025-09-03 17:41:38,309 - src.collect_pipeline - INFO - Found 30 fixtures to process for team_statistics
2025-09-03 17:41:38,309 - src.collect_pipeline - INFO - Processing 30 fixtures for team_statistics
2025-09-03 17:41:38,309 - src.collect_pipeline - INFO - Processing batch 1
2025-09-03 17:41:38,309 - src.collect_pipeline - INFO - Making API request: /fixtures/statistics?fixture=1293058
2025-09-03 17:41:38,491 - src.collect_pipeline - INFO - API response: 0 results
2025-09-03 17:41:38,492 - src.collect_pipeline - INFO - Making API request: /fixtures/statistics?fixture=1293069
2025-09-03 17:41:38,637 - src.collect_pipeline - INFO - API response: 0 results
2025-09-03 17:41:38,638 - src.collect_pipeline - INFO - Making API request: /fixtures/statistics?fixture=1293063
2025-09-03 17:41:38,784 - src.collect_pipeline - INFO - API response: 0 results
2025-09-03 17:41:38,785 - src.collect_pipeline - INFO - Making API request: /fixtures/statistics?fixture=1293067
2025-09-03 17:41:38,922 - src.collect_pipeline - INFO - API response: 0 results
2025-09-03 17:41:38,923 - src.collect_pipeline - INFO - Making API request: /fixtures/statistics?fixture=1293070
2025-09-03 17:41:39,064 - src.collect_pipeline - INFO - API response: 0 results
2025-09-03 17:41:39,065 - src.collect_pipeline - INFO - Making API request: /fixtures/statistics?fixture=1293071
2025-09-03 17:41:39,206 - src.collect_pipeline - INFO - API response: 0 results
2025-09-03 17:41:39,207 - src.collect_pipeline - INFO - Making API request: /fixtures/statistics?fixture=1293064
2025-09-03 17:41:39,347 - src.collect_pipeline - INFO - API response: 0 results
2025-09-03 17:41:39,348 - src.collect_pipeline - INFO - Making API request: /fixtures/statistics?fixture=1293060
2025-09-03 17:41:39,485 - src.collect_pipeline - INFO - API response: 0 results
2025-09-03 17:41:39,486 - src.collect_pipeline - INFO - Making API request: /fixtures/statistics?fixture=1293059
2025-09-03 17:41:39,618 - src.collect_pipeline - INFO - API response: 0 results
2025-09-03 17:41:39,620 - src.collect_pipeline - INFO - Making API request: /fixtures/statistics?fixture=1293065
2025-09-03 17:41:39,764 - src.collect_pipeline - INFO - API response: 0 results
2025-09-03 17:41:39,765 - src.collect_pipeline - INFO - Making API request: /fixtures/statistics?fixture=1293066
2025-09-03 17:41:39,916 - src.collect_pipeline - INFO - API response: 0 results
2025-09-03 17:41:39,917 - src.collect_pipeline - INFO - Making API request: /fixtures/statistics?fixture=1293068
2025-09-03 17:41:40,075 - src.collect_pipeline - INFO - API response: 0 results
2025-09-03 17:41:40,076 - src.collect_pipeline - INFO - Making API request: /fixtures/statistics?fixture=1293062
2025-09-03 17:41:40,213 - src.collect_pipeline - INFO - API response: 0 results
2025-09-03 17:41:40,214 - src.collect_pipeline - INFO - Making API request: /fixtures/statistics?fixture=1293061
2025-09-03 17:41:41,358 - src.collect_pipeline - INFO - API response: 0 results
2025-09-03 17:41:41,358 - src.collect_pipeline - INFO - Making API request: /fixtures/statistics?fixture=1293072
2025-09-03 17:41:41,495 - src.collect_pipeline - INFO - API response: 0 results
2025-09-03 17:41:41,496 - src.collect_pipeline - INFO - Making API request: /fixtures/statistics?fixture=1293057
2025-09-03 17:41:41,630 - src.collect_pipeline - INFO - API response: 0 results
2025-09-03 17:41:41,631 - src.collect_pipeline - INFO - Making API request: /fixtures/statistics?fixture=1305994
2025-09-03 17:41:41,778 - src.collect_pipeline - INFO - API response: 0 results
2025-09-03 17:41:41,779 - src.collect_pipeline - INFO - Making API request: /fixtures/statistics?fixture=1305989
2025-09-03 17:41:41,916 - src.collect_pipeline - INFO - API response: 0 results
2025-09-03 17:41:41,917 - src.collect_pipeline - INFO - Making API request: /fixtures/statistics?fixture=1305987
2025-09-03 17:41:42,062 - src.collect_pipeline - INFO - API response: 0 results
2025-09-03 17:41:42,063 - src.collect_pipeline - INFO - Making API request: /fixtures/statistics?fixture=1305991
2025-09-03 17:41:42,198 - src.collect_pipeline - INFO - API response: 0 results
2025-09-03 17:41:42,199 - src.collect_pipeline - INFO - Making API request: /fixtures/statistics?fixture=1305992
2025-09-03 17:41:42,344 - src.collect_pipeline - INFO - API response: 0 results
2025-09-03 17:41:42,345 - src.collect_pipeline - INFO - Making API request: /fixtures/statistics?fixture=1305990
2025-09-03 17:41:42,488 - src.collect_pipeline - INFO - API response: 0 results
2025-09-03 17:41:42,488 - src.collect_pipeline - INFO - Making API request: /fixtures/statistics?fixture=1305993
2025-09-03 17:41:42,621 - src.collect_pipeline - INFO - API response: 0 results
2025-09-03 17:41:42,622 - src.collect_pipeline - INFO - Making API request: /fixtures/statistics?fixture=1305988
2025-09-03 17:41:42,753 - src.collect_pipeline - INFO - API response: 0 results
2025-09-03 17:41:42,754 - src.collect_pipeline - INFO - Making API request: /fixtures/statistics?fixture=1320448
2025-09-03 17:41:42,892 - src.collect_pipeline - INFO - API response: 0 results
2025-09-03 17:41:42,893 - src.collect_pipeline - INFO - Making API request: /fixtures/statistics?fixture=1320451
2025-09-03 17:41:43,042 - src.collect_pipeline - INFO - API response: 0 results
2025-09-03 17:41:43,043 - src.collect_pipeline - INFO - Making API request: /fixtures/statistics?fixture=1320450
2025-09-03 17:41:43,182 - src.collect_pipeline - INFO - API response: 0 results
2025-09-03 17:41:43,182 - src.collect_pipeline - INFO - Making API request: /fixtures/statistics?fixture=1320449
2025-09-03 17:41:43,333 - src.collect_pipeline - INFO - API response: 0 results
2025-09-03 17:41:43,334 - src.collect_pipeline - INFO - Making API request: /fixtures/statistics?fixture=1355655
2025-09-03 17:41:43,499 - src.collect_pipeline - INFO - API response: 0 results
2025-09-03 17:41:43,501 - src.collect_pipeline - INFO - Making API request: /fixtures/statistics?fixture=1355656
2025-09-03 17:41:43,644 - src.collect_pipeline - INFO - API response: 0 results
2025-09-03 17:41:43,646 - src.collect_pipeline - INFO - Progress saved to data/raw\data_collection_progress.json
2025-09-03 17:41:43,647 - src.collect_pipeline - INFO - No existing team_statistics file found
2025-09-03 17:41:43,649 - src.collect_pipeline - INFO - team_statistics: 30 new, 0 duplicates skipped
2025-09-03 17:41:43,649 - src.collect_pipeline - INFO - Total team_statistics records: 30
2025-09-03 17:41:43,649 - src.collect_pipeline - INFO - Saved to data/raw\Switzerland\Cup\2024\team_statistics.json
2025-09-03 17:41:43,649 - src.collect_pipeline - INFO - Processing Challenge League (Switzerland) - ID: 208
2025-09-03 17:41:43,649 - src.collect_pipeline - INFO - Getting dates for Challenge League (Switzerland) - Season 2024
2025-09-03 17:41:43,649 - src.collect_pipeline - INFO - Using default dates for Challenge League: 2024-08-01 to 2025-05-31
2025-09-03 17:41:43,649 - src.collect_pipeline - INFO - Using automatic dates for Challenge League: 2024-08-01 to 2025-05-31
2025-09-03 17:41:43,649 - src.collect_pipeline - INFO - Phase 1: Collecting 2024 season 2024-08-01 to 2025-05-31
2025-09-03 17:41:43,649 - src.collect_pipeline - INFO - Phase 1: Collecting entire season 2024-08-01 to 2025-05-31
2025-09-03 17:41:43,651 - src.collect_pipeline - INFO - Progress saved to data/raw\data_collection_progress.json
2025-09-03 17:41:43,651 - src.collect_pipeline - INFO - Fetching fixtures for Challenge League 2024...
2025-09-03 17:41:43,651 - src.collect_pipeline - INFO - Date range: 2024-08-01 to 2025-05-31
2025-09-03 17:41:43,651 - src.collect_pipeline - INFO - Making API request: /fixtures?league=208&season=2024&from=2024-08-01&to=2025-05-31
2025-09-03 17:41:43,877 - src.collect_pipeline - INFO - API response: 170 results
2025-09-03 17:41:43,879 - src.collect_pipeline - INFO - Found 170 new fixtures to collect (excluding 0 already collected)
2025-09-03 17:41:43,924 - src.collect_pipeline - INFO - Saved 170 new fixtures to data/raw\Switzerland\Challenge League\2024\fixture_events.json (total fixtures: 170)
2025-09-03 17:41:43,926 - src.collect_pipeline - INFO - Progress saved to data/raw\data_collection_progress.json
2025-09-03 17:41:43,927 - src.collect_pipeline - INFO - Found 170 fixtures to process for team_statistics
2025-09-03 17:41:43,927 - src.collect_pipeline - INFO - Processing 170 fixtures for team_statistics
2025-09-03 17:41:43,927 - src.collect_pipeline - INFO - Processing batch 1
2025-09-03 17:41:43,927 - src.collect_pipeline - INFO - Making API request: /fixtures/statistics?fixture=1209462
2025-09-03 17:41:44,074 - src.collect_pipeline - INFO - API response: 0 results
2025-09-03 17:41:44,075 - src.collect_pipeline - INFO - Making API request: /fixtures/statistics?fixture=1209463
2025-09-03 17:41:44,224 - src.collect_pipeline - INFO - API response: 0 results
2025-09-03 17:41:44,225 - src.collect_pipeline - INFO - Making API request: /fixtures/statistics?fixture=1209464
2025-09-03 17:41:44,358 - src.collect_pipeline - INFO - API response: 0 results
2025-09-03 17:41:44,359 - src.collect_pipeline - INFO - Making API request: /fixtures/statistics?fixture=1209465
2025-09-03 17:41:44,506 - src.collect_pipeline - INFO - API response: 0 results
2025-09-03 17:41:44,507 - src.collect_pipeline - INFO - Making API request: /fixtures/statistics?fixture=1209466
2025-09-03 17:41:44,659 - src.collect_pipeline - INFO - API response: 0 results
2025-09-03 17:41:44,660 - src.collect_pipeline - INFO - Making API request: /fixtures/statistics?fixture=1209467
2025-09-03 17:41:44,809 - src.collect_pipeline - INFO - API response: 0 results
2025-09-03 17:41:44,810 - src.collect_pipeline - INFO - Making API request: /fixtures/statistics?fixture=1209469
2025-09-03 17:41:44,945 - src.collect_pipeline - INFO - API response: 0 results
2025-09-03 17:41:44,946 - src.collect_pipeline - INFO - Making API request: /fixtures/statistics?fixture=1209468
2025-09-03 17:41:45,108 - src.collect_pipeline - INFO - API response: 0 results
2025-09-03 17:41:45,108 - src.collect_pipeline - INFO - Making API request: /fixtures/statistics?fixture=1209470
2025-09-03 17:41:45,248 - src.collect_pipeline - INFO - API response: 0 results
2025-09-03 17:41:45,249 - src.collect_pipeline - INFO - Making API request: /fixtures/statistics?fixture=1209471
2025-09-03 17:41:45,385 - src.collect_pipeline - INFO - API response: 0 results
2025-09-03 17:41:45,386 - src.collect_pipeline - INFO - Making API request: /fixtures/statistics?fixture=1209472
2025-09-03 17:41:45,537 - src.collect_pipeline - INFO - API response: 0 results
2025-09-03 17:41:45,538 - src.collect_pipeline - INFO - Making API request: /fixtures/statistics?fixture=1209473
2025-09-03 17:41:45,703 - src.collect_pipeline - INFO - API response: 0 results
2025-09-03 17:41:45,704 - src.collect_pipeline - INFO - Making API request: /fixtures/statistics?fixture=1209474
2025-09-03 17:41:45,889 - src.collect_pipeline - INFO - API response: 0 results
2025-09-03 17:41:45,890 - src.collect_pipeline - INFO - Making API request: /fixtures/statistics?fixture=1209475
2025-09-03 17:41:46,045 - src.collect_pipeline - INFO - API response: 0 results
2025-09-03 17:41:46,046 - src.collect_pipeline - INFO - Making API request: /fixtures/statistics?fixture=1209476
2025-09-03 17:41:46,197 - src.collect_pipeline - INFO - API response: 0 results
2025-09-03 17:41:46,198 - src.collect_pipeline - INFO - Making API request: /fixtures/statistics?fixture=1209477
2025-09-03 17:41:46,334 - src.collect_pipeline - INFO - API response: 0 results
2025-09-03 17:41:46,334 - src.collect_pipeline - INFO - Making API request: /fixtures/statistics?fixture=1209478
2025-09-03 17:41:46,462 - src.collect_pipeline - INFO - API response: 0 results
2025-09-03 17:41:46,463 - src.collect_pipeline - INFO - Making API request: /fixtures/statistics?fixture=1209480
2025-09-03 17:41:46,608 - src.collect_pipeline - INFO - API response: 0 results
2025-09-03 17:41:46,609 - src.collect_pipeline - INFO - Making API request: /fixtures/statistics?fixture=1209479
2025-09-03 17:41:46,766 - src.collect_pipeline - INFO - API response: 0 results
2025-09-03 17:41:46,767 - src.collect_pipeline - INFO - Making API request: /fixtures/statistics?fixture=1209481
2025-09-03 17:41:46,917 - src.collect_pipeline - INFO - API response: 0 results
2025-09-03 17:41:46,918 - src.collect_pipeline - INFO - Making API request: /fixtures/statistics?fixture=1209482
2025-09-03 17:41:47,060 - src.collect_pipeline - INFO - API response: 0 results
2025-09-03 17:41:47,061 - src.collect_pipeline - INFO - Making API request: /fixtures/statistics?fixture=1209483
2025-09-03 17:41:47,209 - src.collect_pipeline - INFO - API response: 0 results
2025-09-03 17:41:47,210 - src.collect_pipeline - INFO - Making API request: /fixtures/statistics?fixture=1209484
2025-09-03 17:41:47,351 - src.collect_pipeline - INFO - API response: 0 results
2025-09-03 17:41:47,351 - src.collect_pipeline - INFO - Making API request: /fixtures/statistics?fixture=1209486
2025-09-03 17:41:47,490 - src.collect_pipeline - INFO - API response: 0 results
2025-09-03 17:41:47,491 - src.collect_pipeline - INFO - Making API request: /fixtures/statistics?fixture=1209485
2025-09-03 17:41:47,656 - src.collect_pipeline - INFO - API response: 0 results
2025-09-03 17:41:47,657 - src.collect_pipeline - INFO - Making API request: /fixtures/statistics?fixture=1209487
2025-09-03 17:41:47,799 - src.collect_pipeline - INFO - API response: 0 results
2025-09-03 17:41:47,800 - src.collect_pipeline - INFO - Making API request: /fixtures/statistics?fixture=1209488
2025-09-03 17:41:47,962 - src.collect_pipeline - INFO - API response: 0 results
2025-09-03 17:41:47,963 - src.collect_pipeline - INFO - Making API request: /fixtures/statistics?fixture=1209489
2025-09-03 17:41:48,111 - src.collect_pipeline - INFO - API response: 0 results
2025-09-03 17:41:48,112 - src.collect_pipeline - INFO - Making API request: /fixtures/statistics?fixture=1209490
2025-09-03 17:41:48,266 - src.collect_pipeline - INFO - API response: 0 results
2025-09-03 17:41:48,267 - src.collect_pipeline - INFO - Making API request: /fixtures/statistics?fixture=1209491
2025-09-03 17:41:48,410 - src.collect_pipeline - INFO - API response: 0 results
2025-09-03 17:41:48,411 - src.collect_pipeline - INFO - Making API request: /fixtures/statistics?fixture=1209492
2025-09-03 17:41:48,543 - src.collect_pipeline - INFO - API response: 0 results
2025-09-03 17:41:48,544 - src.collect_pipeline - INFO - Making API request: /fixtures/statistics?fixture=1209493
2025-09-03 17:41:48,681 - src.collect_pipeline - INFO - API response: 0 results
2025-09-03 17:41:48,682 - src.collect_pipeline - INFO - Making API request: /fixtures/statistics?fixture=1209494
2025-09-03 17:41:48,835 - src.collect_pipeline - INFO - API response: 0 results
2025-09-03 17:41:48,836 - src.collect_pipeline - INFO - Making API request: /fixtures/statistics?fixture=1209495
2025-09-03 17:41:49,005 - src.collect_pipeline - INFO - API response: 0 results
2025-09-03 17:41:49,006 - src.collect_pipeline - INFO - Making API request: /fixtures/statistics?fixture=1209496
2025-09-03 17:41:49,165 - src.collect_pipeline - INFO - API response: 0 results
2025-09-03 17:41:49,166 - src.collect_pipeline - INFO - Making API request: /fixtures/statistics?fixture=1220316
2025-09-03 17:41:49,300 - src.collect_pipeline - INFO - API response: 0 results
2025-09-03 17:41:49,301 - src.collect_pipeline - INFO - Making API request: /fixtures/statistics?fixture=1220314
2025-09-03 17:41:49,443 - src.collect_pipeline - INFO - API response: 0 results
2025-09-03 17:41:49,444 - src.collect_pipeline - INFO - Making API request: /fixtures/statistics?fixture=1220315
2025-09-03 17:41:49,593 - src.collect_pipeline - INFO - API response: 0 results
2025-09-03 17:41:49,594 - src.collect_pipeline - INFO - Making API request: /fixtures/statistics?fixture=1220313
2025-09-03 17:41:49,753 - src.collect_pipeline - INFO - API response: 0 results
2025-09-03 17:41:49,753 - src.collect_pipeline - INFO - Making API request: /fixtures/statistics?fixture=1220317
2025-09-03 17:41:49,903 - src.collect_pipeline - INFO - API response: 0 results
2025-09-03 17:41:49,904 - src.collect_pipeline - INFO - Making API request: /fixtures/statistics?fixture=1220318
2025-09-03 17:41:50,041 - src.collect_pipeline - INFO - API response: 0 results
2025-09-03 17:41:50,042 - src.collect_pipeline - INFO - Making API request: /fixtures/statistics?fixture=1220321
2025-09-03 17:41:50,189 - src.collect_pipeline - INFO - API response: 0 results
2025-09-03 17:41:50,190 - src.collect_pipeline - INFO - Making API request: /fixtures/statistics?fixture=1220319
2025-09-03 17:41:50,324 - src.collect_pipeline - INFO - API response: 0 results
2025-09-03 17:41:50,325 - src.collect_pipeline - INFO - Making API request: /fixtures/statistics?fixture=1220322
2025-09-03 17:41:50,511 - src.collect_pipeline - INFO - API response: 0 results
2025-09-03 17:41:50,512 - src.collect_pipeline - INFO - Making API request: /fixtures/statistics?fixture=1220320
2025-09-03 17:41:50,659 - src.collect_pipeline - INFO - API response: 0 results
2025-09-03 17:41:50,660 - src.collect_pipeline - INFO - Making API request: /fixtures/statistics?fixture=1220323
2025-09-03 17:41:50,798 - src.collect_pipeline - INFO - API response: 0 results
2025-09-03 17:41:50,798 - src.collect_pipeline - INFO - Making API request: /fixtures/statistics?fixture=1220325
2025-09-03 17:41:50,932 - src.collect_pipeline - INFO - API response: 0 results
2025-09-03 17:41:50,933 - src.collect_pipeline - INFO - Making API request: /fixtures/statistics?fixture=1220324
2025-09-03 17:41:51,098 - src.collect_pipeline - INFO - API response: 0 results
2025-09-03 17:41:51,099 - src.collect_pipeline - INFO - Making API request: /fixtures/statistics?fixture=1220327
2025-09-03 17:41:51,233 - src.collect_pipeline - INFO - API response: 0 results
2025-09-03 17:41:51,234 - src.collect_pipeline - INFO - Making API request: /fixtures/statistics?fixture=1220326
2025-09-03 17:41:51,373 - src.collect_pipeline - INFO - API response: 0 results
2025-09-03 17:41:51,375 - src.collect_pipeline - INFO - Progress saved to data/raw\data_collection_progress.json
2025-09-03 17:41:51,375 - src.collect_pipeline - INFO - Processing batch 2
2025-09-03 17:41:51,375 - src.collect_pipeline - INFO - Making API request: /fixtures/statistics?fixture=1220329
2025-09-03 17:41:51,507 - src.collect_pipeline - INFO - API response: 0 results
2025-09-03 17:41:51,507 - src.collect_pipeline - INFO - Making API request: /fixtures/statistics?fixture=1220330
2025-09-03 17:41:51,673 - src.collect_pipeline - INFO - API response: 0 results
2025-09-03 17:41:51,674 - src.collect_pipeline - INFO - Making API request: /fixtures/statistics?fixture=1220331
2025-09-03 17:41:51,819 - src.collect_pipeline - INFO - API response: 0 results
2025-09-03 17:41:51,820 - src.collect_pipeline - INFO - Making API request: /fixtures/statistics?fixture=1220332
2025-09-03 17:41:51,959 - src.collect_pipeline - INFO - API response: 0 results
2025-09-03 17:41:51,960 - src.collect_pipeline - INFO - Making API request: /fixtures/statistics?fixture=1220328
2025-09-03 17:41:52,089 - src.collect_pipeline - INFO - API response: 0 results
2025-09-03 17:41:52,090 - src.collect_pipeline - INFO - Making API request: /fixtures/statistics?fixture=1220334
2025-09-03 17:41:52,251 - src.collect_pipeline - INFO - API response: 0 results
2025-09-03 17:41:52,252 - src.collect_pipeline - INFO - Making API request: /fixtures/statistics?fixture=1220336
2025-09-03 17:41:52,388 - src.collect_pipeline - INFO - API response: 0 results
2025-09-03 17:41:52,389 - src.collect_pipeline - INFO - Making API request: /fixtures/statistics?fixture=1220335
2025-09-03 17:41:52,522 - src.collect_pipeline - INFO - API response: 0 results
2025-09-03 17:41:52,523 - src.collect_pipeline - INFO - Making API request: /fixtures/statistics?fixture=1220333
2025-09-03 17:41:52,671 - src.collect_pipeline - INFO - API response: 0 results
2025-09-03 17:41:52,672 - src.collect_pipeline - INFO - Making API request: /fixtures/statistics?fixture=1220337
2025-09-03 17:41:52,865 - src.collect_pipeline - INFO - API response: 0 results
2025-09-03 17:41:52,866 - src.collect_pipeline - INFO - Making API request: /fixtures/statistics?fixture=1220340
2025-09-03 17:41:53,008 - src.collect_pipeline - INFO - API response: 0 results
2025-09-03 17:41:53,009 - src.collect_pipeline - INFO - Making API request: /fixtures/statistics?fixture=1220339
2025-09-03 17:41:53,142 - src.collect_pipeline - INFO - API response: 0 results
2025-09-03 17:41:53,143 - src.collect_pipeline - INFO - Making API request: /fixtures/statistics?fixture=1220338
2025-09-03 17:41:53,299 - src.collect_pipeline - INFO - API response: 0 results
2025-09-03 17:41:53,300 - src.collect_pipeline - INFO - Making API request: /fixtures/statistics?fixture=1220344
2025-09-03 17:41:53,464 - src.collect_pipeline - INFO - API response: 0 results
2025-09-03 17:41:53,465 - src.collect_pipeline - INFO - Making API request: /fixtures/statistics?fixture=1220346
2025-09-03 17:41:53,598 - src.collect_pipeline - INFO - API response: 0 results
2025-09-03 17:41:53,598 - src.collect_pipeline - INFO - Making API request: /fixtures/statistics?fixture=1220345
2025-09-03 17:41:53,775 - src.collect_pipeline - INFO - API response: 0 results
2025-09-03 17:41:53,776 - src.collect_pipeline - INFO - Making API request: /fixtures/statistics?fixture=1220347
2025-09-03 17:41:53,931 - src.collect_pipeline - INFO - API response: 0 results
2025-09-03 17:41:53,931 - src.collect_pipeline - INFO - Making API request: /fixtures/statistics?fixture=1220343
2025-09-03 17:41:54,071 - src.collect_pipeline - INFO - API response: 0 results
2025-09-03 17:41:54,072 - src.collect_pipeline - INFO - Making API request: /fixtures/statistics?fixture=1220342
2025-09-03 17:41:54,212 - src.collect_pipeline - INFO - API response: 0 results
2025-09-03 17:41:54,213 - src.collect_pipeline - INFO - Making API request: /fixtures/statistics?fixture=1220351
2025-09-03 17:41:54,348 - src.collect_pipeline - INFO - API response: 0 results
2025-09-03 17:41:54,349 - src.collect_pipeline - INFO - Making API request: /fixtures/statistics?fixture=1220352
2025-09-03 17:41:54,487 - src.collect_pipeline - INFO - API response: 0 results
2025-09-03 17:41:54,488 - src.collect_pipeline - INFO - Making API request: /fixtures/statistics?fixture=1220350
2025-09-03 17:41:54,624 - src.collect_pipeline - INFO - API response: 0 results
2025-09-03 17:41:54,625 - src.collect_pipeline - INFO - Making API request: /fixtures/statistics?fixture=1220348
2025-09-03 17:41:54,772 - src.collect_pipeline - INFO - API response: 0 results
2025-09-03 17:41:54,773 - src.collect_pipeline - INFO - Making API request: /fixtures/statistics?fixture=1220349
2025-09-03 17:41:54,900 - src.collect_pipeline - INFO - API response: 0 results
2025-09-03 17:41:54,901 - src.collect_pipeline - INFO - Making API request: /fixtures/statistics?fixture=1220354
2025-09-03 17:41:55,036 - src.collect_pipeline - INFO - API response: 0 results
2025-09-03 17:41:55,037 - src.collect_pipeline - INFO - Making API request: /fixtures/statistics?fixture=1220355
2025-09-03 17:41:55,194 - src.collect_pipeline - INFO - API response: 0 results
2025-09-03 17:41:55,195 - src.collect_pipeline - INFO - Making API request: /fixtures/statistics?fixture=1220353
2025-09-03 17:41:55,363 - src.collect_pipeline - INFO - API response: 0 results
2025-09-03 17:41:55,364 - src.collect_pipeline - INFO - Making API request: /fixtures/statistics?fixture=1220356
2025-09-03 17:41:55,519 - src.collect_pipeline - INFO - API response: 0 results
2025-09-03 17:41:55,520 - src.collect_pipeline - INFO - Making API request: /fixtures/statistics?fixture=1220357
2025-09-03 17:41:55,663 - src.collect_pipeline - INFO - API response: 0 results
2025-09-03 17:41:55,664 - src.collect_pipeline - INFO - Making API request: /fixtures/statistics?fixture=1325362
2025-09-03 17:41:55,795 - src.collect_pipeline - INFO - API response: 0 results
2025-09-03 17:41:55,796 - src.collect_pipeline - INFO - Making API request: /fixtures/statistics?fixture=1325363
2025-09-03 17:41:55,938 - src.collect_pipeline - INFO - API response: 0 results
2025-09-03 17:41:55,938 - src.collect_pipeline - INFO - Making API request: /fixtures/statistics?fixture=1325365
2025-09-03 17:41:56,091 - src.collect_pipeline - INFO - API response: 0 results
2025-09-03 17:41:56,092 - src.collect_pipeline - INFO - Making API request: /fixtures/statistics?fixture=1325364
2025-09-03 17:41:56,239 - src.collect_pipeline - INFO - API response: 0 results
2025-09-03 17:41:56,240 - src.collect_pipeline - INFO - Making API request: /fixtures/statistics?fixture=1325366
2025-09-03 17:41:56,388 - src.collect_pipeline - INFO - API response: 0 results
2025-09-03 17:41:56,389 - src.collect_pipeline - INFO - Making API request: /fixtures/statistics?fixture=1325367
2025-09-03 17:41:56,530 - src.collect_pipeline - INFO - API response: 0 results
2025-09-03 17:41:56,531 - src.collect_pipeline - INFO - Making API request: /fixtures/statistics?fixture=1325368
2025-09-03 17:41:56,673 - src.collect_pipeline - INFO - API response: 0 results
2025-09-03 17:41:56,674 - src.collect_pipeline - INFO - Making API request: /fixtures/statistics?fixture=1325369
2025-09-03 17:41:56,815 - src.collect_pipeline - INFO - API response: 0 results
2025-09-03 17:41:56,817 - src.collect_pipeline - INFO - Making API request: /fixtures/statistics?fixture=1325371
2025-09-03 17:41:56,966 - src.collect_pipeline - INFO - API response: 0 results
2025-09-03 17:41:56,967 - src.collect_pipeline - INFO - Making API request: /fixtures/statistics?fixture=1325370
2025-09-03 17:41:57,108 - src.collect_pipeline - INFO - API response: 0 results
2025-09-03 17:41:57,109 - src.collect_pipeline - INFO - Making API request: /fixtures/statistics?fixture=1220341
2025-09-03 17:41:57,253 - src.collect_pipeline - INFO - API response: 0 results
2025-09-03 17:41:57,254 - src.collect_pipeline - INFO - Making API request: /fixtures/statistics?fixture=1325372
2025-09-03 17:41:57,387 - src.collect_pipeline - INFO - API response: 0 results
2025-09-03 17:41:57,388 - src.collect_pipeline - INFO - Making API request: /fixtures/statistics?fixture=1325374
2025-09-03 17:41:57,539 - src.collect_pipeline - INFO - API response: 0 results
2025-09-03 17:41:57,540 - src.collect_pipeline - INFO - Making API request: /fixtures/statistics?fixture=1325373
2025-09-03 17:41:57,675 - src.collect_pipeline - INFO - API response: 0 results
2025-09-03 17:41:57,675 - src.collect_pipeline - INFO - Making API request: /fixtures/statistics?fixture=1325375
2025-09-03 17:41:57,814 - src.collect_pipeline - INFO - API response: 0 results
2025-09-03 17:41:57,815 - src.collect_pipeline - INFO - Making API request: /fixtures/statistics?fixture=1325376
2025-09-03 17:41:57,957 - src.collect_pipeline - INFO - API response: 0 results
2025-09-03 17:41:57,958 - src.collect_pipeline - INFO - Making API request: /fixtures/statistics?fixture=1325377
2025-09-03 17:41:58,101 - src.collect_pipeline - INFO - API response: 0 results
2025-09-03 17:41:58,102 - src.collect_pipeline - INFO - Making API request: /fixtures/statistics?fixture=1325378
2025-09-03 17:41:58,238 - src.collect_pipeline - INFO - API response: 0 results
2025-09-03 17:41:58,239 - src.collect_pipeline - INFO - Making API request: /fixtures/statistics?fixture=1325379
2025-09-03 17:41:58,390 - src.collect_pipeline - INFO - API response: 0 results
2025-09-03 17:41:58,391 - src.collect_pipeline - INFO - Making API request: /fixtures/statistics?fixture=1325381
2025-09-03 17:41:58,533 - src.collect_pipeline - INFO - API response: 0 results
2025-09-03 17:41:58,533 - src.collect_pipeline - INFO - Making API request: /fixtures/statistics?fixture=1325380
2025-09-03 17:41:58,663 - src.collect_pipeline - INFO - API response: 0 results
2025-09-03 17:41:58,667 - src.collect_pipeline - INFO - Progress saved to data/raw\data_collection_progress.json
2025-09-03 17:41:58,667 - src.collect_pipeline - INFO - Processing batch 3
2025-09-03 17:41:58,667 - src.collect_pipeline - INFO - Making API request: /fixtures/statistics?fixture=1325382
2025-09-03 17:41:58,831 - src.collect_pipeline - INFO - API response: 0 results
2025-09-03 17:41:58,832 - src.collect_pipeline - INFO - Making API request: /fixtures/statistics?fixture=1325383
2025-09-03 17:41:58,970 - src.collect_pipeline - INFO - API response: 0 results
2025-09-03 17:41:58,970 - src.collect_pipeline - INFO - Making API request: /fixtures/statistics?fixture=1325384
2025-09-03 17:41:59,108 - src.collect_pipeline - INFO - API response: 0 results
2025-09-03 17:41:59,109 - src.collect_pipeline - INFO - Making API request: /fixtures/statistics?fixture=1325385
2025-09-03 17:41:59,259 - src.collect_pipeline - INFO - API response: 0 results
2025-09-03 17:41:59,260 - src.collect_pipeline - INFO - Making API request: /fixtures/statistics?fixture=1325386
2025-09-03 17:41:59,407 - src.collect_pipeline - INFO - API response: 0 results
2025-09-03 17:41:59,408 - src.collect_pipeline - INFO - Making API request: /fixtures/statistics?fixture=1325387
2025-09-03 17:41:59,544 - src.collect_pipeline - INFO - API response: 0 results
2025-09-03 17:41:59,544 - src.collect_pipeline - INFO - Making API request: /fixtures/statistics?fixture=1325388
2025-09-03 17:41:59,676 - src.collect_pipeline - INFO - API response: 0 results
2025-09-03 17:41:59,677 - src.collect_pipeline - INFO - Making API request: /fixtures/statistics?fixture=1325389
2025-09-03 17:41:59,815 - src.collect_pipeline - INFO - API response: 0 results
2025-09-03 17:41:59,816 - src.collect_pipeline - INFO - Making API request: /fixtures/statistics?fixture=1325390
2025-09-03 17:41:59,949 - src.collect_pipeline - INFO - API response: 0 results
2025-09-03 17:41:59,950 - src.collect_pipeline - INFO - Making API request: /fixtures/statistics?fixture=1325391
2025-09-03 17:42:00,109 - src.collect_pipeline - INFO - API response: 0 results
2025-09-03 17:42:00,109 - src.collect_pipeline - INFO - Making API request: /fixtures/statistics?fixture=1325392
2025-09-03 17:42:00,234 - src.collect_pipeline - INFO - API response: 0 results
2025-09-03 17:42:00,235 - src.collect_pipeline - INFO - Making API request: /fixtures/statistics?fixture=1325393
2025-09-03 17:42:00,379 - src.collect_pipeline - INFO - API response: 0 results
2025-09-03 17:42:00,381 - src.collect_pipeline - INFO - Making API request: /fixtures/statistics?fixture=1325394
2025-09-03 17:42:00,538 - src.collect_pipeline - INFO - API response: 0 results
2025-09-03 17:42:00,539 - src.collect_pipeline - INFO - Making API request: /fixtures/statistics?fixture=1325395
2025-09-03 17:42:00,671 - src.collect_pipeline - INFO - API response: 0 results
2025-09-03 17:42:00,672 - src.collect_pipeline - INFO - Making API request: /fixtures/statistics?fixture=1325396
2025-09-03 17:42:00,807 - src.collect_pipeline - INFO - API response: 0 results
2025-09-03 17:42:00,807 - src.collect_pipeline - INFO - Making API request: /fixtures/statistics?fixture=1325397
2025-09-03 17:42:00,950 - src.collect_pipeline - INFO - API response: 0 results
2025-09-03 17:42:00,951 - src.collect_pipeline - INFO - Making API request: /fixtures/statistics?fixture=1325398
2025-09-03 17:42:01,085 - src.collect_pipeline - INFO - API response: 0 results
2025-09-03 17:42:01,086 - src.collect_pipeline - INFO - Making API request: /fixtures/statistics?fixture=1325400
2025-09-03 17:42:01,226 - src.collect_pipeline - INFO - API response: 0 results
2025-09-03 17:42:01,227 - src.collect_pipeline - INFO - Making API request: /fixtures/statistics?fixture=1325399
2025-09-03 17:42:01,378 - src.collect_pipeline - INFO - API response: 0 results
2025-09-03 17:42:01,379 - src.collect_pipeline - INFO - Making API request: /fixtures/statistics?fixture=1325401
2025-09-03 17:42:01,525 - src.collect_pipeline - INFO - API response: 0 results
2025-09-03 17:42:01,525 - src.collect_pipeline - INFO - Making API request: /fixtures/statistics?fixture=1325402
2025-09-03 17:42:01,669 - src.collect_pipeline - INFO - API response: 0 results
2025-09-03 17:42:01,670 - src.collect_pipeline - INFO - Making API request: /fixtures/statistics?fixture=1325403
2025-09-03 17:42:01,806 - src.collect_pipeline - INFO - API response: 0 results
2025-09-03 17:42:01,807 - src.collect_pipeline - INFO - Making API request: /fixtures/statistics?fixture=1325406
2025-09-03 17:42:01,957 - src.collect_pipeline - INFO - API response: 0 results
2025-09-03 17:42:01,958 - src.collect_pipeline - INFO - Making API request: /fixtures/statistics?fixture=1325405
2025-09-03 17:42:02,090 - src.collect_pipeline - INFO - API response: 0 results
2025-09-03 17:42:02,091 - src.collect_pipeline - INFO - Making API request: /fixtures/statistics?fixture=1325404
2025-09-03 17:42:02,234 - src.collect_pipeline - INFO - API response: 0 results
2025-09-03 17:42:02,235 - src.collect_pipeline - INFO - Making API request: /fixtures/statistics?fixture=1325409
2025-09-03 17:42:02,372 - src.collect_pipeline - INFO - API response: 0 results
2025-09-03 17:42:02,373 - src.collect_pipeline - INFO - Making API request: /fixtures/statistics?fixture=1325407
2025-09-03 17:42:02,515 - src.collect_pipeline - INFO - API response: 0 results
2025-09-03 17:42:02,516 - src.collect_pipeline - INFO - Making API request: /fixtures/statistics?fixture=1325410
2025-09-03 17:42:02,656 - src.collect_pipeline - INFO - API response: 0 results
2025-09-03 17:42:02,657 - src.collect_pipeline - INFO - Making API request: /fixtures/statistics?fixture=1325408
2025-09-03 17:42:02,799 - src.collect_pipeline - INFO - API response: 0 results
2025-09-03 17:42:02,800 - src.collect_pipeline - INFO - Making API request: /fixtures/statistics?fixture=1325411
2025-09-03 17:42:02,932 - src.collect_pipeline - INFO - API response: 0 results
2025-09-03 17:42:02,933 - src.collect_pipeline - INFO - Making API request: /fixtures/statistics?fixture=1325414
2025-09-03 17:42:03,066 - src.collect_pipeline - INFO - API response: 0 results
2025-09-03 17:42:03,067 - src.collect_pipeline - INFO - Making API request: /fixtures/statistics?fixture=1325415
2025-09-03 17:42:03,207 - src.collect_pipeline - INFO - API response: 0 results
2025-09-03 17:42:03,208 - src.collect_pipeline - INFO - Making API request: /fixtures/statistics?fixture=1325412
2025-09-03 17:42:03,343 - src.collect_pipeline - INFO - API response: 0 results
2025-09-03 17:42:03,343 - src.collect_pipeline - INFO - Making API request: /fixtures/statistics?fixture=1325413
2025-09-03 17:42:03,487 - src.collect_pipeline - INFO - API response: 0 results
2025-09-03 17:42:03,488 - src.collect_pipeline - INFO - Making API request: /fixtures/statistics?fixture=1325416
2025-09-03 17:42:03,619 - src.collect_pipeline - INFO - API response: 0 results
2025-09-03 17:42:03,619 - src.collect_pipeline - INFO - Making API request: /fixtures/statistics?fixture=1325419
2025-09-03 17:42:03,754 - src.collect_pipeline - INFO - API response: 0 results
2025-09-03 17:42:03,755 - src.collect_pipeline - INFO - Making API request: /fixtures/statistics?fixture=1325420
2025-09-03 17:42:03,896 - src.collect_pipeline - INFO - API response: 0 results
2025-09-03 17:42:03,897 - src.collect_pipeline - INFO - Making API request: /fixtures/statistics?fixture=1325418
2025-09-03 17:42:04,024 - src.collect_pipeline - INFO - API response: 0 results
2025-09-03 17:42:04,025 - src.collect_pipeline - INFO - Making API request: /fixtures/statistics?fixture=1325417
2025-09-03 17:42:04,193 - src.collect_pipeline - INFO - API response: 0 results
2025-09-03 17:42:04,194 - src.collect_pipeline - INFO - Making API request: /fixtures/statistics?fixture=1325421
2025-09-03 17:42:04,330 - src.collect_pipeline - INFO - API response: 0 results
2025-09-03 17:42:04,332 - src.collect_pipeline - INFO - Making API request: /fixtures/statistics?fixture=1325425
2025-09-03 17:42:04,486 - src.collect_pipeline - INFO - API response: 0 results
2025-09-03 17:42:04,486 - src.collect_pipeline - INFO - Making API request: /fixtures/statistics?fixture=1325423
2025-09-03 17:42:04,634 - src.collect_pipeline - INFO - API response: 0 results
2025-09-03 17:42:04,635 - src.collect_pipeline - INFO - Making API request: /fixtures/statistics?fixture=1325422
2025-09-03 17:42:04,776 - src.collect_pipeline - INFO - API response: 0 results
2025-09-03 17:42:04,777 - src.collect_pipeline - INFO - Making API request: /fixtures/statistics?fixture=1325424
2025-09-03 17:42:04,909 - src.collect_pipeline - INFO - API response: 0 results
2025-09-03 17:42:04,910 - src.collect_pipeline - INFO - Making API request: /fixtures/statistics?fixture=1325426
2025-09-03 17:42:05,051 - src.collect_pipeline - INFO - API response: 0 results
2025-09-03 17:42:05,051 - src.collect_pipeline - INFO - Making API request: /fixtures/statistics?fixture=1325428
2025-09-03 17:42:05,196 - src.collect_pipeline - INFO - API response: 0 results
2025-09-03 17:42:05,197 - src.collect_pipeline - INFO - Making API request: /fixtures/statistics?fixture=1325427
2025-09-03 17:42:05,323 - src.collect_pipeline - INFO - API response: 0 results
2025-09-03 17:42:05,323 - src.collect_pipeline - INFO - Making API request: /fixtures/statistics?fixture=1325429
2025-09-03 17:42:05,532 - src.collect_pipeline - INFO - API response: 0 results
2025-09-03 17:42:05,533 - src.collect_pipeline - INFO - Making API request: /fixtures/statistics?fixture=1325430
2025-09-03 17:42:05,730 - src.collect_pipeline - INFO - API response: 0 results
2025-09-03 17:42:05,731 - src.collect_pipeline - INFO - Making API request: /fixtures/statistics?fixture=1325431
2025-09-03 17:42:05,886 - src.collect_pipeline - INFO - API response: 0 results
2025-09-03 17:42:05,889 - src.collect_pipeline - INFO - Progress saved to data/raw\data_collection_progress.json
2025-09-03 17:42:05,889 - src.collect_pipeline - INFO - Processing batch 4
2025-09-03 17:42:05,889 - src.collect_pipeline - INFO - Making API request: /fixtures/statistics?fixture=1325434
2025-09-03 17:42:06,081 - src.collect_pipeline - INFO - API response: 0 results
2025-09-03 17:42:06,082 - src.collect_pipeline - INFO - Making API request: /fixtures/statistics?fixture=1325435
2025-09-03 17:42:06,283 - src.collect_pipeline - INFO - API response: 0 results
2025-09-03 17:42:06,283 - src.collect_pipeline - INFO - Making API request: /fixtures/statistics?fixture=1325433
2025-09-03 17:42:06,485 - src.collect_pipeline - INFO - API response: 0 results
2025-09-03 17:42:06,486 - src.collect_pipeline - INFO - Making API request: /fixtures/statistics?fixture=1325432
2025-09-03 17:42:06,692 - src.collect_pipeline - INFO - API response: 0 results
2025-09-03 17:42:06,693 - src.collect_pipeline - INFO - Making API request: /fixtures/statistics?fixture=1325436
2025-09-03 17:42:06,899 - src.collect_pipeline - INFO - API response: 0 results
2025-09-03 17:42:06,900 - src.collect_pipeline - INFO - Making API request: /fixtures/statistics?fixture=1325438
2025-09-03 17:42:07,106 - src.collect_pipeline - INFO - API response: 0 results
2025-09-03 17:42:07,107 - src.collect_pipeline - INFO - Making API request: /fixtures/statistics?fixture=1325439
2025-09-03 17:42:07,306 - src.collect_pipeline - INFO - API response: 0 results
2025-09-03 17:42:07,307 - src.collect_pipeline - INFO - Making API request: /fixtures/statistics?fixture=1325440
2025-09-03 17:42:07,464 - src.collect_pipeline - INFO - API response: 0 results
2025-09-03 17:42:07,465 - src.collect_pipeline - INFO - Making API request: /fixtures/statistics?fixture=1325437
2025-09-03 17:42:07,666 - src.collect_pipeline - INFO - API response: 0 results
2025-09-03 17:42:07,667 - src.collect_pipeline - INFO - Making API request: /fixtures/statistics?fixture=1325441
2025-09-03 17:42:07,921 - src.collect_pipeline - INFO - API response: 0 results
2025-09-03 17:42:07,923 - src.collect_pipeline - INFO - Making API request: /fixtures/statistics?fixture=1325445
2025-09-03 17:42:08,130 - src.collect_pipeline - INFO - API response: 0 results
2025-09-03 17:42:08,132 - src.collect_pipeline - INFO - Making API request: /fixtures/statistics?fixture=1325446
2025-09-03 17:42:08,335 - src.collect_pipeline - INFO - API response: 0 results
2025-09-03 17:42:08,336 - src.collect_pipeline - INFO - Making API request: /fixtures/statistics?fixture=1325442
2025-09-03 17:42:08,612 - src.collect_pipeline - INFO - API response: 0 results
2025-09-03 17:42:08,614 - src.collect_pipeline - INFO - Making API request: /fixtures/statistics?fixture=1325444
2025-09-03 17:42:08,757 - src.collect_pipeline - INFO - API response: 0 results
2025-09-03 17:42:08,758 - src.collect_pipeline - INFO - Making API request: /fixtures/statistics?fixture=1325443
2025-09-03 17:42:08,949 - src.collect_pipeline - INFO - API response: 0 results
2025-09-03 17:42:08,950 - src.collect_pipeline - INFO - Making API request: /fixtures/statistics?fixture=1325451
2025-09-03 17:42:09,151 - src.collect_pipeline - INFO - API response: 0 results
2025-09-03 17:42:09,152 - src.collect_pipeline - INFO - Making API request: /fixtures/statistics?fixture=1325448
2025-09-03 17:42:09,379 - src.collect_pipeline - INFO - API response: 0 results
2025-09-03 17:42:09,380 - src.collect_pipeline - INFO - Making API request: /fixtures/statistics?fixture=1325447
2025-09-03 17:42:09,584 - src.collect_pipeline - INFO - API response: 0 results
2025-09-03 17:42:09,585 - src.collect_pipeline - INFO - Making API request: /fixtures/statistics?fixture=1325449
2025-09-03 17:42:09,821 - src.collect_pipeline - INFO - API response: 0 results
2025-09-03 17:42:09,822 - src.collect_pipeline - INFO - Making API request: /fixtures/statistics?fixture=1325450
2025-09-03 17:42:09,987 - src.collect_pipeline - INFO - API response: 0 results
2025-09-03 17:42:09,990 - src.collect_pipeline - INFO - Progress saved to data/raw\data_collection_progress.json
2025-09-03 17:42:09,991 - src.collect_pipeline - INFO - No existing team_statistics file found
2025-09-03 17:42:09,999 - src.collect_pipeline - INFO - team_statistics: 170 new, 0 duplicates skipped
2025-09-03 17:42:09,999 - src.collect_pipeline - INFO - Total team_statistics records: 170
2025-09-03 17:42:09,999 - src.collect_pipeline - INFO - Saved to data/raw\Switzerland\Challenge League\2024\team_statistics.json
2025-09-03 17:42:10,000 - src.collect_pipeline - INFO - Processing Super League (Switzerland) - ID: 207
2025-09-03 17:42:10,000 - src.collect_pipeline - INFO - Getting dates for Super League (Switzerland) - Season 2024
2025-09-03 17:42:10,000 - src.collect_pipeline - INFO - Using automatic dates for Super League: 2024-07-01 to 2025-05-31
2025-09-03 17:42:10,000 - src.collect_pipeline - INFO - Using automatic dates for Super League: 2024-07-01 to 2025-05-31
2025-09-03 17:42:10,000 - src.collect_pipeline - INFO - Phase 1: Collecting 2024 season 2024-07-01 to 2025-05-31
2025-09-03 17:42:10,000 - src.collect_pipeline - INFO - Phase 1: Collecting entire season 2024-07-01 to 2025-05-31
2025-09-03 17:42:10,002 - src.collect_pipeline - INFO - Progress saved to data/raw\data_collection_progress.json
2025-09-03 17:42:10,002 - src.collect_pipeline - INFO - Fetching fixtures for Super League 2024...
2025-09-03 17:42:10,002 - src.collect_pipeline - INFO - Date range: 2024-07-01 to 2025-05-31
2025-09-03 17:42:10,002 - src.collect_pipeline - INFO - Making API request: /fixtures?league=207&season=2024&from=2024-07-01&to=2025-05-31
2025-09-03 17:42:10,226 - src.collect_pipeline - INFO - API response: 230 results
2025-09-03 17:42:10,228 - src.collect_pipeline - INFO - Found 230 new fixtures to collect (excluding 0 already collected)
2025-09-03 17:42:10,280 - src.collect_pipeline - INFO - Saved 230 new fixtures to data/raw\Switzerland\Super League\2024\fixture_events.json (total fixtures: 230)
2025-09-03 17:42:10,283 - src.collect_pipeline - INFO - Progress saved to data/raw\data_collection_progress.json
2025-09-03 17:42:10,284 - src.collect_pipeline - INFO - Found 230 fixtures to process for team_statistics
2025-09-03 17:42:10,284 - src.collect_pipeline - INFO - Processing 230 fixtures for team_statistics
2025-09-03 17:42:10,284 - src.collect_pipeline - INFO - Processing batch 1
2025-09-03 17:42:10,284 - src.collect_pipeline - INFO - Making API request: /fixtures/statistics?fixture=1214816
2025-09-03 17:42:10,431 - src.collect_pipeline - INFO - API response: 2 results
2025-09-03 17:42:10,432 - src.collect_pipeline - INFO - Making API request: /fixtures/statistics?fixture=1214817
2025-09-03 17:42:10,591 - src.collect_pipeline - INFO - API response: 2 results
2025-09-03 17:42:10,592 - src.collect_pipeline - INFO - Making API request: /fixtures/statistics?fixture=1214818
2025-09-03 17:42:10,729 - src.collect_pipeline - INFO - API response: 2 results
2025-09-03 17:42:10,732 - src.collect_pipeline - INFO - Making API request: /fixtures/statistics?fixture=1214819
2025-09-03 17:42:10,876 - src.collect_pipeline - INFO - API response: 2 results
2025-09-03 17:42:10,877 - src.collect_pipeline - INFO - Making API request: /fixtures/statistics?fixture=1214821
2025-09-03 17:42:11,009 - src.collect_pipeline - INFO - API response: 2 results
2025-09-03 17:42:11,010 - src.collect_pipeline - INFO - Making API request: /fixtures/statistics?fixture=1214820
2025-09-03 17:42:11,141 - src.collect_pipeline - INFO - API response: 2 results
2025-09-03 17:42:11,142 - src.collect_pipeline - INFO - Making API request: /fixtures/statistics?fixture=1214840
2025-09-03 17:42:11,275 - src.collect_pipeline - INFO - API response: 2 results
2025-09-03 17:42:11,276 - src.collect_pipeline - INFO - Making API request: /fixtures/statistics?fixture=1214823
2025-09-03 17:42:11,414 - src.collect_pipeline - INFO - API response: 2 results
2025-09-03 17:42:11,415 - src.collect_pipeline - INFO - Making API request: /fixtures/statistics?fixture=1214822
2025-09-03 17:42:11,550 - src.collect_pipeline - INFO - API response: 2 results
2025-09-03 17:42:11,551 - src.collect_pipeline - INFO - Making API request: /fixtures/statistics?fixture=1214824
2025-09-03 17:42:11,682 - src.collect_pipeline - INFO - API response: 2 results
2025-09-03 17:42:11,683 - src.collect_pipeline - INFO - Making API request: /fixtures/statistics?fixture=1214825
2025-09-03 17:42:11,820 - src.collect_pipeline - INFO - API response: 2 results
2025-09-03 17:42:11,820 - src.collect_pipeline - INFO - Making API request: /fixtures/statistics?fixture=1214827
2025-09-03 17:42:11,955 - src.collect_pipeline - INFO - API response: 2 results
2025-09-03 17:42:11,956 - src.collect_pipeline - INFO - Making API request: /fixtures/statistics?fixture=1214826
2025-09-03 17:42:12,080 - src.collect_pipeline - INFO - API response: 2 results
2025-09-03 17:42:12,081 - src.collect_pipeline - INFO - Making API request: /fixtures/statistics?fixture=1214829
2025-09-03 17:42:12,235 - src.collect_pipeline - INFO - API response: 2 results
2025-09-03 17:42:12,236 - src.collect_pipeline - INFO - Making API request: /fixtures/statistics?fixture=1214828
2025-09-03 17:42:12,378 - src.collect_pipeline - INFO - API response: 2 results
2025-09-03 17:42:12,379 - src.collect_pipeline - INFO - Making API request: /fixtures/statistics?fixture=1214830
2025-09-03 17:42:12,499 - src.collect_pipeline - INFO - API response: 2 results
2025-09-03 17:42:12,500 - src.collect_pipeline - INFO - Making API request: /fixtures/statistics?fixture=1214831
2025-09-03 17:42:12,630 - src.collect_pipeline - INFO - API response: 2 results
2025-09-03 17:42:12,633 - src.collect_pipeline - INFO - Making API request: /fixtures/statistics?fixture=1214833
2025-09-03 17:42:12,761 - src.collect_pipeline - INFO - API response: 2 results
2025-09-03 17:42:12,762 - src.collect_pipeline - INFO - Making API request: /fixtures/statistics?fixture=1214832
2025-09-03 17:42:12,887 - src.collect_pipeline - INFO - API response: 2 results
2025-09-03 17:42:12,888 - src.collect_pipeline - INFO - Making API request: /fixtures/statistics?fixture=1214835
2025-09-03 17:42:13,015 - src.collect_pipeline - INFO - API response: 2 results
2025-09-03 17:42:13,016 - src.collect_pipeline - INFO - Making API request: /fixtures/statistics?fixture=1214836
2025-09-03 17:42:13,152 - src.collect_pipeline - INFO - API response: 2 results
2025-09-03 17:42:13,153 - src.collect_pipeline - INFO - Making API request: /fixtures/statistics?fixture=1214837
2025-09-03 17:42:13,286 - src.collect_pipeline - INFO - API response: 2 results
2025-09-03 17:42:13,287 - src.collect_pipeline - INFO - Making API request: /fixtures/statistics?fixture=1214834
2025-09-03 17:42:13,414 - src.collect_pipeline - INFO - API response: 2 results
2025-09-03 17:42:13,416 - src.collect_pipeline - INFO - Making API request: /fixtures/statistics?fixture=1214839
2025-09-03 17:42:13,547 - src.collect_pipeline - INFO - API response: 2 results
2025-09-03 17:42:13,548 - src.collect_pipeline - INFO - Making API request: /fixtures/statistics?fixture=1214838
2025-09-03 17:42:13,683 - src.collect_pipeline - INFO - API response: 2 results
2025-09-03 17:42:13,683 - src.collect_pipeline - INFO - Making API request: /fixtures/statistics?fixture=1214842
2025-09-03 17:42:13,810 - src.collect_pipeline - INFO - API response: 2 results
2025-09-03 17:42:13,811 - src.collect_pipeline - INFO - Making API request: /fixtures/statistics?fixture=1214843
2025-09-03 17:42:13,946 - src.collect_pipeline - INFO - API response: 2 results
2025-09-03 17:42:13,946 - src.collect_pipeline - INFO - Making API request: /fixtures/statistics?fixture=1214844
2025-09-03 17:42:14,095 - src.collect_pipeline - INFO - API response: 2 results
2025-09-03 17:42:14,096 - src.collect_pipeline - INFO - Making API request: /fixtures/statistics?fixture=1214846
2025-09-03 17:42:14,257 - src.collect_pipeline - INFO - API response: 2 results
2025-09-03 17:42:14,258 - src.collect_pipeline - INFO - Making API request: /fixtures/statistics?fixture=1214847
2025-09-03 17:42:14,388 - src.collect_pipeline - INFO - API response: 2 results
2025-09-03 17:42:14,388 - src.collect_pipeline - INFO - Making API request: /fixtures/statistics?fixture=1214848
2025-09-03 17:42:14,517 - src.collect_pipeline - INFO - API response: 2 results
2025-09-03 17:42:14,518 - src.collect_pipeline - INFO - Making API request: /fixtures/statistics?fixture=1214849
2025-09-03 17:42:14,645 - src.collect_pipeline - INFO - API response: 2 results
2025-09-03 17:42:14,646 - src.collect_pipeline - INFO - Making API request: /fixtures/statistics?fixture=1214850
2025-09-03 17:42:14,768 - src.collect_pipeline - INFO - API response: 2 results
2025-09-03 17:42:14,769 - src.collect_pipeline - INFO - Making API request: /fixtures/statistics?fixture=1214851
2025-09-03 17:42:14,902 - src.collect_pipeline - INFO - API response: 2 results
2025-09-03 17:42:14,903 - src.collect_pipeline - INFO - Making API request: /fixtures/statistics?fixture=1214841
2025-09-03 17:42:15,031 - src.collect_pipeline - INFO - API response: 2 results
2025-09-03 17:42:15,031 - src.collect_pipeline - INFO - Making API request: /fixtures/statistics?fixture=1214853
2025-09-03 17:42:15,163 - src.collect_pipeline - INFO - API response: 2 results
2025-09-03 17:42:15,164 - src.collect_pipeline - INFO - Making API request: /fixtures/statistics?fixture=1214852
2025-09-03 17:42:15,299 - src.collect_pipeline - INFO - API response: 2 results
2025-09-03 17:42:15,300 - src.collect_pipeline - INFO - Making API request: /fixtures/statistics?fixture=1214854
2025-09-03 17:42:15,435 - src.collect_pipeline - INFO - API response: 2 results
2025-09-03 17:42:15,435 - src.collect_pipeline - INFO - Making API request: /fixtures/statistics?fixture=1214855
2025-09-03 17:42:15,573 - src.collect_pipeline - INFO - API response: 2 results
2025-09-03 17:42:15,574 - src.collect_pipeline - INFO - Making API request: /fixtures/statistics?fixture=1214856
2025-09-03 17:42:15,704 - src.collect_pipeline - INFO - API response: 2 results
2025-09-03 17:42:15,705 - src.collect_pipeline - INFO - Making API request: /fixtures/statistics?fixture=1214857
2025-09-03 17:42:15,832 - src.collect_pipeline - INFO - API response: 2 results
2025-09-03 17:42:15,833 - src.collect_pipeline - INFO - Making API request: /fixtures/statistics?fixture=1214845
2025-09-03 17:42:15,980 - src.collect_pipeline - INFO - API response: 2 results
2025-09-03 17:42:15,981 - src.collect_pipeline - INFO - Making API request: /fixtures/statistics?fixture=1214860
2025-09-03 17:42:16,116 - src.collect_pipeline - INFO - API response: 2 results
2025-09-03 17:42:16,117 - src.collect_pipeline - INFO - Making API request: /fixtures/statistics?fixture=1214858
2025-09-03 17:42:16,249 - src.collect_pipeline - INFO - API response: 2 results
2025-09-03 17:42:16,250 - src.collect_pipeline - INFO - Making API request: /fixtures/statistics?fixture=1214861
2025-09-03 17:42:16,383 - src.collect_pipeline - INFO - API response: 2 results
2025-09-03 17:42:16,384 - src.collect_pipeline - INFO - Making API request: /fixtures/statistics?fixture=1214862
2025-09-03 17:42:16,521 - src.collect_pipeline - INFO - API response: 2 results
2025-09-03 17:42:16,522 - src.collect_pipeline - INFO - Making API request: /fixtures/statistics?fixture=1214859
2025-09-03 17:42:16,651 - src.collect_pipeline - INFO - API response: 2 results
2025-09-03 17:42:16,652 - src.collect_pipeline - INFO - Making API request: /fixtures/statistics?fixture=1214863
2025-09-03 17:42:16,789 - src.collect_pipeline - INFO - API response: 2 results
2025-09-03 17:42:16,789 - src.collect_pipeline - INFO - Making API request: /fixtures/statistics?fixture=1214865
2025-09-03 17:42:16,920 - src.collect_pipeline - INFO - API response: 2 results
2025-09-03 17:42:16,921 - src.collect_pipeline - INFO - Making API request: /fixtures/statistics?fixture=1214864
2025-09-03 17:42:17,058 - src.collect_pipeline - INFO - API response: 2 results
2025-09-03 17:42:17,064 - src.collect_pipeline - INFO - Progress saved to data/raw\data_collection_progress.json
2025-09-03 17:42:17,064 - src.collect_pipeline - INFO - Processing batch 2
2025-09-03 17:42:17,065 - src.collect_pipeline - INFO - Making API request: /fixtures/statistics?fixture=1214866
2025-09-03 17:42:17,201 - src.collect_pipeline - INFO - API response: 2 results
2025-09-03 17:42:17,202 - src.collect_pipeline - INFO - Making API request: /fixtures/statistics?fixture=1214867
2025-09-03 17:42:17,330 - src.collect_pipeline - INFO - API response: 2 results
2025-09-03 17:42:17,330 - src.collect_pipeline - INFO - Making API request: /fixtures/statistics?fixture=1214868
2025-09-03 17:42:17,476 - src.collect_pipeline - INFO - API response: 2 results
2025-09-03 17:42:17,476 - src.collect_pipeline - INFO - Making API request: /fixtures/statistics?fixture=1214869
2025-09-03 17:42:17,615 - src.collect_pipeline - INFO - API response: 2 results
2025-09-03 17:42:17,616 - src.collect_pipeline - INFO - Making API request: /fixtures/statistics?fixture=1214871
2025-09-03 17:42:17,741 - src.collect_pipeline - INFO - API response: 2 results
2025-09-03 17:42:17,742 - src.collect_pipeline - INFO - Making API request: /fixtures/statistics?fixture=1214870
2025-09-03 17:42:17,868 - src.collect_pipeline - INFO - API response: 2 results
2025-09-03 17:42:17,869 - src.collect_pipeline - INFO - Making API request: /fixtures/statistics?fixture=1214872
2025-09-03 17:42:18,013 - src.collect_pipeline - INFO - API response: 2 results
2025-09-03 17:42:18,014 - src.collect_pipeline - INFO - Making API request: /fixtures/statistics?fixture=1214873
2025-09-03 17:42:18,142 - src.collect_pipeline - INFO - API response: 2 results
2025-09-03 17:42:18,142 - src.collect_pipeline - INFO - Making API request: /fixtures/statistics?fixture=1214874
2025-09-03 17:42:18,270 - src.collect_pipeline - INFO - API response: 2 results
2025-09-03 17:42:18,270 - src.collect_pipeline - INFO - Making API request: /fixtures/statistics?fixture=1214875
2025-09-03 17:42:18,399 - src.collect_pipeline - INFO - API response: 2 results
2025-09-03 17:42:18,399 - src.collect_pipeline - INFO - Making API request: /fixtures/statistics?fixture=1214876
2025-09-03 17:42:18,533 - src.collect_pipeline - INFO - API response: 2 results
2025-09-03 17:42:18,535 - src.collect_pipeline - INFO - Making API request: /fixtures/statistics?fixture=1214877
2025-09-03 17:42:18,702 - src.collect_pipeline - INFO - API response: 2 results
2025-09-03 17:42:18,703 - src.collect_pipeline - INFO - Making API request: /fixtures/statistics?fixture=1214878
2025-09-03 17:42:18,842 - src.collect_pipeline - INFO - API response: 2 results
2025-09-03 17:42:18,842 - src.collect_pipeline - INFO - Making API request: /fixtures/statistics?fixture=1214879
2025-09-03 17:42:18,972 - src.collect_pipeline - INFO - API response: 2 results
2025-09-03 17:42:18,973 - src.collect_pipeline - INFO - Making API request: /fixtures/statistics?fixture=1214880
2025-09-03 17:42:19,108 - src.collect_pipeline - INFO - API response: 2 results
2025-09-03 17:42:19,108 - src.collect_pipeline - INFO - Making API request: /fixtures/statistics?fixture=1214881
2025-09-03 17:42:19,242 - src.collect_pipeline - INFO - API response: 2 results
2025-09-03 17:42:19,243 - src.collect_pipeline - INFO - Making API request: /fixtures/statistics?fixture=1222542
2025-09-03 17:42:19,376 - src.collect_pipeline - INFO - API response: 2 results
2025-09-03 17:42:19,377 - src.collect_pipeline - INFO - Making API request: /fixtures/statistics?fixture=1222541
2025-09-03 17:42:19,514 - src.collect_pipeline - INFO - API response: 2 results
2025-09-03 17:42:19,515 - src.collect_pipeline - INFO - Making API request: /fixtures/statistics?fixture=1222539
2025-09-03 17:42:19,664 - src.collect_pipeline - INFO - API response: 2 results
2025-09-03 17:42:19,665 - src.collect_pipeline - INFO - Making API request: /fixtures/statistics?fixture=1222540
2025-09-03 17:42:19,799 - src.collect_pipeline - INFO - API response: 2 results
2025-09-03 17:42:19,799 - src.collect_pipeline - INFO - Making API request: /fixtures/statistics?fixture=1222537
2025-09-03 17:42:19,932 - src.collect_pipeline - INFO - API response: 2 results
2025-09-03 17:42:19,933 - src.collect_pipeline - INFO - Making API request: /fixtures/statistics?fixture=1222538
2025-09-03 17:42:20,070 - src.collect_pipeline - INFO - API response: 2 results
2025-09-03 17:42:20,071 - src.collect_pipeline - INFO - Making API request: /fixtures/statistics?fixture=1222543
2025-09-03 17:42:20,217 - src.collect_pipeline - INFO - API response: 2 results
2025-09-03 17:42:20,218 - src.collect_pipeline - INFO - Making API request: /fixtures/statistics?fixture=1222548
2025-09-03 17:42:20,353 - src.collect_pipeline - INFO - API response: 2 results
2025-09-03 17:42:20,354 - src.collect_pipeline - INFO - Making API request: /fixtures/statistics?fixture=1222547
2025-09-03 17:42:20,482 - src.collect_pipeline - INFO - API response: 2 results
2025-09-03 17:42:20,483 - src.collect_pipeline - INFO - Making API request: /fixtures/statistics?fixture=1222544
2025-09-03 17:42:20,616 - src.collect_pipeline - INFO - API response: 2 results
2025-09-03 17:42:20,617 - src.collect_pipeline - INFO - Making API request: /fixtures/statistics?fixture=1222545
2025-09-03 17:42:20,762 - src.collect_pipeline - INFO - API response: 2 results
2025-09-03 17:42:20,763 - src.collect_pipeline - INFO - Making API request: /fixtures/statistics?fixture=1222546
2025-09-03 17:42:20,915 - src.collect_pipeline - INFO - API response: 2 results
2025-09-03 17:42:20,916 - src.collect_pipeline - INFO - Making API request: /fixtures/statistics?fixture=1222552
2025-09-03 17:42:21,041 - src.collect_pipeline - INFO - API response: 2 results
2025-09-03 17:42:21,042 - src.collect_pipeline - INFO - Making API request: /fixtures/statistics?fixture=1222554
2025-09-03 17:42:21,183 - src.collect_pipeline - INFO - API response: 2 results
2025-09-03 17:42:21,184 - src.collect_pipeline - INFO - Making API request: /fixtures/statistics?fixture=1222550
2025-09-03 17:42:21,314 - src.collect_pipeline - INFO - API response: 2 results
2025-09-03 17:42:21,315 - src.collect_pipeline - INFO - Making API request: /fixtures/statistics?fixture=1222551
2025-09-03 17:42:21,466 - src.collect_pipeline - INFO - API response: 2 results
2025-09-03 17:42:21,467 - src.collect_pipeline - INFO - Making API request: /fixtures/statistics?fixture=1222553
2025-09-03 17:42:21,609 - src.collect_pipeline - INFO - API response: 2 results
2025-09-03 17:42:21,610 - src.collect_pipeline - INFO - Making API request: /fixtures/statistics?fixture=1222549
2025-09-03 17:42:21,745 - src.collect_pipeline - INFO - API response: 2 results
2025-09-03 17:42:21,747 - src.collect_pipeline - INFO - Making API request: /fixtures/statistics?fixture=1222559
2025-09-03 17:42:21,892 - src.collect_pipeline - INFO - API response: 2 results
2025-09-03 17:42:21,892 - src.collect_pipeline - INFO - Making API request: /fixtures/statistics?fixture=1222556
2025-09-03 17:42:22,025 - src.collect_pipeline - INFO - API response: 2 results
2025-09-03 17:42:22,026 - src.collect_pipeline - INFO - Making API request: /fixtures/statistics?fixture=1222557
2025-09-03 17:42:22,156 - src.collect_pipeline - INFO - API response: 2 results
2025-09-03 17:42:22,156 - src.collect_pipeline - INFO - Making API request: /fixtures/statistics?fixture=1222558
2025-09-03 17:42:22,295 - src.collect_pipeline - INFO - API response: 2 results
2025-09-03 17:42:22,296 - src.collect_pipeline - INFO - Making API request: /fixtures/statistics?fixture=1222555
2025-09-03 17:42:22,428 - src.collect_pipeline - INFO - API response: 2 results
2025-09-03 17:42:22,429 - src.collect_pipeline - INFO - Making API request: /fixtures/statistics?fixture=1222560
2025-09-03 17:42:22,564 - src.collect_pipeline - INFO - API response: 2 results
2025-09-03 17:42:22,565 - src.collect_pipeline - INFO - Making API request: /fixtures/statistics?fixture=1222561
2025-09-03 17:42:22,709 - src.collect_pipeline - INFO - API response: 2 results
2025-09-03 17:42:22,711 - src.collect_pipeline - INFO - Making API request: /fixtures/statistics?fixture=1222566
2025-09-03 17:42:22,860 - src.collect_pipeline - INFO - API response: 2 results
2025-09-03 17:42:22,861 - src.collect_pipeline - INFO - Making API request: /fixtures/statistics?fixture=1222565
2025-09-03 17:42:23,014 - src.collect_pipeline - INFO - API response: 2 results
2025-09-03 17:42:23,015 - src.collect_pipeline - INFO - Making API request: /fixtures/statistics?fixture=1222563
2025-09-03 17:42:23,144 - src.collect_pipeline - INFO - API response: 2 results
2025-09-03 17:42:23,146 - src.collect_pipeline - INFO - Making API request: /fixtures/statistics?fixture=1222564
2025-09-03 17:42:23,281 - src.collect_pipeline - INFO - API response: 2 results
2025-09-03 17:42:23,281 - src.collect_pipeline - INFO - Making API request: /fixtures/statistics?fixture=1222562
2025-09-03 17:42:23,404 - src.collect_pipeline - INFO - API response: 2 results
2025-09-03 17:42:23,405 - src.collect_pipeline - INFO - Making API request: /fixtures/statistics?fixture=1222571
2025-09-03 17:42:23,544 - src.collect_pipeline - INFO - API response: 2 results
2025-09-03 17:42:23,545 - src.collect_pipeline - INFO - Making API request: /fixtures/statistics?fixture=1222567
2025-09-03 17:42:23,681 - src.collect_pipeline - INFO - API response: 2 results
2025-09-03 17:42:23,682 - src.collect_pipeline - INFO - Making API request: /fixtures/statistics?fixture=1222569
2025-09-03 17:42:23,810 - src.collect_pipeline - INFO - API response: 2 results
2025-09-03 17:42:23,811 - src.collect_pipeline - INFO - Making API request: /fixtures/statistics?fixture=1222568
2025-09-03 17:42:23,943 - src.collect_pipeline - INFO - API response: 2 results
2025-09-03 17:42:23,949 - src.collect_pipeline - INFO - Progress saved to data/raw\data_collection_progress.json
2025-09-03 17:42:23,949 - src.collect_pipeline - INFO - Processing batch 3
2025-09-03 17:42:23,949 - src.collect_pipeline - INFO - Making API request: /fixtures/statistics?fixture=1222572
2025-09-03 17:42:24,116 - src.collect_pipeline - INFO - API response: 2 results
2025-09-03 17:42:24,116 - src.collect_pipeline - INFO - Making API request: /fixtures/statistics?fixture=1222570
2025-09-03 17:42:24,253 - src.collect_pipeline - INFO - API response: 2 results
2025-09-03 17:42:24,254 - src.collect_pipeline - INFO - Making API request: /fixtures/statistics?fixture=1222575
2025-09-03 17:42:24,389 - src.collect_pipeline - INFO - API response: 2 results
2025-09-03 17:42:24,390 - src.collect_pipeline - INFO - Making API request: /fixtures/statistics?fixture=1222578
2025-09-03 17:42:24,513 - src.collect_pipeline - INFO - API response: 2 results
2025-09-03 17:42:24,514 - src.collect_pipeline - INFO - Making API request: /fixtures/statistics?fixture=1222573
2025-09-03 17:42:24,647 - src.collect_pipeline - INFO - API response: 2 results
2025-09-03 17:42:24,648 - src.collect_pipeline - INFO - Making API request: /fixtures/statistics?fixture=1222576
2025-09-03 17:42:24,780 - src.collect_pipeline - INFO - API response: 2 results
2025-09-03 17:42:24,781 - src.collect_pipeline - INFO - Making API request: /fixtures/statistics?fixture=1222574
2025-09-03 17:42:24,928 - src.collect_pipeline - INFO - API response: 2 results
2025-09-03 17:42:24,929 - src.collect_pipeline - INFO - Making API request: /fixtures/statistics?fixture=1222577
2025-09-03 17:42:25,065 - src.collect_pipeline - INFO - API response: 2 results
2025-09-03 17:42:25,066 - src.collect_pipeline - INFO - Making API request: /fixtures/statistics?fixture=1222583
2025-09-03 17:42:25,202 - src.collect_pipeline - INFO - API response: 2 results
2025-09-03 17:42:25,203 - src.collect_pipeline - INFO - Making API request: /fixtures/statistics?fixture=1222582
2025-09-03 17:42:25,333 - src.collect_pipeline - INFO - API response: 2 results
2025-09-03 17:42:25,334 - src.collect_pipeline - INFO - Making API request: /fixtures/statistics?fixture=1222581
2025-09-03 17:42:25,452 - src.collect_pipeline - INFO - API response: 2 results
2025-09-03 17:42:25,453 - src.collect_pipeline - INFO - Making API request: /fixtures/statistics?fixture=1222584
2025-09-03 17:42:25,578 - src.collect_pipeline - INFO - API response: 2 results
2025-09-03 17:42:25,579 - src.collect_pipeline - INFO - Making API request: /fixtures/statistics?fixture=1222580
2025-09-03 17:42:25,704 - src.collect_pipeline - INFO - API response: 2 results
2025-09-03 17:42:25,704 - src.collect_pipeline - INFO - Making API request: /fixtures/statistics?fixture=1222579
2025-09-03 17:42:25,836 - src.collect_pipeline - INFO - API response: 2 results
2025-09-03 17:42:25,837 - src.collect_pipeline - INFO - Making API request: /fixtures/statistics?fixture=1222586
2025-09-03 17:42:25,965 - src.collect_pipeline - INFO - API response: 2 results
2025-09-03 17:42:25,966 - src.collect_pipeline - INFO - Making API request: /fixtures/statistics?fixture=1222590
2025-09-03 17:42:26,107 - src.collect_pipeline - INFO - API response: 2 results
2025-09-03 17:42:26,108 - src.collect_pipeline - INFO - Making API request: /fixtures/statistics?fixture=1222589
2025-09-03 17:42:26,256 - src.collect_pipeline - INFO - API response: 2 results
2025-09-03 17:42:26,257 - src.collect_pipeline - INFO - Making API request: /fixtures/statistics?fixture=1222588
2025-09-03 17:42:26,393 - src.collect_pipeline - INFO - API response: 2 results
2025-09-03 17:42:26,394 - src.collect_pipeline - INFO - Making API request: /fixtures/statistics?fixture=1222585
2025-09-03 17:42:26,521 - src.collect_pipeline - INFO - API response: 2 results
2025-09-03 17:42:26,522 - src.collect_pipeline - INFO - Making API request: /fixtures/statistics?fixture=1222587
2025-09-03 17:42:26,659 - src.collect_pipeline - INFO - API response: 2 results
2025-09-03 17:42:26,660 - src.collect_pipeline - INFO - Making API request: /fixtures/statistics?fixture=1222592
2025-09-03 17:42:26,783 - src.collect_pipeline - INFO - API response: 2 results
2025-09-03 17:42:26,784 - src.collect_pipeline - INFO - Making API request: /fixtures/statistics?fixture=1222591
2025-09-03 17:42:26,927 - src.collect_pipeline - INFO - API response: 2 results
2025-09-03 17:42:26,928 - src.collect_pipeline - INFO - Making API request: /fixtures/statistics?fixture=1222594
2025-09-03 17:42:27,055 - src.collect_pipeline - INFO - API response: 2 results
2025-09-03 17:42:27,055 - src.collect_pipeline - INFO - Making API request: /fixtures/statistics?fixture=1222593
2025-09-03 17:42:27,189 - src.collect_pipeline - INFO - API response: 2 results
2025-09-03 17:42:27,190 - src.collect_pipeline - INFO - Making API request: /fixtures/statistics?fixture=1222595
2025-09-03 17:42:27,335 - src.collect_pipeline - INFO - API response: 2 results
2025-09-03 17:42:27,336 - src.collect_pipeline - INFO - Making API request: /fixtures/statistics?fixture=1222596
2025-09-03 17:42:27,473 - src.collect_pipeline - INFO - API response: 2 results
2025-09-03 17:42:27,474 - src.collect_pipeline - INFO - Making API request: /fixtures/statistics?fixture=1222599
2025-09-03 17:42:27,616 - src.collect_pipeline - INFO - API response: 2 results
2025-09-03 17:42:27,617 - src.collect_pipeline - INFO - Making API request: /fixtures/statistics?fixture=1222598
2025-09-03 17:42:27,750 - src.collect_pipeline - INFO - API response: 2 results
2025-09-03 17:42:27,750 - src.collect_pipeline - INFO - Making API request: /fixtures/statistics?fixture=1222602
2025-09-03 17:42:27,880 - src.collect_pipeline - INFO - API response: 2 results
2025-09-03 17:42:27,882 - src.collect_pipeline - INFO - Making API request: /fixtures/statistics?fixture=1222600
2025-09-03 17:42:28,020 - src.collect_pipeline - INFO - API response: 2 results
2025-09-03 17:42:28,021 - src.collect_pipeline - INFO - Making API request: /fixtures/statistics?fixture=1222597
2025-09-03 17:42:28,173 - src.collect_pipeline - INFO - API response: 2 results
2025-09-03 17:42:28,174 - src.collect_pipeline - INFO - Making API request: /fixtures/statistics?fixture=1222601
2025-09-03 17:42:28,301 - src.collect_pipeline - INFO - API response: 2 results
2025-09-03 17:42:28,302 - src.collect_pipeline - INFO - Making API request: /fixtures/statistics?fixture=1327687
2025-09-03 17:42:28,452 - src.collect_pipeline - INFO - API response: 2 results
2025-09-03 17:42:28,453 - src.collect_pipeline - INFO - Making API request: /fixtures/statistics?fixture=1327686
2025-09-03 17:42:28,581 - src.collect_pipeline - INFO - API response: 2 results
2025-09-03 17:42:28,582 - src.collect_pipeline - INFO - Making API request: /fixtures/statistics?fixture=1327688
2025-09-03 17:42:28,713 - src.collect_pipeline - INFO - API response: 2 results
2025-09-03 17:42:28,714 - src.collect_pipeline - INFO - Making API request: /fixtures/statistics?fixture=1327689
2025-09-03 17:42:28,849 - src.collect_pipeline - INFO - API response: 2 results
2025-09-03 17:42:28,850 - src.collect_pipeline - INFO - Making API request: /fixtures/statistics?fixture=1327690
2025-09-03 17:42:28,994 - src.collect_pipeline - INFO - API response: 2 results
2025-09-03 17:42:28,995 - src.collect_pipeline - INFO - Making API request: /fixtures/statistics?fixture=1327691
2025-09-03 17:42:29,126 - src.collect_pipeline - INFO - API response: 2 results
2025-09-03 17:42:29,127 - src.collect_pipeline - INFO - Making API request: /fixtures/statistics?fixture=1327692
2025-09-03 17:42:29,260 - src.collect_pipeline - INFO - API response: 2 results
2025-09-03 17:42:29,261 - src.collect_pipeline - INFO - Making API request: /fixtures/statistics?fixture=1327693
2025-09-03 17:42:29,400 - src.collect_pipeline - INFO - API response: 2 results
2025-09-03 17:42:29,401 - src.collect_pipeline - INFO - Making API request: /fixtures/statistics?fixture=1327694
2025-09-03 17:42:29,552 - src.collect_pipeline - INFO - API response: 2 results
2025-09-03 17:42:29,553 - src.collect_pipeline - INFO - Making API request: /fixtures/statistics?fixture=1327695
2025-09-03 17:42:29,687 - src.collect_pipeline - INFO - API response: 2 results
2025-09-03 17:42:29,688 - src.collect_pipeline - INFO - Making API request: /fixtures/statistics?fixture=1327696
2025-09-03 17:42:29,815 - src.collect_pipeline - INFO - API response: 2 results
2025-09-03 17:42:29,816 - src.collect_pipeline - INFO - Making API request: /fixtures/statistics?fixture=1327697
2025-09-03 17:42:29,945 - src.collect_pipeline - INFO - API response: 2 results
2025-09-03 17:42:29,946 - src.collect_pipeline - INFO - Making API request: /fixtures/statistics?fixture=1327699
2025-09-03 17:42:30,075 - src.collect_pipeline - INFO - API response: 2 results
2025-09-03 17:42:30,075 - src.collect_pipeline - INFO - Making API request: /fixtures/statistics?fixture=1327698
2025-09-03 17:42:30,204 - src.collect_pipeline - INFO - API response: 2 results
2025-09-03 17:42:30,205 - src.collect_pipeline - INFO - Making API request: /fixtures/statistics?fixture=1327700
2025-09-03 17:42:30,350 - src.collect_pipeline - INFO - API response: 2 results
2025-09-03 17:42:30,352 - src.collect_pipeline - INFO - Making API request: /fixtures/statistics?fixture=1327701
2025-09-03 17:42:30,494 - src.collect_pipeline - INFO - API response: 2 results
2025-09-03 17:42:30,495 - src.collect_pipeline - INFO - Making API request: /fixtures/statistics?fixture=1327703
2025-09-03 17:42:30,629 - src.collect_pipeline - INFO - API response: 2 results
2025-09-03 17:42:30,630 - src.collect_pipeline - INFO - Making API request: /fixtures/statistics?fixture=1327702
2025-09-03 17:42:30,761 - src.collect_pipeline - INFO - API response: 2 results
2025-09-03 17:42:30,765 - src.collect_pipeline - INFO - Progress saved to data/raw\data_collection_progress.json
2025-09-03 17:42:30,766 - src.collect_pipeline - INFO - Processing batch 4
2025-09-03 17:42:30,766 - src.collect_pipeline - INFO - Making API request: /fixtures/statistics?fixture=1327704
2025-09-03 17:42:30,899 - src.collect_pipeline - INFO - API response: 2 results
2025-09-03 17:42:30,900 - src.collect_pipeline - INFO - Making API request: /fixtures/statistics?fixture=1327705
2025-09-03 17:42:31,029 - src.collect_pipeline - INFO - API response: 2 results
2025-09-03 17:42:31,030 - src.collect_pipeline - INFO - Making API request: /fixtures/statistics?fixture=1327706
2025-09-03 17:42:31,156 - src.collect_pipeline - INFO - API response: 2 results
2025-09-03 17:42:31,156 - src.collect_pipeline - INFO - Making API request: /fixtures/statistics?fixture=1327707
2025-09-03 17:42:31,285 - src.collect_pipeline - INFO - API response: 2 results
2025-09-03 17:42:31,285 - src.collect_pipeline - INFO - Making API request: /fixtures/statistics?fixture=1327708
2025-09-03 17:42:31,414 - src.collect_pipeline - INFO - API response: 2 results
2025-09-03 17:42:31,415 - src.collect_pipeline - INFO - Making API request: /fixtures/statistics?fixture=1327709
2025-09-03 17:42:31,545 - src.collect_pipeline - INFO - API response: 2 results
2025-09-03 17:42:31,546 - src.collect_pipeline - INFO - Making API request: /fixtures/statistics?fixture=1327710
2025-09-03 17:42:31,678 - src.collect_pipeline - INFO - API response: 2 results
2025-09-03 17:42:31,678 - src.collect_pipeline - INFO - Making API request: /fixtures/statistics?fixture=1327711
2025-09-03 17:42:31,804 - src.collect_pipeline - INFO - API response: 2 results
2025-09-03 17:42:31,805 - src.collect_pipeline - INFO - Making API request: /fixtures/statistics?fixture=1327712
2025-09-03 17:42:31,947 - src.collect_pipeline - INFO - API response: 2 results
2025-09-03 17:42:31,948 - src.collect_pipeline - INFO - Making API request: /fixtures/statistics?fixture=1327713
2025-09-03 17:42:32,090 - src.collect_pipeline - INFO - API response: 2 results
2025-09-03 17:42:32,091 - src.collect_pipeline - INFO - Making API request: /fixtures/statistics?fixture=1327715
2025-09-03 17:42:32,215 - src.collect_pipeline - INFO - API response: 2 results
2025-09-03 17:42:32,216 - src.collect_pipeline - INFO - Making API request: /fixtures/statistics?fixture=1327714
2025-09-03 17:42:32,361 - src.collect_pipeline - INFO - API response: 2 results
2025-09-03 17:42:32,362 - src.collect_pipeline - INFO - Making API request: /fixtures/statistics?fixture=1327717
2025-09-03 17:42:32,487 - src.collect_pipeline - INFO - API response: 2 results
2025-09-03 17:42:32,488 - src.collect_pipeline - INFO - Making API request: /fixtures/statistics?fixture=1327716
2025-09-03 17:42:32,610 - src.collect_pipeline - INFO - API response: 2 results
2025-09-03 17:42:32,611 - src.collect_pipeline - INFO - Making API request: /fixtures/statistics?fixture=1327718
2025-09-03 17:42:32,748 - src.collect_pipeline - INFO - API response: 2 results
2025-09-03 17:42:32,749 - src.collect_pipeline - INFO - Making API request: /fixtures/statistics?fixture=1327719
2025-09-03 17:42:32,896 - src.collect_pipeline - INFO - API response: 2 results
2025-09-03 17:42:32,897 - src.collect_pipeline - INFO - Making API request: /fixtures/statistics?fixture=1327720
2025-09-03 17:42:33,023 - src.collect_pipeline - INFO - API response: 2 results
2025-09-03 17:42:33,024 - src.collect_pipeline - INFO - Making API request: /fixtures/statistics?fixture=1327721
2025-09-03 17:42:33,170 - src.collect_pipeline - INFO - API response: 2 results
2025-09-03 17:42:33,171 - src.collect_pipeline - INFO - Making API request: /fixtures/statistics?fixture=1327723
2025-09-03 17:42:33,333 - src.collect_pipeline - INFO - API response: 2 results
2025-09-03 17:42:33,335 - src.collect_pipeline - INFO - Making API request: /fixtures/statistics?fixture=1327722
2025-09-03 17:42:33,467 - src.collect_pipeline - INFO - API response: 2 results
2025-09-03 17:42:33,467 - src.collect_pipeline - INFO - Making API request: /fixtures/statistics?fixture=1327724
2025-09-03 17:42:33,619 - src.collect_pipeline - INFO - API response: 2 results
2025-09-03 17:42:33,620 - src.collect_pipeline - INFO - Making API request: /fixtures/statistics?fixture=1327725
2025-09-03 17:42:33,755 - src.collect_pipeline - INFO - API response: 2 results
2025-09-03 17:42:33,756 - src.collect_pipeline - INFO - Making API request: /fixtures/statistics?fixture=1327726
2025-09-03 17:42:33,905 - src.collect_pipeline - INFO - API response: 2 results
2025-09-03 17:42:33,906 - src.collect_pipeline - INFO - Making API request: /fixtures/statistics?fixture=1327727
2025-09-03 17:42:34,060 - src.collect_pipeline - INFO - API response: 2 results
2025-09-03 17:42:34,061 - src.collect_pipeline - INFO - Making API request: /fixtures/statistics?fixture=1327728
2025-09-03 17:42:34,188 - src.collect_pipeline - INFO - API response: 2 results
2025-09-03 17:42:34,189 - src.collect_pipeline - INFO - Making API request: /fixtures/statistics?fixture=1327729
2025-09-03 17:42:34,328 - src.collect_pipeline - INFO - API response: 2 results
2025-09-03 17:42:34,329 - src.collect_pipeline - INFO - Making API request: /fixtures/statistics?fixture=1327730
2025-09-03 17:42:34,466 - src.collect_pipeline - INFO - API response: 2 results
2025-09-03 17:42:34,467 - src.collect_pipeline - INFO - Making API request: /fixtures/statistics?fixture=1327731
2025-09-03 17:42:34,617 - src.collect_pipeline - INFO - API response: 2 results
2025-09-03 17:42:34,618 - src.collect_pipeline - INFO - Making API request: /fixtures/statistics?fixture=1327732
2025-09-03 17:42:34,758 - src.collect_pipeline - INFO - API response: 2 results
2025-09-03 17:42:34,758 - src.collect_pipeline - INFO - Making API request: /fixtures/statistics?fixture=1327733
2025-09-03 17:42:34,876 - src.collect_pipeline - INFO - API response: 2 results
2025-09-03 17:42:34,877 - src.collect_pipeline - INFO - Making API request: /fixtures/statistics?fixture=1327734
2025-09-03 17:42:35,015 - src.collect_pipeline - INFO - API response: 2 results
2025-09-03 17:42:35,017 - src.collect_pipeline - INFO - Making API request: /fixtures/statistics?fixture=1327735
2025-09-03 17:42:35,162 - src.collect_pipeline - INFO - API response: 2 results
2025-09-03 17:42:35,163 - src.collect_pipeline - INFO - Making API request: /fixtures/statistics?fixture=1327736
2025-09-03 17:42:35,298 - src.collect_pipeline - INFO - API response: 2 results
2025-09-03 17:42:35,299 - src.collect_pipeline - INFO - Making API request: /fixtures/statistics?fixture=1327737
2025-09-03 17:42:35,436 - src.collect_pipeline - INFO - API response: 2 results
2025-09-03 17:42:35,437 - src.collect_pipeline - INFO - Making API request: /fixtures/statistics?fixture=1327738
2025-09-03 17:42:35,563 - src.collect_pipeline - INFO - API response: 2 results
2025-09-03 17:42:35,564 - src.collect_pipeline - INFO - Making API request: /fixtures/statistics?fixture=1327739
2025-09-03 17:42:35,692 - src.collect_pipeline - INFO - API response: 2 results
2025-09-03 17:42:35,693 - src.collect_pipeline - INFO - Making API request: /fixtures/statistics?fixture=1327740
2025-09-03 17:42:35,820 - src.collect_pipeline - INFO - API response: 2 results
2025-09-03 17:42:35,821 - src.collect_pipeline - INFO - Making API request: /fixtures/statistics?fixture=1327741
2025-09-03 17:42:35,957 - src.collect_pipeline - INFO - API response: 2 results
2025-09-03 17:42:35,958 - src.collect_pipeline - INFO - Making API request: /fixtures/statistics?fixture=1327742
2025-09-03 17:42:36,099 - src.collect_pipeline - INFO - API response: 2 results
2025-09-03 17:42:36,101 - src.collect_pipeline - INFO - Making API request: /fixtures/statistics?fixture=1327743
2025-09-03 17:42:36,227 - src.collect_pipeline - INFO - API response: 2 results
2025-09-03 17:42:36,227 - src.collect_pipeline - INFO - Making API request: /fixtures/statistics?fixture=1327745
2025-09-03 17:42:36,358 - src.collect_pipeline - INFO - API response: 2 results
2025-09-03 17:42:36,359 - src.collect_pipeline - INFO - Making API request: /fixtures/statistics?fixture=1327744
2025-09-03 17:42:36,498 - src.collect_pipeline - INFO - API response: 2 results
2025-09-03 17:42:36,499 - src.collect_pipeline - INFO - Making API request: /fixtures/statistics?fixture=1327747
2025-09-03 17:42:36,640 - src.collect_pipeline - INFO - API response: 2 results
2025-09-03 17:42:36,641 - src.collect_pipeline - INFO - Making API request: /fixtures/statistics?fixture=1327746
2025-09-03 17:42:36,791 - src.collect_pipeline - INFO - API response: 2 results
2025-09-03 17:42:36,792 - src.collect_pipeline - INFO - Making API request: /fixtures/statistics?fixture=1327751
2025-09-03 17:42:36,942 - src.collect_pipeline - INFO - API response: 2 results
2025-09-03 17:42:36,943 - src.collect_pipeline - INFO - Making API request: /fixtures/statistics?fixture=1327750
2025-09-03 17:42:37,080 - src.collect_pipeline - INFO - API response: 2 results
2025-09-03 17:42:37,081 - src.collect_pipeline - INFO - Making API request: /fixtures/statistics?fixture=1327748
2025-09-03 17:42:37,218 - src.collect_pipeline - INFO - API response: 2 results
2025-09-03 17:42:37,218 - src.collect_pipeline - INFO - Making API request: /fixtures/statistics?fixture=1327749
2025-09-03 17:42:37,349 - src.collect_pipeline - INFO - API response: 2 results
2025-09-03 17:42:37,350 - src.collect_pipeline - INFO - Making API request: /fixtures/statistics?fixture=1372882
2025-09-03 17:42:37,480 - src.collect_pipeline - INFO - API response: 2 results
2025-09-03 17:42:37,481 - src.collect_pipeline - INFO - Making API request: /fixtures/statistics?fixture=1372867
2025-09-03 17:42:37,630 - src.collect_pipeline - INFO - API response: 2 results
2025-09-03 17:42:37,633 - src.collect_pipeline - INFO - Progress saved to data/raw\data_collection_progress.json
2025-09-03 17:42:37,633 - src.collect_pipeline - INFO - Processing batch 5
2025-09-03 17:42:37,634 - src.collect_pipeline - INFO - Making API request: /fixtures/statistics?fixture=1372883
2025-09-03 17:42:37,776 - src.collect_pipeline - INFO - API response: 2 results
2025-09-03 17:42:37,778 - src.collect_pipeline - INFO - Making API request: /fixtures/statistics?fixture=1372868
2025-09-03 17:42:37,929 - src.collect_pipeline - INFO - API response: 2 results
2025-09-03 17:42:37,930 - src.collect_pipeline - INFO - Making API request: /fixtures/statistics?fixture=1372869
2025-09-03 17:42:38,114 - src.collect_pipeline - INFO - API response: 2 results
2025-09-03 17:42:38,115 - src.collect_pipeline - INFO - Making API request: /fixtures/statistics?fixture=1372884
2025-09-03 17:42:38,276 - src.collect_pipeline - INFO - API response: 2 results
2025-09-03 17:42:38,277 - src.collect_pipeline - INFO - Making API request: /fixtures/statistics?fixture=1372887
2025-09-03 17:42:38,413 - src.collect_pipeline - INFO - API response: 2 results
2025-09-03 17:42:38,414 - src.collect_pipeline - INFO - Making API request: /fixtures/statistics?fixture=1372885
2025-09-03 17:42:38,553 - src.collect_pipeline - INFO - API response: 2 results
2025-09-03 17:42:38,554 - src.collect_pipeline - INFO - Making API request: /fixtures/statistics?fixture=1372886
2025-09-03 17:42:38,695 - src.collect_pipeline - INFO - API response: 2 results
2025-09-03 17:42:38,696 - src.collect_pipeline - INFO - Making API request: /fixtures/statistics?fixture=1372870
2025-09-03 17:42:38,838 - src.collect_pipeline - INFO - API response: 2 results
2025-09-03 17:42:38,839 - src.collect_pipeline - INFO - Making API request: /fixtures/statistics?fixture=1372871
2025-09-03 17:42:38,967 - src.collect_pipeline - INFO - API response: 2 results
2025-09-03 17:42:38,968 - src.collect_pipeline - INFO - Making API request: /fixtures/statistics?fixture=1372872
2025-09-03 17:42:39,116 - src.collect_pipeline - INFO - API response: 2 results
2025-09-03 17:42:39,118 - src.collect_pipeline - INFO - Making API request: /fixtures/statistics?fixture=1372888
2025-09-03 17:42:39,258 - src.collect_pipeline - INFO - API response: 2 results
2025-09-03 17:42:39,259 - src.collect_pipeline - INFO - Making API request: /fixtures/statistics?fixture=1372889
2025-09-03 17:42:39,400 - src.collect_pipeline - INFO - API response: 2 results
2025-09-03 17:42:39,401 - src.collect_pipeline - INFO - Making API request: /fixtures/statistics?fixture=1372890
2025-09-03 17:42:39,537 - src.collect_pipeline - INFO - API response: 2 results
2025-09-03 17:42:39,538 - src.collect_pipeline - INFO - Making API request: /fixtures/statistics?fixture=1372873
2025-09-03 17:42:39,673 - src.collect_pipeline - INFO - API response: 2 results
2025-09-03 17:42:39,674 - src.collect_pipeline - INFO - Making API request: /fixtures/statistics?fixture=1372875
2025-09-03 17:42:39,817 - src.collect_pipeline - INFO - API response: 2 results
2025-09-03 17:42:39,817 - src.collect_pipeline - INFO - Making API request: /fixtures/statistics?fixture=1372874
2025-09-03 17:42:39,948 - src.collect_pipeline - INFO - API response: 2 results
2025-09-03 17:42:39,949 - src.collect_pipeline - INFO - Making API request: /fixtures/statistics?fixture=1372891
2025-09-03 17:42:40,082 - src.collect_pipeline - INFO - API response: 2 results
2025-09-03 17:42:40,083 - src.collect_pipeline - INFO - Making API request: /fixtures/statistics?fixture=1372892
2025-09-03 17:42:40,224 - src.collect_pipeline - INFO - API response: 2 results
2025-09-03 17:42:40,225 - src.collect_pipeline - INFO - Making API request: /fixtures/statistics?fixture=1372893
2025-09-03 17:42:40,363 - src.collect_pipeline - INFO - API response: 2 results
2025-09-03 17:42:40,364 - src.collect_pipeline - INFO - Making API request: /fixtures/statistics?fixture=1372876
2025-09-03 17:42:40,497 - src.collect_pipeline - INFO - API response: 2 results
2025-09-03 17:42:40,498 - src.collect_pipeline - INFO - Making API request: /fixtures/statistics?fixture=1372878
2025-09-03 17:42:40,627 - src.collect_pipeline - INFO - API response: 2 results
2025-09-03 17:42:40,628 - src.collect_pipeline - INFO - Making API request: /fixtures/statistics?fixture=1372877
2025-09-03 17:42:40,767 - src.collect_pipeline - INFO - API response: 2 results
2025-09-03 17:42:40,768 - src.collect_pipeline - INFO - Making API request: /fixtures/statistics?fixture=1372894
2025-09-03 17:42:40,901 - src.collect_pipeline - INFO - API response: 2 results
2025-09-03 17:42:40,902 - src.collect_pipeline - INFO - Making API request: /fixtures/statistics?fixture=1372895
2025-09-03 17:42:41,046 - src.collect_pipeline - INFO - API response: 2 results
2025-09-03 17:42:41,047 - src.collect_pipeline - INFO - Making API request: /fixtures/statistics?fixture=1372896
2025-09-03 17:42:41,190 - src.collect_pipeline - INFO - API response: 2 results
2025-09-03 17:42:41,191 - src.collect_pipeline - INFO - Making API request: /fixtures/statistics?fixture=1372879
2025-09-03 17:42:41,331 - src.collect_pipeline - INFO - API response: 2 results
2025-09-03 17:42:41,332 - src.collect_pipeline - INFO - Making API request: /fixtures/statistics?fixture=1372880
2025-09-03 17:42:41,466 - src.collect_pipeline - INFO - API response: 2 results
2025-09-03 17:42:41,467 - src.collect_pipeline - INFO - Making API request: /fixtures/statistics?fixture=1372881
2025-09-03 17:42:41,606 - src.collect_pipeline - INFO - API response: 2 results
2025-09-03 17:42:41,607 - src.collect_pipeline - INFO - Making API request: /fixtures/statistics?fixture=1376517
2025-09-03 17:42:41,747 - src.collect_pipeline - INFO - API response: 2 results
2025-09-03 17:42:41,748 - src.collect_pipeline - INFO - Making API request: /fixtures/statistics?fixture=1376518
2025-09-03 17:42:41,909 - src.collect_pipeline - INFO - API response: 0 results
2025-09-03 17:42:41,914 - src.collect_pipeline - INFO - Progress saved to data/raw\data_collection_progress.json
2025-09-03 17:42:41,914 - src.collect_pipeline - INFO - No existing team_statistics file found
2025-09-03 17:42:42,069 - src.collect_pipeline - INFO - team_statistics: 230 new, 0 duplicates skipped
2025-09-03 17:42:42,069 - src.collect_pipeline - INFO - Total team_statistics records: 230
2025-09-03 17:42:42,069 - src.collect_pipeline - INFO - Saved to data/raw\Switzerland\Super League\2024\team_statistics.json
2025-09-03 17:42:42,074 - src.collect_pipeline - INFO - Processing Challenge League (Switzerland) - ID: 208
2025-09-03 17:42:42,075 - src.collect_pipeline - INFO - Getting dates for Challenge League (Switzerland) - Season 2024
2025-09-03 17:42:42,075 - src.collect_pipeline - INFO - Using default dates for Challenge League: 2024-08-01 to 2025-05-31
2025-09-03 17:42:42,075 - src.collect_pipeline - INFO - Using automatic dates for Challenge League: 2024-08-01 to 2025-05-31
2025-09-03 17:42:42,075 - src.collect_pipeline - INFO - Phase 1: Collecting 2024 season 2024-08-01 to 2025-05-31
2025-09-03 17:42:42,075 - src.collect_pipeline - INFO - Phase 1: Collecting entire season 2024-08-01 to 2025-05-31
2025-09-03 17:42:42,077 - src.collect_pipeline - INFO - Progress saved to data/raw\data_collection_progress.json
2025-09-03 17:42:42,077 - src.collect_pipeline - INFO - Fetching fixtures for Challenge League 2024...
2025-09-03 17:42:42,077 - src.collect_pipeline - INFO - Date range: 2024-08-01 to 2025-05-31
2025-09-03 17:42:42,077 - src.collect_pipeline - INFO - Making API request: /fixtures?league=208&season=2024&from=2024-08-01&to=2025-05-31
2025-09-03 17:42:42,275 - src.collect_pipeline - INFO - API response: 170 results
2025-09-03 17:42:42,299 - src.collect_pipeline - INFO - Found 170 existing fixtures in file
2025-09-03 17:42:42,300 - src.collect_pipeline - INFO - All fixtures in the date range are already collected
2025-09-03 17:42:42,301 - src.collect_pipeline - INFO - Processing Cup (Switzerland) - ID: 209
2025-09-03 17:42:42,301 - src.collect_pipeline - INFO - Getting dates for Cup (Switzerland) - Season 2024
2025-09-03 17:42:42,301 - src.collect_pipeline - INFO - Using cup competition dates for Cup: 2024-09-01 to 2025-05-31
2025-09-03 17:42:42,301 - src.collect_pipeline - INFO - Using automatic dates for Cup: 2024-09-01 to 2025-05-31
2025-09-03 17:42:42,301 - src.collect_pipeline - INFO - Phase 1: Collecting 2024 season 2024-09-01 to 2025-05-31
2025-09-03 17:42:42,301 - src.collect_pipeline - INFO - Phase 1: Collecting entire season 2024-09-01 to 2025-05-31
2025-09-03 17:42:42,304 - src.collect_pipeline - INFO - Progress saved to data/raw\data_collection_progress.json
2025-09-03 17:42:42,304 - src.collect_pipeline - INFO - Fetching fixtures for Cup 2024...
2025-09-03 17:42:42,304 - src.collect_pipeline - INFO - Date range: 2024-09-01 to 2025-05-31
2025-09-03 17:42:42,304 - src.collect_pipeline - INFO - Making API request: /fixtures?league=209&season=2024&from=2024-09-01&to=2025-05-31
2025-09-03 17:42:42,435 - src.collect_pipeline - INFO - API response: 30 results
2025-09-03 17:42:42,449 - src.collect_pipeline - INFO - Found 30 existing fixtures in file
2025-09-03 17:42:42,449 - src.collect_pipeline - INFO - All fixtures in the date range are already collected
2025-09-03 17:42:42,449 - src.collect_pipeline - INFO - Processing Super League (Switzerland) - ID: 207
2025-09-03 17:42:42,449 - src.collect_pipeline - INFO - Getting dates for Super League (Switzerland) - Season 2024
2025-09-03 17:42:42,450 - src.collect_pipeline - INFO - Using automatic dates for Super League: 2024-07-01 to 2025-05-31
2025-09-03 17:42:42,450 - src.collect_pipeline - INFO - Using automatic dates for Super League: 2024-07-01 to 2025-05-31
2025-09-03 17:42:42,450 - src.collect_pipeline - INFO - Phase 1: Collecting 2024 season 2024-07-01 to 2025-05-31
2025-09-03 17:42:42,450 - src.collect_pipeline - INFO - Phase 1: Collecting entire season 2024-07-01 to 2025-05-31
2025-09-03 17:42:42,451 - src.collect_pipeline - INFO - Progress saved to data/raw\data_collection_progress.json
2025-09-03 17:42:42,451 - src.collect_pipeline - INFO - Fetching fixtures for Super League 2024...
2025-09-03 17:42:42,451 - src.collect_pipeline - INFO - Date range: 2024-07-01 to 2025-05-31
2025-09-03 17:42:42,451 - src.collect_pipeline - INFO - Making API request: /fixtures?league=207&season=2024&from=2024-07-01&to=2025-05-31
2025-09-03 17:42:42,651 - src.collect_pipeline - INFO - API response: 230 results
2025-09-03 17:42:42,670 - src.collect_pipeline - INFO - Found 230 existing fixtures in file
2025-09-03 17:42:42,670 - src.collect_pipeline - INFO - All fixtures in the date range are already collected
