2025-09-03 18:05:46,466 - src.collect_pipeline - INFO - Logging initialized. Log file: logs/collection\collection_20250903_180546.log
2025-09-03 18:05:46,471 - src.collect_pipeline - INFO - Logging initialized. Log file: logs/collection\collection_20250903_180546.log
2025-09-03 18:05:46,472 - src.collect_pipeline - INFO - Filtering leagues with: league_id=None, filter_ids=[115], filter_tiers=None, filter_cups=None, filter_categories=None
2025-09-03 18:05:46,472 - src.collect_pipeline - INFO - Only filter_ids provided: [115]
2025-09-03 18:05:46,472 - src.collect_pipeline - INFO - Processing Cup (Sweden) - ID: 115
2025-09-03 18:05:46,472 - src.collect_pipeline - INFO - Getting dates for Cup (Sweden) - Season 2024
2025-09-03 18:05:46,473 - src.collect_pipeline - INFO - Using automatic dates for Cup: 2024-02-01 to 2024-09-30
2025-09-03 18:05:46,473 - src.collect_pipeline - INFO - Using automatic dates for Cup: 2024-02-01 to 2024-09-30
2025-09-03 18:05:46,473 - src.collect_pipeline - INFO - Phase 1: Collecting 2024 season 2024-02-01 to 2024-09-30
2025-09-03 18:05:46,473 - src.collect_pipeline - INFO - Phase 1: Collecting entire season 2024-02-01 to 2024-09-30
2025-09-03 18:05:46,475 - src.collect_pipeline - INFO - Progress saved to data/raw\data_collection_progress.json
2025-09-03 18:05:46,475 - src.collect_pipeline - INFO - Fetching fixtures for Cup 2024...
2025-09-03 18:05:46,475 - src.collect_pipeline - INFO - Date range: 2024-02-01 to 2024-09-30
2025-09-03 18:05:46,476 - src.collect_pipeline - INFO - Making API request: /fixtures?league=115&season=2024&from=2024-02-01&to=2024-09-30
2025-09-03 18:05:46,669 - src.collect_pipeline - INFO - API response: 60 results
2025-09-03 18:05:46,670 - src.collect_pipeline - INFO - Found 60 new fixtures to collect (excluding 0 already collected)
2025-09-03 18:05:46,685 - src.collect_pipeline - INFO - Saved 60 new fixtures to data/raw\Sweden\Cup\2024\fixture_events.json (total fixtures: 60)
2025-09-03 18:05:46,687 - src.collect_pipeline - INFO - Progress saved to data/raw\data_collection_progress.json
2025-09-03 18:05:46,687 - src.collect_pipeline - INFO - Found 60 fixtures to process for team_statistics
2025-09-03 18:05:46,688 - src.collect_pipeline - INFO - Processing 60 fixtures for team_statistics
2025-09-03 18:05:46,688 - src.collect_pipeline - INFO - Processing batch 1
2025-09-03 18:05:46,688 - src.collect_pipeline - INFO - Making API request: /fixtures/statistics?fixture=1200274
2025-09-03 18:05:47,060 - src.collect_pipeline - INFO - API response: 0 results
2025-09-03 18:05:47,061 - src.collect_pipeline - INFO - Making API request: /fixtures/statistics?fixture=1200275
2025-09-03 18:05:47,207 - src.collect_pipeline - INFO - API response: 0 results
2025-09-03 18:05:47,209 - src.collect_pipeline - INFO - Making API request: /fixtures/statistics?fixture=1200276
2025-09-03 18:05:47,348 - src.collect_pipeline - INFO - API response: 0 results
2025-09-03 18:05:47,348 - src.collect_pipeline - INFO - Making API request: /fixtures/statistics?fixture=1200277
2025-09-03 18:05:47,491 - src.collect_pipeline - INFO - API response: 0 results
2025-09-03 18:05:47,492 - src.collect_pipeline - INFO - Making API request: /fixtures/statistics?fixture=1200278
2025-09-03 18:05:47,633 - src.collect_pipeline - INFO - API response: 0 results
2025-09-03 18:05:47,634 - src.collect_pipeline - INFO - Making API request: /fixtures/statistics?fixture=1200279
2025-09-03 18:05:47,776 - src.collect_pipeline - INFO - API response: 0 results
2025-09-03 18:05:47,777 - src.collect_pipeline - INFO - Making API request: /fixtures/statistics?fixture=1200280
2025-09-03 18:05:47,915 - src.collect_pipeline - INFO - API response: 0 results
2025-09-03 18:05:47,916 - src.collect_pipeline - INFO - Making API request: /fixtures/statistics?fixture=1200281
2025-09-03 18:05:48,054 - src.collect_pipeline - INFO - API response: 0 results
2025-09-03 18:05:48,055 - src.collect_pipeline - INFO - Making API request: /fixtures/statistics?fixture=1200283
2025-09-03 18:05:48,202 - src.collect_pipeline - INFO - API response: 0 results
2025-09-03 18:05:48,203 - src.collect_pipeline - INFO - Making API request: /fixtures/statistics?fixture=1200282
2025-09-03 18:05:48,344 - src.collect_pipeline - INFO - API response: 0 results
2025-09-03 18:05:48,345 - src.collect_pipeline - INFO - Making API request: /fixtures/statistics?fixture=1200284
2025-09-03 18:05:48,484 - src.collect_pipeline - INFO - API response: 0 results
2025-09-03 18:05:48,485 - src.collect_pipeline - INFO - Making API request: /fixtures/statistics?fixture=1200285
2025-09-03 18:05:48,622 - src.collect_pipeline - INFO - API response: 0 results
2025-09-03 18:05:48,623 - src.collect_pipeline - INFO - Making API request: /fixtures/statistics?fixture=1201173
2025-09-03 18:05:48,760 - src.collect_pipeline - INFO - API response: 0 results
2025-09-03 18:05:48,761 - src.collect_pipeline - INFO - Making API request: /fixtures/statistics?fixture=1200286
2025-09-03 18:05:48,897 - src.collect_pipeline - INFO - API response: 0 results
2025-09-03 18:05:48,898 - src.collect_pipeline - INFO - Making API request: /fixtures/statistics?fixture=1200287
2025-09-03 18:05:49,036 - src.collect_pipeline - INFO - API response: 0 results
2025-09-03 18:05:49,037 - src.collect_pipeline - INFO - Making API request: /fixtures/statistics?fixture=1200288
2025-09-03 18:05:49,172 - src.collect_pipeline - INFO - API response: 0 results
2025-09-03 18:05:49,173 - src.collect_pipeline - INFO - Making API request: /fixtures/statistics?fixture=1200674
2025-09-03 18:05:49,311 - src.collect_pipeline - INFO - API response: 0 results
2025-09-03 18:05:49,312 - src.collect_pipeline - INFO - Making API request: /fixtures/statistics?fixture=1200289
2025-09-03 18:05:49,455 - src.collect_pipeline - INFO - API response: 0 results
2025-09-03 18:05:49,456 - src.collect_pipeline - INFO - Making API request: /fixtures/statistics?fixture=1200290
2025-09-03 18:05:49,600 - src.collect_pipeline - INFO - API response: 0 results
2025-09-03 18:05:49,601 - src.collect_pipeline - INFO - Making API request: /fixtures/statistics?fixture=1200291
2025-09-03 18:05:49,745 - src.collect_pipeline - INFO - API response: 0 results
2025-09-03 18:05:49,746 - src.collect_pipeline - INFO - Making API request: /fixtures/statistics?fixture=1200292
2025-09-03 18:05:49,890 - src.collect_pipeline - INFO - API response: 0 results
2025-09-03 18:05:49,890 - src.collect_pipeline - INFO - Making API request: /fixtures/statistics?fixture=1200295
2025-09-03 18:05:50,034 - src.collect_pipeline - INFO - API response: 0 results
2025-09-03 18:05:50,035 - src.collect_pipeline - INFO - Making API request: /fixtures/statistics?fixture=1200296
2025-09-03 18:05:50,168 - src.collect_pipeline - INFO - API response: 0 results
2025-09-03 18:05:50,169 - src.collect_pipeline - INFO - Making API request: /fixtures/statistics?fixture=1200294
2025-09-03 18:05:50,404 - src.collect_pipeline - INFO - API response: 0 results
2025-09-03 18:05:50,405 - src.collect_pipeline - INFO - Making API request: /fixtures/statistics?fixture=1200297
2025-09-03 18:05:50,550 - src.collect_pipeline - INFO - API response: 0 results
2025-09-03 18:05:50,551 - src.collect_pipeline - INFO - Making API request: /fixtures/statistics?fixture=1200293
2025-09-03 18:05:50,689 - src.collect_pipeline - INFO - API response: 0 results
2025-09-03 18:05:50,690 - src.collect_pipeline - INFO - Making API request: /fixtures/statistics?fixture=1200298
2025-09-03 18:05:50,834 - src.collect_pipeline - INFO - API response: 0 results
2025-09-03 18:05:50,835 - src.collect_pipeline - INFO - Making API request: /fixtures/statistics?fixture=1200302
2025-09-03 18:05:50,984 - src.collect_pipeline - INFO - API response: 0 results
2025-09-03 18:05:50,985 - src.collect_pipeline - INFO - Making API request: /fixtures/statistics?fixture=1200299
2025-09-03 18:05:51,139 - src.collect_pipeline - INFO - API response: 0 results
2025-09-03 18:05:51,140 - src.collect_pipeline - INFO - Making API request: /fixtures/statistics?fixture=1205343
2025-09-03 18:05:51,277 - src.collect_pipeline - INFO - API response: 0 results
2025-09-03 18:05:51,278 - src.collect_pipeline - INFO - Making API request: /fixtures/statistics?fixture=1200300
2025-09-03 18:05:51,421 - src.collect_pipeline - INFO - API response: 0 results
2025-09-03 18:05:51,422 - src.collect_pipeline - INFO - Making API request: /fixtures/statistics?fixture=1200301
2025-09-03 18:05:51,557 - src.collect_pipeline - INFO - API response: 0 results
2025-09-03 18:05:51,558 - src.collect_pipeline - INFO - Making API request: /fixtures/statistics?fixture=1234520
2025-09-03 18:05:51,706 - src.collect_pipeline - INFO - API response: 0 results
2025-09-03 18:05:51,707 - src.collect_pipeline - INFO - Making API request: /fixtures/statistics?fixture=1234515
2025-09-03 18:05:51,858 - src.collect_pipeline - INFO - API response: 0 results
2025-09-03 18:05:51,859 - src.collect_pipeline - INFO - Making API request: /fixtures/statistics?fixture=1234539
2025-09-03 18:05:52,020 - src.collect_pipeline - INFO - API response: 0 results
2025-09-03 18:05:52,021 - src.collect_pipeline - INFO - Making API request: /fixtures/statistics?fixture=1234530
2025-09-03 18:05:52,608 - src.collect_pipeline - INFO - API response: 0 results
2025-09-03 18:05:52,609 - src.collect_pipeline - INFO - Making API request: /fixtures/statistics?fixture=1234532
2025-09-03 18:05:52,748 - src.collect_pipeline - INFO - API response: 0 results
2025-09-03 18:05:52,749 - src.collect_pipeline - INFO - Making API request: /fixtures/statistics?fixture=1234522
2025-09-03 18:05:52,893 - src.collect_pipeline - INFO - API response: 0 results
2025-09-03 18:05:52,894 - src.collect_pipeline - INFO - Making API request: /fixtures/statistics?fixture=1234513
2025-09-03 18:05:53,035 - src.collect_pipeline - INFO - API response: 0 results
2025-09-03 18:05:53,036 - src.collect_pipeline - INFO - Making API request: /fixtures/statistics?fixture=1234538
2025-09-03 18:05:53,170 - src.collect_pipeline - INFO - API response: 0 results
2025-09-03 18:05:53,172 - src.collect_pipeline - INFO - Making API request: /fixtures/statistics?fixture=1234518
2025-09-03 18:05:53,314 - src.collect_pipeline - INFO - API response: 0 results
2025-09-03 18:05:53,315 - src.collect_pipeline - INFO - Making API request: /fixtures/statistics?fixture=1234525
2025-09-03 18:05:53,448 - src.collect_pipeline - INFO - API response: 0 results
2025-09-03 18:05:53,448 - src.collect_pipeline - INFO - Making API request: /fixtures/statistics?fixture=1234519
2025-09-03 18:05:53,590 - src.collect_pipeline - INFO - API response: 0 results
2025-09-03 18:05:53,591 - src.collect_pipeline - INFO - Making API request: /fixtures/statistics?fixture=1234524
2025-09-03 18:05:53,730 - src.collect_pipeline - INFO - API response: 0 results
2025-09-03 18:05:53,731 - src.collect_pipeline - INFO - Making API request: /fixtures/statistics?fixture=1234543
2025-09-03 18:05:53,882 - src.collect_pipeline - INFO - API response: 0 results
2025-09-03 18:05:53,883 - src.collect_pipeline - INFO - Making API request: /fixtures/statistics?fixture=1234523
2025-09-03 18:05:54,032 - src.collect_pipeline - INFO - API response: 0 results
2025-09-03 18:05:54,033 - src.collect_pipeline - INFO - Making API request: /fixtures/statistics?fixture=1234535
2025-09-03 18:05:54,175 - src.collect_pipeline - INFO - API response: 0 results
2025-09-03 18:05:54,176 - src.collect_pipeline - INFO - Making API request: /fixtures/statistics?fixture=1234526
2025-09-03 18:05:54,310 - src.collect_pipeline - INFO - API response: 0 results
2025-09-03 18:05:54,310 - src.collect_pipeline - INFO - Making API request: /fixtures/statistics?fixture=1234528
2025-09-03 18:05:54,457 - src.collect_pipeline - INFO - API response: 0 results
2025-09-03 18:05:54,457 - src.collect_pipeline - INFO - Making API request: /fixtures/statistics?fixture=1234542
2025-09-03 18:05:54,596 - src.collect_pipeline - INFO - API response: 0 results
2025-09-03 18:05:54,599 - src.collect_pipeline - INFO - Progress saved to data/raw\data_collection_progress.json
2025-09-03 18:05:54,599 - src.collect_pipeline - INFO - Processing batch 2
2025-09-03 18:05:54,599 - src.collect_pipeline - INFO - Making API request: /fixtures/statistics?fixture=1234529
2025-09-03 18:05:54,739 - src.collect_pipeline - INFO - API response: 0 results
2025-09-03 18:05:54,741 - src.collect_pipeline - INFO - Making API request: /fixtures/statistics?fixture=1234541
2025-09-03 18:05:54,885 - src.collect_pipeline - INFO - API response: 0 results
2025-09-03 18:05:54,886 - src.collect_pipeline - INFO - Making API request: /fixtures/statistics?fixture=1234517
2025-09-03 18:05:55,038 - src.collect_pipeline - INFO - API response: 0 results
2025-09-03 18:05:55,039 - src.collect_pipeline - INFO - Making API request: /fixtures/statistics?fixture=1234534
2025-09-03 18:05:55,181 - src.collect_pipeline - INFO - API response: 0 results
2025-09-03 18:05:55,182 - src.collect_pipeline - INFO - Making API request: /fixtures/statistics?fixture=1234531
2025-09-03 18:05:55,330 - src.collect_pipeline - INFO - API response: 0 results
2025-09-03 18:05:55,331 - src.collect_pipeline - INFO - Making API request: /fixtures/statistics?fixture=1234516
2025-09-03 18:05:55,470 - src.collect_pipeline - INFO - API response: 0 results
2025-09-03 18:05:55,471 - src.collect_pipeline - INFO - Making API request: /fixtures/statistics?fixture=1234521
2025-09-03 18:05:55,619 - src.collect_pipeline - INFO - API response: 0 results
2025-09-03 18:05:55,620 - src.collect_pipeline - INFO - Making API request: /fixtures/statistics?fixture=1234512
2025-09-03 18:05:55,755 - src.collect_pipeline - INFO - API response: 0 results
2025-09-03 18:05:55,756 - src.collect_pipeline - INFO - Making API request: /fixtures/statistics?fixture=1234540
2025-09-03 18:05:55,894 - src.collect_pipeline - INFO - API response: 0 results
2025-09-03 18:05:55,895 - src.collect_pipeline - INFO - Making API request: /fixtures/statistics?fixture=1234514
2025-09-03 18:05:56,037 - src.collect_pipeline - INFO - API response: 0 results
2025-09-03 18:05:56,039 - src.collect_pipeline - INFO - Progress saved to data/raw\data_collection_progress.json
2025-09-03 18:05:56,039 - src.collect_pipeline - INFO - No existing team_statistics file found
2025-09-03 18:05:56,042 - src.collect_pipeline - INFO - team_statistics: 60 new, 0 duplicates skipped
2025-09-03 18:05:56,043 - src.collect_pipeline - INFO - Total team_statistics records: 60
2025-09-03 18:05:56,043 - src.collect_pipeline - INFO - Saved to data/raw\Sweden\Cup\2024\team_statistics.json
