2025-09-03 17:33:45,082 - src.collect_pipeline - INFO - Logging initialized. Log file: logs/collection\collection_20250903_173345.log
2025-09-03 17:33:45,085 - src.collect_pipeline - INFO - Logging initialized. Log file: logs/collection\collection_20250903_173345.log
2025-09-03 17:33:45,085 - src.collect_pipeline - INFO - Filtering leagues with: league_id=None, filter_ids=[89, 90], filter_tiers=None, filter_cups=None, filter_categories=None
2025-09-03 17:33:45,085 - src.collect_pipeline - INFO - Only filter_ids provided: [89, 90]
2025-09-03 17:33:45,085 - src.collect_pipeline - INFO - Processing Eerste Divisie (Netherlands) - ID: 89
2025-09-03 17:33:45,085 - src.collect_pipeline - INFO - Getting dates for Eerste Divisie (Netherlands) - Season 2018
2025-09-03 17:33:45,085 - src.collect_pipeline - INFO - Using default dates for Eerste Divisie: 2018-08-01 to 2019-05-31
2025-09-03 17:33:45,086 - src.collect_pipeline - INFO - Using automatic dates for Eerste Divisie: 2018-08-01 to 2019-05-31
2025-09-03 17:33:45,086 - src.collect_pipeline - INFO - Phase 1: Collecting 2018 season 2018-08-01 to 2019-05-31
2025-09-03 17:33:45,086 - src.collect_pipeline - INFO - Phase 1: Collecting entire season 2018-08-01 to 2019-05-31
2025-09-03 17:33:45,087 - src.collect_pipeline - INFO - Progress saved to data/raw\data_collection_progress.json
2025-09-03 17:33:45,087 - src.collect_pipeline - INFO - Fetching fixtures for Eerste Divisie 2018...
2025-09-03 17:33:45,087 - src.collect_pipeline - INFO - Date range: 2018-08-01 to 2019-05-31
2025-09-03 17:33:45,087 - src.collect_pipeline - INFO - Making API request: /fixtures?league=89&season=2018&from=2018-08-01&to=2019-05-31
2025-09-03 17:33:45,373 - src.collect_pipeline - INFO - API response: 380 results
2025-09-03 17:33:45,374 - src.collect_pipeline - INFO - Found 380 new fixtures to collect (excluding 0 already collected)
2025-09-03 17:33:45,463 - src.collect_pipeline - INFO - Saved 380 new fixtures to data/raw\Netherlands\Eerste Divisie\2018\fixture_events.json (total fixtures: 380)
2025-09-03 17:33:45,466 - src.collect_pipeline - INFO - Progress saved to data/raw\data_collection_progress.json
2025-09-03 17:33:45,467 - src.collect_pipeline - INFO - Found 380 fixtures to process for team_statistics
2025-09-03 17:33:45,467 - src.collect_pipeline - INFO - Processing 380 fixtures for team_statistics
2025-09-03 17:33:45,467 - src.collect_pipeline - INFO - Processing batch 1
2025-09-03 17:33:45,467 - src.collect_pipeline - INFO - Making API request: /fixtures/statistics?fixture=6088
2025-09-03 17:33:45,616 - src.collect_pipeline - INFO - API response: 0 results
2025-09-03 17:33:45,617 - src.collect_pipeline - INFO - Making API request: /fixtures/statistics?fixture=6089
2025-09-03 17:33:45,753 - src.collect_pipeline - INFO - API response: 0 results
2025-09-03 17:33:45,754 - src.collect_pipeline - INFO - Making API request: /fixtures/statistics?fixture=6090
2025-09-03 17:33:45,909 - src.collect_pipeline - INFO - API response: 0 results
2025-09-03 17:33:45,911 - src.collect_pipeline - INFO - Making API request: /fixtures/statistics?fixture=6091
2025-09-03 17:33:46,143 - src.collect_pipeline - INFO - API response: 0 results
2025-09-03 17:33:46,144 - src.collect_pipeline - INFO - Making API request: /fixtures/statistics?fixture=6092
2025-09-03 17:33:46,277 - src.collect_pipeline - INFO - API response: 0 results
2025-09-03 17:33:46,279 - src.collect_pipeline - INFO - Making API request: /fixtures/statistics?fixture=6093
2025-09-03 17:33:46,416 - src.collect_pipeline - INFO - API response: 0 results
2025-09-03 17:33:46,417 - src.collect_pipeline - INFO - Making API request: /fixtures/statistics?fixture=6094
2025-09-03 17:33:46,576 - src.collect_pipeline - INFO - API response: 0 results
2025-09-03 17:33:46,578 - src.collect_pipeline - INFO - Making API request: /fixtures/statistics?fixture=6095
2025-09-03 17:33:46,722 - src.collect_pipeline - INFO - API response: 0 results
2025-09-03 17:33:46,723 - src.collect_pipeline - INFO - Making API request: /fixtures/statistics?fixture=6096
2025-09-03 17:33:46,862 - src.collect_pipeline - INFO - API response: 0 results
2025-09-03 17:33:46,863 - src.collect_pipeline - INFO - Making API request: /fixtures/statistics?fixture=6097
2025-09-03 17:33:46,996 - src.collect_pipeline - INFO - API response: 0 results
2025-09-03 17:33:46,997 - src.collect_pipeline - INFO - Making API request: /fixtures/statistics?fixture=6098
2025-09-03 17:33:47,128 - src.collect_pipeline - INFO - API response: 0 results
2025-09-03 17:33:47,129 - src.collect_pipeline - INFO - Making API request: /fixtures/statistics?fixture=6099
2025-09-03 17:33:47,259 - src.collect_pipeline - INFO - API response: 0 results
2025-09-03 17:33:47,261 - src.collect_pipeline - INFO - Making API request: /fixtures/statistics?fixture=6100
2025-09-03 17:33:47,399 - src.collect_pipeline - INFO - API response: 0 results
2025-09-03 17:33:47,400 - src.collect_pipeline - INFO - Making API request: /fixtures/statistics?fixture=6101
2025-09-03 17:33:47,564 - src.collect_pipeline - INFO - API response: 0 results
2025-09-03 17:33:47,565 - src.collect_pipeline - INFO - Making API request: /fixtures/statistics?fixture=6102
2025-09-03 17:33:47,699 - src.collect_pipeline - INFO - API response: 0 results
2025-09-03 17:33:47,700 - src.collect_pipeline - INFO - Making API request: /fixtures/statistics?fixture=6103
2025-09-03 17:33:47,844 - src.collect_pipeline - INFO - API response: 0 results
2025-09-03 17:33:47,845 - src.collect_pipeline - INFO - Making API request: /fixtures/statistics?fixture=6104
2025-09-03 17:33:47,979 - src.collect_pipeline - INFO - API response: 0 results
2025-09-03 17:33:47,980 - src.collect_pipeline - INFO - Making API request: /fixtures/statistics?fixture=6105
2025-09-03 17:33:48,119 - src.collect_pipeline - INFO - API response: 0 results
2025-09-03 17:33:48,119 - src.collect_pipeline - INFO - Making API request: /fixtures/statistics?fixture=6106
2025-09-03 17:33:48,255 - src.collect_pipeline - INFO - API response: 0 results
2025-09-03 17:33:48,256 - src.collect_pipeline - INFO - Making API request: /fixtures/statistics?fixture=6107
2025-09-03 17:33:48,395 - src.collect_pipeline - INFO - API response: 0 results
2025-09-03 17:33:48,396 - src.collect_pipeline - INFO - Making API request: /fixtures/statistics?fixture=6111
2025-09-03 17:33:48,532 - src.collect_pipeline - INFO - API response: 0 results
2025-09-03 17:33:48,533 - src.collect_pipeline - INFO - Making API request: /fixtures/statistics?fixture=6112
2025-09-03 17:33:48,672 - src.collect_pipeline - INFO - API response: 0 results
2025-09-03 17:33:48,673 - src.collect_pipeline - INFO - Making API request: /fixtures/statistics?fixture=6113
2025-09-03 17:33:48,814 - src.collect_pipeline - INFO - API response: 0 results
2025-09-03 17:33:48,815 - src.collect_pipeline - INFO - Making API request: /fixtures/statistics?fixture=6115
2025-09-03 17:33:48,958 - src.collect_pipeline - INFO - API response: 0 results
2025-09-03 17:33:48,959 - src.collect_pipeline - INFO - Making API request: /fixtures/statistics?fixture=6116
2025-09-03 17:33:49,100 - src.collect_pipeline - INFO - API response: 0 results
2025-09-03 17:33:49,101 - src.collect_pipeline - INFO - Making API request: /fixtures/statistics?fixture=6117
2025-09-03 17:33:49,260 - src.collect_pipeline - INFO - API response: 0 results
2025-09-03 17:33:49,260 - src.collect_pipeline - INFO - Making API request: /fixtures/statistics?fixture=6108
2025-09-03 17:33:49,400 - src.collect_pipeline - INFO - API response: 0 results
2025-09-03 17:33:49,402 - src.collect_pipeline - INFO - Making API request: /fixtures/statistics?fixture=6109
2025-09-03 17:33:49,542 - src.collect_pipeline - INFO - API response: 0 results
2025-09-03 17:33:49,543 - src.collect_pipeline - INFO - Making API request: /fixtures/statistics?fixture=6110
2025-09-03 17:33:49,685 - src.collect_pipeline - INFO - API response: 0 results
2025-09-03 17:33:49,686 - src.collect_pipeline - INFO - Making API request: /fixtures/statistics?fixture=6114
2025-09-03 17:33:49,858 - src.collect_pipeline - INFO - API response: 0 results
2025-09-03 17:33:49,859 - src.collect_pipeline - INFO - Making API request: /fixtures/statistics?fixture=6120
2025-09-03 17:33:49,994 - src.collect_pipeline - INFO - API response: 0 results
2025-09-03 17:33:49,994 - src.collect_pipeline - INFO - Making API request: /fixtures/statistics?fixture=6121
2025-09-03 17:33:50,127 - src.collect_pipeline - INFO - API response: 0 results
2025-09-03 17:33:50,128 - src.collect_pipeline - INFO - Making API request: /fixtures/statistics?fixture=6118
2025-09-03 17:33:50,276 - src.collect_pipeline - INFO - API response: 0 results
2025-09-03 17:33:50,277 - src.collect_pipeline - INFO - Making API request: /fixtures/statistics?fixture=6119
2025-09-03 17:33:50,412 - src.collect_pipeline - INFO - API response: 0 results
2025-09-03 17:33:50,413 - src.collect_pipeline - INFO - Making API request: /fixtures/statistics?fixture=6126
2025-09-03 17:33:50,547 - src.collect_pipeline - INFO - API response: 0 results
2025-09-03 17:33:50,548 - src.collect_pipeline - INFO - Making API request: /fixtures/statistics?fixture=6124
2025-09-03 17:33:50,694 - src.collect_pipeline - INFO - API response: 0 results
2025-09-03 17:33:50,695 - src.collect_pipeline - INFO - Making API request: /fixtures/statistics?fixture=6122
2025-09-03 17:33:50,853 - src.collect_pipeline - INFO - API response: 0 results
2025-09-03 17:33:50,854 - src.collect_pipeline - INFO - Making API request: /fixtures/statistics?fixture=6125
2025-09-03 17:33:51,012 - src.collect_pipeline - INFO - API response: 0 results
2025-09-03 17:33:51,014 - src.collect_pipeline - INFO - Making API request: /fixtures/statistics?fixture=6123
2025-09-03 17:33:51,166 - src.collect_pipeline - INFO - API response: 0 results
2025-09-03 17:33:51,167 - src.collect_pipeline - INFO - Making API request: /fixtures/statistics?fixture=6127
2025-09-03 17:33:51,297 - src.collect_pipeline - INFO - API response: 0 results
2025-09-03 17:33:51,298 - src.collect_pipeline - INFO - Making API request: /fixtures/statistics?fixture=6130
2025-09-03 17:33:51,435 - src.collect_pipeline - INFO - API response: 0 results
2025-09-03 17:33:51,436 - src.collect_pipeline - INFO - Making API request: /fixtures/statistics?fixture=6133
2025-09-03 17:33:51,580 - src.collect_pipeline - INFO - API response: 0 results
2025-09-03 17:33:51,581 - src.collect_pipeline - INFO - Making API request: /fixtures/statistics?fixture=6134
2025-09-03 17:33:51,729 - src.collect_pipeline - INFO - API response: 0 results
2025-09-03 17:33:51,730 - src.collect_pipeline - INFO - Making API request: /fixtures/statistics?fixture=6135
2025-09-03 17:33:51,872 - src.collect_pipeline - INFO - API response: 0 results
2025-09-03 17:33:51,873 - src.collect_pipeline - INFO - Making API request: /fixtures/statistics?fixture=6132
2025-09-03 17:33:52,024 - src.collect_pipeline - INFO - API response: 0 results
2025-09-03 17:33:52,025 - src.collect_pipeline - INFO - Making API request: /fixtures/statistics?fixture=6128
2025-09-03 17:33:52,158 - src.collect_pipeline - INFO - API response: 0 results
2025-09-03 17:33:52,159 - src.collect_pipeline - INFO - Making API request: /fixtures/statistics?fixture=6129
2025-09-03 17:33:52,292 - src.collect_pipeline - INFO - API response: 0 results
2025-09-03 17:33:52,293 - src.collect_pipeline - INFO - Making API request: /fixtures/statistics?fixture=6131
2025-09-03 17:33:52,424 - src.collect_pipeline - INFO - API response: 0 results
2025-09-03 17:33:52,425 - src.collect_pipeline - INFO - Making API request: /fixtures/statistics?fixture=6136
2025-09-03 17:33:52,560 - src.collect_pipeline - INFO - API response: 0 results
2025-09-03 17:33:52,560 - src.collect_pipeline - INFO - Making API request: /fixtures/statistics?fixture=6137
2025-09-03 17:33:52,686 - src.collect_pipeline - INFO - API response: 0 results
2025-09-03 17:33:52,689 - src.collect_pipeline - INFO - Progress saved to data/raw\data_collection_progress.json
2025-09-03 17:33:52,690 - src.collect_pipeline - INFO - Processing batch 2
2025-09-03 17:33:52,690 - src.collect_pipeline - INFO - Making API request: /fixtures/statistics?fixture=6140
2025-09-03 17:33:52,852 - src.collect_pipeline - INFO - API response: 0 results
2025-09-03 17:33:52,853 - src.collect_pipeline - INFO - Making API request: /fixtures/statistics?fixture=6142
2025-09-03 17:33:52,989 - src.collect_pipeline - INFO - API response: 0 results
2025-09-03 17:33:52,990 - src.collect_pipeline - INFO - Making API request: /fixtures/statistics?fixture=6144
2025-09-03 17:33:53,133 - src.collect_pipeline - INFO - API response: 0 results
2025-09-03 17:33:53,135 - src.collect_pipeline - INFO - Making API request: /fixtures/statistics?fixture=6145
2025-09-03 17:33:53,267 - src.collect_pipeline - INFO - API response: 0 results
2025-09-03 17:33:53,268 - src.collect_pipeline - INFO - Making API request: /fixtures/statistics?fixture=6147
2025-09-03 17:33:53,401 - src.collect_pipeline - INFO - API response: 0 results
2025-09-03 17:33:53,402 - src.collect_pipeline - INFO - Making API request: /fixtures/statistics?fixture=6138
2025-09-03 17:33:53,545 - src.collect_pipeline - INFO - API response: 0 results
2025-09-03 17:33:53,546 - src.collect_pipeline - INFO - Making API request: /fixtures/statistics?fixture=6139
2025-09-03 17:33:53,689 - src.collect_pipeline - INFO - API response: 0 results
2025-09-03 17:33:53,690 - src.collect_pipeline - INFO - Making API request: /fixtures/statistics?fixture=6141
2025-09-03 17:33:53,828 - src.collect_pipeline - INFO - API response: 0 results
2025-09-03 17:33:53,829 - src.collect_pipeline - INFO - Making API request: /fixtures/statistics?fixture=6146
2025-09-03 17:33:53,961 - src.collect_pipeline - INFO - API response: 0 results
2025-09-03 17:33:53,962 - src.collect_pipeline - INFO - Making API request: /fixtures/statistics?fixture=6143
2025-09-03 17:33:54,106 - src.collect_pipeline - INFO - API response: 0 results
2025-09-03 17:33:54,107 - src.collect_pipeline - INFO - Making API request: /fixtures/statistics?fixture=6153
2025-09-03 17:33:54,252 - src.collect_pipeline - INFO - API response: 0 results
2025-09-03 17:33:54,253 - src.collect_pipeline - INFO - Making API request: /fixtures/statistics?fixture=6148
2025-09-03 17:33:54,400 - src.collect_pipeline - INFO - API response: 0 results
2025-09-03 17:33:54,400 - src.collect_pipeline - INFO - Making API request: /fixtures/statistics?fixture=6149
2025-09-03 17:33:54,530 - src.collect_pipeline - INFO - API response: 0 results
2025-09-03 17:33:54,531 - src.collect_pipeline - INFO - Making API request: /fixtures/statistics?fixture=6150
2025-09-03 17:33:54,677 - src.collect_pipeline - INFO - API response: 0 results
2025-09-03 17:33:54,678 - src.collect_pipeline - INFO - Making API request: /fixtures/statistics?fixture=6151
2025-09-03 17:33:54,812 - src.collect_pipeline - INFO - API response: 0 results
2025-09-03 17:33:54,813 - src.collect_pipeline - INFO - Making API request: /fixtures/statistics?fixture=6152
2025-09-03 17:33:54,943 - src.collect_pipeline - INFO - API response: 0 results
2025-09-03 17:33:54,945 - src.collect_pipeline - INFO - Making API request: /fixtures/statistics?fixture=6154
2025-09-03 17:33:55,092 - src.collect_pipeline - INFO - API response: 0 results
2025-09-03 17:33:55,093 - src.collect_pipeline - INFO - Making API request: /fixtures/statistics?fixture=6155
2025-09-03 17:33:55,230 - src.collect_pipeline - INFO - API response: 0 results
2025-09-03 17:33:55,231 - src.collect_pipeline - INFO - Making API request: /fixtures/statistics?fixture=6156
2025-09-03 17:33:55,390 - src.collect_pipeline - INFO - API response: 0 results
2025-09-03 17:33:55,391 - src.collect_pipeline - INFO - Making API request: /fixtures/statistics?fixture=6157
2025-09-03 17:33:55,528 - src.collect_pipeline - INFO - API response: 0 results
2025-09-03 17:33:55,529 - src.collect_pipeline - INFO - Making API request: /fixtures/statistics?fixture=6159
2025-09-03 17:33:55,668 - src.collect_pipeline - INFO - API response: 0 results
2025-09-03 17:33:55,669 - src.collect_pipeline - INFO - Making API request: /fixtures/statistics?fixture=6162
2025-09-03 17:33:55,798 - src.collect_pipeline - INFO - API response: 0 results
2025-09-03 17:33:55,799 - src.collect_pipeline - INFO - Making API request: /fixtures/statistics?fixture=6165
2025-09-03 17:33:55,938 - src.collect_pipeline - INFO - API response: 0 results
2025-09-03 17:33:55,939 - src.collect_pipeline - INFO - Making API request: /fixtures/statistics?fixture=6166
2025-09-03 17:33:56,086 - src.collect_pipeline - INFO - API response: 0 results
2025-09-03 17:33:56,087 - src.collect_pipeline - INFO - Making API request: /fixtures/statistics?fixture=6167
2025-09-03 17:33:56,253 - src.collect_pipeline - INFO - API response: 0 results
2025-09-03 17:33:56,254 - src.collect_pipeline - INFO - Making API request: /fixtures/statistics?fixture=6164
2025-09-03 17:33:56,395 - src.collect_pipeline - INFO - API response: 0 results
2025-09-03 17:33:56,396 - src.collect_pipeline - INFO - Making API request: /fixtures/statistics?fixture=6158
2025-09-03 17:33:56,535 - src.collect_pipeline - INFO - API response: 0 results
2025-09-03 17:33:56,536 - src.collect_pipeline - INFO - Making API request: /fixtures/statistics?fixture=6160
2025-09-03 17:33:56,687 - src.collect_pipeline - INFO - API response: 0 results
2025-09-03 17:33:56,689 - src.collect_pipeline - INFO - Making API request: /fixtures/statistics?fixture=6161
2025-09-03 17:33:56,835 - src.collect_pipeline - INFO - API response: 0 results
2025-09-03 17:33:56,836 - src.collect_pipeline - INFO - Making API request: /fixtures/statistics?fixture=6163
2025-09-03 17:33:56,974 - src.collect_pipeline - INFO - API response: 0 results
2025-09-03 17:33:56,975 - src.collect_pipeline - INFO - Making API request: /fixtures/statistics?fixture=6171
2025-09-03 17:33:57,111 - src.collect_pipeline - INFO - API response: 0 results
2025-09-03 17:33:57,112 - src.collect_pipeline - INFO - Making API request: /fixtures/statistics?fixture=6172
2025-09-03 17:33:57,244 - src.collect_pipeline - INFO - API response: 0 results
2025-09-03 17:33:57,245 - src.collect_pipeline - INFO - Making API request: /fixtures/statistics?fixture=6173
2025-09-03 17:33:57,378 - src.collect_pipeline - INFO - API response: 0 results
2025-09-03 17:33:57,379 - src.collect_pipeline - INFO - Making API request: /fixtures/statistics?fixture=6170
2025-09-03 17:33:57,519 - src.collect_pipeline - INFO - API response: 0 results
2025-09-03 17:33:57,520 - src.collect_pipeline - INFO - Making API request: /fixtures/statistics?fixture=6168
2025-09-03 17:33:57,655 - src.collect_pipeline - INFO - API response: 0 results
2025-09-03 17:33:57,656 - src.collect_pipeline - INFO - Making API request: /fixtures/statistics?fixture=6169
2025-09-03 17:33:57,782 - src.collect_pipeline - INFO - API response: 0 results
2025-09-03 17:33:57,783 - src.collect_pipeline - INFO - Making API request: /fixtures/statistics?fixture=6174
2025-09-03 17:33:57,929 - src.collect_pipeline - INFO - API response: 0 results
2025-09-03 17:33:57,930 - src.collect_pipeline - INFO - Making API request: /fixtures/statistics?fixture=6175
2025-09-03 17:33:58,073 - src.collect_pipeline - INFO - API response: 0 results
2025-09-03 17:33:58,074 - src.collect_pipeline - INFO - Making API request: /fixtures/statistics?fixture=6176
2025-09-03 17:33:58,211 - src.collect_pipeline - INFO - API response: 0 results
2025-09-03 17:33:58,212 - src.collect_pipeline - INFO - Making API request: /fixtures/statistics?fixture=6177
2025-09-03 17:33:58,342 - src.collect_pipeline - INFO - API response: 0 results
2025-09-03 17:33:58,345 - src.collect_pipeline - INFO - Making API request: /fixtures/statistics?fixture=6180
2025-09-03 17:33:58,498 - src.collect_pipeline - INFO - API response: 0 results
2025-09-03 17:33:58,499 - src.collect_pipeline - INFO - Making API request: /fixtures/statistics?fixture=6184
2025-09-03 17:33:58,654 - src.collect_pipeline - INFO - API response: 0 results
2025-09-03 17:33:58,656 - src.collect_pipeline - INFO - Making API request: /fixtures/statistics?fixture=6185
2025-09-03 17:33:58,814 - src.collect_pipeline - INFO - API response: 0 results
2025-09-03 17:33:58,816 - src.collect_pipeline - INFO - Making API request: /fixtures/statistics?fixture=6178
2025-09-03 17:33:58,960 - src.collect_pipeline - INFO - API response: 0 results
2025-09-03 17:33:58,961 - src.collect_pipeline - INFO - Making API request: /fixtures/statistics?fixture=6179
2025-09-03 17:33:59,104 - src.collect_pipeline - INFO - API response: 0 results
2025-09-03 17:33:59,105 - src.collect_pipeline - INFO - Making API request: /fixtures/statistics?fixture=6181
2025-09-03 17:33:59,259 - src.collect_pipeline - INFO - API response: 0 results
2025-09-03 17:33:59,261 - src.collect_pipeline - INFO - Making API request: /fixtures/statistics?fixture=6182
2025-09-03 17:33:59,406 - src.collect_pipeline - INFO - API response: 0 results
2025-09-03 17:33:59,407 - src.collect_pipeline - INFO - Making API request: /fixtures/statistics?fixture=6183
2025-09-03 17:33:59,576 - src.collect_pipeline - INFO - API response: 0 results
2025-09-03 17:33:59,578 - src.collect_pipeline - INFO - Making API request: /fixtures/statistics?fixture=6186
2025-09-03 17:33:59,727 - src.collect_pipeline - INFO - API response: 0 results
2025-09-03 17:33:59,728 - src.collect_pipeline - INFO - Making API request: /fixtures/statistics?fixture=6187
2025-09-03 17:33:59,862 - src.collect_pipeline - INFO - API response: 0 results
2025-09-03 17:33:59,867 - src.collect_pipeline - INFO - Progress saved to data/raw\data_collection_progress.json
2025-09-03 17:33:59,867 - src.collect_pipeline - INFO - Processing batch 3
2025-09-03 17:33:59,867 - src.collect_pipeline - INFO - Making API request: /fixtures/statistics?fixture=6189
2025-09-03 17:34:00,005 - src.collect_pipeline - INFO - API response: 0 results
2025-09-03 17:34:00,006 - src.collect_pipeline - INFO - Making API request: /fixtures/statistics?fixture=6192
2025-09-03 17:34:00,150 - src.collect_pipeline - INFO - API response: 0 results
2025-09-03 17:34:00,151 - src.collect_pipeline - INFO - Making API request: /fixtures/statistics?fixture=6193
2025-09-03 17:34:00,283 - src.collect_pipeline - INFO - API response: 0 results
2025-09-03 17:34:00,284 - src.collect_pipeline - INFO - Making API request: /fixtures/statistics?fixture=6195
2025-09-03 17:34:00,425 - src.collect_pipeline - INFO - API response: 0 results
2025-09-03 17:34:00,426 - src.collect_pipeline - INFO - Making API request: /fixtures/statistics?fixture=6196
2025-09-03 17:34:00,567 - src.collect_pipeline - INFO - API response: 0 results
2025-09-03 17:34:00,568 - src.collect_pipeline - INFO - Making API request: /fixtures/statistics?fixture=6197
2025-09-03 17:34:00,700 - src.collect_pipeline - INFO - API response: 0 results
2025-09-03 17:34:00,701 - src.collect_pipeline - INFO - Making API request: /fixtures/statistics?fixture=6191
2025-09-03 17:34:00,856 - src.collect_pipeline - INFO - API response: 0 results
2025-09-03 17:34:00,857 - src.collect_pipeline - INFO - Making API request: /fixtures/statistics?fixture=6188
2025-09-03 17:34:00,997 - src.collect_pipeline - INFO - API response: 0 results
2025-09-03 17:34:00,998 - src.collect_pipeline - INFO - Making API request: /fixtures/statistics?fixture=6190
2025-09-03 17:34:01,140 - src.collect_pipeline - INFO - API response: 0 results
2025-09-03 17:34:01,140 - src.collect_pipeline - INFO - Making API request: /fixtures/statistics?fixture=6194
2025-09-03 17:34:01,279 - src.collect_pipeline - INFO - API response: 0 results
2025-09-03 17:34:01,281 - src.collect_pipeline - INFO - Making API request: /fixtures/statistics?fixture=6199
2025-09-03 17:34:01,414 - src.collect_pipeline - INFO - API response: 0 results
2025-09-03 17:34:01,415 - src.collect_pipeline - INFO - Making API request: /fixtures/statistics?fixture=6203
2025-09-03 17:34:01,547 - src.collect_pipeline - INFO - API response: 0 results
2025-09-03 17:34:01,548 - src.collect_pipeline - INFO - Making API request: /fixtures/statistics?fixture=6206
2025-09-03 17:34:01,700 - src.collect_pipeline - INFO - API response: 0 results
2025-09-03 17:34:01,700 - src.collect_pipeline - INFO - Making API request: /fixtures/statistics?fixture=6198
2025-09-03 17:34:01,836 - src.collect_pipeline - INFO - API response: 0 results
2025-09-03 17:34:01,837 - src.collect_pipeline - INFO - Making API request: /fixtures/statistics?fixture=6200
2025-09-03 17:34:01,981 - src.collect_pipeline - INFO - API response: 0 results
2025-09-03 17:34:01,982 - src.collect_pipeline - INFO - Making API request: /fixtures/statistics?fixture=6201
2025-09-03 17:34:02,128 - src.collect_pipeline - INFO - API response: 0 results
2025-09-03 17:34:02,129 - src.collect_pipeline - INFO - Making API request: /fixtures/statistics?fixture=6202
2025-09-03 17:34:02,265 - src.collect_pipeline - INFO - API response: 0 results
2025-09-03 17:34:02,266 - src.collect_pipeline - INFO - Making API request: /fixtures/statistics?fixture=6204
2025-09-03 17:34:02,421 - src.collect_pipeline - INFO - API response: 0 results
2025-09-03 17:34:02,422 - src.collect_pipeline - INFO - Making API request: /fixtures/statistics?fixture=6205
2025-09-03 17:34:02,561 - src.collect_pipeline - INFO - API response: 0 results
2025-09-03 17:34:02,562 - src.collect_pipeline - INFO - Making API request: /fixtures/statistics?fixture=6207
2025-09-03 17:34:02,701 - src.collect_pipeline - INFO - API response: 0 results
2025-09-03 17:34:02,703 - src.collect_pipeline - INFO - Making API request: /fixtures/statistics?fixture=6211
2025-09-03 17:34:02,842 - src.collect_pipeline - INFO - API response: 0 results
2025-09-03 17:34:02,844 - src.collect_pipeline - INFO - Making API request: /fixtures/statistics?fixture=6214
2025-09-03 17:34:02,994 - src.collect_pipeline - INFO - API response: 0 results
2025-09-03 17:34:02,995 - src.collect_pipeline - INFO - Making API request: /fixtures/statistics?fixture=6216
2025-09-03 17:34:03,124 - src.collect_pipeline - INFO - API response: 0 results
2025-09-03 17:34:03,124 - src.collect_pipeline - INFO - Making API request: /fixtures/statistics?fixture=6217
2025-09-03 17:34:03,248 - src.collect_pipeline - INFO - API response: 0 results
2025-09-03 17:34:03,249 - src.collect_pipeline - INFO - Making API request: /fixtures/statistics?fixture=6213
2025-09-03 17:34:03,398 - src.collect_pipeline - INFO - API response: 0 results
2025-09-03 17:34:03,399 - src.collect_pipeline - INFO - Making API request: /fixtures/statistics?fixture=6208
2025-09-03 17:34:03,531 - src.collect_pipeline - INFO - API response: 0 results
2025-09-03 17:34:03,532 - src.collect_pipeline - INFO - Making API request: /fixtures/statistics?fixture=6209
2025-09-03 17:34:03,663 - src.collect_pipeline - INFO - API response: 0 results
2025-09-03 17:34:03,664 - src.collect_pipeline - INFO - Making API request: /fixtures/statistics?fixture=6210
2025-09-03 17:34:03,796 - src.collect_pipeline - INFO - API response: 0 results
2025-09-03 17:34:03,797 - src.collect_pipeline - INFO - Making API request: /fixtures/statistics?fixture=6212
2025-09-03 17:34:03,942 - src.collect_pipeline - INFO - API response: 0 results
2025-09-03 17:34:03,944 - src.collect_pipeline - INFO - Making API request: /fixtures/statistics?fixture=6215
2025-09-03 17:34:04,092 - src.collect_pipeline - INFO - API response: 0 results
2025-09-03 17:34:04,093 - src.collect_pipeline - INFO - Making API request: /fixtures/statistics?fixture=6218
2025-09-03 17:34:04,227 - src.collect_pipeline - INFO - API response: 0 results
2025-09-03 17:34:04,229 - src.collect_pipeline - INFO - Making API request: /fixtures/statistics?fixture=6220
2025-09-03 17:34:04,378 - src.collect_pipeline - INFO - API response: 0 results
2025-09-03 17:34:04,378 - src.collect_pipeline - INFO - Making API request: /fixtures/statistics?fixture=6219
2025-09-03 17:34:04,518 - src.collect_pipeline - INFO - API response: 0 results
2025-09-03 17:34:04,519 - src.collect_pipeline - INFO - Making API request: /fixtures/statistics?fixture=6221
2025-09-03 17:34:04,654 - src.collect_pipeline - INFO - API response: 0 results
2025-09-03 17:34:04,654 - src.collect_pipeline - INFO - Making API request: /fixtures/statistics?fixture=6223
2025-09-03 17:34:04,806 - src.collect_pipeline - INFO - API response: 0 results
2025-09-03 17:34:04,806 - src.collect_pipeline - INFO - Making API request: /fixtures/statistics?fixture=6224
2025-09-03 17:34:04,954 - src.collect_pipeline - INFO - API response: 0 results
2025-09-03 17:34:04,955 - src.collect_pipeline - INFO - Making API request: /fixtures/statistics?fixture=6225
2025-09-03 17:34:05,089 - src.collect_pipeline - INFO - API response: 0 results
2025-09-03 17:34:05,090 - src.collect_pipeline - INFO - Making API request: /fixtures/statistics?fixture=6222
2025-09-03 17:34:05,229 - src.collect_pipeline - INFO - API response: 0 results
2025-09-03 17:34:05,230 - src.collect_pipeline - INFO - Making API request: /fixtures/statistics?fixture=6226
2025-09-03 17:34:05,371 - src.collect_pipeline - INFO - API response: 0 results
2025-09-03 17:34:05,372 - src.collect_pipeline - INFO - Making API request: /fixtures/statistics?fixture=6227
2025-09-03 17:34:05,513 - src.collect_pipeline - INFO - API response: 0 results
2025-09-03 17:34:05,514 - src.collect_pipeline - INFO - Making API request: /fixtures/statistics?fixture=6231
2025-09-03 17:34:05,659 - src.collect_pipeline - INFO - API response: 0 results
2025-09-03 17:34:05,660 - src.collect_pipeline - INFO - Making API request: /fixtures/statistics?fixture=6234
2025-09-03 17:34:05,792 - src.collect_pipeline - INFO - API response: 0 results
2025-09-03 17:34:05,793 - src.collect_pipeline - INFO - Making API request: /fixtures/statistics?fixture=6236
2025-09-03 17:34:05,928 - src.collect_pipeline - INFO - API response: 0 results
2025-09-03 17:34:05,930 - src.collect_pipeline - INFO - Making API request: /fixtures/statistics?fixture=6237
2025-09-03 17:34:06,078 - src.collect_pipeline - INFO - API response: 0 results
2025-09-03 17:34:06,078 - src.collect_pipeline - INFO - Making API request: /fixtures/statistics?fixture=6228
2025-09-03 17:34:06,213 - src.collect_pipeline - INFO - API response: 0 results
2025-09-03 17:34:06,214 - src.collect_pipeline - INFO - Making API request: /fixtures/statistics?fixture=6229
2025-09-03 17:34:06,351 - src.collect_pipeline - INFO - API response: 0 results
2025-09-03 17:34:06,352 - src.collect_pipeline - INFO - Making API request: /fixtures/statistics?fixture=6230
2025-09-03 17:34:06,482 - src.collect_pipeline - INFO - API response: 0 results
2025-09-03 17:34:06,483 - src.collect_pipeline - INFO - Making API request: /fixtures/statistics?fixture=6232
2025-09-03 17:34:06,624 - src.collect_pipeline - INFO - API response: 0 results
2025-09-03 17:34:06,624 - src.collect_pipeline - INFO - Making API request: /fixtures/statistics?fixture=6235
2025-09-03 17:34:06,764 - src.collect_pipeline - INFO - API response: 0 results
2025-09-03 17:34:06,765 - src.collect_pipeline - INFO - Making API request: /fixtures/statistics?fixture=6233
2025-09-03 17:34:06,903 - src.collect_pipeline - INFO - API response: 0 results
2025-09-03 17:34:06,907 - src.collect_pipeline - INFO - Progress saved to data/raw\data_collection_progress.json
2025-09-03 17:34:06,908 - src.collect_pipeline - INFO - Processing batch 4
2025-09-03 17:34:06,908 - src.collect_pipeline - INFO - Making API request: /fixtures/statistics?fixture=6239
2025-09-03 17:34:07,074 - src.collect_pipeline - INFO - API response: 0 results
2025-09-03 17:34:07,075 - src.collect_pipeline - INFO - Making API request: /fixtures/statistics?fixture=6242
2025-09-03 17:34:07,211 - src.collect_pipeline - INFO - API response: 0 results
2025-09-03 17:34:07,211 - src.collect_pipeline - INFO - Making API request: /fixtures/statistics?fixture=6243
2025-09-03 17:34:07,351 - src.collect_pipeline - INFO - API response: 0 results
2025-09-03 17:34:07,352 - src.collect_pipeline - INFO - Making API request: /fixtures/statistics?fixture=6245
2025-09-03 17:34:07,481 - src.collect_pipeline - INFO - API response: 0 results
2025-09-03 17:34:07,482 - src.collect_pipeline - INFO - Making API request: /fixtures/statistics?fixture=6238
2025-09-03 17:34:07,628 - src.collect_pipeline - INFO - API response: 0 results
2025-09-03 17:34:07,628 - src.collect_pipeline - INFO - Making API request: /fixtures/statistics?fixture=6240
2025-09-03 17:34:07,770 - src.collect_pipeline - INFO - API response: 0 results
2025-09-03 17:34:07,771 - src.collect_pipeline - INFO - Making API request: /fixtures/statistics?fixture=6241
2025-09-03 17:34:07,905 - src.collect_pipeline - INFO - API response: 0 results
2025-09-03 17:34:07,906 - src.collect_pipeline - INFO - Making API request: /fixtures/statistics?fixture=6244
2025-09-03 17:34:08,062 - src.collect_pipeline - INFO - API response: 0 results
2025-09-03 17:34:08,063 - src.collect_pipeline - INFO - Making API request: /fixtures/statistics?fixture=6246
2025-09-03 17:34:08,190 - src.collect_pipeline - INFO - API response: 0 results
2025-09-03 17:34:08,190 - src.collect_pipeline - INFO - Making API request: /fixtures/statistics?fixture=6247
2025-09-03 17:34:08,352 - src.collect_pipeline - INFO - API response: 0 results
2025-09-03 17:34:08,353 - src.collect_pipeline - INFO - Making API request: /fixtures/statistics?fixture=6250
2025-09-03 17:34:08,482 - src.collect_pipeline - INFO - API response: 0 results
2025-09-03 17:34:08,483 - src.collect_pipeline - INFO - Making API request: /fixtures/statistics?fixture=6254
2025-09-03 17:34:08,633 - src.collect_pipeline - INFO - API response: 0 results
2025-09-03 17:34:08,633 - src.collect_pipeline - INFO - Making API request: /fixtures/statistics?fixture=6256
2025-09-03 17:34:08,784 - src.collect_pipeline - INFO - API response: 0 results
2025-09-03 17:34:08,784 - src.collect_pipeline - INFO - Making API request: /fixtures/statistics?fixture=6257
2025-09-03 17:34:08,921 - src.collect_pipeline - INFO - API response: 0 results
2025-09-03 17:34:08,922 - src.collect_pipeline - INFO - Making API request: /fixtures/statistics?fixture=6248
2025-09-03 17:34:09,062 - src.collect_pipeline - INFO - API response: 0 results
2025-09-03 17:34:09,063 - src.collect_pipeline - INFO - Making API request: /fixtures/statistics?fixture=6249
2025-09-03 17:34:09,191 - src.collect_pipeline - INFO - API response: 0 results
2025-09-03 17:34:09,192 - src.collect_pipeline - INFO - Making API request: /fixtures/statistics?fixture=6251
2025-09-03 17:34:09,353 - src.collect_pipeline - INFO - API response: 0 results
2025-09-03 17:34:09,353 - src.collect_pipeline - INFO - Making API request: /fixtures/statistics?fixture=6255
2025-09-03 17:34:09,508 - src.collect_pipeline - INFO - API response: 0 results
2025-09-03 17:34:09,509 - src.collect_pipeline - INFO - Making API request: /fixtures/statistics?fixture=6253
2025-09-03 17:34:09,649 - src.collect_pipeline - INFO - API response: 0 results
2025-09-03 17:34:09,650 - src.collect_pipeline - INFO - Making API request: /fixtures/statistics?fixture=6252
2025-09-03 17:34:09,799 - src.collect_pipeline - INFO - API response: 0 results
2025-09-03 17:34:09,800 - src.collect_pipeline - INFO - Making API request: /fixtures/statistics?fixture=6262
2025-09-03 17:34:09,930 - src.collect_pipeline - INFO - API response: 0 results
2025-09-03 17:34:09,931 - src.collect_pipeline - INFO - Making API request: /fixtures/statistics?fixture=6264
2025-09-03 17:34:10,062 - src.collect_pipeline - INFO - API response: 0 results
2025-09-03 17:34:10,063 - src.collect_pipeline - INFO - Making API request: /fixtures/statistics?fixture=6265
2025-09-03 17:34:10,190 - src.collect_pipeline - INFO - API response: 0 results
2025-09-03 17:34:10,191 - src.collect_pipeline - INFO - Making API request: /fixtures/statistics?fixture=6258
2025-09-03 17:34:10,324 - src.collect_pipeline - INFO - API response: 0 results
2025-09-03 17:34:10,325 - src.collect_pipeline - INFO - Making API request: /fixtures/statistics?fixture=6259
2025-09-03 17:34:10,463 - src.collect_pipeline - INFO - API response: 0 results
2025-09-03 17:34:10,463 - src.collect_pipeline - INFO - Making API request: /fixtures/statistics?fixture=6260
2025-09-03 17:34:10,590 - src.collect_pipeline - INFO - API response: 0 results
2025-09-03 17:34:10,590 - src.collect_pipeline - INFO - Making API request: /fixtures/statistics?fixture=6261
2025-09-03 17:34:10,725 - src.collect_pipeline - INFO - API response: 0 results
2025-09-03 17:34:10,726 - src.collect_pipeline - INFO - Making API request: /fixtures/statistics?fixture=6266
2025-09-03 17:34:10,866 - src.collect_pipeline - INFO - API response: 0 results
2025-09-03 17:34:10,867 - src.collect_pipeline - INFO - Making API request: /fixtures/statistics?fixture=6267
2025-09-03 17:34:11,011 - src.collect_pipeline - INFO - API response: 0 results
2025-09-03 17:34:11,013 - src.collect_pipeline - INFO - Making API request: /fixtures/statistics?fixture=6263
2025-09-03 17:34:11,159 - src.collect_pipeline - INFO - API response: 0 results
2025-09-03 17:34:11,160 - src.collect_pipeline - INFO - Making API request: /fixtures/statistics?fixture=6269
2025-09-03 17:34:11,297 - src.collect_pipeline - INFO - API response: 0 results
2025-09-03 17:34:11,298 - src.collect_pipeline - INFO - Making API request: /fixtures/statistics?fixture=6273
2025-09-03 17:34:11,443 - src.collect_pipeline - INFO - API response: 0 results
2025-09-03 17:34:11,444 - src.collect_pipeline - INFO - Making API request: /fixtures/statistics?fixture=6275
2025-09-03 17:34:11,587 - src.collect_pipeline - INFO - API response: 0 results
2025-09-03 17:34:11,588 - src.collect_pipeline - INFO - Making API request: /fixtures/statistics?fixture=6276
2025-09-03 17:34:11,727 - src.collect_pipeline - INFO - API response: 0 results
2025-09-03 17:34:11,728 - src.collect_pipeline - INFO - Making API request: /fixtures/statistics?fixture=6277
2025-09-03 17:34:11,880 - src.collect_pipeline - INFO - API response: 0 results
2025-09-03 17:34:11,881 - src.collect_pipeline - INFO - Making API request: /fixtures/statistics?fixture=6272
2025-09-03 17:34:12,023 - src.collect_pipeline - INFO - API response: 0 results
2025-09-03 17:34:12,024 - src.collect_pipeline - INFO - Making API request: /fixtures/statistics?fixture=6270
2025-09-03 17:34:12,161 - src.collect_pipeline - INFO - API response: 0 results
2025-09-03 17:34:12,163 - src.collect_pipeline - INFO - Making API request: /fixtures/statistics?fixture=6271
2025-09-03 17:34:12,320 - src.collect_pipeline - INFO - API response: 0 results
2025-09-03 17:34:12,321 - src.collect_pipeline - INFO - Making API request: /fixtures/statistics?fixture=6268
2025-09-03 17:34:12,459 - src.collect_pipeline - INFO - API response: 0 results
2025-09-03 17:34:12,461 - src.collect_pipeline - INFO - Making API request: /fixtures/statistics?fixture=6274
2025-09-03 17:34:12,604 - src.collect_pipeline - INFO - API response: 0 results
2025-09-03 17:34:12,605 - src.collect_pipeline - INFO - Making API request: /fixtures/statistics?fixture=6280
2025-09-03 17:34:12,746 - src.collect_pipeline - INFO - API response: 0 results
2025-09-03 17:34:12,747 - src.collect_pipeline - INFO - Making API request: /fixtures/statistics?fixture=6285
2025-09-03 17:34:12,885 - src.collect_pipeline - INFO - API response: 0 results
2025-09-03 17:34:12,885 - src.collect_pipeline - INFO - Making API request: /fixtures/statistics?fixture=6286
2025-09-03 17:34:13,024 - src.collect_pipeline - INFO - API response: 0 results
2025-09-03 17:34:13,025 - src.collect_pipeline - INFO - Making API request: /fixtures/statistics?fixture=6278
2025-09-03 17:34:13,161 - src.collect_pipeline - INFO - API response: 0 results
2025-09-03 17:34:13,161 - src.collect_pipeline - INFO - Making API request: /fixtures/statistics?fixture=6279
2025-09-03 17:34:13,294 - src.collect_pipeline - INFO - API response: 0 results
2025-09-03 17:34:13,295 - src.collect_pipeline - INFO - Making API request: /fixtures/statistics?fixture=6281
2025-09-03 17:34:13,424 - src.collect_pipeline - INFO - API response: 0 results
2025-09-03 17:34:13,425 - src.collect_pipeline - INFO - Making API request: /fixtures/statistics?fixture=6282
2025-09-03 17:34:13,570 - src.collect_pipeline - INFO - API response: 0 results
2025-09-03 17:34:13,571 - src.collect_pipeline - INFO - Making API request: /fixtures/statistics?fixture=6283
2025-09-03 17:34:13,705 - src.collect_pipeline - INFO - API response: 0 results
2025-09-03 17:34:13,706 - src.collect_pipeline - INFO - Making API request: /fixtures/statistics?fixture=6287
2025-09-03 17:34:13,840 - src.collect_pipeline - INFO - API response: 0 results
2025-09-03 17:34:13,841 - src.collect_pipeline - INFO - Making API request: /fixtures/statistics?fixture=6284
2025-09-03 17:34:13,994 - src.collect_pipeline - INFO - API response: 0 results
2025-09-03 17:34:13,999 - src.collect_pipeline - INFO - Progress saved to data/raw\data_collection_progress.json
2025-09-03 17:34:13,999 - src.collect_pipeline - INFO - Processing batch 5
2025-09-03 17:34:13,999 - src.collect_pipeline - INFO - Making API request: /fixtures/statistics?fixture=6289
2025-09-03 17:34:14,156 - src.collect_pipeline - INFO - API response: 0 results
2025-09-03 17:34:14,157 - src.collect_pipeline - INFO - Making API request: /fixtures/statistics?fixture=6292
2025-09-03 17:34:14,298 - src.collect_pipeline - INFO - API response: 0 results
2025-09-03 17:34:14,299 - src.collect_pipeline - INFO - Making API request: /fixtures/statistics?fixture=6294
2025-09-03 17:34:14,443 - src.collect_pipeline - INFO - API response: 0 results
2025-09-03 17:34:14,444 - src.collect_pipeline - INFO - Making API request: /fixtures/statistics?fixture=6295
2025-09-03 17:34:14,576 - src.collect_pipeline - INFO - API response: 0 results
2025-09-03 17:34:14,578 - src.collect_pipeline - INFO - Making API request: /fixtures/statistics?fixture=6296
2025-09-03 17:34:14,735 - src.collect_pipeline - INFO - API response: 0 results
2025-09-03 17:34:14,736 - src.collect_pipeline - INFO - Making API request: /fixtures/statistics?fixture=6291
2025-09-03 17:34:14,871 - src.collect_pipeline - INFO - API response: 0 results
2025-09-03 17:34:14,873 - src.collect_pipeline - INFO - Making API request: /fixtures/statistics?fixture=6288
2025-09-03 17:34:15,013 - src.collect_pipeline - INFO - API response: 0 results
2025-09-03 17:34:15,014 - src.collect_pipeline - INFO - Making API request: /fixtures/statistics?fixture=6290
2025-09-03 17:34:15,154 - src.collect_pipeline - INFO - API response: 0 results
2025-09-03 17:34:15,155 - src.collect_pipeline - INFO - Making API request: /fixtures/statistics?fixture=6293
2025-09-03 17:34:15,288 - src.collect_pipeline - INFO - API response: 0 results
2025-09-03 17:34:15,289 - src.collect_pipeline - INFO - Making API request: /fixtures/statistics?fixture=6297
2025-09-03 17:34:15,431 - src.collect_pipeline - INFO - API response: 0 results
2025-09-03 17:34:15,431 - src.collect_pipeline - INFO - Making API request: /fixtures/statistics?fixture=6304
2025-09-03 17:34:15,560 - src.collect_pipeline - INFO - API response: 0 results
2025-09-03 17:34:15,561 - src.collect_pipeline - INFO - Making API request: /fixtures/statistics?fixture=6305
2025-09-03 17:34:15,694 - src.collect_pipeline - INFO - API response: 0 results
2025-09-03 17:34:15,695 - src.collect_pipeline - INFO - Making API request: /fixtures/statistics?fixture=6301
2025-09-03 17:34:15,832 - src.collect_pipeline - INFO - API response: 0 results
2025-09-03 17:34:15,833 - src.collect_pipeline - INFO - Making API request: /fixtures/statistics?fixture=6302
2025-09-03 17:34:15,966 - src.collect_pipeline - INFO - API response: 0 results
2025-09-03 17:34:15,967 - src.collect_pipeline - INFO - Making API request: /fixtures/statistics?fixture=6306
2025-09-03 17:34:16,103 - src.collect_pipeline - INFO - API response: 0 results
2025-09-03 17:34:16,104 - src.collect_pipeline - INFO - Making API request: /fixtures/statistics?fixture=6298
2025-09-03 17:34:16,237 - src.collect_pipeline - INFO - API response: 0 results
2025-09-03 17:34:16,238 - src.collect_pipeline - INFO - Making API request: /fixtures/statistics?fixture=6300
2025-09-03 17:34:16,374 - src.collect_pipeline - INFO - API response: 0 results
2025-09-03 17:34:16,375 - src.collect_pipeline - INFO - Making API request: /fixtures/statistics?fixture=6299
2025-09-03 17:34:16,518 - src.collect_pipeline - INFO - API response: 0 results
2025-09-03 17:34:16,519 - src.collect_pipeline - INFO - Making API request: /fixtures/statistics?fixture=6307
2025-09-03 17:34:16,654 - src.collect_pipeline - INFO - API response: 0 results
2025-09-03 17:34:16,655 - src.collect_pipeline - INFO - Making API request: /fixtures/statistics?fixture=6303
2025-09-03 17:34:16,788 - src.collect_pipeline - INFO - API response: 0 results
2025-09-03 17:34:16,789 - src.collect_pipeline - INFO - Making API request: /fixtures/statistics?fixture=6308
2025-09-03 17:34:16,935 - src.collect_pipeline - INFO - API response: 0 results
2025-09-03 17:34:16,936 - src.collect_pipeline - INFO - Making API request: /fixtures/statistics?fixture=6309
2025-09-03 17:34:17,083 - src.collect_pipeline - INFO - API response: 0 results
2025-09-03 17:34:17,083 - src.collect_pipeline - INFO - Making API request: /fixtures/statistics?fixture=6310
2025-09-03 17:34:17,233 - src.collect_pipeline - INFO - API response: 0 results
2025-09-03 17:34:17,234 - src.collect_pipeline - INFO - Making API request: /fixtures/statistics?fixture=6311
2025-09-03 17:34:17,368 - src.collect_pipeline - INFO - API response: 0 results
2025-09-03 17:34:17,369 - src.collect_pipeline - INFO - Making API request: /fixtures/statistics?fixture=6312
2025-09-03 17:34:17,497 - src.collect_pipeline - INFO - API response: 0 results
2025-09-03 17:34:17,498 - src.collect_pipeline - INFO - Making API request: /fixtures/statistics?fixture=6313
2025-09-03 17:34:17,641 - src.collect_pipeline - INFO - API response: 0 results
2025-09-03 17:34:17,642 - src.collect_pipeline - INFO - Making API request: /fixtures/statistics?fixture=6314
2025-09-03 17:34:17,775 - src.collect_pipeline - INFO - API response: 0 results
2025-09-03 17:34:17,776 - src.collect_pipeline - INFO - Making API request: /fixtures/statistics?fixture=6315
2025-09-03 17:34:17,926 - src.collect_pipeline - INFO - API response: 0 results
2025-09-03 17:34:17,927 - src.collect_pipeline - INFO - Making API request: /fixtures/statistics?fixture=6317
2025-09-03 17:34:18,069 - src.collect_pipeline - INFO - API response: 0 results
2025-09-03 17:34:18,070 - src.collect_pipeline - INFO - Making API request: /fixtures/statistics?fixture=6316
2025-09-03 17:34:18,200 - src.collect_pipeline - INFO - API response: 0 results
2025-09-03 17:34:18,201 - src.collect_pipeline - INFO - Making API request: /fixtures/statistics?fixture=6318
2025-09-03 17:34:18,330 - src.collect_pipeline - INFO - API response: 0 results
2025-09-03 17:34:18,330 - src.collect_pipeline - INFO - Making API request: /fixtures/statistics?fixture=6319
2025-09-03 17:34:18,470 - src.collect_pipeline - INFO - API response: 0 results
2025-09-03 17:34:18,471 - src.collect_pipeline - INFO - Making API request: /fixtures/statistics?fixture=6320
2025-09-03 17:34:18,601 - src.collect_pipeline - INFO - API response: 0 results
2025-09-03 17:34:18,602 - src.collect_pipeline - INFO - Making API request: /fixtures/statistics?fixture=6321
2025-09-03 17:34:18,726 - src.collect_pipeline - INFO - API response: 0 results
2025-09-03 17:34:18,728 - src.collect_pipeline - INFO - Making API request: /fixtures/statistics?fixture=6322
2025-09-03 17:34:18,868 - src.collect_pipeline - INFO - API response: 0 results
2025-09-03 17:34:18,869 - src.collect_pipeline - INFO - Making API request: /fixtures/statistics?fixture=6323
2025-09-03 17:34:19,015 - src.collect_pipeline - INFO - API response: 0 results
2025-09-03 17:34:19,016 - src.collect_pipeline - INFO - Making API request: /fixtures/statistics?fixture=6325
2025-09-03 17:34:19,165 - src.collect_pipeline - INFO - API response: 0 results
2025-09-03 17:34:19,166 - src.collect_pipeline - INFO - Making API request: /fixtures/statistics?fixture=6326
2025-09-03 17:34:19,307 - src.collect_pipeline - INFO - API response: 0 results
2025-09-03 17:34:19,308 - src.collect_pipeline - INFO - Making API request: /fixtures/statistics?fixture=6327
2025-09-03 17:34:19,462 - src.collect_pipeline - INFO - API response: 0 results
2025-09-03 17:34:19,463 - src.collect_pipeline - INFO - Making API request: /fixtures/statistics?fixture=6324
2025-09-03 17:34:19,597 - src.collect_pipeline - INFO - API response: 0 results
2025-09-03 17:34:19,598 - src.collect_pipeline - INFO - Making API request: /fixtures/statistics?fixture=6328
2025-09-03 17:34:19,737 - src.collect_pipeline - INFO - API response: 0 results
2025-09-03 17:34:19,738 - src.collect_pipeline - INFO - Making API request: /fixtures/statistics?fixture=6331
2025-09-03 17:34:19,878 - src.collect_pipeline - INFO - API response: 0 results
2025-09-03 17:34:19,879 - src.collect_pipeline - INFO - Making API request: /fixtures/statistics?fixture=6333
2025-09-03 17:34:20,020 - src.collect_pipeline - INFO - API response: 0 results
2025-09-03 17:34:20,021 - src.collect_pipeline - INFO - Making API request: /fixtures/statistics?fixture=6334
2025-09-03 17:34:20,157 - src.collect_pipeline - INFO - API response: 0 results
2025-09-03 17:34:20,158 - src.collect_pipeline - INFO - Making API request: /fixtures/statistics?fixture=6335
2025-09-03 17:34:20,299 - src.collect_pipeline - INFO - API response: 0 results
2025-09-03 17:34:20,299 - src.collect_pipeline - INFO - Making API request: /fixtures/statistics?fixture=6336
2025-09-03 17:34:20,455 - src.collect_pipeline - INFO - API response: 0 results
2025-09-03 17:34:20,456 - src.collect_pipeline - INFO - Making API request: /fixtures/statistics?fixture=6332
2025-09-03 17:34:20,590 - src.collect_pipeline - INFO - API response: 0 results
2025-09-03 17:34:20,591 - src.collect_pipeline - INFO - Making API request: /fixtures/statistics?fixture=6329
2025-09-03 17:34:20,719 - src.collect_pipeline - INFO - API response: 0 results
2025-09-03 17:34:20,720 - src.collect_pipeline - INFO - Making API request: /fixtures/statistics?fixture=6330
2025-09-03 17:34:20,859 - src.collect_pipeline - INFO - API response: 0 results
2025-09-03 17:34:20,860 - src.collect_pipeline - INFO - Making API request: /fixtures/statistics?fixture=6337
2025-09-03 17:34:20,992 - src.collect_pipeline - INFO - API response: 0 results
2025-09-03 17:34:20,997 - src.collect_pipeline - INFO - Progress saved to data/raw\data_collection_progress.json
2025-09-03 17:34:20,997 - src.collect_pipeline - INFO - Processing batch 6
2025-09-03 17:34:20,998 - src.collect_pipeline - INFO - Making API request: /fixtures/statistics?fixture=6341
2025-09-03 17:34:21,131 - src.collect_pipeline - INFO - API response: 0 results
2025-09-03 17:34:21,132 - src.collect_pipeline - INFO - Making API request: /fixtures/statistics?fixture=6342
2025-09-03 17:34:21,270 - src.collect_pipeline - INFO - API response: 0 results
2025-09-03 17:34:21,271 - src.collect_pipeline - INFO - Making API request: /fixtures/statistics?fixture=6344
2025-09-03 17:34:21,410 - src.collect_pipeline - INFO - API response: 0 results
2025-09-03 17:34:21,412 - src.collect_pipeline - INFO - Making API request: /fixtures/statistics?fixture=6345
2025-09-03 17:34:21,547 - src.collect_pipeline - INFO - API response: 0 results
2025-09-03 17:34:21,548 - src.collect_pipeline - INFO - Making API request: /fixtures/statistics?fixture=6338
2025-09-03 17:34:21,695 - src.collect_pipeline - INFO - API response: 0 results
2025-09-03 17:34:21,696 - src.collect_pipeline - INFO - Making API request: /fixtures/statistics?fixture=6339
2025-09-03 17:34:21,833 - src.collect_pipeline - INFO - API response: 0 results
2025-09-03 17:34:21,833 - src.collect_pipeline - INFO - Making API request: /fixtures/statistics?fixture=6340
2025-09-03 17:34:21,983 - src.collect_pipeline - INFO - API response: 0 results
2025-09-03 17:34:21,983 - src.collect_pipeline - INFO - Making API request: /fixtures/statistics?fixture=6343
2025-09-03 17:34:22,126 - src.collect_pipeline - INFO - API response: 0 results
2025-09-03 17:34:22,127 - src.collect_pipeline - INFO - Making API request: /fixtures/statistics?fixture=6346
2025-09-03 17:34:22,267 - src.collect_pipeline - INFO - API response: 0 results
2025-09-03 17:34:22,268 - src.collect_pipeline - INFO - Making API request: /fixtures/statistics?fixture=6347
2025-09-03 17:34:22,406 - src.collect_pipeline - INFO - API response: 0 results
2025-09-03 17:34:22,407 - src.collect_pipeline - INFO - Making API request: /fixtures/statistics?fixture=6350
2025-09-03 17:34:22,550 - src.collect_pipeline - INFO - API response: 0 results
2025-09-03 17:34:22,551 - src.collect_pipeline - INFO - Making API request: /fixtures/statistics?fixture=6351
2025-09-03 17:34:22,691 - src.collect_pipeline - INFO - API response: 0 results
2025-09-03 17:34:22,691 - src.collect_pipeline - INFO - Making API request: /fixtures/statistics?fixture=6354
2025-09-03 17:34:22,845 - src.collect_pipeline - INFO - API response: 0 results
2025-09-03 17:34:22,846 - src.collect_pipeline - INFO - Making API request: /fixtures/statistics?fixture=6348
2025-09-03 17:34:22,972 - src.collect_pipeline - INFO - API response: 0 results
2025-09-03 17:34:22,973 - src.collect_pipeline - INFO - Making API request: /fixtures/statistics?fixture=6349
2025-09-03 17:34:23,110 - src.collect_pipeline - INFO - API response: 0 results
2025-09-03 17:34:23,111 - src.collect_pipeline - INFO - Making API request: /fixtures/statistics?fixture=6352
2025-09-03 17:34:23,267 - src.collect_pipeline - INFO - API response: 0 results
2025-09-03 17:34:23,267 - src.collect_pipeline - INFO - Making API request: /fixtures/statistics?fixture=6353
2025-09-03 17:34:23,414 - src.collect_pipeline - INFO - API response: 0 results
2025-09-03 17:34:23,416 - src.collect_pipeline - INFO - Making API request: /fixtures/statistics?fixture=6355
2025-09-03 17:34:23,543 - src.collect_pipeline - INFO - API response: 0 results
2025-09-03 17:34:23,544 - src.collect_pipeline - INFO - Making API request: /fixtures/statistics?fixture=6357
2025-09-03 17:34:23,683 - src.collect_pipeline - INFO - API response: 0 results
2025-09-03 17:34:23,684 - src.collect_pipeline - INFO - Making API request: /fixtures/statistics?fixture=6356
2025-09-03 17:34:23,819 - src.collect_pipeline - INFO - API response: 0 results
2025-09-03 17:34:23,820 - src.collect_pipeline - INFO - Making API request: /fixtures/statistics?fixture=6361
2025-09-03 17:34:23,959 - src.collect_pipeline - INFO - API response: 0 results
2025-09-03 17:34:23,960 - src.collect_pipeline - INFO - Making API request: /fixtures/statistics?fixture=6362
2025-09-03 17:34:24,108 - src.collect_pipeline - INFO - API response: 0 results
2025-09-03 17:34:24,108 - src.collect_pipeline - INFO - Making API request: /fixtures/statistics?fixture=6363
2025-09-03 17:34:24,238 - src.collect_pipeline - INFO - API response: 0 results
2025-09-03 17:34:24,239 - src.collect_pipeline - INFO - Making API request: /fixtures/statistics?fixture=6365
2025-09-03 17:34:24,373 - src.collect_pipeline - INFO - API response: 0 results
2025-09-03 17:34:24,374 - src.collect_pipeline - INFO - Making API request: /fixtures/statistics?fixture=6366
2025-09-03 17:34:24,504 - src.collect_pipeline - INFO - API response: 0 results
2025-09-03 17:34:24,505 - src.collect_pipeline - INFO - Making API request: /fixtures/statistics?fixture=6358
2025-09-03 17:34:24,640 - src.collect_pipeline - INFO - API response: 0 results
2025-09-03 17:34:24,641 - src.collect_pipeline - INFO - Making API request: /fixtures/statistics?fixture=6359
2025-09-03 17:34:24,795 - src.collect_pipeline - INFO - API response: 0 results
2025-09-03 17:34:24,796 - src.collect_pipeline - INFO - Making API request: /fixtures/statistics?fixture=6360
2025-09-03 17:34:24,936 - src.collect_pipeline - INFO - API response: 0 results
2025-09-03 17:34:24,937 - src.collect_pipeline - INFO - Making API request: /fixtures/statistics?fixture=6364
2025-09-03 17:34:25,074 - src.collect_pipeline - INFO - API response: 0 results
2025-09-03 17:34:25,075 - src.collect_pipeline - INFO - Making API request: /fixtures/statistics?fixture=6367
2025-09-03 17:34:25,218 - src.collect_pipeline - INFO - API response: 0 results
2025-09-03 17:34:25,218 - src.collect_pipeline - INFO - Making API request: /fixtures/statistics?fixture=6370
2025-09-03 17:34:25,355 - src.collect_pipeline - INFO - API response: 0 results
2025-09-03 17:34:25,355 - src.collect_pipeline - INFO - Making API request: /fixtures/statistics?fixture=6374
2025-09-03 17:34:25,492 - src.collect_pipeline - INFO - API response: 0 results
2025-09-03 17:34:25,493 - src.collect_pipeline - INFO - Making API request: /fixtures/statistics?fixture=6375
2025-09-03 17:34:25,631 - src.collect_pipeline - INFO - API response: 0 results
2025-09-03 17:34:25,632 - src.collect_pipeline - INFO - Making API request: /fixtures/statistics?fixture=6377
2025-09-03 17:34:25,776 - src.collect_pipeline - INFO - API response: 0 results
2025-09-03 17:34:25,777 - src.collect_pipeline - INFO - Making API request: /fixtures/statistics?fixture=6368
2025-09-03 17:34:25,909 - src.collect_pipeline - INFO - API response: 0 results
2025-09-03 17:34:25,910 - src.collect_pipeline - INFO - Making API request: /fixtures/statistics?fixture=6369
2025-09-03 17:34:26,049 - src.collect_pipeline - INFO - API response: 0 results
2025-09-03 17:34:26,050 - src.collect_pipeline - INFO - Making API request: /fixtures/statistics?fixture=6371
2025-09-03 17:34:26,184 - src.collect_pipeline - INFO - API response: 0 results
2025-09-03 17:34:26,184 - src.collect_pipeline - INFO - Making API request: /fixtures/statistics?fixture=6372
2025-09-03 17:34:26,317 - src.collect_pipeline - INFO - API response: 0 results
2025-09-03 17:34:26,317 - src.collect_pipeline - INFO - Making API request: /fixtures/statistics?fixture=6376
2025-09-03 17:34:26,450 - src.collect_pipeline - INFO - API response: 0 results
2025-09-03 17:34:26,451 - src.collect_pipeline - INFO - Making API request: /fixtures/statistics?fixture=6373
2025-09-03 17:34:26,586 - src.collect_pipeline - INFO - API response: 0 results
2025-09-03 17:34:26,587 - src.collect_pipeline - INFO - Making API request: /fixtures/statistics?fixture=6381
2025-09-03 17:34:26,718 - src.collect_pipeline - INFO - API response: 0 results
2025-09-03 17:34:26,719 - src.collect_pipeline - INFO - Making API request: /fixtures/statistics?fixture=6382
2025-09-03 17:34:26,853 - src.collect_pipeline - INFO - API response: 0 results
2025-09-03 17:34:26,854 - src.collect_pipeline - INFO - Making API request: /fixtures/statistics?fixture=6379
2025-09-03 17:34:26,986 - src.collect_pipeline - INFO - API response: 0 results
2025-09-03 17:34:26,987 - src.collect_pipeline - INFO - Making API request: /fixtures/statistics?fixture=6380
2025-09-03 17:34:27,138 - src.collect_pipeline - INFO - API response: 0 results
2025-09-03 17:34:27,139 - src.collect_pipeline - INFO - Making API request: /fixtures/statistics?fixture=6383
2025-09-03 17:34:27,276 - src.collect_pipeline - INFO - API response: 0 results
2025-09-03 17:34:27,277 - src.collect_pipeline - INFO - Making API request: /fixtures/statistics?fixture=6384
2025-09-03 17:34:27,414 - src.collect_pipeline - INFO - API response: 0 results
2025-09-03 17:34:27,414 - src.collect_pipeline - INFO - Making API request: /fixtures/statistics?fixture=6385
2025-09-03 17:34:27,552 - src.collect_pipeline - INFO - API response: 0 results
2025-09-03 17:34:27,552 - src.collect_pipeline - INFO - Making API request: /fixtures/statistics?fixture=6387
2025-09-03 17:34:27,679 - src.collect_pipeline - INFO - API response: 0 results
2025-09-03 17:34:27,680 - src.collect_pipeline - INFO - Making API request: /fixtures/statistics?fixture=6378
2025-09-03 17:34:27,833 - src.collect_pipeline - INFO - API response: 0 results
2025-09-03 17:34:27,834 - src.collect_pipeline - INFO - Making API request: /fixtures/statistics?fixture=6386
2025-09-03 17:34:27,970 - src.collect_pipeline - INFO - API response: 0 results
2025-09-03 17:34:27,974 - src.collect_pipeline - INFO - Progress saved to data/raw\data_collection_progress.json
2025-09-03 17:34:27,974 - src.collect_pipeline - INFO - Processing batch 7
2025-09-03 17:34:27,975 - src.collect_pipeline - INFO - Making API request: /fixtures/statistics?fixture=6389
2025-09-03 17:34:28,116 - src.collect_pipeline - INFO - API response: 0 results
2025-09-03 17:34:28,117 - src.collect_pipeline - INFO - Making API request: /fixtures/statistics?fixture=6392
2025-09-03 17:34:28,261 - src.collect_pipeline - INFO - API response: 0 results
2025-09-03 17:34:28,261 - src.collect_pipeline - INFO - Making API request: /fixtures/statistics?fixture=6394
2025-09-03 17:34:28,388 - src.collect_pipeline - INFO - API response: 0 results
2025-09-03 17:34:28,389 - src.collect_pipeline - INFO - Making API request: /fixtures/statistics?fixture=6395
2025-09-03 17:34:28,525 - src.collect_pipeline - INFO - API response: 0 results
2025-09-03 17:34:28,526 - src.collect_pipeline - INFO - Making API request: /fixtures/statistics?fixture=6397
2025-09-03 17:34:28,660 - src.collect_pipeline - INFO - API response: 0 results
2025-09-03 17:34:28,661 - src.collect_pipeline - INFO - Making API request: /fixtures/statistics?fixture=6388
2025-09-03 17:34:28,793 - src.collect_pipeline - INFO - API response: 0 results
2025-09-03 17:34:28,794 - src.collect_pipeline - INFO - Making API request: /fixtures/statistics?fixture=6390
2025-09-03 17:34:28,948 - src.collect_pipeline - INFO - API response: 0 results
2025-09-03 17:34:28,949 - src.collect_pipeline - INFO - Making API request: /fixtures/statistics?fixture=6391
2025-09-03 17:34:29,092 - src.collect_pipeline - INFO - API response: 0 results
2025-09-03 17:34:29,094 - src.collect_pipeline - INFO - Making API request: /fixtures/statistics?fixture=6396
2025-09-03 17:34:29,231 - src.collect_pipeline - INFO - API response: 0 results
2025-09-03 17:34:29,231 - src.collect_pipeline - INFO - Making API request: /fixtures/statistics?fixture=6393
2025-09-03 17:34:29,369 - src.collect_pipeline - INFO - API response: 0 results
2025-09-03 17:34:29,370 - src.collect_pipeline - INFO - Making API request: /fixtures/statistics?fixture=6401
2025-09-03 17:34:29,505 - src.collect_pipeline - INFO - API response: 0 results
2025-09-03 17:34:29,505 - src.collect_pipeline - INFO - Making API request: /fixtures/statistics?fixture=6404
2025-09-03 17:34:29,638 - src.collect_pipeline - INFO - API response: 0 results
2025-09-03 17:34:29,638 - src.collect_pipeline - INFO - Making API request: /fixtures/statistics?fixture=6406
2025-09-03 17:34:29,765 - src.collect_pipeline - INFO - API response: 0 results
2025-09-03 17:34:29,766 - src.collect_pipeline - INFO - Making API request: /fixtures/statistics?fixture=6407
2025-09-03 17:34:29,914 - src.collect_pipeline - INFO - API response: 0 results
2025-09-03 17:34:29,915 - src.collect_pipeline - INFO - Making API request: /fixtures/statistics?fixture=6403
2025-09-03 17:34:30,052 - src.collect_pipeline - INFO - API response: 0 results
2025-09-03 17:34:30,053 - src.collect_pipeline - INFO - Making API request: /fixtures/statistics?fixture=6398
2025-09-03 17:34:30,182 - src.collect_pipeline - INFO - API response: 0 results
2025-09-03 17:34:30,183 - src.collect_pipeline - INFO - Making API request: /fixtures/statistics?fixture=6399
2025-09-03 17:34:30,318 - src.collect_pipeline - INFO - API response: 0 results
2025-09-03 17:34:30,319 - src.collect_pipeline - INFO - Making API request: /fixtures/statistics?fixture=6400
2025-09-03 17:34:30,455 - src.collect_pipeline - INFO - API response: 0 results
2025-09-03 17:34:30,456 - src.collect_pipeline - INFO - Making API request: /fixtures/statistics?fixture=6402
2025-09-03 17:34:30,588 - src.collect_pipeline - INFO - API response: 0 results
2025-09-03 17:34:30,588 - src.collect_pipeline - INFO - Making API request: /fixtures/statistics?fixture=6405
2025-09-03 17:34:30,724 - src.collect_pipeline - INFO - API response: 0 results
2025-09-03 17:34:30,725 - src.collect_pipeline - INFO - Making API request: /fixtures/statistics?fixture=6410
2025-09-03 17:34:30,857 - src.collect_pipeline - INFO - API response: 0 results
2025-09-03 17:34:30,858 - src.collect_pipeline - INFO - Making API request: /fixtures/statistics?fixture=6413
2025-09-03 17:34:31,001 - src.collect_pipeline - INFO - API response: 0 results
2025-09-03 17:34:31,002 - src.collect_pipeline - INFO - Making API request: /fixtures/statistics?fixture=6414
2025-09-03 17:34:31,155 - src.collect_pipeline - INFO - API response: 0 results
2025-09-03 17:34:31,156 - src.collect_pipeline - INFO - Making API request: /fixtures/statistics?fixture=6416
2025-09-03 17:34:31,307 - src.collect_pipeline - INFO - API response: 0 results
2025-09-03 17:34:31,308 - src.collect_pipeline - INFO - Making API request: /fixtures/statistics?fixture=6408
2025-09-03 17:34:31,453 - src.collect_pipeline - INFO - API response: 0 results
2025-09-03 17:34:31,454 - src.collect_pipeline - INFO - Making API request: /fixtures/statistics?fixture=6409
2025-09-03 17:34:31,601 - src.collect_pipeline - INFO - API response: 0 results
2025-09-03 17:34:31,602 - src.collect_pipeline - INFO - Making API request: /fixtures/statistics?fixture=6411
2025-09-03 17:34:31,740 - src.collect_pipeline - INFO - API response: 0 results
2025-09-03 17:34:31,741 - src.collect_pipeline - INFO - Making API request: /fixtures/statistics?fixture=6415
2025-09-03 17:34:31,873 - src.collect_pipeline - INFO - API response: 0 results
2025-09-03 17:34:31,874 - src.collect_pipeline - INFO - Making API request: /fixtures/statistics?fixture=6412
2025-09-03 17:34:32,010 - src.collect_pipeline - INFO - API response: 0 results
2025-09-03 17:34:32,011 - src.collect_pipeline - INFO - Making API request: /fixtures/statistics?fixture=6417
2025-09-03 17:34:32,151 - src.collect_pipeline - INFO - API response: 0 results
2025-09-03 17:34:32,152 - src.collect_pipeline - INFO - Making API request: /fixtures/statistics?fixture=6420
2025-09-03 17:34:32,290 - src.collect_pipeline - INFO - API response: 0 results
2025-09-03 17:34:32,291 - src.collect_pipeline - INFO - Making API request: /fixtures/statistics?fixture=6423
2025-09-03 17:34:32,432 - src.collect_pipeline - INFO - API response: 0 results
2025-09-03 17:34:32,434 - src.collect_pipeline - INFO - Making API request: /fixtures/statistics?fixture=6424
2025-09-03 17:34:32,580 - src.collect_pipeline - INFO - API response: 0 results
2025-09-03 17:34:32,581 - src.collect_pipeline - INFO - Making API request: /fixtures/statistics?fixture=6425
2025-09-03 17:34:32,731 - src.collect_pipeline - INFO - API response: 0 results
2025-09-03 17:34:32,732 - src.collect_pipeline - INFO - Making API request: /fixtures/statistics?fixture=6422
2025-09-03 17:34:32,870 - src.collect_pipeline - INFO - API response: 0 results
2025-09-03 17:34:32,870 - src.collect_pipeline - INFO - Making API request: /fixtures/statistics?fixture=6418
2025-09-03 17:34:33,000 - src.collect_pipeline - INFO - API response: 0 results
2025-09-03 17:34:33,001 - src.collect_pipeline - INFO - Making API request: /fixtures/statistics?fixture=6419
2025-09-03 17:34:33,137 - src.collect_pipeline - INFO - API response: 0 results
2025-09-03 17:34:33,138 - src.collect_pipeline - INFO - Making API request: /fixtures/statistics?fixture=6421
2025-09-03 17:34:33,287 - src.collect_pipeline - INFO - API response: 0 results
2025-09-03 17:34:33,288 - src.collect_pipeline - INFO - Making API request: /fixtures/statistics?fixture=6426
2025-09-03 17:34:33,420 - src.collect_pipeline - INFO - API response: 0 results
2025-09-03 17:34:33,421 - src.collect_pipeline - INFO - Making API request: /fixtures/statistics?fixture=6427
2025-09-03 17:34:33,575 - src.collect_pipeline - INFO - API response: 0 results
2025-09-03 17:34:33,576 - src.collect_pipeline - INFO - Making API request: /fixtures/statistics?fixture=6431
2025-09-03 17:34:33,711 - src.collect_pipeline - INFO - API response: 0 results
2025-09-03 17:34:33,712 - src.collect_pipeline - INFO - Making API request: /fixtures/statistics?fixture=6434
2025-09-03 17:34:33,853 - src.collect_pipeline - INFO - API response: 0 results
2025-09-03 17:34:33,854 - src.collect_pipeline - INFO - Making API request: /fixtures/statistics?fixture=6436
2025-09-03 17:34:33,985 - src.collect_pipeline - INFO - API response: 0 results
2025-09-03 17:34:33,986 - src.collect_pipeline - INFO - Making API request: /fixtures/statistics?fixture=6437
2025-09-03 17:34:34,127 - src.collect_pipeline - INFO - API response: 0 results
2025-09-03 17:34:34,129 - src.collect_pipeline - INFO - Making API request: /fixtures/statistics?fixture=6433
2025-09-03 17:34:34,280 - src.collect_pipeline - INFO - API response: 0 results
2025-09-03 17:34:34,281 - src.collect_pipeline - INFO - Making API request: /fixtures/statistics?fixture=6428
2025-09-03 17:34:34,418 - src.collect_pipeline - INFO - API response: 0 results
2025-09-03 17:34:34,419 - src.collect_pipeline - INFO - Making API request: /fixtures/statistics?fixture=6429
2025-09-03 17:34:34,578 - src.collect_pipeline - INFO - API response: 0 results
2025-09-03 17:34:34,579 - src.collect_pipeline - INFO - Making API request: /fixtures/statistics?fixture=6430
2025-09-03 17:34:34,714 - src.collect_pipeline - INFO - API response: 0 results
2025-09-03 17:34:34,715 - src.collect_pipeline - INFO - Making API request: /fixtures/statistics?fixture=6435
2025-09-03 17:34:34,862 - src.collect_pipeline - INFO - API response: 0 results
2025-09-03 17:34:34,863 - src.collect_pipeline - INFO - Making API request: /fixtures/statistics?fixture=6439
2025-09-03 17:34:34,994 - src.collect_pipeline - INFO - API response: 0 results
2025-09-03 17:34:35,000 - src.collect_pipeline - INFO - Progress saved to data/raw\data_collection_progress.json
2025-09-03 17:34:35,001 - src.collect_pipeline - INFO - Processing batch 8
2025-09-03 17:34:35,001 - src.collect_pipeline - INFO - Making API request: /fixtures/statistics?fixture=6442
2025-09-03 17:34:35,136 - src.collect_pipeline - INFO - API response: 0 results
2025-09-03 17:34:35,137 - src.collect_pipeline - INFO - Making API request: /fixtures/statistics?fixture=6444
2025-09-03 17:34:35,276 - src.collect_pipeline - INFO - API response: 0 results
2025-09-03 17:34:35,277 - src.collect_pipeline - INFO - Making API request: /fixtures/statistics?fixture=6445
2025-09-03 17:34:35,431 - src.collect_pipeline - INFO - API response: 0 results
2025-09-03 17:34:35,432 - src.collect_pipeline - INFO - Making API request: /fixtures/statistics?fixture=6447
2025-09-03 17:34:35,572 - src.collect_pipeline - INFO - API response: 0 results
2025-09-03 17:34:35,573 - src.collect_pipeline - INFO - Making API request: /fixtures/statistics?fixture=6438
2025-09-03 17:34:35,728 - src.collect_pipeline - INFO - API response: 0 results
2025-09-03 17:34:35,729 - src.collect_pipeline - INFO - Making API request: /fixtures/statistics?fixture=6440
2025-09-03 17:34:35,868 - src.collect_pipeline - INFO - API response: 0 results
2025-09-03 17:34:35,869 - src.collect_pipeline - INFO - Making API request: /fixtures/statistics?fixture=6441
2025-09-03 17:34:36,004 - src.collect_pipeline - INFO - API response: 0 results
2025-09-03 17:34:36,005 - src.collect_pipeline - INFO - Making API request: /fixtures/statistics?fixture=6446
2025-09-03 17:34:36,147 - src.collect_pipeline - INFO - API response: 0 results
2025-09-03 17:34:36,148 - src.collect_pipeline - INFO - Making API request: /fixtures/statistics?fixture=6443
2025-09-03 17:34:36,284 - src.collect_pipeline - INFO - API response: 0 results
2025-09-03 17:34:36,285 - src.collect_pipeline - INFO - Making API request: /fixtures/statistics?fixture=6452
2025-09-03 17:34:36,421 - src.collect_pipeline - INFO - API response: 0 results
2025-09-03 17:34:36,422 - src.collect_pipeline - INFO - Making API request: /fixtures/statistics?fixture=6454
2025-09-03 17:34:36,580 - src.collect_pipeline - INFO - API response: 0 results
2025-09-03 17:34:36,581 - src.collect_pipeline - INFO - Making API request: /fixtures/statistics?fixture=6455
2025-09-03 17:34:36,730 - src.collect_pipeline - INFO - API response: 0 results
2025-09-03 17:34:36,731 - src.collect_pipeline - INFO - Making API request: /fixtures/statistics?fixture=6448
2025-09-03 17:34:36,871 - src.collect_pipeline - INFO - API response: 0 results
2025-09-03 17:34:36,872 - src.collect_pipeline - INFO - Making API request: /fixtures/statistics?fixture=6449
2025-09-03 17:34:37,013 - src.collect_pipeline - INFO - API response: 0 results
2025-09-03 17:34:37,014 - src.collect_pipeline - INFO - Making API request: /fixtures/statistics?fixture=6450
2025-09-03 17:34:37,146 - src.collect_pipeline - INFO - API response: 0 results
2025-09-03 17:34:37,147 - src.collect_pipeline - INFO - Making API request: /fixtures/statistics?fixture=6451
2025-09-03 17:34:37,274 - src.collect_pipeline - INFO - API response: 0 results
2025-09-03 17:34:37,275 - src.collect_pipeline - INFO - Making API request: /fixtures/statistics?fixture=6456
2025-09-03 17:34:37,430 - src.collect_pipeline - INFO - API response: 0 results
2025-09-03 17:34:37,431 - src.collect_pipeline - INFO - Making API request: /fixtures/statistics?fixture=6457
2025-09-03 17:34:37,585 - src.collect_pipeline - INFO - API response: 0 results
2025-09-03 17:34:37,586 - src.collect_pipeline - INFO - Making API request: /fixtures/statistics?fixture=6453
2025-09-03 17:34:37,736 - src.collect_pipeline - INFO - API response: 0 results
2025-09-03 17:34:37,737 - src.collect_pipeline - INFO - Making API request: /fixtures/statistics?fixture=6432
2025-09-03 17:34:37,883 - src.collect_pipeline - INFO - API response: 0 results
2025-09-03 17:34:37,884 - src.collect_pipeline - INFO - Making API request: /fixtures/statistics?fixture=6459
2025-09-03 17:34:38,062 - src.collect_pipeline - INFO - API response: 0 results
2025-09-03 17:34:38,063 - src.collect_pipeline - INFO - Making API request: /fixtures/statistics?fixture=6463
2025-09-03 17:34:38,201 - src.collect_pipeline - INFO - API response: 0 results
2025-09-03 17:34:38,202 - src.collect_pipeline - INFO - Making API request: /fixtures/statistics?fixture=6464
2025-09-03 17:34:38,348 - src.collect_pipeline - INFO - API response: 0 results
2025-09-03 17:34:38,349 - src.collect_pipeline - INFO - Making API request: /fixtures/statistics?fixture=6465
2025-09-03 17:34:38,493 - src.collect_pipeline - INFO - API response: 0 results
2025-09-03 17:34:38,494 - src.collect_pipeline - INFO - Making API request: /fixtures/statistics?fixture=6466
2025-09-03 17:34:38,639 - src.collect_pipeline - INFO - API response: 0 results
2025-09-03 17:34:38,639 - src.collect_pipeline - INFO - Making API request: /fixtures/statistics?fixture=6467
2025-09-03 17:34:38,770 - src.collect_pipeline - INFO - API response: 0 results
2025-09-03 17:34:38,771 - src.collect_pipeline - INFO - Making API request: /fixtures/statistics?fixture=6462
2025-09-03 17:34:38,949 - src.collect_pipeline - INFO - API response: 0 results
2025-09-03 17:34:38,950 - src.collect_pipeline - INFO - Making API request: /fixtures/statistics?fixture=6458
2025-09-03 17:34:39,101 - src.collect_pipeline - INFO - API response: 0 results
2025-09-03 17:34:39,102 - src.collect_pipeline - INFO - Making API request: /fixtures/statistics?fixture=6460
2025-09-03 17:34:39,240 - src.collect_pipeline - INFO - API response: 0 results
2025-09-03 17:34:39,241 - src.collect_pipeline - INFO - Making API request: /fixtures/statistics?fixture=6461
2025-09-03 17:34:39,377 - src.collect_pipeline - INFO - API response: 0 results
2025-09-03 17:34:39,383 - src.collect_pipeline - INFO - Progress saved to data/raw\data_collection_progress.json
2025-09-03 17:34:39,383 - src.collect_pipeline - INFO - No existing team_statistics file found
2025-09-03 17:34:39,400 - src.collect_pipeline - INFO - team_statistics: 380 new, 0 duplicates skipped
2025-09-03 17:34:39,400 - src.collect_pipeline - INFO - Total team_statistics records: 380
2025-09-03 17:34:39,400 - src.collect_pipeline - INFO - Saved to data/raw\Netherlands\Eerste Divisie\2018\team_statistics.json
2025-09-03 17:34:39,402 - src.collect_pipeline - INFO - Processing KNVB Beker (Netherlands) - ID: 90
2025-09-03 17:34:39,402 - src.collect_pipeline - INFO - Getting dates for KNVB Beker (Netherlands) - Season 2018
2025-09-03 17:34:39,402 - src.collect_pipeline - INFO - Using cup competition dates for KNVB Beker: 2018-09-01 to 2019-05-31
2025-09-03 17:34:39,402 - src.collect_pipeline - INFO - Using automatic dates for KNVB Beker: 2018-09-01 to 2019-05-31
2025-09-03 17:34:39,402 - src.collect_pipeline - INFO - Phase 1: Collecting 2018 season 2018-09-01 to 2019-05-31
2025-09-03 17:34:39,402 - src.collect_pipeline - INFO - Phase 1: Collecting entire season 2018-09-01 to 2019-05-31
2025-09-03 17:34:39,403 - src.collect_pipeline - INFO - Progress saved to data/raw\data_collection_progress.json
2025-09-03 17:34:39,403 - src.collect_pipeline - INFO - Fetching fixtures for KNVB Beker 2018...
2025-09-03 17:34:39,404 - src.collect_pipeline - INFO - Date range: 2018-09-01 to 2019-05-31
2025-09-03 17:34:39,404 - src.collect_pipeline - INFO - Making API request: /fixtures?league=90&season=2018&from=2018-09-01&to=2019-05-31
2025-09-03 17:34:39,580 - src.collect_pipeline - INFO - API response: 63 results
2025-09-03 17:34:39,581 - src.collect_pipeline - INFO - Found 63 new fixtures to collect (excluding 0 already collected)
2025-09-03 17:34:39,596 - src.collect_pipeline - INFO - Saved 63 new fixtures to data/raw\Netherlands\KNVB Beker\2018\fixture_events.json (total fixtures: 63)
2025-09-03 17:34:39,597 - src.collect_pipeline - INFO - Progress saved to data/raw\data_collection_progress.json
2025-09-03 17:34:39,598 - src.collect_pipeline - INFO - Found 63 fixtures to process for team_statistics
2025-09-03 17:34:39,598 - src.collect_pipeline - INFO - Processing 63 fixtures for team_statistics
2025-09-03 17:34:39,598 - src.collect_pipeline - INFO - Processing batch 1
2025-09-03 17:34:39,598 - src.collect_pipeline - INFO - Making API request: /fixtures/statistics?fixture=44822
2025-09-03 17:34:39,762 - src.collect_pipeline - INFO - API response: 0 results
2025-09-03 17:34:39,763 - src.collect_pipeline - INFO - Making API request: /fixtures/statistics?fixture=44821
2025-09-03 17:34:39,901 - src.collect_pipeline - INFO - API response: 0 results
2025-09-03 17:34:39,902 - src.collect_pipeline - INFO - Making API request: /fixtures/statistics?fixture=44812
2025-09-03 17:34:40,048 - src.collect_pipeline - INFO - API response: 0 results
2025-09-03 17:34:40,049 - src.collect_pipeline - INFO - Making API request: /fixtures/statistics?fixture=44811
2025-09-03 17:34:40,180 - src.collect_pipeline - INFO - API response: 0 results
2025-09-03 17:34:40,181 - src.collect_pipeline - INFO - Making API request: /fixtures/statistics?fixture=44808
2025-09-03 17:34:40,327 - src.collect_pipeline - INFO - API response: 0 results
2025-09-03 17:34:40,328 - src.collect_pipeline - INFO - Making API request: /fixtures/statistics?fixture=44809
2025-09-03 17:34:40,459 - src.collect_pipeline - INFO - API response: 0 results
2025-09-03 17:34:40,461 - src.collect_pipeline - INFO - Making API request: /fixtures/statistics?fixture=44813
2025-09-03 17:34:40,603 - src.collect_pipeline - INFO - API response: 0 results
2025-09-03 17:34:40,604 - src.collect_pipeline - INFO - Making API request: /fixtures/statistics?fixture=44807
2025-09-03 17:34:40,738 - src.collect_pipeline - INFO - API response: 0 results
2025-09-03 17:34:40,739 - src.collect_pipeline - INFO - Making API request: /fixtures/statistics?fixture=44810
2025-09-03 17:34:40,880 - src.collect_pipeline - INFO - API response: 0 results
2025-09-03 17:34:40,881 - src.collect_pipeline - INFO - Making API request: /fixtures/statistics?fixture=44814
2025-09-03 17:34:41,014 - src.collect_pipeline - INFO - API response: 0 results
2025-09-03 17:34:41,015 - src.collect_pipeline - INFO - Making API request: /fixtures/statistics?fixture=44815
2025-09-03 17:34:41,169 - src.collect_pipeline - INFO - API response: 0 results
2025-09-03 17:34:41,170 - src.collect_pipeline - INFO - Making API request: /fixtures/statistics?fixture=44816
2025-09-03 17:34:41,320 - src.collect_pipeline - INFO - API response: 0 results
2025-09-03 17:34:41,321 - src.collect_pipeline - INFO - Making API request: /fixtures/statistics?fixture=44817
2025-09-03 17:34:41,458 - src.collect_pipeline - INFO - API response: 0 results
2025-09-03 17:34:41,459 - src.collect_pipeline - INFO - Making API request: /fixtures/statistics?fixture=44818
2025-09-03 17:34:41,595 - src.collect_pipeline - INFO - API response: 0 results
2025-09-03 17:34:41,596 - src.collect_pipeline - INFO - Making API request: /fixtures/statistics?fixture=44819
2025-09-03 17:34:41,735 - src.collect_pipeline - INFO - API response: 0 results
2025-09-03 17:34:41,736 - src.collect_pipeline - INFO - Making API request: /fixtures/statistics?fixture=44820
2025-09-03 17:34:41,880 - src.collect_pipeline - INFO - API response: 0 results
2025-09-03 17:34:41,881 - src.collect_pipeline - INFO - Making API request: /fixtures/statistics?fixture=44806
2025-09-03 17:34:42,019 - src.collect_pipeline - INFO - API response: 0 results
2025-09-03 17:34:42,020 - src.collect_pipeline - INFO - Making API request: /fixtures/statistics?fixture=44805
2025-09-03 17:34:42,194 - src.collect_pipeline - INFO - API response: 0 results
2025-09-03 17:34:42,195 - src.collect_pipeline - INFO - Making API request: /fixtures/statistics?fixture=44804
2025-09-03 17:34:42,338 - src.collect_pipeline - INFO - API response: 0 results
2025-09-03 17:34:42,339 - src.collect_pipeline - INFO - Making API request: /fixtures/statistics?fixture=44803
2025-09-03 17:34:42,476 - src.collect_pipeline - INFO - API response: 0 results
2025-09-03 17:34:42,478 - src.collect_pipeline - INFO - Making API request: /fixtures/statistics?fixture=44797
2025-09-03 17:34:45,205 - src.collect_pipeline - INFO - API response: 0 results
2025-09-03 17:34:45,206 - src.collect_pipeline - INFO - Making API request: /fixtures/statistics?fixture=44798
2025-09-03 17:34:45,338 - src.collect_pipeline - INFO - API response: 0 results
2025-09-03 17:34:45,339 - src.collect_pipeline - INFO - Making API request: /fixtures/statistics?fixture=44799
2025-09-03 17:34:45,487 - src.collect_pipeline - INFO - API response: 0 results
2025-09-03 17:34:45,488 - src.collect_pipeline - INFO - Making API request: /fixtures/statistics?fixture=44800
2025-09-03 17:34:45,615 - src.collect_pipeline - INFO - API response: 0 results
2025-09-03 17:34:45,615 - src.collect_pipeline - INFO - Making API request: /fixtures/statistics?fixture=44801
2025-09-03 17:34:45,746 - src.collect_pipeline - INFO - API response: 0 results
2025-09-03 17:34:45,746 - src.collect_pipeline - INFO - Making API request: /fixtures/statistics?fixture=44802
2025-09-03 17:34:45,870 - src.collect_pipeline - INFO - API response: 0 results
2025-09-03 17:34:45,871 - src.collect_pipeline - INFO - Making API request: /fixtures/statistics?fixture=44796
2025-09-03 17:34:45,994 - src.collect_pipeline - INFO - API response: 0 results
2025-09-03 17:34:45,995 - src.collect_pipeline - INFO - Making API request: /fixtures/statistics?fixture=44794
2025-09-03 17:34:46,122 - src.collect_pipeline - INFO - API response: 0 results
2025-09-03 17:34:46,123 - src.collect_pipeline - INFO - Making API request: /fixtures/statistics?fixture=44795
2025-09-03 17:34:46,381 - src.collect_pipeline - INFO - API response: 0 results
2025-09-03 17:34:46,382 - src.collect_pipeline - INFO - Making API request: /fixtures/statistics?fixture=44793
2025-09-03 17:34:46,517 - src.collect_pipeline - INFO - API response: 0 results
2025-09-03 17:34:46,518 - src.collect_pipeline - INFO - Making API request: /fixtures/statistics?fixture=44792
2025-09-03 17:34:46,711 - src.collect_pipeline - INFO - API response: 0 results
2025-09-03 17:34:46,712 - src.collect_pipeline - INFO - Making API request: /fixtures/statistics?fixture=44791
2025-09-03 17:34:46,852 - src.collect_pipeline - INFO - API response: 0 results
2025-09-03 17:34:46,853 - src.collect_pipeline - INFO - Making API request: /fixtures/statistics?fixture=44823
2025-09-03 17:34:46,977 - src.collect_pipeline - INFO - API response: 0 results
2025-09-03 17:34:46,978 - src.collect_pipeline - INFO - Making API request: /fixtures/statistics?fixture=44824
2025-09-03 17:34:47,110 - src.collect_pipeline - INFO - API response: 0 results
2025-09-03 17:34:47,111 - src.collect_pipeline - INFO - Making API request: /fixtures/statistics?fixture=44827
2025-09-03 17:34:47,235 - src.collect_pipeline - INFO - API response: 0 results
2025-09-03 17:34:47,236 - src.collect_pipeline - INFO - Making API request: /fixtures/statistics?fixture=44825
2025-09-03 17:34:47,372 - src.collect_pipeline - INFO - API response: 0 results
2025-09-03 17:34:47,373 - src.collect_pipeline - INFO - Making API request: /fixtures/statistics?fixture=44826
2025-09-03 17:34:47,499 - src.collect_pipeline - INFO - API response: 0 results
2025-09-03 17:34:47,500 - src.collect_pipeline - INFO - Making API request: /fixtures/statistics?fixture=44828
2025-09-03 17:34:47,637 - src.collect_pipeline - INFO - API response: 0 results
2025-09-03 17:34:47,638 - src.collect_pipeline - INFO - Making API request: /fixtures/statistics?fixture=44829
2025-09-03 17:34:47,766 - src.collect_pipeline - INFO - API response: 0 results
2025-09-03 17:34:47,766 - src.collect_pipeline - INFO - Making API request: /fixtures/statistics?fixture=44830
2025-09-03 17:34:47,918 - src.collect_pipeline - INFO - API response: 0 results
2025-09-03 17:34:47,919 - src.collect_pipeline - INFO - Making API request: /fixtures/statistics?fixture=44835
2025-09-03 17:34:48,044 - src.collect_pipeline - INFO - API response: 0 results
2025-09-03 17:34:48,045 - src.collect_pipeline - INFO - Making API request: /fixtures/statistics?fixture=44831
2025-09-03 17:34:48,170 - src.collect_pipeline - INFO - API response: 0 results
2025-09-03 17:34:48,171 - src.collect_pipeline - INFO - Making API request: /fixtures/statistics?fixture=44834
2025-09-03 17:34:48,297 - src.collect_pipeline - INFO - API response: 0 results
2025-09-03 17:34:48,298 - src.collect_pipeline - INFO - Making API request: /fixtures/statistics?fixture=44832
2025-09-03 17:34:48,432 - src.collect_pipeline - INFO - API response: 0 results
2025-09-03 17:34:48,433 - src.collect_pipeline - INFO - Making API request: /fixtures/statistics?fixture=44833
2025-09-03 17:34:48,564 - src.collect_pipeline - INFO - API response: 0 results
2025-09-03 17:34:48,565 - src.collect_pipeline - INFO - Making API request: /fixtures/statistics?fixture=44836
2025-09-03 17:34:48,704 - src.collect_pipeline - INFO - API response: 0 results
2025-09-03 17:34:48,705 - src.collect_pipeline - INFO - Making API request: /fixtures/statistics?fixture=44837
2025-09-03 17:34:48,839 - src.collect_pipeline - INFO - API response: 0 results
2025-09-03 17:34:48,840 - src.collect_pipeline - INFO - Making API request: /fixtures/statistics?fixture=44838
2025-09-03 17:34:48,969 - src.collect_pipeline - INFO - API response: 0 results
2025-09-03 17:34:48,970 - src.collect_pipeline - INFO - Making API request: /fixtures/statistics?fixture=55938
2025-09-03 17:34:49,096 - src.collect_pipeline - INFO - API response: 0 results
2025-09-03 17:34:49,097 - src.collect_pipeline - INFO - Making API request: /fixtures/statistics?fixture=55939
2025-09-03 17:34:49,219 - src.collect_pipeline - INFO - API response: 0 results
2025-09-03 17:34:49,221 - src.collect_pipeline - INFO - Progress saved to data/raw\data_collection_progress.json
2025-09-03 17:34:49,222 - src.collect_pipeline - INFO - Processing batch 2
2025-09-03 17:34:49,222 - src.collect_pipeline - INFO - Making API request: /fixtures/statistics?fixture=55940
2025-09-03 17:34:49,354 - src.collect_pipeline - INFO - API response: 0 results
2025-09-03 17:34:49,355 - src.collect_pipeline - INFO - Making API request: /fixtures/statistics?fixture=55941
2025-09-03 17:34:49,533 - src.collect_pipeline - INFO - API response: 0 results
2025-09-03 17:34:49,534 - src.collect_pipeline - INFO - Making API request: /fixtures/statistics?fixture=55942
2025-09-03 17:34:49,670 - src.collect_pipeline - INFO - API response: 0 results
2025-09-03 17:34:49,671 - src.collect_pipeline - INFO - Making API request: /fixtures/statistics?fixture=55943
2025-09-03 17:34:49,806 - src.collect_pipeline - INFO - API response: 0 results
2025-09-03 17:34:49,807 - src.collect_pipeline - INFO - Making API request: /fixtures/statistics?fixture=55944
2025-09-03 17:34:49,937 - src.collect_pipeline - INFO - API response: 0 results
2025-09-03 17:34:49,938 - src.collect_pipeline - INFO - Making API request: /fixtures/statistics?fixture=55945
2025-09-03 17:34:50,090 - src.collect_pipeline - INFO - API response: 0 results
2025-09-03 17:34:50,091 - src.collect_pipeline - INFO - Making API request: /fixtures/statistics?fixture=69833
2025-09-03 17:34:50,223 - src.collect_pipeline - INFO - API response: 0 results
2025-09-03 17:34:50,224 - src.collect_pipeline - INFO - Making API request: /fixtures/statistics?fixture=69834
2025-09-03 17:34:50,351 - src.collect_pipeline - INFO - API response: 0 results
2025-09-03 17:34:50,352 - src.collect_pipeline - INFO - Making API request: /fixtures/statistics?fixture=69835
2025-09-03 17:34:50,493 - src.collect_pipeline - INFO - API response: 0 results
2025-09-03 17:34:50,494 - src.collect_pipeline - INFO - Making API request: /fixtures/statistics?fixture=69836
2025-09-03 17:34:50,624 - src.collect_pipeline - INFO - API response: 0 results
2025-09-03 17:34:50,625 - src.collect_pipeline - INFO - Making API request: /fixtures/statistics?fixture=77300
2025-09-03 17:34:50,767 - src.collect_pipeline - INFO - API response: 0 results
2025-09-03 17:34:50,768 - src.collect_pipeline - INFO - Making API request: /fixtures/statistics?fixture=77301
2025-09-03 17:34:50,923 - src.collect_pipeline - INFO - API response: 0 results
2025-09-03 17:34:50,924 - src.collect_pipeline - INFO - Making API request: /fixtures/statistics?fixture=107270
2025-09-03 17:34:51,078 - src.collect_pipeline - INFO - API response: 0 results
2025-09-03 17:34:51,080 - src.collect_pipeline - INFO - Progress saved to data/raw\data_collection_progress.json
2025-09-03 17:34:51,081 - src.collect_pipeline - INFO - No existing team_statistics file found
2025-09-03 17:34:51,086 - src.collect_pipeline - INFO - team_statistics: 63 new, 0 duplicates skipped
2025-09-03 17:34:51,086 - src.collect_pipeline - INFO - Total team_statistics records: 63
2025-09-03 17:34:51,086 - src.collect_pipeline - INFO - Saved to data/raw\Netherlands\KNVB Beker\2018\team_statistics.json
