2025-09-03 18:07:00,082 - src.collect_pipeline - INFO - Logging initialized. Log file: logs/collection\collection_20250903_180700.log
2025-09-03 18:07:00,085 - src.collect_pipeline - INFO - Logging initialized. Log file: logs/collection\collection_20250903_180700.log
2025-09-03 18:07:00,086 - src.collect_pipeline - INFO - Filtering leagues with: league_id=None, filter_ids=[246], filter_tiers=None, filter_cups=None, filter_categories=None
2025-09-03 18:07:00,086 - src.collect_pipeline - INFO - Only filter_ids provided: [246]
2025-09-03 18:07:00,086 - src.collect_pipeline - INFO - Processing Cup (Finland) - ID: 246
2025-09-03 18:07:00,086 - src.collect_pipeline - INFO - Getting dates for Cup (Finland) - Season 2024
2025-09-03 18:07:00,086 - src.collect_pipeline - INFO - Using automatic dates for Cup: 2024-02-01 to 2024-09-30
2025-09-03 18:07:00,086 - src.collect_pipeline - INFO - Using automatic dates for Cup: 2024-02-01 to 2024-09-30
2025-09-03 18:07:00,086 - src.collect_pipeline - INFO - Phase 1: Collecting 2024 season 2024-02-01 to 2024-09-30
2025-09-03 18:07:00,087 - src.collect_pipeline - INFO - Phase 1: Collecting entire season 2024-02-01 to 2024-09-30
2025-09-03 18:07:00,091 - src.collect_pipeline - INFO - Progress saved to data/raw\data_collection_progress.json
2025-09-03 18:07:00,091 - src.collect_pipeline - INFO - Fetching fixtures for Cup 2024...
2025-09-03 18:07:00,091 - src.collect_pipeline - INFO - Date range: 2024-02-01 to 2024-09-30
2025-09-03 18:07:00,091 - src.collect_pipeline - INFO - Making API request: /fixtures?league=246&season=2024&from=2024-02-01&to=2024-09-30
2025-09-03 18:07:00,332 - src.collect_pipeline - INFO - API response: 363 results
2025-09-03 18:07:00,334 - src.collect_pipeline - INFO - Found 363 new fixtures to collect (excluding 0 already collected)
2025-09-03 18:07:00,430 - src.collect_pipeline - INFO - Saved 363 new fixtures to data/raw\Finland\Cup\2024\fixture_events.json (total fixtures: 363)
2025-09-03 18:07:00,433 - src.collect_pipeline - INFO - Progress saved to data/raw\data_collection_progress.json
2025-09-03 18:07:00,434 - src.collect_pipeline - INFO - Found 363 fixtures to process for team_statistics
2025-09-03 18:07:00,434 - src.collect_pipeline - INFO - Processing 363 fixtures for team_statistics
2025-09-03 18:07:00,434 - src.collect_pipeline - INFO - Processing batch 1
2025-09-03 18:07:00,434 - src.collect_pipeline - INFO - Making API request: /fixtures/statistics?fixture=1171998
2025-09-03 18:07:00,576 - src.collect_pipeline - INFO - API response: 0 results
2025-09-03 18:07:00,577 - src.collect_pipeline - INFO - Making API request: /fixtures/statistics?fixture=1171999
2025-09-03 18:07:00,721 - src.collect_pipeline - INFO - API response: 0 results
2025-09-03 18:07:00,722 - src.collect_pipeline - INFO - Making API request: /fixtures/statistics?fixture=1171996
2025-09-03 18:07:00,881 - src.collect_pipeline - INFO - API response: 0 results
2025-09-03 18:07:00,882 - src.collect_pipeline - INFO - Making API request: /fixtures/statistics?fixture=1171968
2025-09-03 18:07:01,048 - src.collect_pipeline - INFO - API response: 0 results
2025-09-03 18:07:01,049 - src.collect_pipeline - INFO - Making API request: /fixtures/statistics?fixture=1172000
2025-09-03 18:07:01,218 - src.collect_pipeline - INFO - API response: 0 results
2025-09-03 18:07:01,219 - src.collect_pipeline - INFO - Making API request: /fixtures/statistics?fixture=1172001
2025-09-03 18:07:01,367 - src.collect_pipeline - INFO - API response: 0 results
2025-09-03 18:07:01,368 - src.collect_pipeline - INFO - Making API request: /fixtures/statistics?fixture=1172002
2025-09-03 18:07:01,512 - src.collect_pipeline - INFO - API response: 0 results
2025-09-03 18:07:01,513 - src.collect_pipeline - INFO - Making API request: /fixtures/statistics?fixture=1171927
2025-09-03 18:07:01,659 - src.collect_pipeline - INFO - API response: 0 results
2025-09-03 18:07:01,660 - src.collect_pipeline - INFO - Making API request: /fixtures/statistics?fixture=1171928
2025-09-03 18:07:01,812 - src.collect_pipeline - INFO - API response: 0 results
2025-09-03 18:07:01,813 - src.collect_pipeline - INFO - Making API request: /fixtures/statistics?fixture=1171929
2025-09-03 18:07:01,955 - src.collect_pipeline - INFO - API response: 0 results
2025-09-03 18:07:01,956 - src.collect_pipeline - INFO - Making API request: /fixtures/statistics?fixture=1172003
2025-09-03 18:07:02,230 - src.collect_pipeline - INFO - API response: 0 results
2025-09-03 18:07:02,231 - src.collect_pipeline - INFO - Making API request: /fixtures/statistics?fixture=1172004
2025-09-03 18:07:02,369 - src.collect_pipeline - INFO - API response: 0 results
2025-09-03 18:07:02,370 - src.collect_pipeline - INFO - Making API request: /fixtures/statistics?fixture=1171895
2025-09-03 18:07:02,512 - src.collect_pipeline - INFO - API response: 0 results
2025-09-03 18:07:02,513 - src.collect_pipeline - INFO - Making API request: /fixtures/statistics?fixture=1172005
2025-09-03 18:07:02,657 - src.collect_pipeline - INFO - API response: 0 results
2025-09-03 18:07:02,658 - src.collect_pipeline - INFO - Making API request: /fixtures/statistics?fixture=1171930
2025-09-03 18:07:02,790 - src.collect_pipeline - INFO - API response: 0 results
2025-09-03 18:07:02,791 - src.collect_pipeline - INFO - Making API request: /fixtures/statistics?fixture=1171990
2025-09-03 18:07:02,926 - src.collect_pipeline - INFO - API response: 0 results
2025-09-03 18:07:02,927 - src.collect_pipeline - INFO - Making API request: /fixtures/statistics?fixture=1172006
2025-09-03 18:07:03,062 - src.collect_pipeline - INFO - API response: 0 results
2025-09-03 18:07:03,063 - src.collect_pipeline - INFO - Making API request: /fixtures/statistics?fixture=1172007
2025-09-03 18:07:03,207 - src.collect_pipeline - INFO - API response: 0 results
2025-09-03 18:07:03,208 - src.collect_pipeline - INFO - Making API request: /fixtures/statistics?fixture=1171989
2025-09-03 18:07:03,336 - src.collect_pipeline - INFO - API response: 0 results
2025-09-03 18:07:03,338 - src.collect_pipeline - INFO - Making API request: /fixtures/statistics?fixture=1171954
2025-09-03 18:07:03,484 - src.collect_pipeline - INFO - API response: 0 results
2025-09-03 18:07:03,485 - src.collect_pipeline - INFO - Making API request: /fixtures/statistics?fixture=1171971
2025-09-03 18:07:03,629 - src.collect_pipeline - INFO - API response: 0 results
2025-09-03 18:07:03,630 - src.collect_pipeline - INFO - Making API request: /fixtures/statistics?fixture=1171919
2025-09-03 18:07:03,780 - src.collect_pipeline - INFO - API response: 0 results
2025-09-03 18:07:03,781 - src.collect_pipeline - INFO - Making API request: /fixtures/statistics?fixture=1172008
2025-09-03 18:07:03,930 - src.collect_pipeline - INFO - API response: 0 results
2025-09-03 18:07:03,931 - src.collect_pipeline - INFO - Making API request: /fixtures/statistics?fixture=1171995
2025-09-03 18:07:04,071 - src.collect_pipeline - INFO - API response: 0 results
2025-09-03 18:07:04,072 - src.collect_pipeline - INFO - Making API request: /fixtures/statistics?fixture=1171961
2025-09-03 18:07:04,208 - src.collect_pipeline - INFO - API response: 0 results
2025-09-03 18:07:04,208 - src.collect_pipeline - INFO - Making API request: /fixtures/statistics?fixture=1171978
2025-09-03 18:07:04,347 - src.collect_pipeline - INFO - API response: 0 results
2025-09-03 18:07:04,348 - src.collect_pipeline - INFO - Making API request: /fixtures/statistics?fixture=1171983
2025-09-03 18:07:04,480 - src.collect_pipeline - INFO - API response: 0 results
2025-09-03 18:07:04,481 - src.collect_pipeline - INFO - Making API request: /fixtures/statistics?fixture=1171982
2025-09-03 18:07:04,605 - src.collect_pipeline - INFO - API response: 0 results
2025-09-03 18:07:04,606 - src.collect_pipeline - INFO - Making API request: /fixtures/statistics?fixture=1171892
2025-09-03 18:07:04,737 - src.collect_pipeline - INFO - API response: 0 results
2025-09-03 18:07:04,739 - src.collect_pipeline - INFO - Making API request: /fixtures/statistics?fixture=1172009
2025-09-03 18:07:04,886 - src.collect_pipeline - INFO - API response: 0 results
2025-09-03 18:07:04,888 - src.collect_pipeline - INFO - Making API request: /fixtures/statistics?fixture=1171922
2025-09-03 18:07:05,023 - src.collect_pipeline - INFO - API response: 0 results
2025-09-03 18:07:05,024 - src.collect_pipeline - INFO - Making API request: /fixtures/statistics?fixture=1171965
2025-09-03 18:07:05,154 - src.collect_pipeline - INFO - API response: 0 results
2025-09-03 18:07:05,155 - src.collect_pipeline - INFO - Making API request: /fixtures/statistics?fixture=1171966
2025-09-03 18:07:05,300 - src.collect_pipeline - INFO - API response: 0 results
2025-09-03 18:07:05,301 - src.collect_pipeline - INFO - Making API request: /fixtures/statistics?fixture=1172010
2025-09-03 18:07:05,435 - src.collect_pipeline - INFO - API response: 0 results
2025-09-03 18:07:05,435 - src.collect_pipeline - INFO - Making API request: /fixtures/statistics?fixture=1171980
2025-09-03 18:07:05,596 - src.collect_pipeline - INFO - API response: 0 results
2025-09-03 18:07:05,597 - src.collect_pipeline - INFO - Making API request: /fixtures/statistics?fixture=1171958
2025-09-03 18:07:05,745 - src.collect_pipeline - INFO - API response: 0 results
2025-09-03 18:07:05,746 - src.collect_pipeline - INFO - Making API request: /fixtures/statistics?fixture=1171977
2025-09-03 18:07:05,894 - src.collect_pipeline - INFO - API response: 0 results
2025-09-03 18:07:05,895 - src.collect_pipeline - INFO - Making API request: /fixtures/statistics?fixture=1172011
2025-09-03 18:07:06,025 - src.collect_pipeline - INFO - API response: 0 results
2025-09-03 18:07:06,027 - src.collect_pipeline - INFO - Making API request: /fixtures/statistics?fixture=1171956
2025-09-03 18:07:06,170 - src.collect_pipeline - INFO - API response: 0 results
2025-09-03 18:07:06,171 - src.collect_pipeline - INFO - Making API request: /fixtures/statistics?fixture=1171997
2025-09-03 18:07:06,303 - src.collect_pipeline - INFO - API response: 0 results
2025-09-03 18:07:06,304 - src.collect_pipeline - INFO - Making API request: /fixtures/statistics?fixture=1172012
2025-09-03 18:07:06,431 - src.collect_pipeline - INFO - API response: 0 results
2025-09-03 18:07:06,432 - src.collect_pipeline - INFO - Making API request: /fixtures/statistics?fixture=1172013
2025-09-03 18:07:06,563 - src.collect_pipeline - INFO - API response: 0 results
2025-09-03 18:07:06,564 - src.collect_pipeline - INFO - Making API request: /fixtures/statistics?fixture=1171993
2025-09-03 18:07:06,707 - src.collect_pipeline - INFO - API response: 0 results
2025-09-03 18:07:06,708 - src.collect_pipeline - INFO - Making API request: /fixtures/statistics?fixture=1171931
2025-09-03 18:07:06,856 - src.collect_pipeline - INFO - API response: 0 results
2025-09-03 18:07:06,857 - src.collect_pipeline - INFO - Making API request: /fixtures/statistics?fixture=1171932
2025-09-03 18:07:07,000 - src.collect_pipeline - INFO - API response: 0 results
2025-09-03 18:07:07,001 - src.collect_pipeline - INFO - Making API request: /fixtures/statistics?fixture=1172014
2025-09-03 18:07:07,138 - src.collect_pipeline - INFO - API response: 0 results
2025-09-03 18:07:07,139 - src.collect_pipeline - INFO - Making API request: /fixtures/statistics?fixture=1171933
2025-09-03 18:07:07,284 - src.collect_pipeline - INFO - API response: 0 results
2025-09-03 18:07:07,285 - src.collect_pipeline - INFO - Making API request: /fixtures/statistics?fixture=1171988
2025-09-03 18:07:07,421 - src.collect_pipeline - INFO - API response: 0 results
2025-09-03 18:07:07,422 - src.collect_pipeline - INFO - Making API request: /fixtures/statistics?fixture=1171963
2025-09-03 18:07:07,561 - src.collect_pipeline - INFO - API response: 0 results
2025-09-03 18:07:07,562 - src.collect_pipeline - INFO - Making API request: /fixtures/statistics?fixture=1171969
2025-09-03 18:07:07,713 - src.collect_pipeline - INFO - API response: 0 results
2025-09-03 18:07:07,717 - src.collect_pipeline - INFO - Progress saved to data/raw\data_collection_progress.json
2025-09-03 18:07:07,717 - src.collect_pipeline - INFO - Processing batch 2
2025-09-03 18:07:07,717 - src.collect_pipeline - INFO - Making API request: /fixtures/statistics?fixture=1171985
2025-09-03 18:07:07,851 - src.collect_pipeline - INFO - API response: 0 results
2025-09-03 18:07:07,852 - src.collect_pipeline - INFO - Making API request: /fixtures/statistics?fixture=1171974
2025-09-03 18:07:07,986 - src.collect_pipeline - INFO - API response: 0 results
2025-09-03 18:07:07,988 - src.collect_pipeline - INFO - Making API request: /fixtures/statistics?fixture=1171935
2025-09-03 18:07:08,144 - src.collect_pipeline - INFO - API response: 0 results
2025-09-03 18:07:08,145 - src.collect_pipeline - INFO - Making API request: /fixtures/statistics?fixture=1171913
2025-09-03 18:07:08,283 - src.collect_pipeline - INFO - API response: 0 results
2025-09-03 18:07:08,284 - src.collect_pipeline - INFO - Making API request: /fixtures/statistics?fixture=1171911
2025-09-03 18:07:08,422 - src.collect_pipeline - INFO - API response: 0 results
2025-09-03 18:07:08,423 - src.collect_pipeline - INFO - Making API request: /fixtures/statistics?fixture=1171981
2025-09-03 18:07:08,562 - src.collect_pipeline - INFO - API response: 0 results
2025-09-03 18:07:08,563 - src.collect_pipeline - INFO - Making API request: /fixtures/statistics?fixture=1171976
2025-09-03 18:07:08,690 - src.collect_pipeline - INFO - API response: 0 results
2025-09-03 18:07:08,691 - src.collect_pipeline - INFO - Making API request: /fixtures/statistics?fixture=1172015
2025-09-03 18:07:09,032 - src.collect_pipeline - INFO - API response: 0 results
2025-09-03 18:07:09,033 - src.collect_pipeline - INFO - Making API request: /fixtures/statistics?fixture=1171973
2025-09-03 18:07:09,171 - src.collect_pipeline - INFO - API response: 0 results
2025-09-03 18:07:09,172 - src.collect_pipeline - INFO - Making API request: /fixtures/statistics?fixture=1171936
2025-09-03 18:07:09,320 - src.collect_pipeline - INFO - API response: 0 results
2025-09-03 18:07:09,321 - src.collect_pipeline - INFO - Making API request: /fixtures/statistics?fixture=1171962
2025-09-03 18:07:09,460 - src.collect_pipeline - INFO - API response: 0 results
2025-09-03 18:07:09,461 - src.collect_pipeline - INFO - Making API request: /fixtures/statistics?fixture=1171970
2025-09-03 18:07:09,603 - src.collect_pipeline - INFO - API response: 0 results
2025-09-03 18:07:09,605 - src.collect_pipeline - INFO - Making API request: /fixtures/statistics?fixture=1171991
2025-09-03 18:07:09,738 - src.collect_pipeline - INFO - API response: 0 results
2025-09-03 18:07:09,739 - src.collect_pipeline - INFO - Making API request: /fixtures/statistics?fixture=1171986
2025-09-03 18:07:09,917 - src.collect_pipeline - INFO - API response: 0 results
2025-09-03 18:07:09,918 - src.collect_pipeline - INFO - Making API request: /fixtures/statistics?fixture=1172016
2025-09-03 18:07:10,067 - src.collect_pipeline - INFO - API response: 0 results
2025-09-03 18:07:10,068 - src.collect_pipeline - INFO - Making API request: /fixtures/statistics?fixture=1171937
2025-09-03 18:07:10,219 - src.collect_pipeline - INFO - API response: 0 results
2025-09-03 18:07:10,220 - src.collect_pipeline - INFO - Making API request: /fixtures/statistics?fixture=1171972
2025-09-03 18:07:10,356 - src.collect_pipeline - INFO - API response: 0 results
2025-09-03 18:07:10,357 - src.collect_pipeline - INFO - Making API request: /fixtures/statistics?fixture=1171967
2025-09-03 18:07:10,492 - src.collect_pipeline - INFO - API response: 0 results
2025-09-03 18:07:10,493 - src.collect_pipeline - INFO - Making API request: /fixtures/statistics?fixture=1171899
2025-09-03 18:07:10,624 - src.collect_pipeline - INFO - API response: 0 results
2025-09-03 18:07:10,625 - src.collect_pipeline - INFO - Making API request: /fixtures/statistics?fixture=1172018
2025-09-03 18:07:10,764 - src.collect_pipeline - INFO - API response: 0 results
2025-09-03 18:07:10,765 - src.collect_pipeline - INFO - Making API request: /fixtures/statistics?fixture=1171938
2025-09-03 18:07:10,896 - src.collect_pipeline - INFO - API response: 0 results
2025-09-03 18:07:10,897 - src.collect_pipeline - INFO - Making API request: /fixtures/statistics?fixture=1172017
2025-09-03 18:07:11,028 - src.collect_pipeline - INFO - API response: 0 results
2025-09-03 18:07:11,029 - src.collect_pipeline - INFO - Making API request: /fixtures/statistics?fixture=1171939
2025-09-03 18:07:11,167 - src.collect_pipeline - INFO - API response: 0 results
2025-09-03 18:07:11,168 - src.collect_pipeline - INFO - Making API request: /fixtures/statistics?fixture=1171984
2025-09-03 18:07:11,298 - src.collect_pipeline - INFO - API response: 0 results
2025-09-03 18:07:11,299 - src.collect_pipeline - INFO - Making API request: /fixtures/statistics?fixture=1171918
2025-09-03 18:07:11,449 - src.collect_pipeline - INFO - API response: 0 results
2025-09-03 18:07:11,450 - src.collect_pipeline - INFO - Making API request: /fixtures/statistics?fixture=1171955
2025-09-03 18:07:11,600 - src.collect_pipeline - INFO - API response: 0 results
2025-09-03 18:07:11,601 - src.collect_pipeline - INFO - Making API request: /fixtures/statistics?fixture=1171960
2025-09-03 18:07:11,738 - src.collect_pipeline - INFO - API response: 0 results
2025-09-03 18:07:11,739 - src.collect_pipeline - INFO - Making API request: /fixtures/statistics?fixture=1171940
2025-09-03 18:07:11,871 - src.collect_pipeline - INFO - API response: 0 results
2025-09-03 18:07:11,872 - src.collect_pipeline - INFO - Making API request: /fixtures/statistics?fixture=1171957
2025-09-03 18:07:12,007 - src.collect_pipeline - INFO - API response: 0 results
2025-09-03 18:07:12,008 - src.collect_pipeline - INFO - Making API request: /fixtures/statistics?fixture=1171964
2025-09-03 18:07:12,143 - src.collect_pipeline - INFO - API response: 0 results
2025-09-03 18:07:12,144 - src.collect_pipeline - INFO - Making API request: /fixtures/statistics?fixture=1176524
2025-09-03 18:07:12,275 - src.collect_pipeline - INFO - API response: 0 results
2025-09-03 18:07:12,276 - src.collect_pipeline - INFO - Making API request: /fixtures/statistics?fixture=1171992
2025-09-03 18:07:12,429 - src.collect_pipeline - INFO - API response: 0 results
2025-09-03 18:07:12,430 - src.collect_pipeline - INFO - Making API request: /fixtures/statistics?fixture=1171994
2025-09-03 18:07:12,559 - src.collect_pipeline - INFO - API response: 0 results
2025-09-03 18:07:12,560 - src.collect_pipeline - INFO - Making API request: /fixtures/statistics?fixture=1171959
2025-09-03 18:07:12,696 - src.collect_pipeline - INFO - API response: 0 results
2025-09-03 18:07:12,697 - src.collect_pipeline - INFO - Making API request: /fixtures/statistics?fixture=1171987
2025-09-03 18:07:12,841 - src.collect_pipeline - INFO - API response: 0 results
2025-09-03 18:07:12,842 - src.collect_pipeline - INFO - Making API request: /fixtures/statistics?fixture=1172020
2025-09-03 18:07:12,967 - src.collect_pipeline - INFO - API response: 0 results
2025-09-03 18:07:12,968 - src.collect_pipeline - INFO - Making API request: /fixtures/statistics?fixture=1171979
2025-09-03 18:07:13,113 - src.collect_pipeline - INFO - API response: 0 results
2025-09-03 18:07:13,114 - src.collect_pipeline - INFO - Making API request: /fixtures/statistics?fixture=1172021
2025-09-03 18:07:13,256 - src.collect_pipeline - INFO - API response: 0 results
2025-09-03 18:07:13,257 - src.collect_pipeline - INFO - Making API request: /fixtures/statistics?fixture=1171910
2025-09-03 18:07:13,404 - src.collect_pipeline - INFO - API response: 0 results
2025-09-03 18:07:13,405 - src.collect_pipeline - INFO - Making API request: /fixtures/statistics?fixture=1172019
2025-09-03 18:07:13,544 - src.collect_pipeline - INFO - API response: 0 results
2025-09-03 18:07:13,544 - src.collect_pipeline - INFO - Making API request: /fixtures/statistics?fixture=1171941
2025-09-03 18:07:13,687 - src.collect_pipeline - INFO - API response: 0 results
2025-09-03 18:07:13,688 - src.collect_pipeline - INFO - Making API request: /fixtures/statistics?fixture=1172023
2025-09-03 18:07:13,824 - src.collect_pipeline - INFO - API response: 0 results
2025-09-03 18:07:13,825 - src.collect_pipeline - INFO - Making API request: /fixtures/statistics?fixture=1172022
2025-09-03 18:07:13,966 - src.collect_pipeline - INFO - API response: 0 results
2025-09-03 18:07:13,967 - src.collect_pipeline - INFO - Making API request: /fixtures/statistics?fixture=1171923
2025-09-03 18:07:14,108 - src.collect_pipeline - INFO - API response: 0 results
2025-09-03 18:07:14,110 - src.collect_pipeline - INFO - Making API request: /fixtures/statistics?fixture=1171924
2025-09-03 18:07:14,250 - src.collect_pipeline - INFO - API response: 0 results
2025-09-03 18:07:14,251 - src.collect_pipeline - INFO - Making API request: /fixtures/statistics?fixture=1171942
2025-09-03 18:07:14,397 - src.collect_pipeline - INFO - API response: 0 results
2025-09-03 18:07:14,398 - src.collect_pipeline - INFO - Making API request: /fixtures/statistics?fixture=1174803
2025-09-03 18:07:14,552 - src.collect_pipeline - INFO - API response: 0 results
2025-09-03 18:07:14,552 - src.collect_pipeline - INFO - Making API request: /fixtures/statistics?fixture=1171943
2025-09-03 18:07:14,696 - src.collect_pipeline - INFO - API response: 0 results
2025-09-03 18:07:14,696 - src.collect_pipeline - INFO - Making API request: /fixtures/statistics?fixture=1171944
2025-09-03 18:07:14,849 - src.collect_pipeline - INFO - API response: 0 results
2025-09-03 18:07:14,850 - src.collect_pipeline - INFO - Making API request: /fixtures/statistics?fixture=1171975
2025-09-03 18:07:14,994 - src.collect_pipeline - INFO - API response: 0 results
2025-09-03 18:07:14,998 - src.collect_pipeline - INFO - Progress saved to data/raw\data_collection_progress.json
2025-09-03 18:07:14,998 - src.collect_pipeline - INFO - Processing batch 3
2025-09-03 18:07:14,998 - src.collect_pipeline - INFO - Making API request: /fixtures/statistics?fixture=1176794
2025-09-03 18:07:15,134 - src.collect_pipeline - INFO - API response: 0 results
2025-09-03 18:07:15,135 - src.collect_pipeline - INFO - Making API request: /fixtures/statistics?fixture=1171914
2025-09-03 18:07:15,271 - src.collect_pipeline - INFO - API response: 0 results
2025-09-03 18:07:15,272 - src.collect_pipeline - INFO - Making API request: /fixtures/statistics?fixture=1171921
2025-09-03 18:07:15,410 - src.collect_pipeline - INFO - API response: 0 results
2025-09-03 18:07:15,411 - src.collect_pipeline - INFO - Making API request: /fixtures/statistics?fixture=1180860
2025-09-03 18:07:15,568 - src.collect_pipeline - INFO - API response: 0 results
2025-09-03 18:07:15,568 - src.collect_pipeline - INFO - Making API request: /fixtures/statistics?fixture=1171945
2025-09-03 18:07:15,700 - src.collect_pipeline - INFO - API response: 0 results
2025-09-03 18:07:15,701 - src.collect_pipeline - INFO - Making API request: /fixtures/statistics?fixture=1174898
2025-09-03 18:07:15,831 - src.collect_pipeline - INFO - API response: 0 results
2025-09-03 18:07:15,832 - src.collect_pipeline - INFO - Making API request: /fixtures/statistics?fixture=1176787
2025-09-03 18:07:15,966 - src.collect_pipeline - INFO - API response: 0 results
2025-09-03 18:07:15,967 - src.collect_pipeline - INFO - Making API request: /fixtures/statistics?fixture=1171925
2025-09-03 18:07:16,117 - src.collect_pipeline - INFO - API response: 0 results
2025-09-03 18:07:16,118 - src.collect_pipeline - INFO - Making API request: /fixtures/statistics?fixture=1171949
2025-09-03 18:07:16,262 - src.collect_pipeline - INFO - API response: 0 results
2025-09-03 18:07:16,263 - src.collect_pipeline - INFO - Making API request: /fixtures/statistics?fixture=1171946
2025-09-03 18:07:16,409 - src.collect_pipeline - INFO - API response: 0 results
2025-09-03 18:07:16,410 - src.collect_pipeline - INFO - Making API request: /fixtures/statistics?fixture=1171917
2025-09-03 18:07:16,556 - src.collect_pipeline - INFO - API response: 0 results
2025-09-03 18:07:16,557 - src.collect_pipeline - INFO - Making API request: /fixtures/statistics?fixture=1174979
2025-09-03 18:07:16,697 - src.collect_pipeline - INFO - API response: 0 results
2025-09-03 18:07:16,698 - src.collect_pipeline - INFO - Making API request: /fixtures/statistics?fixture=1171948
2025-09-03 18:07:16,840 - src.collect_pipeline - INFO - API response: 0 results
2025-09-03 18:07:16,841 - src.collect_pipeline - INFO - Making API request: /fixtures/statistics?fixture=1171947
2025-09-03 18:07:16,998 - src.collect_pipeline - INFO - API response: 0 results
2025-09-03 18:07:16,999 - src.collect_pipeline - INFO - Making API request: /fixtures/statistics?fixture=1171893
2025-09-03 18:07:17,141 - src.collect_pipeline - INFO - API response: 0 results
2025-09-03 18:07:17,142 - src.collect_pipeline - INFO - Making API request: /fixtures/statistics?fixture=1171950
2025-09-03 18:07:17,292 - src.collect_pipeline - INFO - API response: 0 results
2025-09-03 18:07:17,293 - src.collect_pipeline - INFO - Making API request: /fixtures/statistics?fixture=1174802
2025-09-03 18:07:17,438 - src.collect_pipeline - INFO - API response: 0 results
2025-09-03 18:07:17,440 - src.collect_pipeline - INFO - Making API request: /fixtures/statistics?fixture=1178788
2025-09-03 18:07:17,595 - src.collect_pipeline - INFO - API response: 0 results
2025-09-03 18:07:17,596 - src.collect_pipeline - INFO - Making API request: /fixtures/statistics?fixture=1180026
2025-09-03 18:07:17,730 - src.collect_pipeline - INFO - API response: 0 results
2025-09-03 18:07:17,731 - src.collect_pipeline - INFO - Making API request: /fixtures/statistics?fixture=1180281
2025-09-03 18:07:17,906 - src.collect_pipeline - INFO - API response: 0 results
2025-09-03 18:07:17,907 - src.collect_pipeline - INFO - Making API request: /fixtures/statistics?fixture=1178787
2025-09-03 18:07:18,046 - src.collect_pipeline - INFO - API response: 0 results
2025-09-03 18:07:18,047 - src.collect_pipeline - INFO - Making API request: /fixtures/statistics?fixture=1171915
2025-09-03 18:07:18,200 - src.collect_pipeline - INFO - API response: 0 results
2025-09-03 18:07:18,201 - src.collect_pipeline - INFO - Making API request: /fixtures/statistics?fixture=1178785
2025-09-03 18:07:18,328 - src.collect_pipeline - INFO - API response: 0 results
2025-09-03 18:07:18,329 - src.collect_pipeline - INFO - Making API request: /fixtures/statistics?fixture=1171916
2025-09-03 18:07:18,475 - src.collect_pipeline - INFO - API response: 0 results
2025-09-03 18:07:18,476 - src.collect_pipeline - INFO - Making API request: /fixtures/statistics?fixture=1177780
2025-09-03 18:07:18,606 - src.collect_pipeline - INFO - API response: 0 results
2025-09-03 18:07:18,607 - src.collect_pipeline - INFO - Making API request: /fixtures/statistics?fixture=1171906
2025-09-03 18:07:18,746 - src.collect_pipeline - INFO - API response: 0 results
2025-09-03 18:07:18,747 - src.collect_pipeline - INFO - Making API request: /fixtures/statistics?fixture=1180919
2025-09-03 18:07:18,873 - src.collect_pipeline - INFO - API response: 0 results
2025-09-03 18:07:18,874 - src.collect_pipeline - INFO - Making API request: /fixtures/statistics?fixture=1180280
2025-09-03 18:07:19,023 - src.collect_pipeline - INFO - API response: 0 results
2025-09-03 18:07:19,024 - src.collect_pipeline - INFO - Making API request: /fixtures/statistics?fixture=1180027
2025-09-03 18:07:19,175 - src.collect_pipeline - INFO - API response: 0 results
2025-09-03 18:07:19,176 - src.collect_pipeline - INFO - Making API request: /fixtures/statistics?fixture=1171934
2025-09-03 18:07:19,303 - src.collect_pipeline - INFO - API response: 0 results
2025-09-03 18:07:19,304 - src.collect_pipeline - INFO - Making API request: /fixtures/statistics?fixture=1180857
2025-09-03 18:07:19,442 - src.collect_pipeline - INFO - API response: 0 results
2025-09-03 18:07:19,443 - src.collect_pipeline - INFO - Making API request: /fixtures/statistics?fixture=1180856
2025-09-03 18:07:19,575 - src.collect_pipeline - INFO - API response: 0 results
2025-09-03 18:07:19,576 - src.collect_pipeline - INFO - Making API request: /fixtures/statistics?fixture=1171920
2025-09-03 18:07:19,718 - src.collect_pipeline - INFO - API response: 0 results
2025-09-03 18:07:19,719 - src.collect_pipeline - INFO - Making API request: /fixtures/statistics?fixture=1180917
2025-09-03 18:07:19,858 - src.collect_pipeline - INFO - API response: 0 results
2025-09-03 18:07:19,859 - src.collect_pipeline - INFO - Making API request: /fixtures/statistics?fixture=1183405
2025-09-03 18:07:19,990 - src.collect_pipeline - INFO - API response: 0 results
2025-09-03 18:07:19,991 - src.collect_pipeline - INFO - Making API request: /fixtures/statistics?fixture=1180923
2025-09-03 18:07:20,121 - src.collect_pipeline - INFO - API response: 0 results
2025-09-03 18:07:20,122 - src.collect_pipeline - INFO - Making API request: /fixtures/statistics?fixture=1177779
2025-09-03 18:07:20,270 - src.collect_pipeline - INFO - API response: 0 results
2025-09-03 18:07:20,271 - src.collect_pipeline - INFO - Making API request: /fixtures/statistics?fixture=1171951
2025-09-03 18:07:20,408 - src.collect_pipeline - INFO - API response: 0 results
2025-09-03 18:07:20,409 - src.collect_pipeline - INFO - Making API request: /fixtures/statistics?fixture=1180859
2025-09-03 18:07:20,551 - src.collect_pipeline - INFO - API response: 0 results
2025-09-03 18:07:20,552 - src.collect_pipeline - INFO - Making API request: /fixtures/statistics?fixture=1171909
2025-09-03 18:07:20,683 - src.collect_pipeline - INFO - API response: 0 results
2025-09-03 18:07:20,684 - src.collect_pipeline - INFO - Making API request: /fixtures/statistics?fixture=1181759
2025-09-03 18:07:20,830 - src.collect_pipeline - INFO - API response: 0 results
2025-09-03 18:07:20,831 - src.collect_pipeline - INFO - Making API request: /fixtures/statistics?fixture=1176789
2025-09-03 18:07:20,965 - src.collect_pipeline - INFO - API response: 0 results
2025-09-03 18:07:20,966 - src.collect_pipeline - INFO - Making API request: /fixtures/statistics?fixture=1180921
2025-09-03 18:07:21,100 - src.collect_pipeline - INFO - API response: 0 results
2025-09-03 18:07:21,101 - src.collect_pipeline - INFO - Making API request: /fixtures/statistics?fixture=1174801
2025-09-03 18:07:21,253 - src.collect_pipeline - INFO - API response: 0 results
2025-09-03 18:07:21,254 - src.collect_pipeline - INFO - Making API request: /fixtures/statistics?fixture=1171952
2025-09-03 18:07:21,388 - src.collect_pipeline - INFO - API response: 0 results
2025-09-03 18:07:21,388 - src.collect_pipeline - INFO - Making API request: /fixtures/statistics?fixture=1180920
2025-09-03 18:07:21,539 - src.collect_pipeline - INFO - API response: 0 results
2025-09-03 18:07:21,540 - src.collect_pipeline - INFO - Making API request: /fixtures/statistics?fixture=1171912
2025-09-03 18:07:21,698 - src.collect_pipeline - INFO - API response: 0 results
2025-09-03 18:07:21,699 - src.collect_pipeline - INFO - Making API request: /fixtures/statistics?fixture=1171905
2025-09-03 18:07:21,839 - src.collect_pipeline - INFO - API response: 0 results
2025-09-03 18:07:21,840 - src.collect_pipeline - INFO - Making API request: /fixtures/statistics?fixture=1177774
2025-09-03 18:07:21,974 - src.collect_pipeline - INFO - API response: 0 results
2025-09-03 18:07:21,975 - src.collect_pipeline - INFO - Making API request: /fixtures/statistics?fixture=1180853
2025-09-03 18:07:22,108 - src.collect_pipeline - INFO - API response: 0 results
2025-09-03 18:07:22,112 - src.collect_pipeline - INFO - Progress saved to data/raw\data_collection_progress.json
2025-09-03 18:07:22,112 - src.collect_pipeline - INFO - Processing batch 4
2025-09-03 18:07:22,112 - src.collect_pipeline - INFO - Making API request: /fixtures/statistics?fixture=1171894
2025-09-03 18:07:22,256 - src.collect_pipeline - INFO - API response: 0 results
2025-09-03 18:07:22,256 - src.collect_pipeline - INFO - Making API request: /fixtures/statistics?fixture=1171903
2025-09-03 18:07:22,402 - src.collect_pipeline - INFO - API response: 0 results
2025-09-03 18:07:22,404 - src.collect_pipeline - INFO - Making API request: /fixtures/statistics?fixture=1176791
2025-09-03 18:07:22,547 - src.collect_pipeline - INFO - API response: 0 results
2025-09-03 18:07:22,548 - src.collect_pipeline - INFO - Making API request: /fixtures/statistics?fixture=1171908
2025-09-03 18:07:22,685 - src.collect_pipeline - INFO - API response: 0 results
2025-09-03 18:07:22,685 - src.collect_pipeline - INFO - Making API request: /fixtures/statistics?fixture=1176793
2025-09-03 18:07:22,826 - src.collect_pipeline - INFO - API response: 0 results
2025-09-03 18:07:22,827 - src.collect_pipeline - INFO - Making API request: /fixtures/statistics?fixture=1171902
2025-09-03 18:07:22,976 - src.collect_pipeline - INFO - API response: 0 results
2025-09-03 18:07:22,977 - src.collect_pipeline - INFO - Making API request: /fixtures/statistics?fixture=1180918
2025-09-03 18:07:23,116 - src.collect_pipeline - INFO - API response: 0 results
2025-09-03 18:07:23,117 - src.collect_pipeline - INFO - Making API request: /fixtures/statistics?fixture=1174897
2025-09-03 18:07:23,259 - src.collect_pipeline - INFO - API response: 0 results
2025-09-03 18:07:23,260 - src.collect_pipeline - INFO - Making API request: /fixtures/statistics?fixture=1171891
2025-09-03 18:07:23,410 - src.collect_pipeline - INFO - API response: 0 results
2025-09-03 18:07:23,411 - src.collect_pipeline - INFO - Making API request: /fixtures/statistics?fixture=1177776
2025-09-03 18:07:23,569 - src.collect_pipeline - INFO - API response: 0 results
2025-09-03 18:07:23,569 - src.collect_pipeline - INFO - Making API request: /fixtures/statistics?fixture=1175983
2025-09-03 18:07:23,706 - src.collect_pipeline - INFO - API response: 0 results
2025-09-03 18:07:23,707 - src.collect_pipeline - INFO - Making API request: /fixtures/statistics?fixture=1176792
2025-09-03 18:07:23,841 - src.collect_pipeline - INFO - API response: 0 results
2025-09-03 18:07:23,842 - src.collect_pipeline - INFO - Making API request: /fixtures/statistics?fixture=1180922
2025-09-03 18:07:23,981 - src.collect_pipeline - INFO - API response: 0 results
2025-09-03 18:07:23,982 - src.collect_pipeline - INFO - Making API request: /fixtures/statistics?fixture=1177778
2025-09-03 18:07:24,134 - src.collect_pipeline - INFO - API response: 0 results
2025-09-03 18:07:24,134 - src.collect_pipeline - INFO - Making API request: /fixtures/statistics?fixture=1171900
2025-09-03 18:07:24,282 - src.collect_pipeline - INFO - API response: 0 results
2025-09-03 18:07:24,283 - src.collect_pipeline - INFO - Making API request: /fixtures/statistics?fixture=1171904
2025-09-03 18:07:24,424 - src.collect_pipeline - INFO - API response: 0 results
2025-09-03 18:07:24,425 - src.collect_pipeline - INFO - Making API request: /fixtures/statistics?fixture=1180028
2025-09-03 18:07:24,561 - src.collect_pipeline - INFO - API response: 0 results
2025-09-03 18:07:24,561 - src.collect_pipeline - INFO - Making API request: /fixtures/statistics?fixture=1174980
2025-09-03 18:07:24,705 - src.collect_pipeline - INFO - API response: 0 results
2025-09-03 18:07:24,706 - src.collect_pipeline - INFO - Making API request: /fixtures/statistics?fixture=1171953
2025-09-03 18:07:24,843 - src.collect_pipeline - INFO - API response: 0 results
2025-09-03 18:07:24,844 - src.collect_pipeline - INFO - Making API request: /fixtures/statistics?fixture=1171898
2025-09-03 18:07:24,992 - src.collect_pipeline - INFO - API response: 0 results
2025-09-03 18:07:24,993 - src.collect_pipeline - INFO - Making API request: /fixtures/statistics?fixture=1177775
2025-09-03 18:07:25,140 - src.collect_pipeline - INFO - API response: 0 results
2025-09-03 18:07:25,141 - src.collect_pipeline - INFO - Making API request: /fixtures/statistics?fixture=1177777
2025-09-03 18:07:25,275 - src.collect_pipeline - INFO - API response: 0 results
2025-09-03 18:07:25,276 - src.collect_pipeline - INFO - Making API request: /fixtures/statistics?fixture=1171896
2025-09-03 18:07:25,416 - src.collect_pipeline - INFO - API response: 0 results
2025-09-03 18:07:25,416 - src.collect_pipeline - INFO - Making API request: /fixtures/statistics?fixture=1180858
2025-09-03 18:07:25,555 - src.collect_pipeline - INFO - API response: 0 results
2025-09-03 18:07:25,556 - src.collect_pipeline - INFO - Making API request: /fixtures/statistics?fixture=1171907
2025-09-03 18:07:25,698 - src.collect_pipeline - INFO - API response: 0 results
2025-09-03 18:07:25,699 - src.collect_pipeline - INFO - Making API request: /fixtures/statistics?fixture=1174038
2025-09-03 18:07:25,848 - src.collect_pipeline - INFO - API response: 0 results
2025-09-03 18:07:25,848 - src.collect_pipeline - INFO - Making API request: /fixtures/statistics?fixture=1184615
2025-09-03 18:07:25,992 - src.collect_pipeline - INFO - API response: 0 results
2025-09-03 18:07:25,993 - src.collect_pipeline - INFO - Making API request: /fixtures/statistics?fixture=1178064
2025-09-03 18:07:26,140 - src.collect_pipeline - INFO - API response: 0 results
2025-09-03 18:07:26,141 - src.collect_pipeline - INFO - Making API request: /fixtures/statistics?fixture=1183775
2025-09-03 18:07:26,291 - src.collect_pipeline - INFO - API response: 0 results
2025-09-03 18:07:26,292 - src.collect_pipeline - INFO - Making API request: /fixtures/statistics?fixture=1184440
2025-09-03 18:07:26,438 - src.collect_pipeline - INFO - API response: 0 results
2025-09-03 18:07:26,439 - src.collect_pipeline - INFO - Making API request: /fixtures/statistics?fixture=1176786
2025-09-03 18:07:26,583 - src.collect_pipeline - INFO - API response: 0 results
2025-09-03 18:07:26,584 - src.collect_pipeline - INFO - Making API request: /fixtures/statistics?fixture=1178786
2025-09-03 18:07:26,717 - src.collect_pipeline - INFO - API response: 0 results
2025-09-03 18:07:26,718 - src.collect_pipeline - INFO - Making API request: /fixtures/statistics?fixture=1176790
2025-09-03 18:07:26,859 - src.collect_pipeline - INFO - API response: 0 results
2025-09-03 18:07:26,860 - src.collect_pipeline - INFO - Making API request: /fixtures/statistics?fixture=1180855
2025-09-03 18:07:27,004 - src.collect_pipeline - INFO - API response: 0 results
2025-09-03 18:07:27,006 - src.collect_pipeline - INFO - Making API request: /fixtures/statistics?fixture=1173867
2025-09-03 18:07:27,149 - src.collect_pipeline - INFO - API response: 0 results
2025-09-03 18:07:27,150 - src.collect_pipeline - INFO - Making API request: /fixtures/statistics?fixture=1180279
2025-09-03 18:07:27,297 - src.collect_pipeline - INFO - API response: 0 results
2025-09-03 18:07:27,298 - src.collect_pipeline - INFO - Making API request: /fixtures/statistics?fixture=1185622
2025-09-03 18:07:27,441 - src.collect_pipeline - INFO - API response: 0 results
2025-09-03 18:07:27,442 - src.collect_pipeline - INFO - Making API request: /fixtures/statistics?fixture=1176788
2025-09-03 18:07:27,573 - src.collect_pipeline - INFO - API response: 0 results
2025-09-03 18:07:27,574 - src.collect_pipeline - INFO - Making API request: /fixtures/statistics?fixture=1171901
2025-09-03 18:07:27,708 - src.collect_pipeline - INFO - API response: 0 results
2025-09-03 18:07:27,709 - src.collect_pipeline - INFO - Making API request: /fixtures/statistics?fixture=1171926
2025-09-03 18:07:27,858 - src.collect_pipeline - INFO - API response: 0 results
2025-09-03 18:07:27,859 - src.collect_pipeline - INFO - Making API request: /fixtures/statistics?fixture=1186154
2025-09-03 18:07:27,995 - src.collect_pipeline - INFO - API response: 0 results
2025-09-03 18:07:27,996 - src.collect_pipeline - INFO - Making API request: /fixtures/statistics?fixture=1183788
2025-09-03 18:07:28,127 - src.collect_pipeline - INFO - API response: 0 results
2025-09-03 18:07:28,128 - src.collect_pipeline - INFO - Making API request: /fixtures/statistics?fixture=1177773
2025-09-03 18:07:28,269 - src.collect_pipeline - INFO - API response: 0 results
2025-09-03 18:07:28,271 - src.collect_pipeline - INFO - Making API request: /fixtures/statistics?fixture=1181760
2025-09-03 18:07:28,412 - src.collect_pipeline - INFO - API response: 0 results
2025-09-03 18:07:28,413 - src.collect_pipeline - INFO - Making API request: /fixtures/statistics?fixture=1183789
2025-09-03 18:07:28,567 - src.collect_pipeline - INFO - API response: 0 results
2025-09-03 18:07:28,568 - src.collect_pipeline - INFO - Making API request: /fixtures/statistics?fixture=1171897
2025-09-03 18:07:28,715 - src.collect_pipeline - INFO - API response: 0 results
2025-09-03 18:07:28,715 - src.collect_pipeline - INFO - Making API request: /fixtures/statistics?fixture=1176795
2025-09-03 18:07:28,848 - src.collect_pipeline - INFO - API response: 0 results
2025-09-03 18:07:28,848 - src.collect_pipeline - INFO - Making API request: /fixtures/statistics?fixture=1185619
2025-09-03 18:07:28,989 - src.collect_pipeline - INFO - API response: 0 results
2025-09-03 18:07:28,990 - src.collect_pipeline - INFO - Making API request: /fixtures/statistics?fixture=1174978
2025-09-03 18:07:29,122 - src.collect_pipeline - INFO - API response: 0 results
2025-09-03 18:07:29,123 - src.collect_pipeline - INFO - Making API request: /fixtures/statistics?fixture=1185625
2025-09-03 18:07:29,267 - src.collect_pipeline - INFO - API response: 0 results
2025-09-03 18:07:29,274 - src.collect_pipeline - INFO - Progress saved to data/raw\data_collection_progress.json
2025-09-03 18:07:29,274 - src.collect_pipeline - INFO - Processing batch 5
2025-09-03 18:07:29,274 - src.collect_pipeline - INFO - Making API request: /fixtures/statistics?fixture=1180854
2025-09-03 18:07:29,418 - src.collect_pipeline - INFO - API response: 0 results
2025-09-03 18:07:29,419 - src.collect_pipeline - INFO - Making API request: /fixtures/statistics?fixture=1184614
2025-09-03 18:07:29,550 - src.collect_pipeline - INFO - API response: 0 results
2025-09-03 18:07:29,551 - src.collect_pipeline - INFO - Making API request: /fixtures/statistics?fixture=1185611
2025-09-03 18:07:29,682 - src.collect_pipeline - INFO - API response: 0 results
2025-09-03 18:07:29,683 - src.collect_pipeline - INFO - Making API request: /fixtures/statistics?fixture=1185141
2025-09-03 18:07:29,824 - src.collect_pipeline - INFO - API response: 0 results
2025-09-03 18:07:29,825 - src.collect_pipeline - INFO - Making API request: /fixtures/statistics?fixture=1185624
2025-09-03 18:07:29,972 - src.collect_pipeline - INFO - API response: 0 results
2025-09-03 18:07:29,973 - src.collect_pipeline - INFO - Making API request: /fixtures/statistics?fixture=1186152
2025-09-03 18:07:30,116 - src.collect_pipeline - INFO - API response: 0 results
2025-09-03 18:07:30,116 - src.collect_pipeline - INFO - Making API request: /fixtures/statistics?fixture=1182779
2025-09-03 18:07:30,256 - src.collect_pipeline - INFO - API response: 0 results
2025-09-03 18:07:30,257 - src.collect_pipeline - INFO - Making API request: /fixtures/statistics?fixture=1186148
2025-09-03 18:07:30,400 - src.collect_pipeline - INFO - API response: 0 results
2025-09-03 18:07:30,401 - src.collect_pipeline - INFO - Making API request: /fixtures/statistics?fixture=1186147
2025-09-03 18:07:30,546 - src.collect_pipeline - INFO - API response: 0 results
2025-09-03 18:07:30,547 - src.collect_pipeline - INFO - Making API request: /fixtures/statistics?fixture=1185620
2025-09-03 18:07:30,677 - src.collect_pipeline - INFO - API response: 0 results
2025-09-03 18:07:30,678 - src.collect_pipeline - INFO - Making API request: /fixtures/statistics?fixture=1184613
2025-09-03 18:07:30,805 - src.collect_pipeline - INFO - API response: 0 results
2025-09-03 18:07:30,806 - src.collect_pipeline - INFO - Making API request: /fixtures/statistics?fixture=1185139
2025-09-03 18:07:30,943 - src.collect_pipeline - INFO - API response: 0 results
2025-09-03 18:07:30,944 - src.collect_pipeline - INFO - Making API request: /fixtures/statistics?fixture=1184794
2025-09-03 18:07:31,077 - src.collect_pipeline - INFO - API response: 0 results
2025-09-03 18:07:31,077 - src.collect_pipeline - INFO - Making API request: /fixtures/statistics?fixture=1186143
2025-09-03 18:07:31,223 - src.collect_pipeline - INFO - API response: 0 results
2025-09-03 18:07:31,224 - src.collect_pipeline - INFO - Making API request: /fixtures/statistics?fixture=1185613
2025-09-03 18:07:31,365 - src.collect_pipeline - INFO - API response: 0 results
2025-09-03 18:07:31,366 - src.collect_pipeline - INFO - Making API request: /fixtures/statistics?fixture=1185618
2025-09-03 18:07:31,496 - src.collect_pipeline - INFO - API response: 0 results
2025-09-03 18:07:31,497 - src.collect_pipeline - INFO - Making API request: /fixtures/statistics?fixture=1183776
2025-09-03 18:07:31,647 - src.collect_pipeline - INFO - API response: 0 results
2025-09-03 18:07:31,648 - src.collect_pipeline - INFO - Making API request: /fixtures/statistics?fixture=1185617
2025-09-03 18:07:31,774 - src.collect_pipeline - INFO - API response: 0 results
2025-09-03 18:07:31,775 - src.collect_pipeline - INFO - Making API request: /fixtures/statistics?fixture=1185623
2025-09-03 18:07:31,909 - src.collect_pipeline - INFO - API response: 0 results
2025-09-03 18:07:31,910 - src.collect_pipeline - INFO - Making API request: /fixtures/statistics?fixture=1186153
2025-09-03 18:07:32,051 - src.collect_pipeline - INFO - API response: 0 results
2025-09-03 18:07:32,052 - src.collect_pipeline - INFO - Making API request: /fixtures/statistics?fixture=1185621
2025-09-03 18:07:32,191 - src.collect_pipeline - INFO - API response: 0 results
2025-09-03 18:07:32,192 - src.collect_pipeline - INFO - Making API request: /fixtures/statistics?fixture=1188619
2025-09-03 18:07:32,323 - src.collect_pipeline - INFO - API response: 0 results
2025-09-03 18:07:32,324 - src.collect_pipeline - INFO - Making API request: /fixtures/statistics?fixture=1185614
2025-09-03 18:07:32,466 - src.collect_pipeline - INFO - API response: 0 results
2025-09-03 18:07:32,467 - src.collect_pipeline - INFO - Making API request: /fixtures/statistics?fixture=1186145
2025-09-03 18:07:32,601 - src.collect_pipeline - INFO - API response: 0 results
2025-09-03 18:07:32,602 - src.collect_pipeline - INFO - Making API request: /fixtures/statistics?fixture=1181758
2025-09-03 18:07:32,738 - src.collect_pipeline - INFO - API response: 0 results
2025-09-03 18:07:32,739 - src.collect_pipeline - INFO - Making API request: /fixtures/statistics?fixture=1183774
2025-09-03 18:07:32,874 - src.collect_pipeline - INFO - API response: 0 results
2025-09-03 18:07:32,875 - src.collect_pipeline - INFO - Making API request: /fixtures/statistics?fixture=1185616
2025-09-03 18:07:33,006 - src.collect_pipeline - INFO - API response: 0 results
2025-09-03 18:07:33,007 - src.collect_pipeline - INFO - Making API request: /fixtures/statistics?fixture=1186889
2025-09-03 18:07:33,149 - src.collect_pipeline - INFO - API response: 0 results
2025-09-03 18:07:33,150 - src.collect_pipeline - INFO - Making API request: /fixtures/statistics?fixture=1186146
2025-09-03 18:07:33,291 - src.collect_pipeline - INFO - API response: 0 results
2025-09-03 18:07:33,291 - src.collect_pipeline - INFO - Making API request: /fixtures/statistics?fixture=1186149
2025-09-03 18:07:33,427 - src.collect_pipeline - INFO - API response: 0 results
2025-09-03 18:07:33,428 - src.collect_pipeline - INFO - Making API request: /fixtures/statistics?fixture=1186151
2025-09-03 18:07:33,558 - src.collect_pipeline - INFO - API response: 0 results
2025-09-03 18:07:33,559 - src.collect_pipeline - INFO - Making API request: /fixtures/statistics?fixture=1189634
2025-09-03 18:07:33,688 - src.collect_pipeline - INFO - API response: 0 results
2025-09-03 18:07:33,688 - src.collect_pipeline - INFO - Making API request: /fixtures/statistics?fixture=1188974
2025-09-03 18:07:33,823 - src.collect_pipeline - INFO - API response: 0 results
2025-09-03 18:07:33,823 - src.collect_pipeline - INFO - Making API request: /fixtures/statistics?fixture=1185137
2025-09-03 18:07:33,971 - src.collect_pipeline - INFO - API response: 0 results
2025-09-03 18:07:33,972 - src.collect_pipeline - INFO - Making API request: /fixtures/statistics?fixture=1185615
2025-09-03 18:07:34,117 - src.collect_pipeline - INFO - API response: 0 results
2025-09-03 18:07:34,118 - src.collect_pipeline - INFO - Making API request: /fixtures/statistics?fixture=1189635
2025-09-03 18:07:34,255 - src.collect_pipeline - INFO - API response: 0 results
2025-09-03 18:07:34,256 - src.collect_pipeline - INFO - Making API request: /fixtures/statistics?fixture=1188973
2025-09-03 18:07:34,400 - src.collect_pipeline - INFO - API response: 0 results
2025-09-03 18:07:34,401 - src.collect_pipeline - INFO - Making API request: /fixtures/statistics?fixture=1185612
2025-09-03 18:07:34,544 - src.collect_pipeline - INFO - API response: 0 results
2025-09-03 18:07:34,545 - src.collect_pipeline - INFO - Making API request: /fixtures/statistics?fixture=1185140
2025-09-03 18:07:34,679 - src.collect_pipeline - INFO - API response: 0 results
2025-09-03 18:07:34,680 - src.collect_pipeline - INFO - Making API request: /fixtures/statistics?fixture=1186150
2025-09-03 18:07:34,832 - src.collect_pipeline - INFO - API response: 0 results
2025-09-03 18:07:34,833 - src.collect_pipeline - INFO - Making API request: /fixtures/statistics?fixture=1189632
2025-09-03 18:07:34,988 - src.collect_pipeline - INFO - API response: 0 results
2025-09-03 18:07:34,989 - src.collect_pipeline - INFO - Making API request: /fixtures/statistics?fixture=1186144
2025-09-03 18:07:35,124 - src.collect_pipeline - INFO - API response: 0 results
2025-09-03 18:07:35,125 - src.collect_pipeline - INFO - Making API request: /fixtures/statistics?fixture=1185136
2025-09-03 18:07:35,263 - src.collect_pipeline - INFO - API response: 0 results
2025-09-03 18:07:35,263 - src.collect_pipeline - INFO - Making API request: /fixtures/statistics?fixture=1188975
2025-09-03 18:07:35,407 - src.collect_pipeline - INFO - API response: 0 results
2025-09-03 18:07:35,408 - src.collect_pipeline - INFO - Making API request: /fixtures/statistics?fixture=1185138
2025-09-03 18:07:35,539 - src.collect_pipeline - INFO - API response: 0 results
2025-09-03 18:07:35,540 - src.collect_pipeline - INFO - Making API request: /fixtures/statistics?fixture=1188618
2025-09-03 18:07:35,681 - src.collect_pipeline - INFO - API response: 0 results
2025-09-03 18:07:35,682 - src.collect_pipeline - INFO - Making API request: /fixtures/statistics?fixture=1189630
2025-09-03 18:07:35,825 - src.collect_pipeline - INFO - API response: 0 results
2025-09-03 18:07:35,825 - src.collect_pipeline - INFO - Making API request: /fixtures/statistics?fixture=1189631
2025-09-03 18:07:35,965 - src.collect_pipeline - INFO - API response: 0 results
2025-09-03 18:07:35,966 - src.collect_pipeline - INFO - Making API request: /fixtures/statistics?fixture=1189633
2025-09-03 18:07:36,103 - src.collect_pipeline - INFO - API response: 0 results
2025-09-03 18:07:36,104 - src.collect_pipeline - INFO - Making API request: /fixtures/statistics?fixture=1188972
2025-09-03 18:07:36,240 - src.collect_pipeline - INFO - API response: 0 results
2025-09-03 18:07:36,245 - src.collect_pipeline - INFO - Progress saved to data/raw\data_collection_progress.json
2025-09-03 18:07:36,245 - src.collect_pipeline - INFO - Processing batch 6
2025-09-03 18:07:36,245 - src.collect_pipeline - INFO - Making API request: /fixtures/statistics?fixture=1193038
2025-09-03 18:07:36,385 - src.collect_pipeline - INFO - API response: 0 results
2025-09-03 18:07:36,386 - src.collect_pipeline - INFO - Making API request: /fixtures/statistics?fixture=1192644
2025-09-03 18:07:36,514 - src.collect_pipeline - INFO - API response: 0 results
2025-09-03 18:07:36,515 - src.collect_pipeline - INFO - Making API request: /fixtures/statistics?fixture=1193024
2025-09-03 18:07:36,669 - src.collect_pipeline - INFO - API response: 0 results
2025-09-03 18:07:36,670 - src.collect_pipeline - INFO - Making API request: /fixtures/statistics?fixture=1193046
2025-09-03 18:07:36,809 - src.collect_pipeline - INFO - API response: 0 results
2025-09-03 18:07:36,810 - src.collect_pipeline - INFO - Making API request: /fixtures/statistics?fixture=1192646
2025-09-03 18:07:36,954 - src.collect_pipeline - INFO - API response: 0 results
2025-09-03 18:07:36,954 - src.collect_pipeline - INFO - Making API request: /fixtures/statistics?fixture=1193042
2025-09-03 18:07:37,092 - src.collect_pipeline - INFO - API response: 0 results
2025-09-03 18:07:37,093 - src.collect_pipeline - INFO - Making API request: /fixtures/statistics?fixture=1193043
2025-09-03 18:07:37,240 - src.collect_pipeline - INFO - API response: 0 results
2025-09-03 18:07:37,241 - src.collect_pipeline - INFO - Making API request: /fixtures/statistics?fixture=1193025
2025-09-03 18:07:37,379 - src.collect_pipeline - INFO - API response: 0 results
2025-09-03 18:07:37,380 - src.collect_pipeline - INFO - Making API request: /fixtures/statistics?fixture=1193047
2025-09-03 18:07:37,519 - src.collect_pipeline - INFO - API response: 0 results
2025-09-03 18:07:37,520 - src.collect_pipeline - INFO - Making API request: /fixtures/statistics?fixture=1193045
2025-09-03 18:07:37,667 - src.collect_pipeline - INFO - API response: 0 results
2025-09-03 18:07:37,668 - src.collect_pipeline - INFO - Making API request: /fixtures/statistics?fixture=1192643
2025-09-03 18:07:37,823 - src.collect_pipeline - INFO - API response: 0 results
2025-09-03 18:07:37,825 - src.collect_pipeline - INFO - Making API request: /fixtures/statistics?fixture=1193026
2025-09-03 18:07:37,961 - src.collect_pipeline - INFO - API response: 0 results
2025-09-03 18:07:37,962 - src.collect_pipeline - INFO - Making API request: /fixtures/statistics?fixture=1193023
2025-09-03 18:07:38,143 - src.collect_pipeline - INFO - API response: 0 results
2025-09-03 18:07:38,144 - src.collect_pipeline - INFO - Making API request: /fixtures/statistics?fixture=1193035
2025-09-03 18:07:38,284 - src.collect_pipeline - INFO - API response: 0 results
2025-09-03 18:07:38,284 - src.collect_pipeline - INFO - Making API request: /fixtures/statistics?fixture=1193040
2025-09-03 18:07:38,433 - src.collect_pipeline - INFO - API response: 0 results
2025-09-03 18:07:38,434 - src.collect_pipeline - INFO - Making API request: /fixtures/statistics?fixture=1193048
2025-09-03 18:07:38,579 - src.collect_pipeline - INFO - API response: 0 results
2025-09-03 18:07:38,580 - src.collect_pipeline - INFO - Making API request: /fixtures/statistics?fixture=1193049
2025-09-03 18:07:38,725 - src.collect_pipeline - INFO - API response: 0 results
2025-09-03 18:07:38,726 - src.collect_pipeline - INFO - Making API request: /fixtures/statistics?fixture=1193034
2025-09-03 18:07:38,866 - src.collect_pipeline - INFO - API response: 0 results
2025-09-03 18:07:38,867 - src.collect_pipeline - INFO - Making API request: /fixtures/statistics?fixture=1193039
2025-09-03 18:07:39,009 - src.collect_pipeline - INFO - API response: 0 results
2025-09-03 18:07:39,010 - src.collect_pipeline - INFO - Making API request: /fixtures/statistics?fixture=1193044
2025-09-03 18:07:39,153 - src.collect_pipeline - INFO - API response: 0 results
2025-09-03 18:07:39,154 - src.collect_pipeline - INFO - Making API request: /fixtures/statistics?fixture=1193028
2025-09-03 18:07:39,286 - src.collect_pipeline - INFO - API response: 0 results
2025-09-03 18:07:39,287 - src.collect_pipeline - INFO - Making API request: /fixtures/statistics?fixture=1193051
2025-09-03 18:07:39,433 - src.collect_pipeline - INFO - API response: 0 results
2025-09-03 18:07:39,434 - src.collect_pipeline - INFO - Making API request: /fixtures/statistics?fixture=1193486
2025-09-03 18:07:39,571 - src.collect_pipeline - INFO - API response: 0 results
2025-09-03 18:07:39,572 - src.collect_pipeline - INFO - Making API request: /fixtures/statistics?fixture=1192649
2025-09-03 18:07:39,708 - src.collect_pipeline - INFO - API response: 0 results
2025-09-03 18:07:39,708 - src.collect_pipeline - INFO - Making API request: /fixtures/statistics?fixture=1193485
2025-09-03 18:07:39,841 - src.collect_pipeline - INFO - API response: 0 results
2025-09-03 18:07:39,842 - src.collect_pipeline - INFO - Making API request: /fixtures/statistics?fixture=1193484
2025-09-03 18:07:39,988 - src.collect_pipeline - INFO - API response: 0 results
2025-09-03 18:07:39,989 - src.collect_pipeline - INFO - Making API request: /fixtures/statistics?fixture=1192645
2025-09-03 18:07:40,130 - src.collect_pipeline - INFO - API response: 0 results
2025-09-03 18:07:40,131 - src.collect_pipeline - INFO - Making API request: /fixtures/statistics?fixture=1192648
2025-09-03 18:07:40,265 - src.collect_pipeline - INFO - API response: 0 results
2025-09-03 18:07:40,266 - src.collect_pipeline - INFO - Making API request: /fixtures/statistics?fixture=1192647
2025-09-03 18:07:40,411 - src.collect_pipeline - INFO - API response: 0 results
2025-09-03 18:07:40,412 - src.collect_pipeline - INFO - Making API request: /fixtures/statistics?fixture=1193444
2025-09-03 18:07:40,561 - src.collect_pipeline - INFO - API response: 0 results
2025-09-03 18:07:40,562 - src.collect_pipeline - INFO - Making API request: /fixtures/statistics?fixture=1193487
2025-09-03 18:07:40,736 - src.collect_pipeline - INFO - API response: 0 results
2025-09-03 18:07:40,738 - src.collect_pipeline - INFO - Making API request: /fixtures/statistics?fixture=1194968
2025-09-03 18:07:40,899 - src.collect_pipeline - INFO - API response: 0 results
2025-09-03 18:07:40,900 - src.collect_pipeline - INFO - Making API request: /fixtures/statistics?fixture=1193032
2025-09-03 18:07:41,045 - src.collect_pipeline - INFO - API response: 0 results
2025-09-03 18:07:41,045 - src.collect_pipeline - INFO - Making API request: /fixtures/statistics?fixture=1193050
2025-09-03 18:07:41,184 - src.collect_pipeline - INFO - API response: 0 results
2025-09-03 18:07:41,185 - src.collect_pipeline - INFO - Making API request: /fixtures/statistics?fixture=1193029
2025-09-03 18:07:41,325 - src.collect_pipeline - INFO - API response: 0 results
2025-09-03 18:07:41,326 - src.collect_pipeline - INFO - Making API request: /fixtures/statistics?fixture=1193030
2025-09-03 18:07:41,474 - src.collect_pipeline - INFO - API response: 0 results
2025-09-03 18:07:41,474 - src.collect_pipeline - INFO - Making API request: /fixtures/statistics?fixture=1193445
2025-09-03 18:07:41,625 - src.collect_pipeline - INFO - API response: 0 results
2025-09-03 18:07:41,626 - src.collect_pipeline - INFO - Making API request: /fixtures/statistics?fixture=1193041
2025-09-03 18:07:41,769 - src.collect_pipeline - INFO - API response: 0 results
2025-09-03 18:07:41,770 - src.collect_pipeline - INFO - Making API request: /fixtures/statistics?fixture=1193036
2025-09-03 18:07:41,912 - src.collect_pipeline - INFO - API response: 0 results
2025-09-03 18:07:41,913 - src.collect_pipeline - INFO - Making API request: /fixtures/statistics?fixture=1193483
2025-09-03 18:07:42,057 - src.collect_pipeline - INFO - API response: 0 results
2025-09-03 18:07:42,058 - src.collect_pipeline - INFO - Making API request: /fixtures/statistics?fixture=1193489
2025-09-03 18:07:42,199 - src.collect_pipeline - INFO - API response: 0 results
2025-09-03 18:07:42,200 - src.collect_pipeline - INFO - Making API request: /fixtures/statistics?fixture=1193033
2025-09-03 18:07:42,340 - src.collect_pipeline - INFO - API response: 0 results
2025-09-03 18:07:42,341 - src.collect_pipeline - INFO - Making API request: /fixtures/statistics?fixture=1193037
2025-09-03 18:07:42,476 - src.collect_pipeline - INFO - API response: 0 results
2025-09-03 18:07:42,477 - src.collect_pipeline - INFO - Making API request: /fixtures/statistics?fixture=1193482
2025-09-03 18:07:42,627 - src.collect_pipeline - INFO - API response: 0 results
2025-09-03 18:07:42,627 - src.collect_pipeline - INFO - Making API request: /fixtures/statistics?fixture=1193943
2025-09-03 18:07:42,762 - src.collect_pipeline - INFO - API response: 0 results
2025-09-03 18:07:42,763 - src.collect_pipeline - INFO - Making API request: /fixtures/statistics?fixture=1193399
2025-09-03 18:07:42,909 - src.collect_pipeline - INFO - API response: 0 results
2025-09-03 18:07:42,910 - src.collect_pipeline - INFO - Making API request: /fixtures/statistics?fixture=1193942
2025-09-03 18:07:43,048 - src.collect_pipeline - INFO - API response: 0 results
2025-09-03 18:07:43,049 - src.collect_pipeline - INFO - Making API request: /fixtures/statistics?fixture=1193253
2025-09-03 18:07:43,184 - src.collect_pipeline - INFO - API response: 0 results
2025-09-03 18:07:43,185 - src.collect_pipeline - INFO - Making API request: /fixtures/statistics?fixture=1193027
2025-09-03 18:08:00,214 - src.collect_pipeline - INFO - API response: 0 results
2025-09-03 18:08:00,215 - src.collect_pipeline - INFO - Making API request: /fixtures/statistics?fixture=1193031
2025-09-03 18:08:00,362 - src.collect_pipeline - INFO - API response: 0 results
2025-09-03 18:08:00,366 - src.collect_pipeline - INFO - Progress saved to data/raw\data_collection_progress.json
2025-09-03 18:08:00,366 - src.collect_pipeline - INFO - Processing batch 7
2025-09-03 18:08:00,366 - src.collect_pipeline - INFO - Making API request: /fixtures/statistics?fixture=1193447
2025-09-03 18:08:00,502 - src.collect_pipeline - INFO - API response: 0 results
2025-09-03 18:08:00,502 - src.collect_pipeline - INFO - Making API request: /fixtures/statistics?fixture=1193022
2025-09-03 18:08:00,646 - src.collect_pipeline - INFO - API response: 0 results
2025-09-03 18:08:00,647 - src.collect_pipeline - INFO - Making API request: /fixtures/statistics?fixture=1193488
2025-09-03 18:08:00,783 - src.collect_pipeline - INFO - API response: 0 results
2025-09-03 18:08:00,783 - src.collect_pipeline - INFO - Making API request: /fixtures/statistics?fixture=1193446
2025-09-03 18:08:00,921 - src.collect_pipeline - INFO - API response: 0 results
2025-09-03 18:08:00,922 - src.collect_pipeline - INFO - Making API request: /fixtures/statistics?fixture=1198346
2025-09-03 18:08:01,073 - src.collect_pipeline - INFO - API response: 0 results
2025-09-03 18:08:01,074 - src.collect_pipeline - INFO - Making API request: /fixtures/statistics?fixture=1198371
2025-09-03 18:08:01,398 - src.collect_pipeline - INFO - API response: 0 results
2025-09-03 18:08:01,399 - src.collect_pipeline - INFO - Making API request: /fixtures/statistics?fixture=1198353
2025-09-03 18:08:01,544 - src.collect_pipeline - INFO - API response: 0 results
2025-09-03 18:08:01,545 - src.collect_pipeline - INFO - Making API request: /fixtures/statistics?fixture=1198355
2025-09-03 18:08:01,689 - src.collect_pipeline - INFO - API response: 0 results
2025-09-03 18:08:01,691 - src.collect_pipeline - INFO - Making API request: /fixtures/statistics?fixture=1198357
2025-09-03 18:08:01,839 - src.collect_pipeline - INFO - API response: 0 results
2025-09-03 18:08:01,840 - src.collect_pipeline - INFO - Making API request: /fixtures/statistics?fixture=1198368
2025-09-03 18:08:01,976 - src.collect_pipeline - INFO - API response: 0 results
2025-09-03 18:08:01,977 - src.collect_pipeline - INFO - Making API request: /fixtures/statistics?fixture=1198367
2025-09-03 18:08:02,125 - src.collect_pipeline - INFO - API response: 0 results
2025-09-03 18:08:02,126 - src.collect_pipeline - INFO - Making API request: /fixtures/statistics?fixture=1198366
2025-09-03 18:08:02,271 - src.collect_pipeline - INFO - API response: 0 results
2025-09-03 18:08:02,272 - src.collect_pipeline - INFO - Making API request: /fixtures/statistics?fixture=1198363
2025-09-03 18:08:02,406 - src.collect_pipeline - INFO - API response: 0 results
2025-09-03 18:08:02,407 - src.collect_pipeline - INFO - Making API request: /fixtures/statistics?fixture=1198370
2025-09-03 18:08:02,548 - src.collect_pipeline - INFO - API response: 0 results
2025-09-03 18:08:02,548 - src.collect_pipeline - INFO - Making API request: /fixtures/statistics?fixture=1198365
2025-09-03 18:08:02,681 - src.collect_pipeline - INFO - API response: 0 results
2025-09-03 18:08:02,682 - src.collect_pipeline - INFO - Making API request: /fixtures/statistics?fixture=1198352
2025-09-03 18:08:02,834 - src.collect_pipeline - INFO - API response: 0 results
2025-09-03 18:08:02,835 - src.collect_pipeline - INFO - Making API request: /fixtures/statistics?fixture=1198372
2025-09-03 18:08:02,971 - src.collect_pipeline - INFO - API response: 0 results
2025-09-03 18:08:02,972 - src.collect_pipeline - INFO - Making API request: /fixtures/statistics?fixture=1198361
2025-09-03 18:08:03,101 - src.collect_pipeline - INFO - API response: 0 results
2025-09-03 18:08:03,102 - src.collect_pipeline - INFO - Making API request: /fixtures/statistics?fixture=1198358
2025-09-03 18:08:03,238 - src.collect_pipeline - INFO - API response: 0 results
2025-09-03 18:08:03,240 - src.collect_pipeline - INFO - Making API request: /fixtures/statistics?fixture=1198347
2025-09-03 18:08:03,382 - src.collect_pipeline - INFO - API response: 0 results
2025-09-03 18:08:03,384 - src.collect_pipeline - INFO - Making API request: /fixtures/statistics?fixture=1198354
2025-09-03 18:08:03,518 - src.collect_pipeline - INFO - API response: 0 results
2025-09-03 18:08:03,519 - src.collect_pipeline - INFO - Making API request: /fixtures/statistics?fixture=1198356
2025-09-03 18:08:03,663 - src.collect_pipeline - INFO - API response: 0 results
2025-09-03 18:08:03,664 - src.collect_pipeline - INFO - Making API request: /fixtures/statistics?fixture=1198364
2025-09-03 18:08:03,799 - src.collect_pipeline - INFO - API response: 0 results
2025-09-03 18:08:03,800 - src.collect_pipeline - INFO - Making API request: /fixtures/statistics?fixture=1198362
2025-09-03 18:08:03,939 - src.collect_pipeline - INFO - API response: 0 results
2025-09-03 18:08:03,940 - src.collect_pipeline - INFO - Making API request: /fixtures/statistics?fixture=1198349
2025-09-03 18:08:04,076 - src.collect_pipeline - INFO - API response: 0 results
2025-09-03 18:08:04,077 - src.collect_pipeline - INFO - Making API request: /fixtures/statistics?fixture=1198359
2025-09-03 18:08:04,218 - src.collect_pipeline - INFO - API response: 0 results
2025-09-03 18:08:04,219 - src.collect_pipeline - INFO - Making API request: /fixtures/statistics?fixture=1198373
2025-09-03 18:08:04,347 - src.collect_pipeline - INFO - API response: 0 results
2025-09-03 18:08:04,348 - src.collect_pipeline - INFO - Making API request: /fixtures/statistics?fixture=1198369
2025-09-03 18:08:04,489 - src.collect_pipeline - INFO - API response: 0 results
2025-09-03 18:08:04,490 - src.collect_pipeline - INFO - Making API request: /fixtures/statistics?fixture=1198360
2025-09-03 18:08:04,630 - src.collect_pipeline - INFO - API response: 0 results
2025-09-03 18:08:04,631 - src.collect_pipeline - INFO - Making API request: /fixtures/statistics?fixture=1198350
2025-09-03 18:08:04,775 - src.collect_pipeline - INFO - API response: 0 results
2025-09-03 18:08:04,777 - src.collect_pipeline - INFO - Making API request: /fixtures/statistics?fixture=1198351
2025-09-03 18:08:04,917 - src.collect_pipeline - INFO - API response: 0 results
2025-09-03 18:08:04,918 - src.collect_pipeline - INFO - Making API request: /fixtures/statistics?fixture=1198348
2025-09-03 18:08:05,053 - src.collect_pipeline - INFO - API response: 0 results
2025-09-03 18:08:05,054 - src.collect_pipeline - INFO - Making API request: /fixtures/statistics?fixture=1200625
2025-09-03 18:08:05,188 - src.collect_pipeline - INFO - API response: 0 results
2025-09-03 18:08:05,189 - src.collect_pipeline - INFO - Making API request: /fixtures/statistics?fixture=1200627
2025-09-03 18:08:05,318 - src.collect_pipeline - INFO - API response: 0 results
2025-09-03 18:08:05,318 - src.collect_pipeline - INFO - Making API request: /fixtures/statistics?fixture=1200624
2025-09-03 18:08:05,459 - src.collect_pipeline - INFO - API response: 0 results
2025-09-03 18:08:05,460 - src.collect_pipeline - INFO - Making API request: /fixtures/statistics?fixture=1200616
2025-09-03 18:08:05,606 - src.collect_pipeline - INFO - API response: 0 results
2025-09-03 18:08:05,607 - src.collect_pipeline - INFO - Making API request: /fixtures/statistics?fixture=1200618
2025-09-03 18:08:05,770 - src.collect_pipeline - INFO - API response: 0 results
2025-09-03 18:08:05,772 - src.collect_pipeline - INFO - Making API request: /fixtures/statistics?fixture=1200623
2025-09-03 18:08:05,904 - src.collect_pipeline - INFO - API response: 0 results
2025-09-03 18:08:05,905 - src.collect_pipeline - INFO - Making API request: /fixtures/statistics?fixture=1200615
2025-09-03 18:08:06,045 - src.collect_pipeline - INFO - API response: 0 results
2025-09-03 18:08:06,046 - src.collect_pipeline - INFO - Making API request: /fixtures/statistics?fixture=1200619
2025-09-03 18:08:06,222 - src.collect_pipeline - INFO - API response: 0 results
2025-09-03 18:08:06,223 - src.collect_pipeline - INFO - Making API request: /fixtures/statistics?fixture=1200617
2025-09-03 18:08:06,363 - src.collect_pipeline - INFO - API response: 0 results
2025-09-03 18:08:06,363 - src.collect_pipeline - INFO - Making API request: /fixtures/statistics?fixture=1200626
2025-09-03 18:08:06,496 - src.collect_pipeline - INFO - API response: 0 results
2025-09-03 18:08:06,497 - src.collect_pipeline - INFO - Making API request: /fixtures/statistics?fixture=1200620
2025-09-03 18:08:06,633 - src.collect_pipeline - INFO - API response: 0 results
2025-09-03 18:08:06,634 - src.collect_pipeline - INFO - Making API request: /fixtures/statistics?fixture=1200628
2025-09-03 18:08:06,772 - src.collect_pipeline - INFO - API response: 0 results
2025-09-03 18:08:06,773 - src.collect_pipeline - INFO - Making API request: /fixtures/statistics?fixture=1200621
2025-09-03 18:08:06,906 - src.collect_pipeline - INFO - API response: 0 results
2025-09-03 18:08:06,907 - src.collect_pipeline - INFO - Making API request: /fixtures/statistics?fixture=1200629
2025-09-03 18:08:07,038 - src.collect_pipeline - INFO - API response: 0 results
2025-09-03 18:08:07,039 - src.collect_pipeline - INFO - Making API request: /fixtures/statistics?fixture=1200622
2025-09-03 18:08:07,184 - src.collect_pipeline - INFO - API response: 0 results
2025-09-03 18:08:07,185 - src.collect_pipeline - INFO - Making API request: /fixtures/statistics?fixture=1200630
2025-09-03 18:08:07,334 - src.collect_pipeline - INFO - API response: 0 results
2025-09-03 18:08:07,335 - src.collect_pipeline - INFO - Making API request: /fixtures/statistics?fixture=1208016
2025-09-03 18:08:07,490 - src.collect_pipeline - INFO - API response: 0 results
2025-09-03 18:08:07,491 - src.collect_pipeline - INFO - Making API request: /fixtures/statistics?fixture=1208014
2025-09-03 18:08:07,639 - src.collect_pipeline - INFO - API response: 0 results
2025-09-03 18:08:07,650 - src.collect_pipeline - INFO - Progress saved to data/raw\data_collection_progress.json
2025-09-03 18:08:07,650 - src.collect_pipeline - INFO - Processing batch 8
2025-09-03 18:08:07,650 - src.collect_pipeline - INFO - Making API request: /fixtures/statistics?fixture=1208019
2025-09-03 18:08:07,787 - src.collect_pipeline - INFO - API response: 0 results
2025-09-03 18:08:07,788 - src.collect_pipeline - INFO - Making API request: /fixtures/statistics?fixture=1208017
2025-09-03 18:08:07,937 - src.collect_pipeline - INFO - API response: 0 results
2025-09-03 18:08:07,938 - src.collect_pipeline - INFO - Making API request: /fixtures/statistics?fixture=1208018
2025-09-03 18:08:08,106 - src.collect_pipeline - INFO - API response: 0 results
2025-09-03 18:08:08,106 - src.collect_pipeline - INFO - Making API request: /fixtures/statistics?fixture=1208013
2025-09-03 18:08:08,250 - src.collect_pipeline - INFO - API response: 0 results
2025-09-03 18:08:08,251 - src.collect_pipeline - INFO - Making API request: /fixtures/statistics?fixture=1208015
2025-09-03 18:08:08,432 - src.collect_pipeline - INFO - API response: 0 results
2025-09-03 18:08:08,433 - src.collect_pipeline - INFO - Making API request: /fixtures/statistics?fixture=1208020
2025-09-03 18:08:08,579 - src.collect_pipeline - INFO - API response: 0 results
2025-09-03 18:08:08,580 - src.collect_pipeline - INFO - Making API request: /fixtures/statistics?fixture=1215766
2025-09-03 18:08:08,714 - src.collect_pipeline - INFO - API response: 0 results
2025-09-03 18:08:08,715 - src.collect_pipeline - INFO - Making API request: /fixtures/statistics?fixture=1215768
2025-09-03 18:08:08,869 - src.collect_pipeline - INFO - API response: 0 results
2025-09-03 18:08:08,870 - src.collect_pipeline - INFO - Making API request: /fixtures/statistics?fixture=1215765
2025-09-03 18:08:09,009 - src.collect_pipeline - INFO - API response: 0 results
2025-09-03 18:08:09,010 - src.collect_pipeline - INFO - Making API request: /fixtures/statistics?fixture=1215767
2025-09-03 18:08:09,155 - src.collect_pipeline - INFO - API response: 0 results
2025-09-03 18:08:09,156 - src.collect_pipeline - INFO - Making API request: /fixtures/statistics?fixture=1226670
2025-09-03 18:08:09,291 - src.collect_pipeline - INFO - API response: 0 results
2025-09-03 18:08:09,293 - src.collect_pipeline - INFO - Making API request: /fixtures/statistics?fixture=1226669
2025-09-03 18:08:09,449 - src.collect_pipeline - INFO - API response: 0 results
2025-09-03 18:08:09,450 - src.collect_pipeline - INFO - Making API request: /fixtures/statistics?fixture=1295068
2025-09-03 18:08:09,589 - src.collect_pipeline - INFO - API response: 0 results
2025-09-03 18:08:09,594 - src.collect_pipeline - INFO - Progress saved to data/raw\data_collection_progress.json
2025-09-03 18:08:09,595 - src.collect_pipeline - INFO - No existing team_statistics file found
2025-09-03 18:08:09,611 - src.collect_pipeline - INFO - team_statistics: 363 new, 0 duplicates skipped
2025-09-03 18:08:09,611 - src.collect_pipeline - INFO - Total team_statistics records: 363
2025-09-03 18:08:09,611 - src.collect_pipeline - INFO - Saved to data/raw\Finland\Cup\2024\team_statistics.json
