2025-09-03 17:28:28,633 - src.collect_pipeline - INFO - Logging initialized. Log file: logs/collection\collection_20250903_172828.log
2025-09-03 17:28:28,636 - src.collect_pipeline - INFO - Logging initialized. Log file: logs/collection\collection_20250903_172828.log
2025-09-03 17:28:28,636 - src.collect_pipeline - INFO - Filtering leagues with: league_id=None, filter_ids=[89, 90], filter_tiers=None, filter_cups=None, filter_categories=None
2025-09-03 17:28:28,636 - src.collect_pipeline - INFO - Only filter_ids provided: [89, 90]
2025-09-03 17:28:28,636 - src.collect_pipeline - INFO - Processing Eerste Divisie (Netherlands) - ID: 89
2025-09-03 17:28:28,636 - src.collect_pipeline - INFO - Getting dates for Eerste Divisie (Netherlands) - Season 2020
2025-09-03 17:28:28,637 - src.collect_pipeline - INFO - Using default dates for Eerste Divisie: 2020-08-01 to 2021-05-31
2025-09-03 17:28:28,637 - src.collect_pipeline - INFO - Using automatic dates for Eerste Divisie: 2020-08-01 to 2021-05-31
2025-09-03 17:28:28,637 - src.collect_pipeline - INFO - Phase 1: Collecting 2020 season 2020-08-01 to 2021-05-31
2025-09-03 17:28:28,637 - src.collect_pipeline - INFO - Phase 1: Collecting entire season 2020-08-01 to 2021-05-31
2025-09-03 17:28:28,638 - src.collect_pipeline - INFO - Progress saved to data/raw\data_collection_progress.json
2025-09-03 17:28:28,638 - src.collect_pipeline - INFO - Fetching fixtures for Eerste Divisie 2020...
2025-09-03 17:28:28,638 - src.collect_pipeline - INFO - Date range: 2020-08-01 to 2021-05-31
2025-09-03 17:28:28,638 - src.collect_pipeline - INFO - Making API request: /fixtures?league=89&season=2020&from=2020-08-01&to=2021-05-31
2025-09-03 17:28:28,988 - src.collect_pipeline - INFO - API response: 380 results
2025-09-03 17:28:28,991 - src.collect_pipeline - INFO - Found 380 new fixtures to collect (excluding 0 already collected)
2025-09-03 17:28:29,079 - src.collect_pipeline - INFO - Saved 380 new fixtures to data/raw\Netherlands\Eerste Divisie\2020\fixture_events.json (total fixtures: 380)
2025-09-03 17:28:29,082 - src.collect_pipeline - INFO - Progress saved to data/raw\data_collection_progress.json
2025-09-03 17:28:29,083 - src.collect_pipeline - INFO - Found 380 fixtures to process for team_statistics
2025-09-03 17:28:29,083 - src.collect_pipeline - INFO - Processing 380 fixtures for team_statistics
2025-09-03 17:28:29,083 - src.collect_pipeline - INFO - Processing batch 1
2025-09-03 17:28:29,083 - src.collect_pipeline - INFO - Making API request: /fixtures/statistics?fixture=573470
2025-09-03 17:28:29,284 - src.collect_pipeline - INFO - API response: 2 results
2025-09-03 17:28:29,285 - src.collect_pipeline - INFO - Making API request: /fixtures/statistics?fixture=573471
2025-09-03 17:28:29,490 - src.collect_pipeline - INFO - API response: 2 results
2025-09-03 17:28:29,491 - src.collect_pipeline - INFO - Making API request: /fixtures/statistics?fixture=573472
2025-09-03 17:28:29,673 - src.collect_pipeline - INFO - API response: 2 results
2025-09-03 17:28:29,674 - src.collect_pipeline - INFO - Making API request: /fixtures/statistics?fixture=573473
2025-09-03 17:28:29,848 - src.collect_pipeline - INFO - API response: 2 results
2025-09-03 17:28:29,849 - src.collect_pipeline - INFO - Making API request: /fixtures/statistics?fixture=573474
2025-09-03 17:28:30,027 - src.collect_pipeline - INFO - API response: 2 results
2025-09-03 17:28:30,028 - src.collect_pipeline - INFO - Making API request: /fixtures/statistics?fixture=573475
2025-09-03 17:28:31,285 - src.collect_pipeline - INFO - API response: 2 results
2025-09-03 17:28:31,286 - src.collect_pipeline - INFO - Making API request: /fixtures/statistics?fixture=573476
2025-09-03 17:28:31,486 - src.collect_pipeline - INFO - API response: 2 results
2025-09-03 17:28:31,487 - src.collect_pipeline - INFO - Making API request: /fixtures/statistics?fixture=573477
2025-09-03 17:28:31,677 - src.collect_pipeline - INFO - API response: 2 results
2025-09-03 17:28:31,678 - src.collect_pipeline - INFO - Making API request: /fixtures/statistics?fixture=573478
2025-09-03 17:28:31,867 - src.collect_pipeline - INFO - API response: 2 results
2025-09-03 17:28:31,868 - src.collect_pipeline - INFO - Making API request: /fixtures/statistics?fixture=573479
2025-09-03 17:28:32,134 - src.collect_pipeline - INFO - API response: 2 results
2025-09-03 17:28:32,135 - src.collect_pipeline - INFO - Making API request: /fixtures/statistics?fixture=573480
2025-09-03 17:28:32,290 - src.collect_pipeline - INFO - API response: 2 results
2025-09-03 17:28:32,291 - src.collect_pipeline - INFO - Making API request: /fixtures/statistics?fixture=573481
2025-09-03 17:28:32,482 - src.collect_pipeline - INFO - API response: 2 results
2025-09-03 17:28:32,483 - src.collect_pipeline - INFO - Making API request: /fixtures/statistics?fixture=573482
2025-09-03 17:28:32,663 - src.collect_pipeline - INFO - API response: 2 results
2025-09-03 17:28:32,664 - src.collect_pipeline - INFO - Making API request: /fixtures/statistics?fixture=573483
2025-09-03 17:28:32,862 - src.collect_pipeline - INFO - API response: 2 results
2025-09-03 17:28:32,863 - src.collect_pipeline - INFO - Making API request: /fixtures/statistics?fixture=573485
2025-09-03 17:28:33,030 - src.collect_pipeline - INFO - API response: 2 results
2025-09-03 17:28:33,031 - src.collect_pipeline - INFO - Making API request: /fixtures/statistics?fixture=573486
2025-09-03 17:28:33,224 - src.collect_pipeline - INFO - API response: 2 results
2025-09-03 17:28:33,226 - src.collect_pipeline - INFO - Making API request: /fixtures/statistics?fixture=573491
2025-09-03 17:28:33,396 - src.collect_pipeline - INFO - API response: 2 results
2025-09-03 17:28:33,396 - src.collect_pipeline - INFO - Making API request: /fixtures/statistics?fixture=573490
2025-09-03 17:28:33,556 - src.collect_pipeline - INFO - API response: 2 results
2025-09-03 17:28:33,557 - src.collect_pipeline - INFO - Making API request: /fixtures/statistics?fixture=573492
2025-09-03 17:28:33,742 - src.collect_pipeline - INFO - API response: 2 results
2025-09-03 17:28:33,743 - src.collect_pipeline - INFO - Making API request: /fixtures/statistics?fixture=573494
2025-09-03 17:28:33,882 - src.collect_pipeline - INFO - API response: 2 results
2025-09-03 17:28:33,882 - src.collect_pipeline - INFO - Making API request: /fixtures/statistics?fixture=573493
2025-09-03 17:28:34,035 - src.collect_pipeline - INFO - API response: 2 results
2025-09-03 17:28:34,036 - src.collect_pipeline - INFO - Making API request: /fixtures/statistics?fixture=573495
2025-09-03 17:28:34,195 - src.collect_pipeline - INFO - API response: 2 results
2025-09-03 17:28:34,195 - src.collect_pipeline - INFO - Making API request: /fixtures/statistics?fixture=573496
2025-09-03 17:28:34,360 - src.collect_pipeline - INFO - API response: 2 results
2025-09-03 17:28:34,361 - src.collect_pipeline - INFO - Making API request: /fixtures/statistics?fixture=573497
2025-09-03 17:28:34,505 - src.collect_pipeline - INFO - API response: 2 results
2025-09-03 17:28:34,506 - src.collect_pipeline - INFO - Making API request: /fixtures/statistics?fixture=573488
2025-09-03 17:28:34,667 - src.collect_pipeline - INFO - API response: 2 results
2025-09-03 17:28:34,668 - src.collect_pipeline - INFO - Making API request: /fixtures/statistics?fixture=573498
2025-09-03 17:28:34,850 - src.collect_pipeline - INFO - API response: 2 results
2025-09-03 17:28:34,851 - src.collect_pipeline - INFO - Making API request: /fixtures/statistics?fixture=573487
2025-09-03 17:28:35,009 - src.collect_pipeline - INFO - API response: 2 results
2025-09-03 17:28:35,010 - src.collect_pipeline - INFO - Making API request: /fixtures/statistics?fixture=573499
2025-09-03 17:28:35,165 - src.collect_pipeline - INFO - API response: 2 results
2025-09-03 17:28:35,166 - src.collect_pipeline - INFO - Making API request: /fixtures/statistics?fixture=573489
2025-09-03 17:28:35,327 - src.collect_pipeline - INFO - API response: 2 results
2025-09-03 17:28:35,328 - src.collect_pipeline - INFO - Making API request: /fixtures/statistics?fixture=573501
2025-09-03 17:28:35,495 - src.collect_pipeline - INFO - API response: 2 results
2025-09-03 17:28:35,495 - src.collect_pipeline - INFO - Making API request: /fixtures/statistics?fixture=573500
2025-09-03 17:28:35,642 - src.collect_pipeline - INFO - API response: 2 results
2025-09-03 17:28:35,644 - src.collect_pipeline - INFO - Making API request: /fixtures/statistics?fixture=573502
2025-09-03 17:28:35,803 - src.collect_pipeline - INFO - API response: 2 results
2025-09-03 17:28:35,804 - src.collect_pipeline - INFO - Making API request: /fixtures/statistics?fixture=573503
2025-09-03 17:28:35,956 - src.collect_pipeline - INFO - API response: 2 results
2025-09-03 17:28:35,958 - src.collect_pipeline - INFO - Making API request: /fixtures/statistics?fixture=573504
2025-09-03 17:28:36,141 - src.collect_pipeline - INFO - API response: 2 results
2025-09-03 17:28:36,142 - src.collect_pipeline - INFO - Making API request: /fixtures/statistics?fixture=573505
2025-09-03 17:28:36,294 - src.collect_pipeline - INFO - API response: 2 results
2025-09-03 17:28:36,295 - src.collect_pipeline - INFO - Making API request: /fixtures/statistics?fixture=573506
2025-09-03 17:28:36,433 - src.collect_pipeline - INFO - API response: 2 results
2025-09-03 17:28:36,434 - src.collect_pipeline - INFO - Making API request: /fixtures/statistics?fixture=573507
2025-09-03 17:28:36,583 - src.collect_pipeline - INFO - API response: 2 results
2025-09-03 17:28:36,584 - src.collect_pipeline - INFO - Making API request: /fixtures/statistics?fixture=573508
2025-09-03 17:28:36,728 - src.collect_pipeline - INFO - API response: 2 results
2025-09-03 17:28:36,728 - src.collect_pipeline - INFO - Making API request: /fixtures/statistics?fixture=573509
2025-09-03 17:28:36,903 - src.collect_pipeline - INFO - API response: 2 results
2025-09-03 17:28:36,904 - src.collect_pipeline - INFO - Making API request: /fixtures/statistics?fixture=573510
2025-09-03 17:28:37,045 - src.collect_pipeline - INFO - API response: 2 results
2025-09-03 17:28:37,045 - src.collect_pipeline - INFO - Making API request: /fixtures/statistics?fixture=573511
2025-09-03 17:28:37,173 - src.collect_pipeline - INFO - API response: 2 results
2025-09-03 17:28:37,175 - src.collect_pipeline - INFO - Making API request: /fixtures/statistics?fixture=573512
2025-09-03 17:28:37,323 - src.collect_pipeline - INFO - API response: 2 results
2025-09-03 17:28:37,324 - src.collect_pipeline - INFO - Making API request: /fixtures/statistics?fixture=573513
2025-09-03 17:28:37,466 - src.collect_pipeline - INFO - API response: 2 results
2025-09-03 17:28:37,466 - src.collect_pipeline - INFO - Making API request: /fixtures/statistics?fixture=573514
2025-09-03 17:28:37,630 - src.collect_pipeline - INFO - API response: 2 results
2025-09-03 17:28:37,631 - src.collect_pipeline - INFO - Making API request: /fixtures/statistics?fixture=573515
2025-09-03 17:28:37,769 - src.collect_pipeline - INFO - API response: 2 results
2025-09-03 17:28:37,769 - src.collect_pipeline - INFO - Making API request: /fixtures/statistics?fixture=573516
2025-09-03 17:28:37,904 - src.collect_pipeline - INFO - API response: 2 results
2025-09-03 17:28:37,905 - src.collect_pipeline - INFO - Making API request: /fixtures/statistics?fixture=573517
2025-09-03 17:28:38,119 - src.collect_pipeline - INFO - API response: 2 results
2025-09-03 17:28:38,120 - src.collect_pipeline - INFO - Making API request: /fixtures/statistics?fixture=573518
2025-09-03 17:28:38,286 - src.collect_pipeline - INFO - API response: 2 results
2025-09-03 17:28:38,287 - src.collect_pipeline - INFO - Making API request: /fixtures/statistics?fixture=573519
2025-09-03 17:28:38,430 - src.collect_pipeline - INFO - API response: 2 results
2025-09-03 17:28:38,430 - src.collect_pipeline - INFO - Making API request: /fixtures/statistics?fixture=573521
2025-09-03 17:28:38,601 - src.collect_pipeline - INFO - API response: 2 results
2025-09-03 17:28:38,605 - src.collect_pipeline - INFO - Progress saved to data/raw\data_collection_progress.json
2025-09-03 17:28:38,605 - src.collect_pipeline - INFO - Processing batch 2
2025-09-03 17:28:38,605 - src.collect_pipeline - INFO - Making API request: /fixtures/statistics?fixture=573520
2025-09-03 17:28:38,778 - src.collect_pipeline - INFO - API response: 2 results
2025-09-03 17:28:38,779 - src.collect_pipeline - INFO - Making API request: /fixtures/statistics?fixture=573523
2025-09-03 17:28:38,919 - src.collect_pipeline - INFO - API response: 2 results
2025-09-03 17:28:38,920 - src.collect_pipeline - INFO - Making API request: /fixtures/statistics?fixture=573522
2025-09-03 17:28:39,096 - src.collect_pipeline - INFO - API response: 2 results
2025-09-03 17:28:39,097 - src.collect_pipeline - INFO - Making API request: /fixtures/statistics?fixture=573524
2025-09-03 17:28:39,270 - src.collect_pipeline - INFO - API response: 2 results
2025-09-03 17:28:39,271 - src.collect_pipeline - INFO - Making API request: /fixtures/statistics?fixture=573525
2025-09-03 17:28:39,416 - src.collect_pipeline - INFO - API response: 2 results
2025-09-03 17:28:39,417 - src.collect_pipeline - INFO - Making API request: /fixtures/statistics?fixture=573527
2025-09-03 17:28:39,564 - src.collect_pipeline - INFO - API response: 2 results
2025-09-03 17:28:39,565 - src.collect_pipeline - INFO - Making API request: /fixtures/statistics?fixture=573526
2025-09-03 17:28:39,725 - src.collect_pipeline - INFO - API response: 2 results
2025-09-03 17:28:39,726 - src.collect_pipeline - INFO - Making API request: /fixtures/statistics?fixture=573529
2025-09-03 17:28:39,896 - src.collect_pipeline - INFO - API response: 2 results
2025-09-03 17:28:39,897 - src.collect_pipeline - INFO - Making API request: /fixtures/statistics?fixture=573530
2025-09-03 17:28:40,044 - src.collect_pipeline - INFO - API response: 2 results
2025-09-03 17:28:40,045 - src.collect_pipeline - INFO - Making API request: /fixtures/statistics?fixture=573532
2025-09-03 17:28:40,182 - src.collect_pipeline - INFO - API response: 2 results
2025-09-03 17:28:40,183 - src.collect_pipeline - INFO - Making API request: /fixtures/statistics?fixture=573533
2025-09-03 17:28:40,345 - src.collect_pipeline - INFO - API response: 2 results
2025-09-03 17:28:40,345 - src.collect_pipeline - INFO - Making API request: /fixtures/statistics?fixture=573534
2025-09-03 17:28:40,523 - src.collect_pipeline - INFO - API response: 2 results
2025-09-03 17:28:40,525 - src.collect_pipeline - INFO - Making API request: /fixtures/statistics?fixture=573536
2025-09-03 17:28:40,666 - src.collect_pipeline - INFO - API response: 2 results
2025-09-03 17:28:40,667 - src.collect_pipeline - INFO - Making API request: /fixtures/statistics?fixture=573535
2025-09-03 17:28:40,826 - src.collect_pipeline - INFO - API response: 2 results
2025-09-03 17:28:40,827 - src.collect_pipeline - INFO - Making API request: /fixtures/statistics?fixture=573484
2025-09-03 17:28:40,996 - src.collect_pipeline - INFO - API response: 2 results
2025-09-03 17:28:40,997 - src.collect_pipeline - INFO - Making API request: /fixtures/statistics?fixture=573528
2025-09-03 17:28:41,178 - src.collect_pipeline - INFO - API response: 2 results
2025-09-03 17:28:41,179 - src.collect_pipeline - INFO - Making API request: /fixtures/statistics?fixture=573541
2025-09-03 17:28:41,360 - src.collect_pipeline - INFO - API response: 2 results
2025-09-03 17:28:41,361 - src.collect_pipeline - INFO - Making API request: /fixtures/statistics?fixture=573540
2025-09-03 17:28:41,496 - src.collect_pipeline - INFO - API response: 2 results
2025-09-03 17:28:41,497 - src.collect_pipeline - INFO - Making API request: /fixtures/statistics?fixture=573545
2025-09-03 17:28:41,643 - src.collect_pipeline - INFO - API response: 2 results
2025-09-03 17:28:41,645 - src.collect_pipeline - INFO - Making API request: /fixtures/statistics?fixture=573544
2025-09-03 17:28:41,893 - src.collect_pipeline - INFO - API response: 2 results
2025-09-03 17:28:41,894 - src.collect_pipeline - INFO - Making API request: /fixtures/statistics?fixture=573546
2025-09-03 17:28:42,116 - src.collect_pipeline - INFO - API response: 2 results
2025-09-03 17:28:42,117 - src.collect_pipeline - INFO - Making API request: /fixtures/statistics?fixture=573547
2025-09-03 17:28:42,587 - src.collect_pipeline - INFO - API response: 2 results
2025-09-03 17:28:42,588 - src.collect_pipeline - INFO - Making API request: /fixtures/statistics?fixture=573542
2025-09-03 17:28:42,754 - src.collect_pipeline - INFO - API response: 2 results
2025-09-03 17:28:42,755 - src.collect_pipeline - INFO - Making API request: /fixtures/statistics?fixture=573537
2025-09-03 17:28:42,915 - src.collect_pipeline - INFO - API response: 2 results
2025-09-03 17:28:42,915 - src.collect_pipeline - INFO - Making API request: /fixtures/statistics?fixture=573548
2025-09-03 17:28:43,062 - src.collect_pipeline - INFO - API response: 2 results
2025-09-03 17:28:43,063 - src.collect_pipeline - INFO - Making API request: /fixtures/statistics?fixture=573538
2025-09-03 17:28:43,218 - src.collect_pipeline - INFO - API response: 2 results
2025-09-03 17:28:43,219 - src.collect_pipeline - INFO - Making API request: /fixtures/statistics?fixture=573543
2025-09-03 17:28:43,403 - src.collect_pipeline - INFO - API response: 2 results
2025-09-03 17:28:43,403 - src.collect_pipeline - INFO - Making API request: /fixtures/statistics?fixture=573539
2025-09-03 17:28:43,571 - src.collect_pipeline - INFO - API response: 2 results
2025-09-03 17:28:43,572 - src.collect_pipeline - INFO - Making API request: /fixtures/statistics?fixture=573549
2025-09-03 17:28:43,744 - src.collect_pipeline - INFO - API response: 2 results
2025-09-03 17:28:43,744 - src.collect_pipeline - INFO - Making API request: /fixtures/statistics?fixture=573555
2025-09-03 17:28:43,915 - src.collect_pipeline - INFO - API response: 2 results
2025-09-03 17:28:43,916 - src.collect_pipeline - INFO - Making API request: /fixtures/statistics?fixture=573558
2025-09-03 17:28:44,099 - src.collect_pipeline - INFO - API response: 2 results
2025-09-03 17:28:44,099 - src.collect_pipeline - INFO - Making API request: /fixtures/statistics?fixture=573559
2025-09-03 17:28:44,286 - src.collect_pipeline - INFO - API response: 2 results
2025-09-03 17:28:44,287 - src.collect_pipeline - INFO - Making API request: /fixtures/statistics?fixture=573557
2025-09-03 17:28:44,512 - src.collect_pipeline - INFO - API response: 2 results
2025-09-03 17:28:44,513 - src.collect_pipeline - INFO - Making API request: /fixtures/statistics?fixture=573554
2025-09-03 17:28:44,697 - src.collect_pipeline - INFO - API response: 2 results
2025-09-03 17:28:44,698 - src.collect_pipeline - INFO - Making API request: /fixtures/statistics?fixture=573553
2025-09-03 17:28:44,870 - src.collect_pipeline - INFO - API response: 2 results
2025-09-03 17:28:44,871 - src.collect_pipeline - INFO - Making API request: /fixtures/statistics?fixture=573552
2025-09-03 17:28:45,000 - src.collect_pipeline - INFO - API response: 2 results
2025-09-03 17:28:45,001 - src.collect_pipeline - INFO - Making API request: /fixtures/statistics?fixture=573551
2025-09-03 17:28:45,163 - src.collect_pipeline - INFO - API response: 2 results
2025-09-03 17:28:45,164 - src.collect_pipeline - INFO - Making API request: /fixtures/statistics?fixture=573550
2025-09-03 17:28:45,310 - src.collect_pipeline - INFO - API response: 2 results
2025-09-03 17:28:45,311 - src.collect_pipeline - INFO - Making API request: /fixtures/statistics?fixture=573561
2025-09-03 17:28:45,461 - src.collect_pipeline - INFO - API response: 2 results
2025-09-03 17:28:45,461 - src.collect_pipeline - INFO - Making API request: /fixtures/statistics?fixture=573563
2025-09-03 17:28:45,622 - src.collect_pipeline - INFO - API response: 2 results
2025-09-03 17:28:45,624 - src.collect_pipeline - INFO - Making API request: /fixtures/statistics?fixture=573560
2025-09-03 17:28:45,754 - src.collect_pipeline - INFO - API response: 2 results
2025-09-03 17:28:45,755 - src.collect_pipeline - INFO - Making API request: /fixtures/statistics?fixture=573564
2025-09-03 17:28:45,892 - src.collect_pipeline - INFO - API response: 2 results
2025-09-03 17:28:45,893 - src.collect_pipeline - INFO - Making API request: /fixtures/statistics?fixture=573567
2025-09-03 17:28:46,027 - src.collect_pipeline - INFO - API response: 2 results
2025-09-03 17:28:46,028 - src.collect_pipeline - INFO - Making API request: /fixtures/statistics?fixture=573565
2025-09-03 17:28:46,161 - src.collect_pipeline - INFO - API response: 2 results
2025-09-03 17:28:46,161 - src.collect_pipeline - INFO - Making API request: /fixtures/statistics?fixture=573566
2025-09-03 17:28:46,309 - src.collect_pipeline - INFO - API response: 2 results
2025-09-03 17:28:46,310 - src.collect_pipeline - INFO - Making API request: /fixtures/statistics?fixture=573568
2025-09-03 17:28:46,445 - src.collect_pipeline - INFO - API response: 2 results
2025-09-03 17:28:46,446 - src.collect_pipeline - INFO - Making API request: /fixtures/statistics?fixture=573562
2025-09-03 17:28:46,582 - src.collect_pipeline - INFO - API response: 2 results
2025-09-03 17:28:46,583 - src.collect_pipeline - INFO - Making API request: /fixtures/statistics?fixture=573578
2025-09-03 17:28:46,720 - src.collect_pipeline - INFO - API response: 2 results
2025-09-03 17:28:46,721 - src.collect_pipeline - INFO - Making API request: /fixtures/statistics?fixture=573571
2025-09-03 17:28:46,861 - src.collect_pipeline - INFO - API response: 2 results
2025-09-03 17:28:46,862 - src.collect_pipeline - INFO - Making API request: /fixtures/statistics?fixture=573577
2025-09-03 17:28:47,002 - src.collect_pipeline - INFO - API response: 2 results
2025-09-03 17:28:47,006 - src.collect_pipeline - INFO - Progress saved to data/raw\data_collection_progress.json
2025-09-03 17:28:47,006 - src.collect_pipeline - INFO - Processing batch 3
2025-09-03 17:28:47,007 - src.collect_pipeline - INFO - Making API request: /fixtures/statistics?fixture=573573
2025-09-03 17:28:47,139 - src.collect_pipeline - INFO - API response: 2 results
2025-09-03 17:28:47,141 - src.collect_pipeline - INFO - Making API request: /fixtures/statistics?fixture=573575
2025-09-03 17:28:47,271 - src.collect_pipeline - INFO - API response: 2 results
2025-09-03 17:28:47,272 - src.collect_pipeline - INFO - Making API request: /fixtures/statistics?fixture=573572
2025-09-03 17:28:47,425 - src.collect_pipeline - INFO - API response: 2 results
2025-09-03 17:28:47,426 - src.collect_pipeline - INFO - Making API request: /fixtures/statistics?fixture=573570
2025-09-03 17:28:47,551 - src.collect_pipeline - INFO - API response: 2 results
2025-09-03 17:28:47,552 - src.collect_pipeline - INFO - Making API request: /fixtures/statistics?fixture=573579
2025-09-03 17:28:47,697 - src.collect_pipeline - INFO - API response: 2 results
2025-09-03 17:28:47,698 - src.collect_pipeline - INFO - Making API request: /fixtures/statistics?fixture=573574
2025-09-03 17:28:47,833 - src.collect_pipeline - INFO - API response: 2 results
2025-09-03 17:28:47,834 - src.collect_pipeline - INFO - Making API request: /fixtures/statistics?fixture=573576
2025-09-03 17:28:47,965 - src.collect_pipeline - INFO - API response: 2 results
2025-09-03 17:28:47,966 - src.collect_pipeline - INFO - Making API request: /fixtures/statistics?fixture=573531
2025-09-03 17:28:48,109 - src.collect_pipeline - INFO - API response: 2 results
2025-09-03 17:28:48,109 - src.collect_pipeline - INFO - Making API request: /fixtures/statistics?fixture=573580
2025-09-03 17:28:48,251 - src.collect_pipeline - INFO - API response: 2 results
2025-09-03 17:28:48,252 - src.collect_pipeline - INFO - Making API request: /fixtures/statistics?fixture=573581
2025-09-03 17:28:48,392 - src.collect_pipeline - INFO - API response: 2 results
2025-09-03 17:28:48,393 - src.collect_pipeline - INFO - Making API request: /fixtures/statistics?fixture=573582
2025-09-03 17:28:48,530 - src.collect_pipeline - INFO - API response: 2 results
2025-09-03 17:28:48,531 - src.collect_pipeline - INFO - Making API request: /fixtures/statistics?fixture=573583
2025-09-03 17:28:48,666 - src.collect_pipeline - INFO - API response: 2 results
2025-09-03 17:28:48,667 - src.collect_pipeline - INFO - Making API request: /fixtures/statistics?fixture=573584
2025-09-03 17:28:48,817 - src.collect_pipeline - INFO - API response: 2 results
2025-09-03 17:28:48,818 - src.collect_pipeline - INFO - Making API request: /fixtures/statistics?fixture=573585
2025-09-03 17:28:48,946 - src.collect_pipeline - INFO - API response: 2 results
2025-09-03 17:28:48,947 - src.collect_pipeline - INFO - Making API request: /fixtures/statistics?fixture=573586
2025-09-03 17:28:49,077 - src.collect_pipeline - INFO - API response: 2 results
2025-09-03 17:28:49,078 - src.collect_pipeline - INFO - Making API request: /fixtures/statistics?fixture=573597
2025-09-03 17:28:49,209 - src.collect_pipeline - INFO - API response: 2 results
2025-09-03 17:28:49,210 - src.collect_pipeline - INFO - Making API request: /fixtures/statistics?fixture=573594
2025-09-03 17:28:49,344 - src.collect_pipeline - INFO - API response: 2 results
2025-09-03 17:28:49,345 - src.collect_pipeline - INFO - Making API request: /fixtures/statistics?fixture=573590
2025-09-03 17:28:49,488 - src.collect_pipeline - INFO - API response: 2 results
2025-09-03 17:28:49,489 - src.collect_pipeline - INFO - Making API request: /fixtures/statistics?fixture=573598
2025-09-03 17:28:49,647 - src.collect_pipeline - INFO - API response: 2 results
2025-09-03 17:28:49,648 - src.collect_pipeline - INFO - Making API request: /fixtures/statistics?fixture=573599
2025-09-03 17:28:49,810 - src.collect_pipeline - INFO - API response: 2 results
2025-09-03 17:28:49,811 - src.collect_pipeline - INFO - Making API request: /fixtures/statistics?fixture=573595
2025-09-03 17:28:49,976 - src.collect_pipeline - INFO - API response: 2 results
2025-09-03 17:28:49,977 - src.collect_pipeline - INFO - Making API request: /fixtures/statistics?fixture=573592
2025-09-03 17:28:50,133 - src.collect_pipeline - INFO - API response: 2 results
2025-09-03 17:28:50,134 - src.collect_pipeline - INFO - Making API request: /fixtures/statistics?fixture=573596
2025-09-03 17:28:50,305 - src.collect_pipeline - INFO - API response: 2 results
2025-09-03 17:28:50,306 - src.collect_pipeline - INFO - Making API request: /fixtures/statistics?fixture=573591
2025-09-03 17:28:50,446 - src.collect_pipeline - INFO - API response: 2 results
2025-09-03 17:28:50,447 - src.collect_pipeline - INFO - Making API request: /fixtures/statistics?fixture=573593
2025-09-03 17:28:50,598 - src.collect_pipeline - INFO - API response: 2 results
2025-09-03 17:28:50,599 - src.collect_pipeline - INFO - Making API request: /fixtures/statistics?fixture=573588
2025-09-03 17:28:50,733 - src.collect_pipeline - INFO - API response: 2 results
2025-09-03 17:28:50,734 - src.collect_pipeline - INFO - Making API request: /fixtures/statistics?fixture=573589
2025-09-03 17:28:50,903 - src.collect_pipeline - INFO - API response: 2 results
2025-09-03 17:28:50,904 - src.collect_pipeline - INFO - Making API request: /fixtures/statistics?fixture=573587
2025-09-03 17:28:51,077 - src.collect_pipeline - INFO - API response: 2 results
2025-09-03 17:28:51,078 - src.collect_pipeline - INFO - Making API request: /fixtures/statistics?fixture=573602
2025-09-03 17:28:51,230 - src.collect_pipeline - INFO - API response: 2 results
2025-09-03 17:28:51,231 - src.collect_pipeline - INFO - Making API request: /fixtures/statistics?fixture=573607
2025-09-03 17:28:51,386 - src.collect_pipeline - INFO - API response: 2 results
2025-09-03 17:28:51,386 - src.collect_pipeline - INFO - Making API request: /fixtures/statistics?fixture=573603
2025-09-03 17:28:51,529 - src.collect_pipeline - INFO - API response: 2 results
2025-09-03 17:28:51,530 - src.collect_pipeline - INFO - Making API request: /fixtures/statistics?fixture=573608
2025-09-03 17:28:51,676 - src.collect_pipeline - INFO - API response: 2 results
2025-09-03 17:28:51,677 - src.collect_pipeline - INFO - Making API request: /fixtures/statistics?fixture=573606
2025-09-03 17:28:51,837 - src.collect_pipeline - INFO - API response: 2 results
2025-09-03 17:28:51,838 - src.collect_pipeline - INFO - Making API request: /fixtures/statistics?fixture=573601
2025-09-03 17:28:51,981 - src.collect_pipeline - INFO - API response: 2 results
2025-09-03 17:28:51,982 - src.collect_pipeline - INFO - Making API request: /fixtures/statistics?fixture=573600
2025-09-03 17:28:52,150 - src.collect_pipeline - INFO - API response: 2 results
2025-09-03 17:28:52,151 - src.collect_pipeline - INFO - Making API request: /fixtures/statistics?fixture=573569
2025-09-03 17:28:52,308 - src.collect_pipeline - INFO - API response: 2 results
2025-09-03 17:28:52,309 - src.collect_pipeline - INFO - Making API request: /fixtures/statistics?fixture=573609
2025-09-03 17:28:52,447 - src.collect_pipeline - INFO - API response: 2 results
2025-09-03 17:28:52,448 - src.collect_pipeline - INFO - Making API request: /fixtures/statistics?fixture=573605
2025-09-03 17:28:52,581 - src.collect_pipeline - INFO - API response: 2 results
2025-09-03 17:28:52,581 - src.collect_pipeline - INFO - Making API request: /fixtures/statistics?fixture=573604
2025-09-03 17:28:52,767 - src.collect_pipeline - INFO - API response: 2 results
2025-09-03 17:28:52,768 - src.collect_pipeline - INFO - Making API request: /fixtures/statistics?fixture=573614
2025-09-03 17:28:52,942 - src.collect_pipeline - INFO - API response: 2 results
2025-09-03 17:28:52,943 - src.collect_pipeline - INFO - Making API request: /fixtures/statistics?fixture=573612
2025-09-03 17:28:53,135 - src.collect_pipeline - INFO - API response: 2 results
2025-09-03 17:28:53,136 - src.collect_pipeline - INFO - Making API request: /fixtures/statistics?fixture=573611
2025-09-03 17:28:53,291 - src.collect_pipeline - INFO - API response: 2 results
2025-09-03 17:28:53,293 - src.collect_pipeline - INFO - Making API request: /fixtures/statistics?fixture=573613
2025-09-03 17:28:53,471 - src.collect_pipeline - INFO - API response: 2 results
2025-09-03 17:28:53,472 - src.collect_pipeline - INFO - Making API request: /fixtures/statistics?fixture=573618
2025-09-03 17:28:53,628 - src.collect_pipeline - INFO - API response: 2 results
2025-09-03 17:28:53,629 - src.collect_pipeline - INFO - Making API request: /fixtures/statistics?fixture=573615
2025-09-03 17:28:53,776 - src.collect_pipeline - INFO - API response: 2 results
2025-09-03 17:28:53,776 - src.collect_pipeline - INFO - Making API request: /fixtures/statistics?fixture=573610
2025-09-03 17:28:53,918 - src.collect_pipeline - INFO - API response: 2 results
2025-09-03 17:28:53,919 - src.collect_pipeline - INFO - Making API request: /fixtures/statistics?fixture=573616
2025-09-03 17:28:54,048 - src.collect_pipeline - INFO - API response: 2 results
2025-09-03 17:28:54,048 - src.collect_pipeline - INFO - Making API request: /fixtures/statistics?fixture=573619
2025-09-03 17:28:54,237 - src.collect_pipeline - INFO - API response: 2 results
2025-09-03 17:28:54,238 - src.collect_pipeline - INFO - Making API request: /fixtures/statistics?fixture=573617
2025-09-03 17:28:54,373 - src.collect_pipeline - INFO - API response: 2 results
2025-09-03 17:28:54,374 - src.collect_pipeline - INFO - Making API request: /fixtures/statistics?fixture=573629
2025-09-03 17:28:54,510 - src.collect_pipeline - INFO - API response: 2 results
2025-09-03 17:28:54,514 - src.collect_pipeline - INFO - Progress saved to data/raw\data_collection_progress.json
2025-09-03 17:28:54,515 - src.collect_pipeline - INFO - Processing batch 4
2025-09-03 17:28:54,515 - src.collect_pipeline - INFO - Making API request: /fixtures/statistics?fixture=573625
2025-09-03 17:28:54,654 - src.collect_pipeline - INFO - API response: 2 results
2025-09-03 17:28:54,655 - src.collect_pipeline - INFO - Making API request: /fixtures/statistics?fixture=573626
2025-09-03 17:28:54,803 - src.collect_pipeline - INFO - API response: 2 results
2025-09-03 17:28:54,804 - src.collect_pipeline - INFO - Making API request: /fixtures/statistics?fixture=573624
2025-09-03 17:28:54,948 - src.collect_pipeline - INFO - API response: 2 results
2025-09-03 17:28:54,949 - src.collect_pipeline - INFO - Making API request: /fixtures/statistics?fixture=573620
2025-09-03 17:28:55,082 - src.collect_pipeline - INFO - API response: 2 results
2025-09-03 17:28:55,083 - src.collect_pipeline - INFO - Making API request: /fixtures/statistics?fixture=573627
2025-09-03 17:28:55,214 - src.collect_pipeline - INFO - API response: 2 results
2025-09-03 17:28:55,215 - src.collect_pipeline - INFO - Making API request: /fixtures/statistics?fixture=573622
2025-09-03 17:28:55,357 - src.collect_pipeline - INFO - API response: 2 results
2025-09-03 17:28:55,358 - src.collect_pipeline - INFO - Making API request: /fixtures/statistics?fixture=573623
2025-09-03 17:28:55,502 - src.collect_pipeline - INFO - API response: 2 results
2025-09-03 17:28:55,503 - src.collect_pipeline - INFO - Making API request: /fixtures/statistics?fixture=573621
2025-09-03 17:28:55,646 - src.collect_pipeline - INFO - API response: 2 results
2025-09-03 17:28:55,646 - src.collect_pipeline - INFO - Making API request: /fixtures/statistics?fixture=573556
2025-09-03 17:28:55,785 - src.collect_pipeline - INFO - API response: 2 results
2025-09-03 17:28:55,785 - src.collect_pipeline - INFO - Making API request: /fixtures/statistics?fixture=573628
2025-09-03 17:28:55,928 - src.collect_pipeline - INFO - API response: 2 results
2025-09-03 17:28:55,928 - src.collect_pipeline - INFO - Making API request: /fixtures/statistics?fixture=573635
2025-09-03 17:28:56,058 - src.collect_pipeline - INFO - API response: 2 results
2025-09-03 17:28:56,059 - src.collect_pipeline - INFO - Making API request: /fixtures/statistics?fixture=573632
2025-09-03 17:28:56,204 - src.collect_pipeline - INFO - API response: 2 results
2025-09-03 17:28:56,205 - src.collect_pipeline - INFO - Making API request: /fixtures/statistics?fixture=573634
2025-09-03 17:28:56,337 - src.collect_pipeline - INFO - API response: 2 results
2025-09-03 17:28:56,338 - src.collect_pipeline - INFO - Making API request: /fixtures/statistics?fixture=573639
2025-09-03 17:28:56,481 - src.collect_pipeline - INFO - API response: 2 results
2025-09-03 17:28:56,482 - src.collect_pipeline - INFO - Making API request: /fixtures/statistics?fixture=573630
2025-09-03 17:28:56,629 - src.collect_pipeline - INFO - API response: 2 results
2025-09-03 17:28:56,629 - src.collect_pipeline - INFO - Making API request: /fixtures/statistics?fixture=573637
2025-09-03 17:28:56,763 - src.collect_pipeline - INFO - API response: 2 results
2025-09-03 17:28:56,764 - src.collect_pipeline - INFO - Making API request: /fixtures/statistics?fixture=573631
2025-09-03 17:28:56,895 - src.collect_pipeline - INFO - API response: 2 results
2025-09-03 17:28:56,895 - src.collect_pipeline - INFO - Making API request: /fixtures/statistics?fixture=573633
2025-09-03 17:28:57,031 - src.collect_pipeline - INFO - API response: 2 results
2025-09-03 17:28:57,032 - src.collect_pipeline - INFO - Making API request: /fixtures/statistics?fixture=573636
2025-09-03 17:28:57,156 - src.collect_pipeline - INFO - API response: 2 results
2025-09-03 17:28:57,156 - src.collect_pipeline - INFO - Making API request: /fixtures/statistics?fixture=573638
2025-09-03 17:28:57,285 - src.collect_pipeline - INFO - API response: 2 results
2025-09-03 17:28:57,286 - src.collect_pipeline - INFO - Making API request: /fixtures/statistics?fixture=573646
2025-09-03 17:28:57,433 - src.collect_pipeline - INFO - API response: 2 results
2025-09-03 17:28:57,433 - src.collect_pipeline - INFO - Making API request: /fixtures/statistics?fixture=573644
2025-09-03 17:28:57,573 - src.collect_pipeline - INFO - API response: 2 results
2025-09-03 17:28:57,574 - src.collect_pipeline - INFO - Making API request: /fixtures/statistics?fixture=573640
2025-09-03 17:28:57,706 - src.collect_pipeline - INFO - API response: 2 results
2025-09-03 17:28:57,708 - src.collect_pipeline - INFO - Making API request: /fixtures/statistics?fixture=573641
2025-09-03 17:28:57,841 - src.collect_pipeline - INFO - API response: 2 results
2025-09-03 17:28:57,842 - src.collect_pipeline - INFO - Making API request: /fixtures/statistics?fixture=573642
2025-09-03 17:28:57,973 - src.collect_pipeline - INFO - API response: 2 results
2025-09-03 17:28:57,974 - src.collect_pipeline - INFO - Making API request: /fixtures/statistics?fixture=573643
2025-09-03 17:28:58,121 - src.collect_pipeline - INFO - API response: 2 results
2025-09-03 17:28:58,122 - src.collect_pipeline - INFO - Making API request: /fixtures/statistics?fixture=573645
2025-09-03 17:28:58,263 - src.collect_pipeline - INFO - API response: 2 results
2025-09-03 17:28:58,264 - src.collect_pipeline - INFO - Making API request: /fixtures/statistics?fixture=573648
2025-09-03 17:28:58,424 - src.collect_pipeline - INFO - API response: 2 results
2025-09-03 17:28:58,426 - src.collect_pipeline - INFO - Making API request: /fixtures/statistics?fixture=573647
2025-09-03 17:28:58,558 - src.collect_pipeline - INFO - API response: 2 results
2025-09-03 17:28:58,559 - src.collect_pipeline - INFO - Making API request: /fixtures/statistics?fixture=573649
2025-09-03 17:28:58,707 - src.collect_pipeline - INFO - API response: 0 results
2025-09-03 17:28:58,708 - src.collect_pipeline - INFO - Making API request: /fixtures/statistics?fixture=573658
2025-09-03 17:28:58,843 - src.collect_pipeline - INFO - API response: 2 results
2025-09-03 17:28:58,844 - src.collect_pipeline - INFO - Making API request: /fixtures/statistics?fixture=573657
2025-09-03 17:28:58,975 - src.collect_pipeline - INFO - API response: 2 results
2025-09-03 17:28:58,976 - src.collect_pipeline - INFO - Making API request: /fixtures/statistics?fixture=573659
2025-09-03 17:28:59,107 - src.collect_pipeline - INFO - API response: 2 results
2025-09-03 17:28:59,109 - src.collect_pipeline - INFO - Making API request: /fixtures/statistics?fixture=573656
2025-09-03 17:28:59,252 - src.collect_pipeline - INFO - API response: 2 results
2025-09-03 17:28:59,253 - src.collect_pipeline - INFO - Making API request: /fixtures/statistics?fixture=573652
2025-09-03 17:28:59,387 - src.collect_pipeline - INFO - API response: 2 results
2025-09-03 17:28:59,387 - src.collect_pipeline - INFO - Making API request: /fixtures/statistics?fixture=573651
2025-09-03 17:28:59,514 - src.collect_pipeline - INFO - API response: 2 results
2025-09-03 17:28:59,515 - src.collect_pipeline - INFO - Making API request: /fixtures/statistics?fixture=573653
2025-09-03 17:28:59,646 - src.collect_pipeline - INFO - API response: 2 results
2025-09-03 17:28:59,647 - src.collect_pipeline - INFO - Making API request: /fixtures/statistics?fixture=573655
2025-09-03 17:28:59,782 - src.collect_pipeline - INFO - API response: 2 results
2025-09-03 17:28:59,782 - src.collect_pipeline - INFO - Making API request: /fixtures/statistics?fixture=573650
2025-09-03 17:28:59,919 - src.collect_pipeline - INFO - API response: 2 results
2025-09-03 17:28:59,920 - src.collect_pipeline - INFO - Making API request: /fixtures/statistics?fixture=573654
2025-09-03 17:29:00,056 - src.collect_pipeline - INFO - API response: 2 results
2025-09-03 17:29:00,057 - src.collect_pipeline - INFO - Making API request: /fixtures/statistics?fixture=573661
2025-09-03 17:29:00,203 - src.collect_pipeline - INFO - API response: 2 results
2025-09-03 17:29:00,204 - src.collect_pipeline - INFO - Making API request: /fixtures/statistics?fixture=573662
2025-09-03 17:29:00,336 - src.collect_pipeline - INFO - API response: 2 results
2025-09-03 17:29:00,337 - src.collect_pipeline - INFO - Making API request: /fixtures/statistics?fixture=573666
2025-09-03 17:29:00,497 - src.collect_pipeline - INFO - API response: 2 results
2025-09-03 17:29:00,498 - src.collect_pipeline - INFO - Making API request: /fixtures/statistics?fixture=573660
2025-09-03 17:29:00,636 - src.collect_pipeline - INFO - API response: 2 results
2025-09-03 17:29:00,637 - src.collect_pipeline - INFO - Making API request: /fixtures/statistics?fixture=573663
2025-09-03 17:29:00,766 - src.collect_pipeline - INFO - API response: 2 results
2025-09-03 17:29:00,767 - src.collect_pipeline - INFO - Making API request: /fixtures/statistics?fixture=573664
2025-09-03 17:29:00,903 - src.collect_pipeline - INFO - API response: 2 results
2025-09-03 17:29:00,903 - src.collect_pipeline - INFO - Making API request: /fixtures/statistics?fixture=573667
2025-09-03 17:29:01,047 - src.collect_pipeline - INFO - API response: 2 results
2025-09-03 17:29:01,048 - src.collect_pipeline - INFO - Making API request: /fixtures/statistics?fixture=573665
2025-09-03 17:29:01,194 - src.collect_pipeline - INFO - API response: 2 results
2025-09-03 17:29:01,194 - src.collect_pipeline - INFO - Making API request: /fixtures/statistics?fixture=573669
2025-09-03 17:29:01,331 - src.collect_pipeline - INFO - API response: 2 results
2025-09-03 17:29:01,332 - src.collect_pipeline - INFO - Making API request: /fixtures/statistics?fixture=573668
2025-09-03 17:29:01,471 - src.collect_pipeline - INFO - API response: 2 results
2025-09-03 17:29:01,475 - src.collect_pipeline - INFO - Progress saved to data/raw\data_collection_progress.json
2025-09-03 17:29:01,476 - src.collect_pipeline - INFO - Processing batch 5
2025-09-03 17:29:01,476 - src.collect_pipeline - INFO - Making API request: /fixtures/statistics?fixture=573674
2025-09-03 17:29:01,631 - src.collect_pipeline - INFO - API response: 2 results
2025-09-03 17:29:01,631 - src.collect_pipeline - INFO - Making API request: /fixtures/statistics?fixture=573671
2025-09-03 17:29:01,779 - src.collect_pipeline - INFO - API response: 2 results
2025-09-03 17:29:01,780 - src.collect_pipeline - INFO - Making API request: /fixtures/statistics?fixture=573672
2025-09-03 17:29:01,930 - src.collect_pipeline - INFO - API response: 2 results
2025-09-03 17:29:01,931 - src.collect_pipeline - INFO - Making API request: /fixtures/statistics?fixture=573675
2025-09-03 17:29:02,086 - src.collect_pipeline - INFO - API response: 2 results
2025-09-03 17:29:02,086 - src.collect_pipeline - INFO - Making API request: /fixtures/statistics?fixture=573670
2025-09-03 17:29:02,215 - src.collect_pipeline - INFO - API response: 2 results
2025-09-03 17:29:02,216 - src.collect_pipeline - INFO - Making API request: /fixtures/statistics?fixture=573678
2025-09-03 17:29:02,356 - src.collect_pipeline - INFO - API response: 2 results
2025-09-03 17:29:02,356 - src.collect_pipeline - INFO - Making API request: /fixtures/statistics?fixture=573676
2025-09-03 17:29:02,493 - src.collect_pipeline - INFO - API response: 2 results
2025-09-03 17:29:02,494 - src.collect_pipeline - INFO - Making API request: /fixtures/statistics?fixture=573677
2025-09-03 17:29:02,626 - src.collect_pipeline - INFO - API response: 2 results
2025-09-03 17:29:02,627 - src.collect_pipeline - INFO - Making API request: /fixtures/statistics?fixture=573679
2025-09-03 17:29:02,758 - src.collect_pipeline - INFO - API response: 2 results
2025-09-03 17:29:02,759 - src.collect_pipeline - INFO - Making API request: /fixtures/statistics?fixture=573673
2025-09-03 17:29:02,899 - src.collect_pipeline - INFO - API response: 2 results
2025-09-03 17:29:02,900 - src.collect_pipeline - INFO - Making API request: /fixtures/statistics?fixture=573686
2025-09-03 17:29:03,040 - src.collect_pipeline - INFO - API response: 2 results
2025-09-03 17:29:03,041 - src.collect_pipeline - INFO - Making API request: /fixtures/statistics?fixture=573688
2025-09-03 17:29:03,164 - src.collect_pipeline - INFO - API response: 2 results
2025-09-03 17:29:03,165 - src.collect_pipeline - INFO - Making API request: /fixtures/statistics?fixture=573684
2025-09-03 17:29:03,299 - src.collect_pipeline - INFO - API response: 2 results
2025-09-03 17:29:03,300 - src.collect_pipeline - INFO - Making API request: /fixtures/statistics?fixture=573685
2025-09-03 17:29:03,436 - src.collect_pipeline - INFO - API response: 2 results
2025-09-03 17:29:03,437 - src.collect_pipeline - INFO - Making API request: /fixtures/statistics?fixture=573680
2025-09-03 17:29:03,565 - src.collect_pipeline - INFO - API response: 2 results
2025-09-03 17:29:03,566 - src.collect_pipeline - INFO - Making API request: /fixtures/statistics?fixture=573681
2025-09-03 17:29:03,703 - src.collect_pipeline - INFO - API response: 2 results
2025-09-03 17:29:03,704 - src.collect_pipeline - INFO - Making API request: /fixtures/statistics?fixture=573682
2025-09-03 17:29:03,828 - src.collect_pipeline - INFO - API response: 2 results
2025-09-03 17:29:03,829 - src.collect_pipeline - INFO - Making API request: /fixtures/statistics?fixture=573689
2025-09-03 17:29:03,965 - src.collect_pipeline - INFO - API response: 2 results
2025-09-03 17:29:03,966 - src.collect_pipeline - INFO - Making API request: /fixtures/statistics?fixture=573687
2025-09-03 17:29:04,111 - src.collect_pipeline - INFO - API response: 2 results
2025-09-03 17:29:04,112 - src.collect_pipeline - INFO - Making API request: /fixtures/statistics?fixture=573683
2025-09-03 17:29:04,248 - src.collect_pipeline - INFO - API response: 2 results
2025-09-03 17:29:04,249 - src.collect_pipeline - INFO - Making API request: /fixtures/statistics?fixture=573690
2025-09-03 17:29:04,392 - src.collect_pipeline - INFO - API response: 2 results
2025-09-03 17:29:04,393 - src.collect_pipeline - INFO - Making API request: /fixtures/statistics?fixture=573694
2025-09-03 17:29:04,563 - src.collect_pipeline - INFO - API response: 2 results
2025-09-03 17:29:04,564 - src.collect_pipeline - INFO - Making API request: /fixtures/statistics?fixture=573696
2025-09-03 17:29:04,762 - src.collect_pipeline - INFO - API response: 2 results
2025-09-03 17:29:04,763 - src.collect_pipeline - INFO - Making API request: /fixtures/statistics?fixture=573692
2025-09-03 17:29:04,900 - src.collect_pipeline - INFO - API response: 2 results
2025-09-03 17:29:04,901 - src.collect_pipeline - INFO - Making API request: /fixtures/statistics?fixture=573691
2025-09-03 17:29:05,060 - src.collect_pipeline - INFO - API response: 2 results
2025-09-03 17:29:05,061 - src.collect_pipeline - INFO - Making API request: /fixtures/statistics?fixture=573693
2025-09-03 17:29:05,228 - src.collect_pipeline - INFO - API response: 2 results
2025-09-03 17:29:05,229 - src.collect_pipeline - INFO - Making API request: /fixtures/statistics?fixture=573707
2025-09-03 17:29:05,369 - src.collect_pipeline - INFO - API response: 2 results
2025-09-03 17:29:05,370 - src.collect_pipeline - INFO - Making API request: /fixtures/statistics?fixture=573709
2025-09-03 17:29:05,587 - src.collect_pipeline - INFO - API response: 2 results
2025-09-03 17:29:05,588 - src.collect_pipeline - INFO - Making API request: /fixtures/statistics?fixture=573704
2025-09-03 17:29:05,844 - src.collect_pipeline - INFO - API response: 2 results
2025-09-03 17:29:05,845 - src.collect_pipeline - INFO - Making API request: /fixtures/statistics?fixture=573705
2025-09-03 17:29:05,984 - src.collect_pipeline - INFO - API response: 2 results
2025-09-03 17:29:05,985 - src.collect_pipeline - INFO - Making API request: /fixtures/statistics?fixture=573708
2025-09-03 17:29:06,127 - src.collect_pipeline - INFO - API response: 2 results
2025-09-03 17:29:06,128 - src.collect_pipeline - INFO - Making API request: /fixtures/statistics?fixture=573700
2025-09-03 17:29:06,301 - src.collect_pipeline - INFO - API response: 2 results
2025-09-03 17:29:06,302 - src.collect_pipeline - INFO - Making API request: /fixtures/statistics?fixture=573697
2025-09-03 17:29:06,441 - src.collect_pipeline - INFO - API response: 2 results
2025-09-03 17:29:06,442 - src.collect_pipeline - INFO - Making API request: /fixtures/statistics?fixture=573701
2025-09-03 17:29:06,580 - src.collect_pipeline - INFO - API response: 2 results
2025-09-03 17:29:06,581 - src.collect_pipeline - INFO - Making API request: /fixtures/statistics?fixture=573695
2025-09-03 17:29:06,720 - src.collect_pipeline - INFO - API response: 2 results
2025-09-03 17:29:06,721 - src.collect_pipeline - INFO - Making API request: /fixtures/statistics?fixture=573698
2025-09-03 17:29:07,206 - src.collect_pipeline - INFO - API response: 2 results
2025-09-03 17:29:07,207 - src.collect_pipeline - INFO - Making API request: /fixtures/statistics?fixture=573711
2025-09-03 17:29:07,354 - src.collect_pipeline - INFO - API response: 2 results
2025-09-03 17:29:07,355 - src.collect_pipeline - INFO - Making API request: /fixtures/statistics?fixture=573718
2025-09-03 17:29:07,498 - src.collect_pipeline - INFO - API response: 2 results
2025-09-03 17:29:07,499 - src.collect_pipeline - INFO - Making API request: /fixtures/statistics?fixture=573713
2025-09-03 17:29:07,628 - src.collect_pipeline - INFO - API response: 2 results
2025-09-03 17:29:07,629 - src.collect_pipeline - INFO - Making API request: /fixtures/statistics?fixture=573714
2025-09-03 17:29:07,766 - src.collect_pipeline - INFO - API response: 2 results
2025-09-03 17:29:07,767 - src.collect_pipeline - INFO - Making API request: /fixtures/statistics?fixture=573715
2025-09-03 17:29:07,926 - src.collect_pipeline - INFO - API response: 2 results
2025-09-03 17:29:07,927 - src.collect_pipeline - INFO - Making API request: /fixtures/statistics?fixture=573712
2025-09-03 17:29:08,078 - src.collect_pipeline - INFO - API response: 2 results
2025-09-03 17:29:08,079 - src.collect_pipeline - INFO - Making API request: /fixtures/statistics?fixture=573716
2025-09-03 17:29:08,229 - src.collect_pipeline - INFO - API response: 2 results
2025-09-03 17:29:08,230 - src.collect_pipeline - INFO - Making API request: /fixtures/statistics?fixture=573717
2025-09-03 17:29:08,369 - src.collect_pipeline - INFO - API response: 2 results
2025-09-03 17:29:08,370 - src.collect_pipeline - INFO - Making API request: /fixtures/statistics?fixture=573719
2025-09-03 17:29:08,506 - src.collect_pipeline - INFO - API response: 2 results
2025-09-03 17:29:08,506 - src.collect_pipeline - INFO - Making API request: /fixtures/statistics?fixture=573710
2025-09-03 17:29:08,662 - src.collect_pipeline - INFO - API response: 2 results
2025-09-03 17:29:08,663 - src.collect_pipeline - INFO - Making API request: /fixtures/statistics?fixture=573703
2025-09-03 17:29:08,836 - src.collect_pipeline - INFO - API response: 2 results
2025-09-03 17:29:08,837 - src.collect_pipeline - INFO - Making API request: /fixtures/statistics?fixture=573724
2025-09-03 17:29:08,992 - src.collect_pipeline - INFO - API response: 2 results
2025-09-03 17:29:08,993 - src.collect_pipeline - INFO - Making API request: /fixtures/statistics?fixture=573727
2025-09-03 17:29:09,158 - src.collect_pipeline - INFO - API response: 2 results
2025-09-03 17:29:09,160 - src.collect_pipeline - INFO - Making API request: /fixtures/statistics?fixture=573728
2025-09-03 17:29:09,342 - src.collect_pipeline - INFO - API response: 2 results
2025-09-03 17:29:09,346 - src.collect_pipeline - INFO - Progress saved to data/raw\data_collection_progress.json
2025-09-03 17:29:09,346 - src.collect_pipeline - INFO - Processing batch 6
2025-09-03 17:29:09,346 - src.collect_pipeline - INFO - Making API request: /fixtures/statistics?fixture=573726
2025-09-03 17:29:09,490 - src.collect_pipeline - INFO - API response: 2 results
2025-09-03 17:29:09,491 - src.collect_pipeline - INFO - Making API request: /fixtures/statistics?fixture=573721
2025-09-03 17:29:09,619 - src.collect_pipeline - INFO - API response: 2 results
2025-09-03 17:29:09,620 - src.collect_pipeline - INFO - Making API request: /fixtures/statistics?fixture=573723
2025-09-03 17:29:09,754 - src.collect_pipeline - INFO - API response: 2 results
2025-09-03 17:29:09,755 - src.collect_pipeline - INFO - Making API request: /fixtures/statistics?fixture=573720
2025-09-03 17:29:09,895 - src.collect_pipeline - INFO - API response: 2 results
2025-09-03 17:29:09,896 - src.collect_pipeline - INFO - Making API request: /fixtures/statistics?fixture=573722
2025-09-03 17:29:10,036 - src.collect_pipeline - INFO - API response: 2 results
2025-09-03 17:29:10,037 - src.collect_pipeline - INFO - Making API request: /fixtures/statistics?fixture=573729
2025-09-03 17:29:10,176 - src.collect_pipeline - INFO - API response: 2 results
2025-09-03 17:29:10,177 - src.collect_pipeline - INFO - Making API request: /fixtures/statistics?fixture=573725
2025-09-03 17:29:10,318 - src.collect_pipeline - INFO - API response: 2 results
2025-09-03 17:29:10,318 - src.collect_pipeline - INFO - Making API request: /fixtures/statistics?fixture=573706
2025-09-03 17:29:10,475 - src.collect_pipeline - INFO - API response: 2 results
2025-09-03 17:29:10,476 - src.collect_pipeline - INFO - Making API request: /fixtures/statistics?fixture=573699
2025-09-03 17:29:10,657 - src.collect_pipeline - INFO - API response: 2 results
2025-09-03 17:29:10,658 - src.collect_pipeline - INFO - Making API request: /fixtures/statistics?fixture=573702
2025-09-03 17:29:10,805 - src.collect_pipeline - INFO - API response: 2 results
2025-09-03 17:29:10,805 - src.collect_pipeline - INFO - Making API request: /fixtures/statistics?fixture=573734
2025-09-03 17:29:10,984 - src.collect_pipeline - INFO - API response: 2 results
2025-09-03 17:29:10,985 - src.collect_pipeline - INFO - Making API request: /fixtures/statistics?fixture=573738
2025-09-03 17:29:11,149 - src.collect_pipeline - INFO - API response: 2 results
2025-09-03 17:29:11,150 - src.collect_pipeline - INFO - Making API request: /fixtures/statistics?fixture=573730
2025-09-03 17:29:11,279 - src.collect_pipeline - INFO - API response: 2 results
2025-09-03 17:29:11,280 - src.collect_pipeline - INFO - Making API request: /fixtures/statistics?fixture=573736
2025-09-03 17:29:11,429 - src.collect_pipeline - INFO - API response: 2 results
2025-09-03 17:29:11,430 - src.collect_pipeline - INFO - Making API request: /fixtures/statistics?fixture=573731
2025-09-03 17:29:11,568 - src.collect_pipeline - INFO - API response: 2 results
2025-09-03 17:29:11,569 - src.collect_pipeline - INFO - Making API request: /fixtures/statistics?fixture=573732
2025-09-03 17:29:11,705 - src.collect_pipeline - INFO - API response: 2 results
2025-09-03 17:29:11,706 - src.collect_pipeline - INFO - Making API request: /fixtures/statistics?fixture=573733
2025-09-03 17:29:11,907 - src.collect_pipeline - INFO - API response: 2 results
2025-09-03 17:29:11,908 - src.collect_pipeline - INFO - Making API request: /fixtures/statistics?fixture=573737
2025-09-03 17:29:12,106 - src.collect_pipeline - INFO - API response: 2 results
2025-09-03 17:29:12,107 - src.collect_pipeline - INFO - Making API request: /fixtures/statistics?fixture=573739
2025-09-03 17:29:12,308 - src.collect_pipeline - INFO - API response: 2 results
2025-09-03 17:29:12,310 - src.collect_pipeline - INFO - Making API request: /fixtures/statistics?fixture=573735
2025-09-03 17:29:12,464 - src.collect_pipeline - INFO - API response: 2 results
2025-09-03 17:29:12,465 - src.collect_pipeline - INFO - Making API request: /fixtures/statistics?fixture=573745
2025-09-03 17:29:12,700 - src.collect_pipeline - INFO - API response: 2 results
2025-09-03 17:29:12,701 - src.collect_pipeline - INFO - Making API request: /fixtures/statistics?fixture=573741
2025-09-03 17:29:12,883 - src.collect_pipeline - INFO - API response: 2 results
2025-09-03 17:29:12,884 - src.collect_pipeline - INFO - Making API request: /fixtures/statistics?fixture=573740
2025-09-03 17:29:13,083 - src.collect_pipeline - INFO - API response: 2 results
2025-09-03 17:29:13,084 - src.collect_pipeline - INFO - Making API request: /fixtures/statistics?fixture=573742
2025-09-03 17:29:13,233 - src.collect_pipeline - INFO - API response: 2 results
2025-09-03 17:29:13,234 - src.collect_pipeline - INFO - Making API request: /fixtures/statistics?fixture=573747
2025-09-03 17:29:13,379 - src.collect_pipeline - INFO - API response: 2 results
2025-09-03 17:29:13,380 - src.collect_pipeline - INFO - Making API request: /fixtures/statistics?fixture=573743
2025-09-03 17:29:13,542 - src.collect_pipeline - INFO - API response: 2 results
2025-09-03 17:29:13,543 - src.collect_pipeline - INFO - Making API request: /fixtures/statistics?fixture=573748
2025-09-03 17:29:13,675 - src.collect_pipeline - INFO - API response: 2 results
2025-09-03 17:29:13,676 - src.collect_pipeline - INFO - Making API request: /fixtures/statistics?fixture=573744
2025-09-03 17:29:13,856 - src.collect_pipeline - INFO - API response: 2 results
2025-09-03 17:29:13,856 - src.collect_pipeline - INFO - Making API request: /fixtures/statistics?fixture=573746
2025-09-03 17:29:14,032 - src.collect_pipeline - INFO - API response: 2 results
2025-09-03 17:29:14,033 - src.collect_pipeline - INFO - Making API request: /fixtures/statistics?fixture=573749
2025-09-03 17:29:14,221 - src.collect_pipeline - INFO - API response: 2 results
2025-09-03 17:29:14,222 - src.collect_pipeline - INFO - Making API request: /fixtures/statistics?fixture=573760
2025-09-03 17:29:14,383 - src.collect_pipeline - INFO - API response: 2 results
2025-09-03 17:29:14,384 - src.collect_pipeline - INFO - Making API request: /fixtures/statistics?fixture=573761
2025-09-03 17:29:14,587 - src.collect_pipeline - INFO - API response: 2 results
2025-09-03 17:29:14,588 - src.collect_pipeline - INFO - Making API request: /fixtures/statistics?fixture=573762
2025-09-03 17:29:14,719 - src.collect_pipeline - INFO - API response: 2 results
2025-09-03 17:29:14,720 - src.collect_pipeline - INFO - Making API request: /fixtures/statistics?fixture=573754
2025-09-03 17:29:14,847 - src.collect_pipeline - INFO - API response: 2 results
2025-09-03 17:29:14,848 - src.collect_pipeline - INFO - Making API request: /fixtures/statistics?fixture=573750
2025-09-03 17:29:14,993 - src.collect_pipeline - INFO - API response: 2 results
2025-09-03 17:29:14,994 - src.collect_pipeline - INFO - Making API request: /fixtures/statistics?fixture=573757
2025-09-03 17:29:15,130 - src.collect_pipeline - INFO - API response: 2 results
2025-09-03 17:29:15,130 - src.collect_pipeline - INFO - Making API request: /fixtures/statistics?fixture=573759
2025-09-03 17:29:15,263 - src.collect_pipeline - INFO - API response: 2 results
2025-09-03 17:29:15,263 - src.collect_pipeline - INFO - Making API request: /fixtures/statistics?fixture=573752
2025-09-03 17:29:15,392 - src.collect_pipeline - INFO - API response: 2 results
2025-09-03 17:29:15,393 - src.collect_pipeline - INFO - Making API request: /fixtures/statistics?fixture=573758
2025-09-03 17:29:15,535 - src.collect_pipeline - INFO - API response: 2 results
2025-09-03 17:29:15,536 - src.collect_pipeline - INFO - Making API request: /fixtures/statistics?fixture=573755
2025-09-03 17:29:15,675 - src.collect_pipeline - INFO - API response: 2 results
2025-09-03 17:29:15,676 - src.collect_pipeline - INFO - Making API request: /fixtures/statistics?fixture=573753
2025-09-03 17:29:15,805 - src.collect_pipeline - INFO - API response: 2 results
2025-09-03 17:29:15,805 - src.collect_pipeline - INFO - Making API request: /fixtures/statistics?fixture=573756
2025-09-03 17:29:15,962 - src.collect_pipeline - INFO - API response: 2 results
2025-09-03 17:29:15,963 - src.collect_pipeline - INFO - Making API request: /fixtures/statistics?fixture=573751
2025-09-03 17:29:16,131 - src.collect_pipeline - INFO - API response: 2 results
2025-09-03 17:29:16,132 - src.collect_pipeline - INFO - Making API request: /fixtures/statistics?fixture=573767
2025-09-03 17:29:16,284 - src.collect_pipeline - INFO - API response: 2 results
2025-09-03 17:29:16,284 - src.collect_pipeline - INFO - Making API request: /fixtures/statistics?fixture=573765
2025-09-03 17:29:16,437 - src.collect_pipeline - INFO - API response: 2 results
2025-09-03 17:29:16,438 - src.collect_pipeline - INFO - Making API request: /fixtures/statistics?fixture=573769
2025-09-03 17:29:16,680 - src.collect_pipeline - INFO - API response: 2 results
2025-09-03 17:29:16,680 - src.collect_pipeline - INFO - Making API request: /fixtures/statistics?fixture=573768
2025-09-03 17:29:16,944 - src.collect_pipeline - INFO - API response: 2 results
2025-09-03 17:29:16,945 - src.collect_pipeline - INFO - Making API request: /fixtures/statistics?fixture=573766
2025-09-03 17:29:17,122 - src.collect_pipeline - INFO - API response: 2 results
2025-09-03 17:29:17,123 - src.collect_pipeline - INFO - Making API request: /fixtures/statistics?fixture=573763
2025-09-03 17:29:17,821 - src.collect_pipeline - INFO - API response: 2 results
2025-09-03 17:29:17,822 - src.collect_pipeline - INFO - Making API request: /fixtures/statistics?fixture=573764
2025-09-03 17:29:19,036 - src.collect_pipeline - INFO - API response: 2 results
2025-09-03 17:29:19,041 - src.collect_pipeline - INFO - Progress saved to data/raw\data_collection_progress.json
2025-09-03 17:29:19,041 - src.collect_pipeline - INFO - Processing batch 7
2025-09-03 17:29:19,041 - src.collect_pipeline - INFO - Making API request: /fixtures/statistics?fixture=573774
2025-09-03 17:29:19,186 - src.collect_pipeline - INFO - API response: 2 results
2025-09-03 17:29:19,187 - src.collect_pipeline - INFO - Making API request: /fixtures/statistics?fixture=573770
2025-09-03 17:29:19,359 - src.collect_pipeline - INFO - API response: 2 results
2025-09-03 17:29:19,360 - src.collect_pipeline - INFO - Making API request: /fixtures/statistics?fixture=573775
2025-09-03 17:29:19,513 - src.collect_pipeline - INFO - API response: 2 results
2025-09-03 17:29:19,514 - src.collect_pipeline - INFO - Making API request: /fixtures/statistics?fixture=573777
2025-09-03 17:29:19,676 - src.collect_pipeline - INFO - API response: 2 results
2025-09-03 17:29:19,677 - src.collect_pipeline - INFO - Making API request: /fixtures/statistics?fixture=573779
2025-09-03 17:29:19,905 - src.collect_pipeline - INFO - API response: 2 results
2025-09-03 17:29:19,906 - src.collect_pipeline - INFO - Making API request: /fixtures/statistics?fixture=573772
2025-09-03 17:29:20,061 - src.collect_pipeline - INFO - API response: 2 results
2025-09-03 17:29:20,061 - src.collect_pipeline - INFO - Making API request: /fixtures/statistics?fixture=573771
2025-09-03 17:29:20,213 - src.collect_pipeline - INFO - API response: 2 results
2025-09-03 17:29:20,214 - src.collect_pipeline - INFO - Making API request: /fixtures/statistics?fixture=573778
2025-09-03 17:29:20,361 - src.collect_pipeline - INFO - API response: 2 results
2025-09-03 17:29:20,362 - src.collect_pipeline - INFO - Making API request: /fixtures/statistics?fixture=573773
2025-09-03 17:29:20,510 - src.collect_pipeline - INFO - API response: 2 results
2025-09-03 17:29:20,511 - src.collect_pipeline - INFO - Making API request: /fixtures/statistics?fixture=573776
2025-09-03 17:29:20,673 - src.collect_pipeline - INFO - API response: 2 results
2025-09-03 17:29:20,674 - src.collect_pipeline - INFO - Making API request: /fixtures/statistics?fixture=573785
2025-09-03 17:29:20,831 - src.collect_pipeline - INFO - API response: 2 results
2025-09-03 17:29:20,832 - src.collect_pipeline - INFO - Making API request: /fixtures/statistics?fixture=573784
2025-09-03 17:29:20,991 - src.collect_pipeline - INFO - API response: 2 results
2025-09-03 17:29:20,992 - src.collect_pipeline - INFO - Making API request: /fixtures/statistics?fixture=573781
2025-09-03 17:29:21,143 - src.collect_pipeline - INFO - API response: 2 results
2025-09-03 17:29:21,144 - src.collect_pipeline - INFO - Making API request: /fixtures/statistics?fixture=573787
2025-09-03 17:29:21,282 - src.collect_pipeline - INFO - API response: 2 results
2025-09-03 17:29:21,283 - src.collect_pipeline - INFO - Making API request: /fixtures/statistics?fixture=573783
2025-09-03 17:29:21,412 - src.collect_pipeline - INFO - API response: 2 results
2025-09-03 17:29:21,412 - src.collect_pipeline - INFO - Making API request: /fixtures/statistics?fixture=573782
2025-09-03 17:29:21,559 - src.collect_pipeline - INFO - API response: 2 results
2025-09-03 17:29:21,560 - src.collect_pipeline - INFO - Making API request: /fixtures/statistics?fixture=573788
2025-09-03 17:29:21,720 - src.collect_pipeline - INFO - API response: 2 results
2025-09-03 17:29:21,721 - src.collect_pipeline - INFO - Making API request: /fixtures/statistics?fixture=573780
2025-09-03 17:29:21,856 - src.collect_pipeline - INFO - API response: 2 results
2025-09-03 17:29:21,857 - src.collect_pipeline - INFO - Making API request: /fixtures/statistics?fixture=573789
2025-09-03 17:29:21,990 - src.collect_pipeline - INFO - API response: 2 results
2025-09-03 17:29:21,991 - src.collect_pipeline - INFO - Making API request: /fixtures/statistics?fixture=573786
2025-09-03 17:29:22,142 - src.collect_pipeline - INFO - API response: 2 results
2025-09-03 17:29:22,143 - src.collect_pipeline - INFO - Making API request: /fixtures/statistics?fixture=573795
2025-09-03 17:29:22,312 - src.collect_pipeline - INFO - API response: 2 results
2025-09-03 17:29:22,313 - src.collect_pipeline - INFO - Making API request: /fixtures/statistics?fixture=573794
2025-09-03 17:29:22,452 - src.collect_pipeline - INFO - API response: 2 results
2025-09-03 17:29:22,452 - src.collect_pipeline - INFO - Making API request: /fixtures/statistics?fixture=573792
2025-09-03 17:29:22,604 - src.collect_pipeline - INFO - API response: 2 results
2025-09-03 17:29:22,605 - src.collect_pipeline - INFO - Making API request: /fixtures/statistics?fixture=573790
2025-09-03 17:29:22,740 - src.collect_pipeline - INFO - API response: 2 results
2025-09-03 17:29:22,741 - src.collect_pipeline - INFO - Making API request: /fixtures/statistics?fixture=573793
2025-09-03 17:29:22,884 - src.collect_pipeline - INFO - API response: 2 results
2025-09-03 17:29:22,885 - src.collect_pipeline - INFO - Making API request: /fixtures/statistics?fixture=573798
2025-09-03 17:29:23,040 - src.collect_pipeline - INFO - API response: 2 results
2025-09-03 17:29:23,041 - src.collect_pipeline - INFO - Making API request: /fixtures/statistics?fixture=573797
2025-09-03 17:29:23,182 - src.collect_pipeline - INFO - API response: 2 results
2025-09-03 17:29:23,183 - src.collect_pipeline - INFO - Making API request: /fixtures/statistics?fixture=573796
2025-09-03 17:29:23,319 - src.collect_pipeline - INFO - API response: 2 results
2025-09-03 17:29:23,320 - src.collect_pipeline - INFO - Making API request: /fixtures/statistics?fixture=573799
2025-09-03 17:29:23,454 - src.collect_pipeline - INFO - API response: 2 results
2025-09-03 17:29:23,455 - src.collect_pipeline - INFO - Making API request: /fixtures/statistics?fixture=573791
2025-09-03 17:29:23,588 - src.collect_pipeline - INFO - API response: 2 results
2025-09-03 17:29:23,589 - src.collect_pipeline - INFO - Making API request: /fixtures/statistics?fixture=573804
2025-09-03 17:29:23,726 - src.collect_pipeline - INFO - API response: 2 results
2025-09-03 17:29:23,727 - src.collect_pipeline - INFO - Making API request: /fixtures/statistics?fixture=573801
2025-09-03 17:29:23,872 - src.collect_pipeline - INFO - API response: 2 results
2025-09-03 17:29:23,873 - src.collect_pipeline - INFO - Making API request: /fixtures/statistics?fixture=573807
2025-09-03 17:29:24,002 - src.collect_pipeline - INFO - API response: 2 results
2025-09-03 17:29:24,003 - src.collect_pipeline - INFO - Making API request: /fixtures/statistics?fixture=573802
2025-09-03 17:29:24,134 - src.collect_pipeline - INFO - API response: 2 results
2025-09-03 17:29:24,135 - src.collect_pipeline - INFO - Making API request: /fixtures/statistics?fixture=573800
2025-09-03 17:29:24,272 - src.collect_pipeline - INFO - API response: 2 results
2025-09-03 17:29:24,273 - src.collect_pipeline - INFO - Making API request: /fixtures/statistics?fixture=573808
2025-09-03 17:29:24,402 - src.collect_pipeline - INFO - API response: 2 results
2025-09-03 17:29:24,404 - src.collect_pipeline - INFO - Making API request: /fixtures/statistics?fixture=573805
2025-09-03 17:29:24,548 - src.collect_pipeline - INFO - API response: 2 results
2025-09-03 17:29:24,549 - src.collect_pipeline - INFO - Making API request: /fixtures/statistics?fixture=573806
2025-09-03 17:29:24,699 - src.collect_pipeline - INFO - API response: 2 results
2025-09-03 17:29:24,700 - src.collect_pipeline - INFO - Making API request: /fixtures/statistics?fixture=573803
2025-09-03 17:29:24,844 - src.collect_pipeline - INFO - API response: 2 results
2025-09-03 17:29:24,845 - src.collect_pipeline - INFO - Making API request: /fixtures/statistics?fixture=573809
2025-09-03 17:29:25,001 - src.collect_pipeline - INFO - API response: 2 results
2025-09-03 17:29:25,002 - src.collect_pipeline - INFO - Making API request: /fixtures/statistics?fixture=573816
2025-09-03 17:29:25,128 - src.collect_pipeline - INFO - API response: 2 results
2025-09-03 17:29:25,129 - src.collect_pipeline - INFO - Making API request: /fixtures/statistics?fixture=573818
2025-09-03 17:29:25,273 - src.collect_pipeline - INFO - API response: 2 results
2025-09-03 17:29:25,273 - src.collect_pipeline - INFO - Making API request: /fixtures/statistics?fixture=573814
2025-09-03 17:29:25,419 - src.collect_pipeline - INFO - API response: 2 results
2025-09-03 17:29:25,420 - src.collect_pipeline - INFO - Making API request: /fixtures/statistics?fixture=573813
2025-09-03 17:29:25,557 - src.collect_pipeline - INFO - API response: 2 results
2025-09-03 17:29:25,558 - src.collect_pipeline - INFO - Making API request: /fixtures/statistics?fixture=573811
2025-09-03 17:29:25,685 - src.collect_pipeline - INFO - API response: 2 results
2025-09-03 17:29:25,686 - src.collect_pipeline - INFO - Making API request: /fixtures/statistics?fixture=573810
2025-09-03 17:29:25,817 - src.collect_pipeline - INFO - API response: 2 results
2025-09-03 17:29:25,818 - src.collect_pipeline - INFO - Making API request: /fixtures/statistics?fixture=573812
2025-09-03 17:29:25,962 - src.collect_pipeline - INFO - API response: 2 results
2025-09-03 17:29:25,963 - src.collect_pipeline - INFO - Making API request: /fixtures/statistics?fixture=573815
2025-09-03 17:29:26,101 - src.collect_pipeline - INFO - API response: 2 results
2025-09-03 17:29:26,101 - src.collect_pipeline - INFO - Making API request: /fixtures/statistics?fixture=573819
2025-09-03 17:29:26,244 - src.collect_pipeline - INFO - API response: 2 results
2025-09-03 17:29:26,245 - src.collect_pipeline - INFO - Making API request: /fixtures/statistics?fixture=573824
2025-09-03 17:29:26,386 - src.collect_pipeline - INFO - API response: 2 results
2025-09-03 17:29:26,392 - src.collect_pipeline - INFO - Progress saved to data/raw\data_collection_progress.json
2025-09-03 17:29:26,392 - src.collect_pipeline - INFO - Processing batch 8
2025-09-03 17:29:26,392 - src.collect_pipeline - INFO - Making API request: /fixtures/statistics?fixture=573825
2025-09-03 17:29:26,531 - src.collect_pipeline - INFO - API response: 2 results
2025-09-03 17:29:26,532 - src.collect_pipeline - INFO - Making API request: /fixtures/statistics?fixture=573826
2025-09-03 17:29:26,661 - src.collect_pipeline - INFO - API response: 2 results
2025-09-03 17:29:26,661 - src.collect_pipeline - INFO - Making API request: /fixtures/statistics?fixture=573822
2025-09-03 17:29:26,790 - src.collect_pipeline - INFO - API response: 2 results
2025-09-03 17:29:26,791 - src.collect_pipeline - INFO - Making API request: /fixtures/statistics?fixture=573821
2025-09-03 17:29:26,939 - src.collect_pipeline - INFO - API response: 2 results
2025-09-03 17:29:26,939 - src.collect_pipeline - INFO - Making API request: /fixtures/statistics?fixture=573820
2025-09-03 17:29:27,080 - src.collect_pipeline - INFO - API response: 2 results
2025-09-03 17:29:27,081 - src.collect_pipeline - INFO - Making API request: /fixtures/statistics?fixture=573827
2025-09-03 17:29:27,221 - src.collect_pipeline - INFO - API response: 2 results
2025-09-03 17:29:27,222 - src.collect_pipeline - INFO - Making API request: /fixtures/statistics?fixture=573823
2025-09-03 17:29:27,362 - src.collect_pipeline - INFO - API response: 2 results
2025-09-03 17:29:27,363 - src.collect_pipeline - INFO - Making API request: /fixtures/statistics?fixture=573828
2025-09-03 17:29:27,503 - src.collect_pipeline - INFO - API response: 2 results
2025-09-03 17:29:27,504 - src.collect_pipeline - INFO - Making API request: /fixtures/statistics?fixture=573817
2025-09-03 17:29:27,656 - src.collect_pipeline - INFO - API response: 2 results
2025-09-03 17:29:27,657 - src.collect_pipeline - INFO - Making API request: /fixtures/statistics?fixture=573829
2025-09-03 17:29:27,809 - src.collect_pipeline - INFO - API response: 2 results
2025-09-03 17:29:27,810 - src.collect_pipeline - INFO - Making API request: /fixtures/statistics?fixture=573838
2025-09-03 17:29:27,952 - src.collect_pipeline - INFO - API response: 2 results
2025-09-03 17:29:27,953 - src.collect_pipeline - INFO - Making API request: /fixtures/statistics?fixture=573830
2025-09-03 17:29:28,081 - src.collect_pipeline - INFO - API response: 2 results
2025-09-03 17:29:28,082 - src.collect_pipeline - INFO - Making API request: /fixtures/statistics?fixture=573834
2025-09-03 17:29:28,223 - src.collect_pipeline - INFO - API response: 2 results
2025-09-03 17:29:28,225 - src.collect_pipeline - INFO - Making API request: /fixtures/statistics?fixture=573837
2025-09-03 17:29:28,362 - src.collect_pipeline - INFO - API response: 2 results
2025-09-03 17:29:28,363 - src.collect_pipeline - INFO - Making API request: /fixtures/statistics?fixture=573836
2025-09-03 17:29:28,496 - src.collect_pipeline - INFO - API response: 2 results
2025-09-03 17:29:28,497 - src.collect_pipeline - INFO - Making API request: /fixtures/statistics?fixture=573832
2025-09-03 17:29:28,629 - src.collect_pipeline - INFO - API response: 2 results
2025-09-03 17:29:28,630 - src.collect_pipeline - INFO - Making API request: /fixtures/statistics?fixture=573831
2025-09-03 17:29:28,770 - src.collect_pipeline - INFO - API response: 2 results
2025-09-03 17:29:28,771 - src.collect_pipeline - INFO - Making API request: /fixtures/statistics?fixture=573835
2025-09-03 17:29:28,908 - src.collect_pipeline - INFO - API response: 2 results
2025-09-03 17:29:28,909 - src.collect_pipeline - INFO - Making API request: /fixtures/statistics?fixture=573833
2025-09-03 17:29:29,053 - src.collect_pipeline - INFO - API response: 2 results
2025-09-03 17:29:29,053 - src.collect_pipeline - INFO - Making API request: /fixtures/statistics?fixture=573839
2025-09-03 17:29:29,200 - src.collect_pipeline - INFO - API response: 2 results
2025-09-03 17:29:29,201 - src.collect_pipeline - INFO - Making API request: /fixtures/statistics?fixture=573840
2025-09-03 17:29:29,349 - src.collect_pipeline - INFO - API response: 2 results
2025-09-03 17:29:29,350 - src.collect_pipeline - INFO - Making API request: /fixtures/statistics?fixture=573844
2025-09-03 17:29:29,482 - src.collect_pipeline - INFO - API response: 2 results
2025-09-03 17:29:29,483 - src.collect_pipeline - INFO - Making API request: /fixtures/statistics?fixture=573845
2025-09-03 17:29:29,638 - src.collect_pipeline - INFO - API response: 2 results
2025-09-03 17:29:29,639 - src.collect_pipeline - INFO - Making API request: /fixtures/statistics?fixture=573848
2025-09-03 17:29:29,773 - src.collect_pipeline - INFO - API response: 2 results
2025-09-03 17:29:29,774 - src.collect_pipeline - INFO - Making API request: /fixtures/statistics?fixture=573849
2025-09-03 17:29:29,931 - src.collect_pipeline - INFO - API response: 2 results
2025-09-03 17:29:29,931 - src.collect_pipeline - INFO - Making API request: /fixtures/statistics?fixture=573843
2025-09-03 17:29:30,077 - src.collect_pipeline - INFO - API response: 2 results
2025-09-03 17:29:30,078 - src.collect_pipeline - INFO - Making API request: /fixtures/statistics?fixture=573842
2025-09-03 17:29:30,216 - src.collect_pipeline - INFO - API response: 2 results
2025-09-03 17:29:30,217 - src.collect_pipeline - INFO - Making API request: /fixtures/statistics?fixture=573841
2025-09-03 17:29:30,351 - src.collect_pipeline - INFO - API response: 2 results
2025-09-03 17:29:30,352 - src.collect_pipeline - INFO - Making API request: /fixtures/statistics?fixture=573847
2025-09-03 17:29:30,482 - src.collect_pipeline - INFO - API response: 2 results
2025-09-03 17:29:30,483 - src.collect_pipeline - INFO - Making API request: /fixtures/statistics?fixture=573846
2025-09-03 17:29:30,616 - src.collect_pipeline - INFO - API response: 2 results
2025-09-03 17:29:30,621 - src.collect_pipeline - INFO - Progress saved to data/raw\data_collection_progress.json
2025-09-03 17:29:30,622 - src.collect_pipeline - INFO - No existing team_statistics file found
2025-09-03 17:29:30,832 - src.collect_pipeline - INFO - team_statistics: 380 new, 0 duplicates skipped
2025-09-03 17:29:30,832 - src.collect_pipeline - INFO - Total team_statistics records: 380
2025-09-03 17:29:30,832 - src.collect_pipeline - INFO - Saved to data/raw\Netherlands\Eerste Divisie\2020\team_statistics.json
2025-09-03 17:29:30,835 - src.collect_pipeline - INFO - Processing KNVB Beker (Netherlands) - ID: 90
2025-09-03 17:29:30,836 - src.collect_pipeline - INFO - Getting dates for KNVB Beker (Netherlands) - Season 2020
2025-09-03 17:29:30,836 - src.collect_pipeline - INFO - Using cup competition dates for KNVB Beker: 2020-09-01 to 2021-05-31
2025-09-03 17:29:30,836 - src.collect_pipeline - INFO - Using automatic dates for KNVB Beker: 2020-09-01 to 2021-05-31
2025-09-03 17:29:30,836 - src.collect_pipeline - INFO - Phase 1: Collecting 2020 season 2020-09-01 to 2021-05-31
2025-09-03 17:29:30,836 - src.collect_pipeline - INFO - Phase 1: Collecting entire season 2020-09-01 to 2021-05-31
2025-09-03 17:29:30,837 - src.collect_pipeline - INFO - Progress saved to data/raw\data_collection_progress.json
2025-09-03 17:29:30,838 - src.collect_pipeline - INFO - Fetching fixtures for KNVB Beker 2020...
2025-09-03 17:29:30,838 - src.collect_pipeline - INFO - Date range: 2020-09-01 to 2021-05-31
2025-09-03 17:29:30,838 - src.collect_pipeline - INFO - Making API request: /fixtures?league=90&season=2020&from=2020-09-01&to=2021-05-31
2025-09-03 17:29:31,006 - src.collect_pipeline - INFO - API response: 71 results
2025-09-03 17:29:31,007 - src.collect_pipeline - INFO - Found 71 new fixtures to collect (excluding 0 already collected)
2025-09-03 17:29:31,024 - src.collect_pipeline - INFO - Saved 71 new fixtures to data/raw\Netherlands\KNVB Beker\2020\fixture_events.json (total fixtures: 71)
2025-09-03 17:29:31,026 - src.collect_pipeline - INFO - Progress saved to data/raw\data_collection_progress.json
2025-09-03 17:29:31,026 - src.collect_pipeline - INFO - Found 71 fixtures to process for team_statistics
2025-09-03 17:29:31,026 - src.collect_pipeline - INFO - Processing 71 fixtures for team_statistics
2025-09-03 17:29:31,026 - src.collect_pipeline - INFO - Processing batch 1
2025-09-03 17:29:31,027 - src.collect_pipeline - INFO - Making API request: /fixtures/statistics?fixture=635512
2025-09-03 17:29:31,164 - src.collect_pipeline - INFO - API response: 0 results
2025-09-03 17:29:31,165 - src.collect_pipeline - INFO - Making API request: /fixtures/statistics?fixture=640701
2025-09-03 17:29:31,298 - src.collect_pipeline - INFO - API response: 0 results
2025-09-03 17:29:31,298 - src.collect_pipeline - INFO - Making API request: /fixtures/statistics?fixture=640705
2025-09-03 17:29:31,486 - src.collect_pipeline - INFO - API response: 0 results
2025-09-03 17:29:31,487 - src.collect_pipeline - INFO - Making API request: /fixtures/statistics?fixture=640702
2025-09-03 17:29:31,618 - src.collect_pipeline - INFO - API response: 0 results
2025-09-03 17:29:31,619 - src.collect_pipeline - INFO - Making API request: /fixtures/statistics?fixture=640699
2025-09-03 17:29:31,759 - src.collect_pipeline - INFO - API response: 0 results
2025-09-03 17:29:31,760 - src.collect_pipeline - INFO - Making API request: /fixtures/statistics?fixture=640178
2025-09-03 17:29:31,904 - src.collect_pipeline - INFO - API response: 0 results
2025-09-03 17:29:31,905 - src.collect_pipeline - INFO - Making API request: /fixtures/statistics?fixture=641563
2025-09-03 17:29:32,045 - src.collect_pipeline - INFO - API response: 0 results
2025-09-03 17:29:32,046 - src.collect_pipeline - INFO - Making API request: /fixtures/statistics?fixture=640708
2025-09-03 17:29:32,183 - src.collect_pipeline - INFO - API response: 0 results
2025-09-03 17:29:32,184 - src.collect_pipeline - INFO - Making API request: /fixtures/statistics?fixture=643171
2025-09-03 17:29:32,319 - src.collect_pipeline - INFO - API response: 0 results
2025-09-03 17:29:32,320 - src.collect_pipeline - INFO - Making API request: /fixtures/statistics?fixture=640700
2025-09-03 17:29:32,664 - src.collect_pipeline - INFO - API response: 0 results
2025-09-03 17:29:32,665 - src.collect_pipeline - INFO - Making API request: /fixtures/statistics?fixture=640706
2025-09-03 17:29:32,801 - src.collect_pipeline - INFO - API response: 0 results
2025-09-03 17:29:32,802 - src.collect_pipeline - INFO - Making API request: /fixtures/statistics?fixture=640698
2025-09-03 17:29:32,936 - src.collect_pipeline - INFO - API response: 0 results
2025-09-03 17:29:32,937 - src.collect_pipeline - INFO - Making API request: /fixtures/statistics?fixture=640176
2025-09-03 17:29:33,081 - src.collect_pipeline - INFO - API response: 0 results
2025-09-03 17:29:33,082 - src.collect_pipeline - INFO - Making API request: /fixtures/statistics?fixture=640697
2025-09-03 17:29:33,217 - src.collect_pipeline - INFO - API response: 0 results
2025-09-03 17:29:33,218 - src.collect_pipeline - INFO - Making API request: /fixtures/statistics?fixture=640703
2025-09-03 17:29:33,356 - src.collect_pipeline - INFO - API response: 0 results
2025-09-03 17:29:33,358 - src.collect_pipeline - INFO - Making API request: /fixtures/statistics?fixture=640707
2025-09-03 17:29:33,498 - src.collect_pipeline - INFO - API response: 0 results
2025-09-03 17:29:33,498 - src.collect_pipeline - INFO - Making API request: /fixtures/statistics?fixture=640165
2025-09-03 17:29:33,635 - src.collect_pipeline - INFO - API response: 0 results
2025-09-03 17:29:33,635 - src.collect_pipeline - INFO - Making API request: /fixtures/statistics?fixture=640704
2025-09-03 17:29:33,772 - src.collect_pipeline - INFO - API response: 0 results
2025-09-03 17:29:33,772 - src.collect_pipeline - INFO - Making API request: /fixtures/statistics?fixture=635494
2025-09-03 17:29:33,904 - src.collect_pipeline - INFO - API response: 0 results
2025-09-03 17:29:33,905 - src.collect_pipeline - INFO - Making API request: /fixtures/statistics?fixture=635502
2025-09-03 17:29:34,039 - src.collect_pipeline - INFO - API response: 0 results
2025-09-03 17:29:34,039 - src.collect_pipeline - INFO - Making API request: /fixtures/statistics?fixture=635497
2025-09-03 17:29:34,178 - src.collect_pipeline - INFO - API response: 0 results
2025-09-03 17:29:34,179 - src.collect_pipeline - INFO - Making API request: /fixtures/statistics?fixture=635499
2025-09-03 17:29:34,311 - src.collect_pipeline - INFO - API response: 0 results
2025-09-03 17:29:34,311 - src.collect_pipeline - INFO - Making API request: /fixtures/statistics?fixture=635498
2025-09-03 17:29:34,576 - src.collect_pipeline - INFO - API response: 0 results
2025-09-03 17:29:34,577 - src.collect_pipeline - INFO - Making API request: /fixtures/statistics?fixture=586222
2025-09-03 17:29:34,726 - src.collect_pipeline - INFO - API response: 0 results
2025-09-03 17:29:34,727 - src.collect_pipeline - INFO - Making API request: /fixtures/statistics?fixture=635496
2025-09-03 17:29:34,867 - src.collect_pipeline - INFO - API response: 0 results
2025-09-03 17:29:34,867 - src.collect_pipeline - INFO - Making API request: /fixtures/statistics?fixture=635503
2025-09-03 17:29:35,004 - src.collect_pipeline - INFO - API response: 0 results
2025-09-03 17:29:35,005 - src.collect_pipeline - INFO - Making API request: /fixtures/statistics?fixture=635504
2025-09-03 17:29:35,154 - src.collect_pipeline - INFO - API response: 0 results
2025-09-03 17:29:35,155 - src.collect_pipeline - INFO - Making API request: /fixtures/statistics?fixture=635501
2025-09-03 17:29:35,291 - src.collect_pipeline - INFO - API response: 0 results
2025-09-03 17:29:35,293 - src.collect_pipeline - INFO - Making API request: /fixtures/statistics?fixture=586221
2025-09-03 17:29:35,430 - src.collect_pipeline - INFO - API response: 0 results
2025-09-03 17:29:35,430 - src.collect_pipeline - INFO - Making API request: /fixtures/statistics?fixture=635495
2025-09-03 17:29:35,571 - src.collect_pipeline - INFO - API response: 0 results
2025-09-03 17:29:35,572 - src.collect_pipeline - INFO - Making API request: /fixtures/statistics?fixture=635505
2025-09-03 17:29:35,735 - src.collect_pipeline - INFO - API response: 0 results
2025-09-03 17:29:35,736 - src.collect_pipeline - INFO - Making API request: /fixtures/statistics?fixture=635507
2025-09-03 17:29:35,871 - src.collect_pipeline - INFO - API response: 0 results
2025-09-03 17:29:35,872 - src.collect_pipeline - INFO - Making API request: /fixtures/statistics?fixture=635509
2025-09-03 17:29:36,010 - src.collect_pipeline - INFO - API response: 0 results
2025-09-03 17:29:36,011 - src.collect_pipeline - INFO - Making API request: /fixtures/statistics?fixture=635508
2025-09-03 17:29:36,161 - src.collect_pipeline - INFO - API response: 0 results
2025-09-03 17:29:36,162 - src.collect_pipeline - INFO - Making API request: /fixtures/statistics?fixture=635506
2025-09-03 17:29:36,289 - src.collect_pipeline - INFO - API response: 0 results
2025-09-03 17:29:36,290 - src.collect_pipeline - INFO - Making API request: /fixtures/statistics?fixture=635511
2025-09-03 17:29:36,426 - src.collect_pipeline - INFO - API response: 0 results
2025-09-03 17:29:36,427 - src.collect_pipeline - INFO - Making API request: /fixtures/statistics?fixture=635510
2025-09-03 17:29:36,564 - src.collect_pipeline - INFO - API response: 0 results
2025-09-03 17:29:36,565 - src.collect_pipeline - INFO - Making API request: /fixtures/statistics?fixture=635500
2025-09-03 17:29:36,708 - src.collect_pipeline - INFO - API response: 0 results
2025-09-03 17:29:36,709 - src.collect_pipeline - INFO - Making API request: /fixtures/statistics?fixture=640166
2025-09-03 17:29:36,843 - src.collect_pipeline - INFO - API response: 2 results
2025-09-03 17:29:36,844 - src.collect_pipeline - INFO - Making API request: /fixtures/statistics?fixture=640177
2025-09-03 17:29:36,994 - src.collect_pipeline - INFO - API response: 2 results
2025-09-03 17:29:36,995 - src.collect_pipeline - INFO - Making API request: /fixtures/statistics?fixture=640175
2025-09-03 17:29:37,160 - src.collect_pipeline - INFO - API response: 2 results
2025-09-03 17:29:37,161 - src.collect_pipeline - INFO - Making API request: /fixtures/statistics?fixture=640167
2025-09-03 17:29:37,306 - src.collect_pipeline - INFO - API response: 0 results
2025-09-03 17:29:37,307 - src.collect_pipeline - INFO - Making API request: /fixtures/statistics?fixture=640170
2025-09-03 17:29:37,447 - src.collect_pipeline - INFO - API response: 0 results
2025-09-03 17:29:37,448 - src.collect_pipeline - INFO - Making API request: /fixtures/statistics?fixture=640172
2025-09-03 17:29:37,585 - src.collect_pipeline - INFO - API response: 2 results
2025-09-03 17:29:37,586 - src.collect_pipeline - INFO - Making API request: /fixtures/statistics?fixture=640174
2025-09-03 17:29:37,721 - src.collect_pipeline - INFO - API response: 2 results
2025-09-03 17:29:37,721 - src.collect_pipeline - INFO - Making API request: /fixtures/statistics?fixture=640169
2025-09-03 17:29:37,860 - src.collect_pipeline - INFO - API response: 0 results
2025-09-03 17:29:37,860 - src.collect_pipeline - INFO - Making API request: /fixtures/statistics?fixture=640168
2025-09-03 17:29:38,007 - src.collect_pipeline - INFO - API response: 0 results
2025-09-03 17:29:38,008 - src.collect_pipeline - INFO - Making API request: /fixtures/statistics?fixture=640173
2025-09-03 17:29:38,144 - src.collect_pipeline - INFO - API response: 0 results
2025-09-03 17:29:38,145 - src.collect_pipeline - INFO - Making API request: /fixtures/statistics?fixture=640171
2025-09-03 17:29:38,284 - src.collect_pipeline - INFO - API response: 2 results
2025-09-03 17:29:38,285 - src.collect_pipeline - INFO - Making API request: /fixtures/statistics?fixture=648121
2025-09-03 17:29:38,428 - src.collect_pipeline - INFO - API response: 2 results
2025-09-03 17:29:38,431 - src.collect_pipeline - INFO - Progress saved to data/raw\data_collection_progress.json
2025-09-03 17:29:38,431 - src.collect_pipeline - INFO - Processing batch 2
2025-09-03 17:29:38,431 - src.collect_pipeline - INFO - Making API request: /fixtures/statistics?fixture=648117
2025-09-03 17:29:38,573 - src.collect_pipeline - INFO - API response: 2 results
2025-09-03 17:29:38,574 - src.collect_pipeline - INFO - Making API request: /fixtures/statistics?fixture=648116
2025-09-03 17:29:38,714 - src.collect_pipeline - INFO - API response: 2 results
2025-09-03 17:29:38,714 - src.collect_pipeline - INFO - Making API request: /fixtures/statistics?fixture=648119
2025-09-03 17:29:38,842 - src.collect_pipeline - INFO - API response: 2 results
2025-09-03 17:29:38,843 - src.collect_pipeline - INFO - Making API request: /fixtures/statistics?fixture=648115
2025-09-03 17:29:38,985 - src.collect_pipeline - INFO - API response: 2 results
2025-09-03 17:29:38,986 - src.collect_pipeline - INFO - Making API request: /fixtures/statistics?fixture=648120
2025-09-03 17:29:39,119 - src.collect_pipeline - INFO - API response: 2 results
2025-09-03 17:29:39,120 - src.collect_pipeline - INFO - Making API request: /fixtures/statistics?fixture=648118
2025-09-03 17:29:39,259 - src.collect_pipeline - INFO - API response: 2 results
2025-09-03 17:29:39,260 - src.collect_pipeline - INFO - Making API request: /fixtures/statistics?fixture=653241
2025-09-03 17:29:39,415 - src.collect_pipeline - INFO - API response: 2 results
2025-09-03 17:29:39,416 - src.collect_pipeline - INFO - Making API request: /fixtures/statistics?fixture=653237
2025-09-03 17:29:39,560 - src.collect_pipeline - INFO - API response: 2 results
2025-09-03 17:29:39,561 - src.collect_pipeline - INFO - Making API request: /fixtures/statistics?fixture=653236
2025-09-03 17:29:39,700 - src.collect_pipeline - INFO - API response: 2 results
2025-09-03 17:29:39,701 - src.collect_pipeline - INFO - Making API request: /fixtures/statistics?fixture=653242
2025-09-03 17:29:39,842 - src.collect_pipeline - INFO - API response: 2 results
2025-09-03 17:29:39,843 - src.collect_pipeline - INFO - Making API request: /fixtures/statistics?fixture=653240
2025-09-03 17:29:39,977 - src.collect_pipeline - INFO - API response: 2 results
2025-09-03 17:29:39,978 - src.collect_pipeline - INFO - Making API request: /fixtures/statistics?fixture=653238
2025-09-03 17:29:40,114 - src.collect_pipeline - INFO - API response: 2 results
2025-09-03 17:29:40,114 - src.collect_pipeline - INFO - Making API request: /fixtures/statistics?fixture=653239
2025-09-03 17:29:40,249 - src.collect_pipeline - INFO - API response: 2 results
2025-09-03 17:29:40,250 - src.collect_pipeline - INFO - Making API request: /fixtures/statistics?fixture=653243
2025-09-03 17:29:40,378 - src.collect_pipeline - INFO - API response: 2 results
2025-09-03 17:29:40,379 - src.collect_pipeline - INFO - Making API request: /fixtures/statistics?fixture=658915
2025-09-03 17:29:40,507 - src.collect_pipeline - INFO - API response: 2 results
2025-09-03 17:29:40,508 - src.collect_pipeline - INFO - Making API request: /fixtures/statistics?fixture=658916
2025-09-03 17:29:40,646 - src.collect_pipeline - INFO - API response: 2 results
2025-09-03 17:29:40,647 - src.collect_pipeline - INFO - Making API request: /fixtures/statistics?fixture=658917
2025-09-03 17:29:40,774 - src.collect_pipeline - INFO - API response: 2 results
2025-09-03 17:29:40,774 - src.collect_pipeline - INFO - Making API request: /fixtures/statistics?fixture=658918
2025-09-03 17:29:40,906 - src.collect_pipeline - INFO - API response: 2 results
2025-09-03 17:29:40,907 - src.collect_pipeline - INFO - Making API request: /fixtures/statistics?fixture=676963
2025-09-03 17:29:41,046 - src.collect_pipeline - INFO - API response: 2 results
2025-09-03 17:29:41,048 - src.collect_pipeline - INFO - Making API request: /fixtures/statistics?fixture=676964
2025-09-03 17:29:41,182 - src.collect_pipeline - INFO - API response: 2 results
2025-09-03 17:29:41,183 - src.collect_pipeline - INFO - Making API request: /fixtures/statistics?fixture=682096
2025-09-03 17:29:41,324 - src.collect_pipeline - INFO - API response: 2 results
2025-09-03 17:29:41,327 - src.collect_pipeline - INFO - Progress saved to data/raw\data_collection_progress.json
2025-09-03 17:29:41,328 - src.collect_pipeline - INFO - No existing team_statistics file found
2025-09-03 17:29:41,346 - src.collect_pipeline - INFO - team_statistics: 71 new, 0 duplicates skipped
2025-09-03 17:29:41,346 - src.collect_pipeline - INFO - Total team_statistics records: 71
2025-09-03 17:29:41,346 - src.collect_pipeline - INFO - Saved to data/raw\Netherlands\KNVB Beker\2020\team_statistics.json
