2025-09-03 17:04:41,059 - src.collect_pipeline - INFO - Logging initialized. Log file: logs/collection\collection_20250903_170441.log
2025-09-03 17:04:41,063 - src.collect_pipeline - INFO - Logging initialized. Log file: logs/collection\collection_20250903_170441.log
2025-09-03 17:04:41,063 - src.collect_pipeline - INFO - Filtering leagues with: league_id=None, filter_ids=[89], filter_tiers=None, filter_cups=None, filter_categories=None
2025-09-03 17:04:41,063 - src.collect_pipeline - INFO - Only filter_ids provided: [89]
2025-09-03 17:04:41,063 - src.collect_pipeline - INFO - Processing Eerste Divisie (Netherlands) - ID: 89
2025-09-03 17:04:41,063 - src.collect_pipeline - INFO - Getting dates for Eerste Divisie (Netherlands) - Season 2024
2025-09-03 17:04:41,063 - src.collect_pipeline - INFO - Using default dates for Eerste Divisie: 2024-08-01 to 2025-05-31
2025-09-03 17:04:41,063 - src.collect_pipeline - INFO - Using automatic dates for Eerste Divisie: 2024-08-01 to 2025-05-31
2025-09-03 17:04:41,064 - src.collect_pipeline - INFO - Phase 1: Collecting 2024 season 2024-08-01 to 2025-05-31
2025-09-03 17:04:41,064 - src.collect_pipeline - INFO - Phase 1: Collecting entire season 2024-08-01 to 2025-05-31
2025-09-03 17:04:41,068 - src.collect_pipeline - INFO - Progress saved to data/raw\data_collection_progress.json
2025-09-03 17:04:41,068 - src.collect_pipeline - INFO - Fetching fixtures for Eerste Divisie 2024...
2025-09-03 17:04:41,068 - src.collect_pipeline - INFO - Date range: 2024-08-01 to 2025-05-31
2025-09-03 17:04:41,068 - src.collect_pipeline - INFO - Making API request: /fixtures?league=89&season=2024&from=2024-08-01&to=2025-05-31
2025-09-03 17:04:41,463 - src.collect_pipeline - INFO - API response: 380 results
2025-09-03 17:04:41,464 - src.collect_pipeline - INFO - Found 380 new fixtures to collect (excluding 0 already collected)
2025-09-03 17:04:41,545 - src.collect_pipeline - INFO - Saved 380 new fixtures to data/raw\Netherlands\Eerste Divisie\2024\fixture_events.json (total fixtures: 380)
2025-09-03 17:04:41,548 - src.collect_pipeline - INFO - Progress saved to data/raw\data_collection_progress.json
2025-09-03 17:04:41,549 - src.collect_pipeline - INFO - Found 380 fixtures to process for team_statistics
2025-09-03 17:04:41,549 - src.collect_pipeline - INFO - Processing 380 fixtures for team_statistics
2025-09-03 17:04:41,549 - src.collect_pipeline - INFO - Processing batch 1
2025-09-03 17:04:41,549 - src.collect_pipeline - INFO - Making API request: /fixtures/statistics?fixture=1209841
2025-09-03 17:04:41,699 - src.collect_pipeline - INFO - API response: 2 results
2025-09-03 17:04:41,701 - src.collect_pipeline - INFO - Making API request: /fixtures/statistics?fixture=1209837
2025-09-03 17:04:41,848 - src.collect_pipeline - INFO - API response: 2 results
2025-09-03 17:04:41,849 - src.collect_pipeline - INFO - Making API request: /fixtures/statistics?fixture=1209839
2025-09-03 17:04:41,998 - src.collect_pipeline - INFO - API response: 2 results
2025-09-03 17:04:41,999 - src.collect_pipeline - INFO - Making API request: /fixtures/statistics?fixture=1209836
2025-09-03 17:04:42,136 - src.collect_pipeline - INFO - API response: 2 results
2025-09-03 17:04:42,137 - src.collect_pipeline - INFO - Making API request: /fixtures/statistics?fixture=1209840
2025-09-03 17:04:42,307 - src.collect_pipeline - INFO - API response: 2 results
2025-09-03 17:04:42,308 - src.collect_pipeline - INFO - Making API request: /fixtures/statistics?fixture=1209838
2025-09-03 17:04:42,462 - src.collect_pipeline - INFO - API response: 2 results
2025-09-03 17:04:42,462 - src.collect_pipeline - INFO - Making API request: /fixtures/statistics?fixture=1209842
2025-09-03 17:04:42,608 - src.collect_pipeline - INFO - API response: 2 results
2025-09-03 17:04:42,609 - src.collect_pipeline - INFO - Making API request: /fixtures/statistics?fixture=1209843
2025-09-03 17:04:42,753 - src.collect_pipeline - INFO - API response: 2 results
2025-09-03 17:04:42,753 - src.collect_pipeline - INFO - Making API request: /fixtures/statistics?fixture=1209845
2025-09-03 17:04:42,910 - src.collect_pipeline - INFO - API response: 2 results
2025-09-03 17:04:42,911 - src.collect_pipeline - INFO - Making API request: /fixtures/statistics?fixture=1209844
2025-09-03 17:04:43,081 - src.collect_pipeline - INFO - API response: 2 results
2025-09-03 17:04:43,081 - src.collect_pipeline - INFO - Making API request: /fixtures/statistics?fixture=1209846
2025-09-03 17:04:43,232 - src.collect_pipeline - INFO - API response: 2 results
2025-09-03 17:04:43,232 - src.collect_pipeline - INFO - Making API request: /fixtures/statistics?fixture=1209852
2025-09-03 17:04:43,370 - src.collect_pipeline - INFO - API response: 2 results
2025-09-03 17:04:43,371 - src.collect_pipeline - INFO - Making API request: /fixtures/statistics?fixture=1209849
2025-09-03 17:04:43,521 - src.collect_pipeline - INFO - API response: 2 results
2025-09-03 17:04:43,522 - src.collect_pipeline - INFO - Making API request: /fixtures/statistics?fixture=1209847
2025-09-03 17:04:43,679 - src.collect_pipeline - INFO - API response: 2 results
2025-09-03 17:04:43,680 - src.collect_pipeline - INFO - Making API request: /fixtures/statistics?fixture=1209851
2025-09-03 17:04:43,820 - src.collect_pipeline - INFO - API response: 2 results
2025-09-03 17:04:43,821 - src.collect_pipeline - INFO - Making API request: /fixtures/statistics?fixture=1209848
2025-09-03 17:04:43,959 - src.collect_pipeline - INFO - API response: 2 results
2025-09-03 17:04:43,959 - src.collect_pipeline - INFO - Making API request: /fixtures/statistics?fixture=1209853
2025-09-03 17:04:44,114 - src.collect_pipeline - INFO - API response: 2 results
2025-09-03 17:04:44,114 - src.collect_pipeline - INFO - Making API request: /fixtures/statistics?fixture=1209850
2025-09-03 17:04:44,255 - src.collect_pipeline - INFO - API response: 2 results
2025-09-03 17:04:44,256 - src.collect_pipeline - INFO - Making API request: /fixtures/statistics?fixture=1209854
2025-09-03 17:04:44,392 - src.collect_pipeline - INFO - API response: 2 results
2025-09-03 17:04:44,393 - src.collect_pipeline - INFO - Making API request: /fixtures/statistics?fixture=1209855
2025-09-03 17:04:44,557 - src.collect_pipeline - INFO - API response: 2 results
2025-09-03 17:04:44,558 - src.collect_pipeline - INFO - Making API request: /fixtures/statistics?fixture=1209856
2025-09-03 17:04:44,714 - src.collect_pipeline - INFO - API response: 2 results
2025-09-03 17:04:44,714 - src.collect_pipeline - INFO - Making API request: /fixtures/statistics?fixture=1209857
2025-09-03 17:04:44,857 - src.collect_pipeline - INFO - API response: 2 results
2025-09-03 17:04:44,858 - src.collect_pipeline - INFO - Making API request: /fixtures/statistics?fixture=1209859
2025-09-03 17:04:45,006 - src.collect_pipeline - INFO - API response: 2 results
2025-09-03 17:04:45,007 - src.collect_pipeline - INFO - Making API request: /fixtures/statistics?fixture=1209858
2025-09-03 17:04:45,180 - src.collect_pipeline - INFO - API response: 2 results
2025-09-03 17:04:45,181 - src.collect_pipeline - INFO - Making API request: /fixtures/statistics?fixture=1209860
2025-09-03 17:04:45,320 - src.collect_pipeline - INFO - API response: 2 results
2025-09-03 17:04:45,321 - src.collect_pipeline - INFO - Making API request: /fixtures/statistics?fixture=1209862
2025-09-03 17:04:45,454 - src.collect_pipeline - INFO - API response: 2 results
2025-09-03 17:04:45,455 - src.collect_pipeline - INFO - Making API request: /fixtures/statistics?fixture=1209861
2025-09-03 17:04:45,615 - src.collect_pipeline - INFO - API response: 2 results
2025-09-03 17:04:45,616 - src.collect_pipeline - INFO - Making API request: /fixtures/statistics?fixture=1209863
2025-09-03 17:04:45,783 - src.collect_pipeline - INFO - API response: 2 results
2025-09-03 17:04:45,784 - src.collect_pipeline - INFO - Making API request: /fixtures/statistics?fixture=1209865
2025-09-03 17:04:45,922 - src.collect_pipeline - INFO - API response: 2 results
2025-09-03 17:04:45,923 - src.collect_pipeline - INFO - Making API request: /fixtures/statistics?fixture=1209864
2025-09-03 17:04:46,077 - src.collect_pipeline - INFO - API response: 2 results
2025-09-03 17:04:46,078 - src.collect_pipeline - INFO - Making API request: /fixtures/statistics?fixture=1209866
2025-09-03 17:04:46,252 - src.collect_pipeline - INFO - API response: 2 results
2025-09-03 17:04:46,253 - src.collect_pipeline - INFO - Making API request: /fixtures/statistics?fixture=1209873
2025-09-03 17:04:46,391 - src.collect_pipeline - INFO - API response: 2 results
2025-09-03 17:04:46,392 - src.collect_pipeline - INFO - Making API request: /fixtures/statistics?fixture=1209867
2025-09-03 17:04:46,536 - src.collect_pipeline - INFO - API response: 2 results
2025-09-03 17:04:46,536 - src.collect_pipeline - INFO - Making API request: /fixtures/statistics?fixture=1209871
2025-09-03 17:04:46,672 - src.collect_pipeline - INFO - API response: 2 results
2025-09-03 17:04:46,673 - src.collect_pipeline - INFO - Making API request: /fixtures/statistics?fixture=1209868
2025-09-03 17:04:46,813 - src.collect_pipeline - INFO - API response: 2 results
2025-09-03 17:04:46,813 - src.collect_pipeline - INFO - Making API request: /fixtures/statistics?fixture=1209869
2025-09-03 17:04:46,955 - src.collect_pipeline - INFO - API response: 2 results
2025-09-03 17:04:46,956 - src.collect_pipeline - INFO - Making API request: /fixtures/statistics?fixture=1209872
2025-09-03 17:04:47,099 - src.collect_pipeline - INFO - API response: 2 results
2025-09-03 17:04:47,100 - src.collect_pipeline - INFO - Making API request: /fixtures/statistics?fixture=1209870
2025-09-03 17:04:47,236 - src.collect_pipeline - INFO - API response: 2 results
2025-09-03 17:04:47,238 - src.collect_pipeline - INFO - Making API request: /fixtures/statistics?fixture=1209874
2025-09-03 17:04:47,401 - src.collect_pipeline - INFO - API response: 2 results
2025-09-03 17:04:47,402 - src.collect_pipeline - INFO - Making API request: /fixtures/statistics?fixture=1209875
2025-09-03 17:04:47,545 - src.collect_pipeline - INFO - API response: 2 results
2025-09-03 17:04:47,546 - src.collect_pipeline - INFO - Making API request: /fixtures/statistics?fixture=1209876
2025-09-03 17:04:47,681 - src.collect_pipeline - INFO - API response: 2 results
2025-09-03 17:04:47,682 - src.collect_pipeline - INFO - Making API request: /fixtures/statistics?fixture=1209877
2025-09-03 17:04:47,810 - src.collect_pipeline - INFO - API response: 2 results
2025-09-03 17:04:47,811 - src.collect_pipeline - INFO - Making API request: /fixtures/statistics?fixture=1209887
2025-09-03 17:04:47,958 - src.collect_pipeline - INFO - API response: 2 results
2025-09-03 17:04:47,958 - src.collect_pipeline - INFO - Making API request: /fixtures/statistics?fixture=1209886
2025-09-03 17:04:48,098 - src.collect_pipeline - INFO - API response: 2 results
2025-09-03 17:04:48,099 - src.collect_pipeline - INFO - Making API request: /fixtures/statistics?fixture=1209895
2025-09-03 17:04:48,240 - src.collect_pipeline - INFO - API response: 2 results
2025-09-03 17:04:48,241 - src.collect_pipeline - INFO - Making API request: /fixtures/statistics?fixture=1209890
2025-09-03 17:04:48,407 - src.collect_pipeline - INFO - API response: 2 results
2025-09-03 17:04:48,408 - src.collect_pipeline - INFO - Making API request: /fixtures/statistics?fixture=1209892
2025-09-03 17:04:48,542 - src.collect_pipeline - INFO - API response: 2 results
2025-09-03 17:04:48,543 - src.collect_pipeline - INFO - Making API request: /fixtures/statistics?fixture=1209891
2025-09-03 17:04:48,682 - src.collect_pipeline - INFO - API response: 2 results
2025-09-03 17:04:48,682 - src.collect_pipeline - INFO - Making API request: /fixtures/statistics?fixture=1209893
2025-09-03 17:04:48,819 - src.collect_pipeline - INFO - API response: 2 results
2025-09-03 17:04:48,820 - src.collect_pipeline - INFO - Making API request: /fixtures/statistics?fixture=1209888
2025-09-03 17:04:48,956 - src.collect_pipeline - INFO - API response: 2 results
2025-09-03 17:04:48,960 - src.collect_pipeline - INFO - Progress saved to data/raw\data_collection_progress.json
2025-09-03 17:04:48,960 - src.collect_pipeline - INFO - Processing batch 2
2025-09-03 17:04:48,960 - src.collect_pipeline - INFO - Making API request: /fixtures/statistics?fixture=1209889
2025-09-03 17:04:49,114 - src.collect_pipeline - INFO - API response: 2 results
2025-09-03 17:04:49,115 - src.collect_pipeline - INFO - Making API request: /fixtures/statistics?fixture=1209894
2025-09-03 17:04:49,250 - src.collect_pipeline - INFO - API response: 2 results
2025-09-03 17:04:49,251 - src.collect_pipeline - INFO - Making API request: /fixtures/statistics?fixture=1209878
2025-09-03 17:04:49,411 - src.collect_pipeline - INFO - API response: 2 results
2025-09-03 17:04:49,412 - src.collect_pipeline - INFO - Making API request: /fixtures/statistics?fixture=1209879
2025-09-03 17:04:49,563 - src.collect_pipeline - INFO - API response: 2 results
2025-09-03 17:04:49,564 - src.collect_pipeline - INFO - Making API request: /fixtures/statistics?fixture=1209884
2025-09-03 17:04:49,725 - src.collect_pipeline - INFO - API response: 2 results
2025-09-03 17:04:49,726 - src.collect_pipeline - INFO - Making API request: /fixtures/statistics?fixture=1209885
2025-09-03 17:04:49,887 - src.collect_pipeline - INFO - API response: 2 results
2025-09-03 17:04:49,888 - src.collect_pipeline - INFO - Making API request: /fixtures/statistics?fixture=1209881
2025-09-03 17:04:50,034 - src.collect_pipeline - INFO - API response: 2 results
2025-09-03 17:04:50,035 - src.collect_pipeline - INFO - Making API request: /fixtures/statistics?fixture=1209883
2025-09-03 17:04:50,165 - src.collect_pipeline - INFO - API response: 2 results
2025-09-03 17:04:50,167 - src.collect_pipeline - INFO - Making API request: /fixtures/statistics?fixture=1209880
2025-09-03 17:04:50,308 - src.collect_pipeline - INFO - API response: 2 results
2025-09-03 17:04:50,309 - src.collect_pipeline - INFO - Making API request: /fixtures/statistics?fixture=1209882
2025-09-03 17:04:50,457 - src.collect_pipeline - INFO - API response: 2 results
2025-09-03 17:04:50,458 - src.collect_pipeline - INFO - Making API request: /fixtures/statistics?fixture=1209896
2025-09-03 17:04:50,592 - src.collect_pipeline - INFO - API response: 2 results
2025-09-03 17:04:50,593 - src.collect_pipeline - INFO - Making API request: /fixtures/statistics?fixture=1209900
2025-09-03 17:04:50,732 - src.collect_pipeline - INFO - API response: 2 results
2025-09-03 17:04:50,733 - src.collect_pipeline - INFO - Making API request: /fixtures/statistics?fixture=1209898
2025-09-03 17:04:50,868 - src.collect_pipeline - INFO - API response: 2 results
2025-09-03 17:04:50,869 - src.collect_pipeline - INFO - Making API request: /fixtures/statistics?fixture=1209897
2025-09-03 17:04:51,010 - src.collect_pipeline - INFO - API response: 2 results
2025-09-03 17:04:51,011 - src.collect_pipeline - INFO - Making API request: /fixtures/statistics?fixture=1209899
2025-09-03 17:04:51,148 - src.collect_pipeline - INFO - API response: 2 results
2025-09-03 17:04:51,149 - src.collect_pipeline - INFO - Making API request: /fixtures/statistics?fixture=1209901
2025-09-03 17:04:51,285 - src.collect_pipeline - INFO - API response: 2 results
2025-09-03 17:04:51,286 - src.collect_pipeline - INFO - Making API request: /fixtures/statistics?fixture=1209902
2025-09-03 17:04:51,431 - src.collect_pipeline - INFO - API response: 2 results
2025-09-03 17:04:51,432 - src.collect_pipeline - INFO - Making API request: /fixtures/statistics?fixture=1209903
2025-09-03 17:04:51,577 - src.collect_pipeline - INFO - API response: 2 results
2025-09-03 17:04:51,578 - src.collect_pipeline - INFO - Making API request: /fixtures/statistics?fixture=1209904
2025-09-03 17:04:51,714 - src.collect_pipeline - INFO - API response: 2 results
2025-09-03 17:04:51,715 - src.collect_pipeline - INFO - Making API request: /fixtures/statistics?fixture=1209905
2025-09-03 17:04:51,868 - src.collect_pipeline - INFO - API response: 2 results
2025-09-03 17:04:51,869 - src.collect_pipeline - INFO - Making API request: /fixtures/statistics?fixture=1209907
2025-09-03 17:04:52,019 - src.collect_pipeline - INFO - API response: 2 results
2025-09-03 17:04:52,020 - src.collect_pipeline - INFO - Making API request: /fixtures/statistics?fixture=1209906
2025-09-03 17:04:52,172 - src.collect_pipeline - INFO - API response: 2 results
2025-09-03 17:04:52,173 - src.collect_pipeline - INFO - Making API request: /fixtures/statistics?fixture=1209910
2025-09-03 17:04:52,322 - src.collect_pipeline - INFO - API response: 2 results
2025-09-03 17:04:52,323 - src.collect_pipeline - INFO - Making API request: /fixtures/statistics?fixture=1209909
2025-09-03 17:04:52,456 - src.collect_pipeline - INFO - API response: 2 results
2025-09-03 17:04:52,457 - src.collect_pipeline - INFO - Making API request: /fixtures/statistics?fixture=1209908
2025-09-03 17:04:52,615 - src.collect_pipeline - INFO - API response: 2 results
2025-09-03 17:04:52,616 - src.collect_pipeline - INFO - Making API request: /fixtures/statistics?fixture=1209915
2025-09-03 17:04:52,782 - src.collect_pipeline - INFO - API response: 2 results
2025-09-03 17:04:52,783 - src.collect_pipeline - INFO - Making API request: /fixtures/statistics?fixture=1209911
2025-09-03 17:04:52,933 - src.collect_pipeline - INFO - API response: 2 results
2025-09-03 17:04:52,934 - src.collect_pipeline - INFO - Making API request: /fixtures/statistics?fixture=1209912
2025-09-03 17:04:53,084 - src.collect_pipeline - INFO - API response: 2 results
2025-09-03 17:04:53,085 - src.collect_pipeline - INFO - Making API request: /fixtures/statistics?fixture=1209914
2025-09-03 17:04:53,225 - src.collect_pipeline - INFO - API response: 2 results
2025-09-03 17:04:53,226 - src.collect_pipeline - INFO - Making API request: /fixtures/statistics?fixture=1209913
2025-09-03 17:04:54,362 - src.collect_pipeline - INFO - API response: 2 results
2025-09-03 17:04:54,363 - src.collect_pipeline - INFO - Making API request: /fixtures/statistics?fixture=1209924
2025-09-03 17:04:54,500 - src.collect_pipeline - INFO - API response: 2 results
2025-09-03 17:04:54,501 - src.collect_pipeline - INFO - Making API request: /fixtures/statistics?fixture=1209925
2025-09-03 17:04:54,673 - src.collect_pipeline - INFO - API response: 2 results
2025-09-03 17:04:54,674 - src.collect_pipeline - INFO - Making API request: /fixtures/statistics?fixture=1209918
2025-09-03 17:04:54,814 - src.collect_pipeline - INFO - API response: 2 results
2025-09-03 17:04:54,815 - src.collect_pipeline - INFO - Making API request: /fixtures/statistics?fixture=1209917
2025-09-03 17:04:54,950 - src.collect_pipeline - INFO - API response: 2 results
2025-09-03 17:04:54,952 - src.collect_pipeline - INFO - Making API request: /fixtures/statistics?fixture=1209922
2025-09-03 17:04:55,104 - src.collect_pipeline - INFO - API response: 2 results
2025-09-03 17:04:55,105 - src.collect_pipeline - INFO - Making API request: /fixtures/statistics?fixture=1209920
2025-09-03 17:04:55,251 - src.collect_pipeline - INFO - API response: 2 results
2025-09-03 17:04:55,252 - src.collect_pipeline - INFO - Making API request: /fixtures/statistics?fixture=1209916
2025-09-03 17:04:55,397 - src.collect_pipeline - INFO - API response: 2 results
2025-09-03 17:04:55,397 - src.collect_pipeline - INFO - Making API request: /fixtures/statistics?fixture=1209923
2025-09-03 17:04:55,544 - src.collect_pipeline - INFO - API response: 2 results
2025-09-03 17:04:55,545 - src.collect_pipeline - INFO - Making API request: /fixtures/statistics?fixture=1209919
2025-09-03 17:04:55,690 - src.collect_pipeline - INFO - API response: 2 results
2025-09-03 17:04:55,691 - src.collect_pipeline - INFO - Making API request: /fixtures/statistics?fixture=1209921
2025-09-03 17:04:55,842 - src.collect_pipeline - INFO - API response: 2 results
2025-09-03 17:04:55,843 - src.collect_pipeline - INFO - Making API request: /fixtures/statistics?fixture=1209926
2025-09-03 17:04:55,987 - src.collect_pipeline - INFO - API response: 2 results
2025-09-03 17:04:55,989 - src.collect_pipeline - INFO - Making API request: /fixtures/statistics?fixture=1209927
2025-09-03 17:04:56,148 - src.collect_pipeline - INFO - API response: 2 results
2025-09-03 17:04:56,149 - src.collect_pipeline - INFO - Making API request: /fixtures/statistics?fixture=1209938
2025-09-03 17:04:56,288 - src.collect_pipeline - INFO - API response: 2 results
2025-09-03 17:04:56,290 - src.collect_pipeline - INFO - Making API request: /fixtures/statistics?fixture=1209936
2025-09-03 17:04:56,450 - src.collect_pipeline - INFO - API response: 2 results
2025-09-03 17:04:56,451 - src.collect_pipeline - INFO - Making API request: /fixtures/statistics?fixture=1209937
2025-09-03 17:04:56,594 - src.collect_pipeline - INFO - API response: 2 results
2025-09-03 17:04:56,595 - src.collect_pipeline - INFO - Making API request: /fixtures/statistics?fixture=1209945
2025-09-03 17:04:56,746 - src.collect_pipeline - INFO - API response: 2 results
2025-09-03 17:04:56,747 - src.collect_pipeline - INFO - Making API request: /fixtures/statistics?fixture=1209942
2025-09-03 17:04:56,885 - src.collect_pipeline - INFO - API response: 2 results
2025-09-03 17:04:56,886 - src.collect_pipeline - INFO - Making API request: /fixtures/statistics?fixture=1209943
2025-09-03 17:04:57,026 - src.collect_pipeline - INFO - API response: 2 results
2025-09-03 17:04:57,027 - src.collect_pipeline - INFO - Making API request: /fixtures/statistics?fixture=1209939
2025-09-03 17:04:57,182 - src.collect_pipeline - INFO - API response: 2 results
2025-09-03 17:04:57,183 - src.collect_pipeline - INFO - Making API request: /fixtures/statistics?fixture=1209940
2025-09-03 17:04:57,357 - src.collect_pipeline - INFO - API response: 2 results
2025-09-03 17:04:57,361 - src.collect_pipeline - INFO - Progress saved to data/raw\data_collection_progress.json
2025-09-03 17:04:57,361 - src.collect_pipeline - INFO - Processing batch 3
2025-09-03 17:04:57,361 - src.collect_pipeline - INFO - Making API request: /fixtures/statistics?fixture=1209944
2025-09-03 17:04:57,521 - src.collect_pipeline - INFO - API response: 2 results
2025-09-03 17:04:57,522 - src.collect_pipeline - INFO - Making API request: /fixtures/statistics?fixture=1209941
2025-09-03 17:04:57,717 - src.collect_pipeline - INFO - API response: 2 results
2025-09-03 17:04:57,719 - src.collect_pipeline - INFO - Making API request: /fixtures/statistics?fixture=1209934
2025-09-03 17:04:58,396 - src.collect_pipeline - INFO - API response: 2 results
2025-09-03 17:04:58,397 - src.collect_pipeline - INFO - Making API request: /fixtures/statistics?fixture=1209935
2025-09-03 17:04:58,544 - src.collect_pipeline - INFO - API response: 2 results
2025-09-03 17:04:58,545 - src.collect_pipeline - INFO - Making API request: /fixtures/statistics?fixture=1209931
2025-09-03 17:04:58,675 - src.collect_pipeline - INFO - API response: 2 results
2025-09-03 17:04:58,675 - src.collect_pipeline - INFO - Making API request: /fixtures/statistics?fixture=1209932
2025-09-03 17:04:58,832 - src.collect_pipeline - INFO - API response: 2 results
2025-09-03 17:04:58,833 - src.collect_pipeline - INFO - Making API request: /fixtures/statistics?fixture=1209929
2025-09-03 17:04:58,981 - src.collect_pipeline - INFO - API response: 2 results
2025-09-03 17:04:58,981 - src.collect_pipeline - INFO - Making API request: /fixtures/statistics?fixture=1209928
2025-09-03 17:04:59,137 - src.collect_pipeline - INFO - API response: 2 results
2025-09-03 17:04:59,138 - src.collect_pipeline - INFO - Making API request: /fixtures/statistics?fixture=1209930
2025-09-03 17:04:59,275 - src.collect_pipeline - INFO - API response: 2 results
2025-09-03 17:04:59,276 - src.collect_pipeline - INFO - Making API request: /fixtures/statistics?fixture=1209933
2025-09-03 17:04:59,426 - src.collect_pipeline - INFO - API response: 2 results
2025-09-03 17:04:59,427 - src.collect_pipeline - INFO - Making API request: /fixtures/statistics?fixture=1209946
2025-09-03 17:04:59,577 - src.collect_pipeline - INFO - API response: 2 results
2025-09-03 17:04:59,578 - src.collect_pipeline - INFO - Making API request: /fixtures/statistics?fixture=1209952
2025-09-03 17:04:59,735 - src.collect_pipeline - INFO - API response: 2 results
2025-09-03 17:04:59,736 - src.collect_pipeline - INFO - Making API request: /fixtures/statistics?fixture=1209953
2025-09-03 17:04:59,870 - src.collect_pipeline - INFO - API response: 2 results
2025-09-03 17:04:59,871 - src.collect_pipeline - INFO - Making API request: /fixtures/statistics?fixture=1209947
2025-09-03 17:05:00,010 - src.collect_pipeline - INFO - API response: 2 results
2025-09-03 17:05:00,011 - src.collect_pipeline - INFO - Making API request: /fixtures/statistics?fixture=1209950
2025-09-03 17:05:00,152 - src.collect_pipeline - INFO - API response: 2 results
2025-09-03 17:05:00,153 - src.collect_pipeline - INFO - Making API request: /fixtures/statistics?fixture=1209949
2025-09-03 17:05:00,286 - src.collect_pipeline - INFO - API response: 2 results
2025-09-03 17:05:00,287 - src.collect_pipeline - INFO - Making API request: /fixtures/statistics?fixture=1209951
2025-09-03 17:05:00,421 - src.collect_pipeline - INFO - API response: 2 results
2025-09-03 17:05:00,422 - src.collect_pipeline - INFO - Making API request: /fixtures/statistics?fixture=1209954
2025-09-03 17:05:00,555 - src.collect_pipeline - INFO - API response: 2 results
2025-09-03 17:05:00,556 - src.collect_pipeline - INFO - Making API request: /fixtures/statistics?fixture=1209948
2025-09-03 17:05:00,697 - src.collect_pipeline - INFO - API response: 2 results
2025-09-03 17:05:00,697 - src.collect_pipeline - INFO - Making API request: /fixtures/statistics?fixture=1209955
2025-09-03 17:05:00,854 - src.collect_pipeline - INFO - API response: 2 results
2025-09-03 17:05:00,855 - src.collect_pipeline - INFO - Making API request: /fixtures/statistics?fixture=1209956
2025-09-03 17:05:00,994 - src.collect_pipeline - INFO - API response: 2 results
2025-09-03 17:05:00,995 - src.collect_pipeline - INFO - Making API request: /fixtures/statistics?fixture=1209959
2025-09-03 17:05:01,123 - src.collect_pipeline - INFO - API response: 2 results
2025-09-03 17:05:01,124 - src.collect_pipeline - INFO - Making API request: /fixtures/statistics?fixture=1209957
2025-09-03 17:05:01,264 - src.collect_pipeline - INFO - API response: 2 results
2025-09-03 17:05:01,264 - src.collect_pipeline - INFO - Making API request: /fixtures/statistics?fixture=1209958
2025-09-03 17:05:01,419 - src.collect_pipeline - INFO - API response: 2 results
2025-09-03 17:05:01,420 - src.collect_pipeline - INFO - Making API request: /fixtures/statistics?fixture=1209961
2025-09-03 17:05:01,614 - src.collect_pipeline - INFO - API response: 2 results
2025-09-03 17:05:01,615 - src.collect_pipeline - INFO - Making API request: /fixtures/statistics?fixture=1209962
2025-09-03 17:05:01,750 - src.collect_pipeline - INFO - API response: 2 results
2025-09-03 17:05:01,751 - src.collect_pipeline - INFO - Making API request: /fixtures/statistics?fixture=1209960
2025-09-03 17:05:01,895 - src.collect_pipeline - INFO - API response: 2 results
2025-09-03 17:05:01,895 - src.collect_pipeline - INFO - Making API request: /fixtures/statistics?fixture=1209963
2025-09-03 17:05:02,029 - src.collect_pipeline - INFO - API response: 2 results
2025-09-03 17:05:02,030 - src.collect_pipeline - INFO - Making API request: /fixtures/statistics?fixture=1209965
2025-09-03 17:05:02,204 - src.collect_pipeline - INFO - API response: 2 results
2025-09-03 17:05:02,205 - src.collect_pipeline - INFO - Making API request: /fixtures/statistics?fixture=1209964
2025-09-03 17:05:02,358 - src.collect_pipeline - INFO - API response: 2 results
2025-09-03 17:05:02,359 - src.collect_pipeline - INFO - Making API request: /fixtures/statistics?fixture=1209967
2025-09-03 17:05:02,535 - src.collect_pipeline - INFO - API response: 2 results
2025-09-03 17:05:02,536 - src.collect_pipeline - INFO - Making API request: /fixtures/statistics?fixture=1209966
2025-09-03 17:05:02,707 - src.collect_pipeline - INFO - API response: 2 results
2025-09-03 17:05:02,708 - src.collect_pipeline - INFO - Making API request: /fixtures/statistics?fixture=1209973
2025-09-03 17:05:02,848 - src.collect_pipeline - INFO - API response: 2 results
2025-09-03 17:05:02,849 - src.collect_pipeline - INFO - Making API request: /fixtures/statistics?fixture=1209968
2025-09-03 17:05:03,011 - src.collect_pipeline - INFO - API response: 2 results
2025-09-03 17:05:03,012 - src.collect_pipeline - INFO - Making API request: /fixtures/statistics?fixture=1209970
2025-09-03 17:05:03,155 - src.collect_pipeline - INFO - API response: 2 results
2025-09-03 17:05:03,156 - src.collect_pipeline - INFO - Making API request: /fixtures/statistics?fixture=1209969
2025-09-03 17:05:03,299 - src.collect_pipeline - INFO - API response: 2 results
2025-09-03 17:05:03,300 - src.collect_pipeline - INFO - Making API request: /fixtures/statistics?fixture=1209971
2025-09-03 17:05:03,459 - src.collect_pipeline - INFO - API response: 2 results
2025-09-03 17:05:03,460 - src.collect_pipeline - INFO - Making API request: /fixtures/statistics?fixture=1209972
2025-09-03 17:05:03,600 - src.collect_pipeline - INFO - API response: 2 results
2025-09-03 17:05:03,601 - src.collect_pipeline - INFO - Making API request: /fixtures/statistics?fixture=1209974
2025-09-03 17:05:03,744 - src.collect_pipeline - INFO - API response: 2 results
2025-09-03 17:05:03,745 - src.collect_pipeline - INFO - Making API request: /fixtures/statistics?fixture=1209975
2025-09-03 17:05:03,891 - src.collect_pipeline - INFO - API response: 2 results
2025-09-03 17:05:03,892 - src.collect_pipeline - INFO - Making API request: /fixtures/statistics?fixture=1209976
2025-09-03 17:05:04,051 - src.collect_pipeline - INFO - API response: 2 results
2025-09-03 17:05:04,052 - src.collect_pipeline - INFO - Making API request: /fixtures/statistics?fixture=1209977
2025-09-03 17:05:04,193 - src.collect_pipeline - INFO - API response: 2 results
2025-09-03 17:05:04,194 - src.collect_pipeline - INFO - Making API request: /fixtures/statistics?fixture=1209986
2025-09-03 17:05:04,350 - src.collect_pipeline - INFO - API response: 2 results
2025-09-03 17:05:04,351 - src.collect_pipeline - INFO - Making API request: /fixtures/statistics?fixture=1209994
2025-09-03 17:05:04,484 - src.collect_pipeline - INFO - API response: 2 results
2025-09-03 17:05:04,485 - src.collect_pipeline - INFO - Making API request: /fixtures/statistics?fixture=1209995
2025-09-03 17:05:04,653 - src.collect_pipeline - INFO - API response: 2 results
2025-09-03 17:05:04,654 - src.collect_pipeline - INFO - Making API request: /fixtures/statistics?fixture=1209992
2025-09-03 17:05:04,786 - src.collect_pipeline - INFO - API response: 2 results
2025-09-03 17:05:04,787 - src.collect_pipeline - INFO - Making API request: /fixtures/statistics?fixture=1209993
2025-09-03 17:05:04,925 - src.collect_pipeline - INFO - API response: 2 results
2025-09-03 17:05:04,926 - src.collect_pipeline - INFO - Making API request: /fixtures/statistics?fixture=1209990
2025-09-03 17:05:05,058 - src.collect_pipeline - INFO - API response: 2 results
2025-09-03 17:05:05,059 - src.collect_pipeline - INFO - Making API request: /fixtures/statistics?fixture=1209987
2025-09-03 17:05:05,193 - src.collect_pipeline - INFO - API response: 2 results
2025-09-03 17:05:05,194 - src.collect_pipeline - INFO - Making API request: /fixtures/statistics?fixture=1209988
2025-09-03 17:05:05,330 - src.collect_pipeline - INFO - API response: 2 results
2025-09-03 17:05:05,334 - src.collect_pipeline - INFO - Progress saved to data/raw\data_collection_progress.json
2025-09-03 17:05:05,334 - src.collect_pipeline - INFO - Processing batch 4
2025-09-03 17:05:05,334 - src.collect_pipeline - INFO - Making API request: /fixtures/statistics?fixture=1209989
2025-09-03 17:05:05,483 - src.collect_pipeline - INFO - API response: 2 results
2025-09-03 17:05:05,484 - src.collect_pipeline - INFO - Making API request: /fixtures/statistics?fixture=1209991
2025-09-03 17:05:05,631 - src.collect_pipeline - INFO - API response: 2 results
2025-09-03 17:05:05,632 - src.collect_pipeline - INFO - Making API request: /fixtures/statistics?fixture=1209979
2025-09-03 17:05:05,768 - src.collect_pipeline - INFO - API response: 2 results
2025-09-03 17:05:05,769 - src.collect_pipeline - INFO - Making API request: /fixtures/statistics?fixture=1209978
2025-09-03 17:05:05,913 - src.collect_pipeline - INFO - API response: 2 results
2025-09-03 17:05:05,914 - src.collect_pipeline - INFO - Making API request: /fixtures/statistics?fixture=1209983
2025-09-03 17:05:06,049 - src.collect_pipeline - INFO - API response: 2 results
2025-09-03 17:05:06,050 - src.collect_pipeline - INFO - Making API request: /fixtures/statistics?fixture=1209980
2025-09-03 17:05:06,182 - src.collect_pipeline - INFO - API response: 2 results
2025-09-03 17:05:06,183 - src.collect_pipeline - INFO - Making API request: /fixtures/statistics?fixture=1209981
2025-09-03 17:05:06,323 - src.collect_pipeline - INFO - API response: 2 results
2025-09-03 17:05:06,324 - src.collect_pipeline - INFO - Making API request: /fixtures/statistics?fixture=1209984
2025-09-03 17:05:06,461 - src.collect_pipeline - INFO - API response: 2 results
2025-09-03 17:05:06,461 - src.collect_pipeline - INFO - Making API request: /fixtures/statistics?fixture=1209985
2025-09-03 17:05:06,604 - src.collect_pipeline - INFO - API response: 2 results
2025-09-03 17:05:06,605 - src.collect_pipeline - INFO - Making API request: /fixtures/statistics?fixture=1209982
2025-09-03 17:05:06,743 - src.collect_pipeline - INFO - API response: 2 results
2025-09-03 17:05:06,744 - src.collect_pipeline - INFO - Making API request: /fixtures/statistics?fixture=1209998
2025-09-03 17:05:06,880 - src.collect_pipeline - INFO - API response: 2 results
2025-09-03 17:05:06,880 - src.collect_pipeline - INFO - Making API request: /fixtures/statistics?fixture=1209996
2025-09-03 17:05:07,008 - src.collect_pipeline - INFO - API response: 2 results
2025-09-03 17:05:07,009 - src.collect_pipeline - INFO - Making API request: /fixtures/statistics?fixture=1210002
2025-09-03 17:05:07,154 - src.collect_pipeline - INFO - API response: 2 results
2025-09-03 17:05:07,155 - src.collect_pipeline - INFO - Making API request: /fixtures/statistics?fixture=1210000
2025-09-03 17:05:07,301 - src.collect_pipeline - INFO - API response: 2 results
2025-09-03 17:05:07,302 - src.collect_pipeline - INFO - Making API request: /fixtures/statistics?fixture=1209999
2025-09-03 17:05:07,461 - src.collect_pipeline - INFO - API response: 2 results
2025-09-03 17:05:07,462 - src.collect_pipeline - INFO - Making API request: /fixtures/statistics?fixture=1210001
2025-09-03 17:05:07,603 - src.collect_pipeline - INFO - API response: 2 results
2025-09-03 17:05:07,604 - src.collect_pipeline - INFO - Making API request: /fixtures/statistics?fixture=1210003
2025-09-03 17:05:07,760 - src.collect_pipeline - INFO - API response: 2 results
2025-09-03 17:05:07,761 - src.collect_pipeline - INFO - Making API request: /fixtures/statistics?fixture=1209997
2025-09-03 17:05:07,893 - src.collect_pipeline - INFO - API response: 2 results
2025-09-03 17:05:07,894 - src.collect_pipeline - INFO - Making API request: /fixtures/statistics?fixture=1210004
2025-09-03 17:05:08,024 - src.collect_pipeline - INFO - API response: 2 results
2025-09-03 17:05:08,024 - src.collect_pipeline - INFO - Making API request: /fixtures/statistics?fixture=1210005
2025-09-03 17:05:08,164 - src.collect_pipeline - INFO - API response: 2 results
2025-09-03 17:05:08,166 - src.collect_pipeline - INFO - Making API request: /fixtures/statistics?fixture=1210010
2025-09-03 17:05:08,306 - src.collect_pipeline - INFO - API response: 2 results
2025-09-03 17:05:08,307 - src.collect_pipeline - INFO - Making API request: /fixtures/statistics?fixture=1210006
2025-09-03 17:05:08,449 - src.collect_pipeline - INFO - API response: 2 results
2025-09-03 17:05:08,450 - src.collect_pipeline - INFO - Making API request: /fixtures/statistics?fixture=1210009
2025-09-03 17:05:08,584 - src.collect_pipeline - INFO - API response: 2 results
2025-09-03 17:05:08,585 - src.collect_pipeline - INFO - Making API request: /fixtures/statistics?fixture=1210007
2025-09-03 17:05:08,728 - src.collect_pipeline - INFO - API response: 2 results
2025-09-03 17:05:08,729 - src.collect_pipeline - INFO - Making API request: /fixtures/statistics?fixture=1210008
2025-09-03 17:05:08,868 - src.collect_pipeline - INFO - API response: 2 results
2025-09-03 17:05:08,869 - src.collect_pipeline - INFO - Making API request: /fixtures/statistics?fixture=1210011
2025-09-03 17:05:09,003 - src.collect_pipeline - INFO - API response: 2 results
2025-09-03 17:05:09,004 - src.collect_pipeline - INFO - Making API request: /fixtures/statistics?fixture=1210012
2025-09-03 17:05:09,140 - src.collect_pipeline - INFO - API response: 2 results
2025-09-03 17:05:09,141 - src.collect_pipeline - INFO - Making API request: /fixtures/statistics?fixture=1210015
2025-09-03 17:05:09,293 - src.collect_pipeline - INFO - API response: 2 results
2025-09-03 17:05:09,294 - src.collect_pipeline - INFO - Making API request: /fixtures/statistics?fixture=1210013
2025-09-03 17:05:09,440 - src.collect_pipeline - INFO - API response: 2 results
2025-09-03 17:05:09,441 - src.collect_pipeline - INFO - Making API request: /fixtures/statistics?fixture=1210014
2025-09-03 17:05:09,575 - src.collect_pipeline - INFO - API response: 2 results
2025-09-03 17:05:09,575 - src.collect_pipeline - INFO - Making API request: /fixtures/statistics?fixture=1210018
2025-09-03 17:05:09,707 - src.collect_pipeline - INFO - API response: 2 results
2025-09-03 17:05:09,708 - src.collect_pipeline - INFO - Making API request: /fixtures/statistics?fixture=1210016
2025-09-03 17:05:09,841 - src.collect_pipeline - INFO - API response: 2 results
2025-09-03 17:05:09,842 - src.collect_pipeline - INFO - Making API request: /fixtures/statistics?fixture=1210017
2025-09-03 17:05:09,983 - src.collect_pipeline - INFO - API response: 2 results
2025-09-03 17:05:09,985 - src.collect_pipeline - INFO - Making API request: /fixtures/statistics?fixture=1210025
2025-09-03 17:05:10,118 - src.collect_pipeline - INFO - API response: 2 results
2025-09-03 17:05:10,119 - src.collect_pipeline - INFO - Making API request: /fixtures/statistics?fixture=1210022
2025-09-03 17:05:10,256 - src.collect_pipeline - INFO - API response: 2 results
2025-09-03 17:05:10,257 - src.collect_pipeline - INFO - Making API request: /fixtures/statistics?fixture=1210021
2025-09-03 17:05:10,393 - src.collect_pipeline - INFO - API response: 2 results
2025-09-03 17:05:10,394 - src.collect_pipeline - INFO - Making API request: /fixtures/statistics?fixture=1210019
2025-09-03 17:05:10,735 - src.collect_pipeline - INFO - API response: 2 results
2025-09-03 17:05:10,735 - src.collect_pipeline - INFO - Making API request: /fixtures/statistics?fixture=1210020
2025-09-03 17:05:11,077 - src.collect_pipeline - INFO - API response: 2 results
2025-09-03 17:05:11,078 - src.collect_pipeline - INFO - Making API request: /fixtures/statistics?fixture=1210024
2025-09-03 17:05:11,216 - src.collect_pipeline - INFO - API response: 2 results
2025-09-03 17:05:11,217 - src.collect_pipeline - INFO - Making API request: /fixtures/statistics?fixture=1210023
2025-09-03 17:05:11,427 - src.collect_pipeline - INFO - API response: 2 results
2025-09-03 17:05:11,428 - src.collect_pipeline - INFO - Making API request: /fixtures/statistics?fixture=1210027
2025-09-03 17:05:11,665 - src.collect_pipeline - INFO - API response: 2 results
2025-09-03 17:05:11,666 - src.collect_pipeline - INFO - Making API request: /fixtures/statistics?fixture=1210026
2025-09-03 17:05:11,814 - src.collect_pipeline - INFO - API response: 2 results
2025-09-03 17:05:11,814 - src.collect_pipeline - INFO - Making API request: /fixtures/statistics?fixture=1210035
2025-09-03 17:05:11,958 - src.collect_pipeline - INFO - API response: 2 results
2025-09-03 17:05:11,959 - src.collect_pipeline - INFO - Making API request: /fixtures/statistics?fixture=1210030
2025-09-03 17:05:12,116 - src.collect_pipeline - INFO - API response: 2 results
2025-09-03 17:05:12,117 - src.collect_pipeline - INFO - Making API request: /fixtures/statistics?fixture=1210034
2025-09-03 17:05:12,259 - src.collect_pipeline - INFO - API response: 2 results
2025-09-03 17:05:12,259 - src.collect_pipeline - INFO - Making API request: /fixtures/statistics?fixture=1210031
2025-09-03 17:05:12,417 - src.collect_pipeline - INFO - API response: 2 results
2025-09-03 17:05:12,418 - src.collect_pipeline - INFO - Making API request: /fixtures/statistics?fixture=1210029
2025-09-03 17:05:12,554 - src.collect_pipeline - INFO - API response: 2 results
2025-09-03 17:05:12,555 - src.collect_pipeline - INFO - Making API request: /fixtures/statistics?fixture=1210028
2025-09-03 17:05:12,725 - src.collect_pipeline - INFO - API response: 2 results
2025-09-03 17:05:12,726 - src.collect_pipeline - INFO - Making API request: /fixtures/statistics?fixture=1210032
2025-09-03 17:05:12,859 - src.collect_pipeline - INFO - API response: 2 results
2025-09-03 17:05:12,859 - src.collect_pipeline - INFO - Making API request: /fixtures/statistics?fixture=1210033
2025-09-03 17:05:12,995 - src.collect_pipeline - INFO - API response: 2 results
2025-09-03 17:05:13,001 - src.collect_pipeline - INFO - Progress saved to data/raw\data_collection_progress.json
2025-09-03 17:05:13,002 - src.collect_pipeline - INFO - Processing batch 5
2025-09-03 17:05:13,002 - src.collect_pipeline - INFO - Making API request: /fixtures/statistics?fixture=1210037
2025-09-03 17:05:13,143 - src.collect_pipeline - INFO - API response: 2 results
2025-09-03 17:05:13,144 - src.collect_pipeline - INFO - Making API request: /fixtures/statistics?fixture=1210043
2025-09-03 17:05:13,297 - src.collect_pipeline - INFO - API response: 2 results
2025-09-03 17:05:13,297 - src.collect_pipeline - INFO - Making API request: /fixtures/statistics?fixture=1210042
2025-09-03 17:05:13,447 - src.collect_pipeline - INFO - API response: 2 results
2025-09-03 17:05:13,448 - src.collect_pipeline - INFO - Making API request: /fixtures/statistics?fixture=1210041
2025-09-03 17:05:13,609 - src.collect_pipeline - INFO - API response: 2 results
2025-09-03 17:05:13,610 - src.collect_pipeline - INFO - Making API request: /fixtures/statistics?fixture=1210044
2025-09-03 17:05:13,736 - src.collect_pipeline - INFO - API response: 2 results
2025-09-03 17:05:13,737 - src.collect_pipeline - INFO - Making API request: /fixtures/statistics?fixture=1210045
2025-09-03 17:05:13,875 - src.collect_pipeline - INFO - API response: 2 results
2025-09-03 17:05:13,876 - src.collect_pipeline - INFO - Making API request: /fixtures/statistics?fixture=1210046
2025-09-03 17:05:14,006 - src.collect_pipeline - INFO - API response: 2 results
2025-09-03 17:05:14,007 - src.collect_pipeline - INFO - Making API request: /fixtures/statistics?fixture=1210051
2025-09-03 17:05:14,148 - src.collect_pipeline - INFO - API response: 2 results
2025-09-03 17:05:14,149 - src.collect_pipeline - INFO - Making API request: /fixtures/statistics?fixture=1210047
2025-09-03 17:05:14,294 - src.collect_pipeline - INFO - API response: 2 results
2025-09-03 17:05:14,295 - src.collect_pipeline - INFO - Making API request: /fixtures/statistics?fixture=1210048
2025-09-03 17:05:14,439 - src.collect_pipeline - INFO - API response: 2 results
2025-09-03 17:05:14,439 - src.collect_pipeline - INFO - Making API request: /fixtures/statistics?fixture=1210049
2025-09-03 17:05:14,571 - src.collect_pipeline - INFO - API response: 2 results
2025-09-03 17:05:14,572 - src.collect_pipeline - INFO - Making API request: /fixtures/statistics?fixture=1210050
2025-09-03 17:05:14,724 - src.collect_pipeline - INFO - API response: 2 results
2025-09-03 17:05:14,724 - src.collect_pipeline - INFO - Making API request: /fixtures/statistics?fixture=1210052
2025-09-03 17:05:14,875 - src.collect_pipeline - INFO - API response: 2 results
2025-09-03 17:05:14,875 - src.collect_pipeline - INFO - Making API request: /fixtures/statistics?fixture=1210053
2025-09-03 17:05:15,016 - src.collect_pipeline - INFO - API response: 2 results
2025-09-03 17:05:15,018 - src.collect_pipeline - INFO - Making API request: /fixtures/statistics?fixture=1210040
2025-09-03 17:05:15,154 - src.collect_pipeline - INFO - API response: 2 results
2025-09-03 17:05:15,155 - src.collect_pipeline - INFO - Making API request: /fixtures/statistics?fixture=1210054
2025-09-03 17:05:15,304 - src.collect_pipeline - INFO - API response: 2 results
2025-09-03 17:05:15,304 - src.collect_pipeline - INFO - Making API request: /fixtures/statistics?fixture=1210055
2025-09-03 17:05:15,444 - src.collect_pipeline - INFO - API response: 2 results
2025-09-03 17:05:15,445 - src.collect_pipeline - INFO - Making API request: /fixtures/statistics?fixture=1210056
2025-09-03 17:05:15,589 - src.collect_pipeline - INFO - API response: 2 results
2025-09-03 17:05:15,590 - src.collect_pipeline - INFO - Making API request: /fixtures/statistics?fixture=1210061
2025-09-03 17:05:15,741 - src.collect_pipeline - INFO - API response: 2 results
2025-09-03 17:05:15,742 - src.collect_pipeline - INFO - Making API request: /fixtures/statistics?fixture=1210060
2025-09-03 17:05:15,886 - src.collect_pipeline - INFO - API response: 2 results
2025-09-03 17:05:15,887 - src.collect_pipeline - INFO - Making API request: /fixtures/statistics?fixture=1210059
2025-09-03 17:05:16,027 - src.collect_pipeline - INFO - API response: 2 results
2025-09-03 17:05:16,028 - src.collect_pipeline - INFO - Making API request: /fixtures/statistics?fixture=1210057
2025-09-03 17:05:16,165 - src.collect_pipeline - INFO - API response: 2 results
2025-09-03 17:05:16,167 - src.collect_pipeline - INFO - Making API request: /fixtures/statistics?fixture=1210058
2025-09-03 17:05:16,308 - src.collect_pipeline - INFO - API response: 2 results
2025-09-03 17:05:16,309 - src.collect_pipeline - INFO - Making API request: /fixtures/statistics?fixture=1210062
2025-09-03 17:05:16,479 - src.collect_pipeline - INFO - API response: 2 results
2025-09-03 17:05:16,479 - src.collect_pipeline - INFO - Making API request: /fixtures/statistics?fixture=1210063
2025-09-03 17:05:16,624 - src.collect_pipeline - INFO - API response: 2 results
2025-09-03 17:05:16,625 - src.collect_pipeline - INFO - Making API request: /fixtures/statistics?fixture=1210064
2025-09-03 17:05:16,757 - src.collect_pipeline - INFO - API response: 2 results
2025-09-03 17:05:16,758 - src.collect_pipeline - INFO - Making API request: /fixtures/statistics?fixture=1210065
2025-09-03 17:05:16,917 - src.collect_pipeline - INFO - API response: 2 results
2025-09-03 17:05:16,918 - src.collect_pipeline - INFO - Making API request: /fixtures/statistics?fixture=1210038
2025-09-03 17:05:17,052 - src.collect_pipeline - INFO - API response: 2 results
2025-09-03 17:05:17,053 - src.collect_pipeline - INFO - Making API request: /fixtures/statistics?fixture=1210066
2025-09-03 17:05:17,187 - src.collect_pipeline - INFO - API response: 2 results
2025-09-03 17:05:17,188 - src.collect_pipeline - INFO - Making API request: /fixtures/statistics?fixture=1210069
2025-09-03 17:05:17,312 - src.collect_pipeline - INFO - API response: 2 results
2025-09-03 17:05:17,313 - src.collect_pipeline - INFO - Making API request: /fixtures/statistics?fixture=1210068
2025-09-03 17:05:17,455 - src.collect_pipeline - INFO - API response: 2 results
2025-09-03 17:05:17,456 - src.collect_pipeline - INFO - Making API request: /fixtures/statistics?fixture=1210070
2025-09-03 17:05:17,596 - src.collect_pipeline - INFO - API response: 2 results
2025-09-03 17:05:17,597 - src.collect_pipeline - INFO - Making API request: /fixtures/statistics?fixture=1210067
2025-09-03 17:05:17,727 - src.collect_pipeline - INFO - API response: 2 results
2025-09-03 17:05:17,728 - src.collect_pipeline - INFO - Making API request: /fixtures/statistics?fixture=1210071
2025-09-03 17:05:17,867 - src.collect_pipeline - INFO - API response: 2 results
2025-09-03 17:05:17,868 - src.collect_pipeline - INFO - Making API request: /fixtures/statistics?fixture=1210072
2025-09-03 17:05:18,009 - src.collect_pipeline - INFO - API response: 2 results
2025-09-03 17:05:18,009 - src.collect_pipeline - INFO - Making API request: /fixtures/statistics?fixture=1210073
2025-09-03 17:05:18,149 - src.collect_pipeline - INFO - API response: 2 results
2025-09-03 17:05:18,151 - src.collect_pipeline - INFO - Making API request: /fixtures/statistics?fixture=1210036
2025-09-03 17:05:18,302 - src.collect_pipeline - INFO - API response: 2 results
2025-09-03 17:05:18,303 - src.collect_pipeline - INFO - Making API request: /fixtures/statistics?fixture=1210074
2025-09-03 17:05:18,434 - src.collect_pipeline - INFO - API response: 2 results
2025-09-03 17:05:18,436 - src.collect_pipeline - INFO - Making API request: /fixtures/statistics?fixture=1210076
2025-09-03 17:05:18,608 - src.collect_pipeline - INFO - API response: 2 results
2025-09-03 17:05:18,609 - src.collect_pipeline - INFO - Making API request: /fixtures/statistics?fixture=1210079
2025-09-03 17:05:18,746 - src.collect_pipeline - INFO - API response: 2 results
2025-09-03 17:05:18,747 - src.collect_pipeline - INFO - Making API request: /fixtures/statistics?fixture=1210078
2025-09-03 17:05:18,874 - src.collect_pipeline - INFO - API response: 2 results
2025-09-03 17:05:18,874 - src.collect_pipeline - INFO - Making API request: /fixtures/statistics?fixture=1210077
2025-09-03 17:05:19,030 - src.collect_pipeline - INFO - API response: 2 results
2025-09-03 17:05:19,030 - src.collect_pipeline - INFO - Making API request: /fixtures/statistics?fixture=1210080
2025-09-03 17:05:19,210 - src.collect_pipeline - INFO - API response: 2 results
2025-09-03 17:05:19,212 - src.collect_pipeline - INFO - Making API request: /fixtures/statistics?fixture=1210081
2025-09-03 17:05:19,405 - src.collect_pipeline - INFO - API response: 2 results
2025-09-03 17:05:19,406 - src.collect_pipeline - INFO - Making API request: /fixtures/statistics?fixture=1210082
2025-09-03 17:05:19,560 - src.collect_pipeline - INFO - API response: 2 results
2025-09-03 17:05:19,560 - src.collect_pipeline - INFO - Making API request: /fixtures/statistics?fixture=1210085
2025-09-03 17:05:19,704 - src.collect_pipeline - INFO - API response: 2 results
2025-09-03 17:05:19,705 - src.collect_pipeline - INFO - Making API request: /fixtures/statistics?fixture=1210084
2025-09-03 17:05:19,840 - src.collect_pipeline - INFO - API response: 2 results
2025-09-03 17:05:19,841 - src.collect_pipeline - INFO - Making API request: /fixtures/statistics?fixture=1210083
2025-09-03 17:05:19,991 - src.collect_pipeline - INFO - API response: 2 results
2025-09-03 17:05:19,992 - src.collect_pipeline - INFO - Making API request: /fixtures/statistics?fixture=1210086
2025-09-03 17:05:20,155 - src.collect_pipeline - INFO - API response: 2 results
2025-09-03 17:05:20,155 - src.collect_pipeline - INFO - Making API request: /fixtures/statistics?fixture=1210093
2025-09-03 17:05:20,323 - src.collect_pipeline - INFO - API response: 2 results
2025-09-03 17:05:20,328 - src.collect_pipeline - INFO - Progress saved to data/raw\data_collection_progress.json
2025-09-03 17:05:20,328 - src.collect_pipeline - INFO - Processing batch 6
2025-09-03 17:05:20,328 - src.collect_pipeline - INFO - Making API request: /fixtures/statistics?fixture=1210089
2025-09-03 17:05:20,474 - src.collect_pipeline - INFO - API response: 2 results
2025-09-03 17:05:20,475 - src.collect_pipeline - INFO - Making API request: /fixtures/statistics?fixture=1210090
2025-09-03 17:05:20,619 - src.collect_pipeline - INFO - API response: 2 results
2025-09-03 17:05:20,620 - src.collect_pipeline - INFO - Making API request: /fixtures/statistics?fixture=1210088
2025-09-03 17:05:20,764 - src.collect_pipeline - INFO - API response: 2 results
2025-09-03 17:05:20,765 - src.collect_pipeline - INFO - Making API request: /fixtures/statistics?fixture=1210091
2025-09-03 17:05:20,914 - src.collect_pipeline - INFO - API response: 2 results
2025-09-03 17:05:20,915 - src.collect_pipeline - INFO - Making API request: /fixtures/statistics?fixture=1210092
2025-09-03 17:05:21,054 - src.collect_pipeline - INFO - API response: 2 results
2025-09-03 17:05:21,055 - src.collect_pipeline - INFO - Making API request: /fixtures/statistics?fixture=1210087
2025-09-03 17:05:21,190 - src.collect_pipeline - INFO - API response: 2 results
2025-09-03 17:05:21,191 - src.collect_pipeline - INFO - Making API request: /fixtures/statistics?fixture=1210096
2025-09-03 17:05:21,337 - src.collect_pipeline - INFO - API response: 2 results
2025-09-03 17:05:21,338 - src.collect_pipeline - INFO - Making API request: /fixtures/statistics?fixture=1210099
2025-09-03 17:05:21,475 - src.collect_pipeline - INFO - API response: 2 results
2025-09-03 17:05:21,475 - src.collect_pipeline - INFO - Making API request: /fixtures/statistics?fixture=1210101
2025-09-03 17:05:21,609 - src.collect_pipeline - INFO - API response: 2 results
2025-09-03 17:05:21,609 - src.collect_pipeline - INFO - Making API request: /fixtures/statistics?fixture=1210098
2025-09-03 17:05:21,770 - src.collect_pipeline - INFO - API response: 2 results
2025-09-03 17:05:21,771 - src.collect_pipeline - INFO - Making API request: /fixtures/statistics?fixture=1210100
2025-09-03 17:05:21,908 - src.collect_pipeline - INFO - API response: 2 results
2025-09-03 17:05:21,909 - src.collect_pipeline - INFO - Making API request: /fixtures/statistics?fixture=1210102
2025-09-03 17:05:22,061 - src.collect_pipeline - INFO - API response: 2 results
2025-09-03 17:05:22,062 - src.collect_pipeline - INFO - Making API request: /fixtures/statistics?fixture=1210097
2025-09-03 17:05:22,198 - src.collect_pipeline - INFO - API response: 2 results
2025-09-03 17:05:22,198 - src.collect_pipeline - INFO - Making API request: /fixtures/statistics?fixture=1210103
2025-09-03 17:05:22,336 - src.collect_pipeline - INFO - API response: 2 results
2025-09-03 17:05:22,336 - src.collect_pipeline - INFO - Making API request: /fixtures/statistics?fixture=1210105
2025-09-03 17:05:22,461 - src.collect_pipeline - INFO - API response: 2 results
2025-09-03 17:05:22,462 - src.collect_pipeline - INFO - Making API request: /fixtures/statistics?fixture=1210039
2025-09-03 17:05:22,593 - src.collect_pipeline - INFO - API response: 2 results
2025-09-03 17:05:22,594 - src.collect_pipeline - INFO - Making API request: /fixtures/statistics?fixture=1210104
2025-09-03 17:05:22,741 - src.collect_pipeline - INFO - API response: 2 results
2025-09-03 17:05:22,742 - src.collect_pipeline - INFO - Making API request: /fixtures/statistics?fixture=1210106
2025-09-03 17:05:22,879 - src.collect_pipeline - INFO - API response: 2 results
2025-09-03 17:05:22,880 - src.collect_pipeline - INFO - Making API request: /fixtures/statistics?fixture=1210108
2025-09-03 17:05:23,045 - src.collect_pipeline - INFO - API response: 2 results
2025-09-03 17:05:23,046 - src.collect_pipeline - INFO - Making API request: /fixtures/statistics?fixture=1210107
2025-09-03 17:05:23,187 - src.collect_pipeline - INFO - API response: 2 results
2025-09-03 17:05:23,188 - src.collect_pipeline - INFO - Making API request: /fixtures/statistics?fixture=1210110
2025-09-03 17:05:23,332 - src.collect_pipeline - INFO - API response: 2 results
2025-09-03 17:05:23,334 - src.collect_pipeline - INFO - Making API request: /fixtures/statistics?fixture=1210075
2025-09-03 17:05:23,484 - src.collect_pipeline - INFO - API response: 2 results
2025-09-03 17:05:23,485 - src.collect_pipeline - INFO - Making API request: /fixtures/statistics?fixture=1210109
2025-09-03 17:05:23,629 - src.collect_pipeline - INFO - API response: 2 results
2025-09-03 17:05:23,630 - src.collect_pipeline - INFO - Making API request: /fixtures/statistics?fixture=1210111
2025-09-03 17:05:23,758 - src.collect_pipeline - INFO - API response: 2 results
2025-09-03 17:05:23,759 - src.collect_pipeline - INFO - Making API request: /fixtures/statistics?fixture=1210112
2025-09-03 17:05:23,903 - src.collect_pipeline - INFO - API response: 2 results
2025-09-03 17:05:23,904 - src.collect_pipeline - INFO - Making API request: /fixtures/statistics?fixture=1210114
2025-09-03 17:05:24,047 - src.collect_pipeline - INFO - API response: 2 results
2025-09-03 17:05:24,048 - src.collect_pipeline - INFO - Making API request: /fixtures/statistics?fixture=1210113
2025-09-03 17:05:24,184 - src.collect_pipeline - INFO - API response: 2 results
2025-09-03 17:05:24,185 - src.collect_pipeline - INFO - Making API request: /fixtures/statistics?fixture=1210115
2025-09-03 17:05:24,317 - src.collect_pipeline - INFO - API response: 2 results
2025-09-03 17:05:24,318 - src.collect_pipeline - INFO - Making API request: /fixtures/statistics?fixture=1210116
2025-09-03 17:05:24,476 - src.collect_pipeline - INFO - API response: 2 results
2025-09-03 17:05:24,477 - src.collect_pipeline - INFO - Making API request: /fixtures/statistics?fixture=1210125
2025-09-03 17:05:24,612 - src.collect_pipeline - INFO - API response: 2 results
2025-09-03 17:05:24,613 - src.collect_pipeline - INFO - Making API request: /fixtures/statistics?fixture=1210119
2025-09-03 17:05:24,747 - src.collect_pipeline - INFO - API response: 2 results
2025-09-03 17:05:24,747 - src.collect_pipeline - INFO - Making API request: /fixtures/statistics?fixture=1210122
2025-09-03 17:05:24,878 - src.collect_pipeline - INFO - API response: 2 results
2025-09-03 17:05:24,879 - src.collect_pipeline - INFO - Making API request: /fixtures/statistics?fixture=1210121
2025-09-03 17:05:25,028 - src.collect_pipeline - INFO - API response: 2 results
2025-09-03 17:05:25,029 - src.collect_pipeline - INFO - Making API request: /fixtures/statistics?fixture=1210117
2025-09-03 17:05:25,174 - src.collect_pipeline - INFO - API response: 2 results
2025-09-03 17:05:25,175 - src.collect_pipeline - INFO - Making API request: /fixtures/statistics?fixture=1210118
2025-09-03 17:05:25,308 - src.collect_pipeline - INFO - API response: 2 results
2025-09-03 17:05:25,309 - src.collect_pipeline - INFO - Making API request: /fixtures/statistics?fixture=1210124
2025-09-03 17:05:25,454 - src.collect_pipeline - INFO - API response: 2 results
2025-09-03 17:05:25,455 - src.collect_pipeline - INFO - Making API request: /fixtures/statistics?fixture=1210120
2025-09-03 17:05:25,598 - src.collect_pipeline - INFO - API response: 2 results
2025-09-03 17:05:25,599 - src.collect_pipeline - INFO - Making API request: /fixtures/statistics?fixture=1210123
2025-09-03 17:05:25,732 - src.collect_pipeline - INFO - API response: 2 results
2025-09-03 17:05:25,734 - src.collect_pipeline - INFO - Making API request: /fixtures/statistics?fixture=1210139
2025-09-03 17:05:25,872 - src.collect_pipeline - INFO - API response: 2 results
2025-09-03 17:05:25,873 - src.collect_pipeline - INFO - Making API request: /fixtures/statistics?fixture=1210143
2025-09-03 17:05:26,015 - src.collect_pipeline - INFO - API response: 2 results
2025-09-03 17:05:26,016 - src.collect_pipeline - INFO - Making API request: /fixtures/statistics?fixture=1210145
2025-09-03 17:05:26,178 - src.collect_pipeline - INFO - API response: 2 results
2025-09-03 17:05:26,178 - src.collect_pipeline - INFO - Making API request: /fixtures/statistics?fixture=1210142
2025-09-03 17:05:26,314 - src.collect_pipeline - INFO - API response: 2 results
2025-09-03 17:05:26,315 - src.collect_pipeline - INFO - Making API request: /fixtures/statistics?fixture=1210138
2025-09-03 17:05:26,452 - src.collect_pipeline - INFO - API response: 2 results
2025-09-03 17:05:26,453 - src.collect_pipeline - INFO - Making API request: /fixtures/statistics?fixture=1210144
2025-09-03 17:05:26,581 - src.collect_pipeline - INFO - API response: 2 results
2025-09-03 17:05:26,582 - src.collect_pipeline - INFO - Making API request: /fixtures/statistics?fixture=1210140
2025-09-03 17:05:26,756 - src.collect_pipeline - INFO - API response: 2 results
2025-09-03 17:05:26,757 - src.collect_pipeline - INFO - Making API request: /fixtures/statistics?fixture=1210141
2025-09-03 17:05:26,907 - src.collect_pipeline - INFO - API response: 2 results
2025-09-03 17:05:26,908 - src.collect_pipeline - INFO - Making API request: /fixtures/statistics?fixture=1210133
2025-09-03 17:05:27,044 - src.collect_pipeline - INFO - API response: 2 results
2025-09-03 17:05:27,045 - src.collect_pipeline - INFO - Making API request: /fixtures/statistics?fixture=1210128
2025-09-03 17:05:27,185 - src.collect_pipeline - INFO - API response: 2 results
2025-09-03 17:05:27,187 - src.collect_pipeline - INFO - Making API request: /fixtures/statistics?fixture=1210126
2025-09-03 17:05:27,321 - src.collect_pipeline - INFO - API response: 2 results
2025-09-03 17:05:27,322 - src.collect_pipeline - INFO - Making API request: /fixtures/statistics?fixture=1210130
2025-09-03 17:05:27,458 - src.collect_pipeline - INFO - API response: 2 results
2025-09-03 17:05:27,463 - src.collect_pipeline - INFO - Progress saved to data/raw\data_collection_progress.json
2025-09-03 17:05:27,463 - src.collect_pipeline - INFO - Processing batch 7
2025-09-03 17:05:27,463 - src.collect_pipeline - INFO - Making API request: /fixtures/statistics?fixture=1210127
2025-09-03 17:05:27,593 - src.collect_pipeline - INFO - API response: 2 results
2025-09-03 17:05:27,594 - src.collect_pipeline - INFO - Making API request: /fixtures/statistics?fixture=1210129
2025-09-03 17:05:27,744 - src.collect_pipeline - INFO - API response: 2 results
2025-09-03 17:05:27,745 - src.collect_pipeline - INFO - Making API request: /fixtures/statistics?fixture=1210131
2025-09-03 17:05:27,885 - src.collect_pipeline - INFO - API response: 2 results
2025-09-03 17:05:27,886 - src.collect_pipeline - INFO - Making API request: /fixtures/statistics?fixture=1210134
2025-09-03 17:05:28,029 - src.collect_pipeline - INFO - API response: 2 results
2025-09-03 17:05:28,030 - src.collect_pipeline - INFO - Making API request: /fixtures/statistics?fixture=1210132
2025-09-03 17:05:28,169 - src.collect_pipeline - INFO - API response: 2 results
2025-09-03 17:05:28,169 - src.collect_pipeline - INFO - Making API request: /fixtures/statistics?fixture=1210135
2025-09-03 17:05:28,296 - src.collect_pipeline - INFO - API response: 2 results
2025-09-03 17:05:28,297 - src.collect_pipeline - INFO - Making API request: /fixtures/statistics?fixture=1210136
2025-09-03 17:05:28,456 - src.collect_pipeline - INFO - API response: 2 results
2025-09-03 17:05:28,457 - src.collect_pipeline - INFO - Making API request: /fixtures/statistics?fixture=1210137
2025-09-03 17:05:28,596 - src.collect_pipeline - INFO - API response: 2 results
2025-09-03 17:05:28,597 - src.collect_pipeline - INFO - Making API request: /fixtures/statistics?fixture=1210146
2025-09-03 17:05:28,752 - src.collect_pipeline - INFO - API response: 2 results
2025-09-03 17:05:28,753 - src.collect_pipeline - INFO - Making API request: /fixtures/statistics?fixture=1210148
2025-09-03 17:05:28,886 - src.collect_pipeline - INFO - API response: 2 results
2025-09-03 17:05:28,888 - src.collect_pipeline - INFO - Making API request: /fixtures/statistics?fixture=1210149
2025-09-03 17:05:29,040 - src.collect_pipeline - INFO - API response: 2 results
2025-09-03 17:05:29,041 - src.collect_pipeline - INFO - Making API request: /fixtures/statistics?fixture=1210147
2025-09-03 17:05:29,200 - src.collect_pipeline - INFO - API response: 2 results
2025-09-03 17:05:29,202 - src.collect_pipeline - INFO - Making API request: /fixtures/statistics?fixture=1210150
2025-09-03 17:05:29,341 - src.collect_pipeline - INFO - API response: 2 results
2025-09-03 17:05:29,342 - src.collect_pipeline - INFO - Making API request: /fixtures/statistics?fixture=1210151
2025-09-03 17:05:29,478 - src.collect_pipeline - INFO - API response: 2 results
2025-09-03 17:05:29,479 - src.collect_pipeline - INFO - Making API request: /fixtures/statistics?fixture=1210152
2025-09-03 17:05:29,615 - src.collect_pipeline - INFO - API response: 2 results
2025-09-03 17:05:29,616 - src.collect_pipeline - INFO - Making API request: /fixtures/statistics?fixture=1210155
2025-09-03 17:05:29,747 - src.collect_pipeline - INFO - API response: 2 results
2025-09-03 17:05:29,748 - src.collect_pipeline - INFO - Making API request: /fixtures/statistics?fixture=1210154
2025-09-03 17:05:29,889 - src.collect_pipeline - INFO - API response: 2 results
2025-09-03 17:05:29,890 - src.collect_pipeline - INFO - Making API request: /fixtures/statistics?fixture=1210153
2025-09-03 17:05:30,025 - src.collect_pipeline - INFO - API response: 2 results
2025-09-03 17:05:30,026 - src.collect_pipeline - INFO - Making API request: /fixtures/statistics?fixture=1210095
2025-09-03 17:05:30,163 - src.collect_pipeline - INFO - API response: 2 results
2025-09-03 17:05:30,164 - src.collect_pipeline - INFO - Making API request: /fixtures/statistics?fixture=1210162
2025-09-03 17:05:30,304 - src.collect_pipeline - INFO - API response: 2 results
2025-09-03 17:05:30,305 - src.collect_pipeline - INFO - Making API request: /fixtures/statistics?fixture=1210158
2025-09-03 17:05:30,452 - src.collect_pipeline - INFO - API response: 2 results
2025-09-03 17:05:30,453 - src.collect_pipeline - INFO - Making API request: /fixtures/statistics?fixture=1210157
2025-09-03 17:05:30,611 - src.collect_pipeline - INFO - API response: 2 results
2025-09-03 17:05:30,612 - src.collect_pipeline - INFO - Making API request: /fixtures/statistics?fixture=1210160
2025-09-03 17:05:30,744 - src.collect_pipeline - INFO - API response: 2 results
2025-09-03 17:05:30,745 - src.collect_pipeline - INFO - Making API request: /fixtures/statistics?fixture=1210159
2025-09-03 17:05:30,885 - src.collect_pipeline - INFO - API response: 2 results
2025-09-03 17:05:30,885 - src.collect_pipeline - INFO - Making API request: /fixtures/statistics?fixture=1210161
2025-09-03 17:05:31,032 - src.collect_pipeline - INFO - API response: 2 results
2025-09-03 17:05:31,033 - src.collect_pipeline - INFO - Making API request: /fixtures/statistics?fixture=1210163
2025-09-03 17:05:31,188 - src.collect_pipeline - INFO - API response: 2 results
2025-09-03 17:05:31,189 - src.collect_pipeline - INFO - Making API request: /fixtures/statistics?fixture=1210156
2025-09-03 17:05:31,328 - src.collect_pipeline - INFO - API response: 2 results
2025-09-03 17:05:31,329 - src.collect_pipeline - INFO - Making API request: /fixtures/statistics?fixture=1210164
2025-09-03 17:05:31,488 - src.collect_pipeline - INFO - API response: 2 results
2025-09-03 17:05:31,489 - src.collect_pipeline - INFO - Making API request: /fixtures/statistics?fixture=1210094
2025-09-03 17:05:31,643 - src.collect_pipeline - INFO - API response: 2 results
2025-09-03 17:05:31,643 - src.collect_pipeline - INFO - Making API request: /fixtures/statistics?fixture=1210165
2025-09-03 17:05:31,789 - src.collect_pipeline - INFO - API response: 2 results
2025-09-03 17:05:31,789 - src.collect_pipeline - INFO - Making API request: /fixtures/statistics?fixture=1210166
2025-09-03 17:05:31,932 - src.collect_pipeline - INFO - API response: 2 results
2025-09-03 17:05:31,933 - src.collect_pipeline - INFO - Making API request: /fixtures/statistics?fixture=1210168
2025-09-03 17:05:32,072 - src.collect_pipeline - INFO - API response: 2 results
2025-09-03 17:05:32,073 - src.collect_pipeline - INFO - Making API request: /fixtures/statistics?fixture=1210167
2025-09-03 17:05:32,205 - src.collect_pipeline - INFO - API response: 2 results
2025-09-03 17:05:32,205 - src.collect_pipeline - INFO - Making API request: /fixtures/statistics?fixture=1210170
2025-09-03 17:05:32,356 - src.collect_pipeline - INFO - API response: 2 results
2025-09-03 17:05:32,357 - src.collect_pipeline - INFO - Making API request: /fixtures/statistics?fixture=1210171
2025-09-03 17:05:32,535 - src.collect_pipeline - INFO - API response: 2 results
2025-09-03 17:05:32,536 - src.collect_pipeline - INFO - Making API request: /fixtures/statistics?fixture=1210169
2025-09-03 17:05:32,677 - src.collect_pipeline - INFO - API response: 2 results
2025-09-03 17:05:32,678 - src.collect_pipeline - INFO - Making API request: /fixtures/statistics?fixture=1210172
2025-09-03 17:05:32,826 - src.collect_pipeline - INFO - API response: 2 results
2025-09-03 17:05:32,827 - src.collect_pipeline - INFO - Making API request: /fixtures/statistics?fixture=1210175
2025-09-03 17:05:32,956 - src.collect_pipeline - INFO - API response: 2 results
2025-09-03 17:05:32,956 - src.collect_pipeline - INFO - Making API request: /fixtures/statistics?fixture=1210174
2025-09-03 17:05:33,082 - src.collect_pipeline - INFO - API response: 2 results
2025-09-03 17:05:33,084 - src.collect_pipeline - INFO - Making API request: /fixtures/statistics?fixture=1210173
2025-09-03 17:05:33,220 - src.collect_pipeline - INFO - API response: 2 results
2025-09-03 17:05:33,221 - src.collect_pipeline - INFO - Making API request: /fixtures/statistics?fixture=1210178
2025-09-03 17:05:33,342 - src.collect_pipeline - INFO - API response: 2 results
2025-09-03 17:05:33,342 - src.collect_pipeline - INFO - Making API request: /fixtures/statistics?fixture=1210180
2025-09-03 17:05:33,465 - src.collect_pipeline - INFO - API response: 2 results
2025-09-03 17:05:33,466 - src.collect_pipeline - INFO - Making API request: /fixtures/statistics?fixture=1210176
2025-09-03 17:05:33,603 - src.collect_pipeline - INFO - API response: 2 results
2025-09-03 17:05:33,604 - src.collect_pipeline - INFO - Making API request: /fixtures/statistics?fixture=1210177
2025-09-03 17:05:33,738 - src.collect_pipeline - INFO - API response: 2 results
2025-09-03 17:05:33,739 - src.collect_pipeline - INFO - Making API request: /fixtures/statistics?fixture=1210179
2025-09-03 17:05:33,880 - src.collect_pipeline - INFO - API response: 2 results
2025-09-03 17:05:33,880 - src.collect_pipeline - INFO - Making API request: /fixtures/statistics?fixture=1210181
2025-09-03 17:05:34,037 - src.collect_pipeline - INFO - API response: 2 results
2025-09-03 17:05:34,038 - src.collect_pipeline - INFO - Making API request: /fixtures/statistics?fixture=1210182
2025-09-03 17:05:34,168 - src.collect_pipeline - INFO - API response: 2 results
2025-09-03 17:05:34,169 - src.collect_pipeline - INFO - Making API request: /fixtures/statistics?fixture=1210183
2025-09-03 17:05:34,300 - src.collect_pipeline - INFO - API response: 2 results
2025-09-03 17:05:34,302 - src.collect_pipeline - INFO - Making API request: /fixtures/statistics?fixture=1210184
2025-09-03 17:05:34,457 - src.collect_pipeline - INFO - API response: 2 results
2025-09-03 17:05:34,458 - src.collect_pipeline - INFO - Making API request: /fixtures/statistics?fixture=1210185
2025-09-03 17:05:34,594 - src.collect_pipeline - INFO - API response: 2 results
2025-09-03 17:05:34,599 - src.collect_pipeline - INFO - Progress saved to data/raw\data_collection_progress.json
2025-09-03 17:05:34,599 - src.collect_pipeline - INFO - Processing batch 8
2025-09-03 17:05:34,599 - src.collect_pipeline - INFO - Making API request: /fixtures/statistics?fixture=1210187
2025-09-03 17:05:34,753 - src.collect_pipeline - INFO - API response: 2 results
2025-09-03 17:05:34,754 - src.collect_pipeline - INFO - Making API request: /fixtures/statistics?fixture=1210186
2025-09-03 17:05:34,914 - src.collect_pipeline - INFO - API response: 2 results
2025-09-03 17:05:34,915 - src.collect_pipeline - INFO - Making API request: /fixtures/statistics?fixture=1210188
2025-09-03 17:05:35,064 - src.collect_pipeline - INFO - API response: 2 results
2025-09-03 17:05:35,065 - src.collect_pipeline - INFO - Making API request: /fixtures/statistics?fixture=1210189
2025-09-03 17:05:35,220 - src.collect_pipeline - INFO - API response: 2 results
2025-09-03 17:05:35,221 - src.collect_pipeline - INFO - Making API request: /fixtures/statistics?fixture=1210191
2025-09-03 17:05:35,358 - src.collect_pipeline - INFO - API response: 2 results
2025-09-03 17:05:35,359 - src.collect_pipeline - INFO - Making API request: /fixtures/statistics?fixture=1210190
2025-09-03 17:05:35,500 - src.collect_pipeline - INFO - API response: 2 results
2025-09-03 17:05:35,502 - src.collect_pipeline - INFO - Making API request: /fixtures/statistics?fixture=1210195
2025-09-03 17:05:35,658 - src.collect_pipeline - INFO - API response: 2 results
2025-09-03 17:05:35,660 - src.collect_pipeline - INFO - Making API request: /fixtures/statistics?fixture=1210193
2025-09-03 17:05:35,835 - src.collect_pipeline - INFO - API response: 2 results
2025-09-03 17:05:35,838 - src.collect_pipeline - INFO - Making API request: /fixtures/statistics?fixture=1210192
2025-09-03 17:05:35,994 - src.collect_pipeline - INFO - API response: 2 results
2025-09-03 17:05:35,995 - src.collect_pipeline - INFO - Making API request: /fixtures/statistics?fixture=1210194
2025-09-03 17:05:36,136 - src.collect_pipeline - INFO - API response: 2 results
2025-09-03 17:05:36,137 - src.collect_pipeline - INFO - Making API request: /fixtures/statistics?fixture=1210198
2025-09-03 17:05:36,278 - src.collect_pipeline - INFO - API response: 2 results
2025-09-03 17:05:36,279 - src.collect_pipeline - INFO - Making API request: /fixtures/statistics?fixture=1210196
2025-09-03 17:05:36,438 - src.collect_pipeline - INFO - API response: 2 results
2025-09-03 17:05:36,438 - src.collect_pipeline - INFO - Making API request: /fixtures/statistics?fixture=1210197
2025-09-03 17:05:36,585 - src.collect_pipeline - INFO - API response: 2 results
2025-09-03 17:05:36,586 - src.collect_pipeline - INFO - Making API request: /fixtures/statistics?fixture=1210201
2025-09-03 17:05:36,736 - src.collect_pipeline - INFO - API response: 2 results
2025-09-03 17:05:36,737 - src.collect_pipeline - INFO - Making API request: /fixtures/statistics?fixture=1210204
2025-09-03 17:05:36,887 - src.collect_pipeline - INFO - API response: 2 results
2025-09-03 17:05:36,888 - src.collect_pipeline - INFO - Making API request: /fixtures/statistics?fixture=1210202
2025-09-03 17:05:37,056 - src.collect_pipeline - INFO - API response: 2 results
2025-09-03 17:05:37,057 - src.collect_pipeline - INFO - Making API request: /fixtures/statistics?fixture=1210199
2025-09-03 17:05:37,254 - src.collect_pipeline - INFO - API response: 2 results
2025-09-03 17:05:37,255 - src.collect_pipeline - INFO - Making API request: /fixtures/statistics?fixture=1210200
2025-09-03 17:05:37,431 - src.collect_pipeline - INFO - API response: 2 results
2025-09-03 17:05:37,432 - src.collect_pipeline - INFO - Making API request: /fixtures/statistics?fixture=1210205
2025-09-03 17:05:37,580 - src.collect_pipeline - INFO - API response: 2 results
2025-09-03 17:05:37,581 - src.collect_pipeline - INFO - Making API request: /fixtures/statistics?fixture=1210203
2025-09-03 17:05:37,735 - src.collect_pipeline - INFO - API response: 2 results
2025-09-03 17:05:37,736 - src.collect_pipeline - INFO - Making API request: /fixtures/statistics?fixture=1210214
2025-09-03 17:05:37,930 - src.collect_pipeline - INFO - API response: 2 results
2025-09-03 17:05:37,931 - src.collect_pipeline - INFO - Making API request: /fixtures/statistics?fixture=1210215
2025-09-03 17:05:38,100 - src.collect_pipeline - INFO - API response: 2 results
2025-09-03 17:05:38,101 - src.collect_pipeline - INFO - Making API request: /fixtures/statistics?fixture=1210206
2025-09-03 17:05:38,260 - src.collect_pipeline - INFO - API response: 2 results
2025-09-03 17:05:38,260 - src.collect_pipeline - INFO - Making API request: /fixtures/statistics?fixture=1210210
2025-09-03 17:05:38,402 - src.collect_pipeline - INFO - API response: 2 results
2025-09-03 17:05:38,403 - src.collect_pipeline - INFO - Making API request: /fixtures/statistics?fixture=1210211
2025-09-03 17:05:38,571 - src.collect_pipeline - INFO - API response: 2 results
2025-09-03 17:05:38,573 - src.collect_pipeline - INFO - Making API request: /fixtures/statistics?fixture=1210209
2025-09-03 17:05:38,754 - src.collect_pipeline - INFO - API response: 2 results
2025-09-03 17:05:38,755 - src.collect_pipeline - INFO - Making API request: /fixtures/statistics?fixture=1210212
2025-09-03 17:05:38,935 - src.collect_pipeline - INFO - API response: 2 results
2025-09-03 17:05:38,936 - src.collect_pipeline - INFO - Making API request: /fixtures/statistics?fixture=1210207
2025-09-03 17:05:39,108 - src.collect_pipeline - INFO - API response: 2 results
2025-09-03 17:05:39,109 - src.collect_pipeline - INFO - Making API request: /fixtures/statistics?fixture=1210208
2025-09-03 17:05:39,312 - src.collect_pipeline - INFO - API response: 2 results
2025-09-03 17:05:39,313 - src.collect_pipeline - INFO - Making API request: /fixtures/statistics?fixture=1210213
2025-09-03 17:05:39,465 - src.collect_pipeline - INFO - API response: 2 results
2025-09-03 17:05:39,474 - src.collect_pipeline - INFO - Progress saved to data/raw\data_collection_progress.json
2025-09-03 17:05:39,475 - src.collect_pipeline - INFO - No existing team_statistics file found
2025-09-03 17:05:39,723 - src.collect_pipeline - INFO - team_statistics: 380 new, 0 duplicates skipped
2025-09-03 17:05:39,723 - src.collect_pipeline - INFO - Total team_statistics records: 380
2025-09-03 17:05:39,723 - src.collect_pipeline - INFO - Saved to data/raw\Netherlands\Eerste Divisie\2024\team_statistics.json
