2025-09-02 21:40:30,438 - src.collect_pipeline - INFO - Logging initialized. Log file: logs/collection\collection_20250902_214030.log
2025-09-02 21:40:30,441 - src.collect_pipeline - INFO - Logging initialized. Log file: logs/collection\collection_20250902_214030.log
2025-09-02 21:40:30,442 - src.collect_pipeline - INFO - Filtering leagues with: league_id=None, filter_ids=['141', '140', '143'], filter_tiers=None, filter_cups=None, filter_categories=None
2025-09-02 21:40:30,442 - src.collect_pipeline - INFO - Only filter_ids provided: ['141', '140', '143']
2025-09-02 21:40:30,442 - src.collect_pipeline - INFO - Processing Segunda Division (Spain) - ID: 141
2025-09-02 21:40:30,442 - src.collect_pipeline - INFO - Getting dates for Segunda Division (Spain) - Season 2018
2025-09-02 21:40:30,443 - src.collect_pipeline - INFO - Using default dates for Segunda Division: 2018-08-01 to 2019-05-31
2025-09-02 21:40:30,443 - src.collect_pipeline - INFO - Using automatic dates for Segunda Division: 2018-08-01 to 2019-05-31
2025-09-02 21:40:30,443 - src.collect_pipeline - INFO - Phase 1: Collecting 2018 season 2018-08-01 to 2019-05-31
2025-09-02 21:40:30,443 - src.collect_pipeline - INFO - Phase 1: Collecting entire season 2018-08-01 to 2019-05-31
2025-09-02 21:40:30,444 - src.collect_pipeline - INFO - Progress saved to data/raw\data_collection_progress.json
2025-09-02 21:40:30,444 - src.collect_pipeline - INFO - Fetching fixtures for Segunda Division 2018...
2025-09-02 21:40:30,444 - src.collect_pipeline - INFO - Date range: 2018-08-01 to 2019-05-31
2025-09-02 21:40:30,445 - src.collect_pipeline - INFO - Making API request: /fixtures?league=141&season=2018&from=2018-08-01&to=2019-05-31
2025-09-02 21:40:30,799 - src.collect_pipeline - INFO - API response: 441 results
2025-09-02 21:40:30,822 - src.collect_pipeline - INFO - Found 466 existing fixtures in file
2025-09-02 21:40:30,822 - src.collect_pipeline - INFO - All fixtures in the date range are already collected
2025-09-02 21:40:30,824 - src.collect_pipeline - INFO - Processing La Liga (Spain) - ID: 140
2025-09-02 21:40:30,824 - src.collect_pipeline - INFO - Getting dates for La Liga (Spain) - Season 2018
2025-09-02 21:40:30,824 - src.collect_pipeline - INFO - Using top tier league dates for La Liga: 2018-08-01 to 2019-05-31
2025-09-02 21:40:30,824 - src.collect_pipeline - INFO - Using automatic dates for La Liga: 2018-08-01 to 2019-05-31
2025-09-02 21:40:30,824 - src.collect_pipeline - INFO - Phase 1: Collecting 2018 season 2018-08-01 to 2019-05-31
2025-09-02 21:40:30,824 - src.collect_pipeline - INFO - Phase 1: Collecting entire season 2018-08-01 to 2019-05-31
2025-09-02 21:40:30,825 - src.collect_pipeline - INFO - Progress saved to data/raw\data_collection_progress.json
2025-09-02 21:40:30,826 - src.collect_pipeline - INFO - Fetching fixtures for La Liga 2018...
2025-09-02 21:40:30,826 - src.collect_pipeline - INFO - Date range: 2018-08-01 to 2019-05-31
2025-09-02 21:40:30,826 - src.collect_pipeline - INFO - Making API request: /fixtures?league=140&season=2018&from=2018-08-01&to=2019-05-31
2025-09-02 21:40:31,087 - src.collect_pipeline - INFO - API response: 380 results
2025-09-02 21:40:31,119 - src.collect_pipeline - INFO - Found 380 existing fixtures in file
2025-09-02 21:40:31,119 - src.collect_pipeline - INFO - All fixtures in the date range are already collected
2025-09-02 21:40:31,121 - src.collect_pipeline - INFO - Processing Copa del Rey (Spain) - ID: 143
2025-09-02 21:40:31,121 - src.collect_pipeline - INFO - Getting dates for Copa del Rey (Spain) - Season 2018
2025-09-02 21:40:31,121 - src.collect_pipeline - INFO - Using automatic dates for Copa del Rey: 2018-10-01 to 2019-04-30
2025-09-02 21:40:31,121 - src.collect_pipeline - INFO - Using automatic dates for Copa del Rey: 2018-10-01 to 2019-04-30
2025-09-02 21:40:31,121 - src.collect_pipeline - INFO - Phase 1: Collecting 2018 season 2018-10-01 to 2019-04-30
2025-09-02 21:40:31,121 - src.collect_pipeline - INFO - Phase 1: Collecting entire season 2018-10-01 to 2019-04-30
2025-09-02 21:40:31,123 - src.collect_pipeline - INFO - Progress saved to data/raw\data_collection_progress.json
2025-09-02 21:40:31,123 - src.collect_pipeline - INFO - Fetching fixtures for Copa del Rey 2018...
2025-09-02 21:40:31,123 - src.collect_pipeline - INFO - Date range: 2018-10-01 to 2019-04-30
2025-09-02 21:40:31,123 - src.collect_pipeline - INFO - Making API request: /fixtures?league=143&season=2018&from=2018-10-01&to=2019-04-30
2025-09-02 21:40:31,280 - src.collect_pipeline - INFO - API response: 71 results
2025-09-02 21:40:31,295 - src.collect_pipeline - INFO - Found 71 existing fixtures in file
2025-09-02 21:40:31,295 - src.collect_pipeline - INFO - All fixtures in the date range are already collected
