2025-09-03 17:18:00,980 - src.collect_pipeline - INFO - Logging initialized. Log file: logs/collection\collection_20250903_171800.log
2025-09-03 17:18:00,983 - src.collect_pipeline - INFO - Logging initialized. Log file: logs/collection\collection_20250903_171800.log
2025-09-03 17:18:00,983 - src.collect_pipeline - INFO - Filtering leagues with: league_id=None, filter_ids=[89], filter_tiers=None, filter_cups=None, filter_categories=None
2025-09-03 17:18:00,983 - src.collect_pipeline - INFO - Only filter_ids provided: [89]
2025-09-03 17:18:00,984 - src.collect_pipeline - INFO - Processing Eerste Divisie (Netherlands) - ID: 89
2025-09-03 17:18:00,984 - src.collect_pipeline - INFO - Getting dates for Eerste Divisie (Netherlands) - Season 2023
2025-09-03 17:18:00,984 - src.collect_pipeline - INFO - Using default dates for Eerste Divisie: 2023-08-01 to 2024-05-31
2025-09-03 17:18:00,984 - src.collect_pipeline - INFO - Using automatic dates for Eerste Divisie: 2023-08-01 to 2024-05-31
2025-09-03 17:18:00,984 - src.collect_pipeline - INFO - Phase 1: Collecting 2023 season 2023-08-01 to 2024-05-31
2025-09-03 17:18:00,984 - src.collect_pipeline - INFO - Phase 1: Collecting entire season 2023-08-01 to 2024-05-31
2025-09-03 17:18:00,987 - src.collect_pipeline - INFO - Progress saved to data/raw\data_collection_progress.json
2025-09-03 17:18:00,987 - src.collect_pipeline - INFO - Fetching fixtures for Eerste Divisie 2023...
2025-09-03 17:18:00,988 - src.collect_pipeline - INFO - Date range: 2023-08-01 to 2024-05-31
2025-09-03 17:18:00,988 - src.collect_pipeline - INFO - Making API request: /fixtures?league=89&season=2023&from=2023-08-01&to=2024-05-31
2025-09-03 17:18:01,328 - src.collect_pipeline - INFO - API response: 380 results
2025-09-03 17:18:01,330 - src.collect_pipeline - INFO - Found 380 new fixtures to collect (excluding 0 already collected)
2025-09-03 17:18:01,446 - src.collect_pipeline - INFO - Saved 380 new fixtures to data/raw\Netherlands\Eerste Divisie\2023\fixture_events.json (total fixtures: 380)
2025-09-03 17:18:01,449 - src.collect_pipeline - INFO - Progress saved to data/raw\data_collection_progress.json
2025-09-03 17:18:01,450 - src.collect_pipeline - INFO - Found 380 fixtures to process for team_statistics
2025-09-03 17:18:01,450 - src.collect_pipeline - INFO - Processing 380 fixtures for team_statistics
2025-09-03 17:18:01,450 - src.collect_pipeline - INFO - Processing batch 1
2025-09-03 17:18:01,450 - src.collect_pipeline - INFO - Making API request: /fixtures/statistics?fixture=1044504
2025-09-03 17:18:01,716 - src.collect_pipeline - INFO - API response: 2 results
2025-09-03 17:18:01,717 - src.collect_pipeline - INFO - Making API request: /fixtures/statistics?fixture=1044506
2025-09-03 17:18:01,899 - src.collect_pipeline - INFO - API response: 2 results
2025-09-03 17:18:01,900 - src.collect_pipeline - INFO - Making API request: /fixtures/statistics?fixture=1044502
2025-09-03 17:18:02,048 - src.collect_pipeline - INFO - API response: 2 results
2025-09-03 17:18:02,049 - src.collect_pipeline - INFO - Making API request: /fixtures/statistics?fixture=1044505
2025-09-03 17:18:02,191 - src.collect_pipeline - INFO - API response: 2 results
2025-09-03 17:18:02,192 - src.collect_pipeline - INFO - Making API request: /fixtures/statistics?fixture=1044503
2025-09-03 17:18:02,341 - src.collect_pipeline - INFO - API response: 2 results
2025-09-03 17:18:02,342 - src.collect_pipeline - INFO - Making API request: /fixtures/statistics?fixture=1044501
2025-09-03 17:18:02,485 - src.collect_pipeline - INFO - API response: 2 results
2025-09-03 17:18:02,485 - src.collect_pipeline - INFO - Making API request: /fixtures/statistics?fixture=1044507
2025-09-03 17:18:02,628 - src.collect_pipeline - INFO - API response: 2 results
2025-09-03 17:18:02,629 - src.collect_pipeline - INFO - Making API request: /fixtures/statistics?fixture=1044508
2025-09-03 17:18:02,774 - src.collect_pipeline - INFO - API response: 2 results
2025-09-03 17:18:02,776 - src.collect_pipeline - INFO - Making API request: /fixtures/statistics?fixture=1044510
2025-09-03 17:18:02,946 - src.collect_pipeline - INFO - API response: 2 results
2025-09-03 17:18:02,947 - src.collect_pipeline - INFO - Making API request: /fixtures/statistics?fixture=1044509
2025-09-03 17:18:03,087 - src.collect_pipeline - INFO - API response: 2 results
2025-09-03 17:18:03,088 - src.collect_pipeline - INFO - Making API request: /fixtures/statistics?fixture=1044515
2025-09-03 17:18:03,252 - src.collect_pipeline - INFO - API response: 2 results
2025-09-03 17:18:03,253 - src.collect_pipeline - INFO - Making API request: /fixtures/statistics?fixture=1044511
2025-09-03 17:18:03,396 - src.collect_pipeline - INFO - API response: 2 results
2025-09-03 17:18:03,397 - src.collect_pipeline - INFO - Making API request: /fixtures/statistics?fixture=1044517
2025-09-03 17:18:03,551 - src.collect_pipeline - INFO - API response: 2 results
2025-09-03 17:18:03,552 - src.collect_pipeline - INFO - Making API request: /fixtures/statistics?fixture=1044512
2025-09-03 17:18:03,682 - src.collect_pipeline - INFO - API response: 2 results
2025-09-03 17:18:03,683 - src.collect_pipeline - INFO - Making API request: /fixtures/statistics?fixture=1044513
2025-09-03 17:18:03,819 - src.collect_pipeline - INFO - API response: 2 results
2025-09-03 17:18:03,821 - src.collect_pipeline - INFO - Making API request: /fixtures/statistics?fixture=1044514
2025-09-03 17:18:03,953 - src.collect_pipeline - INFO - API response: 2 results
2025-09-03 17:18:03,954 - src.collect_pipeline - INFO - Making API request: /fixtures/statistics?fixture=1044518
2025-09-03 17:18:04,101 - src.collect_pipeline - INFO - API response: 2 results
2025-09-03 17:18:04,102 - src.collect_pipeline - INFO - Making API request: /fixtures/statistics?fixture=1044519
2025-09-03 17:18:04,243 - src.collect_pipeline - INFO - API response: 2 results
2025-09-03 17:18:04,243 - src.collect_pipeline - INFO - Making API request: /fixtures/statistics?fixture=1044520
2025-09-03 17:18:04,399 - src.collect_pipeline - INFO - API response: 2 results
2025-09-03 17:18:04,400 - src.collect_pipeline - INFO - Making API request: /fixtures/statistics?fixture=1044524
2025-09-03 17:18:04,538 - src.collect_pipeline - INFO - API response: 2 results
2025-09-03 17:18:04,539 - src.collect_pipeline - INFO - Making API request: /fixtures/statistics?fixture=1044526
2025-09-03 17:18:04,694 - src.collect_pipeline - INFO - API response: 2 results
2025-09-03 17:18:04,695 - src.collect_pipeline - INFO - Making API request: /fixtures/statistics?fixture=1044521
2025-09-03 17:18:04,852 - src.collect_pipeline - INFO - API response: 2 results
2025-09-03 17:18:04,852 - src.collect_pipeline - INFO - Making API request: /fixtures/statistics?fixture=1044527
2025-09-03 17:18:05,004 - src.collect_pipeline - INFO - API response: 2 results
2025-09-03 17:18:05,005 - src.collect_pipeline - INFO - Making API request: /fixtures/statistics?fixture=1044525
2025-09-03 17:18:05,157 - src.collect_pipeline - INFO - API response: 2 results
2025-09-03 17:18:05,158 - src.collect_pipeline - INFO - Making API request: /fixtures/statistics?fixture=1044523
2025-09-03 17:18:05,330 - src.collect_pipeline - INFO - API response: 2 results
2025-09-03 17:18:05,331 - src.collect_pipeline - INFO - Making API request: /fixtures/statistics?fixture=1044522
2025-09-03 17:18:05,530 - src.collect_pipeline - INFO - API response: 2 results
2025-09-03 17:18:05,531 - src.collect_pipeline - INFO - Making API request: /fixtures/statistics?fixture=1044528
2025-09-03 17:18:05,682 - src.collect_pipeline - INFO - API response: 2 results
2025-09-03 17:18:05,683 - src.collect_pipeline - INFO - Making API request: /fixtures/statistics?fixture=1044530
2025-09-03 17:18:05,819 - src.collect_pipeline - INFO - API response: 2 results
2025-09-03 17:18:05,820 - src.collect_pipeline - INFO - Making API request: /fixtures/statistics?fixture=1044529
2025-09-03 17:18:05,949 - src.collect_pipeline - INFO - API response: 2 results
2025-09-03 17:18:05,950 - src.collect_pipeline - INFO - Making API request: /fixtures/statistics?fixture=1044538
2025-09-03 17:18:06,090 - src.collect_pipeline - INFO - API response: 2 results
2025-09-03 17:18:06,091 - src.collect_pipeline - INFO - Making API request: /fixtures/statistics?fixture=1044532
2025-09-03 17:18:06,318 - src.collect_pipeline - INFO - API response: 2 results
2025-09-03 17:18:06,319 - src.collect_pipeline - INFO - Making API request: /fixtures/statistics?fixture=1044535
2025-09-03 17:18:06,466 - src.collect_pipeline - INFO - API response: 2 results
2025-09-03 17:18:06,466 - src.collect_pipeline - INFO - Making API request: /fixtures/statistics?fixture=1044531
2025-09-03 17:18:06,601 - src.collect_pipeline - INFO - API response: 2 results
2025-09-03 17:18:06,603 - src.collect_pipeline - INFO - Making API request: /fixtures/statistics?fixture=1044534
2025-09-03 17:18:06,755 - src.collect_pipeline - INFO - API response: 2 results
2025-09-03 17:18:06,756 - src.collect_pipeline - INFO - Making API request: /fixtures/statistics?fixture=1044537
2025-09-03 17:18:06,899 - src.collect_pipeline - INFO - API response: 2 results
2025-09-03 17:18:06,900 - src.collect_pipeline - INFO - Making API request: /fixtures/statistics?fixture=1044533
2025-09-03 17:18:07,046 - src.collect_pipeline - INFO - API response: 2 results
2025-09-03 17:18:07,047 - src.collect_pipeline - INFO - Making API request: /fixtures/statistics?fixture=1044536
2025-09-03 17:18:07,215 - src.collect_pipeline - INFO - API response: 2 results
2025-09-03 17:18:07,215 - src.collect_pipeline - INFO - Making API request: /fixtures/statistics?fixture=1044540
2025-09-03 17:18:07,455 - src.collect_pipeline - INFO - API response: 2 results
2025-09-03 17:18:07,456 - src.collect_pipeline - INFO - Making API request: /fixtures/statistics?fixture=1044539
2025-09-03 17:18:07,599 - src.collect_pipeline - INFO - API response: 2 results
2025-09-03 17:18:07,600 - src.collect_pipeline - INFO - Making API request: /fixtures/statistics?fixture=1044541
2025-09-03 17:18:07,754 - src.collect_pipeline - INFO - API response: 2 results
2025-09-03 17:18:07,755 - src.collect_pipeline - INFO - Making API request: /fixtures/statistics?fixture=1044542
2025-09-03 17:18:07,928 - src.collect_pipeline - INFO - API response: 2 results
2025-09-03 17:18:07,929 - src.collect_pipeline - INFO - Making API request: /fixtures/statistics?fixture=1044543
2025-09-03 17:18:08,064 - src.collect_pipeline - INFO - API response: 2 results
2025-09-03 17:18:08,065 - src.collect_pipeline - INFO - Making API request: /fixtures/statistics?fixture=1044544
2025-09-03 17:18:08,204 - src.collect_pipeline - INFO - API response: 2 results
2025-09-03 17:18:08,206 - src.collect_pipeline - INFO - Making API request: /fixtures/statistics?fixture=1044555
2025-09-03 17:18:08,349 - src.collect_pipeline - INFO - API response: 2 results
2025-09-03 17:18:08,349 - src.collect_pipeline - INFO - Making API request: /fixtures/statistics?fixture=1044559
2025-09-03 17:18:08,486 - src.collect_pipeline - INFO - API response: 2 results
2025-09-03 17:18:08,487 - src.collect_pipeline - INFO - Making API request: /fixtures/statistics?fixture=1044551
2025-09-03 17:18:08,636 - src.collect_pipeline - INFO - API response: 2 results
2025-09-03 17:18:08,637 - src.collect_pipeline - INFO - Making API request: /fixtures/statistics?fixture=1044556
2025-09-03 17:18:08,790 - src.collect_pipeline - INFO - API response: 2 results
2025-09-03 17:18:08,791 - src.collect_pipeline - INFO - Making API request: /fixtures/statistics?fixture=1044558
2025-09-03 17:18:08,961 - src.collect_pipeline - INFO - API response: 2 results
2025-09-03 17:18:08,961 - src.collect_pipeline - INFO - Making API request: /fixtures/statistics?fixture=1044554
2025-09-03 17:18:09,113 - src.collect_pipeline - INFO - API response: 2 results
2025-09-03 17:18:09,114 - src.collect_pipeline - INFO - Making API request: /fixtures/statistics?fixture=1044557
2025-09-03 17:18:09,268 - src.collect_pipeline - INFO - API response: 2 results
2025-09-03 17:18:09,272 - src.collect_pipeline - INFO - Progress saved to data/raw\data_collection_progress.json
2025-09-03 17:18:09,273 - src.collect_pipeline - INFO - Processing batch 2
2025-09-03 17:18:09,273 - src.collect_pipeline - INFO - Making API request: /fixtures/statistics?fixture=1044552
2025-09-03 17:18:09,417 - src.collect_pipeline - INFO - API response: 2 results
2025-09-03 17:18:09,418 - src.collect_pipeline - INFO - Making API request: /fixtures/statistics?fixture=1044553
2025-09-03 17:18:09,564 - src.collect_pipeline - INFO - API response: 2 results
2025-09-03 17:18:09,565 - src.collect_pipeline - INFO - Making API request: /fixtures/statistics?fixture=1044560
2025-09-03 17:18:09,727 - src.collect_pipeline - INFO - API response: 2 results
2025-09-03 17:18:09,728 - src.collect_pipeline - INFO - Making API request: /fixtures/statistics?fixture=1044545
2025-09-03 17:18:09,872 - src.collect_pipeline - INFO - API response: 2 results
2025-09-03 17:18:09,873 - src.collect_pipeline - INFO - Making API request: /fixtures/statistics?fixture=1044547
2025-09-03 17:18:10,060 - src.collect_pipeline - INFO - API response: 2 results
2025-09-03 17:18:10,061 - src.collect_pipeline - INFO - Making API request: /fixtures/statistics?fixture=1044546
2025-09-03 17:18:10,210 - src.collect_pipeline - INFO - API response: 2 results
2025-09-03 17:18:10,210 - src.collect_pipeline - INFO - Making API request: /fixtures/statistics?fixture=1044550
2025-09-03 17:18:10,365 - src.collect_pipeline - INFO - API response: 2 results
2025-09-03 17:18:10,366 - src.collect_pipeline - INFO - Making API request: /fixtures/statistics?fixture=1044548
2025-09-03 17:18:10,513 - src.collect_pipeline - INFO - API response: 2 results
2025-09-03 17:18:10,513 - src.collect_pipeline - INFO - Making API request: /fixtures/statistics?fixture=1044549
2025-09-03 17:18:10,664 - src.collect_pipeline - INFO - API response: 2 results
2025-09-03 17:18:10,665 - src.collect_pipeline - INFO - Making API request: /fixtures/statistics?fixture=1044561
2025-09-03 17:18:10,824 - src.collect_pipeline - INFO - API response: 2 results
2025-09-03 17:18:10,825 - src.collect_pipeline - INFO - Making API request: /fixtures/statistics?fixture=1044564
2025-09-03 17:18:10,979 - src.collect_pipeline - INFO - API response: 2 results
2025-09-03 17:18:10,980 - src.collect_pipeline - INFO - Making API request: /fixtures/statistics?fixture=1044566
2025-09-03 17:18:11,146 - src.collect_pipeline - INFO - API response: 2 results
2025-09-03 17:18:11,147 - src.collect_pipeline - INFO - Making API request: /fixtures/statistics?fixture=1044562
2025-09-03 17:18:11,311 - src.collect_pipeline - INFO - API response: 2 results
2025-09-03 17:18:11,312 - src.collect_pipeline - INFO - Making API request: /fixtures/statistics?fixture=1044563
2025-09-03 17:18:11,477 - src.collect_pipeline - INFO - API response: 2 results
2025-09-03 17:18:11,477 - src.collect_pipeline - INFO - Making API request: /fixtures/statistics?fixture=1044565
2025-09-03 17:18:11,619 - src.collect_pipeline - INFO - API response: 2 results
2025-09-03 17:18:11,620 - src.collect_pipeline - INFO - Making API request: /fixtures/statistics?fixture=1044570
2025-09-03 17:18:11,775 - src.collect_pipeline - INFO - API response: 2 results
2025-09-03 17:18:11,776 - src.collect_pipeline - INFO - Making API request: /fixtures/statistics?fixture=1044568
2025-09-03 17:18:11,936 - src.collect_pipeline - INFO - API response: 2 results
2025-09-03 17:18:11,938 - src.collect_pipeline - INFO - Making API request: /fixtures/statistics?fixture=1044569
2025-09-03 17:18:12,096 - src.collect_pipeline - INFO - API response: 2 results
2025-09-03 17:18:12,097 - src.collect_pipeline - INFO - Making API request: /fixtures/statistics?fixture=1044571
2025-09-03 17:18:12,240 - src.collect_pipeline - INFO - API response: 2 results
2025-09-03 17:18:12,241 - src.collect_pipeline - INFO - Making API request: /fixtures/statistics?fixture=1044574
2025-09-03 17:18:12,398 - src.collect_pipeline - INFO - API response: 2 results
2025-09-03 17:18:12,399 - src.collect_pipeline - INFO - Making API request: /fixtures/statistics?fixture=1044573
2025-09-03 17:18:12,555 - src.collect_pipeline - INFO - API response: 2 results
2025-09-03 17:18:12,556 - src.collect_pipeline - INFO - Making API request: /fixtures/statistics?fixture=1044579
2025-09-03 17:18:12,705 - src.collect_pipeline - INFO - API response: 2 results
2025-09-03 17:18:12,706 - src.collect_pipeline - INFO - Making API request: /fixtures/statistics?fixture=1044572
2025-09-03 17:18:12,841 - src.collect_pipeline - INFO - API response: 2 results
2025-09-03 17:18:12,842 - src.collect_pipeline - INFO - Making API request: /fixtures/statistics?fixture=1044575
2025-09-03 17:18:12,992 - src.collect_pipeline - INFO - API response: 2 results
2025-09-03 17:18:12,993 - src.collect_pipeline - INFO - Making API request: /fixtures/statistics?fixture=1044576
2025-09-03 17:18:13,145 - src.collect_pipeline - INFO - API response: 2 results
2025-09-03 17:18:13,146 - src.collect_pipeline - INFO - Making API request: /fixtures/statistics?fixture=1044577
2025-09-03 17:18:13,307 - src.collect_pipeline - INFO - API response: 2 results
2025-09-03 17:18:13,308 - src.collect_pipeline - INFO - Making API request: /fixtures/statistics?fixture=1044578
2025-09-03 17:18:13,459 - src.collect_pipeline - INFO - API response: 2 results
2025-09-03 17:18:13,460 - src.collect_pipeline - INFO - Making API request: /fixtures/statistics?fixture=1044516
2025-09-03 17:18:13,626 - src.collect_pipeline - INFO - API response: 2 results
2025-09-03 17:18:13,627 - src.collect_pipeline - INFO - Making API request: /fixtures/statistics?fixture=1044580
2025-09-03 17:18:13,779 - src.collect_pipeline - INFO - API response: 2 results
2025-09-03 17:18:13,780 - src.collect_pipeline - INFO - Making API request: /fixtures/statistics?fixture=1044567
2025-09-03 17:18:13,924 - src.collect_pipeline - INFO - API response: 2 results
2025-09-03 17:18:13,925 - src.collect_pipeline - INFO - Making API request: /fixtures/statistics?fixture=1044586
2025-09-03 17:18:14,075 - src.collect_pipeline - INFO - API response: 2 results
2025-09-03 17:18:14,076 - src.collect_pipeline - INFO - Making API request: /fixtures/statistics?fixture=1044581
2025-09-03 17:18:14,222 - src.collect_pipeline - INFO - API response: 2 results
2025-09-03 17:18:14,223 - src.collect_pipeline - INFO - Making API request: /fixtures/statistics?fixture=1044587
2025-09-03 17:18:14,380 - src.collect_pipeline - INFO - API response: 2 results
2025-09-03 17:18:14,381 - src.collect_pipeline - INFO - Making API request: /fixtures/statistics?fixture=1044583
2025-09-03 17:18:14,522 - src.collect_pipeline - INFO - API response: 2 results
2025-09-03 17:18:14,523 - src.collect_pipeline - INFO - Making API request: /fixtures/statistics?fixture=1044590
2025-09-03 17:18:14,693 - src.collect_pipeline - INFO - API response: 2 results
2025-09-03 17:18:14,694 - src.collect_pipeline - INFO - Making API request: /fixtures/statistics?fixture=1044589
2025-09-03 17:18:14,845 - src.collect_pipeline - INFO - API response: 2 results
2025-09-03 17:18:14,845 - src.collect_pipeline - INFO - Making API request: /fixtures/statistics?fixture=1044588
2025-09-03 17:18:15,002 - src.collect_pipeline - INFO - API response: 2 results
2025-09-03 17:18:15,003 - src.collect_pipeline - INFO - Making API request: /fixtures/statistics?fixture=1044582
2025-09-03 17:18:15,151 - src.collect_pipeline - INFO - API response: 2 results
2025-09-03 17:18:15,151 - src.collect_pipeline - INFO - Making API request: /fixtures/statistics?fixture=1044584
2025-09-03 17:18:15,311 - src.collect_pipeline - INFO - API response: 2 results
2025-09-03 17:18:15,312 - src.collect_pipeline - INFO - Making API request: /fixtures/statistics?fixture=1044585
2025-09-03 17:18:15,472 - src.collect_pipeline - INFO - API response: 2 results
2025-09-03 17:18:15,473 - src.collect_pipeline - INFO - Making API request: /fixtures/statistics?fixture=1044591
2025-09-03 17:18:15,633 - src.collect_pipeline - INFO - API response: 2 results
2025-09-03 17:18:15,634 - src.collect_pipeline - INFO - Making API request: /fixtures/statistics?fixture=1044592
2025-09-03 17:18:15,792 - src.collect_pipeline - INFO - API response: 2 results
2025-09-03 17:18:15,793 - src.collect_pipeline - INFO - Making API request: /fixtures/statistics?fixture=1044593
2025-09-03 17:18:15,944 - src.collect_pipeline - INFO - API response: 2 results
2025-09-03 17:18:15,944 - src.collect_pipeline - INFO - Making API request: /fixtures/statistics?fixture=1044594
2025-09-03 17:18:16,089 - src.collect_pipeline - INFO - API response: 2 results
2025-09-03 17:18:16,090 - src.collect_pipeline - INFO - Making API request: /fixtures/statistics?fixture=1044601
2025-09-03 17:18:16,242 - src.collect_pipeline - INFO - API response: 2 results
2025-09-03 17:18:16,243 - src.collect_pipeline - INFO - Making API request: /fixtures/statistics?fixture=1044608
2025-09-03 17:18:16,383 - src.collect_pipeline - INFO - API response: 2 results
2025-09-03 17:18:16,384 - src.collect_pipeline - INFO - Making API request: /fixtures/statistics?fixture=1044604
2025-09-03 17:18:16,554 - src.collect_pipeline - INFO - API response: 2 results
2025-09-03 17:18:16,556 - src.collect_pipeline - INFO - Making API request: /fixtures/statistics?fixture=1044605
2025-09-03 17:18:16,728 - src.collect_pipeline - INFO - API response: 2 results
2025-09-03 17:18:16,728 - src.collect_pipeline - INFO - Making API request: /fixtures/statistics?fixture=1044609
2025-09-03 17:18:16,894 - src.collect_pipeline - INFO - API response: 2 results
2025-09-03 17:18:16,895 - src.collect_pipeline - INFO - Making API request: /fixtures/statistics?fixture=1044603
2025-09-03 17:18:17,049 - src.collect_pipeline - INFO - API response: 2 results
2025-09-03 17:18:17,053 - src.collect_pipeline - INFO - Progress saved to data/raw\data_collection_progress.json
2025-09-03 17:18:17,053 - src.collect_pipeline - INFO - Processing batch 3
2025-09-03 17:18:17,053 - src.collect_pipeline - INFO - Making API request: /fixtures/statistics?fixture=1044607
2025-09-03 17:18:17,189 - src.collect_pipeline - INFO - API response: 2 results
2025-09-03 17:18:17,190 - src.collect_pipeline - INFO - Making API request: /fixtures/statistics?fixture=1044602
2025-09-03 17:18:17,349 - src.collect_pipeline - INFO - API response: 2 results
2025-09-03 17:18:17,350 - src.collect_pipeline - INFO - Making API request: /fixtures/statistics?fixture=1044610
2025-09-03 17:18:17,506 - src.collect_pipeline - INFO - API response: 2 results
2025-09-03 17:18:17,507 - src.collect_pipeline - INFO - Making API request: /fixtures/statistics?fixture=1044600
2025-09-03 17:18:17,650 - src.collect_pipeline - INFO - API response: 2 results
2025-09-03 17:18:17,651 - src.collect_pipeline - INFO - Making API request: /fixtures/statistics?fixture=1044599
2025-09-03 17:18:17,815 - src.collect_pipeline - INFO - API response: 2 results
2025-09-03 17:18:17,816 - src.collect_pipeline - INFO - Making API request: /fixtures/statistics?fixture=1044595
2025-09-03 17:18:17,973 - src.collect_pipeline - INFO - API response: 2 results
2025-09-03 17:18:17,974 - src.collect_pipeline - INFO - Making API request: /fixtures/statistics?fixture=1044596
2025-09-03 17:18:18,112 - src.collect_pipeline - INFO - API response: 2 results
2025-09-03 17:18:18,113 - src.collect_pipeline - INFO - Making API request: /fixtures/statistics?fixture=1044598
2025-09-03 17:18:18,261 - src.collect_pipeline - INFO - API response: 2 results
2025-09-03 17:18:18,262 - src.collect_pipeline - INFO - Making API request: /fixtures/statistics?fixture=1044597
2025-09-03 17:18:18,417 - src.collect_pipeline - INFO - API response: 2 results
2025-09-03 17:18:18,417 - src.collect_pipeline - INFO - Making API request: /fixtures/statistics?fixture=1044617
2025-09-03 17:18:18,565 - src.collect_pipeline - INFO - API response: 2 results
2025-09-03 17:18:18,566 - src.collect_pipeline - INFO - Making API request: /fixtures/statistics?fixture=1044611
2025-09-03 17:18:18,704 - src.collect_pipeline - INFO - API response: 2 results
2025-09-03 17:18:18,705 - src.collect_pipeline - INFO - Making API request: /fixtures/statistics?fixture=1044613
2025-09-03 17:18:18,830 - src.collect_pipeline - INFO - API response: 2 results
2025-09-03 17:18:18,831 - src.collect_pipeline - INFO - Making API request: /fixtures/statistics?fixture=1044614
2025-09-03 17:18:18,963 - src.collect_pipeline - INFO - API response: 2 results
2025-09-03 17:18:18,963 - src.collect_pipeline - INFO - Making API request: /fixtures/statistics?fixture=1044616
2025-09-03 17:18:19,109 - src.collect_pipeline - INFO - API response: 2 results
2025-09-03 17:18:19,111 - src.collect_pipeline - INFO - Making API request: /fixtures/statistics?fixture=1044612
2025-09-03 17:18:19,279 - src.collect_pipeline - INFO - API response: 2 results
2025-09-03 17:18:19,280 - src.collect_pipeline - INFO - Making API request: /fixtures/statistics?fixture=1044615
2025-09-03 17:18:19,448 - src.collect_pipeline - INFO - API response: 2 results
2025-09-03 17:18:19,449 - src.collect_pipeline - INFO - Making API request: /fixtures/statistics?fixture=1044618
2025-09-03 17:18:19,595 - src.collect_pipeline - INFO - API response: 2 results
2025-09-03 17:18:19,596 - src.collect_pipeline - INFO - Making API request: /fixtures/statistics?fixture=1044619
2025-09-03 17:18:19,771 - src.collect_pipeline - INFO - API response: 2 results
2025-09-03 17:18:19,773 - src.collect_pipeline - INFO - Making API request: /fixtures/statistics?fixture=1044620
2025-09-03 17:18:19,932 - src.collect_pipeline - INFO - API response: 2 results
2025-09-03 17:18:19,933 - src.collect_pipeline - INFO - Making API request: /fixtures/statistics?fixture=1044621
2025-09-03 17:18:20,092 - src.collect_pipeline - INFO - API response: 2 results
2025-09-03 17:18:20,093 - src.collect_pipeline - INFO - Making API request: /fixtures/statistics?fixture=1044627
2025-09-03 17:18:20,231 - src.collect_pipeline - INFO - API response: 2 results
2025-09-03 17:18:20,232 - src.collect_pipeline - INFO - Making API request: /fixtures/statistics?fixture=1044624
2025-09-03 17:18:20,388 - src.collect_pipeline - INFO - API response: 2 results
2025-09-03 17:18:20,390 - src.collect_pipeline - INFO - Making API request: /fixtures/statistics?fixture=1044622
2025-09-03 17:18:20,560 - src.collect_pipeline - INFO - API response: 2 results
2025-09-03 17:18:20,561 - src.collect_pipeline - INFO - Making API request: /fixtures/statistics?fixture=1044625
2025-09-03 17:18:20,723 - src.collect_pipeline - INFO - API response: 2 results
2025-09-03 17:18:20,724 - src.collect_pipeline - INFO - Making API request: /fixtures/statistics?fixture=1044630
2025-09-03 17:18:20,894 - src.collect_pipeline - INFO - API response: 2 results
2025-09-03 17:18:20,895 - src.collect_pipeline - INFO - Making API request: /fixtures/statistics?fixture=1044626
2025-09-03 17:18:21,080 - src.collect_pipeline - INFO - API response: 2 results
2025-09-03 17:18:21,081 - src.collect_pipeline - INFO - Making API request: /fixtures/statistics?fixture=1044623
2025-09-03 17:18:21,254 - src.collect_pipeline - INFO - API response: 2 results
2025-09-03 17:18:21,255 - src.collect_pipeline - INFO - Making API request: /fixtures/statistics?fixture=1044628
2025-09-03 17:18:21,376 - src.collect_pipeline - INFO - API response: 2 results
2025-09-03 17:18:21,377 - src.collect_pipeline - INFO - Making API request: /fixtures/statistics?fixture=1044629
2025-09-03 17:18:21,536 - src.collect_pipeline - INFO - API response: 2 results
2025-09-03 17:18:21,538 - src.collect_pipeline - INFO - Making API request: /fixtures/statistics?fixture=1044637
2025-09-03 17:18:21,705 - src.collect_pipeline - INFO - API response: 2 results
2025-09-03 17:18:21,706 - src.collect_pipeline - INFO - Making API request: /fixtures/statistics?fixture=1044636
2025-09-03 17:18:21,840 - src.collect_pipeline - INFO - API response: 2 results
2025-09-03 17:18:21,841 - src.collect_pipeline - INFO - Making API request: /fixtures/statistics?fixture=1044635
2025-09-03 17:18:21,995 - src.collect_pipeline - INFO - API response: 2 results
2025-09-03 17:18:21,996 - src.collect_pipeline - INFO - Making API request: /fixtures/statistics?fixture=1044631
2025-09-03 17:18:22,177 - src.collect_pipeline - INFO - API response: 2 results
2025-09-03 17:18:22,178 - src.collect_pipeline - INFO - Making API request: /fixtures/statistics?fixture=1044633
2025-09-03 17:18:22,320 - src.collect_pipeline - INFO - API response: 2 results
2025-09-03 17:18:22,321 - src.collect_pipeline - INFO - Making API request: /fixtures/statistics?fixture=1044632
2025-09-03 17:18:22,471 - src.collect_pipeline - INFO - API response: 2 results
2025-09-03 17:18:22,472 - src.collect_pipeline - INFO - Making API request: /fixtures/statistics?fixture=1044638
2025-09-03 17:18:22,618 - src.collect_pipeline - INFO - API response: 2 results
2025-09-03 17:18:22,619 - src.collect_pipeline - INFO - Making API request: /fixtures/statistics?fixture=1044634
2025-09-03 17:18:22,755 - src.collect_pipeline - INFO - API response: 2 results
2025-09-03 17:18:22,756 - src.collect_pipeline - INFO - Making API request: /fixtures/statistics?fixture=1044639
2025-09-03 17:18:22,889 - src.collect_pipeline - INFO - API response: 2 results
2025-09-03 17:18:22,890 - src.collect_pipeline - INFO - Making API request: /fixtures/statistics?fixture=1044640
2025-09-03 17:18:23,039 - src.collect_pipeline - INFO - API response: 2 results
2025-09-03 17:18:23,040 - src.collect_pipeline - INFO - Making API request: /fixtures/statistics?fixture=1044641
2025-09-03 17:18:23,163 - src.collect_pipeline - INFO - API response: 2 results
2025-09-03 17:18:23,164 - src.collect_pipeline - INFO - Making API request: /fixtures/statistics?fixture=1044642
2025-09-03 17:18:23,314 - src.collect_pipeline - INFO - API response: 2 results
2025-09-03 17:18:23,314 - src.collect_pipeline - INFO - Making API request: /fixtures/statistics?fixture=1044643
2025-09-03 17:18:23,450 - src.collect_pipeline - INFO - API response: 2 results
2025-09-03 17:18:23,450 - src.collect_pipeline - INFO - Making API request: /fixtures/statistics?fixture=1044644
2025-09-03 17:18:23,577 - src.collect_pipeline - INFO - API response: 2 results
2025-09-03 17:18:23,578 - src.collect_pipeline - INFO - Making API request: /fixtures/statistics?fixture=1044654
2025-09-03 17:18:23,717 - src.collect_pipeline - INFO - API response: 2 results
2025-09-03 17:18:23,718 - src.collect_pipeline - INFO - Making API request: /fixtures/statistics?fixture=1044658
2025-09-03 17:18:23,870 - src.collect_pipeline - INFO - API response: 2 results
2025-09-03 17:18:23,872 - src.collect_pipeline - INFO - Making API request: /fixtures/statistics?fixture=1044659
2025-09-03 17:18:24,027 - src.collect_pipeline - INFO - API response: 2 results
2025-09-03 17:18:24,028 - src.collect_pipeline - INFO - Making API request: /fixtures/statistics?fixture=1044652
2025-09-03 17:18:24,161 - src.collect_pipeline - INFO - API response: 2 results
2025-09-03 17:18:24,162 - src.collect_pipeline - INFO - Making API request: /fixtures/statistics?fixture=1044656
2025-09-03 17:18:24,298 - src.collect_pipeline - INFO - API response: 2 results
2025-09-03 17:18:24,300 - src.collect_pipeline - INFO - Making API request: /fixtures/statistics?fixture=1044655
2025-09-03 17:18:24,424 - src.collect_pipeline - INFO - API response: 2 results
2025-09-03 17:18:24,425 - src.collect_pipeline - INFO - Making API request: /fixtures/statistics?fixture=1044651
2025-09-03 17:18:24,573 - src.collect_pipeline - INFO - API response: 2 results
2025-09-03 17:18:24,580 - src.collect_pipeline - INFO - Progress saved to data/raw\data_collection_progress.json
2025-09-03 17:18:24,580 - src.collect_pipeline - INFO - Processing batch 4
2025-09-03 17:18:24,580 - src.collect_pipeline - INFO - Making API request: /fixtures/statistics?fixture=1044657
2025-09-03 17:18:24,717 - src.collect_pipeline - INFO - API response: 2 results
2025-09-03 17:18:24,718 - src.collect_pipeline - INFO - Making API request: /fixtures/statistics?fixture=1044653
2025-09-03 17:18:24,856 - src.collect_pipeline - INFO - API response: 2 results
2025-09-03 17:18:24,857 - src.collect_pipeline - INFO - Making API request: /fixtures/statistics?fixture=1044660
2025-09-03 17:18:25,000 - src.collect_pipeline - INFO - API response: 2 results
2025-09-03 17:18:25,001 - src.collect_pipeline - INFO - Making API request: /fixtures/statistics?fixture=1044645
2025-09-03 17:18:25,164 - src.collect_pipeline - INFO - API response: 2 results
2025-09-03 17:18:25,165 - src.collect_pipeline - INFO - Making API request: /fixtures/statistics?fixture=1044647
2025-09-03 17:18:25,285 - src.collect_pipeline - INFO - API response: 2 results
2025-09-03 17:18:25,285 - src.collect_pipeline - INFO - Making API request: /fixtures/statistics?fixture=1044649
2025-09-03 17:18:25,424 - src.collect_pipeline - INFO - API response: 2 results
2025-09-03 17:18:25,425 - src.collect_pipeline - INFO - Making API request: /fixtures/statistics?fixture=1044646
2025-09-03 17:18:25,558 - src.collect_pipeline - INFO - API response: 2 results
2025-09-03 17:18:25,559 - src.collect_pipeline - INFO - Making API request: /fixtures/statistics?fixture=1044648
2025-09-03 17:18:25,693 - src.collect_pipeline - INFO - API response: 2 results
2025-09-03 17:18:25,694 - src.collect_pipeline - INFO - Making API request: /fixtures/statistics?fixture=1044666
2025-09-03 17:18:25,826 - src.collect_pipeline - INFO - API response: 2 results
2025-09-03 17:18:25,827 - src.collect_pipeline - INFO - Making API request: /fixtures/statistics?fixture=1044662
2025-09-03 17:18:26,175 - src.collect_pipeline - INFO - API response: 2 results
2025-09-03 17:18:26,176 - src.collect_pipeline - INFO - Making API request: /fixtures/statistics?fixture=1044661
2025-09-03 17:18:26,310 - src.collect_pipeline - INFO - API response: 2 results
2025-09-03 17:18:26,311 - src.collect_pipeline - INFO - Making API request: /fixtures/statistics?fixture=1044668
2025-09-03 17:18:26,455 - src.collect_pipeline - INFO - API response: 2 results
2025-09-03 17:18:26,456 - src.collect_pipeline - INFO - Making API request: /fixtures/statistics?fixture=1044663
2025-09-03 17:18:26,595 - src.collect_pipeline - INFO - API response: 2 results
2025-09-03 17:18:26,596 - src.collect_pipeline - INFO - Making API request: /fixtures/statistics?fixture=1044667
2025-09-03 17:18:26,734 - src.collect_pipeline - INFO - API response: 2 results
2025-09-03 17:18:26,735 - src.collect_pipeline - INFO - Making API request: /fixtures/statistics?fixture=1044665
2025-09-03 17:18:26,864 - src.collect_pipeline - INFO - API response: 2 results
2025-09-03 17:18:26,865 - src.collect_pipeline - INFO - Making API request: /fixtures/statistics?fixture=1044664
2025-09-03 17:18:27,008 - src.collect_pipeline - INFO - API response: 2 results
2025-09-03 17:18:27,009 - src.collect_pipeline - INFO - Making API request: /fixtures/statistics?fixture=1044606
2025-09-03 17:18:27,159 - src.collect_pipeline - INFO - API response: 2 results
2025-09-03 17:18:27,159 - src.collect_pipeline - INFO - Making API request: /fixtures/statistics?fixture=1044650
2025-09-03 17:18:27,294 - src.collect_pipeline - INFO - API response: 0 results
2025-09-03 17:18:27,295 - src.collect_pipeline - INFO - Making API request: /fixtures/statistics?fixture=1044669
2025-09-03 17:18:27,448 - src.collect_pipeline - INFO - API response: 2 results
2025-09-03 17:18:27,449 - src.collect_pipeline - INFO - Making API request: /fixtures/statistics?fixture=1044670
2025-09-03 17:18:27,607 - src.collect_pipeline - INFO - API response: 2 results
2025-09-03 17:18:27,609 - src.collect_pipeline - INFO - Making API request: /fixtures/statistics?fixture=1044671
2025-09-03 17:18:27,755 - src.collect_pipeline - INFO - API response: 2 results
2025-09-03 17:18:27,756 - src.collect_pipeline - INFO - Making API request: /fixtures/statistics?fixture=1044678
2025-09-03 17:18:27,907 - src.collect_pipeline - INFO - API response: 2 results
2025-09-03 17:18:27,908 - src.collect_pipeline - INFO - Making API request: /fixtures/statistics?fixture=1044673
2025-09-03 17:18:28,058 - src.collect_pipeline - INFO - API response: 2 results
2025-09-03 17:18:28,058 - src.collect_pipeline - INFO - Making API request: /fixtures/statistics?fixture=1044675
2025-09-03 17:18:28,216 - src.collect_pipeline - INFO - API response: 2 results
2025-09-03 17:18:28,216 - src.collect_pipeline - INFO - Making API request: /fixtures/statistics?fixture=1044676
2025-09-03 17:18:28,356 - src.collect_pipeline - INFO - API response: 2 results
2025-09-03 17:18:28,357 - src.collect_pipeline - INFO - Making API request: /fixtures/statistics?fixture=1044677
2025-09-03 17:18:28,514 - src.collect_pipeline - INFO - API response: 2 results
2025-09-03 17:18:28,515 - src.collect_pipeline - INFO - Making API request: /fixtures/statistics?fixture=1044672
2025-09-03 17:18:28,661 - src.collect_pipeline - INFO - API response: 2 results
2025-09-03 17:18:28,661 - src.collect_pipeline - INFO - Making API request: /fixtures/statistics?fixture=1044674
2025-09-03 17:18:28,818 - src.collect_pipeline - INFO - API response: 2 results
2025-09-03 17:18:28,819 - src.collect_pipeline - INFO - Making API request: /fixtures/statistics?fixture=1044680
2025-09-03 17:18:28,965 - src.collect_pipeline - INFO - API response: 2 results
2025-09-03 17:18:28,966 - src.collect_pipeline - INFO - Making API request: /fixtures/statistics?fixture=1044679
2025-09-03 17:18:29,114 - src.collect_pipeline - INFO - API response: 2 results
2025-09-03 17:18:29,115 - src.collect_pipeline - INFO - Making API request: /fixtures/statistics?fixture=1044688
2025-09-03 17:18:29,240 - src.collect_pipeline - INFO - API response: 2 results
2025-09-03 17:18:29,241 - src.collect_pipeline - INFO - Making API request: /fixtures/statistics?fixture=1044681
2025-09-03 17:18:29,361 - src.collect_pipeline - INFO - API response: 2 results
2025-09-03 17:18:29,362 - src.collect_pipeline - INFO - Making API request: /fixtures/statistics?fixture=1044683
2025-09-03 17:18:29,492 - src.collect_pipeline - INFO - API response: 2 results
2025-09-03 17:18:29,493 - src.collect_pipeline - INFO - Making API request: /fixtures/statistics?fixture=1044689
2025-09-03 17:18:29,642 - src.collect_pipeline - INFO - API response: 2 results
2025-09-03 17:18:29,643 - src.collect_pipeline - INFO - Making API request: /fixtures/statistics?fixture=1044687
2025-09-03 17:18:29,779 - src.collect_pipeline - INFO - API response: 2 results
2025-09-03 17:18:29,780 - src.collect_pipeline - INFO - Making API request: /fixtures/statistics?fixture=1044690
2025-09-03 17:18:29,923 - src.collect_pipeline - INFO - API response: 2 results
2025-09-03 17:18:29,924 - src.collect_pipeline - INFO - Making API request: /fixtures/statistics?fixture=1044682
2025-09-03 17:18:30,065 - src.collect_pipeline - INFO - API response: 2 results
2025-09-03 17:18:30,066 - src.collect_pipeline - INFO - Making API request: /fixtures/statistics?fixture=1044684
2025-09-03 17:18:30,199 - src.collect_pipeline - INFO - API response: 2 results
2025-09-03 17:18:30,200 - src.collect_pipeline - INFO - Making API request: /fixtures/statistics?fixture=1044685
2025-09-03 17:18:30,348 - src.collect_pipeline - INFO - API response: 2 results
2025-09-03 17:18:30,349 - src.collect_pipeline - INFO - Making API request: /fixtures/statistics?fixture=1044686
2025-09-03 17:18:30,480 - src.collect_pipeline - INFO - API response: 2 results
2025-09-03 17:18:30,481 - src.collect_pipeline - INFO - Making API request: /fixtures/statistics?fixture=1044699
2025-09-03 17:18:30,628 - src.collect_pipeline - INFO - API response: 2 results
2025-09-03 17:18:30,630 - src.collect_pipeline - INFO - Making API request: /fixtures/statistics?fixture=1044700
2025-09-03 17:18:30,777 - src.collect_pipeline - INFO - API response: 2 results
2025-09-03 17:18:30,778 - src.collect_pipeline - INFO - Making API request: /fixtures/statistics?fixture=1044695
2025-09-03 17:18:30,923 - src.collect_pipeline - INFO - API response: 2 results
2025-09-03 17:18:30,923 - src.collect_pipeline - INFO - Making API request: /fixtures/statistics?fixture=1044692
2025-09-03 17:18:31,060 - src.collect_pipeline - INFO - API response: 2 results
2025-09-03 17:18:31,061 - src.collect_pipeline - INFO - Making API request: /fixtures/statistics?fixture=1044694
2025-09-03 17:18:31,197 - src.collect_pipeline - INFO - API response: 2 results
2025-09-03 17:18:31,198 - src.collect_pipeline - INFO - Making API request: /fixtures/statistics?fixture=1044693
2025-09-03 17:18:31,329 - src.collect_pipeline - INFO - API response: 2 results
2025-09-03 17:18:31,330 - src.collect_pipeline - INFO - Making API request: /fixtures/statistics?fixture=1044696
2025-09-03 17:18:31,496 - src.collect_pipeline - INFO - API response: 2 results
2025-09-03 17:18:31,497 - src.collect_pipeline - INFO - Making API request: /fixtures/statistics?fixture=1044697
2025-09-03 17:18:31,646 - src.collect_pipeline - INFO - API response: 2 results
2025-09-03 17:18:31,647 - src.collect_pipeline - INFO - Making API request: /fixtures/statistics?fixture=1044698
2025-09-03 17:18:31,786 - src.collect_pipeline - INFO - API response: 2 results
2025-09-03 17:18:31,787 - src.collect_pipeline - INFO - Making API request: /fixtures/statistics?fixture=1044701
2025-09-03 17:18:31,954 - src.collect_pipeline - INFO - API response: 2 results
2025-09-03 17:18:31,960 - src.collect_pipeline - INFO - Progress saved to data/raw\data_collection_progress.json
2025-09-03 17:18:31,960 - src.collect_pipeline - INFO - Processing batch 5
2025-09-03 17:18:31,960 - src.collect_pipeline - INFO - Making API request: /fixtures/statistics?fixture=1044702
2025-09-03 17:18:32,110 - src.collect_pipeline - INFO - API response: 2 results
2025-09-03 17:18:32,111 - src.collect_pipeline - INFO - Making API request: /fixtures/statistics?fixture=1044704
2025-09-03 17:18:32,262 - src.collect_pipeline - INFO - API response: 2 results
2025-09-03 17:18:32,263 - src.collect_pipeline - INFO - Making API request: /fixtures/statistics?fixture=1044705
2025-09-03 17:18:32,409 - src.collect_pipeline - INFO - API response: 2 results
2025-09-03 17:18:32,410 - src.collect_pipeline - INFO - Making API request: /fixtures/statistics?fixture=1044707
2025-09-03 17:18:32,545 - src.collect_pipeline - INFO - API response: 2 results
2025-09-03 17:18:32,546 - src.collect_pipeline - INFO - Making API request: /fixtures/statistics?fixture=1044703
2025-09-03 17:18:32,680 - src.collect_pipeline - INFO - API response: 2 results
2025-09-03 17:18:32,681 - src.collect_pipeline - INFO - Making API request: /fixtures/statistics?fixture=1044710
2025-09-03 17:18:32,814 - src.collect_pipeline - INFO - API response: 2 results
2025-09-03 17:18:32,815 - src.collect_pipeline - INFO - Making API request: /fixtures/statistics?fixture=1044709
2025-09-03 17:18:32,948 - src.collect_pipeline - INFO - API response: 2 results
2025-09-03 17:18:32,949 - src.collect_pipeline - INFO - Making API request: /fixtures/statistics?fixture=1044718
2025-09-03 17:18:33,079 - src.collect_pipeline - INFO - API response: 2 results
2025-09-03 17:18:33,080 - src.collect_pipeline - INFO - Making API request: /fixtures/statistics?fixture=1044715
2025-09-03 17:18:33,224 - src.collect_pipeline - INFO - API response: 2 results
2025-09-03 17:18:33,225 - src.collect_pipeline - INFO - Making API request: /fixtures/statistics?fixture=1044711
2025-09-03 17:18:33,374 - src.collect_pipeline - INFO - API response: 2 results
2025-09-03 17:18:33,375 - src.collect_pipeline - INFO - Making API request: /fixtures/statistics?fixture=1044712
2025-09-03 17:18:33,501 - src.collect_pipeline - INFO - API response: 2 results
2025-09-03 17:18:33,502 - src.collect_pipeline - INFO - Making API request: /fixtures/statistics?fixture=1044716
2025-09-03 17:18:33,637 - src.collect_pipeline - INFO - API response: 2 results
2025-09-03 17:18:33,638 - src.collect_pipeline - INFO - Making API request: /fixtures/statistics?fixture=1044714
2025-09-03 17:18:33,780 - src.collect_pipeline - INFO - API response: 2 results
2025-09-03 17:18:33,781 - src.collect_pipeline - INFO - Making API request: /fixtures/statistics?fixture=1044691
2025-09-03 17:18:33,919 - src.collect_pipeline - INFO - API response: 2 results
2025-09-03 17:18:33,921 - src.collect_pipeline - INFO - Making API request: /fixtures/statistics?fixture=1044717
2025-09-03 17:18:34,057 - src.collect_pipeline - INFO - API response: 2 results
2025-09-03 17:18:34,058 - src.collect_pipeline - INFO - Making API request: /fixtures/statistics?fixture=1044706
2025-09-03 17:18:34,190 - src.collect_pipeline - INFO - API response: 2 results
2025-09-03 17:18:34,191 - src.collect_pipeline - INFO - Making API request: /fixtures/statistics?fixture=1044720
2025-09-03 17:18:34,322 - src.collect_pipeline - INFO - API response: 2 results
2025-09-03 17:18:34,323 - src.collect_pipeline - INFO - Making API request: /fixtures/statistics?fixture=1044708
2025-09-03 17:18:34,477 - src.collect_pipeline - INFO - API response: 2 results
2025-09-03 17:18:34,478 - src.collect_pipeline - INFO - Making API request: /fixtures/statistics?fixture=1044721
2025-09-03 17:18:34,621 - src.collect_pipeline - INFO - API response: 2 results
2025-09-03 17:18:34,622 - src.collect_pipeline - INFO - Making API request: /fixtures/statistics?fixture=1044722
2025-09-03 17:18:34,760 - src.collect_pipeline - INFO - API response: 2 results
2025-09-03 17:18:34,761 - src.collect_pipeline - INFO - Making API request: /fixtures/statistics?fixture=1044727
2025-09-03 17:18:34,901 - src.collect_pipeline - INFO - API response: 2 results
2025-09-03 17:18:34,901 - src.collect_pipeline - INFO - Making API request: /fixtures/statistics?fixture=1044725
2025-09-03 17:18:35,049 - src.collect_pipeline - INFO - API response: 2 results
2025-09-03 17:18:35,050 - src.collect_pipeline - INFO - Making API request: /fixtures/statistics?fixture=1044723
2025-09-03 17:18:35,197 - src.collect_pipeline - INFO - API response: 2 results
2025-09-03 17:18:35,198 - src.collect_pipeline - INFO - Making API request: /fixtures/statistics?fixture=1044724
2025-09-03 17:18:35,342 - src.collect_pipeline - INFO - API response: 2 results
2025-09-03 17:18:35,343 - src.collect_pipeline - INFO - Making API request: /fixtures/statistics?fixture=1044726
2025-09-03 17:18:35,472 - src.collect_pipeline - INFO - API response: 2 results
2025-09-03 17:18:35,473 - src.collect_pipeline - INFO - Making API request: /fixtures/statistics?fixture=1044730
2025-09-03 17:18:35,603 - src.collect_pipeline - INFO - API response: 2 results
2025-09-03 17:18:35,605 - src.collect_pipeline - INFO - Making API request: /fixtures/statistics?fixture=1044728
2025-09-03 17:18:35,747 - src.collect_pipeline - INFO - API response: 2 results
2025-09-03 17:18:35,748 - src.collect_pipeline - INFO - Making API request: /fixtures/statistics?fixture=1044729
2025-09-03 17:18:35,899 - src.collect_pipeline - INFO - API response: 2 results
2025-09-03 17:18:35,900 - src.collect_pipeline - INFO - Making API request: /fixtures/statistics?fixture=1044738
2025-09-03 17:18:36,049 - src.collect_pipeline - INFO - API response: 2 results
2025-09-03 17:18:36,050 - src.collect_pipeline - INFO - Making API request: /fixtures/statistics?fixture=1044735
2025-09-03 17:18:36,174 - src.collect_pipeline - INFO - API response: 2 results
2025-09-03 17:18:36,175 - src.collect_pipeline - INFO - Making API request: /fixtures/statistics?fixture=1044737
2025-09-03 17:18:36,308 - src.collect_pipeline - INFO - API response: 2 results
2025-09-03 17:18:36,309 - src.collect_pipeline - INFO - Making API request: /fixtures/statistics?fixture=1044736
2025-09-03 17:18:36,459 - src.collect_pipeline - INFO - API response: 2 results
2025-09-03 17:18:36,460 - src.collect_pipeline - INFO - Making API request: /fixtures/statistics?fixture=1044732
2025-09-03 17:18:36,605 - src.collect_pipeline - INFO - API response: 2 results
2025-09-03 17:18:36,606 - src.collect_pipeline - INFO - Making API request: /fixtures/statistics?fixture=1044733
2025-09-03 17:18:36,769 - src.collect_pipeline - INFO - API response: 2 results
2025-09-03 17:18:36,770 - src.collect_pipeline - INFO - Making API request: /fixtures/statistics?fixture=1044731
2025-09-03 17:18:36,901 - src.collect_pipeline - INFO - API response: 2 results
2025-09-03 17:18:36,902 - src.collect_pipeline - INFO - Making API request: /fixtures/statistics?fixture=1044734
2025-09-03 17:18:37,055 - src.collect_pipeline - INFO - API response: 2 results
2025-09-03 17:18:37,056 - src.collect_pipeline - INFO - Making API request: /fixtures/statistics?fixture=1044739
2025-09-03 17:18:37,197 - src.collect_pipeline - INFO - API response: 2 results
2025-09-03 17:18:37,198 - src.collect_pipeline - INFO - Making API request: /fixtures/statistics?fixture=1044740
2025-09-03 17:18:37,334 - src.collect_pipeline - INFO - API response: 2 results
2025-09-03 17:18:37,335 - src.collect_pipeline - INFO - Making API request: /fixtures/statistics?fixture=1044741
2025-09-03 17:18:37,464 - src.collect_pipeline - INFO - API response: 2 results
2025-09-03 17:18:37,465 - src.collect_pipeline - INFO - Making API request: /fixtures/statistics?fixture=1044745
2025-09-03 17:18:37,609 - src.collect_pipeline - INFO - API response: 2 results
2025-09-03 17:18:37,610 - src.collect_pipeline - INFO - Making API request: /fixtures/statistics?fixture=1044746
2025-09-03 17:18:37,763 - src.collect_pipeline - INFO - API response: 2 results
2025-09-03 17:18:37,764 - src.collect_pipeline - INFO - Making API request: /fixtures/statistics?fixture=1044744
2025-09-03 17:18:37,921 - src.collect_pipeline - INFO - API response: 2 results
2025-09-03 17:18:37,922 - src.collect_pipeline - INFO - Making API request: /fixtures/statistics?fixture=1044747
2025-09-03 17:18:38,053 - src.collect_pipeline - INFO - API response: 2 results
2025-09-03 17:18:38,054 - src.collect_pipeline - INFO - Making API request: /fixtures/statistics?fixture=1044743
2025-09-03 17:18:38,189 - src.collect_pipeline - INFO - API response: 2 results
2025-09-03 17:18:38,190 - src.collect_pipeline - INFO - Making API request: /fixtures/statistics?fixture=1044748
2025-09-03 17:18:38,337 - src.collect_pipeline - INFO - API response: 2 results
2025-09-03 17:18:38,338 - src.collect_pipeline - INFO - Making API request: /fixtures/statistics?fixture=1044742
2025-09-03 17:18:38,477 - src.collect_pipeline - INFO - API response: 2 results
2025-09-03 17:18:38,477 - src.collect_pipeline - INFO - Making API request: /fixtures/statistics?fixture=1044749
2025-09-03 17:18:38,620 - src.collect_pipeline - INFO - API response: 2 results
2025-09-03 17:18:38,621 - src.collect_pipeline - INFO - Making API request: /fixtures/statistics?fixture=1044750
2025-09-03 17:18:38,748 - src.collect_pipeline - INFO - API response: 2 results
2025-09-03 17:18:38,749 - src.collect_pipeline - INFO - Making API request: /fixtures/statistics?fixture=1044754
2025-09-03 17:18:38,881 - src.collect_pipeline - INFO - API response: 2 results
2025-09-03 17:18:38,882 - src.collect_pipeline - INFO - Making API request: /fixtures/statistics?fixture=1044751
2025-09-03 17:18:39,015 - src.collect_pipeline - INFO - API response: 2 results
2025-09-03 17:18:39,019 - src.collect_pipeline - INFO - Progress saved to data/raw\data_collection_progress.json
2025-09-03 17:18:39,019 - src.collect_pipeline - INFO - Processing batch 6
2025-09-03 17:18:39,019 - src.collect_pipeline - INFO - Making API request: /fixtures/statistics?fixture=1044758
2025-09-03 17:18:39,173 - src.collect_pipeline - INFO - API response: 2 results
2025-09-03 17:18:39,174 - src.collect_pipeline - INFO - Making API request: /fixtures/statistics?fixture=1044753
2025-09-03 17:18:39,306 - src.collect_pipeline - INFO - API response: 2 results
2025-09-03 17:18:39,307 - src.collect_pipeline - INFO - Making API request: /fixtures/statistics?fixture=1044759
2025-09-03 17:18:39,438 - src.collect_pipeline - INFO - API response: 2 results
2025-09-03 17:18:39,440 - src.collect_pipeline - INFO - Making API request: /fixtures/statistics?fixture=1044756
2025-09-03 17:18:39,597 - src.collect_pipeline - INFO - API response: 2 results
2025-09-03 17:18:39,597 - src.collect_pipeline - INFO - Making API request: /fixtures/statistics?fixture=1044755
2025-09-03 17:18:39,734 - src.collect_pipeline - INFO - API response: 2 results
2025-09-03 17:18:39,735 - src.collect_pipeline - INFO - Making API request: /fixtures/statistics?fixture=1044757
2025-09-03 17:18:39,896 - src.collect_pipeline - INFO - API response: 2 results
2025-09-03 17:18:39,897 - src.collect_pipeline - INFO - Making API request: /fixtures/statistics?fixture=1044752
2025-09-03 17:18:40,030 - src.collect_pipeline - INFO - API response: 2 results
2025-09-03 17:18:40,031 - src.collect_pipeline - INFO - Making API request: /fixtures/statistics?fixture=1044719
2025-09-03 17:18:40,167 - src.collect_pipeline - INFO - API response: 2 results
2025-09-03 17:18:40,168 - src.collect_pipeline - INFO - Making API request: /fixtures/statistics?fixture=1044760
2025-09-03 17:18:40,320 - src.collect_pipeline - INFO - API response: 2 results
2025-09-03 17:18:40,320 - src.collect_pipeline - INFO - Making API request: /fixtures/statistics?fixture=1044765
2025-09-03 17:18:40,458 - src.collect_pipeline - INFO - API response: 2 results
2025-09-03 17:18:40,459 - src.collect_pipeline - INFO - Making API request: /fixtures/statistics?fixture=1044761
2025-09-03 17:18:40,584 - src.collect_pipeline - INFO - API response: 2 results
2025-09-03 17:18:40,585 - src.collect_pipeline - INFO - Making API request: /fixtures/statistics?fixture=1044763
2025-09-03 17:18:40,712 - src.collect_pipeline - INFO - API response: 2 results
2025-09-03 17:18:40,713 - src.collect_pipeline - INFO - Making API request: /fixtures/statistics?fixture=1044762
2025-09-03 17:18:40,853 - src.collect_pipeline - INFO - API response: 2 results
2025-09-03 17:18:40,854 - src.collect_pipeline - INFO - Making API request: /fixtures/statistics?fixture=1044764
2025-09-03 17:18:40,996 - src.collect_pipeline - INFO - API response: 2 results
2025-09-03 17:18:40,997 - src.collect_pipeline - INFO - Making API request: /fixtures/statistics?fixture=1044766
2025-09-03 17:18:41,136 - src.collect_pipeline - INFO - API response: 2 results
2025-09-03 17:18:41,137 - src.collect_pipeline - INFO - Making API request: /fixtures/statistics?fixture=1044769
2025-09-03 17:18:41,271 - src.collect_pipeline - INFO - API response: 2 results
2025-09-03 17:18:41,272 - src.collect_pipeline - INFO - Making API request: /fixtures/statistics?fixture=1044768
2025-09-03 17:18:41,405 - src.collect_pipeline - INFO - API response: 2 results
2025-09-03 17:18:41,406 - src.collect_pipeline - INFO - Making API request: /fixtures/statistics?fixture=1044767
2025-09-03 17:18:41,533 - src.collect_pipeline - INFO - API response: 2 results
2025-09-03 17:18:41,534 - src.collect_pipeline - INFO - Making API request: /fixtures/statistics?fixture=1044770
2025-09-03 17:18:41,692 - src.collect_pipeline - INFO - API response: 2 results
2025-09-03 17:18:41,693 - src.collect_pipeline - INFO - Making API request: /fixtures/statistics?fixture=1044771
2025-09-03 17:18:41,827 - src.collect_pipeline - INFO - API response: 2 results
2025-09-03 17:18:41,828 - src.collect_pipeline - INFO - Making API request: /fixtures/statistics?fixture=1044772
2025-09-03 17:18:41,964 - src.collect_pipeline - INFO - API response: 2 results
2025-09-03 17:18:41,965 - src.collect_pipeline - INFO - Making API request: /fixtures/statistics?fixture=1044776
2025-09-03 17:18:42,100 - src.collect_pipeline - INFO - API response: 2 results
2025-09-03 17:18:42,101 - src.collect_pipeline - INFO - Making API request: /fixtures/statistics?fixture=1044774
2025-09-03 17:18:42,234 - src.collect_pipeline - INFO - API response: 2 results
2025-09-03 17:18:42,235 - src.collect_pipeline - INFO - Making API request: /fixtures/statistics?fixture=1044778
2025-09-03 17:18:42,371 - src.collect_pipeline - INFO - API response: 2 results
2025-09-03 17:18:42,373 - src.collect_pipeline - INFO - Making API request: /fixtures/statistics?fixture=1044775
2025-09-03 17:18:42,513 - src.collect_pipeline - INFO - API response: 2 results
2025-09-03 17:18:42,514 - src.collect_pipeline - INFO - Making API request: /fixtures/statistics?fixture=1044779
2025-09-03 17:18:42,669 - src.collect_pipeline - INFO - API response: 2 results
2025-09-03 17:18:42,670 - src.collect_pipeline - INFO - Making API request: /fixtures/statistics?fixture=1044780
2025-09-03 17:18:42,814 - src.collect_pipeline - INFO - API response: 2 results
2025-09-03 17:18:42,815 - src.collect_pipeline - INFO - Making API request: /fixtures/statistics?fixture=1044777
2025-09-03 17:18:42,949 - src.collect_pipeline - INFO - API response: 2 results
2025-09-03 17:18:42,950 - src.collect_pipeline - INFO - Making API request: /fixtures/statistics?fixture=1044773
2025-09-03 17:18:43,092 - src.collect_pipeline - INFO - API response: 2 results
2025-09-03 17:18:43,093 - src.collect_pipeline - INFO - Making API request: /fixtures/statistics?fixture=1044788
2025-09-03 17:18:43,224 - src.collect_pipeline - INFO - API response: 2 results
2025-09-03 17:18:43,225 - src.collect_pipeline - INFO - Making API request: /fixtures/statistics?fixture=1044782
2025-09-03 17:18:43,367 - src.collect_pipeline - INFO - API response: 2 results
2025-09-03 17:18:43,367 - src.collect_pipeline - INFO - Making API request: /fixtures/statistics?fixture=1044789
2025-09-03 17:18:43,507 - src.collect_pipeline - INFO - API response: 2 results
2025-09-03 17:18:43,508 - src.collect_pipeline - INFO - Making API request: /fixtures/statistics?fixture=1044781
2025-09-03 17:18:43,647 - src.collect_pipeline - INFO - API response: 2 results
2025-09-03 17:18:43,648 - src.collect_pipeline - INFO - Making API request: /fixtures/statistics?fixture=1044786
2025-09-03 17:18:43,798 - src.collect_pipeline - INFO - API response: 2 results
2025-09-03 17:18:43,799 - src.collect_pipeline - INFO - Making API request: /fixtures/statistics?fixture=1044784
2025-09-03 17:18:43,933 - src.collect_pipeline - INFO - API response: 2 results
2025-09-03 17:18:43,935 - src.collect_pipeline - INFO - Making API request: /fixtures/statistics?fixture=1044785
2025-09-03 17:18:44,067 - src.collect_pipeline - INFO - API response: 2 results
2025-09-03 17:18:44,068 - src.collect_pipeline - INFO - Making API request: /fixtures/statistics?fixture=1044787
2025-09-03 17:18:44,196 - src.collect_pipeline - INFO - API response: 2 results
2025-09-03 17:18:44,197 - src.collect_pipeline - INFO - Making API request: /fixtures/statistics?fixture=1044783
2025-09-03 17:18:44,338 - src.collect_pipeline - INFO - API response: 2 results
2025-09-03 17:18:44,339 - src.collect_pipeline - INFO - Making API request: /fixtures/statistics?fixture=1044790
2025-09-03 17:18:44,492 - src.collect_pipeline - INFO - API response: 2 results
2025-09-03 17:18:44,493 - src.collect_pipeline - INFO - Making API request: /fixtures/statistics?fixture=1044801
2025-09-03 17:18:44,644 - src.collect_pipeline - INFO - API response: 2 results
2025-09-03 17:18:44,645 - src.collect_pipeline - INFO - Making API request: /fixtures/statistics?fixture=1044805
2025-09-03 17:18:44,782 - src.collect_pipeline - INFO - API response: 2 results
2025-09-03 17:18:44,783 - src.collect_pipeline - INFO - Making API request: /fixtures/statistics?fixture=1044803
2025-09-03 17:18:44,918 - src.collect_pipeline - INFO - API response: 2 results
2025-09-03 17:18:44,919 - src.collect_pipeline - INFO - Making API request: /fixtures/statistics?fixture=1044804
2025-09-03 17:18:45,055 - src.collect_pipeline - INFO - API response: 2 results
2025-09-03 17:18:45,057 - src.collect_pipeline - INFO - Making API request: /fixtures/statistics?fixture=1044802
2025-09-03 17:18:45,184 - src.collect_pipeline - INFO - API response: 2 results
2025-09-03 17:18:45,185 - src.collect_pipeline - INFO - Making API request: /fixtures/statistics?fixture=1044806
2025-09-03 17:18:45,323 - src.collect_pipeline - INFO - API response: 2 results
2025-09-03 17:18:45,324 - src.collect_pipeline - INFO - Making API request: /fixtures/statistics?fixture=1044797
2025-09-03 17:18:45,462 - src.collect_pipeline - INFO - API response: 2 results
2025-09-03 17:18:45,462 - src.collect_pipeline - INFO - Making API request: /fixtures/statistics?fixture=1044795
2025-09-03 17:18:45,606 - src.collect_pipeline - INFO - API response: 2 results
2025-09-03 17:18:45,607 - src.collect_pipeline - INFO - Making API request: /fixtures/statistics?fixture=1044792
2025-09-03 17:18:45,747 - src.collect_pipeline - INFO - API response: 2 results
2025-09-03 17:18:45,748 - src.collect_pipeline - INFO - Making API request: /fixtures/statistics?fixture=1044794
2025-09-03 17:18:45,879 - src.collect_pipeline - INFO - API response: 2 results
2025-09-03 17:18:45,880 - src.collect_pipeline - INFO - Making API request: /fixtures/statistics?fixture=1044791
2025-09-03 17:19:01,135 - src.collect_pipeline - INFO - API response: 2 results
2025-09-03 17:19:01,140 - src.collect_pipeline - INFO - Progress saved to data/raw\data_collection_progress.json
2025-09-03 17:19:01,141 - src.collect_pipeline - INFO - Processing batch 7
2025-09-03 17:19:01,141 - src.collect_pipeline - INFO - Making API request: /fixtures/statistics?fixture=1044799
2025-09-03 17:19:01,300 - src.collect_pipeline - INFO - API response: 2 results
2025-09-03 17:19:01,301 - src.collect_pipeline - INFO - Making API request: /fixtures/statistics?fixture=1044793
2025-09-03 17:19:01,432 - src.collect_pipeline - INFO - API response: 2 results
2025-09-03 17:19:01,432 - src.collect_pipeline - INFO - Making API request: /fixtures/statistics?fixture=1044796
2025-09-03 17:19:01,580 - src.collect_pipeline - INFO - API response: 2 results
2025-09-03 17:19:01,581 - src.collect_pipeline - INFO - Making API request: /fixtures/statistics?fixture=1044798
2025-09-03 17:19:01,728 - src.collect_pipeline - INFO - API response: 2 results
2025-09-03 17:19:01,729 - src.collect_pipeline - INFO - Making API request: /fixtures/statistics?fixture=1044800
2025-09-03 17:19:01,858 - src.collect_pipeline - INFO - API response: 2 results
2025-09-03 17:19:01,859 - src.collect_pipeline - INFO - Making API request: /fixtures/statistics?fixture=1044810
2025-09-03 17:19:01,996 - src.collect_pipeline - INFO - API response: 2 results
2025-09-03 17:19:01,997 - src.collect_pipeline - INFO - Making API request: /fixtures/statistics?fixture=1044808
2025-09-03 17:19:02,134 - src.collect_pipeline - INFO - API response: 2 results
2025-09-03 17:19:02,135 - src.collect_pipeline - INFO - Making API request: /fixtures/statistics?fixture=1044809
2025-09-03 17:19:02,267 - src.collect_pipeline - INFO - API response: 2 results
2025-09-03 17:19:02,268 - src.collect_pipeline - INFO - Making API request: /fixtures/statistics?fixture=1044807
2025-09-03 17:19:02,396 - src.collect_pipeline - INFO - API response: 2 results
2025-09-03 17:19:02,397 - src.collect_pipeline - INFO - Making API request: /fixtures/statistics?fixture=1044811
2025-09-03 17:19:02,535 - src.collect_pipeline - INFO - API response: 2 results
2025-09-03 17:19:02,536 - src.collect_pipeline - INFO - Making API request: /fixtures/statistics?fixture=1044816
2025-09-03 17:19:02,675 - src.collect_pipeline - INFO - API response: 2 results
2025-09-03 17:19:02,676 - src.collect_pipeline - INFO - Making API request: /fixtures/statistics?fixture=1044817
2025-09-03 17:19:02,806 - src.collect_pipeline - INFO - API response: 2 results
2025-09-03 17:19:02,807 - src.collect_pipeline - INFO - Making API request: /fixtures/statistics?fixture=1044819
2025-09-03 17:19:02,966 - src.collect_pipeline - INFO - API response: 2 results
2025-09-03 17:19:02,967 - src.collect_pipeline - INFO - Making API request: /fixtures/statistics?fixture=1044815
2025-09-03 17:19:03,091 - src.collect_pipeline - INFO - API response: 2 results
2025-09-03 17:19:03,092 - src.collect_pipeline - INFO - Making API request: /fixtures/statistics?fixture=1044812
2025-09-03 17:19:03,226 - src.collect_pipeline - INFO - API response: 2 results
2025-09-03 17:19:03,227 - src.collect_pipeline - INFO - Making API request: /fixtures/statistics?fixture=1044818
2025-09-03 17:19:03,372 - src.collect_pipeline - INFO - API response: 2 results
2025-09-03 17:19:03,373 - src.collect_pipeline - INFO - Making API request: /fixtures/statistics?fixture=1044813
2025-09-03 17:19:03,523 - src.collect_pipeline - INFO - API response: 2 results
2025-09-03 17:19:03,525 - src.collect_pipeline - INFO - Making API request: /fixtures/statistics?fixture=1044814
2025-09-03 17:19:03,661 - src.collect_pipeline - INFO - API response: 2 results
2025-09-03 17:19:03,662 - src.collect_pipeline - INFO - Making API request: /fixtures/statistics?fixture=1044713
2025-09-03 17:19:03,835 - src.collect_pipeline - INFO - API response: 2 results
2025-09-03 17:19:03,836 - src.collect_pipeline - INFO - Making API request: /fixtures/statistics?fixture=1044820
2025-09-03 17:19:03,965 - src.collect_pipeline - INFO - API response: 2 results
2025-09-03 17:19:03,966 - src.collect_pipeline - INFO - Making API request: /fixtures/statistics?fixture=1044821
2025-09-03 17:19:04,105 - src.collect_pipeline - INFO - API response: 2 results
2025-09-03 17:19:04,106 - src.collect_pipeline - INFO - Making API request: /fixtures/statistics?fixture=1044825
2025-09-03 17:19:04,243 - src.collect_pipeline - INFO - API response: 2 results
2025-09-03 17:19:04,244 - src.collect_pipeline - INFO - Making API request: /fixtures/statistics?fixture=1044823
2025-09-03 17:19:04,375 - src.collect_pipeline - INFO - API response: 2 results
2025-09-03 17:19:04,377 - src.collect_pipeline - INFO - Making API request: /fixtures/statistics?fixture=1044824
2025-09-03 17:19:04,525 - src.collect_pipeline - INFO - API response: 2 results
2025-09-03 17:19:04,526 - src.collect_pipeline - INFO - Making API request: /fixtures/statistics?fixture=1044826
2025-09-03 17:19:04,665 - src.collect_pipeline - INFO - API response: 2 results
2025-09-03 17:19:04,666 - src.collect_pipeline - INFO - Making API request: /fixtures/statistics?fixture=1044822
2025-09-03 17:19:04,809 - src.collect_pipeline - INFO - API response: 2 results
2025-09-03 17:19:04,810 - src.collect_pipeline - INFO - Making API request: /fixtures/statistics?fixture=1044827
2025-09-03 17:19:04,942 - src.collect_pipeline - INFO - API response: 2 results
2025-09-03 17:19:04,943 - src.collect_pipeline - INFO - Making API request: /fixtures/statistics?fixture=1044829
2025-09-03 17:19:05,082 - src.collect_pipeline - INFO - API response: 2 results
2025-09-03 17:19:05,083 - src.collect_pipeline - INFO - Making API request: /fixtures/statistics?fixture=1044828
2025-09-03 17:19:05,212 - src.collect_pipeline - INFO - API response: 2 results
2025-09-03 17:19:05,213 - src.collect_pipeline - INFO - Making API request: /fixtures/statistics?fixture=1044830
2025-09-03 17:19:05,356 - src.collect_pipeline - INFO - API response: 2 results
2025-09-03 17:19:05,357 - src.collect_pipeline - INFO - Making API request: /fixtures/statistics?fixture=1044837
2025-09-03 17:19:05,514 - src.collect_pipeline - INFO - API response: 2 results
2025-09-03 17:19:05,514 - src.collect_pipeline - INFO - Making API request: /fixtures/statistics?fixture=1044831
2025-09-03 17:19:05,661 - src.collect_pipeline - INFO - API response: 2 results
2025-09-03 17:19:05,662 - src.collect_pipeline - INFO - Making API request: /fixtures/statistics?fixture=1044832
2025-09-03 17:19:05,796 - src.collect_pipeline - INFO - API response: 2 results
2025-09-03 17:19:05,797 - src.collect_pipeline - INFO - Making API request: /fixtures/statistics?fixture=1044836
2025-09-03 17:19:05,956 - src.collect_pipeline - INFO - API response: 2 results
2025-09-03 17:19:05,957 - src.collect_pipeline - INFO - Making API request: /fixtures/statistics?fixture=1044834
2025-09-03 17:19:06,124 - src.collect_pipeline - INFO - API response: 2 results
2025-09-03 17:19:06,125 - src.collect_pipeline - INFO - Making API request: /fixtures/statistics?fixture=1044833
2025-09-03 17:19:06,263 - src.collect_pipeline - INFO - API response: 2 results
2025-09-03 17:19:06,264 - src.collect_pipeline - INFO - Making API request: /fixtures/statistics?fixture=1044835
2025-09-03 17:19:06,399 - src.collect_pipeline - INFO - API response: 2 results
2025-09-03 17:19:06,400 - src.collect_pipeline - INFO - Making API request: /fixtures/statistics?fixture=1044838
2025-09-03 17:19:06,538 - src.collect_pipeline - INFO - API response: 2 results
2025-09-03 17:19:06,540 - src.collect_pipeline - INFO - Making API request: /fixtures/statistics?fixture=1044839
2025-09-03 17:19:06,684 - src.collect_pipeline - INFO - API response: 2 results
2025-09-03 17:19:06,685 - src.collect_pipeline - INFO - Making API request: /fixtures/statistics?fixture=1044840
2025-09-03 17:19:06,830 - src.collect_pipeline - INFO - API response: 2 results
2025-09-03 17:19:06,830 - src.collect_pipeline - INFO - Making API request: /fixtures/statistics?fixture=1044842
2025-09-03 17:19:06,965 - src.collect_pipeline - INFO - API response: 2 results
2025-09-03 17:19:06,966 - src.collect_pipeline - INFO - Making API request: /fixtures/statistics?fixture=1044843
2025-09-03 17:19:07,103 - src.collect_pipeline - INFO - API response: 2 results
2025-09-03 17:19:07,104 - src.collect_pipeline - INFO - Making API request: /fixtures/statistics?fixture=1044841
2025-09-03 17:19:07,246 - src.collect_pipeline - INFO - API response: 2 results
2025-09-03 17:19:07,247 - src.collect_pipeline - INFO - Making API request: /fixtures/statistics?fixture=1044845
2025-09-03 17:19:07,389 - src.collect_pipeline - INFO - API response: 2 results
2025-09-03 17:19:07,389 - src.collect_pipeline - INFO - Making API request: /fixtures/statistics?fixture=1044844
2025-09-03 17:19:07,540 - src.collect_pipeline - INFO - API response: 2 results
2025-09-03 17:19:07,541 - src.collect_pipeline - INFO - Making API request: /fixtures/statistics?fixture=1044846
2025-09-03 17:19:07,681 - src.collect_pipeline - INFO - API response: 2 results
2025-09-03 17:19:07,682 - src.collect_pipeline - INFO - Making API request: /fixtures/statistics?fixture=1044847
2025-09-03 17:19:07,818 - src.collect_pipeline - INFO - API response: 2 results
2025-09-03 17:19:07,819 - src.collect_pipeline - INFO - Making API request: /fixtures/statistics?fixture=1044848
2025-09-03 17:19:07,940 - src.collect_pipeline - INFO - API response: 2 results
2025-09-03 17:19:07,941 - src.collect_pipeline - INFO - Making API request: /fixtures/statistics?fixture=1044850
2025-09-03 17:19:08,089 - src.collect_pipeline - INFO - API response: 2 results
2025-09-03 17:19:08,089 - src.collect_pipeline - INFO - Making API request: /fixtures/statistics?fixture=1044849
2025-09-03 17:19:08,215 - src.collect_pipeline - INFO - API response: 2 results
2025-09-03 17:19:08,220 - src.collect_pipeline - INFO - Progress saved to data/raw\data_collection_progress.json
2025-09-03 17:19:08,220 - src.collect_pipeline - INFO - Processing batch 8
2025-09-03 17:19:08,220 - src.collect_pipeline - INFO - Making API request: /fixtures/statistics?fixture=1044856
2025-09-03 17:19:08,355 - src.collect_pipeline - INFO - API response: 2 results
2025-09-03 17:19:08,356 - src.collect_pipeline - INFO - Making API request: /fixtures/statistics?fixture=1044851
2025-09-03 17:19:08,485 - src.collect_pipeline - INFO - API response: 2 results
2025-09-03 17:19:08,486 - src.collect_pipeline - INFO - Making API request: /fixtures/statistics?fixture=1044855
2025-09-03 17:19:08,638 - src.collect_pipeline - INFO - API response: 2 results
2025-09-03 17:19:08,640 - src.collect_pipeline - INFO - Making API request: /fixtures/statistics?fixture=1044854
2025-09-03 17:19:08,772 - src.collect_pipeline - INFO - API response: 2 results
2025-09-03 17:19:08,773 - src.collect_pipeline - INFO - Making API request: /fixtures/statistics?fixture=1044857
2025-09-03 17:19:08,917 - src.collect_pipeline - INFO - API response: 2 results
2025-09-03 17:19:08,918 - src.collect_pipeline - INFO - Making API request: /fixtures/statistics?fixture=1044853
2025-09-03 17:19:09,055 - src.collect_pipeline - INFO - API response: 2 results
2025-09-03 17:19:09,056 - src.collect_pipeline - INFO - Making API request: /fixtures/statistics?fixture=1044858
2025-09-03 17:19:09,205 - src.collect_pipeline - INFO - API response: 2 results
2025-09-03 17:19:09,206 - src.collect_pipeline - INFO - Making API request: /fixtures/statistics?fixture=1044859
2025-09-03 17:19:09,348 - src.collect_pipeline - INFO - API response: 2 results
2025-09-03 17:19:09,349 - src.collect_pipeline - INFO - Making API request: /fixtures/statistics?fixture=1044852
2025-09-03 17:19:09,479 - src.collect_pipeline - INFO - API response: 2 results
2025-09-03 17:19:09,480 - src.collect_pipeline - INFO - Making API request: /fixtures/statistics?fixture=1044860
2025-09-03 17:19:09,604 - src.collect_pipeline - INFO - API response: 2 results
2025-09-03 17:19:09,606 - src.collect_pipeline - INFO - Making API request: /fixtures/statistics?fixture=1044861
2025-09-03 17:19:09,741 - src.collect_pipeline - INFO - API response: 2 results
2025-09-03 17:19:09,742 - src.collect_pipeline - INFO - Making API request: /fixtures/statistics?fixture=1044865
2025-09-03 17:19:09,878 - src.collect_pipeline - INFO - API response: 2 results
2025-09-03 17:19:09,879 - src.collect_pipeline - INFO - Making API request: /fixtures/statistics?fixture=1044868
2025-09-03 17:19:10,023 - src.collect_pipeline - INFO - API response: 2 results
2025-09-03 17:19:10,024 - src.collect_pipeline - INFO - Making API request: /fixtures/statistics?fixture=1044863
2025-09-03 17:19:10,163 - src.collect_pipeline - INFO - API response: 2 results
2025-09-03 17:19:10,164 - src.collect_pipeline - INFO - Making API request: /fixtures/statistics?fixture=1044870
2025-09-03 17:19:10,302 - src.collect_pipeline - INFO - API response: 2 results
2025-09-03 17:19:10,303 - src.collect_pipeline - INFO - Making API request: /fixtures/statistics?fixture=1044869
2025-09-03 17:19:10,426 - src.collect_pipeline - INFO - API response: 2 results
2025-09-03 17:19:10,427 - src.collect_pipeline - INFO - Making API request: /fixtures/statistics?fixture=1044864
2025-09-03 17:19:10,550 - src.collect_pipeline - INFO - API response: 2 results
2025-09-03 17:19:10,551 - src.collect_pipeline - INFO - Making API request: /fixtures/statistics?fixture=1044862
2025-09-03 17:19:10,715 - src.collect_pipeline - INFO - API response: 2 results
2025-09-03 17:19:10,716 - src.collect_pipeline - INFO - Making API request: /fixtures/statistics?fixture=1044866
2025-09-03 17:19:10,925 - src.collect_pipeline - INFO - API response: 2 results
2025-09-03 17:19:10,926 - src.collect_pipeline - INFO - Making API request: /fixtures/statistics?fixture=1044867
2025-09-03 17:19:11,061 - src.collect_pipeline - INFO - API response: 2 results
2025-09-03 17:19:11,062 - src.collect_pipeline - INFO - Making API request: /fixtures/statistics?fixture=1044880
2025-09-03 17:19:11,190 - src.collect_pipeline - INFO - API response: 2 results
2025-09-03 17:19:11,191 - src.collect_pipeline - INFO - Making API request: /fixtures/statistics?fixture=1044871
2025-09-03 17:19:11,321 - src.collect_pipeline - INFO - API response: 2 results
2025-09-03 17:19:11,323 - src.collect_pipeline - INFO - Making API request: /fixtures/statistics?fixture=1044873
2025-09-03 17:19:11,470 - src.collect_pipeline - INFO - API response: 2 results
2025-09-03 17:19:11,471 - src.collect_pipeline - INFO - Making API request: /fixtures/statistics?fixture=1044872
2025-09-03 17:19:11,608 - src.collect_pipeline - INFO - API response: 2 results
2025-09-03 17:19:11,609 - src.collect_pipeline - INFO - Making API request: /fixtures/statistics?fixture=1044875
2025-09-03 17:19:11,749 - src.collect_pipeline - INFO - API response: 2 results
2025-09-03 17:19:11,750 - src.collect_pipeline - INFO - Making API request: /fixtures/statistics?fixture=1044876
2025-09-03 17:19:11,883 - src.collect_pipeline - INFO - API response: 2 results
2025-09-03 17:19:11,884 - src.collect_pipeline - INFO - Making API request: /fixtures/statistics?fixture=1044877
2025-09-03 17:19:12,017 - src.collect_pipeline - INFO - API response: 2 results
2025-09-03 17:19:12,017 - src.collect_pipeline - INFO - Making API request: /fixtures/statistics?fixture=1044879
2025-09-03 17:19:12,175 - src.collect_pipeline - INFO - API response: 2 results
2025-09-03 17:19:12,176 - src.collect_pipeline - INFO - Making API request: /fixtures/statistics?fixture=1044874
2025-09-03 17:19:12,328 - src.collect_pipeline - INFO - API response: 2 results
2025-09-03 17:19:12,329 - src.collect_pipeline - INFO - Making API request: /fixtures/statistics?fixture=1044878
2025-09-03 17:19:12,467 - src.collect_pipeline - INFO - API response: 2 results
2025-09-03 17:19:12,472 - src.collect_pipeline - INFO - Progress saved to data/raw\data_collection_progress.json
2025-09-03 17:19:12,472 - src.collect_pipeline - INFO - No existing team_statistics file found
2025-09-03 17:19:12,676 - src.collect_pipeline - INFO - team_statistics: 380 new, 0 duplicates skipped
2025-09-03 17:19:12,676 - src.collect_pipeline - INFO - Total team_statistics records: 380
2025-09-03 17:19:12,676 - src.collect_pipeline - INFO - Saved to data/raw\Netherlands\Eerste Divisie\2023\team_statistics.json
