2025-09-03 17:20:26,809 - src.collect_pipeline - INFO - Logging initialized. Log file: logs/collection\collection_20250903_172026.log
2025-09-03 17:20:26,811 - src.collect_pipeline - INFO - Logging initialized. Log file: logs/collection\collection_20250903_172026.log
2025-09-03 17:20:26,812 - src.collect_pipeline - INFO - Filtering leagues with: league_id=None, filter_ids=[89], filter_tiers=None, filter_cups=None, filter_categories=None
2025-09-03 17:20:26,812 - src.collect_pipeline - INFO - Only filter_ids provided: [89]
2025-09-03 17:20:26,812 - src.collect_pipeline - INFO - Processing Eerste Divisie (Netherlands) - ID: 89
2025-09-03 17:20:26,812 - src.collect_pipeline - INFO - Getting dates for Eerste Divisie (Netherlands) - Season 2022
2025-09-03 17:20:26,812 - src.collect_pipeline - INFO - Using default dates for Eerste Divisie: 2022-08-01 to 2023-05-31
2025-09-03 17:20:26,813 - src.collect_pipeline - INFO - Using automatic dates for Eerste Divisie: 2022-08-01 to 2023-05-31
2025-09-03 17:20:26,813 - src.collect_pipeline - INFO - Phase 1: Collecting 2022 season 2022-08-01 to 2023-05-31
2025-09-03 17:20:26,813 - src.collect_pipeline - INFO - Phase 1: Collecting entire season 2022-08-01 to 2023-05-31
2025-09-03 17:20:26,814 - src.collect_pipeline - INFO - Progress saved to data/raw\data_collection_progress.json
2025-09-03 17:20:26,814 - src.collect_pipeline - INFO - Fetching fixtures for Eerste Divisie 2022...
2025-09-03 17:20:26,814 - src.collect_pipeline - INFO - Date range: 2022-08-01 to 2023-05-31
2025-09-03 17:20:26,814 - src.collect_pipeline - INFO - Making API request: /fixtures?league=89&season=2022&from=2022-08-01&to=2023-05-31
2025-09-03 17:20:27,612 - src.collect_pipeline - INFO - API response: 380 results
2025-09-03 17:20:27,614 - src.collect_pipeline - INFO - Found 380 new fixtures to collect (excluding 0 already collected)
2025-09-03 17:20:27,723 - src.collect_pipeline - INFO - Saved 380 new fixtures to data/raw\Netherlands\Eerste Divisie\2022\fixture_events.json (total fixtures: 380)
2025-09-03 17:20:27,727 - src.collect_pipeline - INFO - Progress saved to data/raw\data_collection_progress.json
2025-09-03 17:20:27,728 - src.collect_pipeline - INFO - Found 380 fixtures to process for team_statistics
2025-09-03 17:20:27,728 - src.collect_pipeline - INFO - Processing 380 fixtures for team_statistics
2025-09-03 17:20:27,728 - src.collect_pipeline - INFO - Processing batch 1
2025-09-03 17:20:27,728 - src.collect_pipeline - INFO - Making API request: /fixtures/statistics?fixture=867570
2025-09-03 17:20:28,176 - src.collect_pipeline - INFO - API response: 2 results
2025-09-03 17:20:28,177 - src.collect_pipeline - INFO - Making API request: /fixtures/statistics?fixture=867567
2025-09-03 17:20:28,513 - src.collect_pipeline - INFO - API response: 2 results
2025-09-03 17:20:28,514 - src.collect_pipeline - INFO - Making API request: /fixtures/statistics?fixture=867569
2025-09-03 17:20:28,659 - src.collect_pipeline - INFO - API response: 2 results
2025-09-03 17:20:28,660 - src.collect_pipeline - INFO - Making API request: /fixtures/statistics?fixture=867566
2025-09-03 17:20:28,815 - src.collect_pipeline - INFO - API response: 2 results
2025-09-03 17:20:28,816 - src.collect_pipeline - INFO - Making API request: /fixtures/statistics?fixture=867565
2025-09-03 17:20:28,974 - src.collect_pipeline - INFO - API response: 2 results
2025-09-03 17:20:28,975 - src.collect_pipeline - INFO - Making API request: /fixtures/statistics?fixture=867564
2025-09-03 17:20:29,115 - src.collect_pipeline - INFO - API response: 2 results
2025-09-03 17:20:29,116 - src.collect_pipeline - INFO - Making API request: /fixtures/statistics?fixture=867568
2025-09-03 17:20:29,270 - src.collect_pipeline - INFO - API response: 2 results
2025-09-03 17:20:29,272 - src.collect_pipeline - INFO - Making API request: /fixtures/statistics?fixture=867571
2025-09-03 17:20:29,418 - src.collect_pipeline - INFO - API response: 2 results
2025-09-03 17:20:29,418 - src.collect_pipeline - INFO - Making API request: /fixtures/statistics?fixture=867573
2025-09-03 17:20:29,542 - src.collect_pipeline - INFO - API response: 2 results
2025-09-03 17:20:29,543 - src.collect_pipeline - INFO - Making API request: /fixtures/statistics?fixture=867572
2025-09-03 17:20:29,673 - src.collect_pipeline - INFO - API response: 2 results
2025-09-03 17:20:29,674 - src.collect_pipeline - INFO - Making API request: /fixtures/statistics?fixture=867575
2025-09-03 17:20:29,799 - src.collect_pipeline - INFO - API response: 2 results
2025-09-03 17:20:29,800 - src.collect_pipeline - INFO - Making API request: /fixtures/statistics?fixture=867578
2025-09-03 17:20:29,930 - src.collect_pipeline - INFO - API response: 2 results
2025-09-03 17:20:29,931 - src.collect_pipeline - INFO - Making API request: /fixtures/statistics?fixture=867574
2025-09-03 17:20:30,065 - src.collect_pipeline - INFO - API response: 2 results
2025-09-03 17:20:30,066 - src.collect_pipeline - INFO - Making API request: /fixtures/statistics?fixture=867576
2025-09-03 17:20:30,213 - src.collect_pipeline - INFO - API response: 2 results
2025-09-03 17:20:30,214 - src.collect_pipeline - INFO - Making API request: /fixtures/statistics?fixture=867577
2025-09-03 17:20:30,350 - src.collect_pipeline - INFO - API response: 2 results
2025-09-03 17:20:30,351 - src.collect_pipeline - INFO - Making API request: /fixtures/statistics?fixture=867579
2025-09-03 17:20:30,545 - src.collect_pipeline - INFO - API response: 2 results
2025-09-03 17:20:30,546 - src.collect_pipeline - INFO - Making API request: /fixtures/statistics?fixture=867580
2025-09-03 17:20:30,767 - src.collect_pipeline - INFO - API response: 2 results
2025-09-03 17:20:30,768 - src.collect_pipeline - INFO - Making API request: /fixtures/statistics?fixture=867582
2025-09-03 17:20:30,905 - src.collect_pipeline - INFO - API response: 2 results
2025-09-03 17:20:30,907 - src.collect_pipeline - INFO - Making API request: /fixtures/statistics?fixture=867583
2025-09-03 17:20:31,060 - src.collect_pipeline - INFO - API response: 2 results
2025-09-03 17:20:31,061 - src.collect_pipeline - INFO - Making API request: /fixtures/statistics?fixture=867581
2025-09-03 17:20:31,208 - src.collect_pipeline - INFO - API response: 2 results
2025-09-03 17:20:31,209 - src.collect_pipeline - INFO - Making API request: /fixtures/statistics?fixture=867589
2025-09-03 17:20:31,340 - src.collect_pipeline - INFO - API response: 2 results
2025-09-03 17:20:31,341 - src.collect_pipeline - INFO - Making API request: /fixtures/statistics?fixture=867588
2025-09-03 17:20:31,482 - src.collect_pipeline - INFO - API response: 2 results
2025-09-03 17:20:31,483 - src.collect_pipeline - INFO - Making API request: /fixtures/statistics?fixture=867585
2025-09-03 17:20:31,619 - src.collect_pipeline - INFO - API response: 2 results
2025-09-03 17:20:31,620 - src.collect_pipeline - INFO - Making API request: /fixtures/statistics?fixture=867587
2025-09-03 17:20:31,750 - src.collect_pipeline - INFO - API response: 2 results
2025-09-03 17:20:31,751 - src.collect_pipeline - INFO - Making API request: /fixtures/statistics?fixture=867584
2025-09-03 17:20:31,888 - src.collect_pipeline - INFO - API response: 2 results
2025-09-03 17:20:31,889 - src.collect_pipeline - INFO - Making API request: /fixtures/statistics?fixture=867586
2025-09-03 17:20:32,032 - src.collect_pipeline - INFO - API response: 2 results
2025-09-03 17:20:32,033 - src.collect_pipeline - INFO - Making API request: /fixtures/statistics?fixture=867590
2025-09-03 17:20:32,183 - src.collect_pipeline - INFO - API response: 2 results
2025-09-03 17:20:32,185 - src.collect_pipeline - INFO - Making API request: /fixtures/statistics?fixture=867593
2025-09-03 17:20:32,310 - src.collect_pipeline - INFO - API response: 2 results
2025-09-03 17:20:32,310 - src.collect_pipeline - INFO - Making API request: /fixtures/statistics?fixture=867592
2025-09-03 17:20:32,439 - src.collect_pipeline - INFO - API response: 2 results
2025-09-03 17:20:32,440 - src.collect_pipeline - INFO - Making API request: /fixtures/statistics?fixture=867591
2025-09-03 17:20:32,577 - src.collect_pipeline - INFO - API response: 2 results
2025-09-03 17:20:32,578 - src.collect_pipeline - INFO - Making API request: /fixtures/statistics?fixture=867599
2025-09-03 17:20:32,728 - src.collect_pipeline - INFO - API response: 2 results
2025-09-03 17:20:32,729 - src.collect_pipeline - INFO - Making API request: /fixtures/statistics?fixture=867596
2025-09-03 17:20:32,862 - src.collect_pipeline - INFO - API response: 2 results
2025-09-03 17:20:32,862 - src.collect_pipeline - INFO - Making API request: /fixtures/statistics?fixture=867600
2025-09-03 17:20:32,988 - src.collect_pipeline - INFO - API response: 2 results
2025-09-03 17:20:32,990 - src.collect_pipeline - INFO - Making API request: /fixtures/statistics?fixture=867594
2025-09-03 17:20:33,164 - src.collect_pipeline - INFO - API response: 2 results
2025-09-03 17:20:33,164 - src.collect_pipeline - INFO - Making API request: /fixtures/statistics?fixture=867595
2025-09-03 17:20:33,309 - src.collect_pipeline - INFO - API response: 2 results
2025-09-03 17:20:33,310 - src.collect_pipeline - INFO - Making API request: /fixtures/statistics?fixture=867598
2025-09-03 17:20:33,459 - src.collect_pipeline - INFO - API response: 2 results
2025-09-03 17:20:33,460 - src.collect_pipeline - INFO - Making API request: /fixtures/statistics?fixture=867601
2025-09-03 17:20:33,836 - src.collect_pipeline - INFO - API response: 2 results
2025-09-03 17:20:33,836 - src.collect_pipeline - INFO - Making API request: /fixtures/statistics?fixture=867602
2025-09-03 17:20:34,195 - src.collect_pipeline - INFO - API response: 2 results
2025-09-03 17:20:34,196 - src.collect_pipeline - INFO - Making API request: /fixtures/statistics?fixture=867597
2025-09-03 17:20:34,334 - src.collect_pipeline - INFO - API response: 2 results
2025-09-03 17:20:34,334 - src.collect_pipeline - INFO - Making API request: /fixtures/statistics?fixture=867603
2025-09-03 17:20:34,474 - src.collect_pipeline - INFO - API response: 2 results
2025-09-03 17:20:34,475 - src.collect_pipeline - INFO - Making API request: /fixtures/statistics?fixture=867607
2025-09-03 17:20:34,597 - src.collect_pipeline - INFO - API response: 2 results
2025-09-03 17:20:34,598 - src.collect_pipeline - INFO - Making API request: /fixtures/statistics?fixture=867609
2025-09-03 17:20:34,729 - src.collect_pipeline - INFO - API response: 2 results
2025-09-03 17:20:34,730 - src.collect_pipeline - INFO - Making API request: /fixtures/statistics?fixture=867606
2025-09-03 17:20:34,869 - src.collect_pipeline - INFO - API response: 2 results
2025-09-03 17:20:34,870 - src.collect_pipeline - INFO - Making API request: /fixtures/statistics?fixture=867608
2025-09-03 17:20:34,995 - src.collect_pipeline - INFO - API response: 2 results
2025-09-03 17:20:34,996 - src.collect_pipeline - INFO - Making API request: /fixtures/statistics?fixture=867604
2025-09-03 17:20:35,132 - src.collect_pipeline - INFO - API response: 2 results
2025-09-03 17:20:35,133 - src.collect_pipeline - INFO - Making API request: /fixtures/statistics?fixture=867605
2025-09-03 17:20:35,269 - src.collect_pipeline - INFO - API response: 2 results
2025-09-03 17:20:35,270 - src.collect_pipeline - INFO - Making API request: /fixtures/statistics?fixture=867610
2025-09-03 17:20:35,417 - src.collect_pipeline - INFO - API response: 2 results
2025-09-03 17:20:35,418 - src.collect_pipeline - INFO - Making API request: /fixtures/statistics?fixture=867613
2025-09-03 17:20:35,618 - src.collect_pipeline - INFO - API response: 2 results
2025-09-03 17:20:35,618 - src.collect_pipeline - INFO - Making API request: /fixtures/statistics?fixture=867612
2025-09-03 17:20:35,840 - src.collect_pipeline - INFO - API response: 2 results
2025-09-03 17:20:35,841 - src.collect_pipeline - INFO - Making API request: /fixtures/statistics?fixture=867611
2025-09-03 17:20:35,967 - src.collect_pipeline - INFO - API response: 2 results
2025-09-03 17:20:35,971 - src.collect_pipeline - INFO - Progress saved to data/raw\data_collection_progress.json
2025-09-03 17:20:35,971 - src.collect_pipeline - INFO - Processing batch 2
2025-09-03 17:20:35,971 - src.collect_pipeline - INFO - Making API request: /fixtures/statistics?fixture=867621
2025-09-03 17:20:36,133 - src.collect_pipeline - INFO - API response: 2 results
2025-09-03 17:20:36,134 - src.collect_pipeline - INFO - Making API request: /fixtures/statistics?fixture=867614
2025-09-03 17:20:36,295 - src.collect_pipeline - INFO - API response: 2 results
2025-09-03 17:20:36,296 - src.collect_pipeline - INFO - Making API request: /fixtures/statistics?fixture=867618
2025-09-03 17:20:36,435 - src.collect_pipeline - INFO - API response: 2 results
2025-09-03 17:20:36,436 - src.collect_pipeline - INFO - Making API request: /fixtures/statistics?fixture=867619
2025-09-03 17:20:36,588 - src.collect_pipeline - INFO - API response: 2 results
2025-09-03 17:20:36,589 - src.collect_pipeline - INFO - Making API request: /fixtures/statistics?fixture=867616
2025-09-03 17:20:36,733 - src.collect_pipeline - INFO - API response: 2 results
2025-09-03 17:20:36,734 - src.collect_pipeline - INFO - Making API request: /fixtures/statistics?fixture=867622
2025-09-03 17:20:36,872 - src.collect_pipeline - INFO - API response: 2 results
2025-09-03 17:20:36,873 - src.collect_pipeline - INFO - Making API request: /fixtures/statistics?fixture=867615
2025-09-03 17:20:37,014 - src.collect_pipeline - INFO - API response: 2 results
2025-09-03 17:20:37,015 - src.collect_pipeline - INFO - Making API request: /fixtures/statistics?fixture=867617
2025-09-03 17:20:37,143 - src.collect_pipeline - INFO - API response: 2 results
2025-09-03 17:20:37,144 - src.collect_pipeline - INFO - Making API request: /fixtures/statistics?fixture=867620
2025-09-03 17:20:37,268 - src.collect_pipeline - INFO - API response: 2 results
2025-09-03 17:20:37,269 - src.collect_pipeline - INFO - Making API request: /fixtures/statistics?fixture=867623
2025-09-03 17:20:37,413 - src.collect_pipeline - INFO - API response: 2 results
2025-09-03 17:20:37,414 - src.collect_pipeline - INFO - Making API request: /fixtures/statistics?fixture=867637
2025-09-03 17:20:37,546 - src.collect_pipeline - INFO - API response: 2 results
2025-09-03 17:20:37,547 - src.collect_pipeline - INFO - Making API request: /fixtures/statistics?fixture=867638
2025-09-03 17:20:37,686 - src.collect_pipeline - INFO - API response: 2 results
2025-09-03 17:20:37,687 - src.collect_pipeline - INFO - Making API request: /fixtures/statistics?fixture=867636
2025-09-03 17:20:37,821 - src.collect_pipeline - INFO - API response: 2 results
2025-09-03 17:20:37,823 - src.collect_pipeline - INFO - Making API request: /fixtures/statistics?fixture=867635
2025-09-03 17:20:37,954 - src.collect_pipeline - INFO - API response: 2 results
2025-09-03 17:20:37,955 - src.collect_pipeline - INFO - Making API request: /fixtures/statistics?fixture=867634
2025-09-03 17:20:38,090 - src.collect_pipeline - INFO - API response: 2 results
2025-09-03 17:20:38,091 - src.collect_pipeline - INFO - Making API request: /fixtures/statistics?fixture=867639
2025-09-03 17:20:38,230 - src.collect_pipeline - INFO - API response: 2 results
2025-09-03 17:20:38,231 - src.collect_pipeline - INFO - Making API request: /fixtures/statistics?fixture=867629
2025-09-03 17:20:38,375 - src.collect_pipeline - INFO - API response: 2 results
2025-09-03 17:20:38,376 - src.collect_pipeline - INFO - Making API request: /fixtures/statistics?fixture=867632
2025-09-03 17:20:38,537 - src.collect_pipeline - INFO - API response: 2 results
2025-09-03 17:20:38,537 - src.collect_pipeline - INFO - Making API request: /fixtures/statistics?fixture=867625
2025-09-03 17:20:38,692 - src.collect_pipeline - INFO - API response: 2 results
2025-09-03 17:20:38,693 - src.collect_pipeline - INFO - Making API request: /fixtures/statistics?fixture=867628
2025-09-03 17:20:38,831 - src.collect_pipeline - INFO - API response: 2 results
2025-09-03 17:20:38,832 - src.collect_pipeline - INFO - Making API request: /fixtures/statistics?fixture=867631
2025-09-03 17:20:38,973 - src.collect_pipeline - INFO - API response: 2 results
2025-09-03 17:20:38,974 - src.collect_pipeline - INFO - Making API request: /fixtures/statistics?fixture=867627
2025-09-03 17:20:39,118 - src.collect_pipeline - INFO - API response: 2 results
2025-09-03 17:20:39,119 - src.collect_pipeline - INFO - Making API request: /fixtures/statistics?fixture=867624
2025-09-03 17:20:39,263 - src.collect_pipeline - INFO - API response: 2 results
2025-09-03 17:20:39,264 - src.collect_pipeline - INFO - Making API request: /fixtures/statistics?fixture=867626
2025-09-03 17:20:39,404 - src.collect_pipeline - INFO - API response: 2 results
2025-09-03 17:20:39,405 - src.collect_pipeline - INFO - Making API request: /fixtures/statistics?fixture=867630
2025-09-03 17:20:39,531 - src.collect_pipeline - INFO - API response: 2 results
2025-09-03 17:20:39,532 - src.collect_pipeline - INFO - Making API request: /fixtures/statistics?fixture=867633
2025-09-03 17:20:39,685 - src.collect_pipeline - INFO - API response: 2 results
2025-09-03 17:20:39,686 - src.collect_pipeline - INFO - Making API request: /fixtures/statistics?fixture=867643
2025-09-03 17:20:39,827 - src.collect_pipeline - INFO - API response: 2 results
2025-09-03 17:20:39,828 - src.collect_pipeline - INFO - Making API request: /fixtures/statistics?fixture=867641
2025-09-03 17:20:39,978 - src.collect_pipeline - INFO - API response: 2 results
2025-09-03 17:20:39,979 - src.collect_pipeline - INFO - Making API request: /fixtures/statistics?fixture=867640
2025-09-03 17:20:40,171 - src.collect_pipeline - INFO - API response: 2 results
2025-09-03 17:20:40,172 - src.collect_pipeline - INFO - Making API request: /fixtures/statistics?fixture=867642
2025-09-03 17:20:40,305 - src.collect_pipeline - INFO - API response: 2 results
2025-09-03 17:20:40,306 - src.collect_pipeline - INFO - Making API request: /fixtures/statistics?fixture=867652
2025-09-03 17:20:40,443 - src.collect_pipeline - INFO - API response: 2 results
2025-09-03 17:20:40,444 - src.collect_pipeline - INFO - Making API request: /fixtures/statistics?fixture=867644
2025-09-03 17:20:40,608 - src.collect_pipeline - INFO - API response: 2 results
2025-09-03 17:20:40,609 - src.collect_pipeline - INFO - Making API request: /fixtures/statistics?fixture=867648
2025-09-03 17:20:40,767 - src.collect_pipeline - INFO - API response: 2 results
2025-09-03 17:20:40,768 - src.collect_pipeline - INFO - Making API request: /fixtures/statistics?fixture=867651
2025-09-03 17:20:40,910 - src.collect_pipeline - INFO - API response: 2 results
2025-09-03 17:20:40,911 - src.collect_pipeline - INFO - Making API request: /fixtures/statistics?fixture=867650
2025-09-03 17:20:41,065 - src.collect_pipeline - INFO - API response: 2 results
2025-09-03 17:20:41,065 - src.collect_pipeline - INFO - Making API request: /fixtures/statistics?fixture=867645
2025-09-03 17:20:41,198 - src.collect_pipeline - INFO - API response: 2 results
2025-09-03 17:20:41,199 - src.collect_pipeline - INFO - Making API request: /fixtures/statistics?fixture=867646
2025-09-03 17:20:41,331 - src.collect_pipeline - INFO - API response: 2 results
2025-09-03 17:20:41,332 - src.collect_pipeline - INFO - Making API request: /fixtures/statistics?fixture=867647
2025-09-03 17:20:41,479 - src.collect_pipeline - INFO - API response: 2 results
2025-09-03 17:20:41,480 - src.collect_pipeline - INFO - Making API request: /fixtures/statistics?fixture=867649
2025-09-03 17:20:41,627 - src.collect_pipeline - INFO - API response: 2 results
2025-09-03 17:20:41,628 - src.collect_pipeline - INFO - Making API request: /fixtures/statistics?fixture=867653
2025-09-03 17:20:41,754 - src.collect_pipeline - INFO - API response: 2 results
2025-09-03 17:20:41,755 - src.collect_pipeline - INFO - Making API request: /fixtures/statistics?fixture=867663
2025-09-03 17:20:41,902 - src.collect_pipeline - INFO - API response: 2 results
2025-09-03 17:20:41,903 - src.collect_pipeline - INFO - Making API request: /fixtures/statistics?fixture=867654
2025-09-03 17:20:42,037 - src.collect_pipeline - INFO - API response: 2 results
2025-09-03 17:20:42,038 - src.collect_pipeline - INFO - Making API request: /fixtures/statistics?fixture=867658
2025-09-03 17:20:42,161 - src.collect_pipeline - INFO - API response: 2 results
2025-09-03 17:20:42,161 - src.collect_pipeline - INFO - Making API request: /fixtures/statistics?fixture=867657
2025-09-03 17:20:42,296 - src.collect_pipeline - INFO - API response: 2 results
2025-09-03 17:20:42,297 - src.collect_pipeline - INFO - Making API request: /fixtures/statistics?fixture=867660
2025-09-03 17:20:42,444 - src.collect_pipeline - INFO - API response: 2 results
2025-09-03 17:20:42,444 - src.collect_pipeline - INFO - Making API request: /fixtures/statistics?fixture=867661
2025-09-03 17:20:42,577 - src.collect_pipeline - INFO - API response: 2 results
2025-09-03 17:20:42,578 - src.collect_pipeline - INFO - Making API request: /fixtures/statistics?fixture=867656
2025-09-03 17:20:42,712 - src.collect_pipeline - INFO - API response: 2 results
2025-09-03 17:20:42,713 - src.collect_pipeline - INFO - Making API request: /fixtures/statistics?fixture=867659
2025-09-03 17:20:42,845 - src.collect_pipeline - INFO - API response: 2 results
2025-09-03 17:20:42,846 - src.collect_pipeline - INFO - Making API request: /fixtures/statistics?fixture=867655
2025-09-03 17:20:42,982 - src.collect_pipeline - INFO - API response: 2 results
2025-09-03 17:20:42,983 - src.collect_pipeline - INFO - Making API request: /fixtures/statistics?fixture=867662
2025-09-03 17:20:43,133 - src.collect_pipeline - INFO - API response: 2 results
2025-09-03 17:20:43,138 - src.collect_pipeline - INFO - Progress saved to data/raw\data_collection_progress.json
2025-09-03 17:20:43,139 - src.collect_pipeline - INFO - Processing batch 3
2025-09-03 17:20:43,139 - src.collect_pipeline - INFO - Making API request: /fixtures/statistics?fixture=867671
2025-09-03 17:20:43,283 - src.collect_pipeline - INFO - API response: 2 results
2025-09-03 17:20:43,284 - src.collect_pipeline - INFO - Making API request: /fixtures/statistics?fixture=867667
2025-09-03 17:20:43,415 - src.collect_pipeline - INFO - API response: 2 results
2025-09-03 17:20:43,416 - src.collect_pipeline - INFO - Making API request: /fixtures/statistics?fixture=867670
2025-09-03 17:20:43,559 - src.collect_pipeline - INFO - API response: 2 results
2025-09-03 17:20:43,560 - src.collect_pipeline - INFO - Making API request: /fixtures/statistics?fixture=867673
2025-09-03 17:20:43,843 - src.collect_pipeline - INFO - API response: 2 results
2025-09-03 17:20:43,844 - src.collect_pipeline - INFO - Making API request: /fixtures/statistics?fixture=867669
2025-09-03 17:20:43,981 - src.collect_pipeline - INFO - API response: 2 results
2025-09-03 17:20:43,982 - src.collect_pipeline - INFO - Making API request: /fixtures/statistics?fixture=867664
2025-09-03 17:20:44,126 - src.collect_pipeline - INFO - API response: 2 results
2025-09-03 17:20:44,127 - src.collect_pipeline - INFO - Making API request: /fixtures/statistics?fixture=867665
2025-09-03 17:20:44,270 - src.collect_pipeline - INFO - API response: 2 results
2025-09-03 17:20:44,271 - src.collect_pipeline - INFO - Making API request: /fixtures/statistics?fixture=867666
2025-09-03 17:20:44,427 - src.collect_pipeline - INFO - API response: 2 results
2025-09-03 17:20:44,428 - src.collect_pipeline - INFO - Making API request: /fixtures/statistics?fixture=867668
2025-09-03 17:20:44,568 - src.collect_pipeline - INFO - API response: 2 results
2025-09-03 17:20:44,569 - src.collect_pipeline - INFO - Making API request: /fixtures/statistics?fixture=867672
2025-09-03 17:20:44,699 - src.collect_pipeline - INFO - API response: 2 results
2025-09-03 17:20:44,700 - src.collect_pipeline - INFO - Making API request: /fixtures/statistics?fixture=867679
2025-09-03 17:20:44,829 - src.collect_pipeline - INFO - API response: 2 results
2025-09-03 17:20:44,830 - src.collect_pipeline - INFO - Making API request: /fixtures/statistics?fixture=867674
2025-09-03 17:20:44,974 - src.collect_pipeline - INFO - API response: 2 results
2025-09-03 17:20:44,975 - src.collect_pipeline - INFO - Making API request: /fixtures/statistics?fixture=867676
2025-09-03 17:20:45,100 - src.collect_pipeline - INFO - API response: 2 results
2025-09-03 17:20:45,101 - src.collect_pipeline - INFO - Making API request: /fixtures/statistics?fixture=867678
2025-09-03 17:20:45,264 - src.collect_pipeline - INFO - API response: 2 results
2025-09-03 17:20:45,265 - src.collect_pipeline - INFO - Making API request: /fixtures/statistics?fixture=867675
2025-09-03 17:20:45,397 - src.collect_pipeline - INFO - API response: 2 results
2025-09-03 17:20:45,398 - src.collect_pipeline - INFO - Making API request: /fixtures/statistics?fixture=867677
2025-09-03 17:20:45,526 - src.collect_pipeline - INFO - API response: 2 results
2025-09-03 17:20:45,527 - src.collect_pipeline - INFO - Making API request: /fixtures/statistics?fixture=867682
2025-09-03 17:20:45,672 - src.collect_pipeline - INFO - API response: 2 results
2025-09-03 17:20:45,673 - src.collect_pipeline - INFO - Making API request: /fixtures/statistics?fixture=867681
2025-09-03 17:20:45,811 - src.collect_pipeline - INFO - API response: 2 results
2025-09-03 17:20:45,812 - src.collect_pipeline - INFO - Making API request: /fixtures/statistics?fixture=867680
2025-09-03 17:20:45,943 - src.collect_pipeline - INFO - API response: 2 results
2025-09-03 17:20:45,944 - src.collect_pipeline - INFO - Making API request: /fixtures/statistics?fixture=867683
2025-09-03 17:20:46,090 - src.collect_pipeline - INFO - API response: 2 results
2025-09-03 17:20:46,090 - src.collect_pipeline - INFO - Making API request: /fixtures/statistics?fixture=867689
2025-09-03 17:20:46,269 - src.collect_pipeline - INFO - API response: 2 results
2025-09-03 17:20:46,270 - src.collect_pipeline - INFO - Making API request: /fixtures/statistics?fixture=867687
2025-09-03 17:20:46,422 - src.collect_pipeline - INFO - API response: 2 results
2025-09-03 17:20:46,423 - src.collect_pipeline - INFO - Making API request: /fixtures/statistics?fixture=867692
2025-09-03 17:20:46,556 - src.collect_pipeline - INFO - API response: 2 results
2025-09-03 17:20:46,557 - src.collect_pipeline - INFO - Making API request: /fixtures/statistics?fixture=867690
2025-09-03 17:20:46,694 - src.collect_pipeline - INFO - API response: 2 results
2025-09-03 17:20:46,695 - src.collect_pipeline - INFO - Making API request: /fixtures/statistics?fixture=867684
2025-09-03 17:20:46,835 - src.collect_pipeline - INFO - API response: 2 results
2025-09-03 17:20:46,836 - src.collect_pipeline - INFO - Making API request: /fixtures/statistics?fixture=867685
2025-09-03 17:20:46,966 - src.collect_pipeline - INFO - API response: 2 results
2025-09-03 17:20:46,966 - src.collect_pipeline - INFO - Making API request: /fixtures/statistics?fixture=867686
2025-09-03 17:20:47,096 - src.collect_pipeline - INFO - API response: 2 results
2025-09-03 17:20:47,097 - src.collect_pipeline - INFO - Making API request: /fixtures/statistics?fixture=867688
2025-09-03 17:20:47,240 - src.collect_pipeline - INFO - API response: 2 results
2025-09-03 17:20:47,241 - src.collect_pipeline - INFO - Making API request: /fixtures/statistics?fixture=867691
2025-09-03 17:20:47,400 - src.collect_pipeline - INFO - API response: 2 results
2025-09-03 17:20:47,401 - src.collect_pipeline - INFO - Making API request: /fixtures/statistics?fixture=867693
2025-09-03 17:20:47,535 - src.collect_pipeline - INFO - API response: 2 results
2025-09-03 17:20:47,536 - src.collect_pipeline - INFO - Making API request: /fixtures/statistics?fixture=867700
2025-09-03 17:20:47,667 - src.collect_pipeline - INFO - API response: 2 results
2025-09-03 17:20:47,668 - src.collect_pipeline - INFO - Making API request: /fixtures/statistics?fixture=867694
2025-09-03 17:20:47,880 - src.collect_pipeline - INFO - API response: 2 results
2025-09-03 17:20:47,881 - src.collect_pipeline - INFO - Making API request: /fixtures/statistics?fixture=867698
2025-09-03 17:20:48,018 - src.collect_pipeline - INFO - API response: 2 results
2025-09-03 17:20:48,018 - src.collect_pipeline - INFO - Making API request: /fixtures/statistics?fixture=867696
2025-09-03 17:20:48,152 - src.collect_pipeline - INFO - API response: 2 results
2025-09-03 17:20:48,152 - src.collect_pipeline - INFO - Making API request: /fixtures/statistics?fixture=867697
2025-09-03 17:20:48,284 - src.collect_pipeline - INFO - API response: 2 results
2025-09-03 17:20:48,285 - src.collect_pipeline - INFO - Making API request: /fixtures/statistics?fixture=867695
2025-09-03 17:20:48,421 - src.collect_pipeline - INFO - API response: 2 results
2025-09-03 17:20:48,422 - src.collect_pipeline - INFO - Making API request: /fixtures/statistics?fixture=867699
2025-09-03 17:20:48,576 - src.collect_pipeline - INFO - API response: 2 results
2025-09-03 17:20:48,577 - src.collect_pipeline - INFO - Making API request: /fixtures/statistics?fixture=867702
2025-09-03 17:20:48,746 - src.collect_pipeline - INFO - API response: 2 results
2025-09-03 17:20:48,747 - src.collect_pipeline - INFO - Making API request: /fixtures/statistics?fixture=867701
2025-09-03 17:20:48,884 - src.collect_pipeline - INFO - API response: 2 results
2025-09-03 17:20:48,884 - src.collect_pipeline - INFO - Making API request: /fixtures/statistics?fixture=867703
2025-09-03 17:20:49,025 - src.collect_pipeline - INFO - API response: 2 results
2025-09-03 17:20:49,026 - src.collect_pipeline - INFO - Making API request: /fixtures/statistics?fixture=867706
2025-09-03 17:20:49,172 - src.collect_pipeline - INFO - API response: 2 results
2025-09-03 17:20:49,173 - src.collect_pipeline - INFO - Making API request: /fixtures/statistics?fixture=867705
2025-09-03 17:20:49,312 - src.collect_pipeline - INFO - API response: 2 results
2025-09-03 17:20:49,313 - src.collect_pipeline - INFO - Making API request: /fixtures/statistics?fixture=867710
2025-09-03 17:20:49,451 - src.collect_pipeline - INFO - API response: 2 results
2025-09-03 17:20:49,452 - src.collect_pipeline - INFO - Making API request: /fixtures/statistics?fixture=867711
2025-09-03 17:20:49,610 - src.collect_pipeline - INFO - API response: 2 results
2025-09-03 17:20:49,611 - src.collect_pipeline - INFO - Making API request: /fixtures/statistics?fixture=867708
2025-09-03 17:20:49,744 - src.collect_pipeline - INFO - API response: 2 results
2025-09-03 17:20:49,745 - src.collect_pipeline - INFO - Making API request: /fixtures/statistics?fixture=867707
2025-09-03 17:20:49,877 - src.collect_pipeline - INFO - API response: 2 results
2025-09-03 17:20:49,878 - src.collect_pipeline - INFO - Making API request: /fixtures/statistics?fixture=867704
2025-09-03 17:20:50,006 - src.collect_pipeline - INFO - API response: 2 results
2025-09-03 17:20:50,007 - src.collect_pipeline - INFO - Making API request: /fixtures/statistics?fixture=867712
2025-09-03 17:20:50,139 - src.collect_pipeline - INFO - API response: 2 results
2025-09-03 17:20:50,140 - src.collect_pipeline - INFO - Making API request: /fixtures/statistics?fixture=867713
2025-09-03 17:20:50,262 - src.collect_pipeline - INFO - API response: 2 results
2025-09-03 17:20:50,263 - src.collect_pipeline - INFO - Making API request: /fixtures/statistics?fixture=867723
2025-09-03 17:20:50,411 - src.collect_pipeline - INFO - API response: 2 results
2025-09-03 17:20:50,415 - src.collect_pipeline - INFO - Progress saved to data/raw\data_collection_progress.json
2025-09-03 17:20:50,415 - src.collect_pipeline - INFO - Processing batch 4
2025-09-03 17:20:50,415 - src.collect_pipeline - INFO - Making API request: /fixtures/statistics?fixture=867714
2025-09-03 17:20:50,546 - src.collect_pipeline - INFO - API response: 2 results
2025-09-03 17:20:50,547 - src.collect_pipeline - INFO - Making API request: /fixtures/statistics?fixture=867715
2025-09-03 17:20:50,695 - src.collect_pipeline - INFO - API response: 2 results
2025-09-03 17:20:50,696 - src.collect_pipeline - INFO - Making API request: /fixtures/statistics?fixture=867716
2025-09-03 17:20:50,831 - src.collect_pipeline - INFO - API response: 2 results
2025-09-03 17:20:50,832 - src.collect_pipeline - INFO - Making API request: /fixtures/statistics?fixture=867717
2025-09-03 17:20:50,960 - src.collect_pipeline - INFO - API response: 2 results
2025-09-03 17:20:50,961 - src.collect_pipeline - INFO - Making API request: /fixtures/statistics?fixture=867718
2025-09-03 17:20:51,102 - src.collect_pipeline - INFO - API response: 2 results
2025-09-03 17:20:51,103 - src.collect_pipeline - INFO - Making API request: /fixtures/statistics?fixture=867719
2025-09-03 17:20:51,232 - src.collect_pipeline - INFO - API response: 2 results
2025-09-03 17:20:51,232 - src.collect_pipeline - INFO - Making API request: /fixtures/statistics?fixture=867722
2025-09-03 17:20:51,366 - src.collect_pipeline - INFO - API response: 2 results
2025-09-03 17:20:51,367 - src.collect_pipeline - INFO - Making API request: /fixtures/statistics?fixture=867720
2025-09-03 17:20:51,589 - src.collect_pipeline - INFO - API response: 2 results
2025-09-03 17:20:51,590 - src.collect_pipeline - INFO - Making API request: /fixtures/statistics?fixture=867721
2025-09-03 17:20:51,734 - src.collect_pipeline - INFO - API response: 2 results
2025-09-03 17:20:51,735 - src.collect_pipeline - INFO - Making API request: /fixtures/statistics?fixture=867730
2025-09-03 17:20:51,922 - src.collect_pipeline - INFO - API response: 2 results
2025-09-03 17:20:51,923 - src.collect_pipeline - INFO - Making API request: /fixtures/statistics?fixture=867725
2025-09-03 17:20:52,057 - src.collect_pipeline - INFO - API response: 2 results
2025-09-03 17:20:52,058 - src.collect_pipeline - INFO - Making API request: /fixtures/statistics?fixture=867729
2025-09-03 17:20:52,189 - src.collect_pipeline - INFO - API response: 2 results
2025-09-03 17:20:52,190 - src.collect_pipeline - INFO - Making API request: /fixtures/statistics?fixture=867731
2025-09-03 17:20:52,319 - src.collect_pipeline - INFO - API response: 2 results
2025-09-03 17:20:52,320 - src.collect_pipeline - INFO - Making API request: /fixtures/statistics?fixture=867724
2025-09-03 17:20:52,452 - src.collect_pipeline - INFO - API response: 2 results
2025-09-03 17:20:52,453 - src.collect_pipeline - INFO - Making API request: /fixtures/statistics?fixture=867728
2025-09-03 17:20:52,586 - src.collect_pipeline - INFO - API response: 2 results
2025-09-03 17:20:52,587 - src.collect_pipeline - INFO - Making API request: /fixtures/statistics?fixture=867726
2025-09-03 17:20:52,719 - src.collect_pipeline - INFO - API response: 2 results
2025-09-03 17:20:52,720 - src.collect_pipeline - INFO - Making API request: /fixtures/statistics?fixture=867727
2025-09-03 17:20:52,862 - src.collect_pipeline - INFO - API response: 2 results
2025-09-03 17:20:52,864 - src.collect_pipeline - INFO - Making API request: /fixtures/statistics?fixture=867732
2025-09-03 17:20:53,003 - src.collect_pipeline - INFO - API response: 2 results
2025-09-03 17:20:53,004 - src.collect_pipeline - INFO - Making API request: /fixtures/statistics?fixture=867733
2025-09-03 17:20:53,138 - src.collect_pipeline - INFO - API response: 2 results
2025-09-03 17:20:53,139 - src.collect_pipeline - INFO - Making API request: /fixtures/statistics?fixture=867734
2025-09-03 17:20:53,270 - src.collect_pipeline - INFO - API response: 2 results
2025-09-03 17:20:53,271 - src.collect_pipeline - INFO - Making API request: /fixtures/statistics?fixture=867735
2025-09-03 17:20:53,429 - src.collect_pipeline - INFO - API response: 2 results
2025-09-03 17:20:53,430 - src.collect_pipeline - INFO - Making API request: /fixtures/statistics?fixture=867737
2025-09-03 17:20:53,573 - src.collect_pipeline - INFO - API response: 2 results
2025-09-03 17:20:53,574 - src.collect_pipeline - INFO - Making API request: /fixtures/statistics?fixture=867740
2025-09-03 17:20:53,707 - src.collect_pipeline - INFO - API response: 2 results
2025-09-03 17:20:53,707 - src.collect_pipeline - INFO - Making API request: /fixtures/statistics?fixture=867739
2025-09-03 17:20:53,859 - src.collect_pipeline - INFO - API response: 2 results
2025-09-03 17:20:53,860 - src.collect_pipeline - INFO - Making API request: /fixtures/statistics?fixture=867736
2025-09-03 17:20:53,996 - src.collect_pipeline - INFO - API response: 2 results
2025-09-03 17:20:53,997 - src.collect_pipeline - INFO - Making API request: /fixtures/statistics?fixture=867738
2025-09-03 17:20:54,141 - src.collect_pipeline - INFO - API response: 2 results
2025-09-03 17:20:54,142 - src.collect_pipeline - INFO - Making API request: /fixtures/statistics?fixture=867751
2025-09-03 17:20:54,299 - src.collect_pipeline - INFO - API response: 2 results
2025-09-03 17:20:54,300 - src.collect_pipeline - INFO - Making API request: /fixtures/statistics?fixture=867753
2025-09-03 17:20:54,438 - src.collect_pipeline - INFO - API response: 2 results
2025-09-03 17:20:54,439 - src.collect_pipeline - INFO - Making API request: /fixtures/statistics?fixture=867749
2025-09-03 17:20:54,577 - src.collect_pipeline - INFO - API response: 2 results
2025-09-03 17:20:54,578 - src.collect_pipeline - INFO - Making API request: /fixtures/statistics?fixture=867752
2025-09-03 17:20:54,716 - src.collect_pipeline - INFO - API response: 2 results
2025-09-03 17:20:54,717 - src.collect_pipeline - INFO - Making API request: /fixtures/statistics?fixture=867747
2025-09-03 17:20:54,858 - src.collect_pipeline - INFO - API response: 2 results
2025-09-03 17:20:54,859 - src.collect_pipeline - INFO - Making API request: /fixtures/statistics?fixture=867748
2025-09-03 17:20:54,987 - src.collect_pipeline - INFO - API response: 2 results
2025-09-03 17:20:54,989 - src.collect_pipeline - INFO - Making API request: /fixtures/statistics?fixture=867745
2025-09-03 17:20:55,127 - src.collect_pipeline - INFO - API response: 2 results
2025-09-03 17:20:55,128 - src.collect_pipeline - INFO - Making API request: /fixtures/statistics?fixture=867746
2025-09-03 17:20:55,257 - src.collect_pipeline - INFO - API response: 2 results
2025-09-03 17:20:55,258 - src.collect_pipeline - INFO - Making API request: /fixtures/statistics?fixture=867750
2025-09-03 17:20:55,406 - src.collect_pipeline - INFO - API response: 2 results
2025-09-03 17:20:55,407 - src.collect_pipeline - INFO - Making API request: /fixtures/statistics?fixture=867744
2025-09-03 17:20:55,541 - src.collect_pipeline - INFO - API response: 2 results
2025-09-03 17:20:55,542 - src.collect_pipeline - INFO - Making API request: /fixtures/statistics?fixture=867743
2025-09-03 17:20:55,697 - src.collect_pipeline - INFO - API response: 2 results
2025-09-03 17:20:55,698 - src.collect_pipeline - INFO - Making API request: /fixtures/statistics?fixture=867754
2025-09-03 17:20:55,868 - src.collect_pipeline - INFO - API response: 2 results
2025-09-03 17:20:55,869 - src.collect_pipeline - INFO - Making API request: /fixtures/statistics?fixture=867756
2025-09-03 17:20:56,035 - src.collect_pipeline - INFO - API response: 2 results
2025-09-03 17:20:56,036 - src.collect_pipeline - INFO - Making API request: /fixtures/statistics?fixture=867759
2025-09-03 17:20:56,170 - src.collect_pipeline - INFO - API response: 2 results
2025-09-03 17:20:56,171 - src.collect_pipeline - INFO - Making API request: /fixtures/statistics?fixture=867758
2025-09-03 17:20:56,357 - src.collect_pipeline - INFO - API response: 2 results
2025-09-03 17:20:56,358 - src.collect_pipeline - INFO - Making API request: /fixtures/statistics?fixture=867760
2025-09-03 17:20:56,495 - src.collect_pipeline - INFO - API response: 2 results
2025-09-03 17:20:56,496 - src.collect_pipeline - INFO - Making API request: /fixtures/statistics?fixture=867755
2025-09-03 17:20:56,635 - src.collect_pipeline - INFO - API response: 2 results
2025-09-03 17:20:56,636 - src.collect_pipeline - INFO - Making API request: /fixtures/statistics?fixture=867761
2025-09-03 17:20:56,772 - src.collect_pipeline - INFO - API response: 2 results
2025-09-03 17:20:56,773 - src.collect_pipeline - INFO - Making API request: /fixtures/statistics?fixture=867757
2025-09-03 17:20:56,922 - src.collect_pipeline - INFO - API response: 2 results
2025-09-03 17:20:56,923 - src.collect_pipeline - INFO - Making API request: /fixtures/statistics?fixture=867709
2025-09-03 17:20:57,068 - src.collect_pipeline - INFO - API response: 2 results
2025-09-03 17:20:57,069 - src.collect_pipeline - INFO - Making API request: /fixtures/statistics?fixture=867762
2025-09-03 17:20:57,205 - src.collect_pipeline - INFO - API response: 2 results
2025-09-03 17:20:57,205 - src.collect_pipeline - INFO - Making API request: /fixtures/statistics?fixture=867767
2025-09-03 17:20:57,371 - src.collect_pipeline - INFO - API response: 2 results
2025-09-03 17:20:57,372 - src.collect_pipeline - INFO - Making API request: /fixtures/statistics?fixture=867764
2025-09-03 17:20:57,521 - src.collect_pipeline - INFO - API response: 2 results
2025-09-03 17:20:57,523 - src.collect_pipeline - INFO - Making API request: /fixtures/statistics?fixture=867765
2025-09-03 17:20:57,660 - src.collect_pipeline - INFO - API response: 2 results
2025-09-03 17:20:57,664 - src.collect_pipeline - INFO - Progress saved to data/raw\data_collection_progress.json
2025-09-03 17:20:57,664 - src.collect_pipeline - INFO - Processing batch 5
2025-09-03 17:20:57,664 - src.collect_pipeline - INFO - Making API request: /fixtures/statistics?fixture=867768
2025-09-03 17:20:57,801 - src.collect_pipeline - INFO - API response: 2 results
2025-09-03 17:20:57,802 - src.collect_pipeline - INFO - Making API request: /fixtures/statistics?fixture=867770
2025-09-03 17:20:57,935 - src.collect_pipeline - INFO - API response: 2 results
2025-09-03 17:20:57,936 - src.collect_pipeline - INFO - Making API request: /fixtures/statistics?fixture=867771
2025-09-03 17:20:58,069 - src.collect_pipeline - INFO - API response: 2 results
2025-09-03 17:20:58,070 - src.collect_pipeline - INFO - Making API request: /fixtures/statistics?fixture=867763
2025-09-03 17:20:58,202 - src.collect_pipeline - INFO - API response: 2 results
2025-09-03 17:20:58,203 - src.collect_pipeline - INFO - Making API request: /fixtures/statistics?fixture=867773
2025-09-03 17:20:58,334 - src.collect_pipeline - INFO - API response: 2 results
2025-09-03 17:20:58,334 - src.collect_pipeline - INFO - Making API request: /fixtures/statistics?fixture=867772
2025-09-03 17:20:58,490 - src.collect_pipeline - INFO - API response: 2 results
2025-09-03 17:20:58,492 - src.collect_pipeline - INFO - Making API request: /fixtures/statistics?fixture=867742
2025-09-03 17:20:58,623 - src.collect_pipeline - INFO - API response: 2 results
2025-09-03 17:20:58,624 - src.collect_pipeline - INFO - Making API request: /fixtures/statistics?fixture=867778
2025-09-03 17:20:58,756 - src.collect_pipeline - INFO - API response: 2 results
2025-09-03 17:20:58,757 - src.collect_pipeline - INFO - Making API request: /fixtures/statistics?fixture=867777
2025-09-03 17:20:58,902 - src.collect_pipeline - INFO - API response: 2 results
2025-09-03 17:20:58,903 - src.collect_pipeline - INFO - Making API request: /fixtures/statistics?fixture=867781
2025-09-03 17:20:59,055 - src.collect_pipeline - INFO - API response: 2 results
2025-09-03 17:20:59,056 - src.collect_pipeline - INFO - Making API request: /fixtures/statistics?fixture=867779
2025-09-03 17:20:59,222 - src.collect_pipeline - INFO - API response: 2 results
2025-09-03 17:20:59,224 - src.collect_pipeline - INFO - Making API request: /fixtures/statistics?fixture=867774
2025-09-03 17:20:59,362 - src.collect_pipeline - INFO - API response: 2 results
2025-09-03 17:20:59,362 - src.collect_pipeline - INFO - Making API request: /fixtures/statistics?fixture=867775
2025-09-03 17:20:59,511 - src.collect_pipeline - INFO - API response: 2 results
2025-09-03 17:20:59,512 - src.collect_pipeline - INFO - Making API request: /fixtures/statistics?fixture=867776
2025-09-03 17:20:59,645 - src.collect_pipeline - INFO - API response: 2 results
2025-09-03 17:20:59,646 - src.collect_pipeline - INFO - Making API request: /fixtures/statistics?fixture=867780
2025-09-03 17:20:59,776 - src.collect_pipeline - INFO - API response: 2 results
2025-09-03 17:20:59,777 - src.collect_pipeline - INFO - Making API request: /fixtures/statistics?fixture=867782
2025-09-03 17:21:00,317 - src.collect_pipeline - INFO - API response: 2 results
2025-09-03 17:21:00,318 - src.collect_pipeline - INFO - Making API request: /fixtures/statistics?fixture=867741
2025-09-03 17:21:00,471 - src.collect_pipeline - INFO - API response: 2 results
2025-09-03 17:21:00,472 - src.collect_pipeline - INFO - Making API request: /fixtures/statistics?fixture=867783
2025-09-03 17:21:00,607 - src.collect_pipeline - INFO - API response: 2 results
2025-09-03 17:21:00,608 - src.collect_pipeline - INFO - Making API request: /fixtures/statistics?fixture=867790
2025-09-03 17:21:00,747 - src.collect_pipeline - INFO - API response: 2 results
2025-09-03 17:21:00,748 - src.collect_pipeline - INFO - Making API request: /fixtures/statistics?fixture=867784
2025-09-03 17:21:00,930 - src.collect_pipeline - INFO - API response: 2 results
2025-09-03 17:21:00,931 - src.collect_pipeline - INFO - Making API request: /fixtures/statistics?fixture=867787
2025-09-03 17:21:01,119 - src.collect_pipeline - INFO - API response: 2 results
2025-09-03 17:21:01,120 - src.collect_pipeline - INFO - Making API request: /fixtures/statistics?fixture=867788
2025-09-03 17:21:01,250 - src.collect_pipeline - INFO - API response: 2 results
2025-09-03 17:21:01,251 - src.collect_pipeline - INFO - Making API request: /fixtures/statistics?fixture=867786
2025-09-03 17:21:01,397 - src.collect_pipeline - INFO - API response: 2 results
2025-09-03 17:21:01,397 - src.collect_pipeline - INFO - Making API request: /fixtures/statistics?fixture=867793
2025-09-03 17:21:01,528 - src.collect_pipeline - INFO - API response: 2 results
2025-09-03 17:21:01,529 - src.collect_pipeline - INFO - Making API request: /fixtures/statistics?fixture=867785
2025-09-03 17:21:01,662 - src.collect_pipeline - INFO - API response: 2 results
2025-09-03 17:21:01,662 - src.collect_pipeline - INFO - Making API request: /fixtures/statistics?fixture=867789
2025-09-03 17:21:01,807 - src.collect_pipeline - INFO - API response: 2 results
2025-09-03 17:21:01,808 - src.collect_pipeline - INFO - Making API request: /fixtures/statistics?fixture=867791
2025-09-03 17:21:01,973 - src.collect_pipeline - INFO - API response: 2 results
2025-09-03 17:21:01,974 - src.collect_pipeline - INFO - Making API request: /fixtures/statistics?fixture=867769
2025-09-03 17:21:02,125 - src.collect_pipeline - INFO - API response: 2 results
2025-09-03 17:21:02,126 - src.collect_pipeline - INFO - Making API request: /fixtures/statistics?fixture=867792
2025-09-03 17:21:02,267 - src.collect_pipeline - INFO - API response: 2 results
2025-09-03 17:21:02,268 - src.collect_pipeline - INFO - Making API request: /fixtures/statistics?fixture=867799
2025-09-03 17:21:02,759 - src.collect_pipeline - INFO - API response: 2 results
2025-09-03 17:21:02,760 - src.collect_pipeline - INFO - Making API request: /fixtures/statistics?fixture=867801
2025-09-03 17:21:02,925 - src.collect_pipeline - INFO - API response: 2 results
2025-09-03 17:21:02,926 - src.collect_pipeline - INFO - Making API request: /fixtures/statistics?fixture=867798
2025-09-03 17:21:03,104 - src.collect_pipeline - INFO - API response: 2 results
2025-09-03 17:21:03,106 - src.collect_pipeline - INFO - Making API request: /fixtures/statistics?fixture=867800
2025-09-03 17:21:03,624 - src.collect_pipeline - INFO - API response: 2 results
2025-09-03 17:21:03,625 - src.collect_pipeline - INFO - Making API request: /fixtures/statistics?fixture=867797
2025-09-03 17:21:03,790 - src.collect_pipeline - INFO - API response: 2 results
2025-09-03 17:21:03,791 - src.collect_pipeline - INFO - Making API request: /fixtures/statistics?fixture=867794
2025-09-03 17:21:03,977 - src.collect_pipeline - INFO - API response: 2 results
2025-09-03 17:21:03,978 - src.collect_pipeline - INFO - Making API request: /fixtures/statistics?fixture=867795
2025-09-03 17:21:04,324 - src.collect_pipeline - INFO - API response: 2 results
2025-09-03 17:21:04,325 - src.collect_pipeline - INFO - Making API request: /fixtures/statistics?fixture=867796
2025-09-03 17:21:04,467 - src.collect_pipeline - INFO - API response: 2 results
2025-09-03 17:21:04,468 - src.collect_pipeline - INFO - Making API request: /fixtures/statistics?fixture=867802
2025-09-03 17:21:04,610 - src.collect_pipeline - INFO - API response: 2 results
2025-09-03 17:21:04,611 - src.collect_pipeline - INFO - Making API request: /fixtures/statistics?fixture=867766
2025-09-03 17:21:04,881 - src.collect_pipeline - INFO - API response: 2 results
2025-09-03 17:21:04,882 - src.collect_pipeline - INFO - Making API request: /fixtures/statistics?fixture=867803
2025-09-03 17:21:05,074 - src.collect_pipeline - INFO - API response: 2 results
2025-09-03 17:21:05,075 - src.collect_pipeline - INFO - Making API request: /fixtures/statistics?fixture=867804
2025-09-03 17:21:05,233 - src.collect_pipeline - INFO - API response: 2 results
2025-09-03 17:21:05,234 - src.collect_pipeline - INFO - Making API request: /fixtures/statistics?fixture=867807
2025-09-03 17:21:05,435 - src.collect_pipeline - INFO - API response: 2 results
2025-09-03 17:21:05,436 - src.collect_pipeline - INFO - Making API request: /fixtures/statistics?fixture=867806
2025-09-03 17:21:05,590 - src.collect_pipeline - INFO - API response: 2 results
2025-09-03 17:21:05,591 - src.collect_pipeline - INFO - Making API request: /fixtures/statistics?fixture=867812
2025-09-03 17:21:05,743 - src.collect_pipeline - INFO - API response: 2 results
2025-09-03 17:21:05,744 - src.collect_pipeline - INFO - Making API request: /fixtures/statistics?fixture=867805
2025-09-03 17:21:05,913 - src.collect_pipeline - INFO - API response: 2 results
2025-09-03 17:21:05,914 - src.collect_pipeline - INFO - Making API request: /fixtures/statistics?fixture=867809
2025-09-03 17:21:06,070 - src.collect_pipeline - INFO - API response: 2 results
2025-09-03 17:21:06,072 - src.collect_pipeline - INFO - Making API request: /fixtures/statistics?fixture=867808
2025-09-03 17:21:06,240 - src.collect_pipeline - INFO - API response: 2 results
2025-09-03 17:21:06,241 - src.collect_pipeline - INFO - Making API request: /fixtures/statistics?fixture=867810
2025-09-03 17:21:06,422 - src.collect_pipeline - INFO - API response: 2 results
2025-09-03 17:21:06,423 - src.collect_pipeline - INFO - Making API request: /fixtures/statistics?fixture=867811
2025-09-03 17:21:06,614 - src.collect_pipeline - INFO - API response: 2 results
2025-09-03 17:21:06,615 - src.collect_pipeline - INFO - Making API request: /fixtures/statistics?fixture=867813
2025-09-03 17:21:06,753 - src.collect_pipeline - INFO - API response: 2 results
2025-09-03 17:21:06,758 - src.collect_pipeline - INFO - Progress saved to data/raw\data_collection_progress.json
2025-09-03 17:21:06,758 - src.collect_pipeline - INFO - Processing batch 6
2025-09-03 17:21:06,758 - src.collect_pipeline - INFO - Making API request: /fixtures/statistics?fixture=867820
2025-09-03 17:21:06,897 - src.collect_pipeline - INFO - API response: 2 results
2025-09-03 17:21:06,898 - src.collect_pipeline - INFO - Making API request: /fixtures/statistics?fixture=867817
2025-09-03 17:21:07,035 - src.collect_pipeline - INFO - API response: 2 results
2025-09-03 17:21:07,036 - src.collect_pipeline - INFO - Making API request: /fixtures/statistics?fixture=867819
2025-09-03 17:21:07,192 - src.collect_pipeline - INFO - API response: 2 results
2025-09-03 17:21:07,193 - src.collect_pipeline - INFO - Making API request: /fixtures/statistics?fixture=867816
2025-09-03 17:21:07,333 - src.collect_pipeline - INFO - API response: 2 results
2025-09-03 17:21:07,334 - src.collect_pipeline - INFO - Making API request: /fixtures/statistics?fixture=867818
2025-09-03 17:21:07,513 - src.collect_pipeline - INFO - API response: 2 results
2025-09-03 17:21:07,514 - src.collect_pipeline - INFO - Making API request: /fixtures/statistics?fixture=867814
2025-09-03 17:21:07,654 - src.collect_pipeline - INFO - API response: 2 results
2025-09-03 17:21:07,655 - src.collect_pipeline - INFO - Making API request: /fixtures/statistics?fixture=867815
2025-09-03 17:21:07,798 - src.collect_pipeline - INFO - API response: 2 results
2025-09-03 17:21:07,799 - src.collect_pipeline - INFO - Making API request: /fixtures/statistics?fixture=867821
2025-09-03 17:21:07,957 - src.collect_pipeline - INFO - API response: 2 results
2025-09-03 17:21:07,958 - src.collect_pipeline - INFO - Making API request: /fixtures/statistics?fixture=867822
2025-09-03 17:21:08,099 - src.collect_pipeline - INFO - API response: 2 results
2025-09-03 17:21:08,100 - src.collect_pipeline - INFO - Making API request: /fixtures/statistics?fixture=867823
2025-09-03 17:21:08,238 - src.collect_pipeline - INFO - API response: 2 results
2025-09-03 17:21:08,240 - src.collect_pipeline - INFO - Making API request: /fixtures/statistics?fixture=867828
2025-09-03 17:21:08,406 - src.collect_pipeline - INFO - API response: 2 results
2025-09-03 17:21:08,408 - src.collect_pipeline - INFO - Making API request: /fixtures/statistics?fixture=867825
2025-09-03 17:21:08,557 - src.collect_pipeline - INFO - API response: 2 results
2025-09-03 17:21:08,558 - src.collect_pipeline - INFO - Making API request: /fixtures/statistics?fixture=867827
2025-09-03 17:21:08,715 - src.collect_pipeline - INFO - API response: 2 results
2025-09-03 17:21:08,715 - src.collect_pipeline - INFO - Making API request: /fixtures/statistics?fixture=867829
2025-09-03 17:21:08,865 - src.collect_pipeline - INFO - API response: 2 results
2025-09-03 17:21:08,866 - src.collect_pipeline - INFO - Making API request: /fixtures/statistics?fixture=867824
2025-09-03 17:21:09,010 - src.collect_pipeline - INFO - API response: 2 results
2025-09-03 17:21:09,011 - src.collect_pipeline - INFO - Making API request: /fixtures/statistics?fixture=867826
2025-09-03 17:21:09,149 - src.collect_pipeline - INFO - API response: 2 results
2025-09-03 17:21:09,150 - src.collect_pipeline - INFO - Making API request: /fixtures/statistics?fixture=867832
2025-09-03 17:21:09,289 - src.collect_pipeline - INFO - API response: 2 results
2025-09-03 17:21:09,290 - src.collect_pipeline - INFO - Making API request: /fixtures/statistics?fixture=867831
2025-09-03 17:21:09,443 - src.collect_pipeline - INFO - API response: 2 results
2025-09-03 17:21:09,444 - src.collect_pipeline - INFO - Making API request: /fixtures/statistics?fixture=867830
2025-09-03 17:21:09,596 - src.collect_pipeline - INFO - API response: 2 results
2025-09-03 17:21:09,597 - src.collect_pipeline - INFO - Making API request: /fixtures/statistics?fixture=867833
2025-09-03 17:21:09,758 - src.collect_pipeline - INFO - API response: 2 results
2025-09-03 17:21:09,759 - src.collect_pipeline - INFO - Making API request: /fixtures/statistics?fixture=867843
2025-09-03 17:21:09,909 - src.collect_pipeline - INFO - API response: 2 results
2025-09-03 17:21:09,910 - src.collect_pipeline - INFO - Making API request: /fixtures/statistics?fixture=867839
2025-09-03 17:21:10,089 - src.collect_pipeline - INFO - API response: 2 results
2025-09-03 17:21:10,090 - src.collect_pipeline - INFO - Making API request: /fixtures/statistics?fixture=867842
2025-09-03 17:21:10,250 - src.collect_pipeline - INFO - API response: 2 results
2025-09-03 17:21:10,251 - src.collect_pipeline - INFO - Making API request: /fixtures/statistics?fixture=867838
2025-09-03 17:21:10,408 - src.collect_pipeline - INFO - API response: 2 results
2025-09-03 17:21:10,409 - src.collect_pipeline - INFO - Making API request: /fixtures/statistics?fixture=867835
2025-09-03 17:21:10,582 - src.collect_pipeline - INFO - API response: 2 results
2025-09-03 17:21:10,583 - src.collect_pipeline - INFO - Making API request: /fixtures/statistics?fixture=867841
2025-09-03 17:21:10,750 - src.collect_pipeline - INFO - API response: 2 results
2025-09-03 17:21:10,751 - src.collect_pipeline - INFO - Making API request: /fixtures/statistics?fixture=867836
2025-09-03 17:21:10,910 - src.collect_pipeline - INFO - API response: 2 results
2025-09-03 17:21:10,910 - src.collect_pipeline - INFO - Making API request: /fixtures/statistics?fixture=867840
2025-09-03 17:21:11,084 - src.collect_pipeline - INFO - API response: 2 results
2025-09-03 17:21:11,084 - src.collect_pipeline - INFO - Making API request: /fixtures/statistics?fixture=867837
2025-09-03 17:21:11,251 - src.collect_pipeline - INFO - API response: 2 results
2025-09-03 17:21:11,252 - src.collect_pipeline - INFO - Making API request: /fixtures/statistics?fixture=867860
2025-09-03 17:21:11,793 - src.collect_pipeline - INFO - API response: 2 results
2025-09-03 17:21:11,794 - src.collect_pipeline - INFO - Making API request: /fixtures/statistics?fixture=867861
2025-09-03 17:21:11,957 - src.collect_pipeline - INFO - API response: 2 results
2025-09-03 17:21:11,958 - src.collect_pipeline - INFO - Making API request: /fixtures/statistics?fixture=867862
2025-09-03 17:21:12,124 - src.collect_pipeline - INFO - API response: 2 results
2025-09-03 17:21:12,125 - src.collect_pipeline - INFO - Making API request: /fixtures/statistics?fixture=867858
2025-09-03 17:21:12,322 - src.collect_pipeline - INFO - API response: 2 results
2025-09-03 17:21:12,323 - src.collect_pipeline - INFO - Making API request: /fixtures/statistics?fixture=867859
2025-09-03 17:21:13,763 - src.collect_pipeline - INFO - API response: 2 results
2025-09-03 17:21:13,764 - src.collect_pipeline - INFO - Making API request: /fixtures/statistics?fixture=867863
2025-09-03 17:21:13,983 - src.collect_pipeline - INFO - API response: 2 results
2025-09-03 17:21:13,984 - src.collect_pipeline - INFO - Making API request: /fixtures/statistics?fixture=867849
2025-09-03 17:21:14,136 - src.collect_pipeline - INFO - API response: 2 results
2025-09-03 17:21:14,137 - src.collect_pipeline - INFO - Making API request: /fixtures/statistics?fixture=867844
2025-09-03 17:21:14,289 - src.collect_pipeline - INFO - API response: 2 results
2025-09-03 17:21:14,290 - src.collect_pipeline - INFO - Making API request: /fixtures/statistics?fixture=867853
2025-09-03 17:21:14,518 - src.collect_pipeline - INFO - API response: 2 results
2025-09-03 17:21:14,519 - src.collect_pipeline - INFO - Making API request: /fixtures/statistics?fixture=867847
2025-09-03 17:21:14,761 - src.collect_pipeline - INFO - API response: 2 results
2025-09-03 17:21:14,762 - src.collect_pipeline - INFO - Making API request: /fixtures/statistics?fixture=867852
2025-09-03 17:21:14,917 - src.collect_pipeline - INFO - API response: 2 results
2025-09-03 17:21:14,917 - src.collect_pipeline - INFO - Making API request: /fixtures/statistics?fixture=867845
2025-09-03 17:21:15,094 - src.collect_pipeline - INFO - API response: 2 results
2025-09-03 17:21:15,095 - src.collect_pipeline - INFO - Making API request: /fixtures/statistics?fixture=867848
2025-09-03 17:21:15,271 - src.collect_pipeline - INFO - API response: 2 results
2025-09-03 17:21:15,272 - src.collect_pipeline - INFO - Making API request: /fixtures/statistics?fixture=867846
2025-09-03 17:21:15,447 - src.collect_pipeline - INFO - API response: 2 results
2025-09-03 17:21:15,448 - src.collect_pipeline - INFO - Making API request: /fixtures/statistics?fixture=867851
2025-09-03 17:21:15,597 - src.collect_pipeline - INFO - API response: 2 results
2025-09-03 17:21:15,597 - src.collect_pipeline - INFO - Making API request: /fixtures/statistics?fixture=867850
2025-09-03 17:21:15,744 - src.collect_pipeline - INFO - API response: 2 results
2025-09-03 17:21:15,745 - src.collect_pipeline - INFO - Making API request: /fixtures/statistics?fixture=867857
2025-09-03 17:21:15,914 - src.collect_pipeline - INFO - API response: 2 results
2025-09-03 17:21:15,914 - src.collect_pipeline - INFO - Making API request: /fixtures/statistics?fixture=867855
2025-09-03 17:21:16,083 - src.collect_pipeline - INFO - API response: 2 results
2025-09-03 17:21:16,084 - src.collect_pipeline - INFO - Making API request: /fixtures/statistics?fixture=867854
2025-09-03 17:21:16,267 - src.collect_pipeline - INFO - API response: 2 results
2025-09-03 17:21:16,268 - src.collect_pipeline - INFO - Making API request: /fixtures/statistics?fixture=867856
2025-09-03 17:21:16,416 - src.collect_pipeline - INFO - API response: 2 results
2025-09-03 17:21:16,416 - src.collect_pipeline - INFO - Making API request: /fixtures/statistics?fixture=867868
2025-09-03 17:21:16,589 - src.collect_pipeline - INFO - API response: 2 results
2025-09-03 17:21:16,594 - src.collect_pipeline - INFO - Progress saved to data/raw\data_collection_progress.json
2025-09-03 17:21:16,594 - src.collect_pipeline - INFO - Processing batch 7
2025-09-03 17:21:16,594 - src.collect_pipeline - INFO - Making API request: /fixtures/statistics?fixture=867864
2025-09-03 17:21:17,094 - src.collect_pipeline - INFO - API response: 2 results
2025-09-03 17:21:17,095 - src.collect_pipeline - INFO - Making API request: /fixtures/statistics?fixture=867869
2025-09-03 17:21:17,236 - src.collect_pipeline - INFO - API response: 2 results
2025-09-03 17:21:17,238 - src.collect_pipeline - INFO - Making API request: /fixtures/statistics?fixture=867865
2025-09-03 17:21:17,382 - src.collect_pipeline - INFO - API response: 2 results
2025-09-03 17:21:17,383 - src.collect_pipeline - INFO - Making API request: /fixtures/statistics?fixture=867866
2025-09-03 17:21:17,542 - src.collect_pipeline - INFO - API response: 2 results
2025-09-03 17:21:17,543 - src.collect_pipeline - INFO - Making API request: /fixtures/statistics?fixture=867867
2025-09-03 17:21:17,671 - src.collect_pipeline - INFO - API response: 2 results
2025-09-03 17:21:17,673 - src.collect_pipeline - INFO - Making API request: /fixtures/statistics?fixture=867870
2025-09-03 17:21:17,824 - src.collect_pipeline - INFO - API response: 2 results
2025-09-03 17:21:17,826 - src.collect_pipeline - INFO - Making API request: /fixtures/statistics?fixture=867873
2025-09-03 17:21:17,966 - src.collect_pipeline - INFO - API response: 2 results
2025-09-03 17:21:17,967 - src.collect_pipeline - INFO - Making API request: /fixtures/statistics?fixture=867872
2025-09-03 17:21:18,114 - src.collect_pipeline - INFO - API response: 2 results
2025-09-03 17:21:18,115 - src.collect_pipeline - INFO - Making API request: /fixtures/statistics?fixture=867834
2025-09-03 17:21:18,288 - src.collect_pipeline - INFO - API response: 2 results
2025-09-03 17:21:18,290 - src.collect_pipeline - INFO - Making API request: /fixtures/statistics?fixture=867871
2025-09-03 17:21:18,474 - src.collect_pipeline - INFO - API response: 2 results
2025-09-03 17:21:18,476 - src.collect_pipeline - INFO - Making API request: /fixtures/statistics?fixture=867877
2025-09-03 17:21:18,612 - src.collect_pipeline - INFO - API response: 2 results
2025-09-03 17:21:18,613 - src.collect_pipeline - INFO - Making API request: /fixtures/statistics?fixture=867879
2025-09-03 17:21:18,758 - src.collect_pipeline - INFO - API response: 2 results
2025-09-03 17:21:18,759 - src.collect_pipeline - INFO - Making API request: /fixtures/statistics?fixture=867875
2025-09-03 17:21:18,914 - src.collect_pipeline - INFO - API response: 2 results
2025-09-03 17:21:18,914 - src.collect_pipeline - INFO - Making API request: /fixtures/statistics?fixture=867880
2025-09-03 17:21:19,054 - src.collect_pipeline - INFO - API response: 2 results
2025-09-03 17:21:19,056 - src.collect_pipeline - INFO - Making API request: /fixtures/statistics?fixture=867874
2025-09-03 17:21:19,191 - src.collect_pipeline - INFO - API response: 2 results
2025-09-03 17:21:19,192 - src.collect_pipeline - INFO - Making API request: /fixtures/statistics?fixture=867876
2025-09-03 17:21:19,344 - src.collect_pipeline - INFO - API response: 2 results
2025-09-03 17:21:19,345 - src.collect_pipeline - INFO - Making API request: /fixtures/statistics?fixture=867878
2025-09-03 17:21:19,498 - src.collect_pipeline - INFO - API response: 2 results
2025-09-03 17:21:19,499 - src.collect_pipeline - INFO - Making API request: /fixtures/statistics?fixture=867881
2025-09-03 17:21:19,648 - src.collect_pipeline - INFO - API response: 2 results
2025-09-03 17:21:19,649 - src.collect_pipeline - INFO - Making API request: /fixtures/statistics?fixture=867882
2025-09-03 17:21:19,781 - src.collect_pipeline - INFO - API response: 2 results
2025-09-03 17:21:19,782 - src.collect_pipeline - INFO - Making API request: /fixtures/statistics?fixture=867883
2025-09-03 17:21:19,953 - src.collect_pipeline - INFO - API response: 2 results
2025-09-03 17:21:19,953 - src.collect_pipeline - INFO - Making API request: /fixtures/statistics?fixture=867888
2025-09-03 17:21:20,086 - src.collect_pipeline - INFO - API response: 2 results
2025-09-03 17:21:20,087 - src.collect_pipeline - INFO - Making API request: /fixtures/statistics?fixture=867890
2025-09-03 17:21:20,239 - src.collect_pipeline - INFO - API response: 2 results
2025-09-03 17:21:20,240 - src.collect_pipeline - INFO - Making API request: /fixtures/statistics?fixture=867885
2025-09-03 17:21:20,392 - src.collect_pipeline - INFO - API response: 2 results
2025-09-03 17:21:20,393 - src.collect_pipeline - INFO - Making API request: /fixtures/statistics?fixture=867886
2025-09-03 17:21:20,535 - src.collect_pipeline - INFO - API response: 2 results
2025-09-03 17:21:20,535 - src.collect_pipeline - INFO - Making API request: /fixtures/statistics?fixture=867884
2025-09-03 17:21:20,714 - src.collect_pipeline - INFO - API response: 2 results
2025-09-03 17:21:20,714 - src.collect_pipeline - INFO - Making API request: /fixtures/statistics?fixture=867889
2025-09-03 17:21:20,914 - src.collect_pipeline - INFO - API response: 2 results
2025-09-03 17:21:20,914 - src.collect_pipeline - INFO - Making API request: /fixtures/statistics?fixture=867891
2025-09-03 17:21:21,069 - src.collect_pipeline - INFO - API response: 2 results
2025-09-03 17:21:21,070 - src.collect_pipeline - INFO - Making API request: /fixtures/statistics?fixture=867893
2025-09-03 17:21:21,250 - src.collect_pipeline - INFO - API response: 2 results
2025-09-03 17:21:21,251 - src.collect_pipeline - INFO - Making API request: /fixtures/statistics?fixture=867892
2025-09-03 17:21:21,412 - src.collect_pipeline - INFO - API response: 2 results
2025-09-03 17:21:21,413 - src.collect_pipeline - INFO - Making API request: /fixtures/statistics?fixture=867901
2025-09-03 17:21:21,590 - src.collect_pipeline - INFO - API response: 2 results
2025-09-03 17:21:21,591 - src.collect_pipeline - INFO - Making API request: /fixtures/statistics?fixture=867897
2025-09-03 17:21:21,740 - src.collect_pipeline - INFO - API response: 2 results
2025-09-03 17:21:21,742 - src.collect_pipeline - INFO - Making API request: /fixtures/statistics?fixture=867895
2025-09-03 17:21:21,943 - src.collect_pipeline - INFO - API response: 2 results
2025-09-03 17:21:21,944 - src.collect_pipeline - INFO - Making API request: /fixtures/statistics?fixture=867899
2025-09-03 17:21:22,099 - src.collect_pipeline - INFO - API response: 2 results
2025-09-03 17:21:22,100 - src.collect_pipeline - INFO - Making API request: /fixtures/statistics?fixture=867894
2025-09-03 17:21:22,247 - src.collect_pipeline - INFO - API response: 2 results
2025-09-03 17:21:22,248 - src.collect_pipeline - INFO - Making API request: /fixtures/statistics?fixture=867896
2025-09-03 17:21:22,420 - src.collect_pipeline - INFO - API response: 2 results
2025-09-03 17:21:22,421 - src.collect_pipeline - INFO - Making API request: /fixtures/statistics?fixture=867898
2025-09-03 17:21:22,611 - src.collect_pipeline - INFO - API response: 2 results
2025-09-03 17:21:22,612 - src.collect_pipeline - INFO - Making API request: /fixtures/statistics?fixture=867900
2025-09-03 17:21:22,807 - src.collect_pipeline - INFO - API response: 2 results
2025-09-03 17:21:22,808 - src.collect_pipeline - INFO - Making API request: /fixtures/statistics?fixture=867902
2025-09-03 17:21:22,991 - src.collect_pipeline - INFO - API response: 2 results
2025-09-03 17:21:22,992 - src.collect_pipeline - INFO - Making API request: /fixtures/statistics?fixture=867903
2025-09-03 17:21:23,160 - src.collect_pipeline - INFO - API response: 2 results
2025-09-03 17:21:23,160 - src.collect_pipeline - INFO - Making API request: /fixtures/statistics?fixture=867887
2025-09-03 17:21:23,316 - src.collect_pipeline - INFO - API response: 2 results
2025-09-03 17:21:23,317 - src.collect_pipeline - INFO - Making API request: /fixtures/statistics?fixture=867909
2025-09-03 17:21:23,479 - src.collect_pipeline - INFO - API response: 2 results
2025-09-03 17:21:23,480 - src.collect_pipeline - INFO - Making API request: /fixtures/statistics?fixture=867904
2025-09-03 17:21:23,657 - src.collect_pipeline - INFO - API response: 2 results
2025-09-03 17:21:23,658 - src.collect_pipeline - INFO - Making API request: /fixtures/statistics?fixture=867911
2025-09-03 17:21:23,797 - src.collect_pipeline - INFO - API response: 2 results
2025-09-03 17:21:23,798 - src.collect_pipeline - INFO - Making API request: /fixtures/statistics?fixture=867907
2025-09-03 17:21:23,953 - src.collect_pipeline - INFO - API response: 2 results
2025-09-03 17:21:23,953 - src.collect_pipeline - INFO - Making API request: /fixtures/statistics?fixture=867908
2025-09-03 17:21:24,119 - src.collect_pipeline - INFO - API response: 2 results
2025-09-03 17:21:24,120 - src.collect_pipeline - INFO - Making API request: /fixtures/statistics?fixture=867905
2025-09-03 17:21:24,256 - src.collect_pipeline - INFO - API response: 2 results
2025-09-03 17:21:24,258 - src.collect_pipeline - INFO - Making API request: /fixtures/statistics?fixture=867906
2025-09-03 17:21:24,411 - src.collect_pipeline - INFO - API response: 2 results
2025-09-03 17:21:24,411 - src.collect_pipeline - INFO - Making API request: /fixtures/statistics?fixture=867910
2025-09-03 17:21:24,551 - src.collect_pipeline - INFO - API response: 2 results
2025-09-03 17:21:24,552 - src.collect_pipeline - INFO - Making API request: /fixtures/statistics?fixture=867913
2025-09-03 17:21:24,706 - src.collect_pipeline - INFO - API response: 2 results
2025-09-03 17:21:24,707 - src.collect_pipeline - INFO - Making API request: /fixtures/statistics?fixture=867912
2025-09-03 17:21:24,882 - src.collect_pipeline - INFO - API response: 2 results
2025-09-03 17:21:24,887 - src.collect_pipeline - INFO - Progress saved to data/raw\data_collection_progress.json
2025-09-03 17:21:24,887 - src.collect_pipeline - INFO - Processing batch 8
2025-09-03 17:21:24,887 - src.collect_pipeline - INFO - Making API request: /fixtures/statistics?fixture=867916
2025-09-03 17:21:25,056 - src.collect_pipeline - INFO - API response: 2 results
2025-09-03 17:21:25,057 - src.collect_pipeline - INFO - Making API request: /fixtures/statistics?fixture=867915
2025-09-03 17:21:25,213 - src.collect_pipeline - INFO - API response: 2 results
2025-09-03 17:21:25,214 - src.collect_pipeline - INFO - Making API request: /fixtures/statistics?fixture=867918
2025-09-03 17:21:25,396 - src.collect_pipeline - INFO - API response: 2 results
2025-09-03 17:21:25,397 - src.collect_pipeline - INFO - Making API request: /fixtures/statistics?fixture=867917
2025-09-03 17:21:25,537 - src.collect_pipeline - INFO - API response: 2 results
2025-09-03 17:21:25,539 - src.collect_pipeline - INFO - Making API request: /fixtures/statistics?fixture=867919
2025-09-03 17:21:25,691 - src.collect_pipeline - INFO - API response: 2 results
2025-09-03 17:21:25,692 - src.collect_pipeline - INFO - Making API request: /fixtures/statistics?fixture=867914
2025-09-03 17:21:25,835 - src.collect_pipeline - INFO - API response: 2 results
2025-09-03 17:21:25,836 - src.collect_pipeline - INFO - Making API request: /fixtures/statistics?fixture=867922
2025-09-03 17:21:26,105 - src.collect_pipeline - INFO - API response: 2 results
2025-09-03 17:21:26,106 - src.collect_pipeline - INFO - Making API request: /fixtures/statistics?fixture=867921
2025-09-03 17:21:26,260 - src.collect_pipeline - INFO - API response: 2 results
2025-09-03 17:21:26,261 - src.collect_pipeline - INFO - Making API request: /fixtures/statistics?fixture=867920
2025-09-03 17:21:26,491 - src.collect_pipeline - INFO - API response: 2 results
2025-09-03 17:21:26,492 - src.collect_pipeline - INFO - Making API request: /fixtures/statistics?fixture=867923
2025-09-03 17:21:26,644 - src.collect_pipeline - INFO - API response: 2 results
2025-09-03 17:21:26,646 - src.collect_pipeline - INFO - Making API request: /fixtures/statistics?fixture=867931
2025-09-03 17:21:26,771 - src.collect_pipeline - INFO - API response: 2 results
2025-09-03 17:21:26,772 - src.collect_pipeline - INFO - Making API request: /fixtures/statistics?fixture=867933
2025-09-03 17:21:26,897 - src.collect_pipeline - INFO - API response: 2 results
2025-09-03 17:21:26,898 - src.collect_pipeline - INFO - Making API request: /fixtures/statistics?fixture=867924
2025-09-03 17:21:27,048 - src.collect_pipeline - INFO - API response: 2 results
2025-09-03 17:21:27,049 - src.collect_pipeline - INFO - Making API request: /fixtures/statistics?fixture=867929
2025-09-03 17:21:27,199 - src.collect_pipeline - INFO - API response: 2 results
2025-09-03 17:21:27,200 - src.collect_pipeline - INFO - Making API request: /fixtures/statistics?fixture=867932
2025-09-03 17:21:27,344 - src.collect_pipeline - INFO - API response: 2 results
2025-09-03 17:21:27,345 - src.collect_pipeline - INFO - Making API request: /fixtures/statistics?fixture=867928
2025-09-03 17:21:27,491 - src.collect_pipeline - INFO - API response: 2 results
2025-09-03 17:21:27,491 - src.collect_pipeline - INFO - Making API request: /fixtures/statistics?fixture=867926
2025-09-03 17:21:27,651 - src.collect_pipeline - INFO - API response: 2 results
2025-09-03 17:21:27,652 - src.collect_pipeline - INFO - Making API request: /fixtures/statistics?fixture=867927
2025-09-03 17:21:27,781 - src.collect_pipeline - INFO - API response: 2 results
2025-09-03 17:21:27,782 - src.collect_pipeline - INFO - Making API request: /fixtures/statistics?fixture=867930
2025-09-03 17:21:27,961 - src.collect_pipeline - INFO - API response: 2 results
2025-09-03 17:21:27,962 - src.collect_pipeline - INFO - Making API request: /fixtures/statistics?fixture=867925
2025-09-03 17:21:28,091 - src.collect_pipeline - INFO - API response: 2 results
2025-09-03 17:21:28,092 - src.collect_pipeline - INFO - Making API request: /fixtures/statistics?fixture=867937
2025-09-03 17:21:28,234 - src.collect_pipeline - INFO - API response: 2 results
2025-09-03 17:21:28,235 - src.collect_pipeline - INFO - Making API request: /fixtures/statistics?fixture=867939
2025-09-03 17:21:28,396 - src.collect_pipeline - INFO - API response: 2 results
2025-09-03 17:21:28,397 - src.collect_pipeline - INFO - Making API request: /fixtures/statistics?fixture=867936
2025-09-03 17:21:28,538 - src.collect_pipeline - INFO - API response: 2 results
2025-09-03 17:21:28,539 - src.collect_pipeline - INFO - Making API request: /fixtures/statistics?fixture=867940
2025-09-03 17:21:28,700 - src.collect_pipeline - INFO - API response: 2 results
2025-09-03 17:21:28,700 - src.collect_pipeline - INFO - Making API request: /fixtures/statistics?fixture=867941
2025-09-03 17:21:28,857 - src.collect_pipeline - INFO - API response: 2 results
2025-09-03 17:21:28,857 - src.collect_pipeline - INFO - Making API request: /fixtures/statistics?fixture=867935
2025-09-03 17:21:29,081 - src.collect_pipeline - INFO - API response: 2 results
2025-09-03 17:21:29,082 - src.collect_pipeline - INFO - Making API request: /fixtures/statistics?fixture=867934
2025-09-03 17:21:29,254 - src.collect_pipeline - INFO - API response: 2 results
2025-09-03 17:21:29,255 - src.collect_pipeline - INFO - Making API request: /fixtures/statistics?fixture=867938
2025-09-03 17:21:29,476 - src.collect_pipeline - INFO - API response: 2 results
2025-09-03 17:21:29,477 - src.collect_pipeline - INFO - Making API request: /fixtures/statistics?fixture=867942
2025-09-03 17:21:29,628 - src.collect_pipeline - INFO - API response: 2 results
2025-09-03 17:21:29,629 - src.collect_pipeline - INFO - Making API request: /fixtures/statistics?fixture=867943
2025-09-03 17:21:29,790 - src.collect_pipeline - INFO - API response: 2 results
2025-09-03 17:21:29,795 - src.collect_pipeline - INFO - Progress saved to data/raw\data_collection_progress.json
2025-09-03 17:21:29,796 - src.collect_pipeline - INFO - No existing team_statistics file found
2025-09-03 17:21:30,011 - src.collect_pipeline - INFO - team_statistics: 380 new, 0 duplicates skipped
2025-09-03 17:21:30,011 - src.collect_pipeline - INFO - Total team_statistics records: 380
2025-09-03 17:21:30,011 - src.collect_pipeline - INFO - Saved to data/raw\Netherlands\Eerste Divisie\2022\team_statistics.json
