2025-09-03 19:24:10,551 - src.extract_pipeline - INFO - Logging initialized. Log file: logs/extract\extract_20250903_192410.log
2025-09-03 19:24:10,553 - src.extract_pipeline - INFO - Checking England/Championship/2017...
2025-09-03 19:24:10,590 - src.extract_pipeline - INFO - Checking England/Championship/2018...
2025-09-03 19:24:10,625 - src.extract_pipeline - INFO - Checking England/Championship/2019...
2025-09-03 19:24:10,657 - src.extract_pipeline - INFO - Checking England/Championship/2020...
2025-09-03 19:24:10,692 - src.extract_pipeline - INFO - Checking England/Championship/2021...
2025-09-03 19:24:10,728 - src.extract_pipeline - INFO - Checking England/Championship/2022...
2025-09-03 19:24:10,762 - src.extract_pipeline - INFO - Checking England/Championship/2023...
2025-09-03 19:24:10,794 - src.extract_pipeline - INFO - Checking England/Championship/2024...
2025-09-03 19:24:10,828 - src.extract_pipeline - INFO - Checking England/Championship/2025...
2025-09-03 19:24:10,926 - src.extract_pipeline - INFO - Checking England/EFL Trophy/2021...
2025-09-03 19:24:10,957 - src.extract_pipeline - INFO - Checking England/EFL Trophy/2022...
2025-09-03 19:24:10,987 - src.extract_pipeline - INFO - Checking England/EFL Trophy/2023...
2025-09-03 19:24:11,012 - src.extract_pipeline - INFO - Checking England/EFL Trophy/2024...
2025-09-03 19:24:11,042 - src.extract_pipeline - INFO - Checking England/EFL Trophy/2025...
2025-09-03 19:24:11,056 - src.extract_pipeline - INFO - Processing England\EFL Trophy\2025/fixture_events.json...
2025-09-03 19:24:11,085 - src.extract_pipeline - INFO - Saved fixture_events.csv
2025-09-03 19:24:11,097 - src.extract_pipeline - INFO - Processing England\EFL Trophy\2025/odds.json...
2025-09-03 19:24:11,098 - src.extract_pipeline - WARNING - No data extracted from odds.json
2025-09-03 19:24:11,099 - src.extract_pipeline - INFO - Checking England/FA Cup/2018...
2025-09-03 19:24:11,131 - src.extract_pipeline - INFO - Checking England/FA Cup/2019...
2025-09-03 19:24:11,163 - src.extract_pipeline - INFO - Checking England/FA Cup/2020...
2025-09-03 19:24:11,195 - src.extract_pipeline - INFO - Checking England/FA Cup/2021...
2025-09-03 19:24:11,225 - src.extract_pipeline - INFO - Checking England/FA Cup/2022...
2025-09-03 19:24:11,255 - src.extract_pipeline - INFO - Checking England/FA Cup/2023...
2025-09-03 19:24:11,286 - src.extract_pipeline - INFO - Checking England/FA Cup/2024...
2025-09-03 19:24:11,314 - src.extract_pipeline - INFO - Checking England/FA Cup/2025...
2025-09-03 19:24:11,326 - src.extract_pipeline - INFO - Processing England\FA Cup\2025/fixture_events.json...
2025-09-03 19:24:11,332 - src.extract_pipeline - INFO - Saved fixture_events.csv
2025-09-03 19:24:11,341 - src.extract_pipeline - INFO - Processing England\FA Cup\2025/odds.json...
2025-09-03 19:24:11,343 - src.extract_pipeline - WARNING - No data extracted from odds.json
2025-09-03 19:24:11,344 - src.extract_pipeline - INFO - Checking England/FA Trophy/2023...
2025-09-03 19:24:11,370 - src.extract_pipeline - INFO - Processing England\FA Trophy\2023/odds.json...
2025-09-03 19:24:11,387 - src.extract_pipeline - WARNING - No data extracted from odds.json
2025-09-03 19:24:11,398 - src.extract_pipeline - INFO - Processing England\FA Trophy\2023/team_statistics.json...
2025-09-03 19:24:11,454 - src.extract_pipeline - WARNING - No data extracted from team_statistics.json
2025-09-03 19:24:11,454 - src.extract_pipeline - INFO - Checking England/FA Trophy/2024...
2025-09-03 19:24:11,455 - src.extract_pipeline - INFO - Checking England/FA Trophy/2025...
2025-09-03 19:24:11,470 - src.extract_pipeline - INFO - Processing England\FA Trophy\2025/fixture_events.json...
2025-09-03 19:24:11,484 - src.extract_pipeline - INFO - Saved fixture_events.csv
2025-09-03 19:24:11,497 - src.extract_pipeline - INFO - Processing England\FA Trophy\2025/odds.json...
2025-09-03 19:24:11,522 - src.extract_pipeline - WARNING - No data extracted from odds.json
2025-09-03 19:24:11,523 - src.extract_pipeline - INFO - Checking England/League One/2025...
2025-09-03 19:24:11,539 - src.extract_pipeline - INFO - Processing England\League One\2025/fixture_events.json...
2025-09-03 19:24:11,546 - src.extract_pipeline - INFO - Saved fixture_events.csv
2025-09-03 19:24:11,558 - src.extract_pipeline - INFO - Processing England\League One\2025/odds.json...
2025-09-03 19:24:11,571 - src.extract_pipeline - INFO - Saved odds.csv
2025-09-03 19:24:11,574 - src.extract_pipeline - INFO - Checking England/League Two/2025...
2025-09-03 19:24:11,589 - src.extract_pipeline - INFO - Processing England\League Two\2025/fixture_events.json...
2025-09-03 19:24:11,595 - src.extract_pipeline - INFO - Saved fixture_events.csv
2025-09-03 19:24:11,607 - src.extract_pipeline - INFO - Processing England\League Two\2025/odds.json...
2025-09-03 19:24:11,623 - src.extract_pipeline - INFO - Saved odds.csv
2025-09-03 19:24:11,624 - src.extract_pipeline - INFO - Checking England/Premier League/2018...
2025-09-03 19:24:11,653 - src.extract_pipeline - INFO - Processing England\Premier League\2018/injuries.json...
2025-09-03 19:24:11,749 - src.extract_pipeline - WARNING - No data extracted from injuries.json
2025-09-03 19:24:11,863 - src.extract_pipeline - INFO - Checking England/Premier League/2019...
2025-09-03 19:24:11,888 - src.extract_pipeline - INFO - Processing England\Premier League\2019/injuries.json...
2025-09-03 19:24:11,973 - src.extract_pipeline - WARNING - No data extracted from injuries.json
2025-09-03 19:24:12,069 - src.extract_pipeline - INFO - Checking England/Premier League/2020...
2025-09-03 19:24:12,233 - src.extract_pipeline - INFO - Checking England/Premier League/2021...
2025-09-03 19:24:12,439 - src.extract_pipeline - INFO - Checking England/Premier League/2022...
2025-09-03 19:24:12,621 - src.extract_pipeline - INFO - Checking England/Premier League/2023...
2025-09-03 19:24:12,802 - src.extract_pipeline - INFO - Checking England/Premier League/2024...
2025-09-03 19:24:12,986 - src.extract_pipeline - INFO - Checking England/Premier League/2025...
2025-09-03 19:24:13,074 - src.extract_pipeline - INFO - Checking Europe/Champions League/2018...
2025-09-03 19:24:13,099 - src.extract_pipeline - INFO - Processing Europe\Champions League\2018/injuries.json...
2025-09-03 19:24:13,139 - src.extract_pipeline - WARNING - No data extracted from injuries.json
2025-09-03 19:24:13,208 - src.extract_pipeline - INFO - Checking Europe/Champions League/2019...
2025-09-03 19:24:13,230 - src.extract_pipeline - INFO - Processing Europe\Champions League\2019/injuries.json...
2025-09-03 19:24:13,264 - src.extract_pipeline - WARNING - No data extracted from injuries.json
2025-09-03 19:24:13,331 - src.extract_pipeline - INFO - Checking Europe/Champions League/2020...
2025-09-03 19:24:13,446 - src.extract_pipeline - INFO - Checking Europe/Champions League/2021...
2025-09-03 19:24:13,565 - src.extract_pipeline - INFO - Checking Europe/Champions League/2022...
2025-09-03 19:24:13,681 - src.extract_pipeline - INFO - Checking Europe/Champions League/2023...
2025-09-03 19:24:13,795 - src.extract_pipeline - INFO - Checking Europe/Champions League/2024...
2025-09-03 19:24:13,926 - src.extract_pipeline - INFO - Checking Europe/Champions League/2025...
2025-09-03 19:24:13,941 - src.extract_pipeline - INFO - Processing Europe\Champions League\2025/fixture_events.json...
2025-09-03 19:24:13,948 - src.extract_pipeline - INFO - Saved fixture_events.csv
2025-09-03 19:24:13,988 - src.extract_pipeline - INFO - Processing Europe\Champions League\2025/odds.json...
2025-09-03 19:24:14,011 - src.extract_pipeline - INFO - Saved odds.csv
2025-09-03 19:24:14,036 - src.extract_pipeline - INFO - Processing Europe\Champions League\2025/team_standings.json...
2025-09-03 19:24:14,038 - src.extract_pipeline - WARNING - No standings data found in the response.
2025-09-03 19:24:14,038 - src.extract_pipeline - WARNING - No data extracted from team_standings.json
2025-09-03 19:24:14,050 - src.extract_pipeline - INFO - Processing Europe\Champions League\2025/team_statistics.json...
2025-09-03 19:24:14,076 - src.extract_pipeline - INFO - Saved team_statistics.csv
2025-09-03 19:24:14,077 - src.extract_pipeline - INFO - Checking Europe/Conference League/2021...
2025-09-03 19:24:14,103 - src.extract_pipeline - INFO - Processing Europe\Conference League\2021/injuries.json...
2025-09-03 19:24:14,205 - src.extract_pipeline - WARNING - No data extracted from injuries.json
2025-09-03 19:24:14,289 - src.extract_pipeline - INFO - Checking Europe/Conference League/2022...
2025-09-03 19:24:14,313 - src.extract_pipeline - INFO - Processing Europe\Conference League\2022/injuries.json...
2025-09-03 19:24:14,421 - src.extract_pipeline - WARNING - No data extracted from injuries.json
2025-09-03 19:24:14,520 - src.extract_pipeline - INFO - Checking Europe/Conference League/2023...
2025-09-03 19:24:14,546 - src.extract_pipeline - INFO - Processing Europe\Conference League\2023/injuries.json...
2025-09-03 19:24:14,645 - src.extract_pipeline - WARNING - No data extracted from injuries.json
2025-09-03 19:24:14,756 - src.extract_pipeline - INFO - Checking Europe/Conference League/2024...
2025-09-03 19:24:14,772 - src.extract_pipeline - INFO - Checking Europe/Conference League/2025...
2025-09-03 19:24:14,802 - src.extract_pipeline - INFO - Processing Europe\Conference League\2025/fixture_events.json...
2025-09-03 19:24:14,813 - src.extract_pipeline - INFO - Saved fixture_events.csv
2025-09-03 19:24:14,823 - src.extract_pipeline - INFO - Processing Europe\Conference League\2025/injuries.json...
2025-09-03 19:24:14,844 - src.extract_pipeline - WARNING - No data extracted from injuries.json
2025-09-03 19:24:14,870 - src.extract_pipeline - INFO - Processing Europe\Conference League\2025/odds.json...
2025-09-03 19:24:14,924 - src.extract_pipeline - INFO - Saved odds.csv
2025-09-03 19:24:14,953 - src.extract_pipeline - INFO - Processing Europe\Conference League\2025/team_standings.json...
2025-09-03 19:24:14,955 - src.extract_pipeline - WARNING - No standings data found in the response.
2025-09-03 19:24:14,956 - src.extract_pipeline - WARNING - No data extracted from team_standings.json
2025-09-03 19:24:14,969 - src.extract_pipeline - INFO - Processing Europe\Conference League\2025/team_statistics.json...
2025-09-03 19:24:15,020 - src.extract_pipeline - INFO - Saved team_statistics.csv
2025-09-03 19:24:15,022 - src.extract_pipeline - INFO - Checking Europe/Europa League/2018...
2025-09-03 19:24:15,049 - src.extract_pipeline - INFO - Processing Europe\Europa League\2018/injuries.json...
2025-09-03 19:24:15,135 - src.extract_pipeline - WARNING - No data extracted from injuries.json
2025-09-03 19:24:15,220 - src.extract_pipeline - INFO - Checking Europe/Europa League/2019...
2025-09-03 19:24:15,247 - src.extract_pipeline - INFO - Processing Europe\Europa League\2019/injuries.json...
2025-09-03 19:24:15,328 - src.extract_pipeline - WARNING - No data extracted from injuries.json
2025-09-03 19:24:15,407 - src.extract_pipeline - INFO - Checking Europe/Europa League/2020...
2025-09-03 19:24:15,536 - src.extract_pipeline - INFO - Checking Europe/Europa League/2021...
2025-09-03 19:24:15,643 - src.extract_pipeline - INFO - Checking Europe/Europa League/2022...
2025-09-03 19:24:15,754 - src.extract_pipeline - INFO - Checking Europe/Europa League/2023...
2025-09-03 19:24:15,873 - src.extract_pipeline - INFO - Checking Europe/Europa League/2024...
2025-09-03 19:24:15,998 - src.extract_pipeline - INFO - Checking Europe/Europa League/2025...
2025-09-03 19:24:16,010 - src.extract_pipeline - INFO - Processing Europe\Europa League\2025/fixture_events.json...
2025-09-03 19:24:16,018 - src.extract_pipeline - INFO - Saved fixture_events.csv
2025-09-03 19:24:16,052 - src.extract_pipeline - INFO - Processing Europe\Europa League\2025/odds.json...
2025-09-03 19:24:16,078 - src.extract_pipeline - INFO - Saved odds.csv
2025-09-03 19:24:16,088 - src.extract_pipeline - INFO - Processing Europe\Europa League\2025/player_statistics.json...
2025-09-03 19:24:16,097 - src.extract_pipeline - WARNING - No data extracted from player_statistics.json
2025-09-03 19:24:16,106 - src.extract_pipeline - INFO - Processing Europe\Europa League\2025/team_standings.json...
2025-09-03 19:24:16,106 - src.extract_pipeline - WARNING - No standings data found in the response.
2025-09-03 19:24:16,106 - src.extract_pipeline - WARNING - No data extracted from team_standings.json
2025-09-03 19:24:16,119 - src.extract_pipeline - INFO - Processing Europe\Europa League\2025/team_statistics.json...
2025-09-03 19:24:16,167 - src.extract_pipeline - INFO - Saved team_statistics.csv
2025-09-03 19:24:16,168 - src.extract_pipeline - INFO - Checking France/Coupe de France/2018...
2025-09-03 19:24:16,196 - src.extract_pipeline - INFO - Checking France/Coupe de France/2019...
2025-09-03 19:24:16,225 - src.extract_pipeline - INFO - Checking France/Coupe de France/2020...
2025-09-03 19:24:16,253 - src.extract_pipeline - INFO - Checking France/Coupe de France/2021...
2025-09-03 19:24:16,280 - src.extract_pipeline - INFO - Checking France/Coupe de France/2022...
2025-09-03 19:24:16,307 - src.extract_pipeline - INFO - Checking France/Coupe de France/2023...
2025-09-03 19:24:16,336 - src.extract_pipeline - INFO - Checking France/Coupe de France/2024...
2025-09-03 19:24:16,364 - src.extract_pipeline - INFO - Checking France/Coupe de France/2025...
2025-09-03 19:24:16,366 - src.extract_pipeline - INFO - Checking France/Ligue 1/2018...
2025-09-03 19:24:16,390 - src.extract_pipeline - INFO - Processing France\Ligue 1\2018/injuries.json...
2025-09-03 19:24:16,483 - src.extract_pipeline - WARNING - No data extracted from injuries.json
2025-09-03 19:24:16,606 - src.extract_pipeline - INFO - Checking France/Ligue 1/2019...
2025-09-03 19:24:16,630 - src.extract_pipeline - INFO - Processing France\Ligue 1\2019/injuries.json...
2025-09-03 19:24:16,721 - src.extract_pipeline - WARNING - No data extracted from injuries.json
2025-09-03 19:24:16,958 - src.extract_pipeline - INFO - Checking France/Ligue 1/2020...
2025-09-03 19:24:17,121 - src.extract_pipeline - INFO - Checking France/Ligue 1/2021...
2025-09-03 19:24:17,293 - src.extract_pipeline - INFO - Checking France/Ligue 1/2022...
2025-09-03 19:24:17,463 - src.extract_pipeline - INFO - Checking France/Ligue 1/2023...
2025-09-03 19:24:17,630 - src.extract_pipeline - INFO - Checking France/Ligue 1/2024...
2025-09-03 19:24:17,796 - src.extract_pipeline - INFO - Checking France/Ligue 1/2025...
2025-09-03 19:24:17,894 - src.extract_pipeline - INFO - Checking France/Ligue 2/2018...
2025-09-03 19:24:17,922 - src.extract_pipeline - INFO - Checking France/Ligue 2/2019...
2025-09-03 19:24:17,949 - src.extract_pipeline - INFO - Checking France/Ligue 2/2020...
2025-09-03 19:24:17,980 - src.extract_pipeline - INFO - Checking France/Ligue 2/2021...
2025-09-03 19:24:18,011 - src.extract_pipeline - INFO - Checking France/Ligue 2/2022...
2025-09-03 19:24:18,040 - src.extract_pipeline - INFO - Checking France/Ligue 2/2023...
2025-09-03 19:24:18,071 - src.extract_pipeline - INFO - Checking France/Ligue 2/2024...
2025-09-03 19:24:18,103 - src.extract_pipeline - INFO - Checking France/Ligue 2/2025...
2025-09-03 19:24:18,235 - src.extract_pipeline - INFO - Checking France/National/2025...
2025-09-03 19:24:18,254 - src.extract_pipeline - INFO - Processing France\National\2025/fixture_events.json...
2025-09-03 19:24:18,263 - src.extract_pipeline - INFO - Saved fixture_events.csv
2025-09-03 19:24:18,284 - src.extract_pipeline - INFO - Processing France\National\2025/odds.json...
2025-09-03 19:24:18,289 - src.extract_pipeline - WARNING - No data extracted from odds.json
2025-09-03 19:24:18,290 - src.extract_pipeline - INFO - Checking Germany/2. Bundesliga/2017...
2025-09-03 19:24:18,291 - src.extract_pipeline - INFO - Checking Germany/2. Bundesliga/2018...
2025-09-03 19:24:18,331 - src.extract_pipeline - INFO - Checking Germany/2. Bundesliga/2019...
2025-09-03 19:24:18,366 - src.extract_pipeline - INFO - Checking Germany/2. Bundesliga/2020...
2025-09-03 19:24:18,398 - src.extract_pipeline - INFO - Checking Germany/2. Bundesliga/2021...
2025-09-03 19:24:18,426 - src.extract_pipeline - INFO - Checking Germany/2. Bundesliga/2022...
2025-09-03 19:24:18,456 - src.extract_pipeline - INFO - Checking Germany/2. Bundesliga/2023...
2025-09-03 19:24:18,487 - src.extract_pipeline - INFO - Checking Germany/2. Bundesliga/2024...
2025-09-03 19:24:18,515 - src.extract_pipeline - INFO - Checking Germany/2. Bundesliga/2025...
2025-09-03 19:24:18,561 - src.extract_pipeline - INFO - Processing Germany\2. Bundesliga\2025/odds.json...
2025-09-03 19:24:18,566 - src.extract_pipeline - WARNING - No data extracted from odds.json
2025-09-03 19:24:18,606 - src.extract_pipeline - INFO - Checking Germany/3. Liga/2025...
2025-09-03 19:24:18,607 - src.extract_pipeline - INFO - Checking Germany/Bundesliga/2018...
2025-09-03 19:24:18,632 - src.extract_pipeline - INFO - Processing Germany\Bundesliga\2018/injuries.json...
2025-09-03 19:24:18,783 - src.extract_pipeline - WARNING - No data extracted from injuries.json
2025-09-03 19:24:18,886 - src.extract_pipeline - INFO - Checking Germany/Bundesliga/2019...
2025-09-03 19:24:18,917 - src.extract_pipeline - INFO - Processing Germany\Bundesliga\2019/injuries.json...
2025-09-03 19:24:18,982 - src.extract_pipeline - WARNING - No data extracted from injuries.json
2025-09-03 19:24:19,078 - src.extract_pipeline - INFO - Checking Germany/Bundesliga/2020...
2025-09-03 19:24:19,231 - src.extract_pipeline - INFO - Checking Germany/Bundesliga/2021...
2025-09-03 19:24:19,384 - src.extract_pipeline - INFO - Checking Germany/Bundesliga/2022...
2025-09-03 19:24:19,540 - src.extract_pipeline - INFO - Checking Germany/Bundesliga/2023...
2025-09-03 19:24:19,693 - src.extract_pipeline - INFO - Checking Germany/Bundesliga/2024...
2025-09-03 19:24:19,852 - src.extract_pipeline - INFO - Checking Germany/Bundesliga/2025...
2025-09-03 19:24:19,941 - src.extract_pipeline - INFO - Checking Germany/DFB Pokal/2018...
2025-09-03 19:24:19,970 - src.extract_pipeline - INFO - Checking Germany/DFB Pokal/2019...
2025-09-03 19:24:19,998 - src.extract_pipeline - INFO - Checking Germany/DFB Pokal/2020...
2025-09-03 19:24:20,027 - src.extract_pipeline - INFO - Checking Germany/DFB Pokal/2021...
2025-09-03 19:24:20,054 - src.extract_pipeline - INFO - Checking Germany/DFB Pokal/2022...
2025-09-03 19:24:20,080 - src.extract_pipeline - INFO - Checking Germany/DFB Pokal/2023...
2025-09-03 19:24:20,109 - src.extract_pipeline - INFO - Checking Germany/DFB Pokal/2024...
2025-09-03 19:24:20,136 - src.extract_pipeline - INFO - Checking Germany/DFB Pokal/2025...
2025-09-03 19:24:20,137 - src.extract_pipeline - INFO - Checking Greece/Super League/2021...
2025-09-03 19:24:20,166 - src.extract_pipeline - INFO - Processing Greece\Super League\2021/injuries.json...
2025-09-03 19:24:20,226 - src.extract_pipeline - WARNING - No data extracted from injuries.json
2025-09-03 19:24:20,256 - src.extract_pipeline - INFO - Processing Greece\Super League\2021/player_statistics.json...
2025-09-03 19:24:20,292 - src.extract_pipeline - WARNING - No data extracted from player_statistics.json
2025-09-03 19:24:20,319 - src.extract_pipeline - INFO - Checking Greece/Super League/2022...
2025-09-03 19:24:20,345 - src.extract_pipeline - INFO - Processing Greece\Super League\2022/injuries.json...
2025-09-03 19:24:20,402 - src.extract_pipeline - WARNING - No data extracted from injuries.json
2025-09-03 19:24:20,510 - src.extract_pipeline - INFO - Checking Greece/Super League/2023...
2025-09-03 19:24:20,539 - src.extract_pipeline - INFO - Processing Greece\Super League\2023/injuries.json...
2025-09-03 19:24:20,596 - src.extract_pipeline - WARNING - No data extracted from injuries.json
2025-09-03 19:24:20,702 - src.extract_pipeline - INFO - Checking Greece/Super League/2024...
2025-09-03 19:24:20,726 - src.extract_pipeline - INFO - Processing Greece\Super League\2024/injuries.json...
2025-09-03 19:24:20,781 - src.extract_pipeline - WARNING - No data extracted from injuries.json
2025-09-03 19:24:20,887 - src.extract_pipeline - INFO - Checking Greece/Super League/2025...
2025-09-03 19:24:20,918 - src.extract_pipeline - INFO - Checking Italy/Coppa Italia/2018...
2025-09-03 19:24:20,947 - src.extract_pipeline - INFO - Checking Italy/Coppa Italia/2019...
2025-09-03 19:24:20,957 - src.extract_pipeline - INFO - Processing Italy\Coppa Italia\2019/injuries.json...
2025-09-03 19:24:20,975 - src.extract_pipeline - WARNING - No data extracted from injuries.json
2025-09-03 19:24:21,007 - src.extract_pipeline - INFO - Processing Italy\Coppa Italia\2019/team_standings.json...
2025-09-03 19:24:21,007 - src.extract_pipeline - WARNING - No standings data found in the response.
2025-09-03 19:24:21,007 - src.extract_pipeline - WARNING - No data extracted from team_standings.json
2025-09-03 19:24:21,021 - src.extract_pipeline - INFO - Checking Italy/Coppa Italia/2020...
2025-09-03 19:24:21,044 - src.extract_pipeline - INFO - Processing Italy\Coppa Italia\2020/injuries.json...
2025-09-03 19:24:21,065 - src.extract_pipeline - WARNING - No data extracted from injuries.json
2025-09-03 19:24:21,101 - src.extract_pipeline - INFO - Processing Italy\Coppa Italia\2020/team_standings.json...
2025-09-03 19:24:21,101 - src.extract_pipeline - WARNING - No standings data found in the response.
2025-09-03 19:24:21,102 - src.extract_pipeline - WARNING - No data extracted from team_standings.json
2025-09-03 19:24:21,114 - src.extract_pipeline - INFO - Checking Italy/Coppa Italia/2021...
2025-09-03 19:24:21,137 - src.extract_pipeline - INFO - Processing Italy\Coppa Italia\2021/injuries.json...
2025-09-03 19:24:21,149 - src.extract_pipeline - WARNING - No data extracted from injuries.json
2025-09-03 19:24:21,190 - src.extract_pipeline - INFO - Processing Italy\Coppa Italia\2021/team_standings.json...
2025-09-03 19:24:21,191 - src.extract_pipeline - WARNING - No standings data found in the response.
2025-09-03 19:24:21,191 - src.extract_pipeline - WARNING - No data extracted from team_standings.json
2025-09-03 19:24:21,207 - src.extract_pipeline - INFO - Checking Italy/Coppa Italia/2022...
2025-09-03 19:24:21,231 - src.extract_pipeline - INFO - Processing Italy\Coppa Italia\2022/injuries.json...
2025-09-03 19:24:21,241 - src.extract_pipeline - WARNING - No data extracted from injuries.json
2025-09-03 19:24:21,284 - src.extract_pipeline - INFO - Processing Italy\Coppa Italia\2022/team_standings.json...
2025-09-03 19:24:21,285 - src.extract_pipeline - WARNING - No standings data found in the response.
2025-09-03 19:24:21,285 - src.extract_pipeline - WARNING - No data extracted from team_standings.json
2025-09-03 19:24:21,299 - src.extract_pipeline - INFO - Checking Italy/Coppa Italia/2023...
2025-09-03 19:24:21,322 - src.extract_pipeline - INFO - Processing Italy\Coppa Italia\2023/injuries.json...
2025-09-03 19:24:21,333 - src.extract_pipeline - WARNING - No data extracted from injuries.json
2025-09-03 19:24:21,372 - src.extract_pipeline - INFO - Processing Italy\Coppa Italia\2023/team_standings.json...
2025-09-03 19:24:21,372 - src.extract_pipeline - WARNING - No standings data found in the response.
2025-09-03 19:24:21,373 - src.extract_pipeline - WARNING - No data extracted from team_standings.json
2025-09-03 19:24:21,387 - src.extract_pipeline - INFO - Checking Italy/Coppa Italia/2024...
2025-09-03 19:24:21,408 - src.extract_pipeline - INFO - Processing Italy\Coppa Italia\2024/injuries.json...
2025-09-03 19:24:21,419 - src.extract_pipeline - WARNING - No data extracted from injuries.json
2025-09-03 19:24:21,457 - src.extract_pipeline - INFO - Processing Italy\Coppa Italia\2024/team_standings.json...
2025-09-03 19:24:21,457 - src.extract_pipeline - WARNING - No standings data found in the response.
2025-09-03 19:24:21,457 - src.extract_pipeline - WARNING - No data extracted from team_standings.json
2025-09-03 19:24:21,470 - src.extract_pipeline - INFO - Checking Italy/Coppa Italia/2025...
2025-09-03 19:24:21,471 - src.extract_pipeline - INFO - Checking Italy/Serie A/2016...
2025-09-03 19:24:21,499 - src.extract_pipeline - INFO - Processing Italy\Serie A\2016/injuries.json...
2025-09-03 19:24:21,590 - src.extract_pipeline - WARNING - No data extracted from injuries.json
2025-09-03 19:24:21,706 - src.extract_pipeline - INFO - Checking Italy/Serie A/2017...
2025-09-03 19:24:21,731 - src.extract_pipeline - INFO - Processing Italy\Serie A\2017/injuries.json...
2025-09-03 19:24:21,821 - src.extract_pipeline - WARNING - No data extracted from injuries.json
2025-09-03 19:24:21,938 - src.extract_pipeline - INFO - Checking Italy/Serie A/2018...
2025-09-03 19:24:21,965 - src.extract_pipeline - INFO - Processing Italy\Serie A\2018/injuries.json...
2025-09-03 19:24:22,056 - src.extract_pipeline - WARNING - No data extracted from injuries.json
2025-09-03 19:24:22,175 - src.extract_pipeline - INFO - Checking Italy/Serie A/2019...
2025-09-03 19:24:22,204 - src.extract_pipeline - INFO - Processing Italy\Serie A\2019/injuries.json...
2025-09-03 19:24:22,273 - src.extract_pipeline - WARNING - No data extracted from injuries.json
2025-09-03 19:24:22,367 - src.extract_pipeline - INFO - Checking Italy/Serie A/2020...
2025-09-03 19:24:22,541 - src.extract_pipeline - INFO - Checking Italy/Serie A/2021...
2025-09-03 19:24:22,729 - src.extract_pipeline - INFO - Checking Italy/Serie A/2022...
2025-09-03 19:24:22,915 - src.extract_pipeline - INFO - Checking Italy/Serie A/2023...
2025-09-03 19:24:23,122 - src.extract_pipeline - INFO - Checking Italy/Serie A/2024...
2025-09-03 19:24:23,323 - src.extract_pipeline - INFO - Checking Italy/Serie A/2025...
2025-09-03 19:24:23,420 - src.extract_pipeline - INFO - Checking Italy/Serie B/2017...
2025-09-03 19:24:23,455 - src.extract_pipeline - INFO - Checking Italy/Serie B/2018...
2025-09-03 19:24:23,469 - src.extract_pipeline - INFO - Processing Italy\Serie B\2018/injuries.json...
2025-09-03 19:24:23,551 - src.extract_pipeline - WARNING - No data extracted from injuries.json
2025-09-03 19:24:23,584 - src.extract_pipeline - INFO - Processing Italy\Serie B\2018/player_statistics.json...
2025-09-03 19:24:23,636 - src.extract_pipeline - WARNING - No data extracted from player_statistics.json
2025-09-03 19:24:23,663 - src.extract_pipeline - INFO - Checking Italy/Serie B/2019...
2025-09-03 19:24:23,689 - src.extract_pipeline - INFO - Processing Italy\Serie B\2019/injuries.json...
2025-09-03 19:24:23,758 - src.extract_pipeline - WARNING - No data extracted from injuries.json
2025-09-03 19:24:23,855 - src.extract_pipeline - INFO - Checking Italy/Serie B/2020...
2025-09-03 19:24:23,881 - src.extract_pipeline - INFO - Processing Italy\Serie B\2020/injuries.json...
2025-09-03 19:24:23,976 - src.extract_pipeline - WARNING - No data extracted from injuries.json
2025-09-03 19:24:24,134 - src.extract_pipeline - INFO - Checking Italy/Serie B/2021...
2025-09-03 19:24:24,169 - src.extract_pipeline - INFO - Processing Italy\Serie B\2021/injuries.json...
2025-09-03 19:24:24,278 - src.extract_pipeline - WARNING - No data extracted from injuries.json
2025-09-03 19:24:24,436 - src.extract_pipeline - INFO - Checking Italy/Serie B/2022...
2025-09-03 19:24:24,461 - src.extract_pipeline - INFO - Processing Italy\Serie B\2022/injuries.json...
2025-09-03 19:24:24,553 - src.extract_pipeline - WARNING - No data extracted from injuries.json
2025-09-03 19:24:24,705 - src.extract_pipeline - INFO - Checking Italy/Serie B/2023...
2025-09-03 19:24:24,745 - src.extract_pipeline - INFO - Processing Italy\Serie B\2023/injuries.json...
2025-09-03 19:24:24,851 - src.extract_pipeline - WARNING - No data extracted from injuries.json
2025-09-03 19:24:25,009 - src.extract_pipeline - INFO - Checking Italy/Serie B/2024...
2025-09-03 19:24:25,037 - src.extract_pipeline - INFO - Processing Italy\Serie B\2024/injuries.json...
2025-09-03 19:24:25,129 - src.extract_pipeline - WARNING - No data extracted from injuries.json
2025-09-03 19:24:25,287 - src.extract_pipeline - INFO - Checking Italy/Serie B/2025...
2025-09-03 19:24:25,289 - src.extract_pipeline - INFO - Checking Italy/Serie C/2025...
2025-09-03 19:24:25,305 - src.extract_pipeline - INFO - Processing Italy\Serie C\2025/fixture_events.json...
2025-09-03 19:24:25,311 - src.extract_pipeline - INFO - Saved fixture_events.csv
2025-09-03 19:24:25,322 - src.extract_pipeline - INFO - Processing Italy\Serie C\2025/odds.json...
2025-09-03 19:24:25,325 - src.extract_pipeline - WARNING - No data extracted from odds.json
2025-09-03 19:24:25,327 - src.extract_pipeline - INFO - Checking Netherlands/Eerste Divisie/2017...
2025-09-03 19:24:25,330 - src.extract_pipeline - INFO - Processing Netherlands\Eerste Divisie\2017/fixture_events.json...
2025-09-03 19:24:25,355 - src.extract_pipeline - INFO - Saved fixture_events.csv
2025-09-03 19:24:25,366 - src.extract_pipeline - INFO - Processing Netherlands\Eerste Divisie\2017/team_statistics.json...
2025-09-03 19:24:25,456 - src.extract_pipeline - WARNING - No data extracted from team_statistics.json
2025-09-03 19:24:25,457 - src.extract_pipeline - INFO - Checking Netherlands/Eerste Divisie/2018...
2025-09-03 19:24:25,472 - src.extract_pipeline - INFO - Processing Netherlands\Eerste Divisie\2018/fixture_events.json...
2025-09-03 19:24:25,498 - src.extract_pipeline - INFO - Saved fixture_events.csv
2025-09-03 19:24:25,508 - src.extract_pipeline - INFO - Processing Netherlands\Eerste Divisie\2018/team_statistics.json...
2025-09-03 19:24:25,606 - src.extract_pipeline - WARNING - No data extracted from team_statistics.json
2025-09-03 19:24:25,607 - src.extract_pipeline - INFO - Checking Netherlands/Eerste Divisie/2019...
2025-09-03 19:24:25,623 - src.extract_pipeline - INFO - Processing Netherlands\Eerste Divisie\2019/fixture_events.json...
2025-09-03 19:24:25,647 - src.extract_pipeline - INFO - Saved fixture_events.csv
2025-09-03 19:24:25,661 - src.extract_pipeline - INFO - Processing Netherlands\Eerste Divisie\2019/team_statistics.json...
2025-09-03 19:24:25,758 - src.extract_pipeline - WARNING - No data extracted from team_statistics.json
2025-09-03 19:24:25,759 - src.extract_pipeline - INFO - Checking Netherlands/Eerste Divisie/2020...
2025-09-03 19:24:25,775 - src.extract_pipeline - INFO - Processing Netherlands\Eerste Divisie\2020/fixture_events.json...
2025-09-03 19:24:25,800 - src.extract_pipeline - INFO - Saved fixture_events.csv
2025-09-03 19:24:25,813 - src.extract_pipeline - INFO - Processing Netherlands\Eerste Divisie\2020/team_statistics.json...
2025-09-03 19:24:26,249 - src.extract_pipeline - INFO - Saved team_statistics.csv
2025-09-03 19:24:26,252 - src.extract_pipeline - INFO - Checking Netherlands/Eerste Divisie/2021...
2025-09-03 19:24:26,266 - src.extract_pipeline - INFO - Processing Netherlands\Eerste Divisie\2021/fixture_events.json...
2025-09-03 19:24:26,289 - src.extract_pipeline - INFO - Saved fixture_events.csv
2025-09-03 19:24:26,302 - src.extract_pipeline - INFO - Processing Netherlands\Eerste Divisie\2021/team_statistics.json...
2025-09-03 19:24:26,771 - src.extract_pipeline - INFO - Saved team_statistics.csv
2025-09-03 19:24:26,774 - src.extract_pipeline - INFO - Checking Netherlands/Eerste Divisie/2022...
2025-09-03 19:24:26,789 - src.extract_pipeline - INFO - Processing Netherlands\Eerste Divisie\2022/fixture_events.json...
2025-09-03 19:24:26,813 - src.extract_pipeline - INFO - Saved fixture_events.csv
2025-09-03 19:24:26,826 - src.extract_pipeline - INFO - Processing Netherlands\Eerste Divisie\2022/team_statistics.json...
2025-09-03 19:24:27,198 - src.extract_pipeline - INFO - Saved team_statistics.csv
2025-09-03 19:24:27,201 - src.extract_pipeline - INFO - Checking Netherlands/Eerste Divisie/2023...
2025-09-03 19:24:27,216 - src.extract_pipeline - INFO - Processing Netherlands\Eerste Divisie\2023/fixture_events.json...
2025-09-03 19:24:27,240 - src.extract_pipeline - INFO - Saved fixture_events.csv
2025-09-03 19:24:27,255 - src.extract_pipeline - INFO - Processing Netherlands\Eerste Divisie\2023/team_statistics.json...
2025-09-03 19:24:27,704 - src.extract_pipeline - INFO - Saved team_statistics.csv
2025-09-03 19:24:27,706 - src.extract_pipeline - INFO - Checking Netherlands/Eerste Divisie/2024...
2025-09-03 19:24:27,723 - src.extract_pipeline - INFO - Processing Netherlands\Eerste Divisie\2024/fixture_events.json...
2025-09-03 19:24:27,749 - src.extract_pipeline - INFO - Saved fixture_events.csv
2025-09-03 19:24:27,767 - src.extract_pipeline - INFO - Processing Netherlands\Eerste Divisie\2024/team_statistics.json...
2025-09-03 19:24:28,214 - src.extract_pipeline - INFO - Saved team_statistics.csv
2025-09-03 19:24:28,217 - src.extract_pipeline - INFO - Checking Netherlands/Eredivisie/2017...
2025-09-03 19:24:28,218 - src.extract_pipeline - INFO - Processing Netherlands\Eredivisie\2017/fixture_events.json...
2025-09-03 19:24:28,239 - src.extract_pipeline - INFO - Saved fixture_events.csv
2025-09-03 19:24:28,253 - src.extract_pipeline - INFO - Processing Netherlands\Eredivisie\2017/team_statistics.json...
2025-09-03 19:24:28,500 - src.extract_pipeline - INFO - Saved team_statistics.csv
2025-09-03 19:24:28,503 - src.extract_pipeline - INFO - Checking Netherlands/Eredivisie/2018...
2025-09-03 19:24:28,518 - src.extract_pipeline - INFO - Processing Netherlands\Eredivisie\2018/fixture_events.json...
2025-09-03 19:24:28,542 - src.extract_pipeline - INFO - Saved fixture_events.csv
2025-09-03 19:24:28,554 - src.extract_pipeline - INFO - Processing Netherlands\Eredivisie\2018/injuries.json...
2025-09-03 19:24:28,633 - src.extract_pipeline - WARNING - No data extracted from injuries.json
2025-09-03 19:24:28,653 - src.extract_pipeline - INFO - Processing Netherlands\Eredivisie\2018/lineups.json...
2025-09-03 19:24:29,195 - src.extract_pipeline - INFO - Saved lineups.csv
2025-09-03 19:24:29,251 - src.extract_pipeline - INFO - Processing Netherlands\Eredivisie\2018/player_statistics.json...
2025-09-03 19:24:30,244 - src.extract_pipeline - INFO - Saved player_statistics.csv
2025-09-03 19:24:30,257 - src.extract_pipeline - INFO - Processing Netherlands\Eredivisie\2018/team_standings.json...
2025-09-03 19:24:30,281 - src.extract_pipeline - INFO - Saved team_standings.csv
2025-09-03 19:24:30,296 - src.extract_pipeline - INFO - Processing Netherlands\Eredivisie\2018/team_statistics.json...
2025-09-03 19:24:30,782 - src.extract_pipeline - INFO - Saved team_statistics.csv
2025-09-03 19:24:30,784 - src.extract_pipeline - INFO - Checking Netherlands/Eredivisie/2019...
2025-09-03 19:24:30,800 - src.extract_pipeline - INFO - Processing Netherlands\Eredivisie\2019/fixture_events.json...
2025-09-03 19:24:30,823 - src.extract_pipeline - INFO - Saved fixture_events.csv
2025-09-03 19:24:30,835 - src.extract_pipeline - INFO - Processing Netherlands\Eredivisie\2019/injuries.json...
2025-09-03 19:24:30,921 - src.extract_pipeline - WARNING - No data extracted from injuries.json
2025-09-03 19:24:30,940 - src.extract_pipeline - INFO - Processing Netherlands\Eredivisie\2019/lineups.json...
2025-09-03 19:24:31,037 - src.extract_pipeline - WARNING - Empty response data
2025-09-03 19:24:31,037 - src.extract_pipeline - WARNING - Empty response data
2025-09-03 19:24:31,038 - src.extract_pipeline - WARNING - Empty response data
2025-09-03 19:24:31,038 - src.extract_pipeline - WARNING - Empty response data
2025-09-03 19:24:31,038 - src.extract_pipeline - WARNING - Empty response data
2025-09-03 19:24:31,038 - src.extract_pipeline - WARNING - Empty response data
2025-09-03 19:24:31,039 - src.extract_pipeline - WARNING - Empty response data
2025-09-03 19:24:31,039 - src.extract_pipeline - WARNING - Empty response data
2025-09-03 19:24:31,039 - src.extract_pipeline - WARNING - Empty response data
2025-09-03 19:24:31,039 - src.extract_pipeline - WARNING - Empty response data
2025-09-03 19:24:31,039 - src.extract_pipeline - WARNING - Empty response data
2025-09-03 19:24:31,040 - src.extract_pipeline - WARNING - Empty response data
2025-09-03 19:24:31,040 - src.extract_pipeline - WARNING - Empty response data
2025-09-03 19:24:31,040 - src.extract_pipeline - WARNING - Empty response data
2025-09-03 19:24:31,040 - src.extract_pipeline - WARNING - Empty response data
2025-09-03 19:24:31,041 - src.extract_pipeline - WARNING - Empty response data
2025-09-03 19:24:31,041 - src.extract_pipeline - WARNING - Empty response data
2025-09-03 19:24:31,041 - src.extract_pipeline - WARNING - Empty response data
2025-09-03 19:24:31,042 - src.extract_pipeline - WARNING - Empty response data
2025-09-03 19:24:31,042 - src.extract_pipeline - WARNING - Empty response data
2025-09-03 19:24:31,042 - src.extract_pipeline - WARNING - Empty response data
2025-09-03 19:24:31,042 - src.extract_pipeline - WARNING - Empty response data
2025-09-03 19:24:31,043 - src.extract_pipeline - WARNING - Empty response data
2025-09-03 19:24:31,043 - src.extract_pipeline - WARNING - Empty response data
2025-09-03 19:24:31,043 - src.extract_pipeline - WARNING - Empty response data
2025-09-03 19:24:31,043 - src.extract_pipeline - WARNING - Empty response data
2025-09-03 19:24:31,044 - src.extract_pipeline - WARNING - Empty response data
2025-09-03 19:24:31,044 - src.extract_pipeline - WARNING - Empty response data
2025-09-03 19:24:31,044 - src.extract_pipeline - WARNING - Empty response data
2025-09-03 19:24:31,044 - src.extract_pipeline - WARNING - Empty response data
2025-09-03 19:24:31,045 - src.extract_pipeline - WARNING - Empty response data
2025-09-03 19:24:31,045 - src.extract_pipeline - WARNING - Empty response data
2025-09-03 19:24:31,045 - src.extract_pipeline - WARNING - Empty response data
2025-09-03 19:24:31,045 - src.extract_pipeline - WARNING - Empty response data
2025-09-03 19:24:31,046 - src.extract_pipeline - WARNING - Empty response data
2025-09-03 19:24:31,046 - src.extract_pipeline - WARNING - Empty response data
2025-09-03 19:24:31,046 - src.extract_pipeline - WARNING - Empty response data
2025-09-03 19:24:31,046 - src.extract_pipeline - WARNING - Empty response data
2025-09-03 19:24:31,047 - src.extract_pipeline - WARNING - Empty response data
2025-09-03 19:24:31,047 - src.extract_pipeline - WARNING - Empty response data
2025-09-03 19:24:31,047 - src.extract_pipeline - WARNING - Empty response data
2025-09-03 19:24:31,047 - src.extract_pipeline - WARNING - Empty response data
2025-09-03 19:24:31,047 - src.extract_pipeline - WARNING - Empty response data
2025-09-03 19:24:31,048 - src.extract_pipeline - WARNING - Empty response data
2025-09-03 19:24:31,048 - src.extract_pipeline - WARNING - Empty response data
2025-09-03 19:24:31,048 - src.extract_pipeline - WARNING - Empty response data
2025-09-03 19:24:31,048 - src.extract_pipeline - WARNING - Empty response data
2025-09-03 19:24:31,048 - src.extract_pipeline - WARNING - Empty response data
2025-09-03 19:24:31,049 - src.extract_pipeline - WARNING - Empty response data
2025-09-03 19:24:31,049 - src.extract_pipeline - WARNING - Empty response data
2025-09-03 19:24:31,049 - src.extract_pipeline - WARNING - Empty response data
2025-09-03 19:24:31,049 - src.extract_pipeline - WARNING - Empty response data
2025-09-03 19:24:31,050 - src.extract_pipeline - WARNING - Empty response data
2025-09-03 19:24:31,050 - src.extract_pipeline - WARNING - Empty response data
2025-09-03 19:24:31,050 - src.extract_pipeline - WARNING - Empty response data
2025-09-03 19:24:31,050 - src.extract_pipeline - WARNING - Empty response data
2025-09-03 19:24:31,050 - src.extract_pipeline - WARNING - Empty response data
2025-09-03 19:24:31,051 - src.extract_pipeline - WARNING - Empty response data
2025-09-03 19:24:31,051 - src.extract_pipeline - WARNING - Empty response data
2025-09-03 19:24:31,051 - src.extract_pipeline - WARNING - Empty response data
2025-09-03 19:24:31,051 - src.extract_pipeline - WARNING - Empty response data
2025-09-03 19:24:31,052 - src.extract_pipeline - WARNING - Empty response data
2025-09-03 19:24:31,052 - src.extract_pipeline - WARNING - Empty response data
2025-09-03 19:24:31,411 - src.extract_pipeline - INFO - Saved lineups.csv
2025-09-03 19:24:31,455 - src.extract_pipeline - INFO - Processing Netherlands\Eredivisie\2019/player_statistics.json...
2025-09-03 19:24:32,247 - src.extract_pipeline - INFO - Saved player_statistics.csv
2025-09-03 19:24:32,259 - src.extract_pipeline - INFO - Processing Netherlands\Eredivisie\2019/team_standings.json...
2025-09-03 19:24:32,277 - src.extract_pipeline - INFO - Saved team_standings.csv
2025-09-03 19:24:32,291 - src.extract_pipeline - INFO - Processing Netherlands\Eredivisie\2019/team_statistics.json...
2025-09-03 19:24:32,517 - src.extract_pipeline - INFO - Saved team_statistics.csv
2025-09-03 19:24:32,519 - src.extract_pipeline - INFO - Checking Netherlands/Eredivisie/2020...
2025-09-03 19:24:32,534 - src.extract_pipeline - INFO - Processing Netherlands\Eredivisie\2020/fixture_events.json...
2025-09-03 19:24:32,620 - src.extract_pipeline - INFO - Saved fixture_events.csv
2025-09-03 19:24:32,635 - src.extract_pipeline - INFO - Processing Netherlands\Eredivisie\2020/injuries.json...
2025-09-03 19:24:32,747 - src.extract_pipeline - INFO - Saved injuries.csv
2025-09-03 19:24:32,767 - src.extract_pipeline - INFO - Processing Netherlands\Eredivisie\2020/lineups.json...
2025-09-03 19:24:33,393 - src.extract_pipeline - INFO - Saved lineups.csv
2025-09-03 19:24:33,476 - src.extract_pipeline - INFO - Processing Netherlands\Eredivisie\2020/player_statistics.json...
2025-09-03 19:24:34,889 - src.extract_pipeline - INFO - Saved player_statistics.csv
2025-09-03 19:24:34,903 - src.extract_pipeline - INFO - Processing Netherlands\Eredivisie\2020/team_standings.json...
2025-09-03 19:24:34,951 - src.extract_pipeline - INFO - Saved team_standings.csv
2025-09-03 19:24:34,978 - src.extract_pipeline - INFO - Processing Netherlands\Eredivisie\2020/team_statistics.json...
2025-09-03 19:24:35,386 - src.extract_pipeline - INFO - Saved team_statistics.csv
2025-09-03 19:24:35,388 - src.extract_pipeline - INFO - Checking Netherlands/Eredivisie/2021...
2025-09-03 19:24:35,407 - src.extract_pipeline - INFO - Processing Netherlands\Eredivisie\2021/fixture_events.json...
2025-09-03 19:24:35,430 - src.extract_pipeline - INFO - Saved fixture_events.csv
2025-09-03 19:24:35,450 - src.extract_pipeline - INFO - Processing Netherlands\Eredivisie\2021/injuries.json...
2025-09-03 19:24:35,698 - src.extract_pipeline - INFO - Saved injuries.csv
2025-09-03 19:24:35,718 - src.extract_pipeline - INFO - Processing Netherlands\Eredivisie\2021/lineups.json...
2025-09-03 19:24:36,323 - src.extract_pipeline - INFO - Saved lineups.csv
2025-09-03 19:24:36,407 - src.extract_pipeline - INFO - Processing Netherlands\Eredivisie\2021/player_statistics.json...
2025-09-03 19:24:37,834 - src.extract_pipeline - INFO - Saved player_statistics.csv
2025-09-03 19:24:37,851 - src.extract_pipeline - INFO - Processing Netherlands\Eredivisie\2021/team_standings.json...
2025-09-03 19:24:37,888 - src.extract_pipeline - INFO - Saved team_standings.csv
2025-09-03 19:24:37,905 - src.extract_pipeline - INFO - Processing Netherlands\Eredivisie\2021/team_statistics.json...
2025-09-03 19:24:38,275 - src.extract_pipeline - INFO - Saved team_statistics.csv
2025-09-03 19:24:38,279 - src.extract_pipeline - INFO - Checking Netherlands/Eredivisie/2022...
2025-09-03 19:24:38,295 - src.extract_pipeline - INFO - Processing Netherlands\Eredivisie\2022/fixture_events.json...
2025-09-03 19:24:38,318 - src.extract_pipeline - INFO - Saved fixture_events.csv
2025-09-03 19:24:38,338 - src.extract_pipeline - INFO - Processing Netherlands\Eredivisie\2022/injuries.json...
2025-09-03 19:24:38,594 - src.extract_pipeline - INFO - Saved injuries.csv
2025-09-03 19:24:38,614 - src.extract_pipeline - INFO - Processing Netherlands\Eredivisie\2022/lineups.json...
2025-09-03 19:24:39,192 - src.extract_pipeline - INFO - Saved lineups.csv
2025-09-03 19:24:39,270 - src.extract_pipeline - INFO - Processing Netherlands\Eredivisie\2022/player_statistics.json...
2025-09-03 19:24:40,680 - src.extract_pipeline - INFO - Saved player_statistics.csv
2025-09-03 19:24:40,701 - src.extract_pipeline - INFO - Processing Netherlands\Eredivisie\2022/team_standings.json...
2025-09-03 19:24:40,749 - src.extract_pipeline - INFO - Saved team_standings.csv
2025-09-03 19:24:40,765 - src.extract_pipeline - INFO - Processing Netherlands\Eredivisie\2022/team_statistics.json...
2025-09-03 19:24:41,095 - src.extract_pipeline - INFO - Saved team_statistics.csv
2025-09-03 19:24:41,098 - src.extract_pipeline - INFO - Checking Netherlands/Eredivisie/2023...
2025-09-03 19:24:41,101 - src.extract_pipeline - INFO - Processing Netherlands\Eredivisie\2023/fixture_events.json...
2025-09-03 19:24:41,124 - src.extract_pipeline - INFO - Saved fixture_events.csv
2025-09-03 19:24:41,144 - src.extract_pipeline - INFO - Processing Netherlands\Eredivisie\2023/injuries.json...
2025-09-03 19:24:41,486 - src.extract_pipeline - INFO - Saved injuries.csv
2025-09-03 19:24:41,509 - src.extract_pipeline - INFO - Processing Netherlands\Eredivisie\2023/lineups.json...
2025-09-03 19:24:42,068 - src.extract_pipeline - INFO - Saved lineups.csv
2025-09-03 19:24:42,150 - src.extract_pipeline - INFO - Processing Netherlands\Eredivisie\2023/player_statistics.json...
2025-09-03 19:24:43,589 - src.extract_pipeline - INFO - Saved player_statistics.csv
2025-09-03 19:24:43,602 - src.extract_pipeline - INFO - Processing Netherlands\Eredivisie\2023/team_standings.json...
2025-09-03 19:24:43,634 - src.extract_pipeline - INFO - Saved team_standings.csv
2025-09-03 19:24:43,649 - src.extract_pipeline - INFO - Processing Netherlands\Eredivisie\2023/team_statistics.json...
2025-09-03 19:24:44,088 - src.extract_pipeline - INFO - Saved team_statistics.csv
2025-09-03 19:24:44,091 - src.extract_pipeline - INFO - Checking Netherlands/Eredivisie/2024...
2025-09-03 19:24:44,108 - src.extract_pipeline - INFO - Processing Netherlands\Eredivisie\2024/fixture_events.json...
2025-09-03 19:24:44,138 - src.extract_pipeline - INFO - Saved fixture_events.csv
2025-09-03 19:24:44,161 - src.extract_pipeline - INFO - Processing Netherlands\Eredivisie\2024/injuries.json...
2025-09-03 19:24:44,515 - src.extract_pipeline - INFO - Saved injuries.csv
2025-09-03 19:24:44,536 - src.extract_pipeline - INFO - Processing Netherlands\Eredivisie\2024/lineups.json...
2025-09-03 19:24:45,086 - src.extract_pipeline - INFO - Saved lineups.csv
2025-09-03 19:24:45,171 - src.extract_pipeline - INFO - Processing Netherlands\Eredivisie\2024/player_statistics.json...
2025-09-03 19:24:46,674 - src.extract_pipeline - INFO - Saved player_statistics.csv
2025-09-03 19:24:46,686 - src.extract_pipeline - INFO - Processing Netherlands\Eredivisie\2024/team_standings.json...
2025-09-03 19:24:46,716 - src.extract_pipeline - INFO - Saved team_standings.csv
2025-09-03 19:24:46,731 - src.extract_pipeline - INFO - Processing Netherlands\Eredivisie\2024/team_statistics.json...
2025-09-03 19:24:47,129 - src.extract_pipeline - INFO - Saved team_statistics.csv
2025-09-03 19:24:47,133 - src.extract_pipeline - INFO - Checking Netherlands/Eredivisie/2025...
2025-09-03 19:24:47,147 - src.extract_pipeline - INFO - Processing Netherlands\Eredivisie\2025/fixture_events.json...
2025-09-03 19:24:47,153 - src.extract_pipeline - INFO - Saved fixture_events.csv
2025-09-03 19:24:47,169 - src.extract_pipeline - INFO - Processing Netherlands\Eredivisie\2025/injuries.json...
2025-09-03 19:24:47,185 - src.extract_pipeline - INFO - Saved injuries.csv
2025-09-03 19:24:47,198 - src.extract_pipeline - INFO - Processing Netherlands\Eredivisie\2025/lineups.json...
2025-09-03 19:24:47,230 - src.extract_pipeline - INFO - Saved lineups.csv
2025-09-03 19:24:47,245 - src.extract_pipeline - INFO - Processing Netherlands\Eredivisie\2025/odds.json...
2025-09-03 19:24:47,276 - src.extract_pipeline - INFO - Saved odds.csv
2025-09-03 19:24:47,293 - src.extract_pipeline - INFO - Processing Netherlands\Eredivisie\2025/player_statistics.json...
2025-09-03 19:24:47,368 - src.extract_pipeline - INFO - Saved player_statistics.csv
2025-09-03 19:24:47,382 - src.extract_pipeline - INFO - Processing Netherlands\Eredivisie\2025/team_statistics.json...
2025-09-03 19:24:47,403 - src.extract_pipeline - INFO - Saved team_statistics.csv
2025-09-03 19:24:47,405 - src.extract_pipeline - INFO - Checking Netherlands/KNVB Beker/2017...
2025-09-03 19:24:47,406 - src.extract_pipeline - INFO - Processing Netherlands\KNVB Beker\2017/fixture_events.json...
2025-09-03 19:24:47,417 - src.extract_pipeline - INFO - Saved fixture_events.csv
2025-09-03 19:24:47,418 - src.extract_pipeline - INFO - Processing Netherlands\KNVB Beker\2017/team_statistics.json...
2025-09-03 19:24:47,434 - src.extract_pipeline - WARNING - No data extracted from team_statistics.json
2025-09-03 19:24:47,435 - src.extract_pipeline - INFO - Checking Netherlands/KNVB Beker/2018...
2025-09-03 19:24:47,453 - src.extract_pipeline - INFO - Processing Netherlands\KNVB Beker\2018/fixture_events.json...
2025-09-03 19:24:47,464 - src.extract_pipeline - INFO - Saved fixture_events.csv
2025-09-03 19:24:47,475 - src.extract_pipeline - INFO - Processing Netherlands\KNVB Beker\2018/team_statistics.json...
2025-09-03 19:24:47,494 - src.extract_pipeline - WARNING - No data extracted from team_statistics.json
2025-09-03 19:24:47,495 - src.extract_pipeline - INFO - Checking Netherlands/KNVB Beker/2019...
2025-09-03 19:24:47,516 - src.extract_pipeline - INFO - Processing Netherlands\KNVB Beker\2019/fixture_events.json...
2025-09-03 19:24:47,528 - src.extract_pipeline - INFO - Saved fixture_events.csv
2025-09-03 19:24:47,542 - src.extract_pipeline - INFO - Processing Netherlands\KNVB Beker\2019/team_statistics.json...
2025-09-03 19:24:47,577 - src.extract_pipeline - INFO - Saved team_statistics.csv
2025-09-03 19:24:47,578 - src.extract_pipeline - INFO - Checking Netherlands/KNVB Beker/2020...
2025-09-03 19:24:47,592 - src.extract_pipeline - INFO - Processing Netherlands\KNVB Beker\2020/fixture_events.json...
2025-09-03 19:24:47,601 - src.extract_pipeline - INFO - Saved fixture_events.csv
2025-09-03 19:24:47,613 - src.extract_pipeline - INFO - Processing Netherlands\KNVB Beker\2020/team_statistics.json...
2025-09-03 19:24:47,652 - src.extract_pipeline - INFO - Saved team_statistics.csv
2025-09-03 19:24:47,653 - src.extract_pipeline - INFO - Checking Netherlands/KNVB Beker/2021...
2025-09-03 19:24:47,670 - src.extract_pipeline - INFO - Processing Netherlands\KNVB Beker\2021/fixture_events.json...
2025-09-03 19:24:47,682 - src.extract_pipeline - INFO - Saved fixture_events.csv
2025-09-03 19:24:47,696 - src.extract_pipeline - INFO - Processing Netherlands\KNVB Beker\2021/team_statistics.json...
2025-09-03 19:24:47,743 - src.extract_pipeline - INFO - Saved team_statistics.csv
2025-09-03 19:24:47,745 - src.extract_pipeline - INFO - Checking Netherlands/KNVB Beker/2022...
2025-09-03 19:24:47,764 - src.extract_pipeline - INFO - Processing Netherlands\KNVB Beker\2022/fixture_events.json...
2025-09-03 19:24:47,775 - src.extract_pipeline - INFO - Saved fixture_events.csv
2025-09-03 19:24:47,801 - src.extract_pipeline - INFO - Processing Netherlands\KNVB Beker\2022/team_statistics.json...
2025-09-03 19:24:47,879 - src.extract_pipeline - INFO - Saved team_statistics.csv
2025-09-03 19:24:47,880 - src.extract_pipeline - INFO - Checking Netherlands/KNVB Beker/2023...
2025-09-03 19:24:47,899 - src.extract_pipeline - INFO - Processing Netherlands\KNVB Beker\2023/fixture_events.json...
2025-09-03 19:24:47,911 - src.extract_pipeline - INFO - Saved fixture_events.csv
2025-09-03 19:24:47,926 - src.extract_pipeline - INFO - Processing Netherlands\KNVB Beker\2023/team_statistics.json...
2025-09-03 19:24:47,987 - src.extract_pipeline - INFO - Saved team_statistics.csv
2025-09-03 19:24:47,989 - src.extract_pipeline - INFO - Checking Netherlands/KNVB Beker/2024...
2025-09-03 19:24:48,005 - src.extract_pipeline - INFO - Processing Netherlands\KNVB Beker\2024/fixture_events.json...
2025-09-03 19:24:48,018 - src.extract_pipeline - INFO - Saved fixture_events.csv
2025-09-03 19:24:48,031 - src.extract_pipeline - INFO - Processing Netherlands\KNVB Beker\2024/team_statistics.json...
2025-09-03 19:24:48,087 - src.extract_pipeline - INFO - Saved team_statistics.csv
2025-09-03 19:24:48,089 - src.extract_pipeline - INFO - Checking Portugal/Primeira Liga/2019...
2025-09-03 19:24:48,107 - src.extract_pipeline - INFO - Processing Portugal\Primeira Liga\2019/fixture_events.json...
2025-09-03 19:24:48,123 - src.extract_pipeline - INFO - Saved fixture_events.csv
2025-09-03 19:24:48,137 - src.extract_pipeline - INFO - Processing Portugal\Primeira Liga\2019/team_statistics.json...
2025-09-03 19:24:48,449 - src.extract_pipeline - INFO - Saved team_statistics.csv
2025-09-03 19:24:48,450 - src.extract_pipeline - INFO - Checking Portugal/Primeira Liga/2020...
2025-09-03 19:24:48,466 - src.extract_pipeline - INFO - Processing Portugal\Primeira Liga\2020/fixture_events.json...
2025-09-03 19:24:48,489 - src.extract_pipeline - INFO - Saved fixture_events.csv
2025-09-03 19:24:48,511 - src.extract_pipeline - INFO - Processing Portugal\Primeira Liga\2020/injuries.json...
2025-09-03 19:24:48,640 - src.extract_pipeline - INFO - Saved injuries.csv
2025-09-03 19:24:48,662 - src.extract_pipeline - INFO - Processing Portugal\Primeira Liga\2020/lineups.json...
2025-09-03 19:24:49,143 - src.extract_pipeline - INFO - Saved lineups.csv
2025-09-03 19:24:49,157 - src.extract_pipeline - INFO - Processing Portugal\Primeira Liga\2020/team_standings.json...
2025-09-03 19:24:49,166 - src.extract_pipeline - INFO - Saved team_standings.csv
2025-09-03 19:24:49,167 - src.extract_pipeline - INFO - Checking Portugal/Primeira Liga/2021...
2025-09-03 19:24:49,182 - src.extract_pipeline - INFO - Processing Portugal\Primeira Liga\2021/fixture_events.json...
2025-09-03 19:24:49,207 - src.extract_pipeline - INFO - Saved fixture_events.csv
2025-09-03 19:24:49,220 - src.extract_pipeline - INFO - Processing Portugal\Primeira Liga\2021/injuries.json...
2025-09-03 19:24:49,304 - src.extract_pipeline - WARNING - No data extracted from injuries.json
2025-09-03 19:24:49,323 - src.extract_pipeline - INFO - Processing Portugal\Primeira Liga\2021/lineups.json...
2025-09-03 19:24:49,923 - src.extract_pipeline - INFO - Saved lineups.csv
2025-09-03 19:24:49,997 - src.extract_pipeline - INFO - Processing Portugal\Primeira Liga\2021/player_statistics.json...
2025-09-03 19:24:51,414 - src.extract_pipeline - INFO - Saved player_statistics.csv
2025-09-03 19:24:51,427 - src.extract_pipeline - INFO - Processing Portugal\Primeira Liga\2021/team_standings.json...
2025-09-03 19:24:51,457 - src.extract_pipeline - INFO - Saved team_standings.csv
2025-09-03 19:24:51,473 - src.extract_pipeline - INFO - Processing Portugal\Primeira Liga\2021/team_statistics.json...
2025-09-03 19:24:51,956 - src.extract_pipeline - INFO - Saved team_statistics.csv
2025-09-03 19:24:51,958 - src.extract_pipeline - INFO - Checking Portugal/Primeira Liga/2022...
2025-09-03 19:24:51,974 - src.extract_pipeline - INFO - Processing Portugal\Primeira Liga\2022/fixture_events.json...
2025-09-03 19:24:51,996 - src.extract_pipeline - INFO - Saved fixture_events.csv
2025-09-03 19:24:52,007 - src.extract_pipeline - INFO - Processing Portugal\Primeira Liga\2022/injuries.json...
2025-09-03 19:24:52,081 - src.extract_pipeline - WARNING - No data extracted from injuries.json
2025-09-03 19:24:52,103 - src.extract_pipeline - INFO - Processing Portugal\Primeira Liga\2022/lineups.json...
2025-09-03 19:24:52,598 - src.extract_pipeline - INFO - Saved lineups.csv
2025-09-03 19:24:52,672 - src.extract_pipeline - INFO - Processing Portugal\Primeira Liga\2022/player_statistics.json...
2025-09-03 19:24:53,948 - src.extract_pipeline - INFO - Saved player_statistics.csv
2025-09-03 19:24:53,960 - src.extract_pipeline - INFO - Processing Portugal\Primeira Liga\2022/team_standings.json...
2025-09-03 19:24:53,989 - src.extract_pipeline - INFO - Saved team_standings.csv
2025-09-03 19:24:54,003 - src.extract_pipeline - INFO - Processing Portugal\Primeira Liga\2022/team_statistics.json...
2025-09-03 19:24:54,382 - src.extract_pipeline - INFO - Saved team_statistics.csv
2025-09-03 19:24:54,384 - src.extract_pipeline - INFO - Checking Portugal/Primeira Liga/2023...
2025-09-03 19:24:54,399 - src.extract_pipeline - INFO - Processing Portugal\Primeira Liga\2023/fixture_events.json...
2025-09-03 19:24:54,423 - src.extract_pipeline - INFO - Saved fixture_events.csv
2025-09-03 19:24:54,436 - src.extract_pipeline - INFO - Processing Portugal\Primeira Liga\2023/injuries.json...
2025-09-03 19:24:54,511 - src.extract_pipeline - WARNING - No data extracted from injuries.json
2025-09-03 19:24:54,529 - src.extract_pipeline - INFO - Processing Portugal\Primeira Liga\2023/lineups.json...
2025-09-03 19:24:55,078 - src.extract_pipeline - INFO - Saved lineups.csv
2025-09-03 19:24:55,151 - src.extract_pipeline - INFO - Processing Portugal\Primeira Liga\2023/player_statistics.json...
2025-09-03 19:24:56,385 - src.extract_pipeline - INFO - Saved player_statistics.csv
2025-09-03 19:24:56,397 - src.extract_pipeline - INFO - Processing Portugal\Primeira Liga\2023/team_standings.json...
2025-09-03 19:24:56,428 - src.extract_pipeline - INFO - Saved team_standings.csv
2025-09-03 19:24:56,444 - src.extract_pipeline - INFO - Processing Portugal\Primeira Liga\2023/team_statistics.json...
2025-09-03 19:24:56,836 - src.extract_pipeline - INFO - Saved team_statistics.csv
2025-09-03 19:24:56,838 - src.extract_pipeline - INFO - Checking Portugal/Primeira Liga/2024...
2025-09-03 19:24:56,854 - src.extract_pipeline - INFO - Processing Portugal\Primeira Liga\2024/fixture_events.json...
2025-09-03 19:24:56,880 - src.extract_pipeline - INFO - Saved fixture_events.csv
2025-09-03 19:24:56,901 - src.extract_pipeline - INFO - Processing Portugal\Primeira Liga\2024/injuries.json...
2025-09-03 19:24:56,978 - src.extract_pipeline - WARNING - No data extracted from injuries.json
2025-09-03 19:24:56,997 - src.extract_pipeline - INFO - Processing Portugal\Primeira Liga\2024/lineups.json...
2025-09-03 19:24:57,555 - src.extract_pipeline - INFO - Saved lineups.csv
2025-09-03 19:24:57,627 - src.extract_pipeline - INFO - Processing Portugal\Primeira Liga\2024/player_statistics.json...
2025-09-03 19:24:58,914 - src.extract_pipeline - INFO - Saved player_statistics.csv
2025-09-03 19:24:58,927 - src.extract_pipeline - INFO - Processing Portugal\Primeira Liga\2024/team_standings.json...
2025-09-03 19:24:58,954 - src.extract_pipeline - INFO - Saved team_standings.csv
2025-09-03 19:24:58,969 - src.extract_pipeline - INFO - Processing Portugal\Primeira Liga\2024/team_statistics.json...
2025-09-03 19:24:59,268 - src.extract_pipeline - INFO - Saved team_statistics.csv
2025-09-03 19:24:59,271 - src.extract_pipeline - INFO - Checking Portugal/Primeira Liga/2025...
2025-09-03 19:24:59,287 - src.extract_pipeline - INFO - Processing Portugal\Primeira Liga\2025/fixture_events.json...
2025-09-03 19:24:59,293 - src.extract_pipeline - INFO - Saved fixture_events.csv
2025-09-03 19:24:59,313 - src.extract_pipeline - INFO - Processing Portugal\Primeira Liga\2025/injuries.json...
2025-09-03 19:24:59,330 - src.extract_pipeline - INFO - Saved injuries.csv
2025-09-03 19:24:59,344 - src.extract_pipeline - INFO - Processing Portugal\Primeira Liga\2025/lineups.json...
2025-09-03 19:24:59,375 - src.extract_pipeline - INFO - Saved lineups.csv
2025-09-03 19:24:59,390 - src.extract_pipeline - INFO - Processing Portugal\Primeira Liga\2025/odds.json...
2025-09-03 19:24:59,418 - src.extract_pipeline - INFO - Saved odds.csv
2025-09-03 19:24:59,436 - src.extract_pipeline - INFO - Processing Portugal\Primeira Liga\2025/player_statistics.json...
2025-09-03 19:24:59,509 - src.extract_pipeline - INFO - Saved player_statistics.csv
2025-09-03 19:24:59,526 - src.extract_pipeline - INFO - Processing Portugal\Primeira Liga\2025/team_statistics.json...
2025-09-03 19:24:59,548 - src.extract_pipeline - INFO - Saved team_statistics.csv
2025-09-03 19:24:59,550 - src.extract_pipeline - INFO - Checking Portugal/Segunda Liga/2017...
2025-09-03 19:24:59,565 - src.extract_pipeline - INFO - Processing Portugal\Segunda Liga\2017/fixture_events.json...
2025-09-03 19:24:59,591 - src.extract_pipeline - INFO - Saved fixture_events.csv
2025-09-03 19:24:59,603 - src.extract_pipeline - INFO - Processing Portugal\Segunda Liga\2017/team_statistics.json...
2025-09-03 19:24:59,761 - src.extract_pipeline - WARNING - No data extracted from team_statistics.json
2025-09-03 19:24:59,762 - src.extract_pipeline - INFO - Checking Portugal/Segunda Liga/2019...
2025-09-03 19:24:59,779 - src.extract_pipeline - INFO - Processing Portugal\Segunda Liga\2019/fixture_events.json...
2025-09-03 19:24:59,801 - src.extract_pipeline - INFO - Saved fixture_events.csv
2025-09-03 19:24:59,816 - src.extract_pipeline - INFO - Processing Portugal\Segunda Liga\2019/team_statistics.json...
2025-09-03 19:24:59,979 - src.extract_pipeline - INFO - Saved team_statistics.csv
2025-09-03 19:24:59,980 - src.extract_pipeline - INFO - Checking Portugal/Segunda Liga/2020...
2025-09-03 19:24:59,998 - src.extract_pipeline - INFO - Processing Portugal\Segunda Liga\2020/fixture_events.json...
2025-09-03 19:25:00,022 - src.extract_pipeline - INFO - Saved fixture_events.csv
2025-09-03 19:25:00,037 - src.extract_pipeline - INFO - Processing Portugal\Segunda Liga\2020/team_statistics.json...
2025-09-03 19:25:00,357 - src.extract_pipeline - INFO - Saved team_statistics.csv
2025-09-03 19:25:00,359 - src.extract_pipeline - INFO - Checking Portugal/Segunda Liga/2021...
2025-09-03 19:25:00,379 - src.extract_pipeline - INFO - Processing Portugal\Segunda Liga\2021/fixture_events.json...
2025-09-03 19:25:00,410 - src.extract_pipeline - INFO - Saved fixture_events.csv
2025-09-03 19:25:00,426 - src.extract_pipeline - INFO - Processing Portugal\Segunda Liga\2021/team_statistics.json...
2025-09-03 19:25:00,816 - src.extract_pipeline - INFO - Saved team_statistics.csv
2025-09-03 19:25:00,818 - src.extract_pipeline - INFO - Checking Portugal/Segunda Liga/2022...
2025-09-03 19:25:00,833 - src.extract_pipeline - INFO - Processing Portugal\Segunda Liga\2022/fixture_events.json...
2025-09-03 19:25:00,855 - src.extract_pipeline - INFO - Saved fixture_events.csv
2025-09-03 19:25:00,869 - src.extract_pipeline - INFO - Processing Portugal\Segunda Liga\2022/team_statistics.json...
2025-09-03 19:25:01,142 - src.extract_pipeline - INFO - Saved team_statistics.csv
2025-09-03 19:25:01,144 - src.extract_pipeline - INFO - Checking Portugal/Segunda Liga/2023...
2025-09-03 19:25:01,161 - src.extract_pipeline - INFO - Processing Portugal\Segunda Liga\2023/fixture_events.json...
2025-09-03 19:25:01,183 - src.extract_pipeline - INFO - Saved fixture_events.csv
2025-09-03 19:25:01,198 - src.extract_pipeline - INFO - Processing Portugal\Segunda Liga\2023/team_statistics.json...
2025-09-03 19:25:01,642 - src.extract_pipeline - INFO - Saved team_statistics.csv
2025-09-03 19:25:01,645 - src.extract_pipeline - INFO - Checking Portugal/Segunda Liga/2024...
2025-09-03 19:25:01,663 - src.extract_pipeline - INFO - Processing Portugal\Segunda Liga\2024/fixture_events.json...
2025-09-03 19:25:01,686 - src.extract_pipeline - INFO - Saved fixture_events.csv
2025-09-03 19:25:01,701 - src.extract_pipeline - INFO - Processing Portugal\Segunda Liga\2024/team_statistics.json...
2025-09-03 19:25:02,136 - src.extract_pipeline - INFO - Saved team_statistics.csv
2025-09-03 19:25:02,139 - src.extract_pipeline - INFO - Checking Portugal/Taca de Portugal/2019...
2025-09-03 19:25:02,154 - src.extract_pipeline - INFO - Processing Portugal\Taca de Portugal\2019/fixture_events.json...
2025-09-03 19:25:02,161 - src.extract_pipeline - INFO - Saved fixture_events.csv
2025-09-03 19:25:02,162 - src.extract_pipeline - INFO - Processing Portugal\Taca de Portugal\2019/team_statistics.json...
2025-09-03 19:25:02,174 - src.extract_pipeline - INFO - Saved team_statistics.csv
2025-09-03 19:25:02,174 - src.extract_pipeline - INFO - Checking Portugal/Taca de Portugal/2020...
2025-09-03 19:25:02,188 - src.extract_pipeline - INFO - Processing Portugal\Taca de Portugal\2020/fixture_events.json...
2025-09-03 19:25:02,194 - src.extract_pipeline - INFO - Saved fixture_events.csv
2025-09-03 19:25:02,195 - src.extract_pipeline - INFO - Processing Portugal\Taca de Portugal\2020/team_statistics.json...
2025-09-03 19:25:02,201 - src.extract_pipeline - INFO - Saved team_statistics.csv
2025-09-03 19:25:02,202 - src.extract_pipeline - INFO - Checking Portugal/Taca de Portugal/2021...
2025-09-03 19:25:02,217 - src.extract_pipeline - INFO - Processing Portugal\Taca de Portugal\2021/fixture_events.json...
2025-09-03 19:25:02,222 - src.extract_pipeline - INFO - Saved fixture_events.csv
2025-09-03 19:25:02,233 - src.extract_pipeline - INFO - Processing Portugal\Taca de Portugal\2021/team_statistics.json...
2025-09-03 19:25:02,245 - src.extract_pipeline - INFO - Saved team_statistics.csv
2025-09-03 19:25:02,245 - src.extract_pipeline - INFO - Checking Portugal/Taca de Portugal/2022...
2025-09-03 19:25:02,260 - src.extract_pipeline - INFO - Processing Portugal\Taca de Portugal\2022/fixture_events.json...
2025-09-03 19:25:02,268 - src.extract_pipeline - INFO - Saved fixture_events.csv
2025-09-03 19:25:02,280 - src.extract_pipeline - INFO - Processing Portugal\Taca de Portugal\2022/team_statistics.json...
2025-09-03 19:25:02,307 - src.extract_pipeline - INFO - Saved team_statistics.csv
2025-09-03 19:25:02,308 - src.extract_pipeline - INFO - Checking Portugal/Taca de Portugal/2023...
2025-09-03 19:25:02,324 - src.extract_pipeline - INFO - Processing Portugal\Taca de Portugal\2023/fixture_events.json...
2025-09-03 19:25:02,331 - src.extract_pipeline - INFO - Saved fixture_events.csv
2025-09-03 19:25:02,344 - src.extract_pipeline - INFO - Processing Portugal\Taca de Portugal\2023/team_statistics.json...
2025-09-03 19:25:02,355 - src.extract_pipeline - INFO - Saved team_statistics.csv
2025-09-03 19:25:02,356 - src.extract_pipeline - INFO - Checking Portugal/Taca de Portugal/2024...
2025-09-03 19:25:02,378 - src.extract_pipeline - INFO - Processing Portugal\Taca de Portugal\2024/fixture_events.json...
2025-09-03 19:25:02,384 - src.extract_pipeline - INFO - Saved fixture_events.csv
2025-09-03 19:25:02,397 - src.extract_pipeline - INFO - Processing Portugal\Taca de Portugal\2024/team_statistics.json...
2025-09-03 19:25:02,405 - src.extract_pipeline - INFO - Saved team_statistics.csv
2025-09-03 19:25:02,407 - src.extract_pipeline - INFO - Checking Spain/Copa del Rey/2018...
2025-09-03 19:25:02,434 - src.extract_pipeline - INFO - Checking Spain/Copa del Rey/2019...
2025-09-03 19:25:02,462 - src.extract_pipeline - INFO - Checking Spain/Copa del Rey/2020...
2025-09-03 19:25:02,489 - src.extract_pipeline - INFO - Checking Spain/Copa del Rey/2021...
2025-09-03 19:25:02,517 - src.extract_pipeline - INFO - Checking Spain/Copa del Rey/2022...
2025-09-03 19:25:02,547 - src.extract_pipeline - INFO - Checking Spain/Copa del Rey/2023...
2025-09-03 19:25:02,576 - src.extract_pipeline - INFO - Checking Spain/Copa del Rey/2024...
2025-09-03 19:25:02,605 - src.extract_pipeline - INFO - Checking Spain/Copa del Rey/2025...
2025-09-03 19:25:02,606 - src.extract_pipeline - INFO - Checking Spain/La Liga/2018...
2025-09-03 19:25:02,622 - src.extract_pipeline - INFO - Processing Spain\La Liga\2018/fixture_events.json...
2025-09-03 19:25:02,648 - src.extract_pipeline - INFO - Saved fixture_events.csv
2025-09-03 19:25:02,663 - src.extract_pipeline - INFO - Processing Spain\La Liga\2018/team_statistics.json...
2025-09-03 19:25:03,168 - src.extract_pipeline - INFO - Saved team_statistics.csv
2025-09-03 19:25:03,170 - src.extract_pipeline - INFO - Checking Spain/La Liga/2019...
2025-09-03 19:25:03,187 - src.extract_pipeline - INFO - Processing Spain\La Liga\2019/fixture_events.json...
2025-09-03 19:25:03,205 - src.extract_pipeline - INFO - Saved fixture_events.csv
2025-09-03 19:25:03,220 - src.extract_pipeline - INFO - Processing Spain\La Liga\2019/team_statistics.json...
2025-09-03 19:25:03,520 - src.extract_pipeline - INFO - Saved team_statistics.csv
2025-09-03 19:25:03,522 - src.extract_pipeline - INFO - Checking Spain/La Liga/2020...
2025-09-03 19:25:03,570 - src.extract_pipeline - INFO - Processing Spain\La Liga\2020/odds.json...
2025-09-03 19:25:03,690 - src.extract_pipeline - WARNING - No data extracted from odds.json
2025-09-03 19:25:03,819 - src.extract_pipeline - INFO - Checking Spain/La Liga/2021...
2025-09-03 19:25:03,868 - src.extract_pipeline - INFO - Processing Spain\La Liga\2021/odds.json...
2025-09-03 19:25:04,018 - src.extract_pipeline - WARNING - No data extracted from odds.json
2025-09-03 19:25:04,145 - src.extract_pipeline - INFO - Checking Spain/La Liga/2022...
2025-09-03 19:25:04,189 - src.extract_pipeline - INFO - Processing Spain\La Liga\2022/odds.json...
2025-09-03 19:25:04,300 - src.extract_pipeline - WARNING - No data extracted from odds.json
2025-09-03 19:25:04,428 - src.extract_pipeline - INFO - Checking Spain/La Liga/2023...
2025-09-03 19:25:04,615 - src.extract_pipeline - INFO - Checking Spain/La Liga/2024...
2025-09-03 19:25:04,809 - src.extract_pipeline - INFO - Checking Spain/La Liga/2025...
2025-09-03 19:25:04,905 - src.extract_pipeline - INFO - Checking Spain/Segunda Division/2017...
2025-09-03 19:25:04,935 - src.extract_pipeline - INFO - Checking Spain/Segunda Division/2018...
2025-09-03 19:25:04,965 - src.extract_pipeline - INFO - Checking Spain/Segunda Division/2019...
2025-09-03 19:25:04,995 - src.extract_pipeline - INFO - Checking Spain/Segunda Division/2020...
2025-09-03 19:25:05,024 - src.extract_pipeline - INFO - Checking Spain/Segunda Division/2021...
2025-09-03 19:25:05,048 - src.extract_pipeline - INFO - Processing Spain\Segunda Division\2021/injuries.json...
2025-09-03 19:25:05,159 - src.extract_pipeline - WARNING - No data extracted from injuries.json
2025-09-03 19:25:05,333 - src.extract_pipeline - INFO - Checking Spain/Segunda Division/2022...
2025-09-03 19:25:05,355 - src.extract_pipeline - INFO - Processing Spain\Segunda Division\2022/injuries.json...
2025-09-03 19:25:05,472 - src.extract_pipeline - WARNING - No data extracted from injuries.json
2025-09-03 19:25:05,651 - src.extract_pipeline - INFO - Checking Spain/Segunda Division/2023...
2025-09-03 19:25:05,678 - src.extract_pipeline - INFO - Processing Spain\Segunda Division\2023/injuries.json...
2025-09-03 19:25:05,790 - src.extract_pipeline - WARNING - No data extracted from injuries.json
2025-09-03 19:25:05,968 - src.extract_pipeline - INFO - Checking Spain/Segunda Division/2024...
2025-09-03 19:25:06,160 - src.extract_pipeline - INFO - Checking Spain/Segunda Division/2025...
2025-09-03 19:25:06,174 - src.extract_pipeline - INFO - Processing Spain\Segunda Division\2025/fixture_events.json...
2025-09-03 19:25:06,180 - src.extract_pipeline - INFO - Saved fixture_events.csv
2025-09-03 19:25:06,228 - src.extract_pipeline - INFO - Processing Spain\Segunda Division\2025/odds.json...
2025-09-03 19:25:06,269 - src.extract_pipeline - INFO - Saved odds.csv
2025-09-03 19:25:06,326 - src.extract_pipeline - INFO - 
Processing complete. 156 files were updated.
