2025-08-31 21:29:04,756 - src.extract_pipeline - INFO - Logging initialized. Log file: logs/extract\extract_20250831_212904.log
2025-08-31 21:29:04,758 - src.extract_pipeline - INFO - Checking England/Championship/2017...
2025-08-31 21:29:04,773 - src.extract_pipeline - INFO - Processing England\Championship\2017/fixture_events.json...
2025-08-31 21:29:04,814 - src.extract_pipeline - INFO - Saved fixture_events.csv
2025-08-31 21:29:04,828 - src.extract_pipeline - INFO - Processing England\Championship\2017/team_statistics.json...
2025-08-31 21:29:05,417 - src.extract_pipeline - INFO - Saved team_statistics.csv
2025-08-31 21:29:05,424 - src.extract_pipeline - INFO - Checking England/Championship/2018...
2025-08-31 21:29:05,435 - src.extract_pipeline - INFO - Checking England/Championship/2019...
2025-08-31 21:29:05,444 - src.extract_pipeline - INFO - Checking England/Championship/2020...
2025-08-31 21:29:05,455 - src.extract_pipeline - INFO - Checking England/Championship/2021...
2025-08-31 21:29:05,465 - src.extract_pipeline - INFO - Checking England/Championship/2022...
2025-08-31 21:29:05,476 - src.extract_pipeline - INFO - Checking England/Championship/2023...
2025-08-31 21:29:05,487 - src.extract_pipeline - INFO - Checking England/Championship/2024...
2025-08-31 21:29:05,499 - src.extract_pipeline - INFO - Checking England/Championship/2025...
2025-08-31 21:29:05,521 - src.extract_pipeline - INFO - Checking England/EFL Trophy/2021...
2025-08-31 21:29:05,525 - src.extract_pipeline - INFO - Checking England/EFL Trophy/2022...
2025-08-31 21:29:05,529 - src.extract_pipeline - INFO - Checking England/EFL Trophy/2023...
2025-08-31 21:29:05,533 - src.extract_pipeline - INFO - Checking England/EFL Trophy/2024...
2025-08-31 21:29:05,538 - src.extract_pipeline - INFO - Checking England/FA Cup/2018...
2025-08-31 21:29:05,541 - src.extract_pipeline - INFO - Checking England/FA Cup/2019...
2025-08-31 21:29:05,544 - src.extract_pipeline - INFO - Checking England/FA Cup/2020...
2025-08-31 21:29:05,548 - src.extract_pipeline - INFO - Checking England/FA Cup/2021...
2025-08-31 21:29:05,552 - src.extract_pipeline - INFO - Checking England/FA Cup/2022...
2025-08-31 21:29:05,556 - src.extract_pipeline - INFO - Checking England/FA Cup/2023...
2025-08-31 21:29:05,560 - src.extract_pipeline - INFO - Checking England/FA Cup/2024...
2025-08-31 21:29:05,563 - src.extract_pipeline - INFO - Checking England/FA Trophy/2023...
2025-08-31 21:29:05,566 - src.extract_pipeline - INFO - Processing England\FA Trophy\2023/odds.json...
2025-08-31 21:29:05,584 - src.extract_pipeline - WARNING - No data extracted from odds.json
2025-08-31 21:29:05,586 - src.extract_pipeline - INFO - Processing England\FA Trophy\2023/team_statistics.json...
2025-08-31 21:29:05,635 - src.extract_pipeline - WARNING - No data extracted from team_statistics.json
2025-08-31 21:29:05,636 - src.extract_pipeline - INFO - Checking England/FA Trophy/2024...
2025-08-31 21:29:05,637 - src.extract_pipeline - INFO - Checking England/Premier League/2018...
2025-08-31 21:29:05,641 - src.extract_pipeline - INFO - Processing England\Premier League\2018/injuries.json...
2025-08-31 21:29:05,742 - src.extract_pipeline - WARNING - No data extracted from injuries.json
2025-08-31 21:29:05,816 - src.extract_pipeline - INFO - Checking England/Premier League/2019...
2025-08-31 21:29:05,819 - src.extract_pipeline - INFO - Processing England\Premier League\2019/injuries.json...
2025-08-31 21:29:05,891 - src.extract_pipeline - WARNING - No data extracted from injuries.json
2025-08-31 21:29:05,952 - src.extract_pipeline - INFO - Checking England/Premier League/2020...
2025-08-31 21:29:06,061 - src.extract_pipeline - INFO - Checking England/Premier League/2021...
2025-08-31 21:29:06,186 - src.extract_pipeline - INFO - Checking England/Premier League/2022...
2025-08-31 21:29:06,313 - src.extract_pipeline - INFO - Checking England/Premier League/2023...
2025-08-31 21:29:06,438 - src.extract_pipeline - INFO - Checking England/Premier League/2024...
2025-08-31 21:29:06,558 - src.extract_pipeline - INFO - Checking England/Premier League/2025...
2025-08-31 21:29:06,587 - src.extract_pipeline - INFO - Checking Europe/Champions League/2018...
2025-08-31 21:29:06,589 - src.extract_pipeline - INFO - Processing Europe\Champions League\2018/injuries.json...
2025-08-31 21:29:06,631 - src.extract_pipeline - WARNING - No data extracted from injuries.json
2025-08-31 21:29:06,661 - src.extract_pipeline - INFO - Checking Europe/Champions League/2019...
2025-08-31 21:29:06,664 - src.extract_pipeline - INFO - Processing Europe\Champions League\2019/injuries.json...
2025-08-31 21:29:06,698 - src.extract_pipeline - WARNING - No data extracted from injuries.json
2025-08-31 21:29:06,726 - src.extract_pipeline - INFO - Checking Europe/Champions League/2020...
2025-08-31 21:29:06,774 - src.extract_pipeline - INFO - Checking Europe/Champions League/2021...
2025-08-31 21:29:06,824 - src.extract_pipeline - INFO - Checking Europe/Champions League/2022...
2025-08-31 21:29:06,877 - src.extract_pipeline - INFO - Checking Europe/Champions League/2023...
2025-08-31 21:29:06,936 - src.extract_pipeline - INFO - Checking Europe/Champions League/2024...
2025-08-31 21:29:07,011 - src.extract_pipeline - INFO - Checking Europe/Champions League/2025...
2025-08-31 21:29:07,026 - src.extract_pipeline - INFO - Processing Europe\Champions League\2025/team_standings.json...
2025-08-31 21:29:07,026 - src.extract_pipeline - WARNING - No standings data found in the response.
2025-08-31 21:29:07,027 - src.extract_pipeline - WARNING - No data extracted from team_standings.json
2025-08-31 21:29:07,028 - src.extract_pipeline - INFO - Checking Europe/Conference League/2021...
2025-08-31 21:29:07,032 - src.extract_pipeline - INFO - Processing Europe\Conference League\2021/injuries.json...
2025-08-31 21:29:07,136 - src.extract_pipeline - WARNING - No data extracted from injuries.json
2025-08-31 21:29:07,191 - src.extract_pipeline - INFO - Checking Europe/Conference League/2022...
2025-08-31 21:29:07,195 - src.extract_pipeline - INFO - Processing Europe\Conference League\2022/injuries.json...
2025-08-31 21:29:07,294 - src.extract_pipeline - WARNING - No data extracted from injuries.json
2025-08-31 21:29:07,364 - src.extract_pipeline - INFO - Checking Europe/Conference League/2023...
2025-08-31 21:29:07,370 - src.extract_pipeline - INFO - Processing Europe\Conference League\2023/injuries.json...
2025-08-31 21:29:07,494 - src.extract_pipeline - WARNING - No data extracted from injuries.json
2025-08-31 21:29:07,569 - src.extract_pipeline - INFO - Checking Europe/Conference League/2024...
2025-08-31 21:29:07,573 - src.extract_pipeline - INFO - Checking Europe/Conference League/2025...
2025-08-31 21:29:07,575 - src.extract_pipeline - INFO - Processing Europe\Conference League\2025/injuries.json...
2025-08-31 21:29:07,596 - src.extract_pipeline - WARNING - No data extracted from injuries.json
2025-08-31 21:29:07,619 - src.extract_pipeline - INFO - Processing Europe\Conference League\2025/team_standings.json...
2025-08-31 21:29:07,619 - src.extract_pipeline - WARNING - No standings data found in the response.
2025-08-31 21:29:07,619 - src.extract_pipeline - WARNING - No data extracted from team_standings.json
2025-08-31 21:29:07,621 - src.extract_pipeline - INFO - Checking Europe/Europa League/2018...
2025-08-31 21:29:07,625 - src.extract_pipeline - INFO - Processing Europe\Europa League\2018/injuries.json...
2025-08-31 21:29:07,717 - src.extract_pipeline - WARNING - No data extracted from injuries.json
2025-08-31 21:29:07,765 - src.extract_pipeline - INFO - Checking Europe/Europa League/2019...
2025-08-31 21:29:07,769 - src.extract_pipeline - INFO - Processing Europe\Europa League\2019/injuries.json...
2025-08-31 21:29:07,853 - src.extract_pipeline - WARNING - No data extracted from injuries.json
2025-08-31 21:29:07,895 - src.extract_pipeline - INFO - Checking Europe/Europa League/2020...
2025-08-31 21:29:07,969 - src.extract_pipeline - INFO - Checking Europe/Europa League/2021...
2025-08-31 21:29:08,019 - src.extract_pipeline - INFO - Checking Europe/Europa League/2022...
2025-08-31 21:29:08,072 - src.extract_pipeline - INFO - Checking Europe/Europa League/2023...
2025-08-31 21:29:08,125 - src.extract_pipeline - INFO - Checking Europe/Europa League/2024...
2025-08-31 21:29:08,199 - src.extract_pipeline - INFO - Checking Europe/Europa League/2025...
2025-08-31 21:29:08,208 - src.extract_pipeline - INFO - Processing Europe\Europa League\2025/player_statistics.json...
2025-08-31 21:29:08,215 - src.extract_pipeline - WARNING - No data extracted from player_statistics.json
2025-08-31 21:29:08,216 - src.extract_pipeline - INFO - Processing Europe\Europa League\2025/team_standings.json...
2025-08-31 21:29:08,217 - src.extract_pipeline - WARNING - No standings data found in the response.
2025-08-31 21:29:08,217 - src.extract_pipeline - WARNING - No data extracted from team_standings.json
2025-08-31 21:29:08,219 - src.extract_pipeline - INFO - Checking France/Coupe de France/2018...
2025-08-31 21:29:08,224 - src.extract_pipeline - INFO - Checking France/Coupe de France/2019...
2025-08-31 21:29:08,229 - src.extract_pipeline - INFO - Checking France/Coupe de France/2020...
2025-08-31 21:29:08,232 - src.extract_pipeline - INFO - Checking France/Coupe de France/2021...
2025-08-31 21:29:08,236 - src.extract_pipeline - INFO - Checking France/Coupe de France/2022...
2025-08-31 21:29:08,240 - src.extract_pipeline - INFO - Checking France/Coupe de France/2023...
2025-08-31 21:29:08,243 - src.extract_pipeline - INFO - Checking France/Coupe de France/2024...
2025-08-31 21:29:08,247 - src.extract_pipeline - INFO - Checking France/Ligue 1/2018...
2025-08-31 21:29:08,251 - src.extract_pipeline - INFO - Processing France\Ligue 1\2018/injuries.json...
2025-08-31 21:29:08,346 - src.extract_pipeline - WARNING - No data extracted from injuries.json
2025-08-31 21:29:08,436 - src.extract_pipeline - INFO - Checking France/Ligue 1/2019...
2025-08-31 21:29:08,441 - src.extract_pipeline - INFO - Processing France\Ligue 1\2019/injuries.json...
2025-08-31 21:29:08,554 - src.extract_pipeline - WARNING - No data extracted from injuries.json
2025-08-31 21:29:08,625 - src.extract_pipeline - INFO - Checking France/Ligue 1/2020...
2025-08-31 21:29:08,742 - src.extract_pipeline - INFO - Checking France/Ligue 1/2021...
2025-08-31 21:29:08,862 - src.extract_pipeline - INFO - Checking France/Ligue 1/2022...
2025-08-31 21:29:08,978 - src.extract_pipeline - INFO - Checking France/Ligue 1/2023...
2025-08-31 21:29:09,074 - src.extract_pipeline - INFO - Checking France/Ligue 1/2024...
2025-08-31 21:29:09,170 - src.extract_pipeline - INFO - Checking France/Ligue 1/2025...
2025-08-31 21:29:09,193 - src.extract_pipeline - INFO - Checking France/Ligue 2/2018...
2025-08-31 21:29:09,201 - src.extract_pipeline - INFO - Checking France/Ligue 2/2019...
2025-08-31 21:29:09,208 - src.extract_pipeline - INFO - Checking France/Ligue 2/2020...
2025-08-31 21:29:09,216 - src.extract_pipeline - INFO - Checking France/Ligue 2/2021...
2025-08-31 21:29:09,224 - src.extract_pipeline - INFO - Checking France/Ligue 2/2022...
2025-08-31 21:29:09,231 - src.extract_pipeline - INFO - Checking France/Ligue 2/2023...
2025-08-31 21:29:09,241 - src.extract_pipeline - INFO - Checking France/Ligue 2/2024...
2025-08-31 21:29:09,248 - src.extract_pipeline - INFO - Checking France/Ligue 2/2025...
2025-08-31 21:29:09,260 - src.extract_pipeline - INFO - Checking Germany/2. Bundesliga/2017...
2025-08-31 21:29:09,261 - src.extract_pipeline - INFO - Checking Germany/2. Bundesliga/2018...
2025-08-31 21:29:09,269 - src.extract_pipeline - INFO - Checking Germany/2. Bundesliga/2019...
2025-08-31 21:29:09,275 - src.extract_pipeline - INFO - Checking Germany/2. Bundesliga/2020...
2025-08-31 21:29:09,282 - src.extract_pipeline - INFO - Checking Germany/2. Bundesliga/2021...
2025-08-31 21:29:09,289 - src.extract_pipeline - INFO - Checking Germany/2. Bundesliga/2022...
2025-08-31 21:29:09,295 - src.extract_pipeline - INFO - Checking Germany/2. Bundesliga/2023...
2025-08-31 21:29:09,302 - src.extract_pipeline - INFO - Checking Germany/2. Bundesliga/2024...
2025-08-31 21:29:09,310 - src.extract_pipeline - INFO - Checking Germany/2. Bundesliga/2025...
2025-08-31 21:29:09,314 - src.extract_pipeline - INFO - Processing Germany\2. Bundesliga\2025/odds.json...
2025-08-31 21:29:09,320 - src.extract_pipeline - WARNING - No data extracted from odds.json
2025-08-31 21:29:09,327 - src.extract_pipeline - INFO - Checking Germany/Bundesliga/2018...
2025-08-31 21:29:09,331 - src.extract_pipeline - INFO - Processing Germany\Bundesliga\2018/injuries.json...
2025-08-31 21:29:09,407 - src.extract_pipeline - WARNING - No data extracted from injuries.json
2025-08-31 21:29:09,470 - src.extract_pipeline - INFO - Checking Germany/Bundesliga/2019...
2025-08-31 21:29:09,473 - src.extract_pipeline - INFO - Processing Germany\Bundesliga\2019/injuries.json...
2025-08-31 21:29:09,541 - src.extract_pipeline - WARNING - No data extracted from injuries.json
2025-08-31 21:29:09,598 - src.extract_pipeline - INFO - Checking Germany/Bundesliga/2020...
2025-08-31 21:29:09,694 - src.extract_pipeline - INFO - Checking Germany/Bundesliga/2021...
2025-08-31 21:29:09,792 - src.extract_pipeline - INFO - Checking Germany/Bundesliga/2022...
2025-08-31 21:29:09,886 - src.extract_pipeline - INFO - Checking Germany/Bundesliga/2023...
2025-08-31 21:29:09,983 - src.extract_pipeline - INFO - Checking Germany/Bundesliga/2024...
2025-08-31 21:29:10,083 - src.extract_pipeline - INFO - Checking Germany/Bundesliga/2025...
2025-08-31 21:29:10,099 - src.extract_pipeline - INFO - Checking Germany/DFB Pokal/2018...
2025-08-31 21:29:10,102 - src.extract_pipeline - INFO - Checking Germany/DFB Pokal/2019...
2025-08-31 21:29:10,105 - src.extract_pipeline - INFO - Checking Germany/DFB Pokal/2020...
2025-08-31 21:29:10,108 - src.extract_pipeline - INFO - Checking Germany/DFB Pokal/2021...
2025-08-31 21:29:10,111 - src.extract_pipeline - INFO - Checking Germany/DFB Pokal/2022...
2025-08-31 21:29:10,113 - src.extract_pipeline - INFO - Checking Germany/DFB Pokal/2023...
2025-08-31 21:29:10,116 - src.extract_pipeline - INFO - Checking Germany/DFB Pokal/2024...
2025-08-31 21:29:10,120 - src.extract_pipeline - INFO - Checking Greece/Super League/2021...
2025-08-31 21:29:10,123 - src.extract_pipeline - INFO - Processing Greece\Super League\2021/injuries.json...
2025-08-31 21:29:10,245 - src.extract_pipeline - WARNING - No data extracted from injuries.json
2025-08-31 21:29:10,255 - src.extract_pipeline - INFO - Processing Greece\Super League\2021/player_statistics.json...
2025-08-31 21:29:10,293 - src.extract_pipeline - WARNING - No data extracted from player_statistics.json
2025-08-31 21:29:10,298 - src.extract_pipeline - INFO - Checking Greece/Super League/2022...
2025-08-31 21:29:10,301 - src.extract_pipeline - INFO - Processing Greece\Super League\2022/injuries.json...
2025-08-31 21:29:10,360 - src.extract_pipeline - WARNING - No data extracted from injuries.json
2025-08-31 21:29:10,425 - src.extract_pipeline - INFO - Checking Greece/Super League/2023...
2025-08-31 21:29:10,428 - src.extract_pipeline - INFO - Processing Greece\Super League\2023/injuries.json...
2025-08-31 21:29:10,486 - src.extract_pipeline - WARNING - No data extracted from injuries.json
2025-08-31 21:29:10,552 - src.extract_pipeline - INFO - Checking Greece/Super League/2024...
2025-08-31 21:29:10,555 - src.extract_pipeline - INFO - Processing Greece\Super League\2024/injuries.json...
2025-08-31 21:29:10,613 - src.extract_pipeline - WARNING - No data extracted from injuries.json
2025-08-31 21:29:10,677 - src.extract_pipeline - INFO - Checking Greece/Super League/2025...
2025-08-31 21:29:10,683 - src.extract_pipeline - INFO - Checking Italy/Coppa Italia/2018...
2025-08-31 21:29:10,685 - src.extract_pipeline - INFO - Checking Italy/Coppa Italia/2019...
2025-08-31 21:29:10,687 - src.extract_pipeline - INFO - Processing Italy\Coppa Italia\2019/injuries.json...
2025-08-31 21:29:10,705 - src.extract_pipeline - WARNING - No data extracted from injuries.json
2025-08-31 21:29:10,712 - src.extract_pipeline - INFO - Processing Italy\Coppa Italia\2019/team_standings.json...
2025-08-31 21:29:10,712 - src.extract_pipeline - WARNING - No standings data found in the response.
2025-08-31 21:29:10,712 - src.extract_pipeline - WARNING - No data extracted from team_standings.json
2025-08-31 21:29:10,714 - src.extract_pipeline - INFO - Checking Italy/Coppa Italia/2020...
2025-08-31 21:29:10,716 - src.extract_pipeline - INFO - Processing Italy\Coppa Italia\2020/injuries.json...
2025-08-31 21:29:10,735 - src.extract_pipeline - WARNING - No data extracted from injuries.json
2025-08-31 21:29:10,744 - src.extract_pipeline - INFO - Processing Italy\Coppa Italia\2020/team_standings.json...
2025-08-31 21:29:10,745 - src.extract_pipeline - WARNING - No standings data found in the response.
2025-08-31 21:29:10,745 - src.extract_pipeline - WARNING - No data extracted from team_standings.json
2025-08-31 21:29:10,746 - src.extract_pipeline - INFO - Checking Italy/Coppa Italia/2021...
2025-08-31 21:29:10,748 - src.extract_pipeline - INFO - Processing Italy\Coppa Italia\2021/injuries.json...
2025-08-31 21:29:10,760 - src.extract_pipeline - WARNING - No data extracted from injuries.json
2025-08-31 21:29:10,775 - src.extract_pipeline - INFO - Processing Italy\Coppa Italia\2021/team_standings.json...
2025-08-31 21:29:10,775 - src.extract_pipeline - WARNING - No standings data found in the response.
2025-08-31 21:29:10,775 - src.extract_pipeline - WARNING - No data extracted from team_standings.json
2025-08-31 21:29:10,777 - src.extract_pipeline - INFO - Checking Italy/Coppa Italia/2022...
2025-08-31 21:29:10,779 - src.extract_pipeline - INFO - Processing Italy\Coppa Italia\2022/injuries.json...
2025-08-31 21:29:10,789 - src.extract_pipeline - WARNING - No data extracted from injuries.json
2025-08-31 21:29:10,804 - src.extract_pipeline - INFO - Processing Italy\Coppa Italia\2022/team_standings.json...
2025-08-31 21:29:10,805 - src.extract_pipeline - WARNING - No standings data found in the response.
2025-08-31 21:29:10,805 - src.extract_pipeline - WARNING - No data extracted from team_standings.json
2025-08-31 21:29:10,807 - src.extract_pipeline - INFO - Checking Italy/Coppa Italia/2023...
2025-08-31 21:29:10,809 - src.extract_pipeline - INFO - Processing Italy\Coppa Italia\2023/injuries.json...
2025-08-31 21:29:10,820 - src.extract_pipeline - WARNING - No data extracted from injuries.json
2025-08-31 21:29:10,833 - src.extract_pipeline - INFO - Processing Italy\Coppa Italia\2023/team_standings.json...
2025-08-31 21:29:10,833 - src.extract_pipeline - WARNING - No standings data found in the response.
2025-08-31 21:29:10,834 - src.extract_pipeline - WARNING - No data extracted from team_standings.json
2025-08-31 21:29:10,836 - src.extract_pipeline - INFO - Checking Italy/Coppa Italia/2024...
2025-08-31 21:29:10,838 - src.extract_pipeline - INFO - Processing Italy\Coppa Italia\2024/injuries.json...
2025-08-31 21:29:10,850 - src.extract_pipeline - WARNING - No data extracted from injuries.json
2025-08-31 21:29:10,866 - src.extract_pipeline - INFO - Processing Italy\Coppa Italia\2024/team_standings.json...
2025-08-31 21:29:10,867 - src.extract_pipeline - WARNING - No standings data found in the response.
2025-08-31 21:29:10,867 - src.extract_pipeline - WARNING - No data extracted from team_standings.json
2025-08-31 21:29:10,869 - src.extract_pipeline - INFO - Checking Italy/Serie A/2016...
2025-08-31 21:29:10,873 - src.extract_pipeline - INFO - Processing Italy\Serie A\2016/injuries.json...
2025-08-31 21:29:10,964 - src.extract_pipeline - WARNING - No data extracted from injuries.json
2025-08-31 21:29:11,050 - src.extract_pipeline - INFO - Checking Italy/Serie A/2017...
2025-08-31 21:29:11,055 - src.extract_pipeline - INFO - Processing Italy\Serie A\2017/injuries.json...
2025-08-31 21:29:11,157 - src.extract_pipeline - WARNING - No data extracted from injuries.json
2025-08-31 21:29:11,244 - src.extract_pipeline - INFO - Checking Italy/Serie A/2018...
2025-08-31 21:29:11,248 - src.extract_pipeline - INFO - Processing Italy\Serie A\2018/injuries.json...
2025-08-31 21:29:11,343 - src.extract_pipeline - WARNING - No data extracted from injuries.json
2025-08-31 21:29:11,422 - src.extract_pipeline - INFO - Checking Italy/Serie A/2019...
2025-08-31 21:29:11,425 - src.extract_pipeline - INFO - Processing Italy\Serie A\2019/injuries.json...
2025-08-31 21:29:11,488 - src.extract_pipeline - WARNING - No data extracted from injuries.json
2025-08-31 21:29:11,541 - src.extract_pipeline - INFO - Checking Italy/Serie A/2020...
2025-08-31 21:29:11,663 - src.extract_pipeline - INFO - Checking Italy/Serie A/2021...
2025-08-31 21:29:11,795 - src.extract_pipeline - INFO - Checking Italy/Serie A/2022...
2025-08-31 21:29:11,919 - src.extract_pipeline - INFO - Checking Italy/Serie A/2023...
2025-08-31 21:29:12,048 - src.extract_pipeline - INFO - Checking Italy/Serie A/2024...
2025-08-31 21:29:12,183 - src.extract_pipeline - INFO - Checking Italy/Serie A/2025...
2025-08-31 21:29:12,205 - src.extract_pipeline - INFO - Checking Italy/Serie B/2017...
2025-08-31 21:29:12,219 - src.extract_pipeline - INFO - Processing Italy\Serie B\2017/fixture_events.json...
2025-08-31 21:29:12,248 - src.extract_pipeline - INFO - Saved fixture_events.csv
2025-08-31 21:29:12,260 - src.extract_pipeline - INFO - Processing Italy\Serie B\2017/team_statistics.json...
2025-08-31 21:29:12,538 - src.extract_pipeline - INFO - Saved team_statistics.csv
2025-08-31 21:29:12,539 - src.extract_pipeline - INFO - Checking Italy/Serie B/2018...
2025-08-31 21:29:12,541 - src.extract_pipeline - INFO - Processing Italy\Serie B\2018/injuries.json...
2025-08-31 21:29:12,625 - src.extract_pipeline - WARNING - No data extracted from injuries.json
2025-08-31 21:29:12,638 - src.extract_pipeline - INFO - Processing Italy\Serie B\2018/player_statistics.json...
2025-08-31 21:29:12,690 - src.extract_pipeline - WARNING - No data extracted from player_statistics.json
2025-08-31 21:29:12,696 - src.extract_pipeline - INFO - Checking Italy/Serie B/2019...
2025-08-31 21:29:12,699 - src.extract_pipeline - INFO - Processing Italy\Serie B\2019/injuries.json...
2025-08-31 21:29:12,770 - src.extract_pipeline - WARNING - No data extracted from injuries.json
2025-08-31 21:29:12,831 - src.extract_pipeline - INFO - Checking Italy/Serie B/2020...
2025-08-31 21:29:12,835 - src.extract_pipeline - INFO - Processing Italy\Serie B\2020/injuries.json...
2025-08-31 21:29:12,945 - src.extract_pipeline - WARNING - No data extracted from injuries.json
2025-08-31 21:29:13,076 - src.extract_pipeline - INFO - Checking Italy/Serie B/2021...
2025-08-31 21:29:13,081 - src.extract_pipeline - INFO - Processing Italy\Serie B\2021/injuries.json...
2025-08-31 21:29:13,182 - src.extract_pipeline - WARNING - No data extracted from injuries.json
2025-08-31 21:29:13,316 - src.extract_pipeline - INFO - Checking Italy/Serie B/2022...
2025-08-31 21:29:13,320 - src.extract_pipeline - INFO - Processing Italy\Serie B\2022/injuries.json...
2025-08-31 21:29:13,473 - src.extract_pipeline - WARNING - No data extracted from injuries.json
2025-08-31 21:29:13,596 - src.extract_pipeline - INFO - Checking Italy/Serie B/2023...
2025-08-31 21:29:13,599 - src.extract_pipeline - INFO - Processing Italy\Serie B\2023/injuries.json...
2025-08-31 21:29:13,692 - src.extract_pipeline - WARNING - No data extracted from injuries.json
2025-08-31 21:29:13,834 - src.extract_pipeline - INFO - Checking Italy/Serie B/2024...
2025-08-31 21:29:13,838 - src.extract_pipeline - INFO - Processing Italy\Serie B\2024/injuries.json...
2025-08-31 21:29:13,931 - src.extract_pipeline - WARNING - No data extracted from injuries.json
2025-08-31 21:29:14,081 - src.extract_pipeline - INFO - Checking Italy/Serie B/2025...
2025-08-31 21:29:14,082 - src.extract_pipeline - INFO - Checking Spain/Copa del Rey/2018...
2025-08-31 21:29:14,086 - src.extract_pipeline - INFO - Checking Spain/Copa del Rey/2019...
2025-08-31 21:29:14,091 - src.extract_pipeline - INFO - Checking Spain/Copa del Rey/2020...
2025-08-31 21:29:14,096 - src.extract_pipeline - INFO - Checking Spain/Copa del Rey/2021...
2025-08-31 21:29:14,101 - src.extract_pipeline - INFO - Checking Spain/Copa del Rey/2022...
2025-08-31 21:29:14,104 - src.extract_pipeline - INFO - Checking Spain/Copa del Rey/2023...
2025-08-31 21:29:14,107 - src.extract_pipeline - INFO - Checking Spain/Copa del Rey/2024...
2025-08-31 21:29:14,112 - src.extract_pipeline - INFO - Checking Spain/La Liga/2020...
2025-08-31 21:29:14,128 - src.extract_pipeline - INFO - Processing Spain\La Liga\2020/odds.json...
2025-08-31 21:29:14,243 - src.extract_pipeline - WARNING - No data extracted from odds.json
2025-08-31 21:29:14,352 - src.extract_pipeline - INFO - Checking Spain/La Liga/2021...
2025-08-31 21:29:14,369 - src.extract_pipeline - INFO - Processing Spain\La Liga\2021/odds.json...
2025-08-31 21:29:14,481 - src.extract_pipeline - WARNING - No data extracted from odds.json
2025-08-31 21:29:14,594 - src.extract_pipeline - INFO - Checking Spain/La Liga/2022...
2025-08-31 21:29:14,611 - src.extract_pipeline - INFO - Processing Spain\La Liga\2022/odds.json...
2025-08-31 21:29:14,721 - src.extract_pipeline - WARNING - No data extracted from odds.json
2025-08-31 21:29:14,827 - src.extract_pipeline - INFO - Checking Spain/La Liga/2023...
2025-08-31 21:29:14,963 - src.extract_pipeline - INFO - Checking Spain/La Liga/2024...
2025-08-31 21:29:15,098 - src.extract_pipeline - INFO - Checking Spain/La Liga/2025...
2025-08-31 21:29:15,125 - src.extract_pipeline - INFO - Checking Spain/Segunda Division/2017...
2025-08-31 21:29:15,141 - src.extract_pipeline - INFO - Processing Spain\Segunda Division\2017/fixture_events.json...
2025-08-31 21:29:15,174 - src.extract_pipeline - INFO - Saved fixture_events.csv
2025-08-31 21:29:15,188 - src.extract_pipeline - INFO - Processing Spain\Segunda Division\2017/team_statistics.json...
2025-08-31 21:29:15,659 - src.extract_pipeline - INFO - Saved team_statistics.csv
2025-08-31 21:29:15,662 - src.extract_pipeline - INFO - Checking Spain/Segunda Division/2018...
2025-08-31 21:29:15,672 - src.extract_pipeline - INFO - Checking Spain/Segunda Division/2019...
2025-08-31 21:29:15,680 - src.extract_pipeline - INFO - Checking Spain/Segunda Division/2020...
2025-08-31 21:29:15,690 - src.extract_pipeline - INFO - Checking Spain/Segunda Division/2021...
2025-08-31 21:29:15,694 - src.extract_pipeline - INFO - Processing Spain\Segunda Division\2021/injuries.json...
2025-08-31 21:29:15,808 - src.extract_pipeline - WARNING - No data extracted from injuries.json
2025-08-31 21:29:15,956 - src.extract_pipeline - INFO - Checking Spain/Segunda Division/2022...
2025-08-31 21:29:15,960 - src.extract_pipeline - INFO - Processing Spain\Segunda Division\2022/injuries.json...
2025-08-31 21:29:16,084 - src.extract_pipeline - WARNING - No data extracted from injuries.json
2025-08-31 21:29:16,264 - src.extract_pipeline - INFO - Checking Spain/Segunda Division/2023...
2025-08-31 21:29:16,269 - src.extract_pipeline - INFO - Processing Spain\Segunda Division\2023/injuries.json...
2025-08-31 21:29:16,398 - src.extract_pipeline - WARNING - No data extracted from injuries.json
2025-08-31 21:29:16,551 - src.extract_pipeline - INFO - Checking Spain/Segunda Division/2024...
2025-08-31 21:29:16,697 - src.extract_pipeline - INFO - Checking Spain/Segunda Division/2025...
2025-08-31 21:29:16,725 - src.extract_pipeline - INFO - 
Processing complete. 6 files were updated.
