2025-08-29 18:18:48,891 - src.extract_pipeline - INFO - Logging initialized. Log file: logs/extract\extract_20250829_181848.log
2025-08-29 18:18:48,893 - src.extract_pipeline - INFO - Checking England/Championship/2025...
2025-08-29 18:18:48,906 - src.extract_pipeline - INFO - Checking England/EFL Trophy/2021...
2025-08-29 18:18:48,909 - src.extract_pipeline - INFO - Checking England/EFL Trophy/2022...
2025-08-29 18:18:48,912 - src.extract_pipeline - INFO - Checking England/EFL Trophy/2023...
2025-08-29 18:18:48,915 - src.extract_pipeline - INFO - Checking England/EFL Trophy/2024...
2025-08-29 18:18:48,917 - src.extract_pipeline - INFO - Checking England/FA Cup/2021...
2025-08-29 18:18:48,922 - src.extract_pipeline - INFO - Checking England/FA Trophy/2023...
2025-08-29 18:18:48,924 - src.extract_pipeline - INFO - Processing England\FA Trophy\2023/odds.json...
2025-08-29 18:18:48,940 - src.extract_pipeline - WARNING - No data extracted from odds.json
2025-08-29 18:18:48,941 - src.extract_pipeline - INFO - Processing England\FA Trophy\2023/team_statistics.json...
2025-08-29 18:18:48,990 - src.extract_pipeline - WARNING - No data extracted from team_statistics.json
2025-08-29 18:18:48,991 - src.extract_pipeline - INFO - Checking England/FA Trophy/2024...
2025-08-29 18:18:48,992 - src.extract_pipeline - INFO - Checking England/Premier League/2018...
2025-08-29 18:18:48,994 - src.extract_pipeline - INFO - Processing England\Premier League\2018/injuries.json...
2025-08-29 18:18:49,086 - src.extract_pipeline - WARNING - No data extracted from injuries.json
2025-08-29 18:18:49,134 - src.extract_pipeline - INFO - Checking England/Premier League/2019...
2025-08-29 18:18:49,136 - src.extract_pipeline - INFO - Processing England\Premier League\2019/injuries.json...
2025-08-29 18:18:49,206 - src.extract_pipeline - WARNING - No data extracted from injuries.json
2025-08-29 18:18:49,242 - src.extract_pipeline - INFO - Checking England/Premier League/2020...
2025-08-29 18:18:49,308 - src.extract_pipeline - INFO - Checking England/Premier League/2021...
2025-08-29 18:18:49,380 - src.extract_pipeline - INFO - Checking England/Premier League/2022...
2025-08-29 18:18:49,456 - src.extract_pipeline - INFO - Checking England/Premier League/2023...
2025-08-29 18:18:49,534 - src.extract_pipeline - INFO - Checking England/Premier League/2024...
2025-08-29 18:18:49,635 - src.extract_pipeline - INFO - Checking England/Premier League/2025...
2025-08-29 18:18:49,647 - src.extract_pipeline - INFO - Processing England\Premier League\2025/fixture_events.json...
2025-08-29 18:18:49,659 - src.extract_pipeline - INFO - Saved fixture_events.csv
2025-08-29 18:18:49,676 - src.extract_pipeline - INFO - Checking Europe/Champions League/2018...
2025-08-29 18:18:49,678 - src.extract_pipeline - INFO - Processing Europe\Champions League\2018/injuries.json...
2025-08-29 18:18:49,721 - src.extract_pipeline - WARNING - No data extracted from injuries.json
2025-08-29 18:18:49,741 - src.extract_pipeline - INFO - Checking Europe/Champions League/2019...
2025-08-29 18:18:49,742 - src.extract_pipeline - INFO - Processing Europe\Champions League\2019/injuries.json...
2025-08-29 18:18:49,776 - src.extract_pipeline - WARNING - No data extracted from injuries.json
2025-08-29 18:18:49,793 - src.extract_pipeline - INFO - Checking Europe/Champions League/2020...
2025-08-29 18:18:49,822 - src.extract_pipeline - INFO - Checking Europe/Champions League/2021...
2025-08-29 18:18:49,854 - src.extract_pipeline - INFO - Checking Europe/Champions League/2022...
2025-08-29 18:18:49,891 - src.extract_pipeline - INFO - Checking Europe/Champions League/2023...
2025-08-29 18:18:49,931 - src.extract_pipeline - INFO - Checking Europe/Champions League/2024...
2025-08-29 18:18:49,980 - src.extract_pipeline - INFO - Checking Europe/Champions League/2025...
2025-08-29 18:18:49,989 - src.extract_pipeline - INFO - Processing Europe\Champions League\2025/team_standings.json...
2025-08-29 18:18:49,989 - src.extract_pipeline - WARNING - No standings data found in the response.
2025-08-29 18:18:49,990 - src.extract_pipeline - WARNING - No data extracted from team_standings.json
2025-08-29 18:18:49,991 - src.extract_pipeline - INFO - Checking Europe/Conference League/2021...
2025-08-29 18:18:49,993 - src.extract_pipeline - INFO - Processing Europe\Conference League\2021/injuries.json...
2025-08-29 18:18:50,094 - src.extract_pipeline - WARNING - No data extracted from injuries.json
2025-08-29 18:18:50,128 - src.extract_pipeline - INFO - Checking Europe/Conference League/2022...
2025-08-29 18:18:50,131 - src.extract_pipeline - INFO - Processing Europe\Conference League\2022/injuries.json...
2025-08-29 18:18:50,229 - src.extract_pipeline - WARNING - No data extracted from injuries.json
2025-08-29 18:18:50,275 - src.extract_pipeline - INFO - Checking Europe/Conference League/2023...
2025-08-29 18:18:50,278 - src.extract_pipeline - INFO - Processing Europe\Conference League\2023/injuries.json...
2025-08-29 18:18:50,376 - src.extract_pipeline - WARNING - No data extracted from injuries.json
2025-08-29 18:18:50,426 - src.extract_pipeline - INFO - Checking Europe/Conference League/2024...
2025-08-29 18:18:50,429 - src.extract_pipeline - INFO - Checking Europe/Conference League/2025...
2025-08-29 18:18:50,430 - src.extract_pipeline - INFO - Processing Europe\Conference League\2025/injuries.json...
2025-08-29 18:18:50,449 - src.extract_pipeline - WARNING - No data extracted from injuries.json
2025-08-29 18:18:50,463 - src.extract_pipeline - INFO - Processing Europe\Conference League\2025/team_standings.json...
2025-08-29 18:18:50,463 - src.extract_pipeline - WARNING - No standings data found in the response.
2025-08-29 18:18:50,463 - src.extract_pipeline - WARNING - No data extracted from team_standings.json
2025-08-29 18:18:50,465 - src.extract_pipeline - INFO - Checking Europe/Europa League/2018...
2025-08-29 18:18:50,467 - src.extract_pipeline - INFO - Processing Europe\Europa League\2018/injuries.json...
2025-08-29 18:18:50,554 - src.extract_pipeline - WARNING - No data extracted from injuries.json
2025-08-29 18:18:50,586 - src.extract_pipeline - INFO - Checking Europe/Europa League/2019...
2025-08-29 18:18:50,588 - src.extract_pipeline - INFO - Processing Europe\Europa League\2019/injuries.json...
2025-08-29 18:18:50,667 - src.extract_pipeline - WARNING - No data extracted from injuries.json
2025-08-29 18:18:50,693 - src.extract_pipeline - INFO - Checking Europe/Europa League/2020...
2025-08-29 18:18:50,734 - src.extract_pipeline - INFO - Checking Europe/Europa League/2021...
2025-08-29 18:18:50,764 - src.extract_pipeline - INFO - Checking Europe/Europa League/2022...
2025-08-29 18:18:50,796 - src.extract_pipeline - INFO - Checking Europe/Europa League/2023...
2025-08-29 18:18:50,827 - src.extract_pipeline - INFO - Checking Europe/Europa League/2024...
2025-08-29 18:18:50,871 - src.extract_pipeline - INFO - Checking Europe/Europa League/2025...
2025-08-29 18:18:50,876 - src.extract_pipeline - INFO - Processing Europe\Europa League\2025/player_statistics.json...
2025-08-29 18:18:50,883 - src.extract_pipeline - WARNING - No data extracted from player_statistics.json
2025-08-29 18:18:50,883 - src.extract_pipeline - INFO - Processing Europe\Europa League\2025/team_standings.json...
2025-08-29 18:18:50,884 - src.extract_pipeline - WARNING - No standings data found in the response.
2025-08-29 18:18:50,884 - src.extract_pipeline - WARNING - No data extracted from team_standings.json
2025-08-29 18:18:50,885 - src.extract_pipeline - INFO - Checking France/Coupe de France/2021...
2025-08-29 18:18:50,887 - src.extract_pipeline - INFO - Checking France/Coupe de France/2022...
2025-08-29 18:18:50,890 - src.extract_pipeline - INFO - Checking France/Coupe de France/2023...
2025-08-29 18:18:50,892 - src.extract_pipeline - INFO - Checking France/Coupe de France/2024...
2025-08-29 18:18:50,894 - src.extract_pipeline - INFO - Checking France/Ligue 1/2018...
2025-08-29 18:18:50,896 - src.extract_pipeline - INFO - Processing France\Ligue 1\2018/injuries.json...
2025-08-29 18:18:51,049 - src.extract_pipeline - WARNING - No data extracted from injuries.json
2025-08-29 18:18:51,106 - src.extract_pipeline - INFO - Checking France/Ligue 1/2019...
2025-08-29 18:18:51,108 - src.extract_pipeline - INFO - Processing France\Ligue 1\2019/injuries.json...
2025-08-29 18:18:51,199 - src.extract_pipeline - WARNING - No data extracted from injuries.json
2025-08-29 18:18:51,235 - src.extract_pipeline - INFO - Checking France/Ligue 1/2020...
2025-08-29 18:18:51,304 - src.extract_pipeline - INFO - Checking France/Ligue 1/2021...
2025-08-29 18:18:51,379 - src.extract_pipeline - INFO - Checking France/Ligue 1/2022...
2025-08-29 18:18:51,452 - src.extract_pipeline - INFO - Checking France/Ligue 1/2023...
2025-08-29 18:18:51,511 - src.extract_pipeline - INFO - Checking France/Ligue 1/2024...
2025-08-29 18:18:51,571 - src.extract_pipeline - INFO - Checking France/Ligue 1/2025...
2025-08-29 18:18:51,585 - src.extract_pipeline - INFO - Processing France\Ligue 1\2025/fixture_events.json...
2025-08-29 18:18:51,592 - src.extract_pipeline - INFO - Saved fixture_events.csv
2025-08-29 18:18:51,606 - src.extract_pipeline - INFO - Checking France/Ligue 2/2025...
2025-08-29 18:18:51,614 - src.extract_pipeline - INFO - Checking Germany/2. Bundesliga/2025...
2025-08-29 18:18:51,616 - src.extract_pipeline - INFO - Processing Germany\2. Bundesliga\2025/odds.json...
2025-08-29 18:18:51,621 - src.extract_pipeline - WARNING - No data extracted from odds.json
2025-08-29 18:18:51,626 - src.extract_pipeline - INFO - Checking Germany/Bundesliga/2018...
2025-08-29 18:18:51,628 - src.extract_pipeline - INFO - Processing Germany\Bundesliga\2018/injuries.json...
2025-08-29 18:18:51,703 - src.extract_pipeline - WARNING - No data extracted from injuries.json
2025-08-29 18:18:51,744 - src.extract_pipeline - INFO - Checking Germany/Bundesliga/2019...
2025-08-29 18:18:51,745 - src.extract_pipeline - INFO - Processing Germany\Bundesliga\2019/injuries.json...
2025-08-29 18:18:51,805 - src.extract_pipeline - WARNING - No data extracted from injuries.json
2025-08-29 18:18:51,838 - src.extract_pipeline - INFO - Checking Germany/Bundesliga/2020...
2025-08-29 18:18:51,893 - src.extract_pipeline - INFO - Checking Germany/Bundesliga/2021...
2025-08-29 18:18:51,951 - src.extract_pipeline - INFO - Checking Germany/Bundesliga/2022...
2025-08-29 18:18:52,009 - src.extract_pipeline - INFO - Checking Germany/Bundesliga/2023...
2025-08-29 18:18:52,073 - src.extract_pipeline - INFO - Checking Germany/Bundesliga/2024...
2025-08-29 18:18:52,138 - src.extract_pipeline - INFO - Checking Germany/Bundesliga/2025...
2025-08-29 18:18:52,150 - src.extract_pipeline - INFO - Processing Germany\Bundesliga\2025/fixture_events.json...
2025-08-29 18:18:52,155 - src.extract_pipeline - INFO - Saved fixture_events.csv
2025-08-29 18:18:52,165 - src.extract_pipeline - INFO - Checking Germany/DFB Pokal/2021...
2025-08-29 18:18:52,167 - src.extract_pipeline - INFO - Checking Germany/DFB Pokal/2022...
2025-08-29 18:18:52,169 - src.extract_pipeline - INFO - Checking Germany/DFB Pokal/2023...
2025-08-29 18:18:52,170 - src.extract_pipeline - INFO - Checking Germany/DFB Pokal/2024...
2025-08-29 18:18:52,172 - src.extract_pipeline - INFO - Checking Greece/Super League/2025...
2025-08-29 18:18:52,186 - src.extract_pipeline - INFO - Processing Greece\Super League\2025/fixture_events.json...
2025-08-29 18:18:52,191 - src.extract_pipeline - INFO - Saved fixture_events.csv
2025-08-29 18:18:52,195 - src.extract_pipeline - INFO - Checking Italy/Coppa Italia/2020...
2025-08-29 18:18:52,196 - src.extract_pipeline - INFO - Processing Italy\Coppa Italia\2020/injuries.json...
2025-08-29 18:18:52,215 - src.extract_pipeline - WARNING - No data extracted from injuries.json
2025-08-29 18:18:52,221 - src.extract_pipeline - INFO - Processing Italy\Coppa Italia\2020/team_standings.json...
2025-08-29 18:18:52,221 - src.extract_pipeline - WARNING - No standings data found in the response.
2025-08-29 18:18:52,222 - src.extract_pipeline - WARNING - No data extracted from team_standings.json
2025-08-29 18:18:52,222 - src.extract_pipeline - INFO - Checking Italy/Coppa Italia/2021...
2025-08-29 18:18:52,224 - src.extract_pipeline - INFO - Processing Italy\Coppa Italia\2021/injuries.json...
2025-08-29 18:18:52,235 - src.extract_pipeline - WARNING - No data extracted from injuries.json
2025-08-29 18:18:52,244 - src.extract_pipeline - INFO - Processing Italy\Coppa Italia\2021/team_standings.json...
2025-08-29 18:18:52,244 - src.extract_pipeline - WARNING - No standings data found in the response.
2025-08-29 18:18:52,244 - src.extract_pipeline - WARNING - No data extracted from team_standings.json
2025-08-29 18:18:52,245 - src.extract_pipeline - INFO - Checking Italy/Coppa Italia/2022...
2025-08-29 18:18:52,246 - src.extract_pipeline - INFO - Processing Italy\Coppa Italia\2022/injuries.json...
2025-08-29 18:18:52,256 - src.extract_pipeline - WARNING - No data extracted from injuries.json
2025-08-29 18:18:52,266 - src.extract_pipeline - INFO - Processing Italy\Coppa Italia\2022/team_standings.json...
2025-08-29 18:18:52,266 - src.extract_pipeline - WARNING - No standings data found in the response.
2025-08-29 18:18:52,267 - src.extract_pipeline - WARNING - No data extracted from team_standings.json
2025-08-29 18:18:52,268 - src.extract_pipeline - INFO - Checking Italy/Coppa Italia/2023...
2025-08-29 18:18:52,269 - src.extract_pipeline - INFO - Processing Italy\Coppa Italia\2023/injuries.json...
2025-08-29 18:18:52,280 - src.extract_pipeline - WARNING - No data extracted from injuries.json
2025-08-29 18:18:52,288 - src.extract_pipeline - INFO - Processing Italy\Coppa Italia\2023/team_standings.json...
2025-08-29 18:18:52,288 - src.extract_pipeline - WARNING - No standings data found in the response.
2025-08-29 18:18:52,289 - src.extract_pipeline - WARNING - No data extracted from team_standings.json
2025-08-29 18:18:52,290 - src.extract_pipeline - INFO - Checking Italy/Coppa Italia/2024...
2025-08-29 18:18:52,291 - src.extract_pipeline - INFO - Processing Italy\Coppa Italia\2024/injuries.json...
2025-08-29 18:18:52,302 - src.extract_pipeline - WARNING - No data extracted from injuries.json
2025-08-29 18:18:52,312 - src.extract_pipeline - INFO - Processing Italy\Coppa Italia\2024/team_standings.json...
2025-08-29 18:18:52,312 - src.extract_pipeline - WARNING - No standings data found in the response.
2025-08-29 18:18:52,312 - src.extract_pipeline - WARNING - No data extracted from team_standings.json
2025-08-29 18:18:52,314 - src.extract_pipeline - INFO - Checking Italy/Serie A/2016...
2025-08-29 18:18:52,316 - src.extract_pipeline - INFO - Processing Italy\Serie A\2016/injuries.json...
2025-08-29 18:18:52,405 - src.extract_pipeline - WARNING - No data extracted from injuries.json
2025-08-29 18:18:52,458 - src.extract_pipeline - INFO - Checking Italy/Serie A/2017...
2025-08-29 18:18:52,461 - src.extract_pipeline - INFO - Processing Italy\Serie A\2017/injuries.json...
2025-08-29 18:18:52,551 - src.extract_pipeline - WARNING - No data extracted from injuries.json
2025-08-29 18:18:52,606 - src.extract_pipeline - INFO - Checking Italy/Serie A/2018...
2025-08-29 18:18:52,608 - src.extract_pipeline - INFO - Processing Italy\Serie A\2018/injuries.json...
2025-08-29 18:18:52,697 - src.extract_pipeline - WARNING - No data extracted from injuries.json
2025-08-29 18:18:52,749 - src.extract_pipeline - INFO - Checking Italy/Serie A/2019...
2025-08-29 18:18:52,751 - src.extract_pipeline - INFO - Processing Italy\Serie A\2019/injuries.json...
2025-08-29 18:18:52,814 - src.extract_pipeline - WARNING - No data extracted from injuries.json
2025-08-29 18:18:52,849 - src.extract_pipeline - INFO - Checking Italy/Serie A/2020...
2025-08-29 18:18:52,926 - src.extract_pipeline - INFO - Checking Italy/Serie A/2021...
2025-08-29 18:18:53,006 - src.extract_pipeline - INFO - Checking Italy/Serie A/2022...
2025-08-29 18:18:53,090 - src.extract_pipeline - INFO - Checking Italy/Serie A/2023...
2025-08-29 18:18:53,200 - src.extract_pipeline - INFO - Checking Italy/Serie A/2024...
2025-08-29 18:18:53,290 - src.extract_pipeline - INFO - Checking Italy/Serie A/2025...
2025-08-29 18:18:53,303 - src.extract_pipeline - INFO - Processing Italy\Serie A\2025/fixture_events.json...
2025-08-29 18:18:53,309 - src.extract_pipeline - INFO - Saved fixture_events.csv
2025-08-29 18:18:53,322 - src.extract_pipeline - INFO - Checking Italy/Serie B/2019...
2025-08-29 18:18:53,324 - src.extract_pipeline - INFO - Processing Italy\Serie B\2019/injuries.json...
2025-08-29 18:18:53,391 - src.extract_pipeline - WARNING - No data extracted from injuries.json
2025-08-29 18:18:53,431 - src.extract_pipeline - INFO - Checking Italy/Serie B/2020...
2025-08-29 18:18:53,434 - src.extract_pipeline - INFO - Processing Italy\Serie B\2020/injuries.json...
2025-08-29 18:18:53,526 - src.extract_pipeline - WARNING - No data extracted from injuries.json
2025-08-29 18:18:53,603 - src.extract_pipeline - INFO - Checking Italy/Serie B/2021...
2025-08-29 18:18:53,605 - src.extract_pipeline - INFO - Processing Italy\Serie B\2021/injuries.json...
2025-08-29 18:18:53,699 - src.extract_pipeline - WARNING - No data extracted from injuries.json
2025-08-29 18:18:53,779 - src.extract_pipeline - INFO - Checking Italy/Serie B/2022...
2025-08-29 18:18:53,781 - src.extract_pipeline - INFO - Processing Italy\Serie B\2022/injuries.json...
2025-08-29 18:18:53,873 - src.extract_pipeline - WARNING - No data extracted from injuries.json
2025-08-29 18:18:53,952 - src.extract_pipeline - INFO - Checking Italy/Serie B/2023...
2025-08-29 18:18:53,954 - src.extract_pipeline - INFO - Processing Italy\Serie B\2023/injuries.json...
2025-08-29 18:18:54,046 - src.extract_pipeline - WARNING - No data extracted from injuries.json
2025-08-29 18:18:54,125 - src.extract_pipeline - INFO - Checking Italy/Serie B/2024...
2025-08-29 18:18:54,127 - src.extract_pipeline - INFO - Processing Italy\Serie B\2024/injuries.json...
2025-08-29 18:18:54,224 - src.extract_pipeline - WARNING - No data extracted from injuries.json
2025-08-29 18:18:54,310 - src.extract_pipeline - INFO - Checking Italy/Serie B/2025...
2025-08-29 18:18:54,312 - src.extract_pipeline - INFO - Checking Spain/La Liga/2020...
2025-08-29 18:18:54,322 - src.extract_pipeline - INFO - Processing Spain\La Liga\2020/odds.json...
2025-08-29 18:18:54,481 - src.extract_pipeline - WARNING - No data extracted from odds.json
2025-08-29 18:18:54,549 - src.extract_pipeline - INFO - Checking Spain/La Liga/2021...
2025-08-29 18:18:54,561 - src.extract_pipeline - INFO - Processing Spain\La Liga\2021/odds.json...
2025-08-29 18:18:54,702 - src.extract_pipeline - WARNING - No data extracted from odds.json
2025-08-29 18:18:54,769 - src.extract_pipeline - INFO - Checking Spain/La Liga/2022...
2025-08-29 18:18:54,779 - src.extract_pipeline - INFO - Processing Spain\La Liga\2022/odds.json...
2025-08-29 18:18:54,887 - src.extract_pipeline - WARNING - No data extracted from odds.json
2025-08-29 18:18:54,951 - src.extract_pipeline - INFO - Checking Spain/La Liga/2023...
2025-08-29 18:18:55,033 - src.extract_pipeline - INFO - Checking Spain/La Liga/2024...
2025-08-29 18:18:55,116 - src.extract_pipeline - INFO - Checking Spain/La Liga/2025...
2025-08-29 18:18:55,117 - src.extract_pipeline - INFO - Processing Spain\La Liga\2025/fixture_events.json...
2025-08-29 18:18:55,123 - src.extract_pipeline - INFO - Saved fixture_events.csv
2025-08-29 18:18:55,140 - src.extract_pipeline - INFO - Checking Spain/Segunda Division/2021...
2025-08-29 18:18:55,143 - src.extract_pipeline - INFO - Processing Spain\Segunda Division\2021/injuries.json...
2025-08-29 18:18:55,254 - src.extract_pipeline - WARNING - No data extracted from injuries.json
2025-08-29 18:18:55,350 - src.extract_pipeline - INFO - Checking Spain/Segunda Division/2022...
2025-08-29 18:18:55,353 - src.extract_pipeline - INFO - Processing Spain\Segunda Division\2022/injuries.json...
2025-08-29 18:18:55,464 - src.extract_pipeline - WARNING - No data extracted from injuries.json
2025-08-29 18:18:55,560 - src.extract_pipeline - INFO - Checking Spain/Segunda Division/2023...
2025-08-29 18:18:55,563 - src.extract_pipeline - INFO - Processing Spain\Segunda Division\2023/injuries.json...
2025-08-29 18:18:55,673 - src.extract_pipeline - WARNING - No data extracted from injuries.json
2025-08-29 18:18:55,765 - src.extract_pipeline - INFO - Checking Spain/Segunda Division/2024...
2025-08-29 18:18:55,863 - src.extract_pipeline - INFO - Checking Spain/Segunda Division/2025...
2025-08-29 18:18:55,882 - src.extract_pipeline - INFO - 
Processing complete. 6 files were updated.
