2025-08-29 17:53:06,233 - src.extract_pipeline - INFO - Logging initialized. Log file: logs/extract\extract_20250829_175306.log
2025-08-29 17:53:06,234 - src.extract_pipeline - INFO - Checking England/Championship/2025...
2025-08-29 17:53:06,247 - src.extract_pipeline - INFO - Checking England/EFL Trophy/2021...
2025-08-29 17:53:06,250 - src.extract_pipeline - INFO - Checking England/EFL Trophy/2022...
2025-08-29 17:53:06,252 - src.extract_pipeline - INFO - Checking England/EFL Trophy/2023...
2025-08-29 17:53:06,254 - src.extract_pipeline - INFO - Checking England/EFL Trophy/2024...
2025-08-29 17:53:06,257 - src.extract_pipeline - INFO - Checking England/FA Cup/2021...
2025-08-29 17:53:06,262 - src.extract_pipeline - INFO - Checking England/FA Trophy/2023...
2025-08-29 17:53:06,264 - src.extract_pipeline - INFO - Processing England\FA Trophy\2023/odds.json...
2025-08-29 17:53:06,283 - src.extract_pipeline - WARNING - No data extracted from odds.json
2025-08-29 17:53:06,284 - src.extract_pipeline - INFO - Processing England\FA Trophy\2023/team_statistics.json...
2025-08-29 17:53:06,344 - src.extract_pipeline - WARNING - No data extracted from team_statistics.json
2025-08-29 17:53:06,345 - src.extract_pipeline - INFO - Checking England/FA Trophy/2024...
2025-08-29 17:53:06,346 - src.extract_pipeline - INFO - Checking England/Premier League/2018...
2025-08-29 17:53:06,348 - src.extract_pipeline - INFO - Processing England\Premier League\2018/injuries.json...
2025-08-29 17:53:06,446 - src.extract_pipeline - WARNING - No data extracted from injuries.json
2025-08-29 17:53:06,496 - src.extract_pipeline - INFO - Checking England/Premier League/2019...
2025-08-29 17:53:06,498 - src.extract_pipeline - INFO - Processing England\Premier League\2019/injuries.json...
2025-08-29 17:53:06,568 - src.extract_pipeline - WARNING - No data extracted from injuries.json
2025-08-29 17:53:06,608 - src.extract_pipeline - INFO - Checking England/Premier League/2020...
2025-08-29 17:53:06,681 - src.extract_pipeline - INFO - Checking England/Premier League/2021...
2025-08-29 17:53:06,760 - src.extract_pipeline - INFO - Checking England/Premier League/2022...
2025-08-29 17:53:06,841 - src.extract_pipeline - INFO - Checking England/Premier League/2023...
2025-08-29 17:53:06,924 - src.extract_pipeline - INFO - Checking England/Premier League/2024...
2025-08-29 17:53:07,003 - src.extract_pipeline - INFO - Checking England/Premier League/2025...
2025-08-29 17:53:07,021 - src.extract_pipeline - INFO - Checking Europe/Champions League/2018...
2025-08-29 17:53:07,023 - src.extract_pipeline - INFO - Processing Europe\Champions League\2018/injuries.json...
2025-08-29 17:53:07,068 - src.extract_pipeline - WARNING - No data extracted from injuries.json
2025-08-29 17:53:07,089 - src.extract_pipeline - INFO - Checking Europe/Champions League/2019...
2025-08-29 17:53:07,091 - src.extract_pipeline - INFO - Processing Europe\Champions League\2019/injuries.json...
2025-08-29 17:53:07,129 - src.extract_pipeline - WARNING - No data extracted from injuries.json
2025-08-29 17:53:07,148 - src.extract_pipeline - INFO - Checking Europe/Champions League/2020...
2025-08-29 17:53:07,180 - src.extract_pipeline - INFO - Checking Europe/Champions League/2021...
2025-08-29 17:53:07,213 - src.extract_pipeline - INFO - Checking Europe/Champions League/2022...
2025-08-29 17:53:07,247 - src.extract_pipeline - INFO - Checking Europe/Champions League/2023...
2025-08-29 17:53:07,286 - src.extract_pipeline - INFO - Checking Europe/Champions League/2024...
2025-08-29 17:53:07,335 - src.extract_pipeline - INFO - Checking Europe/Champions League/2025...
2025-08-29 17:53:07,345 - src.extract_pipeline - INFO - Processing Europe\Champions League\2025/team_standings.json...
2025-08-29 17:53:07,345 - src.extract_pipeline - WARNING - No standings data found in the response.
2025-08-29 17:53:07,346 - src.extract_pipeline - WARNING - No data extracted from team_standings.json
2025-08-29 17:53:07,347 - src.extract_pipeline - INFO - Checking Europe/Conference League/2021...
2025-08-29 17:53:07,349 - src.extract_pipeline - INFO - Processing Europe\Conference League\2021/injuries.json...
2025-08-29 17:53:07,450 - src.extract_pipeline - WARNING - No data extracted from injuries.json
2025-08-29 17:53:07,485 - src.extract_pipeline - INFO - Checking Europe/Conference League/2022...
2025-08-29 17:53:07,488 - src.extract_pipeline - INFO - Processing Europe\Conference League\2022/injuries.json...
2025-08-29 17:53:07,586 - src.extract_pipeline - WARNING - No data extracted from injuries.json
2025-08-29 17:53:07,631 - src.extract_pipeline - INFO - Checking Europe/Conference League/2023...
2025-08-29 17:53:07,634 - src.extract_pipeline - INFO - Processing Europe\Conference League\2023/injuries.json...
2025-08-29 17:53:07,732 - src.extract_pipeline - WARNING - No data extracted from injuries.json
2025-08-29 17:53:07,783 - src.extract_pipeline - INFO - Checking Europe/Conference League/2024...
2025-08-29 17:53:07,785 - src.extract_pipeline - INFO - Checking Europe/Conference League/2025...
2025-08-29 17:53:07,787 - src.extract_pipeline - INFO - Processing Europe\Conference League\2025/injuries.json...
2025-08-29 17:53:07,807 - src.extract_pipeline - WARNING - No data extracted from injuries.json
2025-08-29 17:53:07,821 - src.extract_pipeline - INFO - Processing Europe\Conference League\2025/team_standings.json...
2025-08-29 17:53:07,822 - src.extract_pipeline - WARNING - No standings data found in the response.
2025-08-29 17:53:07,822 - src.extract_pipeline - WARNING - No data extracted from team_standings.json
2025-08-29 17:53:07,823 - src.extract_pipeline - INFO - Checking Europe/Europa League/2018...
2025-08-29 17:53:07,825 - src.extract_pipeline - INFO - Processing Europe\Europa League\2018/injuries.json...
2025-08-29 17:53:07,914 - src.extract_pipeline - WARNING - No data extracted from injuries.json
2025-08-29 17:53:07,945 - src.extract_pipeline - INFO - Checking Europe/Europa League/2019...
2025-08-29 17:53:07,947 - src.extract_pipeline - INFO - Processing Europe\Europa League\2019/injuries.json...
2025-08-29 17:53:08,031 - src.extract_pipeline - WARNING - No data extracted from injuries.json
2025-08-29 17:53:08,060 - src.extract_pipeline - INFO - Checking Europe/Europa League/2020...
2025-08-29 17:53:08,107 - src.extract_pipeline - INFO - Checking Europe/Europa League/2021...
2025-08-29 17:53:08,139 - src.extract_pipeline - INFO - Checking Europe/Europa League/2022...
2025-08-29 17:53:08,172 - src.extract_pipeline - INFO - Checking Europe/Europa League/2023...
2025-08-29 17:53:08,205 - src.extract_pipeline - INFO - Checking Europe/Europa League/2024...
2025-08-29 17:53:08,251 - src.extract_pipeline - INFO - Checking Europe/Europa League/2025...
2025-08-29 17:53:08,256 - src.extract_pipeline - INFO - Processing Europe\Europa League\2025/player_statistics.json...
2025-08-29 17:53:08,262 - src.extract_pipeline - WARNING - No data extracted from player_statistics.json
2025-08-29 17:53:08,263 - src.extract_pipeline - INFO - Processing Europe\Europa League\2025/team_standings.json...
2025-08-29 17:53:08,263 - src.extract_pipeline - WARNING - No standings data found in the response.
2025-08-29 17:53:08,263 - src.extract_pipeline - WARNING - No data extracted from team_standings.json
2025-08-29 17:53:08,265 - src.extract_pipeline - INFO - Checking France/Coupe de France/2021...
2025-08-29 17:53:08,268 - src.extract_pipeline - INFO - Checking France/Coupe de France/2022...
2025-08-29 17:53:08,271 - src.extract_pipeline - INFO - Checking France/Coupe de France/2023...
2025-08-29 17:53:08,273 - src.extract_pipeline - INFO - Checking France/Coupe de France/2024...
2025-08-29 17:53:08,276 - src.extract_pipeline - INFO - Checking France/Ligue 1/2018...
2025-08-29 17:53:08,278 - src.extract_pipeline - INFO - Processing France\Ligue 1\2018/injuries.json...
2025-08-29 17:53:08,430 - src.extract_pipeline - WARNING - No data extracted from injuries.json
2025-08-29 17:53:08,489 - src.extract_pipeline - INFO - Checking France/Ligue 1/2019...
2025-08-29 17:53:08,492 - src.extract_pipeline - INFO - Processing France\Ligue 1\2019/injuries.json...
2025-08-29 17:53:08,583 - src.extract_pipeline - WARNING - No data extracted from injuries.json
2025-08-29 17:53:08,622 - src.extract_pipeline - INFO - Checking France/Ligue 1/2020...
2025-08-29 17:53:08,695 - src.extract_pipeline - INFO - Checking France/Ligue 1/2021...
2025-08-29 17:53:08,772 - src.extract_pipeline - INFO - Checking France/Ligue 1/2022...
2025-08-29 17:53:08,847 - src.extract_pipeline - INFO - Checking France/Ligue 1/2023...
2025-08-29 17:53:08,909 - src.extract_pipeline - INFO - Checking France/Ligue 1/2024...
2025-08-29 17:53:08,972 - src.extract_pipeline - INFO - Checking France/Ligue 1/2025...
2025-08-29 17:53:08,987 - src.extract_pipeline - INFO - Checking France/Ligue 2/2025...
2025-08-29 17:53:08,994 - src.extract_pipeline - INFO - Checking Germany/2. Bundesliga/2025...
2025-08-29 17:53:08,996 - src.extract_pipeline - INFO - Processing Germany\2. Bundesliga\2025/odds.json...
2025-08-29 17:53:09,003 - src.extract_pipeline - WARNING - No data extracted from odds.json
2025-08-29 17:53:09,008 - src.extract_pipeline - INFO - Checking Germany/Bundesliga/2018...
2025-08-29 17:53:09,010 - src.extract_pipeline - INFO - Processing Germany\Bundesliga\2018/injuries.json...
2025-08-29 17:53:09,086 - src.extract_pipeline - WARNING - No data extracted from injuries.json
2025-08-29 17:53:09,128 - src.extract_pipeline - INFO - Checking Germany/Bundesliga/2019...
2025-08-29 17:53:09,130 - src.extract_pipeline - INFO - Processing Germany\Bundesliga\2019/injuries.json...
2025-08-29 17:53:09,193 - src.extract_pipeline - WARNING - No data extracted from injuries.json
2025-08-29 17:53:09,230 - src.extract_pipeline - INFO - Checking Germany/Bundesliga/2020...
2025-08-29 17:53:09,293 - src.extract_pipeline - INFO - Checking Germany/Bundesliga/2021...
2025-08-29 17:53:09,370 - src.extract_pipeline - INFO - Checking Germany/Bundesliga/2022...
2025-08-29 17:53:09,448 - src.extract_pipeline - INFO - Checking Germany/Bundesliga/2023...
2025-08-29 17:53:09,514 - src.extract_pipeline - INFO - Checking Germany/Bundesliga/2024...
2025-08-29 17:53:09,581 - src.extract_pipeline - INFO - Checking Germany/Bundesliga/2025...
2025-08-29 17:53:09,592 - src.extract_pipeline - INFO - Checking Germany/DFB Pokal/2021...
2025-08-29 17:53:09,594 - src.extract_pipeline - INFO - Checking Germany/DFB Pokal/2022...
2025-08-29 17:53:09,596 - src.extract_pipeline - INFO - Checking Germany/DFB Pokal/2023...
2025-08-29 17:53:09,597 - src.extract_pipeline - INFO - Checking Germany/DFB Pokal/2024...
2025-08-29 17:53:09,600 - src.extract_pipeline - INFO - Checking Greece/Super League/2025...
2025-08-29 17:53:09,603 - src.extract_pipeline - INFO - Checking Italy/Coppa Italia/2020...
2025-08-29 17:53:09,605 - src.extract_pipeline - INFO - Processing Italy\Coppa Italia\2020/injuries.json...
2025-08-29 17:53:09,624 - src.extract_pipeline - WARNING - No data extracted from injuries.json
2025-08-29 17:53:09,630 - src.extract_pipeline - INFO - Processing Italy\Coppa Italia\2020/team_standings.json...
2025-08-29 17:53:09,630 - src.extract_pipeline - WARNING - No standings data found in the response.
2025-08-29 17:53:09,630 - src.extract_pipeline - WARNING - No data extracted from team_standings.json
2025-08-29 17:53:09,631 - src.extract_pipeline - INFO - Checking Italy/Coppa Italia/2021...
2025-08-29 17:53:09,632 - src.extract_pipeline - INFO - Processing Italy\Coppa Italia\2021/injuries.json...
2025-08-29 17:53:09,644 - src.extract_pipeline - WARNING - No data extracted from injuries.json
2025-08-29 17:53:09,653 - src.extract_pipeline - INFO - Processing Italy\Coppa Italia\2021/team_standings.json...
2025-08-29 17:53:09,653 - src.extract_pipeline - WARNING - No standings data found in the response.
2025-08-29 17:53:09,654 - src.extract_pipeline - WARNING - No data extracted from team_standings.json
2025-08-29 17:53:09,655 - src.extract_pipeline - INFO - Checking Italy/Coppa Italia/2022...
2025-08-29 17:53:09,656 - src.extract_pipeline - INFO - Processing Italy\Coppa Italia\2022/injuries.json...
2025-08-29 17:53:09,666 - src.extract_pipeline - WARNING - No data extracted from injuries.json
2025-08-29 17:53:09,676 - src.extract_pipeline - INFO - Processing Italy\Coppa Italia\2022/team_standings.json...
2025-08-29 17:53:09,676 - src.extract_pipeline - WARNING - No standings data found in the response.
2025-08-29 17:53:09,676 - src.extract_pipeline - WARNING - No data extracted from team_standings.json
2025-08-29 17:53:09,677 - src.extract_pipeline - INFO - Checking Italy/Coppa Italia/2023...
2025-08-29 17:53:09,678 - src.extract_pipeline - INFO - Processing Italy\Coppa Italia\2023/injuries.json...
2025-08-29 17:53:09,689 - src.extract_pipeline - WARNING - No data extracted from injuries.json
2025-08-29 17:53:09,697 - src.extract_pipeline - INFO - Processing Italy\Coppa Italia\2023/team_standings.json...
2025-08-29 17:53:09,698 - src.extract_pipeline - WARNING - No standings data found in the response.
2025-08-29 17:53:09,698 - src.extract_pipeline - WARNING - No data extracted from team_standings.json
2025-08-29 17:53:09,699 - src.extract_pipeline - INFO - Checking Italy/Coppa Italia/2024...
2025-08-29 17:53:09,700 - src.extract_pipeline - INFO - Processing Italy\Coppa Italia\2024/injuries.json...
2025-08-29 17:53:09,712 - src.extract_pipeline - WARNING - No data extracted from injuries.json
2025-08-29 17:53:09,722 - src.extract_pipeline - INFO - Processing Italy\Coppa Italia\2024/team_standings.json...
2025-08-29 17:53:09,722 - src.extract_pipeline - WARNING - No standings data found in the response.
2025-08-29 17:53:09,723 - src.extract_pipeline - WARNING - No data extracted from team_standings.json
2025-08-29 17:53:09,724 - src.extract_pipeline - INFO - Checking Italy/Serie A/2016...
2025-08-29 17:53:09,726 - src.extract_pipeline - INFO - Processing Italy\Serie A\2016/injuries.json...
2025-08-29 17:53:09,819 - src.extract_pipeline - WARNING - No data extracted from injuries.json
2025-08-29 17:53:09,878 - src.extract_pipeline - INFO - Checking Italy/Serie A/2017...
2025-08-29 17:53:09,881 - src.extract_pipeline - INFO - Processing Italy\Serie A\2017/injuries.json...
2025-08-29 17:53:09,975 - src.extract_pipeline - WARNING - No data extracted from injuries.json
2025-08-29 17:53:10,031 - src.extract_pipeline - INFO - Checking Italy/Serie A/2018...
2025-08-29 17:53:10,034 - src.extract_pipeline - INFO - Processing Italy\Serie A\2018/injuries.json...
2025-08-29 17:53:10,124 - src.extract_pipeline - WARNING - No data extracted from injuries.json
2025-08-29 17:53:10,179 - src.extract_pipeline - INFO - Checking Italy/Serie A/2019...
2025-08-29 17:53:10,180 - src.extract_pipeline - INFO - Processing Italy\Serie A\2019/injuries.json...
2025-08-29 17:53:10,241 - src.extract_pipeline - WARNING - No data extracted from injuries.json
2025-08-29 17:53:10,279 - src.extract_pipeline - INFO - Checking Italy/Serie A/2020...
2025-08-29 17:53:10,357 - src.extract_pipeline - INFO - Checking Italy/Serie A/2021...
2025-08-29 17:53:10,442 - src.extract_pipeline - INFO - Checking Italy/Serie A/2022...
2025-08-29 17:53:10,528 - src.extract_pipeline - INFO - Checking Italy/Serie A/2023...
2025-08-29 17:53:10,642 - src.extract_pipeline - INFO - Checking Italy/Serie A/2024...
2025-08-29 17:53:10,735 - src.extract_pipeline - INFO - Checking Italy/Serie A/2025...
2025-08-29 17:53:10,748 - src.extract_pipeline - INFO - Checking Italy/Serie B/2019...
2025-08-29 17:53:10,750 - src.extract_pipeline - INFO - Processing Italy\Serie B\2019/injuries.json...
2025-08-29 17:53:10,819 - src.extract_pipeline - WARNING - No data extracted from injuries.json
2025-08-29 17:53:10,859 - src.extract_pipeline - INFO - Checking Italy/Serie B/2020...
2025-08-29 17:53:10,861 - src.extract_pipeline - INFO - Processing Italy\Serie B\2020/injuries.json...
2025-08-29 17:53:10,955 - src.extract_pipeline - WARNING - No data extracted from injuries.json
2025-08-29 17:53:11,039 - src.extract_pipeline - INFO - Checking Italy/Serie B/2021...
2025-08-29 17:53:11,041 - src.extract_pipeline - INFO - Processing Italy\Serie B\2021/injuries.json...
2025-08-29 17:53:11,138 - src.extract_pipeline - WARNING - No data extracted from injuries.json
2025-08-29 17:53:11,225 - src.extract_pipeline - INFO - Checking Italy/Serie B/2022...
2025-08-29 17:53:11,227 - src.extract_pipeline - INFO - Processing Italy\Serie B\2022/injuries.json...
2025-08-29 17:53:11,323 - src.extract_pipeline - WARNING - No data extracted from injuries.json
2025-08-29 17:53:11,402 - src.extract_pipeline - INFO - Checking Italy/Serie B/2023...
2025-08-29 17:53:11,404 - src.extract_pipeline - INFO - Processing Italy\Serie B\2023/injuries.json...
2025-08-29 17:53:11,496 - src.extract_pipeline - WARNING - No data extracted from injuries.json
2025-08-29 17:53:11,577 - src.extract_pipeline - INFO - Checking Italy/Serie B/2024...
2025-08-29 17:53:11,580 - src.extract_pipeline - INFO - Processing Italy\Serie B\2024/injuries.json...
2025-08-29 17:53:11,723 - src.extract_pipeline - WARNING - No data extracted from injuries.json
2025-08-29 17:53:11,806 - src.extract_pipeline - INFO - Checking Italy/Serie B/2025...
2025-08-29 17:53:11,808 - src.extract_pipeline - INFO - Checking Spain/La Liga/2020...
2025-08-29 17:53:11,820 - src.extract_pipeline - INFO - Processing Spain\La Liga\2020/odds.json...
2025-08-29 17:53:11,939 - src.extract_pipeline - WARNING - No data extracted from odds.json
2025-08-29 17:53:12,010 - src.extract_pipeline - INFO - Checking Spain/La Liga/2021...
2025-08-29 17:53:12,022 - src.extract_pipeline - INFO - Processing Spain\La Liga\2021/odds.json...
2025-08-29 17:53:12,142 - src.extract_pipeline - WARNING - No data extracted from odds.json
2025-08-29 17:53:12,211 - src.extract_pipeline - INFO - Checking Spain/La Liga/2022...
2025-08-29 17:53:12,222 - src.extract_pipeline - INFO - Processing Spain\La Liga\2022/odds.json...
2025-08-29 17:53:12,341 - src.extract_pipeline - WARNING - No data extracted from odds.json
2025-08-29 17:53:12,406 - src.extract_pipeline - INFO - Checking Spain/La Liga/2023...
2025-08-29 17:53:12,491 - src.extract_pipeline - INFO - Checking Spain/La Liga/2024...
2025-08-29 17:53:12,576 - src.extract_pipeline - INFO - Checking Spain/La Liga/2025...
2025-08-29 17:53:12,594 - src.extract_pipeline - INFO - Checking Spain/Segunda Division/2021...
2025-08-29 17:53:12,596 - src.extract_pipeline - INFO - Processing Spain\Segunda Division\2021/injuries.json...
2025-08-29 17:53:12,709 - src.extract_pipeline - WARNING - No data extracted from injuries.json
2025-08-29 17:53:12,807 - src.extract_pipeline - INFO - Checking Spain/Segunda Division/2022...
2025-08-29 17:53:12,810 - src.extract_pipeline - INFO - Processing Spain\Segunda Division\2022/injuries.json...
2025-08-29 17:53:12,921 - src.extract_pipeline - WARNING - No data extracted from injuries.json
2025-08-29 17:53:13,018 - src.extract_pipeline - INFO - Checking Spain/Segunda Division/2023...
2025-08-29 17:53:13,020 - src.extract_pipeline - INFO - Processing Spain\Segunda Division\2023/injuries.json...
2025-08-29 17:53:13,131 - src.extract_pipeline - WARNING - No data extracted from injuries.json
2025-08-29 17:53:13,226 - src.extract_pipeline - INFO - Checking Spain/Segunda Division/2024...
2025-08-29 17:53:13,329 - src.extract_pipeline - INFO - Checking Spain/Segunda Division/2025...
2025-08-29 17:53:13,348 - src.extract_pipeline - INFO - 
Processing complete. 0 files were updated.
