2025-08-29 17:52:17,020 - src.extract_pipeline - INFO - Logging initialized. Log file: logs/extract\extract_20250829_175217.log
2025-08-29 17:52:17,021 - src.extract_pipeline - INFO - Checking England/Championship/2025...
2025-08-29 17:52:17,035 - src.extract_pipeline - INFO - Checking England/EFL Trophy/2021...
2025-08-29 17:52:17,037 - src.extract_pipeline - INFO - Checking England/EFL Trophy/2022...
2025-08-29 17:52:17,040 - src.extract_pipeline - INFO - Checking England/EFL Trophy/2023...
2025-08-29 17:52:17,042 - src.extract_pipeline - INFO - Checking England/EFL Trophy/2024...
2025-08-29 17:52:17,045 - src.extract_pipeline - INFO - Checking England/FA Cup/2021...
2025-08-29 17:52:17,049 - src.extract_pipeline - INFO - Checking England/FA Trophy/2023...
2025-08-29 17:52:17,051 - src.extract_pipeline - INFO - Processing England\FA Trophy\2023/odds.json...
2025-08-29 17:52:17,067 - src.extract_pipeline - WARNING - No data extracted from odds.json
2025-08-29 17:52:17,068 - src.extract_pipeline - INFO - Processing England\FA Trophy\2023/team_statistics.json...
2025-08-29 17:52:17,117 - src.extract_pipeline - WARNING - No data extracted from team_statistics.json
2025-08-29 17:52:17,118 - src.extract_pipeline - INFO - Checking England/FA Trophy/2024...
2025-08-29 17:52:17,119 - src.extract_pipeline - INFO - Checking England/Premier League/2018...
2025-08-29 17:52:17,122 - src.extract_pipeline - INFO - Processing England\Premier League\2018/injuries.json...
2025-08-29 17:52:17,216 - src.extract_pipeline - WARNING - No data extracted from injuries.json
2025-08-29 17:52:17,269 - src.extract_pipeline - INFO - Checking England/Premier League/2019...
2025-08-29 17:52:17,271 - src.extract_pipeline - INFO - Processing England\Premier League\2019/injuries.json...
2025-08-29 17:52:17,341 - src.extract_pipeline - WARNING - No data extracted from injuries.json
2025-08-29 17:52:17,380 - src.extract_pipeline - INFO - Checking England/Premier League/2020...
2025-08-29 17:52:17,455 - src.extract_pipeline - INFO - Checking England/Premier League/2021...
2025-08-29 17:52:17,532 - src.extract_pipeline - INFO - Checking England/Premier League/2022...
2025-08-29 17:52:17,609 - src.extract_pipeline - INFO - Checking England/Premier League/2023...
2025-08-29 17:52:17,699 - src.extract_pipeline - INFO - Checking England/Premier League/2024...
2025-08-29 17:52:17,780 - src.extract_pipeline - INFO - Checking England/Premier League/2025...
2025-08-29 17:52:17,781 - src.extract_pipeline - INFO - Processing England\Premier League\2025/fixture_events.json...
2025-08-29 17:52:17,792 - src.extract_pipeline - INFO - Saved fixture_events.csv
2025-08-29 17:52:17,818 - src.extract_pipeline - INFO - Processing England\Premier League\2025/odds.json...
2025-08-29 17:52:17,888 - src.extract_pipeline - INFO - Saved odds.csv
2025-08-29 17:52:17,900 - src.extract_pipeline - INFO - Checking Europe/Champions League/2018...
2025-08-29 17:52:17,902 - src.extract_pipeline - INFO - Processing Europe\Champions League\2018/injuries.json...
2025-08-29 17:52:17,942 - src.extract_pipeline - WARNING - No data extracted from injuries.json
2025-08-29 17:52:17,963 - src.extract_pipeline - INFO - Checking Europe/Champions League/2019...
2025-08-29 17:52:17,965 - src.extract_pipeline - INFO - Processing Europe\Champions League\2019/injuries.json...
2025-08-29 17:52:17,999 - src.extract_pipeline - WARNING - No data extracted from injuries.json
2025-08-29 17:52:18,020 - src.extract_pipeline - INFO - Checking Europe/Champions League/2020...
2025-08-29 17:52:18,053 - src.extract_pipeline - INFO - Checking Europe/Champions League/2021...
2025-08-29 17:52:18,087 - src.extract_pipeline - INFO - Checking Europe/Champions League/2022...
2025-08-29 17:52:18,121 - src.extract_pipeline - INFO - Checking Europe/Champions League/2023...
2025-08-29 17:52:18,158 - src.extract_pipeline - INFO - Checking Europe/Champions League/2024...
2025-08-29 17:52:18,207 - src.extract_pipeline - INFO - Checking Europe/Champions League/2025...
2025-08-29 17:52:18,219 - src.extract_pipeline - INFO - Processing Europe\Champions League\2025/team_standings.json...
2025-08-29 17:52:18,219 - src.extract_pipeline - WARNING - No standings data found in the response.
2025-08-29 17:52:18,219 - src.extract_pipeline - WARNING - No data extracted from team_standings.json
2025-08-29 17:52:18,221 - src.extract_pipeline - INFO - Checking Europe/Conference League/2021...
2025-08-29 17:52:18,223 - src.extract_pipeline - INFO - Processing Europe\Conference League\2021/injuries.json...
2025-08-29 17:52:18,323 - src.extract_pipeline - WARNING - No data extracted from injuries.json
2025-08-29 17:52:18,359 - src.extract_pipeline - INFO - Checking Europe/Conference League/2022...
2025-08-29 17:52:18,361 - src.extract_pipeline - INFO - Processing Europe\Conference League\2022/injuries.json...
2025-08-29 17:52:18,459 - src.extract_pipeline - WARNING - No data extracted from injuries.json
2025-08-29 17:52:18,501 - src.extract_pipeline - INFO - Checking Europe/Conference League/2023...
2025-08-29 17:52:18,503 - src.extract_pipeline - INFO - Processing Europe\Conference League\2023/injuries.json...
2025-08-29 17:52:18,614 - src.extract_pipeline - WARNING - No data extracted from injuries.json
2025-08-29 17:52:18,685 - src.extract_pipeline - INFO - Checking Europe/Conference League/2024...
2025-08-29 17:52:18,690 - src.extract_pipeline - INFO - Checking Europe/Conference League/2025...
2025-08-29 17:52:18,692 - src.extract_pipeline - INFO - Processing Europe\Conference League\2025/injuries.json...
2025-08-29 17:52:18,721 - src.extract_pipeline - WARNING - No data extracted from injuries.json
2025-08-29 17:52:18,736 - src.extract_pipeline - INFO - Processing Europe\Conference League\2025/team_standings.json...
2025-08-29 17:52:18,737 - src.extract_pipeline - WARNING - No standings data found in the response.
2025-08-29 17:52:18,737 - src.extract_pipeline - WARNING - No data extracted from team_standings.json
2025-08-29 17:52:18,739 - src.extract_pipeline - INFO - Checking Europe/Europa League/2018...
2025-08-29 17:52:18,741 - src.extract_pipeline - INFO - Processing Europe\Europa League\2018/injuries.json...
2025-08-29 17:52:18,838 - src.extract_pipeline - WARNING - No data extracted from injuries.json
2025-08-29 17:52:18,871 - src.extract_pipeline - INFO - Checking Europe/Europa League/2019...
2025-08-29 17:52:18,873 - src.extract_pipeline - INFO - Processing Europe\Europa League\2019/injuries.json...
2025-08-29 17:52:18,953 - src.extract_pipeline - WARNING - No data extracted from injuries.json
2025-08-29 17:52:18,981 - src.extract_pipeline - INFO - Checking Europe/Europa League/2020...
2025-08-29 17:52:19,027 - src.extract_pipeline - INFO - Checking Europe/Europa League/2021...
2025-08-29 17:52:19,059 - src.extract_pipeline - INFO - Checking Europe/Europa League/2022...
2025-08-29 17:52:19,092 - src.extract_pipeline - INFO - Checking Europe/Europa League/2023...
2025-08-29 17:52:19,126 - src.extract_pipeline - INFO - Checking Europe/Europa League/2024...
2025-08-29 17:52:19,172 - src.extract_pipeline - INFO - Checking Europe/Europa League/2025...
2025-08-29 17:52:19,177 - src.extract_pipeline - INFO - Processing Europe\Europa League\2025/player_statistics.json...
2025-08-29 17:52:19,184 - src.extract_pipeline - WARNING - No data extracted from player_statistics.json
2025-08-29 17:52:19,184 - src.extract_pipeline - INFO - Processing Europe\Europa League\2025/team_standings.json...
2025-08-29 17:52:19,184 - src.extract_pipeline - WARNING - No standings data found in the response.
2025-08-29 17:52:19,185 - src.extract_pipeline - WARNING - No data extracted from team_standings.json
2025-08-29 17:52:19,186 - src.extract_pipeline - INFO - Checking France/Coupe de France/2021...
2025-08-29 17:52:19,188 - src.extract_pipeline - INFO - Checking France/Coupe de France/2022...
2025-08-29 17:52:19,191 - src.extract_pipeline - INFO - Checking France/Coupe de France/2023...
2025-08-29 17:52:19,193 - src.extract_pipeline - INFO - Checking France/Coupe de France/2024...
2025-08-29 17:52:19,195 - src.extract_pipeline - INFO - Checking France/Ligue 1/2018...
2025-08-29 17:52:19,197 - src.extract_pipeline - INFO - Processing France\Ligue 1\2018/injuries.json...
2025-08-29 17:52:19,334 - src.extract_pipeline - WARNING - No data extracted from injuries.json
2025-08-29 17:52:19,396 - src.extract_pipeline - INFO - Checking France/Ligue 1/2019...
2025-08-29 17:52:19,398 - src.extract_pipeline - INFO - Processing France\Ligue 1\2019/injuries.json...
2025-08-29 17:52:19,489 - src.extract_pipeline - WARNING - No data extracted from injuries.json
2025-08-29 17:52:19,527 - src.extract_pipeline - INFO - Checking France/Ligue 1/2020...
2025-08-29 17:52:19,599 - src.extract_pipeline - INFO - Checking France/Ligue 1/2021...
2025-08-29 17:52:19,676 - src.extract_pipeline - INFO - Checking France/Ligue 1/2022...
2025-08-29 17:52:19,751 - src.extract_pipeline - INFO - Checking France/Ligue 1/2023...
2025-08-29 17:52:19,814 - src.extract_pipeline - INFO - Checking France/Ligue 1/2024...
2025-08-29 17:52:19,879 - src.extract_pipeline - INFO - Checking France/Ligue 1/2025...
2025-08-29 17:52:19,880 - src.extract_pipeline - INFO - Processing France\Ligue 1\2025/fixture_events.json...
2025-08-29 17:52:19,886 - src.extract_pipeline - INFO - Saved fixture_events.csv
2025-08-29 17:52:19,905 - src.extract_pipeline - INFO - Processing France\Ligue 1\2025/odds.json...
2025-08-29 17:52:19,959 - src.extract_pipeline - INFO - Saved odds.csv
2025-08-29 17:52:19,969 - src.extract_pipeline - INFO - Checking France/Ligue 2/2025...
2025-08-29 17:52:19,976 - src.extract_pipeline - INFO - Checking Germany/2. Bundesliga/2025...
2025-08-29 17:52:19,978 - src.extract_pipeline - INFO - Processing Germany\2. Bundesliga\2025/odds.json...
2025-08-29 17:52:19,985 - src.extract_pipeline - WARNING - No data extracted from odds.json
2025-08-29 17:52:19,990 - src.extract_pipeline - INFO - Checking Germany/Bundesliga/2018...
2025-08-29 17:52:19,993 - src.extract_pipeline - INFO - Processing Germany\Bundesliga\2018/injuries.json...
2025-08-29 17:52:20,066 - src.extract_pipeline - WARNING - No data extracted from injuries.json
2025-08-29 17:52:20,111 - src.extract_pipeline - INFO - Checking Germany/Bundesliga/2019...
2025-08-29 17:52:20,112 - src.extract_pipeline - INFO - Processing Germany\Bundesliga\2019/injuries.json...
2025-08-29 17:52:20,175 - src.extract_pipeline - WARNING - No data extracted from injuries.json
2025-08-29 17:52:20,212 - src.extract_pipeline - INFO - Checking Germany/Bundesliga/2020...
2025-08-29 17:52:20,271 - src.extract_pipeline - INFO - Checking Germany/Bundesliga/2021...
2025-08-29 17:52:20,334 - src.extract_pipeline - INFO - Checking Germany/Bundesliga/2022...
2025-08-29 17:52:20,398 - src.extract_pipeline - INFO - Checking Germany/Bundesliga/2023...
2025-08-29 17:52:20,463 - src.extract_pipeline - INFO - Checking Germany/Bundesliga/2024...
2025-08-29 17:52:20,529 - src.extract_pipeline - INFO - Checking Germany/Bundesliga/2025...
2025-08-29 17:52:20,530 - src.extract_pipeline - INFO - Processing Germany\Bundesliga\2025/fixture_events.json...
2025-08-29 17:52:20,536 - src.extract_pipeline - INFO - Saved fixture_events.csv
2025-08-29 17:52:20,552 - src.extract_pipeline - INFO - Processing Germany\Bundesliga\2025/odds.json...
2025-08-29 17:52:20,588 - src.extract_pipeline - INFO - Saved odds.csv
2025-08-29 17:52:20,594 - src.extract_pipeline - INFO - Checking Germany/DFB Pokal/2021...
2025-08-29 17:52:20,596 - src.extract_pipeline - INFO - Checking Germany/DFB Pokal/2022...
2025-08-29 17:52:20,598 - src.extract_pipeline - INFO - Checking Germany/DFB Pokal/2023...
2025-08-29 17:52:20,599 - src.extract_pipeline - INFO - Checking Germany/DFB Pokal/2024...
2025-08-29 17:52:20,603 - src.extract_pipeline - INFO - Checking Greece/Super League/2025...
2025-08-29 17:52:20,617 - src.extract_pipeline - INFO - Processing Greece\Super League\2025/odds.json...
2025-08-29 17:52:20,631 - src.extract_pipeline - INFO - Saved odds.csv
2025-08-29 17:52:20,633 - src.extract_pipeline - INFO - Checking Italy/Coppa Italia/2020...
2025-08-29 17:52:20,636 - src.extract_pipeline - INFO - Processing Italy\Coppa Italia\2020/injuries.json...
2025-08-29 17:52:20,661 - src.extract_pipeline - WARNING - No data extracted from injuries.json
2025-08-29 17:52:20,672 - src.extract_pipeline - INFO - Processing Italy\Coppa Italia\2020/team_standings.json...
2025-08-29 17:52:20,672 - src.extract_pipeline - WARNING - No standings data found in the response.
2025-08-29 17:52:20,673 - src.extract_pipeline - WARNING - No data extracted from team_standings.json
2025-08-29 17:52:20,675 - src.extract_pipeline - INFO - Checking Italy/Coppa Italia/2021...
2025-08-29 17:52:20,676 - src.extract_pipeline - INFO - Processing Italy\Coppa Italia\2021/injuries.json...
2025-08-29 17:52:20,694 - src.extract_pipeline - WARNING - No data extracted from injuries.json
2025-08-29 17:52:20,703 - src.extract_pipeline - INFO - Processing Italy\Coppa Italia\2021/team_standings.json...
2025-08-29 17:52:20,704 - src.extract_pipeline - WARNING - No standings data found in the response.
2025-08-29 17:52:20,705 - src.extract_pipeline - WARNING - No data extracted from team_standings.json
2025-08-29 17:52:20,706 - src.extract_pipeline - INFO - Checking Italy/Coppa Italia/2022...
2025-08-29 17:52:20,708 - src.extract_pipeline - INFO - Processing Italy\Coppa Italia\2022/injuries.json...
2025-08-29 17:52:20,724 - src.extract_pipeline - WARNING - No data extracted from injuries.json
2025-08-29 17:52:20,738 - src.extract_pipeline - INFO - Processing Italy\Coppa Italia\2022/team_standings.json...
2025-08-29 17:52:20,739 - src.extract_pipeline - WARNING - No standings data found in the response.
2025-08-29 17:52:20,739 - src.extract_pipeline - WARNING - No data extracted from team_standings.json
2025-08-29 17:52:20,741 - src.extract_pipeline - INFO - Checking Italy/Coppa Italia/2023...
2025-08-29 17:52:20,743 - src.extract_pipeline - INFO - Processing Italy\Coppa Italia\2023/injuries.json...
2025-08-29 17:52:20,758 - src.extract_pipeline - WARNING - No data extracted from injuries.json
2025-08-29 17:52:20,766 - src.extract_pipeline - INFO - Processing Italy\Coppa Italia\2023/team_standings.json...
2025-08-29 17:52:20,767 - src.extract_pipeline - WARNING - No standings data found in the response.
2025-08-29 17:52:20,767 - src.extract_pipeline - WARNING - No data extracted from team_standings.json
2025-08-29 17:52:20,769 - src.extract_pipeline - INFO - Checking Italy/Coppa Italia/2024...
2025-08-29 17:52:20,770 - src.extract_pipeline - INFO - Processing Italy\Coppa Italia\2024/injuries.json...
2025-08-29 17:52:20,782 - src.extract_pipeline - WARNING - No data extracted from injuries.json
2025-08-29 17:52:20,793 - src.extract_pipeline - INFO - Processing Italy\Coppa Italia\2024/team_standings.json...
2025-08-29 17:52:20,793 - src.extract_pipeline - WARNING - No standings data found in the response.
2025-08-29 17:52:20,794 - src.extract_pipeline - WARNING - No data extracted from team_standings.json
2025-08-29 17:52:20,795 - src.extract_pipeline - INFO - Checking Italy/Serie A/2016...
2025-08-29 17:52:20,797 - src.extract_pipeline - INFO - Processing Italy\Serie A\2016/injuries.json...
2025-08-29 17:52:20,895 - src.extract_pipeline - WARNING - No data extracted from injuries.json
2025-08-29 17:52:20,952 - src.extract_pipeline - INFO - Checking Italy/Serie A/2017...
2025-08-29 17:52:20,955 - src.extract_pipeline - INFO - Processing Italy\Serie A\2017/injuries.json...
2025-08-29 17:52:21,046 - src.extract_pipeline - WARNING - No data extracted from injuries.json
2025-08-29 17:52:21,100 - src.extract_pipeline - INFO - Checking Italy/Serie A/2018...
2025-08-29 17:52:21,103 - src.extract_pipeline - INFO - Processing Italy\Serie A\2018/injuries.json...
2025-08-29 17:52:21,194 - src.extract_pipeline - WARNING - No data extracted from injuries.json
2025-08-29 17:52:21,245 - src.extract_pipeline - INFO - Checking Italy/Serie A/2019...
2025-08-29 17:52:21,247 - src.extract_pipeline - INFO - Processing Italy\Serie A\2019/injuries.json...
2025-08-29 17:52:21,321 - src.extract_pipeline - WARNING - No data extracted from injuries.json
2025-08-29 17:52:21,358 - src.extract_pipeline - INFO - Checking Italy/Serie A/2020...
2025-08-29 17:52:21,442 - src.extract_pipeline - INFO - Checking Italy/Serie A/2021...
2025-08-29 17:52:21,530 - src.extract_pipeline - INFO - Checking Italy/Serie A/2022...
2025-08-29 17:52:21,617 - src.extract_pipeline - INFO - Checking Italy/Serie A/2023...
2025-08-29 17:52:21,707 - src.extract_pipeline - INFO - Checking Italy/Serie A/2024...
2025-08-29 17:52:21,796 - src.extract_pipeline - INFO - Checking Italy/Serie A/2025...
2025-08-29 17:52:21,797 - src.extract_pipeline - INFO - Processing Italy\Serie A\2025/fixture_events.json...
2025-08-29 17:52:21,802 - src.extract_pipeline - INFO - Saved fixture_events.csv
2025-08-29 17:52:21,822 - src.extract_pipeline - INFO - Processing Italy\Serie A\2025/odds.json...
2025-08-29 17:52:21,871 - src.extract_pipeline - INFO - Saved odds.csv
2025-08-29 17:52:21,879 - src.extract_pipeline - INFO - Checking Italy/Serie B/2019...
2025-08-29 17:52:21,881 - src.extract_pipeline - INFO - Processing Italy\Serie B\2019/injuries.json...
2025-08-29 17:52:21,947 - src.extract_pipeline - WARNING - No data extracted from injuries.json
2025-08-29 17:52:21,987 - src.extract_pipeline - INFO - Checking Italy/Serie B/2020...
2025-08-29 17:52:21,989 - src.extract_pipeline - INFO - Processing Italy\Serie B\2020/injuries.json...
2025-08-29 17:52:22,082 - src.extract_pipeline - WARNING - No data extracted from injuries.json
2025-08-29 17:52:22,163 - src.extract_pipeline - INFO - Checking Italy/Serie B/2021...
2025-08-29 17:52:22,166 - src.extract_pipeline - INFO - Processing Italy\Serie B\2021/injuries.json...
2025-08-29 17:52:22,261 - src.extract_pipeline - WARNING - No data extracted from injuries.json
2025-08-29 17:52:22,344 - src.extract_pipeline - INFO - Checking Italy/Serie B/2022...
2025-08-29 17:52:22,346 - src.extract_pipeline - INFO - Processing Italy\Serie B\2022/injuries.json...
2025-08-29 17:52:22,491 - src.extract_pipeline - WARNING - No data extracted from injuries.json
2025-08-29 17:52:22,574 - src.extract_pipeline - INFO - Checking Italy/Serie B/2023...
2025-08-29 17:52:22,576 - src.extract_pipeline - INFO - Processing Italy\Serie B\2023/injuries.json...
2025-08-29 17:52:22,671 - src.extract_pipeline - WARNING - No data extracted from injuries.json
2025-08-29 17:52:22,758 - src.extract_pipeline - INFO - Checking Italy/Serie B/2024...
2025-08-29 17:52:22,760 - src.extract_pipeline - INFO - Processing Italy\Serie B\2024/injuries.json...
2025-08-29 17:52:22,853 - src.extract_pipeline - WARNING - No data extracted from injuries.json
2025-08-29 17:52:22,935 - src.extract_pipeline - INFO - Checking Italy/Serie B/2025...
2025-08-29 17:52:22,937 - src.extract_pipeline - INFO - Checking Spain/La Liga/2020...
2025-08-29 17:52:22,947 - src.extract_pipeline - INFO - Processing Spain\La Liga\2020/odds.json...
2025-08-29 17:52:23,065 - src.extract_pipeline - WARNING - No data extracted from odds.json
2025-08-29 17:52:23,137 - src.extract_pipeline - INFO - Checking Spain/La Liga/2021...
2025-08-29 17:52:23,148 - src.extract_pipeline - INFO - Processing Spain\La Liga\2021/odds.json...
2025-08-29 17:52:23,265 - src.extract_pipeline - WARNING - No data extracted from odds.json
2025-08-29 17:52:23,335 - src.extract_pipeline - INFO - Checking Spain/La Liga/2022...
2025-08-29 17:52:23,346 - src.extract_pipeline - INFO - Processing Spain\La Liga\2022/odds.json...
2025-08-29 17:52:23,461 - src.extract_pipeline - WARNING - No data extracted from odds.json
2025-08-29 17:52:23,531 - src.extract_pipeline - INFO - Checking Spain/La Liga/2023...
2025-08-29 17:52:23,618 - src.extract_pipeline - INFO - Checking Spain/La Liga/2024...
2025-08-29 17:52:23,707 - src.extract_pipeline - INFO - Checking Spain/La Liga/2025...
2025-08-29 17:52:23,707 - src.extract_pipeline - INFO - Processing Spain\La Liga\2025/fixture_events.json...
2025-08-29 17:52:23,713 - src.extract_pipeline - INFO - Saved fixture_events.csv
2025-08-29 17:52:23,735 - src.extract_pipeline - INFO - Processing Spain\La Liga\2025/odds.json...
2025-08-29 17:52:23,796 - src.extract_pipeline - INFO - Saved odds.csv
2025-08-29 17:52:23,806 - src.extract_pipeline - INFO - Checking Spain/Segunda Division/2021...
2025-08-29 17:52:23,809 - src.extract_pipeline - INFO - Processing Spain\Segunda Division\2021/injuries.json...
2025-08-29 17:52:23,920 - src.extract_pipeline - WARNING - No data extracted from injuries.json
2025-08-29 17:52:24,016 - src.extract_pipeline - INFO - Checking Spain/Segunda Division/2022...
2025-08-29 17:52:24,019 - src.extract_pipeline - INFO - Processing Spain\Segunda Division\2022/injuries.json...
2025-08-29 17:52:24,131 - src.extract_pipeline - WARNING - No data extracted from injuries.json
2025-08-29 17:52:24,222 - src.extract_pipeline - INFO - Checking Spain/Segunda Division/2023...
2025-08-29 17:52:24,224 - src.extract_pipeline - INFO - Processing Spain\Segunda Division\2023/injuries.json...
2025-08-29 17:52:24,336 - src.extract_pipeline - WARNING - No data extracted from injuries.json
2025-08-29 17:52:24,431 - src.extract_pipeline - INFO - Checking Spain/Segunda Division/2024...
2025-08-29 17:52:24,525 - src.extract_pipeline - INFO - Checking Spain/Segunda Division/2025...
2025-08-29 17:52:24,545 - src.extract_pipeline - INFO - 
Processing complete. 11 files were updated.
