2025-08-28 17:56:26,343 - src.extract_pipeline - INFO - Logging initialized. Log file: logs/extract\extract_20250828_175626.log
2025-08-28 17:56:26,346 - src.extract_pipeline - INFO - Checking England/Championship/2025...
2025-08-28 17:56:26,456 - src.extract_pipeline - INFO - Checking England/EFL Trophy/2021...
2025-08-28 17:56:26,492 - src.extract_pipeline - INFO - Checking England/EFL Trophy/2022...
2025-08-28 17:56:26,526 - src.extract_pipeline - INFO - Checking England/EFL Trophy/2023...
2025-08-28 17:56:26,557 - src.extract_pipeline - INFO - Checking England/EFL Trophy/2024...
2025-08-28 17:56:26,587 - src.extract_pipeline - INFO - Checking England/FA Cup/2021...
2025-08-28 17:56:26,606 - src.extract_pipeline - INFO - Checking England/FA Trophy/2023...
2025-08-28 17:56:26,632 - src.extract_pipeline - INFO - Processing England\FA Trophy\2023/odds.json...
2025-08-28 17:56:26,650 - src.extract_pipeline - WARNING - No data extracted from odds.json
2025-08-28 17:56:26,663 - src.extract_pipeline - INFO - Processing England\FA Trophy\2023/team_statistics.json...
2025-08-28 17:56:26,713 - src.extract_pipeline - WARNING - No data extracted from team_statistics.json
2025-08-28 17:56:26,714 - src.extract_pipeline - INFO - Checking England/FA Trophy/2024...
2025-08-28 17:56:26,716 - src.extract_pipeline - INFO - Checking England/Premier League/2018...
2025-08-28 17:56:26,743 - src.extract_pipeline - INFO - Processing England\Premier League\2018/injuries.json...
2025-08-28 17:56:26,840 - src.extract_pipeline - WARNING - No data extracted from injuries.json
2025-08-28 17:56:26,962 - src.extract_pipeline - INFO - Checking England/Premier League/2019...
2025-08-28 17:56:26,992 - src.extract_pipeline - INFO - Processing England\Premier League\2019/injuries.json...
2025-08-28 17:56:27,067 - src.extract_pipeline - WARNING - No data extracted from injuries.json
2025-08-28 17:56:27,165 - src.extract_pipeline - INFO - Checking England/Premier League/2020...
2025-08-28 17:56:27,335 - src.extract_pipeline - INFO - Checking England/Premier League/2021...
2025-08-28 17:56:27,510 - src.extract_pipeline - INFO - Checking England/Premier League/2022...
2025-08-28 17:56:27,692 - src.extract_pipeline - INFO - Checking England/Premier League/2023...
2025-08-28 17:56:27,878 - src.extract_pipeline - INFO - Checking England/Premier League/2024...
2025-08-28 17:56:28,065 - src.extract_pipeline - INFO - Checking England/Premier League/2025...
2025-08-28 17:56:28,078 - src.extract_pipeline - INFO - Processing England\Premier League\2025/fixture_events.json...
2025-08-28 17:56:28,090 - src.extract_pipeline - INFO - Saved fixture_events.csv
2025-08-28 17:56:28,106 - src.extract_pipeline - INFO - Processing England\Premier League\2025/injuries.json...
2025-08-28 17:56:28,129 - src.extract_pipeline - INFO - Saved injuries.csv
2025-08-28 17:56:28,142 - src.extract_pipeline - INFO - Processing England\Premier League\2025/lineups.json...
2025-08-28 17:56:28,175 - src.extract_pipeline - INFO - Saved lineups.csv
2025-08-28 17:56:28,197 - src.extract_pipeline - INFO - Processing England\Premier League\2025/odds.json...
2025-08-28 17:56:28,249 - src.extract_pipeline - INFO - Saved odds.csv
2025-08-28 17:56:28,264 - src.extract_pipeline - INFO - Processing England\Premier League\2025/player_statistics.json...
2025-08-28 17:56:28,344 - src.extract_pipeline - INFO - Saved player_statistics.csv
2025-08-28 17:56:28,356 - src.extract_pipeline - INFO - Processing England\Premier League\2025/team_statistics.json...
2025-08-28 17:56:28,380 - src.extract_pipeline - INFO - Saved team_statistics.csv
2025-08-28 17:56:28,382 - src.extract_pipeline - INFO - Checking Europe/Champions League/2018...
2025-08-28 17:56:28,407 - src.extract_pipeline - INFO - Processing Europe\Champions League\2018/injuries.json...
2025-08-28 17:56:28,449 - src.extract_pipeline - WARNING - No data extracted from injuries.json
2025-08-28 17:56:28,519 - src.extract_pipeline - INFO - Checking Europe/Champions League/2019...
2025-08-28 17:56:28,543 - src.extract_pipeline - INFO - Processing Europe\Champions League\2019/injuries.json...
2025-08-28 17:56:28,578 - src.extract_pipeline - WARNING - No data extracted from injuries.json
2025-08-28 17:56:28,644 - src.extract_pipeline - INFO - Checking Europe/Champions League/2020...
2025-08-28 17:56:28,758 - src.extract_pipeline - INFO - Checking Europe/Champions League/2021...
2025-08-28 17:56:28,899 - src.extract_pipeline - INFO - Checking Europe/Champions League/2022...
2025-08-28 17:56:29,014 - src.extract_pipeline - INFO - Checking Europe/Champions League/2023...
2025-08-28 17:56:29,135 - src.extract_pipeline - INFO - Checking Europe/Champions League/2024...
2025-08-28 17:56:29,269 - src.extract_pipeline - INFO - Checking Europe/Champions League/2025...
2025-08-28 17:56:29,282 - src.extract_pipeline - INFO - Processing Europe\Champions League\2025/fixture_events.json...
2025-08-28 17:56:29,288 - src.extract_pipeline - INFO - Saved fixture_events.csv
2025-08-28 17:56:29,303 - src.extract_pipeline - INFO - Processing Europe\Champions League\2025/injuries.json...
2025-08-28 17:56:29,327 - src.extract_pipeline - INFO - Saved injuries.csv
2025-08-28 17:56:29,340 - src.extract_pipeline - INFO - Processing Europe\Champions League\2025/lineups.json...
2025-08-28 17:56:29,391 - src.extract_pipeline - INFO - Saved lineups.csv
2025-08-28 17:56:29,405 - src.extract_pipeline - INFO - Processing Europe\Champions League\2025/odds.json...
2025-08-28 17:56:29,481 - src.extract_pipeline - INFO - Saved odds.csv
2025-08-28 17:56:29,499 - src.extract_pipeline - INFO - Processing Europe\Champions League\2025/player_statistics.json...
2025-08-28 17:56:29,596 - src.extract_pipeline - INFO - Saved player_statistics.csv
2025-08-28 17:56:29,605 - src.extract_pipeline - INFO - Processing Europe\Champions League\2025/team_standings.json...
2025-08-28 17:56:29,607 - src.extract_pipeline - WARNING - No standings data found in the response.
2025-08-28 17:56:29,608 - src.extract_pipeline - WARNING - No data extracted from team_standings.json
2025-08-28 17:56:29,621 - src.extract_pipeline - INFO - Processing Europe\Champions League\2025/team_statistics.json...
2025-08-28 17:56:29,647 - src.extract_pipeline - INFO - Saved team_statistics.csv
2025-08-28 17:56:29,649 - src.extract_pipeline - INFO - Checking Europe/Conference League/2021...
2025-08-28 17:56:29,672 - src.extract_pipeline - INFO - Processing Europe\Conference League\2021/injuries.json...
2025-08-28 17:56:29,775 - src.extract_pipeline - WARNING - No data extracted from injuries.json
2025-08-28 17:56:29,863 - src.extract_pipeline - INFO - Checking Europe/Conference League/2022...
2025-08-28 17:56:29,886 - src.extract_pipeline - INFO - Processing Europe\Conference League\2022/injuries.json...
2025-08-28 17:56:29,984 - src.extract_pipeline - WARNING - No data extracted from injuries.json
2025-08-28 17:56:30,093 - src.extract_pipeline - INFO - Checking Europe/Conference League/2023...
2025-08-28 17:56:30,118 - src.extract_pipeline - INFO - Processing Europe\Conference League\2023/injuries.json...
2025-08-28 17:56:30,220 - src.extract_pipeline - WARNING - No data extracted from injuries.json
2025-08-28 17:56:30,334 - src.extract_pipeline - INFO - Checking Europe/Conference League/2024...
2025-08-28 17:56:30,349 - src.extract_pipeline - INFO - Checking Europe/Conference League/2025...
2025-08-28 17:56:30,363 - src.extract_pipeline - INFO - Processing Europe\Conference League\2025/fixture_events.json...
2025-08-28 17:56:30,373 - src.extract_pipeline - INFO - Saved fixture_events.csv
2025-08-28 17:56:30,384 - src.extract_pipeline - INFO - Processing Europe\Conference League\2025/injuries.json...
2025-08-28 17:56:30,405 - src.extract_pipeline - WARNING - No data extracted from injuries.json
2025-08-28 17:56:30,418 - src.extract_pipeline - INFO - Processing Europe\Conference League\2025/lineups.json...
2025-08-28 17:56:30,553 - src.extract_pipeline - INFO - Saved lineups.csv
2025-08-28 17:56:30,569 - src.extract_pipeline - INFO - Processing Europe\Conference League\2025/odds.json...
2025-08-28 17:56:30,627 - src.extract_pipeline - INFO - Saved odds.csv
2025-08-28 17:56:30,649 - src.extract_pipeline - INFO - Processing Europe\Conference League\2025/player_statistics.json...
2025-08-28 17:56:30,813 - src.extract_pipeline - INFO - Saved player_statistics.csv
2025-08-28 17:56:30,821 - src.extract_pipeline - INFO - Processing Europe\Conference League\2025/team_standings.json...
2025-08-28 17:56:30,824 - src.extract_pipeline - WARNING - No standings data found in the response.
2025-08-28 17:56:30,825 - src.extract_pipeline - WARNING - No data extracted from team_standings.json
2025-08-28 17:56:30,838 - src.extract_pipeline - INFO - Processing Europe\Conference League\2025/team_statistics.json...
2025-08-28 17:56:30,890 - src.extract_pipeline - INFO - Saved team_statistics.csv
2025-08-28 17:56:30,891 - src.extract_pipeline - INFO - Checking Europe/Europa League/2018...
2025-08-28 17:56:30,919 - src.extract_pipeline - INFO - Processing Europe\Europa League\2018/injuries.json...
2025-08-28 17:56:31,058 - src.extract_pipeline - WARNING - No data extracted from injuries.json
2025-08-28 17:56:31,142 - src.extract_pipeline - INFO - Checking Europe/Europa League/2019...
2025-08-28 17:56:31,165 - src.extract_pipeline - INFO - Processing Europe\Europa League\2019/injuries.json...
2025-08-28 17:56:31,245 - src.extract_pipeline - WARNING - No data extracted from injuries.json
2025-08-28 17:56:31,323 - src.extract_pipeline - INFO - Checking Europe/Europa League/2020...
2025-08-28 17:56:31,451 - src.extract_pipeline - INFO - Checking Europe/Europa League/2021...
2025-08-28 17:56:31,564 - src.extract_pipeline - INFO - Checking Europe/Europa League/2022...
2025-08-28 17:56:31,673 - src.extract_pipeline - INFO - Checking Europe/Europa League/2023...
2025-08-28 17:56:31,786 - src.extract_pipeline - INFO - Checking Europe/Europa League/2024...
2025-08-28 17:56:31,924 - src.extract_pipeline - INFO - Checking Europe/Europa League/2025...
2025-08-28 17:56:31,938 - src.extract_pipeline - INFO - Processing Europe\Europa League\2025/fixture_events.json...
2025-08-28 17:56:31,944 - src.extract_pipeline - INFO - Saved fixture_events.csv
2025-08-28 17:56:31,955 - src.extract_pipeline - INFO - Processing Europe\Europa League\2025/injuries.json...
2025-08-28 17:56:31,967 - src.extract_pipeline - INFO - Saved injuries.csv
2025-08-28 17:56:31,980 - src.extract_pipeline - INFO - Processing Europe\Europa League\2025/lineups.json...
2025-08-28 17:56:32,041 - src.extract_pipeline - INFO - Saved lineups.csv
2025-08-28 17:56:32,054 - src.extract_pipeline - INFO - Processing Europe\Europa League\2025/odds.json...
2025-08-28 17:56:32,083 - src.extract_pipeline - INFO - Saved odds.csv
2025-08-28 17:56:32,093 - src.extract_pipeline - INFO - Processing Europe\Europa League\2025/player_statistics.json...
2025-08-28 17:56:32,101 - src.extract_pipeline - WARNING - No data extracted from player_statistics.json
2025-08-28 17:56:32,111 - src.extract_pipeline - INFO - Processing Europe\Europa League\2025/team_standings.json...
2025-08-28 17:56:32,112 - src.extract_pipeline - WARNING - No standings data found in the response.
2025-08-28 17:56:32,112 - src.extract_pipeline - WARNING - No data extracted from team_standings.json
2025-08-28 17:56:32,124 - src.extract_pipeline - INFO - Processing Europe\Europa League\2025/team_statistics.json...
2025-08-28 17:56:32,174 - src.extract_pipeline - INFO - Saved team_statistics.csv
2025-08-28 17:56:32,176 - src.extract_pipeline - INFO - Checking France/Coupe de France/2021...
2025-08-28 17:56:32,206 - src.extract_pipeline - INFO - Checking France/Coupe de France/2022...
2025-08-28 17:56:32,234 - src.extract_pipeline - INFO - Checking France/Coupe de France/2023...
2025-08-28 17:56:32,264 - src.extract_pipeline - INFO - Checking France/Coupe de France/2024...
2025-08-28 17:56:32,294 - src.extract_pipeline - INFO - Checking France/Ligue 1/2018...
2025-08-28 17:56:32,321 - src.extract_pipeline - INFO - Processing France\Ligue 1\2018/injuries.json...
2025-08-28 17:56:32,418 - src.extract_pipeline - WARNING - No data extracted from injuries.json
2025-08-28 17:56:32,544 - src.extract_pipeline - INFO - Checking France/Ligue 1/2019...
2025-08-28 17:56:32,568 - src.extract_pipeline - INFO - Processing France\Ligue 1\2019/injuries.json...
2025-08-28 17:56:32,665 - src.extract_pipeline - WARNING - No data extracted from injuries.json
2025-08-28 17:56:32,893 - src.extract_pipeline - INFO - Checking France/Ligue 1/2020...
2025-08-28 17:56:33,102 - src.extract_pipeline - INFO - Checking France/Ligue 1/2021...
2025-08-28 17:56:33,286 - src.extract_pipeline - INFO - Checking France/Ligue 1/2022...
2025-08-28 17:56:33,468 - src.extract_pipeline - INFO - Checking France/Ligue 1/2023...
2025-08-28 17:56:33,633 - src.extract_pipeline - INFO - Checking France/Ligue 1/2024...
2025-08-28 17:56:33,802 - src.extract_pipeline - INFO - Checking France/Ligue 1/2025...
2025-08-28 17:56:33,817 - src.extract_pipeline - INFO - Processing France\Ligue 1\2025/fixture_events.json...
2025-08-28 17:56:33,823 - src.extract_pipeline - INFO - Saved fixture_events.csv
2025-08-28 17:56:33,839 - src.extract_pipeline - INFO - Processing France\Ligue 1\2025/injuries.json...
2025-08-28 17:56:33,858 - src.extract_pipeline - INFO - Saved injuries.csv
2025-08-28 17:56:33,870 - src.extract_pipeline - INFO - Processing France\Ligue 1\2025/lineups.json...
2025-08-28 17:56:33,901 - src.extract_pipeline - INFO - Saved lineups.csv
2025-08-28 17:56:33,922 - src.extract_pipeline - INFO - Processing France\Ligue 1\2025/odds.json...
2025-08-28 17:56:33,969 - src.extract_pipeline - INFO - Saved odds.csv
2025-08-28 17:56:33,984 - src.extract_pipeline - INFO - Processing France\Ligue 1\2025/player_statistics.json...
2025-08-28 17:56:34,062 - src.extract_pipeline - INFO - Saved player_statistics.csv
2025-08-28 17:56:34,075 - src.extract_pipeline - INFO - Processing France\Ligue 1\2025/team_statistics.json...
2025-08-28 17:56:34,097 - src.extract_pipeline - INFO - Saved team_statistics.csv
2025-08-28 17:56:34,099 - src.extract_pipeline - INFO - Checking France/Ligue 2/2025...
2025-08-28 17:56:34,189 - src.extract_pipeline - INFO - Checking Germany/2. Bundesliga/2025...
2025-08-28 17:56:34,236 - src.extract_pipeline - INFO - Processing Germany\2. Bundesliga\2025/odds.json...
2025-08-28 17:56:34,243 - src.extract_pipeline - WARNING - No data extracted from odds.json
2025-08-28 17:56:34,285 - src.extract_pipeline - INFO - Checking Germany/Bundesliga/2018...
2025-08-28 17:56:34,311 - src.extract_pipeline - INFO - Processing Germany\Bundesliga\2018/injuries.json...
2025-08-28 17:56:34,386 - src.extract_pipeline - WARNING - No data extracted from injuries.json
2025-08-28 17:56:34,488 - src.extract_pipeline - INFO - Checking Germany/Bundesliga/2019...
2025-08-28 17:56:34,512 - src.extract_pipeline - INFO - Processing Germany\Bundesliga\2019/injuries.json...
2025-08-28 17:56:34,580 - src.extract_pipeline - WARNING - No data extracted from injuries.json
2025-08-28 17:56:34,674 - src.extract_pipeline - INFO - Checking Germany/Bundesliga/2020...
2025-08-28 17:56:34,827 - src.extract_pipeline - INFO - Checking Germany/Bundesliga/2021...
2025-08-28 17:56:34,987 - src.extract_pipeline - INFO - Checking Germany/Bundesliga/2022...
2025-08-28 17:56:35,148 - src.extract_pipeline - INFO - Checking Germany/Bundesliga/2023...
2025-08-28 17:56:35,310 - src.extract_pipeline - INFO - Checking Germany/Bundesliga/2024...
2025-08-28 17:56:35,481 - src.extract_pipeline - INFO - Checking Germany/Bundesliga/2025...
2025-08-28 17:56:35,495 - src.extract_pipeline - INFO - Processing Germany\Bundesliga\2025/fixture_events.json...
2025-08-28 17:56:35,501 - src.extract_pipeline - INFO - Saved fixture_events.csv
2025-08-28 17:56:35,517 - src.extract_pipeline - INFO - Processing Germany\Bundesliga\2025/injuries.json...
2025-08-28 17:56:35,528 - src.extract_pipeline - INFO - Saved injuries.csv
2025-08-28 17:56:35,539 - src.extract_pipeline - INFO - Processing Germany\Bundesliga\2025/lineups.json...
2025-08-28 17:56:35,556 - src.extract_pipeline - INFO - Saved lineups.csv
2025-08-28 17:56:35,571 - src.extract_pipeline - INFO - Processing Germany\Bundesliga\2025/odds.json...
2025-08-28 17:56:35,597 - src.extract_pipeline - INFO - Saved odds.csv
2025-08-28 17:56:35,609 - src.extract_pipeline - INFO - Processing Germany\Bundesliga\2025/player_statistics.json...
2025-08-28 17:56:35,646 - src.extract_pipeline - INFO - Saved player_statistics.csv
2025-08-28 17:56:35,657 - src.extract_pipeline - INFO - Processing Germany\Bundesliga\2025/team_standings.json...
2025-08-28 17:56:35,662 - src.extract_pipeline - INFO - Saved team_standings.csv
2025-08-28 17:56:35,675 - src.extract_pipeline - INFO - Processing Germany\Bundesliga\2025/team_statistics.json...
2025-08-28 17:56:35,686 - src.extract_pipeline - INFO - Saved team_statistics.csv
2025-08-28 17:56:35,687 - src.extract_pipeline - INFO - Checking Germany/DFB Pokal/2021...
2025-08-28 17:56:35,713 - src.extract_pipeline - INFO - Checking Germany/DFB Pokal/2022...
2025-08-28 17:56:35,740 - src.extract_pipeline - INFO - Checking Germany/DFB Pokal/2023...
2025-08-28 17:56:35,768 - src.extract_pipeline - INFO - Checking Germany/DFB Pokal/2024...
2025-08-28 17:56:35,794 - src.extract_pipeline - INFO - Checking Italy/Coppa Italia/2020...
2025-08-28 17:56:35,808 - src.extract_pipeline - INFO - Processing Italy\Coppa Italia\2020/fixture_events.json...
2025-08-28 17:56:35,818 - src.extract_pipeline - INFO - Saved fixture_events.csv
2025-08-28 17:56:35,828 - src.extract_pipeline - INFO - Processing Italy\Coppa Italia\2020/injuries.json...
2025-08-28 17:56:35,848 - src.extract_pipeline - WARNING - No data extracted from injuries.json
2025-08-28 17:56:35,860 - src.extract_pipeline - INFO - Processing Italy\Coppa Italia\2020/lineups.json...
2025-08-28 17:56:35,920 - src.extract_pipeline - WARNING - Empty response data
2025-08-28 17:56:36,029 - src.extract_pipeline - INFO - Saved lineups.csv
2025-08-28 17:56:36,041 - src.extract_pipeline - INFO - Processing Italy\Coppa Italia\2020/player_statistics.json...
2025-08-28 17:56:36,118 - src.extract_pipeline - INFO - Saved player_statistics.csv
2025-08-28 17:56:36,126 - src.extract_pipeline - INFO - Processing Italy\Coppa Italia\2020/team_standings.json...
2025-08-28 17:56:36,127 - src.extract_pipeline - WARNING - No standings data found in the response.
2025-08-28 17:56:36,128 - src.extract_pipeline - WARNING - No data extracted from team_standings.json
2025-08-28 17:56:36,139 - src.extract_pipeline - INFO - Processing Italy\Coppa Italia\2020/team_statistics.json...
2025-08-28 17:56:36,178 - src.extract_pipeline - INFO - Saved team_statistics.csv
2025-08-28 17:56:36,179 - src.extract_pipeline - INFO - Checking Italy/Coppa Italia/2021...
2025-08-28 17:56:36,194 - src.extract_pipeline - INFO - Processing Italy\Coppa Italia\2021/fixture_events.json...
2025-08-28 17:56:36,202 - src.extract_pipeline - INFO - Saved fixture_events.csv
2025-08-28 17:56:36,212 - src.extract_pipeline - INFO - Processing Italy\Coppa Italia\2021/injuries.json...
2025-08-28 17:56:36,224 - src.extract_pipeline - WARNING - No data extracted from injuries.json
2025-08-28 17:56:36,236 - src.extract_pipeline - INFO - Processing Italy\Coppa Italia\2021/lineups.json...
2025-08-28 17:56:36,310 - src.extract_pipeline - INFO - Saved lineups.csv
2025-08-28 17:56:36,327 - src.extract_pipeline - INFO - Processing Italy\Coppa Italia\2021/player_statistics.json...
2025-08-28 17:56:36,488 - src.extract_pipeline - INFO - Saved player_statistics.csv
2025-08-28 17:56:36,498 - src.extract_pipeline - INFO - Processing Italy\Coppa Italia\2021/team_standings.json...
2025-08-28 17:56:36,501 - src.extract_pipeline - WARNING - No standings data found in the response.
2025-08-28 17:56:36,502 - src.extract_pipeline - WARNING - No data extracted from team_standings.json
2025-08-28 17:56:36,516 - src.extract_pipeline - INFO - Processing Italy\Coppa Italia\2021/team_statistics.json...
2025-08-28 17:56:36,553 - src.extract_pipeline - INFO - Saved team_statistics.csv
2025-08-28 17:56:36,554 - src.extract_pipeline - INFO - Checking Italy/Coppa Italia/2022...
2025-08-28 17:56:36,569 - src.extract_pipeline - INFO - Processing Italy\Coppa Italia\2022/fixture_events.json...
2025-08-28 17:56:36,576 - src.extract_pipeline - INFO - Saved fixture_events.csv
2025-08-28 17:56:36,586 - src.extract_pipeline - INFO - Processing Italy\Coppa Italia\2022/injuries.json...
2025-08-28 17:56:36,597 - src.extract_pipeline - WARNING - No data extracted from injuries.json
2025-08-28 17:56:36,609 - src.extract_pipeline - INFO - Processing Italy\Coppa Italia\2022/lineups.json...
2025-08-28 17:56:36,677 - src.extract_pipeline - INFO - Saved lineups.csv
2025-08-28 17:56:36,694 - src.extract_pipeline - INFO - Processing Italy\Coppa Italia\2022/player_statistics.json...
2025-08-28 17:56:36,858 - src.extract_pipeline - INFO - Saved player_statistics.csv
2025-08-28 17:56:36,867 - src.extract_pipeline - INFO - Processing Italy\Coppa Italia\2022/team_standings.json...
2025-08-28 17:56:36,872 - src.extract_pipeline - WARNING - No standings data found in the response.
2025-08-28 17:56:36,873 - src.extract_pipeline - WARNING - No data extracted from team_standings.json
2025-08-28 17:56:36,885 - src.extract_pipeline - INFO - Processing Italy\Coppa Italia\2022/team_statistics.json...
2025-08-28 17:56:37,004 - src.extract_pipeline - INFO - Saved team_statistics.csv
2025-08-28 17:56:37,006 - src.extract_pipeline - INFO - Checking Italy/Coppa Italia/2023...
2025-08-28 17:56:37,029 - src.extract_pipeline - INFO - Processing Italy\Coppa Italia\2023/fixture_events.json...
2025-08-28 17:56:37,040 - src.extract_pipeline - INFO - Saved fixture_events.csv
2025-08-28 17:56:37,054 - src.extract_pipeline - INFO - Processing Italy\Coppa Italia\2023/injuries.json...
2025-08-28 17:56:37,067 - src.extract_pipeline - WARNING - No data extracted from injuries.json
2025-08-28 17:56:37,089 - src.extract_pipeline - INFO - Processing Italy\Coppa Italia\2023/lineups.json...
2025-08-28 17:56:37,179 - src.extract_pipeline - INFO - Saved lineups.csv
2025-08-28 17:56:37,195 - src.extract_pipeline - INFO - Processing Italy\Coppa Italia\2023/player_statistics.json...
2025-08-28 17:56:37,344 - src.extract_pipeline - INFO - Saved player_statistics.csv
2025-08-28 17:56:37,352 - src.extract_pipeline - INFO - Processing Italy\Coppa Italia\2023/team_standings.json...
2025-08-28 17:56:37,355 - src.extract_pipeline - WARNING - No standings data found in the response.
2025-08-28 17:56:37,356 - src.extract_pipeline - WARNING - No data extracted from team_standings.json
2025-08-28 17:56:37,369 - src.extract_pipeline - INFO - Processing Italy\Coppa Italia\2023/team_statistics.json...
2025-08-28 17:56:37,407 - src.extract_pipeline - INFO - Saved team_statistics.csv
2025-08-28 17:56:37,407 - src.extract_pipeline - INFO - Checking Italy/Coppa Italia/2024...
2025-08-28 17:56:37,421 - src.extract_pipeline - INFO - Processing Italy\Coppa Italia\2024/fixture_events.json...
2025-08-28 17:56:37,429 - src.extract_pipeline - INFO - Saved fixture_events.csv
2025-08-28 17:56:37,438 - src.extract_pipeline - INFO - Processing Italy\Coppa Italia\2024/injuries.json...
2025-08-28 17:56:37,450 - src.extract_pipeline - WARNING - No data extracted from injuries.json
2025-08-28 17:56:37,461 - src.extract_pipeline - INFO - Processing Italy\Coppa Italia\2024/lineups.json...
2025-08-28 17:56:37,535 - src.extract_pipeline - INFO - Saved lineups.csv
2025-08-28 17:56:37,554 - src.extract_pipeline - INFO - Processing Italy\Coppa Italia\2024/player_statistics.json...
2025-08-28 17:56:37,772 - src.extract_pipeline - INFO - Saved player_statistics.csv
2025-08-28 17:56:37,781 - src.extract_pipeline - INFO - Processing Italy\Coppa Italia\2024/team_standings.json...
2025-08-28 17:56:37,783 - src.extract_pipeline - WARNING - No standings data found in the response.
2025-08-28 17:56:37,784 - src.extract_pipeline - WARNING - No data extracted from team_standings.json
2025-08-28 17:56:37,798 - src.extract_pipeline - INFO - Processing Italy\Coppa Italia\2024/team_statistics.json...
2025-08-28 17:56:37,842 - src.extract_pipeline - INFO - Saved team_statistics.csv
2025-08-28 17:56:37,843 - src.extract_pipeline - INFO - Checking Italy/Serie A/2018...
2025-08-28 17:56:37,872 - src.extract_pipeline - INFO - Processing Italy\Serie A\2018/injuries.json...
2025-08-28 17:56:37,965 - src.extract_pipeline - WARNING - No data extracted from injuries.json
2025-08-28 17:56:38,088 - src.extract_pipeline - INFO - Checking Italy/Serie A/2019...
2025-08-28 17:56:38,112 - src.extract_pipeline - INFO - Processing Italy\Serie A\2019/injuries.json...
2025-08-28 17:56:38,176 - src.extract_pipeline - WARNING - No data extracted from injuries.json
2025-08-28 17:56:38,268 - src.extract_pipeline - INFO - Checking Italy/Serie A/2020...
2025-08-28 17:56:38,455 - src.extract_pipeline - INFO - Checking Italy/Serie A/2021...
2025-08-28 17:56:38,639 - src.extract_pipeline - INFO - Checking Italy/Serie A/2022...
2025-08-28 17:56:38,835 - src.extract_pipeline - INFO - Checking Italy/Serie A/2023...
2025-08-28 17:56:39,027 - src.extract_pipeline - INFO - Checking Italy/Serie A/2024...
2025-08-28 17:56:39,220 - src.extract_pipeline - INFO - Checking Italy/Serie A/2025...
2025-08-28 17:56:39,237 - src.extract_pipeline - INFO - Processing Italy\Serie A\2025/fixture_events.json...
2025-08-28 17:56:39,244 - src.extract_pipeline - INFO - Saved fixture_events.csv
2025-08-28 17:56:39,261 - src.extract_pipeline - INFO - Processing Italy\Serie A\2025/injuries.json...
2025-08-28 17:56:39,272 - src.extract_pipeline - INFO - Saved injuries.csv
2025-08-28 17:56:39,283 - src.extract_pipeline - INFO - Processing Italy\Serie A\2025/lineups.json...
2025-08-28 17:56:39,304 - src.extract_pipeline - INFO - Saved lineups.csv
2025-08-28 17:56:39,321 - src.extract_pipeline - INFO - Processing Italy\Serie A\2025/odds.json...
2025-08-28 17:56:39,348 - src.extract_pipeline - INFO - Saved odds.csv
2025-08-28 17:56:39,362 - src.extract_pipeline - INFO - Processing Italy\Serie A\2025/player_statistics.json...
2025-08-28 17:56:39,415 - src.extract_pipeline - INFO - Saved player_statistics.csv
2025-08-28 17:56:39,428 - src.extract_pipeline - INFO - Processing Italy\Serie A\2025/team_standings.json...
2025-08-28 17:56:39,433 - src.extract_pipeline - INFO - Saved team_standings.csv
2025-08-28 17:56:39,446 - src.extract_pipeline - INFO - Processing Italy\Serie A\2025/team_statistics.json...
2025-08-28 17:56:39,459 - src.extract_pipeline - INFO - Saved team_statistics.csv
2025-08-28 17:56:39,460 - src.extract_pipeline - INFO - Checking Italy/Serie B/2021...
2025-08-28 17:56:39,476 - src.extract_pipeline - INFO - Processing Italy\Serie B\2021/fixture_events.json...
2025-08-28 17:56:39,505 - src.extract_pipeline - INFO - Saved fixture_events.csv
2025-08-28 17:56:39,514 - src.extract_pipeline - INFO - Processing Italy\Serie B\2021/injuries.json...
2025-08-28 17:56:39,613 - src.extract_pipeline - WARNING - No data extracted from injuries.json
2025-08-28 17:56:39,632 - src.extract_pipeline - INFO - Processing Italy\Serie B\2021/lineups.json...
2025-08-28 17:56:40,325 - src.extract_pipeline - INFO - Saved lineups.csv
2025-08-28 17:56:40,402 - src.extract_pipeline - INFO - Processing Italy\Serie B\2021/player_statistics.json...
2025-08-28 17:56:42,304 - src.extract_pipeline - INFO - Saved player_statistics.csv
2025-08-28 17:56:42,317 - src.extract_pipeline - INFO - Processing Italy\Serie B\2021/team_standings.json...
2025-08-28 17:56:42,357 - src.extract_pipeline - INFO - Saved team_standings.csv
2025-08-28 17:56:42,373 - src.extract_pipeline - INFO - Processing Italy\Serie B\2021/team_statistics.json...
2025-08-28 17:56:42,737 - src.extract_pipeline - INFO - Saved team_statistics.csv
2025-08-28 17:56:42,740 - src.extract_pipeline - INFO - Checking Italy/Serie B/2022...
2025-08-28 17:56:42,754 - src.extract_pipeline - INFO - Processing Italy\Serie B\2022/fixture_events.json...
2025-08-28 17:56:42,779 - src.extract_pipeline - INFO - Saved fixture_events.csv
2025-08-28 17:56:42,789 - src.extract_pipeline - INFO - Processing Italy\Serie B\2022/injuries.json...
2025-08-28 17:56:42,890 - src.extract_pipeline - WARNING - No data extracted from injuries.json
2025-08-28 17:56:42,909 - src.extract_pipeline - INFO - Processing Italy\Serie B\2022/lineups.json...
2025-08-28 17:56:43,613 - src.extract_pipeline - INFO - Saved lineups.csv
2025-08-28 17:56:43,685 - src.extract_pipeline - INFO - Processing Italy\Serie B\2022/player_statistics.json...
2025-08-28 17:56:45,442 - src.extract_pipeline - INFO - Saved player_statistics.csv
2025-08-28 17:56:45,453 - src.extract_pipeline - INFO - Processing Italy\Serie B\2022/team_standings.json...
2025-08-28 17:56:45,493 - src.extract_pipeline - INFO - Saved team_standings.csv
2025-08-28 17:56:45,509 - src.extract_pipeline - INFO - Processing Italy\Serie B\2022/team_statistics.json...
2025-08-28 17:56:45,883 - src.extract_pipeline - INFO - Saved team_statistics.csv
2025-08-28 17:56:45,886 - src.extract_pipeline - INFO - Checking Italy/Serie B/2023...
2025-08-28 17:56:45,902 - src.extract_pipeline - INFO - Processing Italy\Serie B\2023/fixture_events.json...
2025-08-28 17:56:45,928 - src.extract_pipeline - INFO - Saved fixture_events.csv
2025-08-28 17:56:45,940 - src.extract_pipeline - INFO - Processing Italy\Serie B\2023/injuries.json...
2025-08-28 17:56:46,036 - src.extract_pipeline - WARNING - No data extracted from injuries.json
2025-08-28 17:56:46,055 - src.extract_pipeline - INFO - Processing Italy\Serie B\2023/lineups.json...
2025-08-28 17:56:46,743 - src.extract_pipeline - INFO - Saved lineups.csv
2025-08-28 17:56:46,818 - src.extract_pipeline - INFO - Processing Italy\Serie B\2023/player_statistics.json...
2025-08-28 17:56:48,603 - src.extract_pipeline - INFO - Saved player_statistics.csv
2025-08-28 17:56:48,615 - src.extract_pipeline - INFO - Processing Italy\Serie B\2023/team_standings.json...
2025-08-28 17:56:48,651 - src.extract_pipeline - INFO - Saved team_standings.csv
2025-08-28 17:56:48,665 - src.extract_pipeline - INFO - Processing Italy\Serie B\2023/team_statistics.json...
2025-08-28 17:56:49,102 - src.extract_pipeline - INFO - Saved team_statistics.csv
2025-08-28 17:56:49,105 - src.extract_pipeline - INFO - Checking Italy/Serie B/2024...
2025-08-28 17:56:49,197 - src.extract_pipeline - INFO - Processing Italy\Serie B\2024/fixture_events.json...
2025-08-28 17:56:49,222 - src.extract_pipeline - INFO - Saved fixture_events.csv
2025-08-28 17:56:49,234 - src.extract_pipeline - INFO - Processing Italy\Serie B\2024/injuries.json...
2025-08-28 17:56:49,330 - src.extract_pipeline - WARNING - No data extracted from injuries.json
2025-08-28 17:56:49,349 - src.extract_pipeline - INFO - Processing Italy\Serie B\2024/lineups.json...
2025-08-28 17:56:50,019 - src.extract_pipeline - INFO - Saved lineups.csv
2025-08-28 17:56:50,093 - src.extract_pipeline - INFO - Processing Italy\Serie B\2024/player_statistics.json...
2025-08-28 17:56:51,803 - src.extract_pipeline - INFO - Saved player_statistics.csv
2025-08-28 17:56:51,815 - src.extract_pipeline - INFO - Processing Italy\Serie B\2024/team_standings.json...
2025-08-28 17:56:51,850 - src.extract_pipeline - INFO - Saved team_standings.csv
2025-08-28 17:56:51,866 - src.extract_pipeline - INFO - Processing Italy\Serie B\2024/team_statistics.json...
2025-08-28 17:56:52,294 - src.extract_pipeline - INFO - Saved team_statistics.csv
2025-08-28 17:56:52,297 - src.extract_pipeline - INFO - Checking Italy/Serie B/2025...
2025-08-28 17:56:52,300 - src.extract_pipeline - INFO - Checking Spain/La Liga/2020...
2025-08-28 17:56:52,349 - src.extract_pipeline - INFO - Processing Spain\La Liga\2020/odds.json...
2025-08-28 17:56:52,473 - src.extract_pipeline - WARNING - No data extracted from odds.json
2025-08-28 17:56:52,603 - src.extract_pipeline - INFO - Checking Spain/La Liga/2021...
2025-08-28 17:56:52,652 - src.extract_pipeline - INFO - Processing Spain\La Liga\2021/odds.json...
2025-08-28 17:56:52,773 - src.extract_pipeline - WARNING - No data extracted from odds.json
2025-08-28 17:56:52,911 - src.extract_pipeline - INFO - Checking Spain/La Liga/2022...
2025-08-28 17:56:52,960 - src.extract_pipeline - INFO - Processing Spain\La Liga\2022/odds.json...
2025-08-28 17:56:53,100 - src.extract_pipeline - WARNING - No data extracted from odds.json
2025-08-28 17:56:53,238 - src.extract_pipeline - INFO - Checking Spain/La Liga/2023...
2025-08-28 17:56:53,444 - src.extract_pipeline - INFO - Checking Spain/La Liga/2024...
2025-08-28 17:56:53,644 - src.extract_pipeline - INFO - Checking Spain/La Liga/2025...
2025-08-28 17:56:53,659 - src.extract_pipeline - INFO - Processing Spain\La Liga\2025/fixture_events.json...
2025-08-28 17:56:53,665 - src.extract_pipeline - INFO - Saved fixture_events.csv
2025-08-28 17:56:53,680 - src.extract_pipeline - INFO - Processing Spain\La Liga\2025/injuries.json...
2025-08-28 17:56:53,699 - src.extract_pipeline - INFO - Saved injuries.csv
2025-08-28 17:56:53,711 - src.extract_pipeline - INFO - Processing Spain\La Liga\2025/lineups.json...
2025-08-28 17:56:53,746 - src.extract_pipeline - INFO - Saved lineups.csv
2025-08-28 17:56:53,769 - src.extract_pipeline - INFO - Processing Spain\La Liga\2025/odds.json...
2025-08-28 17:56:53,820 - src.extract_pipeline - INFO - Saved odds.csv
2025-08-28 17:56:53,836 - src.extract_pipeline - INFO - Processing Spain\La Liga\2025/player_statistics.json...
2025-08-28 17:56:53,924 - src.extract_pipeline - INFO - Saved player_statistics.csv
2025-08-28 17:56:53,937 - src.extract_pipeline - INFO - Processing Spain\La Liga\2025/team_statistics.json...
2025-08-28 17:56:53,961 - src.extract_pipeline - INFO - Saved team_statistics.csv
2025-08-28 17:56:53,962 - src.extract_pipeline - INFO - Checking Spain/Segunda Division/2021...
2025-08-28 17:56:53,979 - src.extract_pipeline - INFO - Processing Spain\Segunda Division\2021/fixture_events.json...
2025-08-28 17:56:54,009 - src.extract_pipeline - INFO - Saved fixture_events.csv
2025-08-28 17:56:54,020 - src.extract_pipeline - INFO - Processing Spain\Segunda Division\2021/injuries.json...
2025-08-28 17:56:54,139 - src.extract_pipeline - WARNING - No data extracted from injuries.json
2025-08-28 17:56:54,169 - src.extract_pipeline - INFO - Processing Spain\Segunda Division\2021/lineups.json...
2025-08-28 17:56:55,030 - src.extract_pipeline - INFO - Saved lineups.csv
2025-08-28 17:56:55,166 - src.extract_pipeline - INFO - Processing Spain\Segunda Division\2021/player_statistics.json...
2025-08-28 17:56:57,210 - src.extract_pipeline - INFO - Saved player_statistics.csv
2025-08-28 17:56:57,222 - src.extract_pipeline - INFO - Processing Spain\Segunda Division\2021/team_standings.json...
2025-08-28 17:56:57,266 - src.extract_pipeline - INFO - Saved team_standings.csv
2025-08-28 17:56:57,283 - src.extract_pipeline - INFO - Processing Spain\Segunda Division\2021/team_statistics.json...
2025-08-28 17:56:57,751 - src.extract_pipeline - INFO - Saved team_statistics.csv
2025-08-28 17:56:57,755 - src.extract_pipeline - INFO - Checking Spain/Segunda Division/2022...
2025-08-28 17:56:57,771 - src.extract_pipeline - INFO - Processing Spain\Segunda Division\2022/fixture_events.json...
2025-08-28 17:56:57,803 - src.extract_pipeline - INFO - Saved fixture_events.csv
2025-08-28 17:56:57,814 - src.extract_pipeline - INFO - Processing Spain\Segunda Division\2022/injuries.json...
2025-08-28 17:56:57,933 - src.extract_pipeline - WARNING - No data extracted from injuries.json
2025-08-28 17:56:57,960 - src.extract_pipeline - INFO - Processing Spain\Segunda Division\2022/lineups.json...
2025-08-28 17:56:58,777 - src.extract_pipeline - INFO - Saved lineups.csv
2025-08-28 17:56:58,902 - src.extract_pipeline - INFO - Processing Spain\Segunda Division\2022/player_statistics.json...
2025-08-28 17:57:01,078 - src.extract_pipeline - INFO - Saved player_statistics.csv
2025-08-28 17:57:01,089 - src.extract_pipeline - INFO - Processing Spain\Segunda Division\2022/team_standings.json...
2025-08-28 17:57:01,132 - src.extract_pipeline - INFO - Saved team_standings.csv
2025-08-28 17:57:01,149 - src.extract_pipeline - INFO - Processing Spain\Segunda Division\2022/team_statistics.json...
2025-08-28 17:57:01,614 - src.extract_pipeline - INFO - Saved team_statistics.csv
2025-08-28 17:57:01,617 - src.extract_pipeline - INFO - Checking Spain/Segunda Division/2023...
2025-08-28 17:57:01,633 - src.extract_pipeline - INFO - Processing Spain\Segunda Division\2023/fixture_events.json...
2025-08-28 17:57:01,664 - src.extract_pipeline - INFO - Saved fixture_events.csv
2025-08-28 17:57:01,677 - src.extract_pipeline - INFO - Processing Spain\Segunda Division\2023/injuries.json...
2025-08-28 17:57:01,793 - src.extract_pipeline - WARNING - No data extracted from injuries.json
2025-08-28 17:57:01,818 - src.extract_pipeline - INFO - Processing Spain\Segunda Division\2023/lineups.json...
2025-08-28 17:57:02,627 - src.extract_pipeline - INFO - Saved lineups.csv
2025-08-28 17:57:02,753 - src.extract_pipeline - INFO - Processing Spain\Segunda Division\2023/player_statistics.json...
2025-08-28 17:57:04,962 - src.extract_pipeline - INFO - Saved player_statistics.csv
2025-08-28 17:57:04,973 - src.extract_pipeline - INFO - Processing Spain\Segunda Division\2023/team_standings.json...
2025-08-28 17:57:05,014 - src.extract_pipeline - INFO - Saved team_standings.csv
2025-08-28 17:57:05,030 - src.extract_pipeline - INFO - Processing Spain\Segunda Division\2023/team_statistics.json...
2025-08-28 17:57:05,519 - src.extract_pipeline - INFO - Saved team_statistics.csv
2025-08-28 17:57:05,523 - src.extract_pipeline - INFO - Checking Spain/Segunda Division/2024...
2025-08-28 17:57:05,714 - src.extract_pipeline - INFO - Checking Spain/Segunda Division/2025...
2025-08-28 17:57:05,811 - src.extract_pipeline - INFO - 
Processing complete. 103 files were updated.
