2025-08-29 17:19:21,673 - src.extract_pipeline - INFO - Logging initialized. Log file: logs/extract\extract_20250829_171921.log
2025-08-29 17:19:21,676 - src.extract_pipeline - INFO - Checking England/Championship/2025...
2025-08-29 17:19:21,776 - src.extract_pipeline - INFO - Checking England/EFL Trophy/2021...
2025-08-29 17:19:21,807 - src.extract_pipeline - INFO - Checking England/EFL Trophy/2022...
2025-08-29 17:19:21,836 - src.extract_pipeline - INFO - Checking England/EFL Trophy/2023...
2025-08-29 17:19:21,863 - src.extract_pipeline - INFO - Checking England/EFL Trophy/2024...
2025-08-29 17:19:21,889 - src.extract_pipeline - INFO - Checking England/FA Cup/2021...
2025-08-29 17:19:21,907 - src.extract_pipeline - INFO - Checking England/FA Trophy/2023...
2025-08-29 17:19:21,934 - src.extract_pipeline - INFO - Processing England\FA Trophy\2023/odds.json...
2025-08-29 17:19:21,951 - src.extract_pipeline - WARNING - No data extracted from odds.json
2025-08-29 17:19:21,962 - src.extract_pipeline - INFO - Processing England\FA Trophy\2023/team_statistics.json...
2025-08-29 17:19:22,010 - src.extract_pipeline - WARNING - No data extracted from team_statistics.json
2025-08-29 17:19:22,011 - src.extract_pipeline - INFO - Checking England/FA Trophy/2024...
2025-08-29 17:19:22,013 - src.extract_pipeline - INFO - Checking England/Premier League/2018...
2025-08-29 17:19:22,044 - src.extract_pipeline - INFO - Processing England\Premier League\2018/injuries.json...
2025-08-29 17:19:22,146 - src.extract_pipeline - WARNING - No data extracted from injuries.json
2025-08-29 17:19:22,262 - src.extract_pipeline - INFO - Checking England/Premier League/2019...
2025-08-29 17:19:22,291 - src.extract_pipeline - INFO - Processing England\Premier League\2019/injuries.json...
2025-08-29 17:19:22,384 - src.extract_pipeline - WARNING - No data extracted from injuries.json
2025-08-29 17:19:22,484 - src.extract_pipeline - INFO - Checking England/Premier League/2020...
2025-08-29 17:19:22,655 - src.extract_pipeline - INFO - Checking England/Premier League/2021...
2025-08-29 17:19:22,830 - src.extract_pipeline - INFO - Checking England/Premier League/2022...
2025-08-29 17:19:23,013 - src.extract_pipeline - INFO - Checking England/Premier League/2023...
2025-08-29 17:19:23,201 - src.extract_pipeline - INFO - Checking England/Premier League/2024...
2025-08-29 17:19:23,382 - src.extract_pipeline - INFO - Checking England/Premier League/2025...
2025-08-29 17:19:23,394 - src.extract_pipeline - INFO - Processing England\Premier League\2025/fixture_events.json...
2025-08-29 17:19:23,408 - src.extract_pipeline - INFO - Saved fixture_events.csv
2025-08-29 17:19:23,478 - src.extract_pipeline - INFO - Checking Europe/Champions League/2018...
2025-08-29 17:19:23,500 - src.extract_pipeline - INFO - Processing Europe\Champions League\2018/injuries.json...
2025-08-29 17:19:23,538 - src.extract_pipeline - WARNING - No data extracted from injuries.json
2025-08-29 17:19:23,605 - src.extract_pipeline - INFO - Checking Europe/Champions League/2019...
2025-08-29 17:19:23,625 - src.extract_pipeline - INFO - Processing Europe\Champions League\2019/injuries.json...
2025-08-29 17:19:23,661 - src.extract_pipeline - WARNING - No data extracted from injuries.json
2025-08-29 17:19:23,725 - src.extract_pipeline - INFO - Checking Europe/Champions League/2020...
2025-08-29 17:19:23,838 - src.extract_pipeline - INFO - Checking Europe/Champions League/2021...
2025-08-29 17:19:23,950 - src.extract_pipeline - INFO - Checking Europe/Champions League/2022...
2025-08-29 17:19:24,058 - src.extract_pipeline - INFO - Checking Europe/Champions League/2023...
2025-08-29 17:19:24,178 - src.extract_pipeline - INFO - Checking Europe/Champions League/2024...
2025-08-29 17:19:24,314 - src.extract_pipeline - INFO - Checking Europe/Champions League/2025...
2025-08-29 17:19:24,388 - src.extract_pipeline - INFO - Processing Europe\Champions League\2025/team_standings.json...
2025-08-29 17:19:24,388 - src.extract_pipeline - WARNING - No standings data found in the response.
2025-08-29 17:19:24,389 - src.extract_pipeline - WARNING - No data extracted from team_standings.json
2025-08-29 17:19:24,400 - src.extract_pipeline - INFO - Checking Europe/Conference League/2021...
2025-08-29 17:19:24,422 - src.extract_pipeline - INFO - Processing Europe\Conference League\2021/injuries.json...
2025-08-29 17:19:24,520 - src.extract_pipeline - WARNING - No data extracted from injuries.json
2025-08-29 17:19:24,604 - src.extract_pipeline - INFO - Checking Europe/Conference League/2022...
2025-08-29 17:19:24,626 - src.extract_pipeline - INFO - Processing Europe\Conference League\2022/injuries.json...
2025-08-29 17:19:24,726 - src.extract_pipeline - WARNING - No data extracted from injuries.json
2025-08-29 17:19:24,831 - src.extract_pipeline - INFO - Checking Europe/Conference League/2023...
2025-08-29 17:19:24,854 - src.extract_pipeline - INFO - Processing Europe\Conference League\2023/injuries.json...
2025-08-29 17:19:24,975 - src.extract_pipeline - WARNING - No data extracted from injuries.json
2025-08-29 17:19:25,088 - src.extract_pipeline - INFO - Checking Europe/Conference League/2024...
2025-08-29 17:19:25,104 - src.extract_pipeline - INFO - Checking Europe/Conference League/2025...
2025-08-29 17:19:25,124 - src.extract_pipeline - INFO - Processing Europe\Conference League\2025/injuries.json...
2025-08-29 17:19:25,143 - src.extract_pipeline - WARNING - No data extracted from injuries.json
2025-08-29 17:19:25,198 - src.extract_pipeline - INFO - Processing Europe\Conference League\2025/team_standings.json...
2025-08-29 17:19:25,199 - src.extract_pipeline - WARNING - No standings data found in the response.
2025-08-29 17:19:25,199 - src.extract_pipeline - WARNING - No data extracted from team_standings.json
2025-08-29 17:19:25,211 - src.extract_pipeline - INFO - Checking Europe/Europa League/2018...
2025-08-29 17:19:25,235 - src.extract_pipeline - INFO - Processing Europe\Europa League\2018/injuries.json...
2025-08-29 17:19:25,320 - src.extract_pipeline - WARNING - No data extracted from injuries.json
2025-08-29 17:19:25,403 - src.extract_pipeline - INFO - Checking Europe/Europa League/2019...
2025-08-29 17:19:25,426 - src.extract_pipeline - INFO - Processing Europe\Europa League\2019/injuries.json...
2025-08-29 17:19:25,506 - src.extract_pipeline - WARNING - No data extracted from injuries.json
2025-08-29 17:19:25,579 - src.extract_pipeline - INFO - Checking Europe/Europa League/2020...
2025-08-29 17:19:25,698 - src.extract_pipeline - INFO - Checking Europe/Europa League/2021...
2025-08-29 17:19:25,803 - src.extract_pipeline - INFO - Checking Europe/Europa League/2022...
2025-08-29 17:19:25,919 - src.extract_pipeline - INFO - Checking Europe/Europa League/2023...
2025-08-29 17:19:26,048 - src.extract_pipeline - INFO - Checking Europe/Europa League/2024...
2025-08-29 17:19:26,173 - src.extract_pipeline - INFO - Checking Europe/Europa League/2025...
2025-08-29 17:19:26,225 - src.extract_pipeline - INFO - Processing Europe\Europa League\2025/player_statistics.json...
2025-08-29 17:19:26,231 - src.extract_pipeline - WARNING - No data extracted from player_statistics.json
2025-08-29 17:19:26,240 - src.extract_pipeline - INFO - Processing Europe\Europa League\2025/team_standings.json...
2025-08-29 17:19:26,240 - src.extract_pipeline - WARNING - No standings data found in the response.
2025-08-29 17:19:26,240 - src.extract_pipeline - WARNING - No data extracted from team_standings.json
2025-08-29 17:19:26,253 - src.extract_pipeline - INFO - Checking France/Coupe de France/2021...
2025-08-29 17:19:26,281 - src.extract_pipeline - INFO - Checking France/Coupe de France/2022...
2025-08-29 17:19:26,311 - src.extract_pipeline - INFO - Checking France/Coupe de France/2023...
2025-08-29 17:19:26,340 - src.extract_pipeline - INFO - Checking France/Coupe de France/2024...
2025-08-29 17:19:26,372 - src.extract_pipeline - INFO - Checking France/Ligue 1/2018...
2025-08-29 17:19:26,399 - src.extract_pipeline - INFO - Processing France\Ligue 1\2018/injuries.json...
2025-08-29 17:19:26,538 - src.extract_pipeline - WARNING - No data extracted from injuries.json
2025-08-29 17:19:26,661 - src.extract_pipeline - INFO - Checking France/Ligue 1/2019...
2025-08-29 17:19:26,684 - src.extract_pipeline - INFO - Processing France\Ligue 1\2019/injuries.json...
2025-08-29 17:19:26,774 - src.extract_pipeline - WARNING - No data extracted from injuries.json
2025-08-29 17:19:27,002 - src.extract_pipeline - INFO - Checking France/Ligue 1/2020...
2025-08-29 17:19:27,193 - src.extract_pipeline - INFO - Checking France/Ligue 1/2021...
2025-08-29 17:19:27,389 - src.extract_pipeline - INFO - Checking France/Ligue 1/2022...
2025-08-29 17:19:27,575 - src.extract_pipeline - INFO - Checking France/Ligue 1/2023...
2025-08-29 17:19:27,730 - src.extract_pipeline - INFO - Checking France/Ligue 1/2024...
2025-08-29 17:19:27,889 - src.extract_pipeline - INFO - Checking France/Ligue 1/2025...
2025-08-29 17:19:27,902 - src.extract_pipeline - INFO - Processing France\Ligue 1\2025/fixture_events.json...
2025-08-29 17:19:27,908 - src.extract_pipeline - INFO - Saved fixture_events.csv
2025-08-29 17:19:27,982 - src.extract_pipeline - INFO - Checking France/Ligue 2/2025...
2025-08-29 17:19:28,074 - src.extract_pipeline - INFO - Checking Germany/2. Bundesliga/2025...
2025-08-29 17:19:28,120 - src.extract_pipeline - INFO - Processing Germany\2. Bundesliga\2025/odds.json...
2025-08-29 17:19:28,127 - src.extract_pipeline - WARNING - No data extracted from odds.json
2025-08-29 17:19:28,166 - src.extract_pipeline - INFO - Checking Germany/Bundesliga/2018...
2025-08-29 17:19:28,190 - src.extract_pipeline - INFO - Processing Germany\Bundesliga\2018/injuries.json...
2025-08-29 17:19:28,275 - src.extract_pipeline - WARNING - No data extracted from injuries.json
2025-08-29 17:19:28,380 - src.extract_pipeline - INFO - Checking Germany/Bundesliga/2019...
2025-08-29 17:19:28,405 - src.extract_pipeline - INFO - Processing Germany\Bundesliga\2019/injuries.json...
2025-08-29 17:19:28,468 - src.extract_pipeline - WARNING - No data extracted from injuries.json
2025-08-29 17:19:28,567 - src.extract_pipeline - INFO - Checking Germany/Bundesliga/2020...
2025-08-29 17:19:28,718 - src.extract_pipeline - INFO - Checking Germany/Bundesliga/2021...
2025-08-29 17:19:28,883 - src.extract_pipeline - INFO - Checking Germany/Bundesliga/2022...
2025-08-29 17:19:29,048 - src.extract_pipeline - INFO - Checking Germany/Bundesliga/2023...
2025-08-29 17:19:29,212 - src.extract_pipeline - INFO - Checking Germany/Bundesliga/2024...
2025-08-29 17:19:29,374 - src.extract_pipeline - INFO - Checking Germany/Bundesliga/2025...
2025-08-29 17:19:29,388 - src.extract_pipeline - INFO - Processing Germany\Bundesliga\2025/fixture_events.json...
2025-08-29 17:19:29,395 - src.extract_pipeline - INFO - Saved fixture_events.csv
2025-08-29 17:19:29,472 - src.extract_pipeline - INFO - Checking Germany/DFB Pokal/2021...
2025-08-29 17:19:29,498 - src.extract_pipeline - INFO - Checking Germany/DFB Pokal/2022...
2025-08-29 17:19:29,523 - src.extract_pipeline - INFO - Checking Germany/DFB Pokal/2023...
2025-08-29 17:19:29,552 - src.extract_pipeline - INFO - Checking Germany/DFB Pokal/2024...
2025-08-29 17:19:29,580 - src.extract_pipeline - INFO - Checking Italy/Coppa Italia/2020...
2025-08-29 17:19:29,604 - src.extract_pipeline - INFO - Processing Italy\Coppa Italia\2020/injuries.json...
2025-08-29 17:19:29,624 - src.extract_pipeline - WARNING - No data extracted from injuries.json
2025-08-29 17:19:29,668 - src.extract_pipeline - INFO - Processing Italy\Coppa Italia\2020/team_standings.json...
2025-08-29 17:19:29,668 - src.extract_pipeline - WARNING - No standings data found in the response.
2025-08-29 17:19:29,669 - src.extract_pipeline - WARNING - No data extracted from team_standings.json
2025-08-29 17:19:29,682 - src.extract_pipeline - INFO - Checking Italy/Coppa Italia/2021...
2025-08-29 17:19:29,707 - src.extract_pipeline - INFO - Processing Italy\Coppa Italia\2021/injuries.json...
2025-08-29 17:19:29,718 - src.extract_pipeline - WARNING - No data extracted from injuries.json
2025-08-29 17:19:29,761 - src.extract_pipeline - INFO - Processing Italy\Coppa Italia\2021/team_standings.json...
2025-08-29 17:19:29,762 - src.extract_pipeline - WARNING - No standings data found in the response.
2025-08-29 17:19:29,762 - src.extract_pipeline - WARNING - No data extracted from team_standings.json
2025-08-29 17:19:29,775 - src.extract_pipeline - INFO - Checking Italy/Coppa Italia/2022...
2025-08-29 17:19:29,799 - src.extract_pipeline - INFO - Processing Italy\Coppa Italia\2022/injuries.json...
2025-08-29 17:19:29,809 - src.extract_pipeline - WARNING - No data extracted from injuries.json
2025-08-29 17:19:29,851 - src.extract_pipeline - INFO - Processing Italy\Coppa Italia\2022/team_standings.json...
2025-08-29 17:19:29,851 - src.extract_pipeline - WARNING - No standings data found in the response.
2025-08-29 17:19:29,852 - src.extract_pipeline - WARNING - No data extracted from team_standings.json
2025-08-29 17:19:29,865 - src.extract_pipeline - INFO - Checking Italy/Coppa Italia/2023...
2025-08-29 17:19:29,888 - src.extract_pipeline - INFO - Processing Italy\Coppa Italia\2023/injuries.json...
2025-08-29 17:19:29,899 - src.extract_pipeline - WARNING - No data extracted from injuries.json
2025-08-29 17:19:29,938 - src.extract_pipeline - INFO - Processing Italy\Coppa Italia\2023/team_standings.json...
2025-08-29 17:19:29,938 - src.extract_pipeline - WARNING - No standings data found in the response.
2025-08-29 17:19:29,939 - src.extract_pipeline - WARNING - No data extracted from team_standings.json
2025-08-29 17:19:29,952 - src.extract_pipeline - INFO - Checking Italy/Coppa Italia/2024...
2025-08-29 17:19:29,975 - src.extract_pipeline - INFO - Processing Italy\Coppa Italia\2024/injuries.json...
2025-08-29 17:19:29,988 - src.extract_pipeline - WARNING - No data extracted from injuries.json
2025-08-29 17:19:30,029 - src.extract_pipeline - INFO - Processing Italy\Coppa Italia\2024/team_standings.json...
2025-08-29 17:19:30,029 - src.extract_pipeline - WARNING - No standings data found in the response.
2025-08-29 17:19:30,029 - src.extract_pipeline - WARNING - No data extracted from team_standings.json
2025-08-29 17:19:30,042 - src.extract_pipeline - INFO - Checking Italy/Serie A/2016...
2025-08-29 17:19:30,055 - src.extract_pipeline - INFO - Processing Italy\Serie A\2016/fixture_events.json...
2025-08-29 17:19:30,086 - src.extract_pipeline - INFO - Saved fixture_events.csv
2025-08-29 17:19:30,098 - src.extract_pipeline - INFO - Processing Italy\Serie A\2016/injuries.json...
2025-08-29 17:19:30,190 - src.extract_pipeline - WARNING - No data extracted from injuries.json
2025-08-29 17:19:30,209 - src.extract_pipeline - INFO - Processing Italy\Serie A\2016/lineups.json...
2025-08-29 17:19:30,878 - src.extract_pipeline - INFO - Saved lineups.csv
2025-08-29 17:19:30,929 - src.extract_pipeline - INFO - Processing Italy\Serie A\2016/player_statistics.json...
2025-08-29 17:19:32,054 - src.extract_pipeline - INFO - Saved player_statistics.csv
2025-08-29 17:19:32,065 - src.extract_pipeline - INFO - Processing Italy\Serie A\2016/team_standings.json...
2025-08-29 17:19:32,096 - src.extract_pipeline - INFO - Saved team_standings.csv
2025-08-29 17:19:32,109 - src.extract_pipeline - INFO - Processing Italy\Serie A\2016/team_statistics.json...
2025-08-29 17:19:32,501 - src.extract_pipeline - INFO - Saved team_statistics.csv
2025-08-29 17:19:32,504 - src.extract_pipeline - INFO - Checking Italy/Serie A/2017...
2025-08-29 17:19:32,519 - src.extract_pipeline - INFO - Processing Italy\Serie A\2017/fixture_events.json...
2025-08-29 17:19:32,544 - src.extract_pipeline - INFO - Saved fixture_events.csv
2025-08-29 17:19:32,554 - src.extract_pipeline - INFO - Processing Italy\Serie A\2017/injuries.json...
2025-08-29 17:19:32,646 - src.extract_pipeline - WARNING - No data extracted from injuries.json
2025-08-29 17:19:32,665 - src.extract_pipeline - INFO - Processing Italy\Serie A\2017/lineups.json...
2025-08-29 17:19:33,289 - src.extract_pipeline - INFO - Saved lineups.csv
2025-08-29 17:19:33,338 - src.extract_pipeline - INFO - Processing Italy\Serie A\2017/player_statistics.json...
2025-08-29 17:19:34,540 - src.extract_pipeline - INFO - Saved player_statistics.csv
2025-08-29 17:19:34,552 - src.extract_pipeline - INFO - Processing Italy\Serie A\2017/team_standings.json...
2025-08-29 17:19:34,576 - src.extract_pipeline - INFO - Saved team_standings.csv
2025-08-29 17:19:34,589 - src.extract_pipeline - INFO - Processing Italy\Serie A\2017/team_statistics.json...
2025-08-29 17:19:34,962 - src.extract_pipeline - INFO - Saved team_statistics.csv
2025-08-29 17:19:34,965 - src.extract_pipeline - INFO - Checking Italy/Serie A/2018...
2025-08-29 17:19:34,993 - src.extract_pipeline - INFO - Processing Italy\Serie A\2018/injuries.json...
2025-08-29 17:19:35,084 - src.extract_pipeline - WARNING - No data extracted from injuries.json
2025-08-29 17:19:35,195 - src.extract_pipeline - INFO - Checking Italy/Serie A/2019...
2025-08-29 17:19:35,219 - src.extract_pipeline - INFO - Processing Italy\Serie A\2019/injuries.json...
2025-08-29 17:19:35,280 - src.extract_pipeline - WARNING - No data extracted from injuries.json
2025-08-29 17:19:35,365 - src.extract_pipeline - INFO - Checking Italy/Serie A/2020...
2025-08-29 17:19:35,538 - src.extract_pipeline - INFO - Checking Italy/Serie A/2021...
2025-08-29 17:19:35,727 - src.extract_pipeline - INFO - Checking Italy/Serie A/2022...
2025-08-29 17:19:35,910 - src.extract_pipeline - INFO - Checking Italy/Serie A/2023...
2025-08-29 17:19:36,114 - src.extract_pipeline - INFO - Checking Italy/Serie A/2024...
2025-08-29 17:19:36,314 - src.extract_pipeline - INFO - Checking Italy/Serie A/2025...
2025-08-29 17:19:36,326 - src.extract_pipeline - INFO - Processing Italy\Serie A\2025/fixture_events.json...
2025-08-29 17:19:36,332 - src.extract_pipeline - INFO - Saved fixture_events.csv
2025-08-29 17:19:36,406 - src.extract_pipeline - INFO - Checking Italy/Serie B/2019...
2025-08-29 17:19:36,420 - src.extract_pipeline - INFO - Processing Italy\Serie B\2019/fixture_events.json...
2025-08-29 17:19:36,439 - src.extract_pipeline - INFO - Saved fixture_events.csv
2025-08-29 17:19:36,449 - src.extract_pipeline - INFO - Processing Italy\Serie B\2019/injuries.json...
2025-08-29 17:19:36,517 - src.extract_pipeline - WARNING - No data extracted from injuries.json
2025-08-29 17:19:36,532 - src.extract_pipeline - INFO - Processing Italy\Serie B\2019/lineups.json...
2025-08-29 17:19:37,000 - src.extract_pipeline - INFO - Saved lineups.csv
2025-08-29 17:19:37,042 - src.extract_pipeline - INFO - Processing Italy\Serie B\2019/player_statistics.json...
2025-08-29 17:19:37,980 - src.extract_pipeline - INFO - Saved player_statistics.csv
2025-08-29 17:19:37,992 - src.extract_pipeline - INFO - Processing Italy\Serie B\2019/team_standings.json...
2025-08-29 17:19:38,011 - src.extract_pipeline - INFO - Saved team_standings.csv
2025-08-29 17:19:38,024 - src.extract_pipeline - INFO - Processing Italy\Serie B\2019/team_statistics.json...
2025-08-29 17:19:38,278 - src.extract_pipeline - INFO - Saved team_statistics.csv
2025-08-29 17:19:38,280 - src.extract_pipeline - INFO - Checking Italy/Serie B/2020...
2025-08-29 17:19:38,297 - src.extract_pipeline - INFO - Processing Italy\Serie B\2020/fixture_events.json...
2025-08-29 17:19:38,322 - src.extract_pipeline - INFO - Saved fixture_events.csv
2025-08-29 17:19:38,332 - src.extract_pipeline - INFO - Processing Italy\Serie B\2020/injuries.json...
2025-08-29 17:19:38,434 - src.extract_pipeline - WARNING - No data extracted from injuries.json
2025-08-29 17:19:38,455 - src.extract_pipeline - INFO - Processing Italy\Serie B\2020/lineups.json...
2025-08-29 17:19:39,147 - src.extract_pipeline - INFO - Saved lineups.csv
2025-08-29 17:19:39,221 - src.extract_pipeline - INFO - Processing Italy\Serie B\2020/player_statistics.json...
2025-08-29 17:19:41,016 - src.extract_pipeline - INFO - Saved player_statistics.csv
2025-08-29 17:19:41,030 - src.extract_pipeline - INFO - Processing Italy\Serie B\2020/team_standings.json...
2025-08-29 17:19:41,077 - src.extract_pipeline - INFO - Saved team_standings.csv
2025-08-29 17:19:41,093 - src.extract_pipeline - INFO - Processing Italy\Serie B\2020/team_statistics.json...
2025-08-29 17:19:41,443 - src.extract_pipeline - INFO - Saved team_statistics.csv
2025-08-29 17:19:41,446 - src.extract_pipeline - INFO - Checking Italy/Serie B/2021...
2025-08-29 17:19:41,474 - src.extract_pipeline - INFO - Processing Italy\Serie B\2021/injuries.json...
2025-08-29 17:19:41,574 - src.extract_pipeline - WARNING - No data extracted from injuries.json
2025-08-29 17:19:41,742 - src.extract_pipeline - INFO - Checking Italy/Serie B/2022...
2025-08-29 17:19:41,768 - src.extract_pipeline - INFO - Processing Italy\Serie B\2022/injuries.json...
2025-08-29 17:19:41,865 - src.extract_pipeline - WARNING - No data extracted from injuries.json
2025-08-29 17:19:42,026 - src.extract_pipeline - INFO - Checking Italy/Serie B/2023...
2025-08-29 17:19:42,054 - src.extract_pipeline - INFO - Processing Italy\Serie B\2023/injuries.json...
2025-08-29 17:19:42,151 - src.extract_pipeline - WARNING - No data extracted from injuries.json
2025-08-29 17:19:42,318 - src.extract_pipeline - INFO - Checking Italy/Serie B/2024...
2025-08-29 17:19:42,345 - src.extract_pipeline - INFO - Processing Italy\Serie B\2024/injuries.json...
2025-08-29 17:19:42,440 - src.extract_pipeline - WARNING - No data extracted from injuries.json
2025-08-29 17:19:42,616 - src.extract_pipeline - INFO - Checking Italy/Serie B/2025...
2025-08-29 17:19:42,617 - src.extract_pipeline - INFO - Checking Spain/La Liga/2020...
2025-08-29 17:19:42,666 - src.extract_pipeline - INFO - Processing Spain\La Liga\2020/odds.json...
2025-08-29 17:19:42,819 - src.extract_pipeline - WARNING - No data extracted from odds.json
2025-08-29 17:19:42,961 - src.extract_pipeline - INFO - Checking Spain/La Liga/2021...
2025-08-29 17:19:43,005 - src.extract_pipeline - INFO - Processing Spain\La Liga\2021/odds.json...
2025-08-29 17:19:43,123 - src.extract_pipeline - WARNING - No data extracted from odds.json
2025-08-29 17:19:43,267 - src.extract_pipeline - INFO - Checking Spain/La Liga/2022...
2025-08-29 17:19:43,313 - src.extract_pipeline - INFO - Processing Spain\La Liga\2022/odds.json...
2025-08-29 17:19:43,424 - src.extract_pipeline - WARNING - No data extracted from odds.json
2025-08-29 17:19:43,561 - src.extract_pipeline - INFO - Checking Spain/La Liga/2023...
2025-08-29 17:19:43,766 - src.extract_pipeline - INFO - Checking Spain/La Liga/2024...
2025-08-29 17:19:43,965 - src.extract_pipeline - INFO - Checking Spain/La Liga/2025...
2025-08-29 17:19:43,978 - src.extract_pipeline - INFO - Processing Spain\La Liga\2025/fixture_events.json...
2025-08-29 17:19:43,984 - src.extract_pipeline - INFO - Saved fixture_events.csv
2025-08-29 17:19:44,305 - src.extract_pipeline - INFO - Checking Spain/Segunda Division/2021...
2025-08-29 17:19:44,330 - src.extract_pipeline - INFO - Processing Spain\Segunda Division\2021/injuries.json...
2025-08-29 17:19:44,454 - src.extract_pipeline - WARNING - No data extracted from injuries.json
2025-08-29 17:19:44,641 - src.extract_pipeline - INFO - Checking Spain/Segunda Division/2022...
2025-08-29 17:19:44,666 - src.extract_pipeline - INFO - Processing Spain\Segunda Division\2022/injuries.json...
2025-08-29 17:19:44,779 - src.extract_pipeline - WARNING - No data extracted from injuries.json
2025-08-29 17:19:44,964 - src.extract_pipeline - INFO - Checking Spain/Segunda Division/2023...
2025-08-29 17:19:44,989 - src.extract_pipeline - INFO - Processing Spain\Segunda Division\2023/injuries.json...
2025-08-29 17:19:45,101 - src.extract_pipeline - WARNING - No data extracted from injuries.json
2025-08-29 17:19:45,287 - src.extract_pipeline - INFO - Checking Spain/Segunda Division/2024...
2025-08-29 17:19:45,483 - src.extract_pipeline - INFO - Checking Spain/Segunda Division/2025...
2025-08-29 17:19:45,576 - src.extract_pipeline - INFO - 
Processing complete. 25 files were updated.
